[2022-04-13 21:42:59,974] {taskinstance.py:1032} INFO - Dependencies all met for <TaskInstance: LocalIngestionDAG.wget scheduled__2021-11-02T06:00:10+00:00 [queued]>
[2022-04-13 21:43:00,004] {taskinstance.py:1032} INFO - Dependencies all met for <TaskInstance: LocalIngestionDAG.wget scheduled__2021-11-02T06:00:10+00:00 [queued]>
[2022-04-13 21:43:00,008] {taskinstance.py:1238} INFO - 
--------------------------------------------------------------------------------
[2022-04-13 21:43:00,012] {taskinstance.py:1239} INFO - Starting attempt 1 of 1
[2022-04-13 21:43:00,013] {taskinstance.py:1240} INFO - 
--------------------------------------------------------------------------------
[2022-04-13 21:43:00,092] {taskinstance.py:1259} INFO - Executing <Task(BashOperator): wget> on 2021-11-02 06:00:10+00:00
[2022-04-13 21:43:00,150] {standard_task_runner.py:52} INFO - Started process 6181 to run task
[2022-04-13 21:43:00,166] {standard_task_runner.py:76} INFO - Running: ['***', 'tasks', 'run', 'LocalIngestionDAG', 'wget', 'scheduled__2021-11-02T06:00:10+00:00', '--job-id', '1322', '--raw', '--subdir', 'DAGS_FOLDER/data_ingestion_local.py', '--cfg-path', '/tmp/tmpo31y5ykg', '--error-file', '/tmp/tmp6bsr1ltf']
[2022-04-13 21:43:00,172] {standard_task_runner.py:77} INFO - Job 1322: Subtask wget
[2022-04-13 21:43:00,455] {logging_mixin.py:109} INFO - Running <TaskInstance: LocalIngestionDAG.wget scheduled__2021-11-02T06:00:10+00:00 [running]> on host 13db72185839
[2022-04-13 21:43:00,643] {taskinstance.py:1426} INFO - Exporting the following env vars:
AIRFLOW_CTX_DAG_OWNER=***
AIRFLOW_CTX_DAG_ID=LocalIngestionDAG
AIRFLOW_CTX_TASK_ID=wget
AIRFLOW_CTX_EXECUTION_DATE=2021-11-02T06:00:10+00:00
AIRFLOW_CTX_DAG_RUN_ID=scheduled__2021-11-02T06:00:10+00:00
[2022-04-13 21:43:00,646] {subprocess.py:62} INFO - Tmp dir root location: 
 /tmp
[2022-04-13 21:43:00,647] {subprocess.py:74} INFO - Running command: ['bash', '-c', 'curl -sSL https://s3.amazonaws.com/nyc-tlc/trip+data/yellow_tripdata_2021-01.csv > /opt/***/output.csv']
[2022-04-13 21:43:00,664] {subprocess.py:85} INFO - Output:
[2022-04-13 21:55:41,397] {subprocess.py:93} INFO - Command exited with return code 0
[2022-04-13 21:55:41,710] {taskinstance.py:1277} INFO - Marking task as SUCCESS. dag_id=LocalIngestionDAG, task_id=wget, execution_date=20211102T060010, start_date=20220413T214259, end_date=20220413T215541
[2022-04-13 21:55:41,785] {local_task_job.py:154} INFO - Task exited with return code 0
[2022-04-13 21:55:41,849] {local_task_job.py:264} INFO - 1 downstream tasks scheduled from follow-on schedule check
