[2022-04-13 22:36:05,408] {taskinstance.py:1032} INFO - Dependencies all met for <TaskInstance: LocalIngestionDAG.ingest scheduled__2022-04-02T06:00:22+00:00 [queued]>
[2022-04-13 22:36:05,486] {taskinstance.py:1032} INFO - Dependencies all met for <TaskInstance: LocalIngestionDAG.ingest scheduled__2022-04-02T06:00:22+00:00 [queued]>
[2022-04-13 22:36:05,496] {taskinstance.py:1238} INFO - 
--------------------------------------------------------------------------------
[2022-04-13 22:36:05,508] {taskinstance.py:1239} INFO - Starting attempt 1 of 1
[2022-04-13 22:36:05,511] {taskinstance.py:1240} INFO - 
--------------------------------------------------------------------------------
[2022-04-13 22:36:05,587] {taskinstance.py:1259} INFO - Executing <Task(BashOperator): ingest> on 2022-04-02 06:00:22+00:00
[2022-04-13 22:36:05,604] {standard_task_runner.py:52} INFO - Started process 11280 to run task
[2022-04-13 22:36:05,676] {standard_task_runner.py:76} INFO - Running: ['***', 'tasks', 'run', 'LocalIngestionDAG', 'ingest', 'scheduled__2022-04-02T06:00:22+00:00', '--job-id', '1944', '--raw', '--subdir', 'DAGS_FOLDER/data_ingestion_local.py', '--cfg-path', '/tmp/tmpb63_62u7', '--error-file', '/tmp/tmp7_51eem2']
[2022-04-13 22:36:05,686] {standard_task_runner.py:77} INFO - Job 1944: Subtask ingest
[2022-04-13 22:36:06,114] {logging_mixin.py:109} INFO - Running <TaskInstance: LocalIngestionDAG.ingest scheduled__2022-04-02T06:00:22+00:00 [running]> on host 13db72185839
[2022-04-13 22:36:06,407] {taskinstance.py:1426} INFO - Exporting the following env vars:
AIRFLOW_CTX_DAG_OWNER=***
AIRFLOW_CTX_DAG_ID=LocalIngestionDAG
AIRFLOW_CTX_TASK_ID=ingest
AIRFLOW_CTX_EXECUTION_DATE=2022-04-02T06:00:22+00:00
AIRFLOW_CTX_DAG_RUN_ID=scheduled__2022-04-02T06:00:22+00:00
[2022-04-13 22:36:06,410] {subprocess.py:62} INFO - Tmp dir root location: 
 /tmp
[2022-04-13 22:36:06,412] {subprocess.py:74} INFO - Running command: ['bash', '-c', 'ls /opt/***']
[2022-04-13 22:36:06,443] {subprocess.py:85} INFO - Output:
[2022-04-13 22:36:06,469] {subprocess.py:89} INFO - ***.cfg
[2022-04-13 22:36:06,470] {subprocess.py:89} INFO - dags
[2022-04-13 22:36:06,474] {subprocess.py:89} INFO - logs
[2022-04-13 22:36:06,478] {subprocess.py:89} INFO - output.csv
[2022-04-13 22:36:06,481] {subprocess.py:89} INFO - output_2022-03.csv
[2022-04-13 22:36:06,483] {subprocess.py:89} INFO - output_2022-04.csv
[2022-04-13 22:36:06,484] {subprocess.py:89} INFO - plugins
[2022-04-13 22:36:06,485] {subprocess.py:89} INFO - requirements.txt
[2022-04-13 22:36:06,489] {subprocess.py:89} INFO - scripts
[2022-04-13 22:36:06,498] {subprocess.py:89} INFO - webserver_config.py
[2022-04-13 22:36:06,501] {subprocess.py:93} INFO - Command exited with return code 0
[2022-04-13 22:36:06,670] {taskinstance.py:1277} INFO - Marking task as SUCCESS. dag_id=LocalIngestionDAG, task_id=ingest, execution_date=20220402T060022, start_date=20220413T223605, end_date=20220413T223606
[2022-04-13 22:36:06,746] {local_task_job.py:154} INFO - Task exited with return code 0
[2022-04-13 22:36:06,896] {local_task_job.py:264} INFO - 0 downstream tasks scheduled from follow-on schedule check
