[2022-04-13 22:33:07,697] {taskinstance.py:1032} INFO - Dependencies all met for <TaskInstance: LocalIngestionDAG.ingest scheduled__2022-02-02T06:00:03+00:00 [queued]>
[2022-04-13 22:33:07,738] {taskinstance.py:1032} INFO - Dependencies all met for <TaskInstance: LocalIngestionDAG.ingest scheduled__2022-02-02T06:00:03+00:00 [queued]>
[2022-04-13 22:33:07,739] {taskinstance.py:1238} INFO - 
--------------------------------------------------------------------------------
[2022-04-13 22:33:07,740] {taskinstance.py:1239} INFO - Starting attempt 1 of 1
[2022-04-13 22:33:07,740] {taskinstance.py:1240} INFO - 
--------------------------------------------------------------------------------
[2022-04-13 22:33:07,788] {taskinstance.py:1259} INFO - Executing <Task(BashOperator): ingest> on 2022-02-02 06:00:03+00:00
[2022-04-13 22:33:07,800] {standard_task_runner.py:52} INFO - Started process 10016 to run task
[2022-04-13 22:33:07,811] {standard_task_runner.py:76} INFO - Running: ['***', 'tasks', 'run', 'LocalIngestionDAG', 'ingest', 'scheduled__2022-02-02T06:00:03+00:00', '--job-id', '1662', '--raw', '--subdir', 'DAGS_FOLDER/data_ingestion_local.py', '--cfg-path', '/tmp/tmpqelir0l1', '--error-file', '/tmp/tmp6ep8it8l']
[2022-04-13 22:33:07,820] {standard_task_runner.py:77} INFO - Job 1662: Subtask ingest
[2022-04-13 22:33:07,987] {logging_mixin.py:109} INFO - Running <TaskInstance: LocalIngestionDAG.ingest scheduled__2022-02-02T06:00:03+00:00 [running]> on host 13db72185839
[2022-04-13 22:33:08,224] {taskinstance.py:1426} INFO - Exporting the following env vars:
AIRFLOW_CTX_DAG_OWNER=***
AIRFLOW_CTX_DAG_ID=LocalIngestionDAG
AIRFLOW_CTX_TASK_ID=ingest
AIRFLOW_CTX_EXECUTION_DATE=2022-02-02T06:00:03+00:00
AIRFLOW_CTX_DAG_RUN_ID=scheduled__2022-02-02T06:00:03+00:00
[2022-04-13 22:33:08,242] {subprocess.py:62} INFO - Tmp dir root location: 
 /tmp
[2022-04-13 22:33:08,249] {subprocess.py:74} INFO - Running command: ['bash', '-c', 'ls /opt/***']
[2022-04-13 22:33:08,277] {subprocess.py:85} INFO - Output:
[2022-04-13 22:33:08,294] {subprocess.py:89} INFO - ***.cfg
[2022-04-13 22:33:08,297] {subprocess.py:89} INFO - dags
[2022-04-13 22:33:08,299] {subprocess.py:89} INFO - logs
[2022-04-13 22:33:08,304] {subprocess.py:89} INFO - output.csv
[2022-04-13 22:33:08,305] {subprocess.py:89} INFO - plugins
[2022-04-13 22:33:08,306] {subprocess.py:89} INFO - requirements.txt
[2022-04-13 22:33:08,307] {subprocess.py:89} INFO - scripts
[2022-04-13 22:33:08,310] {subprocess.py:89} INFO - webserver_config.py
[2022-04-13 22:33:08,312] {subprocess.py:93} INFO - Command exited with return code 0
[2022-04-13 22:33:08,378] {taskinstance.py:1277} INFO - Marking task as SUCCESS. dag_id=LocalIngestionDAG, task_id=ingest, execution_date=20220202T060003, start_date=20220413T223307, end_date=20220413T223308
[2022-04-13 22:33:08,486] {local_task_job.py:154} INFO - Task exited with return code 0
[2022-04-13 22:33:08,583] {local_task_job.py:264} INFO - 0 downstream tasks scheduled from follow-on schedule check
