[2022-04-13 21:21:16,275] {taskinstance.py:1032} INFO - Dependencies all met for <TaskInstance: LocalIngestionDAG.wget scheduled__2021-04-02T06:00:41+00:00 [queued]>
[2022-04-13 21:21:16,314] {taskinstance.py:1032} INFO - Dependencies all met for <TaskInstance: LocalIngestionDAG.wget scheduled__2021-04-02T06:00:41+00:00 [queued]>
[2022-04-13 21:21:16,315] {taskinstance.py:1238} INFO - 
--------------------------------------------------------------------------------
[2022-04-13 21:21:16,316] {taskinstance.py:1239} INFO - Starting attempt 1 of 1
[2022-04-13 21:21:16,316] {taskinstance.py:1240} INFO - 
--------------------------------------------------------------------------------
[2022-04-13 21:21:16,372] {taskinstance.py:1259} INFO - Executing <Task(BashOperator): wget> on 2021-04-02 06:00:41+00:00
[2022-04-13 21:21:16,377] {standard_task_runner.py:52} INFO - Started process 2690 to run task
[2022-04-13 21:21:16,394] {standard_task_runner.py:76} INFO - Running: ['***', 'tasks', 'run', 'LocalIngestionDAG', 'wget', 'scheduled__2021-04-02T06:00:41+00:00', '--job-id', '560', '--raw', '--subdir', 'DAGS_FOLDER/data_ingestion_local.py', '--cfg-path', '/tmp/tmpgh95ybm5', '--error-file', '/tmp/tmpho4mdfav']
[2022-04-13 21:21:16,397] {standard_task_runner.py:77} INFO - Job 560: Subtask wget
[2022-04-13 21:21:16,678] {logging_mixin.py:109} INFO - Running <TaskInstance: LocalIngestionDAG.wget scheduled__2021-04-02T06:00:41+00:00 [running]> on host 13db72185839
[2022-04-13 21:21:16,834] {taskinstance.py:1426} INFO - Exporting the following env vars:
AIRFLOW_CTX_DAG_OWNER=***
AIRFLOW_CTX_DAG_ID=LocalIngestionDAG
AIRFLOW_CTX_TASK_ID=wget
AIRFLOW_CTX_EXECUTION_DATE=2021-04-02T06:00:41+00:00
AIRFLOW_CTX_DAG_RUN_ID=scheduled__2021-04-02T06:00:41+00:00
[2022-04-13 21:21:16,836] {subprocess.py:62} INFO - Tmp dir root location: 
 /tmp
[2022-04-13 21:21:16,842] {subprocess.py:74} INFO - Running command: ['bash', '-c', 'echo "hello world"']
[2022-04-13 21:21:16,869] {subprocess.py:85} INFO - Output:
[2022-04-13 21:21:16,881] {subprocess.py:89} INFO - hello world
[2022-04-13 21:21:16,886] {subprocess.py:93} INFO - Command exited with return code 0
[2022-04-13 21:21:16,968] {taskinstance.py:1277} INFO - Marking task as SUCCESS. dag_id=LocalIngestionDAG, task_id=wget, execution_date=20210402T060041, start_date=20220413T212116, end_date=20220413T212116
[2022-04-13 21:21:17,099] {local_task_job.py:154} INFO - Task exited with return code 0
[2022-04-13 21:21:17,185] {local_task_job.py:264} INFO - 1 downstream tasks scheduled from follow-on schedule check
