[2022-04-13 21:21:08,694] {taskinstance.py:1032} INFO - Dependencies all met for <TaskInstance: LocalIngestionDAG.wget scheduled__2021-04-02T06:00:35+00:00 [queued]>
[2022-04-13 21:21:08,729] {taskinstance.py:1032} INFO - Dependencies all met for <TaskInstance: LocalIngestionDAG.wget scheduled__2021-04-02T06:00:35+00:00 [queued]>
[2022-04-13 21:21:08,736] {taskinstance.py:1238} INFO - 
--------------------------------------------------------------------------------
[2022-04-13 21:21:08,741] {taskinstance.py:1239} INFO - Starting attempt 1 of 1
[2022-04-13 21:21:08,746] {taskinstance.py:1240} INFO - 
--------------------------------------------------------------------------------
[2022-04-13 21:21:08,845] {taskinstance.py:1259} INFO - Executing <Task(BashOperator): wget> on 2021-04-02 06:00:35+00:00
[2022-04-13 21:21:08,861] {standard_task_runner.py:52} INFO - Started process 2638 to run task
[2022-04-13 21:21:08,875] {standard_task_runner.py:76} INFO - Running: ['***', 'tasks', 'run', 'LocalIngestionDAG', 'wget', 'scheduled__2021-04-02T06:00:35+00:00', '--job-id', '548', '--raw', '--subdir', 'DAGS_FOLDER/data_ingestion_local.py', '--cfg-path', '/tmp/tmpsmpo79z5', '--error-file', '/tmp/tmp2vjdhw_7']
[2022-04-13 21:21:08,937] {standard_task_runner.py:77} INFO - Job 548: Subtask wget
[2022-04-13 21:21:09,185] {logging_mixin.py:109} INFO - Running <TaskInstance: LocalIngestionDAG.wget scheduled__2021-04-02T06:00:35+00:00 [running]> on host 13db72185839
[2022-04-13 21:21:09,360] {taskinstance.py:1426} INFO - Exporting the following env vars:
AIRFLOW_CTX_DAG_OWNER=***
AIRFLOW_CTX_DAG_ID=LocalIngestionDAG
AIRFLOW_CTX_TASK_ID=wget
AIRFLOW_CTX_EXECUTION_DATE=2021-04-02T06:00:35+00:00
AIRFLOW_CTX_DAG_RUN_ID=scheduled__2021-04-02T06:00:35+00:00
[2022-04-13 21:21:09,363] {subprocess.py:62} INFO - Tmp dir root location: 
 /tmp
[2022-04-13 21:21:09,364] {subprocess.py:74} INFO - Running command: ['bash', '-c', 'echo "hello world"']
[2022-04-13 21:21:09,377] {subprocess.py:85} INFO - Output:
[2022-04-13 21:21:09,381] {subprocess.py:89} INFO - hello world
[2022-04-13 21:21:09,382] {subprocess.py:93} INFO - Command exited with return code 0
[2022-04-13 21:21:09,475] {taskinstance.py:1277} INFO - Marking task as SUCCESS. dag_id=LocalIngestionDAG, task_id=wget, execution_date=20210402T060035, start_date=20220413T212108, end_date=20220413T212109
[2022-04-13 21:21:09,548] {local_task_job.py:154} INFO - Task exited with return code 0
[2022-04-13 21:21:09,723] {local_task_job.py:264} INFO - 0 downstream tasks scheduled from follow-on schedule check
