[2022-04-13 21:27:09,716] {taskinstance.py:1032} INFO - Dependencies all met for <TaskInstance: LocalIngestionDAG.ingest scheduled__2021-10-02T06:00:07+00:00 [queued]>
[2022-04-13 21:27:09,788] {taskinstance.py:1032} INFO - Dependencies all met for <TaskInstance: LocalIngestionDAG.ingest scheduled__2021-10-02T06:00:07+00:00 [queued]>
[2022-04-13 21:27:09,810] {taskinstance.py:1238} INFO - 
--------------------------------------------------------------------------------
[2022-04-13 21:27:09,816] {taskinstance.py:1239} INFO - Starting attempt 1 of 1
[2022-04-13 21:27:09,818] {taskinstance.py:1240} INFO - 
--------------------------------------------------------------------------------
[2022-04-13 21:27:09,883] {taskinstance.py:1259} INFO - Executing <Task(BashOperator): ingest> on 2021-10-02 06:00:07+00:00
[2022-04-13 21:27:09,900] {standard_task_runner.py:52} INFO - Started process 4936 to run task
[2022-04-13 21:27:09,907] {standard_task_runner.py:76} INFO - Running: ['***', 'tasks', 'run', 'LocalIngestionDAG', 'ingest', 'scheduled__2021-10-02T06:00:07+00:00', '--job-id', '1220', '--raw', '--subdir', 'DAGS_FOLDER/data_ingestion_local.py', '--cfg-path', '/tmp/tmpy7gzyzhh', '--error-file', '/tmp/tmpdjr6pdeg']
[2022-04-13 21:27:09,920] {standard_task_runner.py:77} INFO - Job 1220: Subtask ingest
[2022-04-13 21:27:10,341] {logging_mixin.py:109} INFO - Running <TaskInstance: LocalIngestionDAG.ingest scheduled__2021-10-02T06:00:07+00:00 [running]> on host 13db72185839
[2022-04-13 21:27:10,681] {taskinstance.py:1426} INFO - Exporting the following env vars:
AIRFLOW_CTX_DAG_OWNER=***
AIRFLOW_CTX_DAG_ID=LocalIngestionDAG
AIRFLOW_CTX_TASK_ID=ingest
AIRFLOW_CTX_EXECUTION_DATE=2021-10-02T06:00:07+00:00
AIRFLOW_CTX_DAG_RUN_ID=scheduled__2021-10-02T06:00:07+00:00
[2022-04-13 21:27:10,692] {subprocess.py:62} INFO - Tmp dir root location: 
 /tmp
[2022-04-13 21:27:10,694] {subprocess.py:74} INFO - Running command: ['bash', '-c', 'pwd']
[2022-04-13 21:27:10,725] {subprocess.py:85} INFO - Output:
[2022-04-13 21:27:10,729] {subprocess.py:89} INFO - /tmp/***tmpjs736g6j
[2022-04-13 21:27:10,742] {subprocess.py:93} INFO - Command exited with return code 0
[2022-04-13 21:27:10,916] {taskinstance.py:1277} INFO - Marking task as SUCCESS. dag_id=LocalIngestionDAG, task_id=ingest, execution_date=20211002T060007, start_date=20220413T212709, end_date=20220413T212710
[2022-04-13 21:27:11,074] {local_task_job.py:154} INFO - Task exited with return code 0
[2022-04-13 21:27:11,192] {local_task_job.py:264} INFO - 0 downstream tasks scheduled from follow-on schedule check
