[2022-04-13 21:17:48,456] {taskinstance.py:1032} INFO - Dependencies all met for <TaskInstance: LocalIngestionDAG.wget scheduled__2021-03-02T06:00:33+00:00 [queued]>
[2022-04-13 21:17:48,482] {taskinstance.py:1032} INFO - Dependencies all met for <TaskInstance: LocalIngestionDAG.wget scheduled__2021-03-02T06:00:33+00:00 [queued]>
[2022-04-13 21:17:48,484] {taskinstance.py:1238} INFO - 
--------------------------------------------------------------------------------
[2022-04-13 21:17:48,485] {taskinstance.py:1239} INFO - Starting attempt 1 of 1
[2022-04-13 21:17:48,487] {taskinstance.py:1240} INFO - 
--------------------------------------------------------------------------------
[2022-04-13 21:17:48,530] {taskinstance.py:1259} INFO - Executing <Task(BashOperator): wget> on 2021-03-02 06:00:33+00:00
[2022-04-13 21:17:48,537] {standard_task_runner.py:52} INFO - Started process 2092 to run task
[2022-04-13 21:17:48,552] {standard_task_runner.py:76} INFO - Running: ['***', 'tasks', 'run', 'LocalIngestionDAG', 'wget', 'scheduled__2021-03-02T06:00:33+00:00', '--job-id', '424', '--raw', '--subdir', 'DAGS_FOLDER/data_ingestion_local.py', '--cfg-path', '/tmp/tmp5gl44dwf', '--error-file', '/tmp/tmpyq0hv2yu']
[2022-04-13 21:17:48,560] {standard_task_runner.py:77} INFO - Job 424: Subtask wget
[2022-04-13 21:17:48,745] {logging_mixin.py:109} INFO - Running <TaskInstance: LocalIngestionDAG.wget scheduled__2021-03-02T06:00:33+00:00 [running]> on host 13db72185839
[2022-04-13 21:17:48,890] {taskinstance.py:1426} INFO - Exporting the following env vars:
AIRFLOW_CTX_DAG_OWNER=***
AIRFLOW_CTX_DAG_ID=LocalIngestionDAG
AIRFLOW_CTX_TASK_ID=wget
AIRFLOW_CTX_EXECUTION_DATE=2021-03-02T06:00:33+00:00
AIRFLOW_CTX_DAG_RUN_ID=scheduled__2021-03-02T06:00:33+00:00
[2022-04-13 21:17:48,892] {subprocess.py:62} INFO - Tmp dir root location: 
 /tmp
[2022-04-13 21:17:48,893] {subprocess.py:74} INFO - Running command: ['bash', '-c', 'echo "hello world"']
[2022-04-13 21:17:48,914] {subprocess.py:85} INFO - Output:
[2022-04-13 21:17:48,921] {subprocess.py:89} INFO - hello world
[2022-04-13 21:17:48,922] {subprocess.py:93} INFO - Command exited with return code 0
[2022-04-13 21:17:48,990] {taskinstance.py:1277} INFO - Marking task as SUCCESS. dag_id=LocalIngestionDAG, task_id=wget, execution_date=20210302T060033, start_date=20220413T211748, end_date=20220413T211748
[2022-04-13 21:17:49,046] {local_task_job.py:154} INFO - Task exited with return code 0
[2022-04-13 21:17:49,169] {local_task_job.py:264} INFO - 0 downstream tasks scheduled from follow-on schedule check
