[2022-04-13 21:18:02,217] {taskinstance.py:1032} INFO - Dependencies all met for <TaskInstance: LocalIngestionDAG.ingest scheduled__2021-03-02T06:00:45+00:00 [queued]>
[2022-04-13 21:18:02,307] {taskinstance.py:1032} INFO - Dependencies all met for <TaskInstance: LocalIngestionDAG.ingest scheduled__2021-03-02T06:00:45+00:00 [queued]>
[2022-04-13 21:18:02,314] {taskinstance.py:1238} INFO - 
--------------------------------------------------------------------------------
[2022-04-13 21:18:02,328] {taskinstance.py:1239} INFO - Starting attempt 1 of 1
[2022-04-13 21:18:02,330] {taskinstance.py:1240} INFO - 
--------------------------------------------------------------------------------
[2022-04-13 21:18:02,437] {taskinstance.py:1259} INFO - Executing <Task(BashOperator): ingest> on 2021-03-02 06:00:45+00:00
[2022-04-13 21:18:02,452] {standard_task_runner.py:52} INFO - Started process 2199 to run task
[2022-04-13 21:18:02,469] {standard_task_runner.py:76} INFO - Running: ['***', 'tasks', 'run', 'LocalIngestionDAG', 'ingest', 'scheduled__2021-03-02T06:00:45+00:00', '--job-id', '455', '--raw', '--subdir', 'DAGS_FOLDER/data_ingestion_local.py', '--cfg-path', '/tmp/tmpypak0iej', '--error-file', '/tmp/tmpegdbw4q0']
[2022-04-13 21:18:02,496] {standard_task_runner.py:77} INFO - Job 455: Subtask ingest
[2022-04-13 21:18:02,819] {logging_mixin.py:109} INFO - Running <TaskInstance: LocalIngestionDAG.ingest scheduled__2021-03-02T06:00:45+00:00 [running]> on host 13db72185839
[2022-04-13 21:18:03,114] {taskinstance.py:1426} INFO - Exporting the following env vars:
AIRFLOW_CTX_DAG_OWNER=***
AIRFLOW_CTX_DAG_ID=LocalIngestionDAG
AIRFLOW_CTX_TASK_ID=ingest
AIRFLOW_CTX_EXECUTION_DATE=2021-03-02T06:00:45+00:00
AIRFLOW_CTX_DAG_RUN_ID=scheduled__2021-03-02T06:00:45+00:00
[2022-04-13 21:18:03,120] {subprocess.py:62} INFO - Tmp dir root location: 
 /tmp
[2022-04-13 21:18:03,124] {subprocess.py:74} INFO - Running command: ['bash', '-c', 'pwd']
[2022-04-13 21:18:03,143] {subprocess.py:85} INFO - Output:
[2022-04-13 21:18:03,147] {subprocess.py:89} INFO - /tmp/***tmplhablwvr
[2022-04-13 21:18:03,149] {subprocess.py:93} INFO - Command exited with return code 0
[2022-04-13 21:18:03,348] {taskinstance.py:1277} INFO - Marking task as SUCCESS. dag_id=LocalIngestionDAG, task_id=ingest, execution_date=20210302T060045, start_date=20220413T211802, end_date=20220413T211803
[2022-04-13 21:18:03,467] {local_task_job.py:154} INFO - Task exited with return code 0
[2022-04-13 21:18:03,609] {local_task_job.py:264} INFO - 0 downstream tasks scheduled from follow-on schedule check
