[2022-04-13 22:32:08,530] {taskinstance.py:1032} INFO - Dependencies all met for <TaskInstance: LocalIngestionDAG.ingest scheduled__2022-01-02T06:00:15+00:00 [queued]>
[2022-04-13 22:32:08,567] {taskinstance.py:1032} INFO - Dependencies all met for <TaskInstance: LocalIngestionDAG.ingest scheduled__2022-01-02T06:00:15+00:00 [queued]>
[2022-04-13 22:32:08,568] {taskinstance.py:1238} INFO - 
--------------------------------------------------------------------------------
[2022-04-13 22:32:08,569] {taskinstance.py:1239} INFO - Starting attempt 1 of 1
[2022-04-13 22:32:08,570] {taskinstance.py:1240} INFO - 
--------------------------------------------------------------------------------
[2022-04-13 22:32:08,689] {taskinstance.py:1259} INFO - Executing <Task(BashOperator): ingest> on 2022-01-02 06:00:15+00:00
[2022-04-13 22:32:08,727] {standard_task_runner.py:52} INFO - Started process 9610 to run task
[2022-04-13 22:32:08,735] {standard_task_runner.py:76} INFO - Running: ['***', 'tasks', 'run', 'LocalIngestionDAG', 'ingest', 'scheduled__2022-01-02T06:00:15+00:00', '--job-id', '1568', '--raw', '--subdir', 'DAGS_FOLDER/data_ingestion_local.py', '--cfg-path', '/tmp/tmphvljoffq', '--error-file', '/tmp/tmpcuopej7v']
[2022-04-13 22:32:08,751] {standard_task_runner.py:77} INFO - Job 1568: Subtask ingest
[2022-04-13 22:32:09,053] {logging_mixin.py:109} INFO - Running <TaskInstance: LocalIngestionDAG.ingest scheduled__2022-01-02T06:00:15+00:00 [running]> on host 13db72185839
[2022-04-13 22:32:09,370] {taskinstance.py:1426} INFO - Exporting the following env vars:
AIRFLOW_CTX_DAG_OWNER=***
AIRFLOW_CTX_DAG_ID=LocalIngestionDAG
AIRFLOW_CTX_TASK_ID=ingest
AIRFLOW_CTX_EXECUTION_DATE=2022-01-02T06:00:15+00:00
AIRFLOW_CTX_DAG_RUN_ID=scheduled__2022-01-02T06:00:15+00:00
[2022-04-13 22:32:09,379] {subprocess.py:62} INFO - Tmp dir root location: 
 /tmp
[2022-04-13 22:32:09,392] {subprocess.py:74} INFO - Running command: ['bash', '-c', 'ls /opt/***']
[2022-04-13 22:32:09,442] {subprocess.py:85} INFO - Output:
[2022-04-13 22:32:09,448] {subprocess.py:89} INFO - ***.cfg
[2022-04-13 22:32:09,449] {subprocess.py:89} INFO - dags
[2022-04-13 22:32:09,450] {subprocess.py:89} INFO - logs
[2022-04-13 22:32:09,450] {subprocess.py:89} INFO - output.csv
[2022-04-13 22:32:09,451] {subprocess.py:89} INFO - plugins
[2022-04-13 22:32:09,452] {subprocess.py:89} INFO - requirements.txt
[2022-04-13 22:32:09,452] {subprocess.py:89} INFO - scripts
[2022-04-13 22:32:09,454] {subprocess.py:89} INFO - webserver_config.py
[2022-04-13 22:32:09,456] {subprocess.py:93} INFO - Command exited with return code 0
[2022-04-13 22:32:09,662] {taskinstance.py:1277} INFO - Marking task as SUCCESS. dag_id=LocalIngestionDAG, task_id=ingest, execution_date=20220102T060015, start_date=20220413T223208, end_date=20220413T223209
[2022-04-13 22:32:09,780] {local_task_job.py:154} INFO - Task exited with return code 0
[2022-04-13 22:32:09,964] {local_task_job.py:264} INFO - 0 downstream tasks scheduled from follow-on schedule check
