[2022-04-13 21:15:39,179] {taskinstance.py:1032} INFO - Dependencies all met for <TaskInstance: LocalIngestionDAG.wget scheduled__2021-01-02T06:00:03+00:00 [queued]>
[2022-04-13 21:15:39,210] {taskinstance.py:1032} INFO - Dependencies all met for <TaskInstance: LocalIngestionDAG.wget scheduled__2021-01-02T06:00:03+00:00 [queued]>
[2022-04-13 21:15:39,210] {taskinstance.py:1238} INFO - 
--------------------------------------------------------------------------------
[2022-04-13 21:15:39,211] {taskinstance.py:1239} INFO - Starting attempt 1 of 1
[2022-04-13 21:15:39,212] {taskinstance.py:1240} INFO - 
--------------------------------------------------------------------------------
[2022-04-13 21:15:39,288] {taskinstance.py:1259} INFO - Executing <Task(BashOperator): wget> on 2021-01-02 06:00:03+00:00
[2022-04-13 21:15:39,318] {standard_task_runner.py:52} INFO - Started process 1072 to run task
[2022-04-13 21:15:39,332] {standard_task_runner.py:76} INFO - Running: ['***', 'tasks', 'run', 'LocalIngestionDAG', 'wget', 'scheduled__2021-01-02T06:00:03+00:00', '--job-id', '123', '--raw', '--subdir', 'DAGS_FOLDER/data_ingestion_local.py', '--cfg-path', '/tmp/tmp15pjal87', '--error-file', '/tmp/tmp4ivimua0']
[2022-04-13 21:15:39,343] {standard_task_runner.py:77} INFO - Job 123: Subtask wget
[2022-04-13 21:15:39,638] {logging_mixin.py:109} INFO - Running <TaskInstance: LocalIngestionDAG.wget scheduled__2021-01-02T06:00:03+00:00 [running]> on host 13db72185839
[2022-04-13 21:15:39,775] {taskinstance.py:1426} INFO - Exporting the following env vars:
AIRFLOW_CTX_DAG_OWNER=***
AIRFLOW_CTX_DAG_ID=LocalIngestionDAG
AIRFLOW_CTX_TASK_ID=wget
AIRFLOW_CTX_EXECUTION_DATE=2021-01-02T06:00:03+00:00
AIRFLOW_CTX_DAG_RUN_ID=scheduled__2021-01-02T06:00:03+00:00
[2022-04-13 21:15:39,778] {subprocess.py:62} INFO - Tmp dir root location: 
 /tmp
[2022-04-13 21:15:39,780] {subprocess.py:74} INFO - Running command: ['bash', '-c', 'echo "hello world"']
[2022-04-13 21:15:39,795] {subprocess.py:85} INFO - Output:
[2022-04-13 21:15:39,797] {subprocess.py:89} INFO - hello world
[2022-04-13 21:15:39,798] {subprocess.py:93} INFO - Command exited with return code 0
[2022-04-13 21:15:39,881] {taskinstance.py:1277} INFO - Marking task as SUCCESS. dag_id=LocalIngestionDAG, task_id=wget, execution_date=20210102T060003, start_date=20220413T211539, end_date=20220413T211539
[2022-04-13 21:15:39,988] {local_task_job.py:154} INFO - Task exited with return code 0
[2022-04-13 21:15:40,116] {local_task_job.py:264} INFO - 1 downstream tasks scheduled from follow-on schedule check
