[2022-04-13 21:24:13,876] {taskinstance.py:1032} INFO - Dependencies all met for <TaskInstance: LocalIngestionDAG.ingest scheduled__2021-07-02T06:00:30+00:00 [queued]>
[2022-04-13 21:24:13,913] {taskinstance.py:1032} INFO - Dependencies all met for <TaskInstance: LocalIngestionDAG.ingest scheduled__2021-07-02T06:00:30+00:00 [queued]>
[2022-04-13 21:24:13,914] {taskinstance.py:1238} INFO - 
--------------------------------------------------------------------------------
[2022-04-13 21:24:13,915] {taskinstance.py:1239} INFO - Starting attempt 1 of 1
[2022-04-13 21:24:13,916] {taskinstance.py:1240} INFO - 
--------------------------------------------------------------------------------
[2022-04-13 21:24:13,960] {taskinstance.py:1259} INFO - Executing <Task(BashOperator): ingest> on 2021-07-02 06:00:30+00:00
[2022-04-13 21:24:13,967] {standard_task_runner.py:52} INFO - Started process 3847 to run task
[2022-04-13 21:24:13,976] {standard_task_runner.py:76} INFO - Running: ['***', 'tasks', 'run', 'LocalIngestionDAG', 'ingest', 'scheduled__2021-07-02T06:00:30+00:00', '--job-id', '903', '--raw', '--subdir', 'DAGS_FOLDER/data_ingestion_local.py', '--cfg-path', '/tmp/tmpl7h2xps3', '--error-file', '/tmp/tmptvvkwnah']
[2022-04-13 21:24:13,985] {standard_task_runner.py:77} INFO - Job 903: Subtask ingest
[2022-04-13 21:24:14,126] {logging_mixin.py:109} INFO - Running <TaskInstance: LocalIngestionDAG.ingest scheduled__2021-07-02T06:00:30+00:00 [running]> on host 13db72185839
[2022-04-13 21:24:14,292] {taskinstance.py:1426} INFO - Exporting the following env vars:
AIRFLOW_CTX_DAG_OWNER=***
AIRFLOW_CTX_DAG_ID=LocalIngestionDAG
AIRFLOW_CTX_TASK_ID=ingest
AIRFLOW_CTX_EXECUTION_DATE=2021-07-02T06:00:30+00:00
AIRFLOW_CTX_DAG_RUN_ID=scheduled__2021-07-02T06:00:30+00:00
[2022-04-13 21:24:14,295] {subprocess.py:62} INFO - Tmp dir root location: 
 /tmp
[2022-04-13 21:24:14,296] {subprocess.py:74} INFO - Running command: ['bash', '-c', 'pwd']
[2022-04-13 21:24:14,310] {subprocess.py:85} INFO - Output:
[2022-04-13 21:24:14,313] {subprocess.py:89} INFO - /tmp/***tmpfof2h4em
[2022-04-13 21:24:14,314] {subprocess.py:93} INFO - Command exited with return code 0
[2022-04-13 21:24:14,357] {taskinstance.py:1277} INFO - Marking task as SUCCESS. dag_id=LocalIngestionDAG, task_id=ingest, execution_date=20210702T060030, start_date=20220413T212413, end_date=20220413T212414
[2022-04-13 21:24:14,395] {local_task_job.py:154} INFO - Task exited with return code 0
[2022-04-13 21:24:14,444] {local_task_job.py:264} INFO - 0 downstream tasks scheduled from follow-on schedule check
