[2022-04-13 22:30:24,499] {taskinstance.py:1032} INFO - Dependencies all met for <TaskInstance: LocalIngestionDAG.ingest scheduled__2021-12-02T06:00:36+00:00 [queued]>
[2022-04-13 22:30:24,539] {taskinstance.py:1032} INFO - Dependencies all met for <TaskInstance: LocalIngestionDAG.ingest scheduled__2021-12-02T06:00:36+00:00 [queued]>
[2022-04-13 22:30:24,543] {taskinstance.py:1238} INFO - 
--------------------------------------------------------------------------------
[2022-04-13 22:30:24,545] {taskinstance.py:1239} INFO - Starting attempt 1 of 1
[2022-04-13 22:30:24,546] {taskinstance.py:1240} INFO - 
--------------------------------------------------------------------------------
[2022-04-13 22:30:24,625] {taskinstance.py:1259} INFO - Executing <Task(BashOperator): ingest> on 2021-12-02 06:00:36+00:00
[2022-04-13 22:30:24,644] {standard_task_runner.py:52} INFO - Started process 9203 to run task
[2022-04-13 22:30:24,669] {standard_task_runner.py:76} INFO - Running: ['***', 'tasks', 'run', 'LocalIngestionDAG', 'ingest', 'scheduled__2021-12-02T06:00:36+00:00', '--job-id', '1487', '--raw', '--subdir', 'DAGS_FOLDER/data_ingestion_local.py', '--cfg-path', '/tmp/tmpwuxkzy4r', '--error-file', '/tmp/tmpbdyakflh']
[2022-04-13 22:30:24,674] {standard_task_runner.py:77} INFO - Job 1487: Subtask ingest
[2022-04-13 22:30:24,930] {logging_mixin.py:109} INFO - Running <TaskInstance: LocalIngestionDAG.ingest scheduled__2021-12-02T06:00:36+00:00 [running]> on host 13db72185839
[2022-04-13 22:30:25,119] {taskinstance.py:1426} INFO - Exporting the following env vars:
AIRFLOW_CTX_DAG_OWNER=***
AIRFLOW_CTX_DAG_ID=LocalIngestionDAG
AIRFLOW_CTX_TASK_ID=ingest
AIRFLOW_CTX_EXECUTION_DATE=2021-12-02T06:00:36+00:00
AIRFLOW_CTX_DAG_RUN_ID=scheduled__2021-12-02T06:00:36+00:00
[2022-04-13 22:30:25,123] {subprocess.py:62} INFO - Tmp dir root location: 
 /tmp
[2022-04-13 22:30:25,127] {subprocess.py:74} INFO - Running command: ['bash', '-c', 'ls /opt/***']
[2022-04-13 22:30:25,170] {subprocess.py:85} INFO - Output:
[2022-04-13 22:30:25,179] {subprocess.py:89} INFO - ***.cfg
[2022-04-13 22:30:25,179] {subprocess.py:89} INFO - dags
[2022-04-13 22:30:25,180] {subprocess.py:89} INFO - logs
[2022-04-13 22:30:25,182] {subprocess.py:89} INFO - output.csv
[2022-04-13 22:30:25,183] {subprocess.py:89} INFO - plugins
[2022-04-13 22:30:25,183] {subprocess.py:89} INFO - requirements.txt
[2022-04-13 22:30:25,184] {subprocess.py:89} INFO - scripts
[2022-04-13 22:30:25,185] {subprocess.py:89} INFO - webserver_config.py
[2022-04-13 22:30:25,186] {subprocess.py:93} INFO - Command exited with return code 0
[2022-04-13 22:30:25,256] {taskinstance.py:1277} INFO - Marking task as SUCCESS. dag_id=LocalIngestionDAG, task_id=ingest, execution_date=20211202T060036, start_date=20220413T223024, end_date=20220413T223025
[2022-04-13 22:30:25,286] {local_task_job.py:154} INFO - Task exited with return code 0
[2022-04-13 22:30:25,391] {local_task_job.py:264} INFO - 0 downstream tasks scheduled from follow-on schedule check
