[2022-04-13 21:17:07,214] {taskinstance.py:1032} INFO - Dependencies all met for <TaskInstance: LocalIngestionDAG.wget scheduled__2021-02-02T06:00:47+00:00 [queued]>
[2022-04-13 21:17:07,265] {taskinstance.py:1032} INFO - Dependencies all met for <TaskInstance: LocalIngestionDAG.wget scheduled__2021-02-02T06:00:47+00:00 [queued]>
[2022-04-13 21:17:07,267] {taskinstance.py:1238} INFO - 
--------------------------------------------------------------------------------
[2022-04-13 21:17:07,267] {taskinstance.py:1239} INFO - Starting attempt 1 of 1
[2022-04-13 21:17:07,270] {taskinstance.py:1240} INFO - 
--------------------------------------------------------------------------------
[2022-04-13 21:17:07,380] {taskinstance.py:1259} INFO - Executing <Task(BashOperator): wget> on 2021-02-02 06:00:47+00:00
[2022-04-13 21:17:07,396] {standard_task_runner.py:52} INFO - Started process 1777 to run task
[2022-04-13 21:17:07,400] {standard_task_runner.py:76} INFO - Running: ['***', 'tasks', 'run', 'LocalIngestionDAG', 'wget', 'scheduled__2021-02-02T06:00:47+00:00', '--job-id', '331', '--raw', '--subdir', 'DAGS_FOLDER/data_ingestion_local.py', '--cfg-path', '/tmp/tmp84kgv_j1', '--error-file', '/tmp/tmplqu8innp']
[2022-04-13 21:17:07,402] {standard_task_runner.py:77} INFO - Job 331: Subtask wget
[2022-04-13 21:17:07,617] {logging_mixin.py:109} INFO - Running <TaskInstance: LocalIngestionDAG.wget scheduled__2021-02-02T06:00:47+00:00 [running]> on host 13db72185839
[2022-04-13 21:17:07,744] {taskinstance.py:1426} INFO - Exporting the following env vars:
AIRFLOW_CTX_DAG_OWNER=***
AIRFLOW_CTX_DAG_ID=LocalIngestionDAG
AIRFLOW_CTX_TASK_ID=wget
AIRFLOW_CTX_EXECUTION_DATE=2021-02-02T06:00:47+00:00
AIRFLOW_CTX_DAG_RUN_ID=scheduled__2021-02-02T06:00:47+00:00
[2022-04-13 21:17:07,747] {subprocess.py:62} INFO - Tmp dir root location: 
 /tmp
[2022-04-13 21:17:07,749] {subprocess.py:74} INFO - Running command: ['bash', '-c', 'echo "hello world"']
[2022-04-13 21:17:07,766] {subprocess.py:85} INFO - Output:
[2022-04-13 21:17:07,778] {subprocess.py:89} INFO - hello world
[2022-04-13 21:17:07,780] {subprocess.py:93} INFO - Command exited with return code 0
[2022-04-13 21:17:07,865] {taskinstance.py:1277} INFO - Marking task as SUCCESS. dag_id=LocalIngestionDAG, task_id=wget, execution_date=20210202T060047, start_date=20220413T211707, end_date=20220413T211707
[2022-04-13 21:17:07,957] {local_task_job.py:154} INFO - Task exited with return code 0
[2022-04-13 21:17:08,279] {local_task_job.py:264} INFO - 0 downstream tasks scheduled from follow-on schedule check
