[2022-04-13 22:36:38,625] {taskinstance.py:1032} INFO - Dependencies all met for <TaskInstance: LocalIngestionDAG.wget scheduled__2022-04-02T06:00:56+00:00 [queued]>
[2022-04-13 22:36:38,663] {taskinstance.py:1032} INFO - Dependencies all met for <TaskInstance: LocalIngestionDAG.wget scheduled__2022-04-02T06:00:56+00:00 [queued]>
[2022-04-13 22:36:38,670] {taskinstance.py:1238} INFO - 
--------------------------------------------------------------------------------
[2022-04-13 22:36:38,671] {taskinstance.py:1239} INFO - Starting attempt 1 of 1
[2022-04-13 22:36:38,672] {taskinstance.py:1240} INFO - 
--------------------------------------------------------------------------------
[2022-04-13 22:36:38,724] {taskinstance.py:1259} INFO - Executing <Task(BashOperator): wget> on 2022-04-02 06:00:56+00:00
[2022-04-13 22:36:38,734] {standard_task_runner.py:52} INFO - Started process 11520 to run task
[2022-04-13 22:36:38,747] {standard_task_runner.py:76} INFO - Running: ['***', 'tasks', 'run', 'LocalIngestionDAG', 'wget', 'scheduled__2022-04-02T06:00:56+00:00', '--job-id', '1998', '--raw', '--subdir', 'DAGS_FOLDER/data_ingestion_local.py', '--cfg-path', '/tmp/tmpyyr72za6', '--error-file', '/tmp/tmp1skkjnds']
[2022-04-13 22:36:38,752] {standard_task_runner.py:77} INFO - Job 1998: Subtask wget
[2022-04-13 22:36:38,944] {logging_mixin.py:109} INFO - Running <TaskInstance: LocalIngestionDAG.wget scheduled__2022-04-02T06:00:56+00:00 [running]> on host 13db72185839
[2022-04-13 22:36:39,074] {logging_mixin.py:109} WARNING - /home/***/.local/lib/python3.7/site-packages/***/utils/context.py:152 AirflowContextDeprecationWarning: Accessing 'execution_date' from the template is deprecated and will be removed in a future version. Please use 'data_interval_start' or 'logical_date' instead.
[2022-04-13 22:36:39,118] {taskinstance.py:1426} INFO - Exporting the following env vars:
AIRFLOW_CTX_DAG_OWNER=***
AIRFLOW_CTX_DAG_ID=LocalIngestionDAG
AIRFLOW_CTX_TASK_ID=wget
AIRFLOW_CTX_EXECUTION_DATE=2022-04-02T06:00:56+00:00
AIRFLOW_CTX_DAG_RUN_ID=scheduled__2022-04-02T06:00:56+00:00
[2022-04-13 22:36:39,123] {subprocess.py:62} INFO - Tmp dir root location: 
 /tmp
[2022-04-13 22:36:39,125] {subprocess.py:74} INFO - Running command: ['bash', '-c', 'curl -sSL https://s3.amazonaws.com/nyc-tlc/trip+data/yellow_tripdata_2022-04.csv > /opt/***/output_2022-04.csv']
[2022-04-13 22:36:39,145] {subprocess.py:85} INFO - Output:
[2022-04-13 22:36:40,359] {subprocess.py:93} INFO - Command exited with return code 0
[2022-04-13 22:36:40,424] {taskinstance.py:1277} INFO - Marking task as SUCCESS. dag_id=LocalIngestionDAG, task_id=wget, execution_date=20220402T060056, start_date=20220413T223638, end_date=20220413T223640
[2022-04-13 22:36:40,487] {local_task_job.py:154} INFO - Task exited with return code 0
[2022-04-13 22:36:40,602] {local_task_job.py:264} INFO - 1 downstream tasks scheduled from follow-on schedule check
