[2022-04-13 21:17:36,378] {taskinstance.py:1032} INFO - Dependencies all met for <TaskInstance: LocalIngestionDAG.ingest scheduled__2021-03-02T06:00:17+00:00 [queued]>
[2022-04-13 21:17:36,391] {taskinstance.py:1032} INFO - Dependencies all met for <TaskInstance: LocalIngestionDAG.ingest scheduled__2021-03-02T06:00:17+00:00 [queued]>
[2022-04-13 21:17:36,392] {taskinstance.py:1238} INFO - 
--------------------------------------------------------------------------------
[2022-04-13 21:17:36,392] {taskinstance.py:1239} INFO - Starting attempt 1 of 1
[2022-04-13 21:17:36,392] {taskinstance.py:1240} INFO - 
--------------------------------------------------------------------------------
[2022-04-13 21:17:36,409] {taskinstance.py:1259} INFO - Executing <Task(BashOperator): ingest> on 2021-03-02 06:00:17+00:00
[2022-04-13 21:17:36,413] {standard_task_runner.py:52} INFO - Started process 1993 to run task
[2022-04-13 21:17:36,417] {standard_task_runner.py:76} INFO - Running: ['***', 'tasks', 'run', 'LocalIngestionDAG', 'ingest', 'scheduled__2021-03-02T06:00:17+00:00', '--job-id', '396', '--raw', '--subdir', 'DAGS_FOLDER/data_ingestion_local.py', '--cfg-path', '/tmp/tmpp5pqw_ha', '--error-file', '/tmp/tmpr39trqph']
[2022-04-13 21:17:36,419] {standard_task_runner.py:77} INFO - Job 396: Subtask ingest
[2022-04-13 21:17:36,497] {logging_mixin.py:109} INFO - Running <TaskInstance: LocalIngestionDAG.ingest scheduled__2021-03-02T06:00:17+00:00 [running]> on host 13db72185839
[2022-04-13 21:17:36,587] {taskinstance.py:1426} INFO - Exporting the following env vars:
AIRFLOW_CTX_DAG_OWNER=***
AIRFLOW_CTX_DAG_ID=LocalIngestionDAG
AIRFLOW_CTX_TASK_ID=ingest
AIRFLOW_CTX_EXECUTION_DATE=2021-03-02T06:00:17+00:00
AIRFLOW_CTX_DAG_RUN_ID=scheduled__2021-03-02T06:00:17+00:00
[2022-04-13 21:17:36,590] {subprocess.py:62} INFO - Tmp dir root location: 
 /tmp
[2022-04-13 21:17:36,593] {subprocess.py:74} INFO - Running command: ['bash', '-c', 'pwd']
[2022-04-13 21:17:36,602] {subprocess.py:85} INFO - Output:
[2022-04-13 21:17:36,605] {subprocess.py:89} INFO - /tmp/***tmplodtqgag
[2022-04-13 21:17:36,606] {subprocess.py:93} INFO - Command exited with return code 0
[2022-04-13 21:17:36,637] {taskinstance.py:1277} INFO - Marking task as SUCCESS. dag_id=LocalIngestionDAG, task_id=ingest, execution_date=20210302T060017, start_date=20220413T211736, end_date=20220413T211736
[2022-04-13 21:17:36,670] {local_task_job.py:154} INFO - Task exited with return code 0
[2022-04-13 21:17:36,703] {local_task_job.py:264} INFO - 0 downstream tasks scheduled from follow-on schedule check
