[2022-04-13 21:23:44,897] {taskinstance.py:1032} INFO - Dependencies all met for <TaskInstance: LocalIngestionDAG.ingest scheduled__2021-07-02T06:00:01+00:00 [queued]>
[2022-04-13 21:23:44,950] {taskinstance.py:1032} INFO - Dependencies all met for <TaskInstance: LocalIngestionDAG.ingest scheduled__2021-07-02T06:00:01+00:00 [queued]>
[2022-04-13 21:23:44,952] {taskinstance.py:1238} INFO - 
--------------------------------------------------------------------------------
[2022-04-13 21:23:44,953] {taskinstance.py:1239} INFO - Starting attempt 1 of 1
[2022-04-13 21:23:44,954] {taskinstance.py:1240} INFO - 
--------------------------------------------------------------------------------
[2022-04-13 21:23:45,027] {taskinstance.py:1259} INFO - Executing <Task(BashOperator): ingest> on 2021-07-02 06:00:01+00:00
[2022-04-13 21:23:45,036] {standard_task_runner.py:52} INFO - Started process 3656 to run task
[2022-04-13 21:23:45,051] {standard_task_runner.py:76} INFO - Running: ['***', 'tasks', 'run', 'LocalIngestionDAG', 'ingest', 'scheduled__2021-07-02T06:00:01+00:00', '--job-id', '848', '--raw', '--subdir', 'DAGS_FOLDER/data_ingestion_local.py', '--cfg-path', '/tmp/tmpr2hotemb', '--error-file', '/tmp/tmpa2r8fm76']
[2022-04-13 21:23:45,066] {standard_task_runner.py:77} INFO - Job 848: Subtask ingest
[2022-04-13 21:23:45,327] {logging_mixin.py:109} INFO - Running <TaskInstance: LocalIngestionDAG.ingest scheduled__2021-07-02T06:00:01+00:00 [running]> on host 13db72185839
[2022-04-13 21:23:45,560] {taskinstance.py:1426} INFO - Exporting the following env vars:
AIRFLOW_CTX_DAG_OWNER=***
AIRFLOW_CTX_DAG_ID=LocalIngestionDAG
AIRFLOW_CTX_TASK_ID=ingest
AIRFLOW_CTX_EXECUTION_DATE=2021-07-02T06:00:01+00:00
AIRFLOW_CTX_DAG_RUN_ID=scheduled__2021-07-02T06:00:01+00:00
[2022-04-13 21:23:45,563] {subprocess.py:62} INFO - Tmp dir root location: 
 /tmp
[2022-04-13 21:23:45,564] {subprocess.py:74} INFO - Running command: ['bash', '-c', 'pwd']
[2022-04-13 21:23:45,579] {subprocess.py:85} INFO - Output:
[2022-04-13 21:23:45,593] {subprocess.py:89} INFO - /tmp/***tmpcmmps5d_
[2022-04-13 21:23:45,595] {subprocess.py:93} INFO - Command exited with return code 0
[2022-04-13 21:23:45,724] {taskinstance.py:1277} INFO - Marking task as SUCCESS. dag_id=LocalIngestionDAG, task_id=ingest, execution_date=20210702T060001, start_date=20220413T212344, end_date=20220413T212345
[2022-04-13 21:23:45,863] {local_task_job.py:154} INFO - Task exited with return code 0
[2022-04-13 21:23:46,339] {local_task_job.py:264} INFO - 0 downstream tasks scheduled from follow-on schedule check
