[2022-04-13 22:30:54,570] {taskinstance.py:1032} INFO - Dependencies all met for <TaskInstance: LocalIngestionDAG.ingest scheduled__2021-12-02T06:00:39+00:00 [queued]>
[2022-04-13 22:30:54,625] {taskinstance.py:1032} INFO - Dependencies all met for <TaskInstance: LocalIngestionDAG.ingest scheduled__2021-12-02T06:00:39+00:00 [queued]>
[2022-04-13 22:30:54,626] {taskinstance.py:1238} INFO - 
--------------------------------------------------------------------------------
[2022-04-13 22:30:54,627] {taskinstance.py:1239} INFO - Starting attempt 1 of 1
[2022-04-13 22:30:54,627] {taskinstance.py:1240} INFO - 
--------------------------------------------------------------------------------
[2022-04-13 22:30:54,687] {taskinstance.py:1259} INFO - Executing <Task(BashOperator): ingest> on 2021-12-02 06:00:39+00:00
[2022-04-13 22:30:54,717] {standard_task_runner.py:52} INFO - Started process 9250 to run task
[2022-04-13 22:30:54,738] {standard_task_runner.py:76} INFO - Running: ['***', 'tasks', 'run', 'LocalIngestionDAG', 'ingest', 'scheduled__2021-12-02T06:00:39+00:00', '--job-id', '1492', '--raw', '--subdir', 'DAGS_FOLDER/data_ingestion_local.py', '--cfg-path', '/tmp/tmp_e2o6ney', '--error-file', '/tmp/tmpy1qbkzhg']
[2022-04-13 22:30:54,760] {standard_task_runner.py:77} INFO - Job 1492: Subtask ingest
[2022-04-13 22:30:55,080] {logging_mixin.py:109} INFO - Running <TaskInstance: LocalIngestionDAG.ingest scheduled__2021-12-02T06:00:39+00:00 [running]> on host 13db72185839
[2022-04-13 22:30:55,333] {taskinstance.py:1426} INFO - Exporting the following env vars:
AIRFLOW_CTX_DAG_OWNER=***
AIRFLOW_CTX_DAG_ID=LocalIngestionDAG
AIRFLOW_CTX_TASK_ID=ingest
AIRFLOW_CTX_EXECUTION_DATE=2021-12-02T06:00:39+00:00
AIRFLOW_CTX_DAG_RUN_ID=scheduled__2021-12-02T06:00:39+00:00
[2022-04-13 22:30:55,338] {subprocess.py:62} INFO - Tmp dir root location: 
 /tmp
[2022-04-13 22:30:55,344] {subprocess.py:74} INFO - Running command: ['bash', '-c', 'ls /opt/***']
[2022-04-13 22:30:55,378] {subprocess.py:85} INFO - Output:
[2022-04-13 22:30:55,395] {subprocess.py:89} INFO - ***.cfg
[2022-04-13 22:30:55,395] {subprocess.py:89} INFO - dags
[2022-04-13 22:30:55,396] {subprocess.py:89} INFO - logs
[2022-04-13 22:30:55,397] {subprocess.py:89} INFO - output.csv
[2022-04-13 22:30:55,397] {subprocess.py:89} INFO - plugins
[2022-04-13 22:30:55,398] {subprocess.py:89} INFO - requirements.txt
[2022-04-13 22:30:55,401] {subprocess.py:89} INFO - scripts
[2022-04-13 22:30:55,402] {subprocess.py:89} INFO - webserver_config.py
[2022-04-13 22:30:55,406] {subprocess.py:93} INFO - Command exited with return code 0
[2022-04-13 22:30:55,854] {taskinstance.py:1277} INFO - Marking task as SUCCESS. dag_id=LocalIngestionDAG, task_id=ingest, execution_date=20211202T060039, start_date=20220413T223054, end_date=20220413T223055
[2022-04-13 22:30:55,993] {local_task_job.py:154} INFO - Task exited with return code 0
[2022-04-13 22:30:56,117] {local_task_job.py:264} INFO - 0 downstream tasks scheduled from follow-on schedule check
