[2022-04-13 21:17:19,723] {taskinstance.py:1032} INFO - Dependencies all met for <TaskInstance: LocalIngestionDAG.wget scheduled__2021-02-02T06:00:58+00:00 [queued]>
[2022-04-13 21:17:19,749] {taskinstance.py:1032} INFO - Dependencies all met for <TaskInstance: LocalIngestionDAG.wget scheduled__2021-02-02T06:00:58+00:00 [queued]>
[2022-04-13 21:17:19,752] {taskinstance.py:1238} INFO - 
--------------------------------------------------------------------------------
[2022-04-13 21:17:19,757] {taskinstance.py:1239} INFO - Starting attempt 1 of 1
[2022-04-13 21:17:19,760] {taskinstance.py:1240} INFO - 
--------------------------------------------------------------------------------
[2022-04-13 21:17:19,810] {taskinstance.py:1259} INFO - Executing <Task(BashOperator): wget> on 2021-02-02 06:00:58+00:00
[2022-04-13 21:17:19,816] {standard_task_runner.py:52} INFO - Started process 1859 to run task
[2022-04-13 21:17:19,829] {standard_task_runner.py:76} INFO - Running: ['***', 'tasks', 'run', 'LocalIngestionDAG', 'wget', 'scheduled__2021-02-02T06:00:58+00:00', '--job-id', '353', '--raw', '--subdir', 'DAGS_FOLDER/data_ingestion_local.py', '--cfg-path', '/tmp/tmp_3nhdu9n', '--error-file', '/tmp/tmpeb99ms1r']
[2022-04-13 21:17:19,833] {standard_task_runner.py:77} INFO - Job 353: Subtask wget
[2022-04-13 21:17:20,030] {logging_mixin.py:109} INFO - Running <TaskInstance: LocalIngestionDAG.wget scheduled__2021-02-02T06:00:58+00:00 [running]> on host 13db72185839
[2022-04-13 21:17:20,177] {taskinstance.py:1426} INFO - Exporting the following env vars:
AIRFLOW_CTX_DAG_OWNER=***
AIRFLOW_CTX_DAG_ID=LocalIngestionDAG
AIRFLOW_CTX_TASK_ID=wget
AIRFLOW_CTX_EXECUTION_DATE=2021-02-02T06:00:58+00:00
AIRFLOW_CTX_DAG_RUN_ID=scheduled__2021-02-02T06:00:58+00:00
[2022-04-13 21:17:20,179] {subprocess.py:62} INFO - Tmp dir root location: 
 /tmp
[2022-04-13 21:17:20,180] {subprocess.py:74} INFO - Running command: ['bash', '-c', 'echo "hello world"']
[2022-04-13 21:17:20,192] {subprocess.py:85} INFO - Output:
[2022-04-13 21:17:20,195] {subprocess.py:89} INFO - hello world
[2022-04-13 21:17:20,196] {subprocess.py:93} INFO - Command exited with return code 0
[2022-04-13 21:17:20,258] {taskinstance.py:1277} INFO - Marking task as SUCCESS. dag_id=LocalIngestionDAG, task_id=wget, execution_date=20210202T060058, start_date=20220413T211719, end_date=20220413T211720
[2022-04-13 21:17:20,323] {local_task_job.py:154} INFO - Task exited with return code 0
[2022-04-13 21:17:20,479] {local_task_job.py:264} INFO - 1 downstream tasks scheduled from follow-on schedule check
