[2022-04-13 21:23:44,844] {taskinstance.py:1032} INFO - Dependencies all met for <TaskInstance: LocalIngestionDAG.wget scheduled__2021-07-02T06:00:05+00:00 [queued]>
[2022-04-13 21:23:44,896] {taskinstance.py:1032} INFO - Dependencies all met for <TaskInstance: LocalIngestionDAG.wget scheduled__2021-07-02T06:00:05+00:00 [queued]>
[2022-04-13 21:23:44,897] {taskinstance.py:1238} INFO - 
--------------------------------------------------------------------------------
[2022-04-13 21:23:44,898] {taskinstance.py:1239} INFO - Starting attempt 1 of 1
[2022-04-13 21:23:44,907] {taskinstance.py:1240} INFO - 
--------------------------------------------------------------------------------
[2022-04-13 21:23:44,957] {taskinstance.py:1259} INFO - Executing <Task(BashOperator): wget> on 2021-07-02 06:00:05+00:00
[2022-04-13 21:23:44,964] {standard_task_runner.py:52} INFO - Started process 3655 to run task
[2022-04-13 21:23:44,976] {standard_task_runner.py:76} INFO - Running: ['***', 'tasks', 'run', 'LocalIngestionDAG', 'wget', 'scheduled__2021-07-02T06:00:05+00:00', '--job-id', '847', '--raw', '--subdir', 'DAGS_FOLDER/data_ingestion_local.py', '--cfg-path', '/tmp/tmpfdaioe3s', '--error-file', '/tmp/tmp3cp3jdn3']
[2022-04-13 21:23:44,985] {standard_task_runner.py:77} INFO - Job 847: Subtask wget
[2022-04-13 21:23:45,248] {logging_mixin.py:109} INFO - Running <TaskInstance: LocalIngestionDAG.wget scheduled__2021-07-02T06:00:05+00:00 [running]> on host 13db72185839
[2022-04-13 21:23:45,507] {taskinstance.py:1426} INFO - Exporting the following env vars:
AIRFLOW_CTX_DAG_OWNER=***
AIRFLOW_CTX_DAG_ID=LocalIngestionDAG
AIRFLOW_CTX_TASK_ID=wget
AIRFLOW_CTX_EXECUTION_DATE=2021-07-02T06:00:05+00:00
AIRFLOW_CTX_DAG_RUN_ID=scheduled__2021-07-02T06:00:05+00:00
[2022-04-13 21:23:45,527] {subprocess.py:62} INFO - Tmp dir root location: 
 /tmp
[2022-04-13 21:23:45,531] {subprocess.py:74} INFO - Running command: ['bash', '-c', 'echo "hello world"']
[2022-04-13 21:23:45,551] {subprocess.py:85} INFO - Output:
[2022-04-13 21:23:45,559] {subprocess.py:89} INFO - hello world
[2022-04-13 21:23:45,560] {subprocess.py:93} INFO - Command exited with return code 0
[2022-04-13 21:23:45,654] {taskinstance.py:1277} INFO - Marking task as SUCCESS. dag_id=LocalIngestionDAG, task_id=wget, execution_date=20210702T060005, start_date=20220413T212344, end_date=20220413T212345
[2022-04-13 21:23:45,787] {local_task_job.py:154} INFO - Task exited with return code 0
[2022-04-13 21:23:46,323] {local_task_job.py:264} INFO - 0 downstream tasks scheduled from follow-on schedule check
