[2022-04-13 22:33:03,501] {taskinstance.py:1032} INFO - Dependencies all met for <TaskInstance: LocalIngestionDAG.ingest scheduled__2022-01-02T06:00:59+00:00 [queued]>
[2022-04-13 22:33:03,562] {taskinstance.py:1032} INFO - Dependencies all met for <TaskInstance: LocalIngestionDAG.ingest scheduled__2022-01-02T06:00:59+00:00 [queued]>
[2022-04-13 22:33:03,564] {taskinstance.py:1238} INFO - 
--------------------------------------------------------------------------------
[2022-04-13 22:33:03,566] {taskinstance.py:1239} INFO - Starting attempt 1 of 1
[2022-04-13 22:33:03,567] {taskinstance.py:1240} INFO - 
--------------------------------------------------------------------------------
[2022-04-13 22:33:03,650] {taskinstance.py:1259} INFO - Executing <Task(BashOperator): ingest> on 2022-01-02 06:00:59+00:00
[2022-04-13 22:33:03,670] {standard_task_runner.py:52} INFO - Started process 9994 to run task
[2022-04-13 22:33:03,678] {standard_task_runner.py:76} INFO - Running: ['***', 'tasks', 'run', 'LocalIngestionDAG', 'ingest', 'scheduled__2022-01-02T06:00:59+00:00', '--job-id', '1656', '--raw', '--subdir', 'DAGS_FOLDER/data_ingestion_local.py', '--cfg-path', '/tmp/tmp72u5zrhq', '--error-file', '/tmp/tmph8x09ypm']
[2022-04-13 22:33:03,698] {standard_task_runner.py:77} INFO - Job 1656: Subtask ingest
[2022-04-13 22:33:03,933] {logging_mixin.py:109} INFO - Running <TaskInstance: LocalIngestionDAG.ingest scheduled__2022-01-02T06:00:59+00:00 [running]> on host 13db72185839
[2022-04-13 22:33:04,163] {taskinstance.py:1426} INFO - Exporting the following env vars:
AIRFLOW_CTX_DAG_OWNER=***
AIRFLOW_CTX_DAG_ID=LocalIngestionDAG
AIRFLOW_CTX_TASK_ID=ingest
AIRFLOW_CTX_EXECUTION_DATE=2022-01-02T06:00:59+00:00
AIRFLOW_CTX_DAG_RUN_ID=scheduled__2022-01-02T06:00:59+00:00
[2022-04-13 22:33:04,199] {subprocess.py:62} INFO - Tmp dir root location: 
 /tmp
[2022-04-13 22:33:04,220] {subprocess.py:74} INFO - Running command: ['bash', '-c', 'ls /opt/***']
[2022-04-13 22:33:04,276] {subprocess.py:85} INFO - Output:
[2022-04-13 22:33:04,286] {subprocess.py:89} INFO - ***.cfg
[2022-04-13 22:33:04,287] {subprocess.py:89} INFO - dags
[2022-04-13 22:33:04,291] {subprocess.py:89} INFO - logs
[2022-04-13 22:33:04,301] {subprocess.py:89} INFO - output.csv
[2022-04-13 22:33:04,302] {subprocess.py:89} INFO - plugins
[2022-04-13 22:33:04,304] {subprocess.py:89} INFO - requirements.txt
[2022-04-13 22:33:04,307] {subprocess.py:89} INFO - scripts
[2022-04-13 22:33:04,312] {subprocess.py:89} INFO - webserver_config.py
[2022-04-13 22:33:04,314] {subprocess.py:93} INFO - Command exited with return code 0
[2022-04-13 22:33:04,785] {taskinstance.py:1277} INFO - Marking task as SUCCESS. dag_id=LocalIngestionDAG, task_id=ingest, execution_date=20220102T060059, start_date=20220413T223303, end_date=20220413T223304
[2022-04-13 22:33:04,951] {local_task_job.py:154} INFO - Task exited with return code 0
[2022-04-13 22:33:05,113] {local_task_job.py:264} INFO - 0 downstream tasks scheduled from follow-on schedule check
