[2022-04-16 18:45:09,414] {taskinstance.py:1032} INFO - Dependencies all met for <TaskInstance: live_coded_gcs_2_bg_dag.gcs_2_bq_ext_task manual__2022-04-16T18:45:04.028564+00:00 [queued]>
[2022-04-16 18:45:09,430] {taskinstance.py:1032} INFO - Dependencies all met for <TaskInstance: live_coded_gcs_2_bg_dag.gcs_2_bq_ext_task manual__2022-04-16T18:45:04.028564+00:00 [queued]>
[2022-04-16 18:45:09,430] {taskinstance.py:1238} INFO - 
--------------------------------------------------------------------------------
[2022-04-16 18:45:09,431] {taskinstance.py:1239} INFO - Starting attempt 1 of 2
[2022-04-16 18:45:09,431] {taskinstance.py:1240} INFO - 
--------------------------------------------------------------------------------
[2022-04-16 18:45:09,447] {taskinstance.py:1259} INFO - Executing <Task(BigQueryCreateExternalTableOperator): gcs_2_bq_ext_task> on 2022-04-16 18:45:04.028564+00:00
[2022-04-16 18:45:09,453] {standard_task_runner.py:52} INFO - Started process 1650 to run task
[2022-04-16 18:45:09,458] {standard_task_runner.py:76} INFO - Running: ['***', 'tasks', 'run', 'live_coded_gcs_2_bg_dag', 'gcs_2_bq_ext_task', 'manual__2022-04-16T18:45:04.028564+00:00', '--job-id', '2225', '--raw', '--subdir', 'DAGS_FOLDER/gcs_2_bq_dag.py', '--cfg-path', '/tmp/tmp7xlecdbi', '--error-file', '/tmp/tmpj84yjxy5']
[2022-04-16 18:45:09,482] {standard_task_runner.py:77} INFO - Job 2225: Subtask gcs_2_bq_ext_task
[2022-04-16 18:45:09,552] {logging_mixin.py:109} INFO - Running <TaskInstance: live_coded_gcs_2_bg_dag.gcs_2_bq_ext_task manual__2022-04-16T18:45:04.028564+00:00 [running]> on host 3e228c3601a1
[2022-04-16 18:45:09,609] {taskinstance.py:1426} INFO - Exporting the following env vars:
AIRFLOW_CTX_DAG_OWNER=***
AIRFLOW_CTX_DAG_ID=live_coded_gcs_2_bg_dag
AIRFLOW_CTX_TASK_ID=gcs_2_bq_ext_task
AIRFLOW_CTX_EXECUTION_DATE=2022-04-16T18:45:04.028564+00:00
AIRFLOW_CTX_DAG_RUN_ID=manual__2022-04-16T18:45:04.028564+00:00
[2022-04-16 18:45:09,611] {crypto.py:82} WARNING - empty cryptography key - values will not be stored encrypted.
[2022-04-16 18:45:12,040] {taskinstance.py:1277} INFO - Marking task as SUCCESS. dag_id=live_coded_gcs_2_bg_dag, task_id=gcs_2_bq_ext_task, execution_date=20220416T184504, start_date=20220416T184509, end_date=20220416T184512
[2022-04-16 18:45:12,073] {local_task_job.py:154} INFO - Task exited with return code 0
[2022-04-16 18:45:12,113] {local_task_job.py:264} INFO - 1 downstream tasks scheduled from follow-on schedule check
