[2022-04-13 21:17:49,165] {taskinstance.py:1032} INFO - Dependencies all met for <TaskInstance: LocalIngestionDAG.ingest scheduled__2021-03-02T06:00:31+00:00 [queued]>
[2022-04-13 21:17:49,203] {taskinstance.py:1032} INFO - Dependencies all met for <TaskInstance: LocalIngestionDAG.ingest scheduled__2021-03-02T06:00:31+00:00 [queued]>
[2022-04-13 21:17:49,205] {taskinstance.py:1238} INFO - 
--------------------------------------------------------------------------------
[2022-04-13 21:17:49,206] {taskinstance.py:1239} INFO - Starting attempt 1 of 1
[2022-04-13 21:17:49,207] {taskinstance.py:1240} INFO - 
--------------------------------------------------------------------------------
[2022-04-13 21:17:49,258] {taskinstance.py:1259} INFO - Executing <Task(BashOperator): ingest> on 2021-03-02 06:00:31+00:00
[2022-04-13 21:17:49,267] {standard_task_runner.py:52} INFO - Started process 2100 to run task
[2022-04-13 21:17:49,275] {standard_task_runner.py:76} INFO - Running: ['***', 'tasks', 'run', 'LocalIngestionDAG', 'ingest', 'scheduled__2021-03-02T06:00:31+00:00', '--job-id', '426', '--raw', '--subdir', 'DAGS_FOLDER/data_ingestion_local.py', '--cfg-path', '/tmp/tmpeu3m40g4', '--error-file', '/tmp/tmp2mzayljr']
[2022-04-13 21:17:49,278] {standard_task_runner.py:77} INFO - Job 426: Subtask ingest
[2022-04-13 21:17:49,391] {logging_mixin.py:109} INFO - Running <TaskInstance: LocalIngestionDAG.ingest scheduled__2021-03-02T06:00:31+00:00 [running]> on host 13db72185839
[2022-04-13 21:17:49,558] {taskinstance.py:1426} INFO - Exporting the following env vars:
AIRFLOW_CTX_DAG_OWNER=***
AIRFLOW_CTX_DAG_ID=LocalIngestionDAG
AIRFLOW_CTX_TASK_ID=ingest
AIRFLOW_CTX_EXECUTION_DATE=2021-03-02T06:00:31+00:00
AIRFLOW_CTX_DAG_RUN_ID=scheduled__2021-03-02T06:00:31+00:00
[2022-04-13 21:17:49,560] {subprocess.py:62} INFO - Tmp dir root location: 
 /tmp
[2022-04-13 21:17:49,561] {subprocess.py:74} INFO - Running command: ['bash', '-c', 'pwd']
[2022-04-13 21:17:49,574] {subprocess.py:85} INFO - Output:
[2022-04-13 21:17:49,577] {subprocess.py:89} INFO - /tmp/***tmp6q0ym5x_
[2022-04-13 21:17:49,578] {subprocess.py:93} INFO - Command exited with return code 0
[2022-04-13 21:17:49,622] {taskinstance.py:1277} INFO - Marking task as SUCCESS. dag_id=LocalIngestionDAG, task_id=ingest, execution_date=20210302T060031, start_date=20220413T211749, end_date=20220413T211749
[2022-04-13 21:17:49,651] {local_task_job.py:154} INFO - Task exited with return code 0
[2022-04-13 21:17:49,691] {local_task_job.py:264} INFO - 0 downstream tasks scheduled from follow-on schedule check
