[2022-04-13 21:15:41,213] {taskinstance.py:1032} INFO - Dependencies all met for <TaskInstance: LocalIngestionDAG.ingest scheduled__2021-01-02T06:00:04+00:00 [queued]>
[2022-04-13 21:15:41,260] {taskinstance.py:1032} INFO - Dependencies all met for <TaskInstance: LocalIngestionDAG.ingest scheduled__2021-01-02T06:00:04+00:00 [queued]>
[2022-04-13 21:15:41,264] {taskinstance.py:1238} INFO - 
--------------------------------------------------------------------------------
[2022-04-13 21:15:41,273] {taskinstance.py:1239} INFO - Starting attempt 1 of 1
[2022-04-13 21:15:41,274] {taskinstance.py:1240} INFO - 
--------------------------------------------------------------------------------
[2022-04-13 21:15:41,331] {taskinstance.py:1259} INFO - Executing <Task(BashOperator): ingest> on 2021-01-02 06:00:04+00:00
[2022-04-13 21:15:41,336] {standard_task_runner.py:52} INFO - Started process 1104 to run task
[2022-04-13 21:15:41,344] {standard_task_runner.py:76} INFO - Running: ['***', 'tasks', 'run', 'LocalIngestionDAG', 'ingest', 'scheduled__2021-01-02T06:00:04+00:00', '--job-id', '132', '--raw', '--subdir', 'DAGS_FOLDER/data_ingestion_local.py', '--cfg-path', '/tmp/tmp8ed60x_5', '--error-file', '/tmp/tmpc3a3f3kd']
[2022-04-13 21:15:41,348] {standard_task_runner.py:77} INFO - Job 132: Subtask ingest
[2022-04-13 21:15:41,597] {logging_mixin.py:109} INFO - Running <TaskInstance: LocalIngestionDAG.ingest scheduled__2021-01-02T06:00:04+00:00 [running]> on host 13db72185839
[2022-04-13 21:15:41,804] {taskinstance.py:1426} INFO - Exporting the following env vars:
AIRFLOW_CTX_DAG_OWNER=***
AIRFLOW_CTX_DAG_ID=LocalIngestionDAG
AIRFLOW_CTX_TASK_ID=ingest
AIRFLOW_CTX_EXECUTION_DATE=2021-01-02T06:00:04+00:00
AIRFLOW_CTX_DAG_RUN_ID=scheduled__2021-01-02T06:00:04+00:00
[2022-04-13 21:15:41,808] {subprocess.py:62} INFO - Tmp dir root location: 
 /tmp
[2022-04-13 21:15:41,810] {subprocess.py:74} INFO - Running command: ['bash', '-c', 'pwd']
[2022-04-13 21:15:41,832] {subprocess.py:85} INFO - Output:
[2022-04-13 21:15:41,835] {subprocess.py:89} INFO - /tmp/***tmpjkikd2mi
[2022-04-13 21:15:41,836] {subprocess.py:93} INFO - Command exited with return code 0
[2022-04-13 21:15:41,896] {taskinstance.py:1277} INFO - Marking task as SUCCESS. dag_id=LocalIngestionDAG, task_id=ingest, execution_date=20210102T060004, start_date=20220413T211541, end_date=20220413T211541
[2022-04-13 21:15:41,974] {local_task_job.py:154} INFO - Task exited with return code 0
[2022-04-13 21:15:42,033] {local_task_job.py:264} INFO - 0 downstream tasks scheduled from follow-on schedule check
