[2022-04-13 22:36:33,484] {taskinstance.py:1032} INFO - Dependencies all met for <TaskInstance: LocalIngestionDAG.wget scheduled__2022-04-02T06:00:49+00:00 [queued]>
[2022-04-13 22:36:33,527] {taskinstance.py:1032} INFO - Dependencies all met for <TaskInstance: LocalIngestionDAG.wget scheduled__2022-04-02T06:00:49+00:00 [queued]>
[2022-04-13 22:36:33,528] {taskinstance.py:1238} INFO - 
--------------------------------------------------------------------------------
[2022-04-13 22:36:33,530] {taskinstance.py:1239} INFO - Starting attempt 1 of 1
[2022-04-13 22:36:33,531] {taskinstance.py:1240} INFO - 
--------------------------------------------------------------------------------
[2022-04-13 22:36:33,578] {taskinstance.py:1259} INFO - Executing <Task(BashOperator): wget> on 2022-04-02 06:00:49+00:00
[2022-04-13 22:36:33,592] {standard_task_runner.py:52} INFO - Started process 11467 to run task
[2022-04-13 22:36:33,599] {standard_task_runner.py:76} INFO - Running: ['***', 'tasks', 'run', 'LocalIngestionDAG', 'wget', 'scheduled__2022-04-02T06:00:49+00:00', '--job-id', '1987', '--raw', '--subdir', 'DAGS_FOLDER/data_ingestion_local.py', '--cfg-path', '/tmp/tmp7vyy72m8', '--error-file', '/tmp/tmpk6jx8s9s']
[2022-04-13 22:36:33,604] {standard_task_runner.py:77} INFO - Job 1987: Subtask wget
[2022-04-13 22:36:33,759] {logging_mixin.py:109} INFO - Running <TaskInstance: LocalIngestionDAG.wget scheduled__2022-04-02T06:00:49+00:00 [running]> on host 13db72185839
[2022-04-13 22:36:33,907] {logging_mixin.py:109} WARNING - /home/***/.local/lib/python3.7/site-packages/***/utils/context.py:152 AirflowContextDeprecationWarning: Accessing 'execution_date' from the template is deprecated and will be removed in a future version. Please use 'data_interval_start' or 'logical_date' instead.
[2022-04-13 22:36:33,970] {taskinstance.py:1426} INFO - Exporting the following env vars:
AIRFLOW_CTX_DAG_OWNER=***
AIRFLOW_CTX_DAG_ID=LocalIngestionDAG
AIRFLOW_CTX_TASK_ID=wget
AIRFLOW_CTX_EXECUTION_DATE=2022-04-02T06:00:49+00:00
AIRFLOW_CTX_DAG_RUN_ID=scheduled__2022-04-02T06:00:49+00:00
[2022-04-13 22:36:33,972] {subprocess.py:62} INFO - Tmp dir root location: 
 /tmp
[2022-04-13 22:36:33,975] {subprocess.py:74} INFO - Running command: ['bash', '-c', 'curl -sSL https://s3.amazonaws.com/nyc-tlc/trip+data/yellow_tripdata_2022-04.csv > /opt/***/output_2022-04.csv']
[2022-04-13 22:36:33,993] {subprocess.py:85} INFO - Output:
[2022-04-13 22:36:35,192] {subprocess.py:93} INFO - Command exited with return code 0
[2022-04-13 22:36:35,449] {taskinstance.py:1277} INFO - Marking task as SUCCESS. dag_id=LocalIngestionDAG, task_id=wget, execution_date=20220402T060049, start_date=20220413T223633, end_date=20220413T223635
[2022-04-13 22:36:35,516] {local_task_job.py:154} INFO - Task exited with return code 0
[2022-04-13 22:36:35,706] {local_task_job.py:264} INFO - 1 downstream tasks scheduled from follow-on schedule check
