[2022-04-13 21:26:38,115] {taskinstance.py:1032} INFO - Dependencies all met for <TaskInstance: LocalIngestionDAG.ingest scheduled__2021-09-02T06:00:44+00:00 [queued]>
[2022-04-13 21:26:38,164] {taskinstance.py:1032} INFO - Dependencies all met for <TaskInstance: LocalIngestionDAG.ingest scheduled__2021-09-02T06:00:44+00:00 [queued]>
[2022-04-13 21:26:38,169] {taskinstance.py:1238} INFO - 
--------------------------------------------------------------------------------
[2022-04-13 21:26:38,170] {taskinstance.py:1239} INFO - Starting attempt 1 of 1
[2022-04-13 21:26:38,175] {taskinstance.py:1240} INFO - 
--------------------------------------------------------------------------------
[2022-04-13 21:26:38,218] {taskinstance.py:1259} INFO - Executing <Task(BashOperator): ingest> on 2021-09-02 06:00:44+00:00
[2022-04-13 21:26:38,228] {standard_task_runner.py:52} INFO - Started process 4763 to run task
[2022-04-13 21:26:38,249] {standard_task_runner.py:76} INFO - Running: ['***', 'tasks', 'run', 'LocalIngestionDAG', 'ingest', 'scheduled__2021-09-02T06:00:44+00:00', '--job-id', '1170', '--raw', '--subdir', 'DAGS_FOLDER/data_ingestion_local.py', '--cfg-path', '/tmp/tmp4z76ayne', '--error-file', '/tmp/tmpjk_8tfws']
[2022-04-13 21:26:38,259] {standard_task_runner.py:77} INFO - Job 1170: Subtask ingest
[2022-04-13 21:26:38,543] {logging_mixin.py:109} INFO - Running <TaskInstance: LocalIngestionDAG.ingest scheduled__2021-09-02T06:00:44+00:00 [running]> on host 13db72185839
[2022-04-13 21:26:38,731] {taskinstance.py:1426} INFO - Exporting the following env vars:
AIRFLOW_CTX_DAG_OWNER=***
AIRFLOW_CTX_DAG_ID=LocalIngestionDAG
AIRFLOW_CTX_TASK_ID=ingest
AIRFLOW_CTX_EXECUTION_DATE=2021-09-02T06:00:44+00:00
AIRFLOW_CTX_DAG_RUN_ID=scheduled__2021-09-02T06:00:44+00:00
[2022-04-13 21:26:38,734] {subprocess.py:62} INFO - Tmp dir root location: 
 /tmp
[2022-04-13 21:26:38,736] {subprocess.py:74} INFO - Running command: ['bash', '-c', 'pwd']
[2022-04-13 21:26:38,750] {subprocess.py:85} INFO - Output:
[2022-04-13 21:26:38,754] {subprocess.py:89} INFO - /tmp/***tmp0_pemhjc
[2022-04-13 21:26:38,755] {subprocess.py:93} INFO - Command exited with return code 0
[2022-04-13 21:26:38,850] {taskinstance.py:1277} INFO - Marking task as SUCCESS. dag_id=LocalIngestionDAG, task_id=ingest, execution_date=20210902T060044, start_date=20220413T212638, end_date=20220413T212638
[2022-04-13 21:26:38,938] {local_task_job.py:154} INFO - Task exited with return code 0
[2022-04-13 21:26:39,010] {local_task_job.py:264} INFO - 0 downstream tasks scheduled from follow-on schedule check
