[2022-04-13 21:55:43,592] {taskinstance.py:1032} INFO - Dependencies all met for <TaskInstance: LocalIngestionDAG.ingest scheduled__2021-11-02T06:00:10+00:00 [queued]>
[2022-04-13 21:55:43,609] {taskinstance.py:1032} INFO - Dependencies all met for <TaskInstance: LocalIngestionDAG.ingest scheduled__2021-11-02T06:00:10+00:00 [queued]>
[2022-04-13 21:55:43,610] {taskinstance.py:1238} INFO - 
--------------------------------------------------------------------------------
[2022-04-13 21:55:43,610] {taskinstance.py:1239} INFO - Starting attempt 1 of 1
[2022-04-13 21:55:43,611] {taskinstance.py:1240} INFO - 
--------------------------------------------------------------------------------
[2022-04-13 21:55:43,647] {taskinstance.py:1259} INFO - Executing <Task(BashOperator): ingest> on 2021-11-02 06:00:10+00:00
[2022-04-13 21:55:43,652] {standard_task_runner.py:52} INFO - Started process 6947 to run task
[2022-04-13 21:55:43,668] {standard_task_runner.py:76} INFO - Running: ['***', 'tasks', 'run', 'LocalIngestionDAG', 'ingest', 'scheduled__2021-11-02T06:00:10+00:00', '--job-id', '1348', '--raw', '--subdir', 'DAGS_FOLDER/data_ingestion_local.py', '--cfg-path', '/tmp/tmpxyqhwlrb', '--error-file', '/tmp/tmpl8dipsrn']
[2022-04-13 21:55:43,671] {standard_task_runner.py:77} INFO - Job 1348: Subtask ingest
[2022-04-13 21:55:43,780] {logging_mixin.py:109} INFO - Running <TaskInstance: LocalIngestionDAG.ingest scheduled__2021-11-02T06:00:10+00:00 [running]> on host 13db72185839
[2022-04-13 21:55:43,892] {taskinstance.py:1426} INFO - Exporting the following env vars:
AIRFLOW_CTX_DAG_OWNER=***
AIRFLOW_CTX_DAG_ID=LocalIngestionDAG
AIRFLOW_CTX_TASK_ID=ingest
AIRFLOW_CTX_EXECUTION_DATE=2021-11-02T06:00:10+00:00
AIRFLOW_CTX_DAG_RUN_ID=scheduled__2021-11-02T06:00:10+00:00
[2022-04-13 21:55:43,893] {subprocess.py:62} INFO - Tmp dir root location: 
 /tmp
[2022-04-13 21:55:43,894] {subprocess.py:74} INFO - Running command: ['bash', '-c', 'ls /opt/***']
[2022-04-13 21:55:43,905] {subprocess.py:85} INFO - Output:
[2022-04-13 21:55:43,910] {subprocess.py:89} INFO - ***.cfg
[2022-04-13 21:55:43,910] {subprocess.py:89} INFO - dags
[2022-04-13 21:55:43,911] {subprocess.py:89} INFO - logs
[2022-04-13 21:55:43,911] {subprocess.py:89} INFO - output.csv
[2022-04-13 21:55:43,911] {subprocess.py:89} INFO - plugins
[2022-04-13 21:55:43,912] {subprocess.py:89} INFO - requirements.txt
[2022-04-13 21:55:43,912] {subprocess.py:89} INFO - scripts
[2022-04-13 21:55:43,912] {subprocess.py:89} INFO - webserver_config.py
[2022-04-13 21:55:43,913] {subprocess.py:93} INFO - Command exited with return code 0
[2022-04-13 21:55:44,287] {taskinstance.py:1277} INFO - Marking task as SUCCESS. dag_id=LocalIngestionDAG, task_id=ingest, execution_date=20211102T060010, start_date=20220413T215543, end_date=20220413T215544
[2022-04-13 21:55:44,355] {local_task_job.py:154} INFO - Task exited with return code 0
[2022-04-13 21:55:44,394] {local_task_job.py:264} INFO - 0 downstream tasks scheduled from follow-on schedule check
