[2022-04-13 21:15:55,964] {taskinstance.py:1032} INFO - Dependencies all met for <TaskInstance: LocalIngestionDAG.ingest scheduled__2021-01-02T06:00:23+00:00 [queued]>
[2022-04-13 21:15:55,984] {taskinstance.py:1032} INFO - Dependencies all met for <TaskInstance: LocalIngestionDAG.ingest scheduled__2021-01-02T06:00:23+00:00 [queued]>
[2022-04-13 21:15:55,985] {taskinstance.py:1238} INFO - 
--------------------------------------------------------------------------------
[2022-04-13 21:15:55,986] {taskinstance.py:1239} INFO - Starting attempt 1 of 1
[2022-04-13 21:15:55,988] {taskinstance.py:1240} INFO - 
--------------------------------------------------------------------------------
[2022-04-13 21:15:56,006] {taskinstance.py:1259} INFO - Executing <Task(BashOperator): ingest> on 2021-01-02 06:00:23+00:00
[2022-04-13 21:15:56,010] {standard_task_runner.py:52} INFO - Started process 1228 to run task
[2022-04-13 21:15:56,014] {standard_task_runner.py:76} INFO - Running: ['***', 'tasks', 'run', 'LocalIngestionDAG', 'ingest', 'scheduled__2021-01-02T06:00:23+00:00', '--job-id', '169', '--raw', '--subdir', 'DAGS_FOLDER/data_ingestion_local.py', '--cfg-path', '/tmp/tmp0j60u_re', '--error-file', '/tmp/tmpnt180jlx']
[2022-04-13 21:15:56,016] {standard_task_runner.py:77} INFO - Job 169: Subtask ingest
[2022-04-13 21:15:56,091] {logging_mixin.py:109} INFO - Running <TaskInstance: LocalIngestionDAG.ingest scheduled__2021-01-02T06:00:23+00:00 [running]> on host 13db72185839
[2022-04-13 21:15:56,166] {taskinstance.py:1426} INFO - Exporting the following env vars:
AIRFLOW_CTX_DAG_OWNER=***
AIRFLOW_CTX_DAG_ID=LocalIngestionDAG
AIRFLOW_CTX_TASK_ID=ingest
AIRFLOW_CTX_EXECUTION_DATE=2021-01-02T06:00:23+00:00
AIRFLOW_CTX_DAG_RUN_ID=scheduled__2021-01-02T06:00:23+00:00
[2022-04-13 21:15:56,167] {subprocess.py:62} INFO - Tmp dir root location: 
 /tmp
[2022-04-13 21:15:56,168] {subprocess.py:74} INFO - Running command: ['bash', '-c', 'pwd']
[2022-04-13 21:15:56,178] {subprocess.py:85} INFO - Output:
[2022-04-13 21:15:56,180] {subprocess.py:89} INFO - /tmp/***tmpb3748nd7
[2022-04-13 21:15:56,181] {subprocess.py:93} INFO - Command exited with return code 0
[2022-04-13 21:15:56,216] {taskinstance.py:1277} INFO - Marking task as SUCCESS. dag_id=LocalIngestionDAG, task_id=ingest, execution_date=20210102T060023, start_date=20220413T211555, end_date=20220413T211556
[2022-04-13 21:15:56,266] {local_task_job.py:154} INFO - Task exited with return code 0
[2022-04-13 21:15:56,295] {local_task_job.py:264} INFO - 0 downstream tasks scheduled from follow-on schedule check
