[2022-04-13 21:26:34,066] {taskinstance.py:1032} INFO - Dependencies all met for <TaskInstance: LocalIngestionDAG.wget scheduled__2021-09-02T06:00:43+00:00 [queued]>
[2022-04-13 21:26:34,126] {taskinstance.py:1032} INFO - Dependencies all met for <TaskInstance: LocalIngestionDAG.wget scheduled__2021-09-02T06:00:43+00:00 [queued]>
[2022-04-13 21:26:34,130] {taskinstance.py:1238} INFO - 
--------------------------------------------------------------------------------
[2022-04-13 21:26:34,131] {taskinstance.py:1239} INFO - Starting attempt 1 of 1
[2022-04-13 21:26:34,131] {taskinstance.py:1240} INFO - 
--------------------------------------------------------------------------------
[2022-04-13 21:26:34,189] {taskinstance.py:1259} INFO - Executing <Task(BashOperator): wget> on 2021-09-02 06:00:43+00:00
[2022-04-13 21:26:34,227] {standard_task_runner.py:52} INFO - Started process 4745 to run task
[2022-04-13 21:26:34,244] {standard_task_runner.py:76} INFO - Running: ['***', 'tasks', 'run', 'LocalIngestionDAG', 'wget', 'scheduled__2021-09-02T06:00:43+00:00', '--job-id', '1163', '--raw', '--subdir', 'DAGS_FOLDER/data_ingestion_local.py', '--cfg-path', '/tmp/tmpbxvwbnf2', '--error-file', '/tmp/tmpdq8vm2kc']
[2022-04-13 21:26:34,261] {standard_task_runner.py:77} INFO - Job 1163: Subtask wget
[2022-04-13 21:26:34,524] {logging_mixin.py:109} INFO - Running <TaskInstance: LocalIngestionDAG.wget scheduled__2021-09-02T06:00:43+00:00 [running]> on host 13db72185839
[2022-04-13 21:26:34,676] {taskinstance.py:1426} INFO - Exporting the following env vars:
AIRFLOW_CTX_DAG_OWNER=***
AIRFLOW_CTX_DAG_ID=LocalIngestionDAG
AIRFLOW_CTX_TASK_ID=wget
AIRFLOW_CTX_EXECUTION_DATE=2021-09-02T06:00:43+00:00
AIRFLOW_CTX_DAG_RUN_ID=scheduled__2021-09-02T06:00:43+00:00
[2022-04-13 21:26:34,678] {subprocess.py:62} INFO - Tmp dir root location: 
 /tmp
[2022-04-13 21:26:34,680] {subprocess.py:74} INFO - Running command: ['bash', '-c', 'echo "hello world"']
[2022-04-13 21:26:34,695] {subprocess.py:85} INFO - Output:
[2022-04-13 21:26:34,699] {subprocess.py:89} INFO - hello world
[2022-04-13 21:26:34,700] {subprocess.py:93} INFO - Command exited with return code 0
[2022-04-13 21:26:34,813] {taskinstance.py:1277} INFO - Marking task as SUCCESS. dag_id=LocalIngestionDAG, task_id=wget, execution_date=20210902T060043, start_date=20220413T212634, end_date=20220413T212634
[2022-04-13 21:26:34,935] {local_task_job.py:154} INFO - Task exited with return code 0
[2022-04-13 21:26:35,169] {local_task_job.py:264} INFO - 0 downstream tasks scheduled from follow-on schedule check
