[2022-04-13 21:20:47,240] {taskinstance.py:1032} INFO - Dependencies all met for <TaskInstance: LocalIngestionDAG.wget scheduled__2021-04-02T06:00:10+00:00 [queued]>
[2022-04-13 21:20:47,264] {taskinstance.py:1032} INFO - Dependencies all met for <TaskInstance: LocalIngestionDAG.wget scheduled__2021-04-02T06:00:10+00:00 [queued]>
[2022-04-13 21:20:47,265] {taskinstance.py:1238} INFO - 
--------------------------------------------------------------------------------
[2022-04-13 21:20:47,266] {taskinstance.py:1239} INFO - Starting attempt 1 of 1
[2022-04-13 21:20:47,267] {taskinstance.py:1240} INFO - 
--------------------------------------------------------------------------------
[2022-04-13 21:20:47,326] {taskinstance.py:1259} INFO - Executing <Task(BashOperator): wget> on 2021-04-02 06:00:10+00:00
[2022-04-13 21:20:47,345] {standard_task_runner.py:52} INFO - Started process 2486 to run task
[2022-04-13 21:20:47,357] {standard_task_runner.py:76} INFO - Running: ['***', 'tasks', 'run', 'LocalIngestionDAG', 'wget', 'scheduled__2021-04-02T06:00:10+00:00', '--job-id', '500', '--raw', '--subdir', 'DAGS_FOLDER/data_ingestion_local.py', '--cfg-path', '/tmp/tmp96047tso', '--error-file', '/tmp/tmpwt84hxeh']
[2022-04-13 21:20:47,367] {standard_task_runner.py:77} INFO - Job 500: Subtask wget
[2022-04-13 21:20:47,595] {logging_mixin.py:109} INFO - Running <TaskInstance: LocalIngestionDAG.wget scheduled__2021-04-02T06:00:10+00:00 [running]> on host 13db72185839
[2022-04-13 21:20:47,730] {taskinstance.py:1426} INFO - Exporting the following env vars:
AIRFLOW_CTX_DAG_OWNER=***
AIRFLOW_CTX_DAG_ID=LocalIngestionDAG
AIRFLOW_CTX_TASK_ID=wget
AIRFLOW_CTX_EXECUTION_DATE=2021-04-02T06:00:10+00:00
AIRFLOW_CTX_DAG_RUN_ID=scheduled__2021-04-02T06:00:10+00:00
[2022-04-13 21:20:47,732] {subprocess.py:62} INFO - Tmp dir root location: 
 /tmp
[2022-04-13 21:20:47,733] {subprocess.py:74} INFO - Running command: ['bash', '-c', 'echo "hello world"']
[2022-04-13 21:20:47,749] {subprocess.py:85} INFO - Output:
[2022-04-13 21:20:47,752] {subprocess.py:89} INFO - hello world
[2022-04-13 21:20:47,753] {subprocess.py:93} INFO - Command exited with return code 0
[2022-04-13 21:20:47,800] {taskinstance.py:1277} INFO - Marking task as SUCCESS. dag_id=LocalIngestionDAG, task_id=wget, execution_date=20210402T060010, start_date=20220413T212047, end_date=20220413T212047
[2022-04-13 21:20:47,873] {local_task_job.py:154} INFO - Task exited with return code 0
[2022-04-13 21:20:47,978] {local_task_job.py:264} INFO - 1 downstream tasks scheduled from follow-on schedule check
