[2022-04-13 21:16:54,097] {taskinstance.py:1032} INFO - Dependencies all met for <TaskInstance: LocalIngestionDAG.ingest scheduled__2021-02-02T06:00:28+00:00 [queued]>
[2022-04-13 21:16:54,124] {taskinstance.py:1032} INFO - Dependencies all met for <TaskInstance: LocalIngestionDAG.ingest scheduled__2021-02-02T06:00:28+00:00 [queued]>
[2022-04-13 21:16:54,125] {taskinstance.py:1238} INFO - 
--------------------------------------------------------------------------------
[2022-04-13 21:16:54,126] {taskinstance.py:1239} INFO - Starting attempt 1 of 1
[2022-04-13 21:16:54,130] {taskinstance.py:1240} INFO - 
--------------------------------------------------------------------------------
[2022-04-13 21:16:54,207] {taskinstance.py:1259} INFO - Executing <Task(BashOperator): ingest> on 2021-02-02 06:00:28+00:00
[2022-04-13 21:16:54,223] {standard_task_runner.py:52} INFO - Started process 1677 to run task
[2022-04-13 21:16:54,230] {standard_task_runner.py:76} INFO - Running: ['***', 'tasks', 'run', 'LocalIngestionDAG', 'ingest', 'scheduled__2021-02-02T06:00:28+00:00', '--job-id', '302', '--raw', '--subdir', 'DAGS_FOLDER/data_ingestion_local.py', '--cfg-path', '/tmp/tmplkblfwwu', '--error-file', '/tmp/tmp3zl8y6kv']
[2022-04-13 21:16:54,254] {standard_task_runner.py:77} INFO - Job 302: Subtask ingest
[2022-04-13 21:16:54,439] {logging_mixin.py:109} INFO - Running <TaskInstance: LocalIngestionDAG.ingest scheduled__2021-02-02T06:00:28+00:00 [running]> on host 13db72185839
[2022-04-13 21:16:54,603] {taskinstance.py:1426} INFO - Exporting the following env vars:
AIRFLOW_CTX_DAG_OWNER=***
AIRFLOW_CTX_DAG_ID=LocalIngestionDAG
AIRFLOW_CTX_TASK_ID=ingest
AIRFLOW_CTX_EXECUTION_DATE=2021-02-02T06:00:28+00:00
AIRFLOW_CTX_DAG_RUN_ID=scheduled__2021-02-02T06:00:28+00:00
[2022-04-13 21:16:54,608] {subprocess.py:62} INFO - Tmp dir root location: 
 /tmp
[2022-04-13 21:16:54,610] {subprocess.py:74} INFO - Running command: ['bash', '-c', 'pwd']
[2022-04-13 21:16:54,627] {subprocess.py:85} INFO - Output:
[2022-04-13 21:16:54,629] {subprocess.py:89} INFO - /tmp/***tmp4fw9a1ub
[2022-04-13 21:16:54,630] {subprocess.py:93} INFO - Command exited with return code 0
[2022-04-13 21:16:54,673] {taskinstance.py:1277} INFO - Marking task as SUCCESS. dag_id=LocalIngestionDAG, task_id=ingest, execution_date=20210202T060028, start_date=20220413T211654, end_date=20220413T211654
[2022-04-13 21:16:54,729] {local_task_job.py:154} INFO - Task exited with return code 0
[2022-04-13 21:16:54,871] {local_task_job.py:264} INFO - 0 downstream tasks scheduled from follow-on schedule check
