[2022-04-13 21:21:34,982] {taskinstance.py:1032} INFO - Dependencies all met for <TaskInstance: LocalIngestionDAG.ingest scheduled__2021-04-02T06:00:58+00:00 [queued]>
[2022-04-13 21:21:35,042] {taskinstance.py:1032} INFO - Dependencies all met for <TaskInstance: LocalIngestionDAG.ingest scheduled__2021-04-02T06:00:58+00:00 [queued]>
[2022-04-13 21:21:35,046] {taskinstance.py:1238} INFO - 
--------------------------------------------------------------------------------
[2022-04-13 21:21:35,050] {taskinstance.py:1239} INFO - Starting attempt 1 of 1
[2022-04-13 21:21:35,051] {taskinstance.py:1240} INFO - 
--------------------------------------------------------------------------------
[2022-04-13 21:21:35,118] {taskinstance.py:1259} INFO - Executing <Task(BashOperator): ingest> on 2021-04-02 06:00:58+00:00
[2022-04-13 21:21:35,128] {standard_task_runner.py:52} INFO - Started process 2808 to run task
[2022-04-13 21:21:35,135] {standard_task_runner.py:76} INFO - Running: ['***', 'tasks', 'run', 'LocalIngestionDAG', 'ingest', 'scheduled__2021-04-02T06:00:58+00:00', '--job-id', '597', '--raw', '--subdir', 'DAGS_FOLDER/data_ingestion_local.py', '--cfg-path', '/tmp/tmpjf0tx7x5', '--error-file', '/tmp/tmpaed9m45w']
[2022-04-13 21:21:35,142] {standard_task_runner.py:77} INFO - Job 597: Subtask ingest
[2022-04-13 21:21:35,348] {logging_mixin.py:109} INFO - Running <TaskInstance: LocalIngestionDAG.ingest scheduled__2021-04-02T06:00:58+00:00 [running]> on host 13db72185839
[2022-04-13 21:21:35,498] {taskinstance.py:1426} INFO - Exporting the following env vars:
AIRFLOW_CTX_DAG_OWNER=***
AIRFLOW_CTX_DAG_ID=LocalIngestionDAG
AIRFLOW_CTX_TASK_ID=ingest
AIRFLOW_CTX_EXECUTION_DATE=2021-04-02T06:00:58+00:00
AIRFLOW_CTX_DAG_RUN_ID=scheduled__2021-04-02T06:00:58+00:00
[2022-04-13 21:21:35,500] {subprocess.py:62} INFO - Tmp dir root location: 
 /tmp
[2022-04-13 21:21:35,501] {subprocess.py:74} INFO - Running command: ['bash', '-c', 'pwd']
[2022-04-13 21:21:35,516] {subprocess.py:85} INFO - Output:
[2022-04-13 21:21:35,518] {subprocess.py:89} INFO - /tmp/***tmpl540q9w7
[2022-04-13 21:21:35,519] {subprocess.py:93} INFO - Command exited with return code 0
[2022-04-13 21:21:35,566] {taskinstance.py:1277} INFO - Marking task as SUCCESS. dag_id=LocalIngestionDAG, task_id=ingest, execution_date=20210402T060058, start_date=20220413T212134, end_date=20220413T212135
[2022-04-13 21:21:35,632] {local_task_job.py:154} INFO - Task exited with return code 0
[2022-04-13 21:21:35,671] {local_task_job.py:264} INFO - 0 downstream tasks scheduled from follow-on schedule check
