[2022-04-13 21:23:40,179] {taskinstance.py:1032} INFO - Dependencies all met for <TaskInstance: LocalIngestionDAG.ingest scheduled__2021-06-02T06:00:58+00:00 [queued]>
[2022-04-13 21:23:40,210] {taskinstance.py:1032} INFO - Dependencies all met for <TaskInstance: LocalIngestionDAG.ingest scheduled__2021-06-02T06:00:58+00:00 [queued]>
[2022-04-13 21:23:40,212] {taskinstance.py:1238} INFO - 
--------------------------------------------------------------------------------
[2022-04-13 21:23:40,213] {taskinstance.py:1239} INFO - Starting attempt 1 of 1
[2022-04-13 21:23:40,214] {taskinstance.py:1240} INFO - 
--------------------------------------------------------------------------------
[2022-04-13 21:23:40,266] {taskinstance.py:1259} INFO - Executing <Task(BashOperator): ingest> on 2021-06-02 06:00:58+00:00
[2022-04-13 21:23:40,272] {standard_task_runner.py:52} INFO - Started process 3632 to run task
[2022-04-13 21:23:40,281] {standard_task_runner.py:76} INFO - Running: ['***', 'tasks', 'run', 'LocalIngestionDAG', 'ingest', 'scheduled__2021-06-02T06:00:58+00:00', '--job-id', '840', '--raw', '--subdir', 'DAGS_FOLDER/data_ingestion_local.py', '--cfg-path', '/tmp/tmp16ay_bdp', '--error-file', '/tmp/tmpnba08wmb']
[2022-04-13 21:23:40,284] {standard_task_runner.py:77} INFO - Job 840: Subtask ingest
[2022-04-13 21:23:40,426] {logging_mixin.py:109} INFO - Running <TaskInstance: LocalIngestionDAG.ingest scheduled__2021-06-02T06:00:58+00:00 [running]> on host 13db72185839
[2022-04-13 21:23:40,551] {taskinstance.py:1426} INFO - Exporting the following env vars:
AIRFLOW_CTX_DAG_OWNER=***
AIRFLOW_CTX_DAG_ID=LocalIngestionDAG
AIRFLOW_CTX_TASK_ID=ingest
AIRFLOW_CTX_EXECUTION_DATE=2021-06-02T06:00:58+00:00
AIRFLOW_CTX_DAG_RUN_ID=scheduled__2021-06-02T06:00:58+00:00
[2022-04-13 21:23:40,552] {subprocess.py:62} INFO - Tmp dir root location: 
 /tmp
[2022-04-13 21:23:40,553] {subprocess.py:74} INFO - Running command: ['bash', '-c', 'pwd']
[2022-04-13 21:23:40,565] {subprocess.py:85} INFO - Output:
[2022-04-13 21:23:40,567] {subprocess.py:89} INFO - /tmp/***tmpm8n_yfns
[2022-04-13 21:23:40,568] {subprocess.py:93} INFO - Command exited with return code 0
[2022-04-13 21:23:40,604] {taskinstance.py:1277} INFO - Marking task as SUCCESS. dag_id=LocalIngestionDAG, task_id=ingest, execution_date=20210602T060058, start_date=20220413T212340, end_date=20220413T212340
[2022-04-13 21:23:40,655] {local_task_job.py:154} INFO - Task exited with return code 0
[2022-04-13 21:23:40,777] {local_task_job.py:264} INFO - 0 downstream tasks scheduled from follow-on schedule check
