[2022-04-13 21:56:06,953] {taskinstance.py:1032} INFO - Dependencies all met for <TaskInstance: LocalIngestionDAG.ingest scheduled__2021-11-02T06:00:07+00:00 [queued]>
[2022-04-13 21:56:06,969] {taskinstance.py:1032} INFO - Dependencies all met for <TaskInstance: LocalIngestionDAG.ingest scheduled__2021-11-02T06:00:07+00:00 [queued]>
[2022-04-13 21:56:06,970] {taskinstance.py:1238} INFO - 
--------------------------------------------------------------------------------
[2022-04-13 21:56:06,970] {taskinstance.py:1239} INFO - Starting attempt 1 of 1
[2022-04-13 21:56:06,971] {taskinstance.py:1240} INFO - 
--------------------------------------------------------------------------------
[2022-04-13 21:56:07,000] {taskinstance.py:1259} INFO - Executing <Task(BashOperator): ingest> on 2021-11-02 06:00:07+00:00
[2022-04-13 21:56:07,007] {standard_task_runner.py:52} INFO - Started process 6985 to run task
[2022-04-13 21:56:07,022] {standard_task_runner.py:76} INFO - Running: ['***', 'tasks', 'run', 'LocalIngestionDAG', 'ingest', 'scheduled__2021-11-02T06:00:07+00:00', '--job-id', '1351', '--raw', '--subdir', 'DAGS_FOLDER/data_ingestion_local.py', '--cfg-path', '/tmp/tmp9n4j0im7', '--error-file', '/tmp/tmpd10e_eus']
[2022-04-13 21:56:07,024] {standard_task_runner.py:77} INFO - Job 1351: Subtask ingest
[2022-04-13 21:56:07,171] {logging_mixin.py:109} INFO - Running <TaskInstance: LocalIngestionDAG.ingest scheduled__2021-11-02T06:00:07+00:00 [running]> on host 13db72185839
[2022-04-13 21:56:07,396] {taskinstance.py:1426} INFO - Exporting the following env vars:
AIRFLOW_CTX_DAG_OWNER=***
AIRFLOW_CTX_DAG_ID=LocalIngestionDAG
AIRFLOW_CTX_TASK_ID=ingest
AIRFLOW_CTX_EXECUTION_DATE=2021-11-02T06:00:07+00:00
AIRFLOW_CTX_DAG_RUN_ID=scheduled__2021-11-02T06:00:07+00:00
[2022-04-13 21:56:07,401] {subprocess.py:62} INFO - Tmp dir root location: 
 /tmp
[2022-04-13 21:56:07,403] {subprocess.py:74} INFO - Running command: ['bash', '-c', 'ls /opt/***']
[2022-04-13 21:56:07,416] {subprocess.py:85} INFO - Output:
[2022-04-13 21:56:07,426] {subprocess.py:89} INFO - ***.cfg
[2022-04-13 21:56:07,427] {subprocess.py:89} INFO - dags
[2022-04-13 21:56:07,428] {subprocess.py:89} INFO - logs
[2022-04-13 21:56:07,429] {subprocess.py:89} INFO - output.csv
[2022-04-13 21:56:07,430] {subprocess.py:89} INFO - plugins
[2022-04-13 21:56:07,431] {subprocess.py:89} INFO - requirements.txt
[2022-04-13 21:56:07,433] {subprocess.py:89} INFO - scripts
[2022-04-13 21:56:07,434] {subprocess.py:89} INFO - webserver_config.py
[2022-04-13 21:56:07,435] {subprocess.py:93} INFO - Command exited with return code 0
[2022-04-13 21:56:07,477] {taskinstance.py:1277} INFO - Marking task as SUCCESS. dag_id=LocalIngestionDAG, task_id=ingest, execution_date=20211102T060007, start_date=20220413T215606, end_date=20220413T215607
[2022-04-13 21:56:07,518] {local_task_job.py:154} INFO - Task exited with return code 0
[2022-04-13 21:56:07,588] {local_task_job.py:264} INFO - 0 downstream tasks scheduled from follow-on schedule check
