[2022-04-13 21:27:25,450] {taskinstance.py:1032} INFO - Dependencies all met for <TaskInstance: LocalIngestionDAG.wget scheduled__2021-10-02T06:00:18+00:00 [queued]>
[2022-04-13 21:27:25,501] {taskinstance.py:1032} INFO - Dependencies all met for <TaskInstance: LocalIngestionDAG.wget scheduled__2021-10-02T06:00:18+00:00 [queued]>
[2022-04-13 21:27:25,502] {taskinstance.py:1238} INFO - 
--------------------------------------------------------------------------------
[2022-04-13 21:27:25,503] {taskinstance.py:1239} INFO - Starting attempt 1 of 1
[2022-04-13 21:27:25,507] {taskinstance.py:1240} INFO - 
--------------------------------------------------------------------------------
[2022-04-13 21:27:25,597] {taskinstance.py:1259} INFO - Executing <Task(BashOperator): wget> on 2021-10-02 06:00:18+00:00
[2022-04-13 21:27:25,616] {standard_task_runner.py:52} INFO - Started process 4990 to run task
[2022-04-13 21:27:25,626] {standard_task_runner.py:76} INFO - Running: ['***', 'tasks', 'run', 'LocalIngestionDAG', 'wget', 'scheduled__2021-10-02T06:00:18+00:00', '--job-id', '1237', '--raw', '--subdir', 'DAGS_FOLDER/data_ingestion_local.py', '--cfg-path', '/tmp/tmp8z7btm0h', '--error-file', '/tmp/tmpuhx9x40w']
[2022-04-13 21:27:25,636] {standard_task_runner.py:77} INFO - Job 1237: Subtask wget
[2022-04-13 21:27:25,936] {logging_mixin.py:109} INFO - Running <TaskInstance: LocalIngestionDAG.wget scheduled__2021-10-02T06:00:18+00:00 [running]> on host 13db72185839
[2022-04-13 21:27:26,169] {taskinstance.py:1426} INFO - Exporting the following env vars:
AIRFLOW_CTX_DAG_OWNER=***
AIRFLOW_CTX_DAG_ID=LocalIngestionDAG
AIRFLOW_CTX_TASK_ID=wget
AIRFLOW_CTX_EXECUTION_DATE=2021-10-02T06:00:18+00:00
AIRFLOW_CTX_DAG_RUN_ID=scheduled__2021-10-02T06:00:18+00:00
[2022-04-13 21:27:26,183] {subprocess.py:62} INFO - Tmp dir root location: 
 /tmp
[2022-04-13 21:27:26,194] {subprocess.py:74} INFO - Running command: ['bash', '-c', 'echo "hello world"']
[2022-04-13 21:27:26,231] {subprocess.py:85} INFO - Output:
[2022-04-13 21:27:26,240] {subprocess.py:89} INFO - hello world
[2022-04-13 21:27:26,244] {subprocess.py:93} INFO - Command exited with return code 0
[2022-04-13 21:27:26,446] {taskinstance.py:1277} INFO - Marking task as SUCCESS. dag_id=LocalIngestionDAG, task_id=wget, execution_date=20211002T060018, start_date=20220413T212725, end_date=20220413T212726
[2022-04-13 21:27:26,696] {local_task_job.py:154} INFO - Task exited with return code 0
[2022-04-13 21:27:27,379] {local_task_job.py:264} INFO - 0 downstream tasks scheduled from follow-on schedule check
