[2022-04-13 21:21:48,466] {taskinstance.py:1032} INFO - Dependencies all met for <TaskInstance: LocalIngestionDAG.ingest scheduled__2021-05-02T06:00:09+00:00 [queued]>
[2022-04-13 21:21:48,509] {taskinstance.py:1032} INFO - Dependencies all met for <TaskInstance: LocalIngestionDAG.ingest scheduled__2021-05-02T06:00:09+00:00 [queued]>
[2022-04-13 21:21:48,512] {taskinstance.py:1238} INFO - 
--------------------------------------------------------------------------------
[2022-04-13 21:21:48,514] {taskinstance.py:1239} INFO - Starting attempt 1 of 1
[2022-04-13 21:21:48,517] {taskinstance.py:1240} INFO - 
--------------------------------------------------------------------------------
[2022-04-13 21:21:48,577] {taskinstance.py:1259} INFO - Executing <Task(BashOperator): ingest> on 2021-05-02 06:00:09+00:00
[2022-04-13 21:21:48,583] {standard_task_runner.py:52} INFO - Started process 2903 to run task
[2022-04-13 21:21:48,598] {standard_task_runner.py:76} INFO - Running: ['***', 'tasks', 'run', 'LocalIngestionDAG', 'ingest', 'scheduled__2021-05-02T06:00:09+00:00', '--job-id', '623', '--raw', '--subdir', 'DAGS_FOLDER/data_ingestion_local.py', '--cfg-path', '/tmp/tmp2wlhpaig', '--error-file', '/tmp/tmpeyznqztw']
[2022-04-13 21:21:48,600] {standard_task_runner.py:77} INFO - Job 623: Subtask ingest
[2022-04-13 21:21:48,771] {logging_mixin.py:109} INFO - Running <TaskInstance: LocalIngestionDAG.ingest scheduled__2021-05-02T06:00:09+00:00 [running]> on host 13db72185839
[2022-04-13 21:21:49,186] {taskinstance.py:1426} INFO - Exporting the following env vars:
AIRFLOW_CTX_DAG_OWNER=***
AIRFLOW_CTX_DAG_ID=LocalIngestionDAG
AIRFLOW_CTX_TASK_ID=ingest
AIRFLOW_CTX_EXECUTION_DATE=2021-05-02T06:00:09+00:00
AIRFLOW_CTX_DAG_RUN_ID=scheduled__2021-05-02T06:00:09+00:00
[2022-04-13 21:21:49,188] {subprocess.py:62} INFO - Tmp dir root location: 
 /tmp
[2022-04-13 21:21:49,192] {subprocess.py:74} INFO - Running command: ['bash', '-c', 'pwd']
[2022-04-13 21:21:49,256] {subprocess.py:85} INFO - Output:
[2022-04-13 21:21:49,267] {subprocess.py:89} INFO - /tmp/***tmp2y9pelxv
[2022-04-13 21:21:49,269] {subprocess.py:93} INFO - Command exited with return code 0
[2022-04-13 21:21:49,604] {taskinstance.py:1277} INFO - Marking task as SUCCESS. dag_id=LocalIngestionDAG, task_id=ingest, execution_date=20210502T060009, start_date=20220413T212148, end_date=20220413T212149
[2022-04-13 21:21:49,695] {local_task_job.py:154} INFO - Task exited with return code 0
[2022-04-13 21:21:49,941] {local_task_job.py:264} INFO - 0 downstream tasks scheduled from follow-on schedule check
