[2022-04-13 21:25:15,655] {taskinstance.py:1032} INFO - Dependencies all met for <TaskInstance: LocalIngestionDAG.ingest scheduled__2021-08-02T06:00:28+00:00 [queued]>
[2022-04-13 21:25:15,786] {taskinstance.py:1032} INFO - Dependencies all met for <TaskInstance: LocalIngestionDAG.ingest scheduled__2021-08-02T06:00:28+00:00 [queued]>
[2022-04-13 21:25:15,787] {taskinstance.py:1238} INFO - 
--------------------------------------------------------------------------------
[2022-04-13 21:25:15,799] {taskinstance.py:1239} INFO - Starting attempt 1 of 1
[2022-04-13 21:25:15,800] {taskinstance.py:1240} INFO - 
--------------------------------------------------------------------------------
[2022-04-13 21:25:15,944] {taskinstance.py:1259} INFO - Executing <Task(BashOperator): ingest> on 2021-08-02 06:00:28+00:00
[2022-04-13 21:25:15,963] {standard_task_runner.py:52} INFO - Started process 4254 to run task
[2022-04-13 21:25:15,983] {standard_task_runner.py:76} INFO - Running: ['***', 'tasks', 'run', 'LocalIngestionDAG', 'ingest', 'scheduled__2021-08-02T06:00:28+00:00', '--job-id', '1022', '--raw', '--subdir', 'DAGS_FOLDER/data_ingestion_local.py', '--cfg-path', '/tmp/tmpe5wlfc_z', '--error-file', '/tmp/tmpdsi0s2yq']
[2022-04-13 21:25:15,991] {standard_task_runner.py:77} INFO - Job 1022: Subtask ingest
[2022-04-13 21:25:16,280] {logging_mixin.py:109} INFO - Running <TaskInstance: LocalIngestionDAG.ingest scheduled__2021-08-02T06:00:28+00:00 [running]> on host 13db72185839
[2022-04-13 21:25:16,624] {taskinstance.py:1426} INFO - Exporting the following env vars:
AIRFLOW_CTX_DAG_OWNER=***
AIRFLOW_CTX_DAG_ID=LocalIngestionDAG
AIRFLOW_CTX_TASK_ID=ingest
AIRFLOW_CTX_EXECUTION_DATE=2021-08-02T06:00:28+00:00
AIRFLOW_CTX_DAG_RUN_ID=scheduled__2021-08-02T06:00:28+00:00
[2022-04-13 21:25:16,627] {subprocess.py:62} INFO - Tmp dir root location: 
 /tmp
[2022-04-13 21:25:16,630] {subprocess.py:74} INFO - Running command: ['bash', '-c', 'pwd']
[2022-04-13 21:25:16,656] {subprocess.py:85} INFO - Output:
[2022-04-13 21:25:16,669] {subprocess.py:89} INFO - /tmp/***tmp8s5snkjn
[2022-04-13 21:25:16,685] {subprocess.py:93} INFO - Command exited with return code 0
[2022-04-13 21:25:16,786] {taskinstance.py:1277} INFO - Marking task as SUCCESS. dag_id=LocalIngestionDAG, task_id=ingest, execution_date=20210802T060028, start_date=20220413T212515, end_date=20220413T212516
[2022-04-13 21:25:16,843] {local_task_job.py:154} INFO - Task exited with return code 0
[2022-04-13 21:25:16,935] {local_task_job.py:264} INFO - 0 downstream tasks scheduled from follow-on schedule check
