[2022-04-13 21:24:03,027] {taskinstance.py:1032} INFO - Dependencies all met for <TaskInstance: LocalIngestionDAG.wget scheduled__2021-07-02T06:00:22+00:00 [queued]>
[2022-04-13 21:24:03,066] {taskinstance.py:1032} INFO - Dependencies all met for <TaskInstance: LocalIngestionDAG.wget scheduled__2021-07-02T06:00:22+00:00 [queued]>
[2022-04-13 21:24:03,067] {taskinstance.py:1238} INFO - 
--------------------------------------------------------------------------------
[2022-04-13 21:24:03,068] {taskinstance.py:1239} INFO - Starting attempt 1 of 1
[2022-04-13 21:24:03,069] {taskinstance.py:1240} INFO - 
--------------------------------------------------------------------------------
[2022-04-13 21:24:03,183] {taskinstance.py:1259} INFO - Executing <Task(BashOperator): wget> on 2021-07-02 06:00:22+00:00
[2022-04-13 21:24:03,192] {standard_task_runner.py:52} INFO - Started process 3784 to run task
[2022-04-13 21:24:03,244] {standard_task_runner.py:76} INFO - Running: ['***', 'tasks', 'run', 'LocalIngestionDAG', 'wget', 'scheduled__2021-07-02T06:00:22+00:00', '--job-id', '882', '--raw', '--subdir', 'DAGS_FOLDER/data_ingestion_local.py', '--cfg-path', '/tmp/tmp6lhoc9k9', '--error-file', '/tmp/tmpl0lwd057']
[2022-04-13 21:24:03,264] {standard_task_runner.py:77} INFO - Job 882: Subtask wget
[2022-04-13 21:24:03,571] {logging_mixin.py:109} INFO - Running <TaskInstance: LocalIngestionDAG.wget scheduled__2021-07-02T06:00:22+00:00 [running]> on host 13db72185839
[2022-04-13 21:24:03,901] {taskinstance.py:1426} INFO - Exporting the following env vars:
AIRFLOW_CTX_DAG_OWNER=***
AIRFLOW_CTX_DAG_ID=LocalIngestionDAG
AIRFLOW_CTX_TASK_ID=wget
AIRFLOW_CTX_EXECUTION_DATE=2021-07-02T06:00:22+00:00
AIRFLOW_CTX_DAG_RUN_ID=scheduled__2021-07-02T06:00:22+00:00
[2022-04-13 21:24:03,917] {subprocess.py:62} INFO - Tmp dir root location: 
 /tmp
[2022-04-13 21:24:03,938] {subprocess.py:74} INFO - Running command: ['bash', '-c', 'echo "hello world"']
[2022-04-13 21:24:04,010] {subprocess.py:85} INFO - Output:
[2022-04-13 21:24:04,016] {subprocess.py:89} INFO - hello world
[2022-04-13 21:24:04,017] {subprocess.py:93} INFO - Command exited with return code 0
[2022-04-13 21:24:04,128] {taskinstance.py:1277} INFO - Marking task as SUCCESS. dag_id=LocalIngestionDAG, task_id=wget, execution_date=20210702T060022, start_date=20220413T212403, end_date=20220413T212404
[2022-04-13 21:24:04,249] {local_task_job.py:154} INFO - Task exited with return code 0
[2022-04-13 21:24:04,344] {local_task_job.py:264} INFO - 1 downstream tasks scheduled from follow-on schedule check
