[2022-04-13 21:27:07,823] {taskinstance.py:1032} INFO - Dependencies all met for <TaskInstance: LocalIngestionDAG.ingest scheduled__2021-10-02T06:00:05+00:00 [queued]>
[2022-04-13 21:27:07,901] {taskinstance.py:1032} INFO - Dependencies all met for <TaskInstance: LocalIngestionDAG.ingest scheduled__2021-10-02T06:00:05+00:00 [queued]>
[2022-04-13 21:27:07,902] {taskinstance.py:1238} INFO - 
--------------------------------------------------------------------------------
[2022-04-13 21:27:07,903] {taskinstance.py:1239} INFO - Starting attempt 1 of 1
[2022-04-13 21:27:07,904] {taskinstance.py:1240} INFO - 
--------------------------------------------------------------------------------
[2022-04-13 21:27:07,976] {taskinstance.py:1259} INFO - Executing <Task(BashOperator): ingest> on 2021-10-02 06:00:05+00:00
[2022-04-13 21:27:08,010] {standard_task_runner.py:52} INFO - Started process 4924 to run task
[2022-04-13 21:27:08,048] {standard_task_runner.py:76} INFO - Running: ['***', 'tasks', 'run', 'LocalIngestionDAG', 'ingest', 'scheduled__2021-10-02T06:00:05+00:00', '--job-id', '1215', '--raw', '--subdir', 'DAGS_FOLDER/data_ingestion_local.py', '--cfg-path', '/tmp/tmp288z9d1i', '--error-file', '/tmp/tmp0p7rzlvr']
[2022-04-13 21:27:08,052] {standard_task_runner.py:77} INFO - Job 1215: Subtask ingest
[2022-04-13 21:27:08,517] {logging_mixin.py:109} INFO - Running <TaskInstance: LocalIngestionDAG.ingest scheduled__2021-10-02T06:00:05+00:00 [running]> on host 13db72185839
[2022-04-13 21:27:08,851] {taskinstance.py:1426} INFO - Exporting the following env vars:
AIRFLOW_CTX_DAG_OWNER=***
AIRFLOW_CTX_DAG_ID=LocalIngestionDAG
AIRFLOW_CTX_TASK_ID=ingest
AIRFLOW_CTX_EXECUTION_DATE=2021-10-02T06:00:05+00:00
AIRFLOW_CTX_DAG_RUN_ID=scheduled__2021-10-02T06:00:05+00:00
[2022-04-13 21:27:08,867] {subprocess.py:62} INFO - Tmp dir root location: 
 /tmp
[2022-04-13 21:27:08,893] {subprocess.py:74} INFO - Running command: ['bash', '-c', 'pwd']
[2022-04-13 21:27:08,937] {subprocess.py:85} INFO - Output:
[2022-04-13 21:27:08,957] {subprocess.py:89} INFO - /tmp/***tmp_b848gxr
[2022-04-13 21:27:08,959] {subprocess.py:93} INFO - Command exited with return code 0
[2022-04-13 21:27:09,069] {taskinstance.py:1277} INFO - Marking task as SUCCESS. dag_id=LocalIngestionDAG, task_id=ingest, execution_date=20211002T060005, start_date=20220413T212707, end_date=20220413T212709
[2022-04-13 21:27:09,192] {local_task_job.py:154} INFO - Task exited with return code 0
[2022-04-13 21:27:09,440] {local_task_job.py:264} INFO - 0 downstream tasks scheduled from follow-on schedule check
