[2022-04-13 22:25:48,861] {taskinstance.py:1032} INFO - Dependencies all met for <TaskInstance: LocalIngestionDAG.ingest scheduled__2021-12-02T06:00:08+00:00 [queued]>
[2022-04-13 22:25:48,884] {taskinstance.py:1032} INFO - Dependencies all met for <TaskInstance: LocalIngestionDAG.ingest scheduled__2021-12-02T06:00:08+00:00 [queued]>
[2022-04-13 22:25:48,884] {taskinstance.py:1238} INFO - 
--------------------------------------------------------------------------------
[2022-04-13 22:25:48,885] {taskinstance.py:1239} INFO - Starting attempt 1 of 1
[2022-04-13 22:25:48,885] {taskinstance.py:1240} INFO - 
--------------------------------------------------------------------------------
[2022-04-13 22:25:48,908] {taskinstance.py:1259} INFO - Executing <Task(BashOperator): ingest> on 2021-12-02 06:00:08+00:00
[2022-04-13 22:25:48,914] {standard_task_runner.py:52} INFO - Started process 8828 to run task
[2022-04-13 22:25:48,920] {standard_task_runner.py:76} INFO - Running: ['***', 'tasks', 'run', 'LocalIngestionDAG', 'ingest', 'scheduled__2021-12-02T06:00:08+00:00', '--job-id', '1448', '--raw', '--subdir', 'DAGS_FOLDER/data_ingestion_local.py', '--cfg-path', '/tmp/tmpetip10ls', '--error-file', '/tmp/tmp5rtrybb4']
[2022-04-13 22:25:48,923] {standard_task_runner.py:77} INFO - Job 1448: Subtask ingest
[2022-04-13 22:25:49,049] {logging_mixin.py:109} INFO - Running <TaskInstance: LocalIngestionDAG.ingest scheduled__2021-12-02T06:00:08+00:00 [running]> on host 13db72185839
[2022-04-13 22:25:49,192] {taskinstance.py:1426} INFO - Exporting the following env vars:
AIRFLOW_CTX_DAG_OWNER=***
AIRFLOW_CTX_DAG_ID=LocalIngestionDAG
AIRFLOW_CTX_TASK_ID=ingest
AIRFLOW_CTX_EXECUTION_DATE=2021-12-02T06:00:08+00:00
AIRFLOW_CTX_DAG_RUN_ID=scheduled__2021-12-02T06:00:08+00:00
[2022-04-13 22:25:49,195] {subprocess.py:62} INFO - Tmp dir root location: 
 /tmp
[2022-04-13 22:25:49,197] {subprocess.py:74} INFO - Running command: ['bash', '-c', 'ls /opt/***']
[2022-04-13 22:25:49,212] {subprocess.py:85} INFO - Output:
[2022-04-13 22:25:49,219] {subprocess.py:89} INFO - ***.cfg
[2022-04-13 22:25:49,220] {subprocess.py:89} INFO - dags
[2022-04-13 22:25:49,221] {subprocess.py:89} INFO - logs
[2022-04-13 22:25:49,221] {subprocess.py:89} INFO - output.csv
[2022-04-13 22:25:49,222] {subprocess.py:89} INFO - plugins
[2022-04-13 22:25:49,222] {subprocess.py:89} INFO - requirements.txt
[2022-04-13 22:25:49,223] {subprocess.py:89} INFO - scripts
[2022-04-13 22:25:49,223] {subprocess.py:89} INFO - webserver_config.py
[2022-04-13 22:25:49,224] {subprocess.py:93} INFO - Command exited with return code 0
[2022-04-13 22:25:49,273] {taskinstance.py:1277} INFO - Marking task as SUCCESS. dag_id=LocalIngestionDAG, task_id=ingest, execution_date=20211202T060008, start_date=20220413T222548, end_date=20220413T222549
[2022-04-13 22:25:49,334] {local_task_job.py:154} INFO - Task exited with return code 0
[2022-04-13 22:25:49,422] {local_task_job.py:264} INFO - 0 downstream tasks scheduled from follow-on schedule check
