[2022-04-13 21:17:29,066] {taskinstance.py:1032} INFO - Dependencies all met for <TaskInstance: LocalIngestionDAG.ingest scheduled__2021-03-02T06:00:09+00:00 [queued]>
[2022-04-13 21:17:29,099] {taskinstance.py:1032} INFO - Dependencies all met for <TaskInstance: LocalIngestionDAG.ingest scheduled__2021-03-02T06:00:09+00:00 [queued]>
[2022-04-13 21:17:29,100] {taskinstance.py:1238} INFO - 
--------------------------------------------------------------------------------
[2022-04-13 21:17:29,101] {taskinstance.py:1239} INFO - Starting attempt 1 of 1
[2022-04-13 21:17:29,102] {taskinstance.py:1240} INFO - 
--------------------------------------------------------------------------------
[2022-04-13 21:17:29,135] {taskinstance.py:1259} INFO - Executing <Task(BashOperator): ingest> on 2021-03-02 06:00:09+00:00
[2022-04-13 21:17:29,143] {standard_task_runner.py:52} INFO - Started process 1952 to run task
[2022-04-13 21:17:29,152] {standard_task_runner.py:76} INFO - Running: ['***', 'tasks', 'run', 'LocalIngestionDAG', 'ingest', 'scheduled__2021-03-02T06:00:09+00:00', '--job-id', '382', '--raw', '--subdir', 'DAGS_FOLDER/data_ingestion_local.py', '--cfg-path', '/tmp/tmp0mukwh2z', '--error-file', '/tmp/tmprlwcye9k']
[2022-04-13 21:17:29,155] {standard_task_runner.py:77} INFO - Job 382: Subtask ingest
[2022-04-13 21:17:29,357] {logging_mixin.py:109} INFO - Running <TaskInstance: LocalIngestionDAG.ingest scheduled__2021-03-02T06:00:09+00:00 [running]> on host 13db72185839
[2022-04-13 21:17:29,494] {taskinstance.py:1426} INFO - Exporting the following env vars:
AIRFLOW_CTX_DAG_OWNER=***
AIRFLOW_CTX_DAG_ID=LocalIngestionDAG
AIRFLOW_CTX_TASK_ID=ingest
AIRFLOW_CTX_EXECUTION_DATE=2021-03-02T06:00:09+00:00
AIRFLOW_CTX_DAG_RUN_ID=scheduled__2021-03-02T06:00:09+00:00
[2022-04-13 21:17:29,496] {subprocess.py:62} INFO - Tmp dir root location: 
 /tmp
[2022-04-13 21:17:29,497] {subprocess.py:74} INFO - Running command: ['bash', '-c', 'pwd']
[2022-04-13 21:17:29,507] {subprocess.py:85} INFO - Output:
[2022-04-13 21:17:29,509] {subprocess.py:89} INFO - /tmp/***tmpbv63_8o6
[2022-04-13 21:17:29,510] {subprocess.py:93} INFO - Command exited with return code 0
[2022-04-13 21:17:29,543] {taskinstance.py:1277} INFO - Marking task as SUCCESS. dag_id=LocalIngestionDAG, task_id=ingest, execution_date=20210302T060009, start_date=20220413T211729, end_date=20220413T211729
[2022-04-13 21:17:29,608] {local_task_job.py:154} INFO - Task exited with return code 0
[2022-04-13 21:17:29,661] {local_task_job.py:264} INFO - 0 downstream tasks scheduled from follow-on schedule check
