[2022-04-13 21:27:30,813] {taskinstance.py:1032} INFO - Dependencies all met for <TaskInstance: LocalIngestionDAG.ingest scheduled__2021-10-02T06:00:21+00:00 [queued]>
[2022-04-13 21:27:30,875] {taskinstance.py:1032} INFO - Dependencies all met for <TaskInstance: LocalIngestionDAG.ingest scheduled__2021-10-02T06:00:21+00:00 [queued]>
[2022-04-13 21:27:30,890] {taskinstance.py:1238} INFO - 
--------------------------------------------------------------------------------
[2022-04-13 21:27:30,892] {taskinstance.py:1239} INFO - Starting attempt 1 of 1
[2022-04-13 21:27:30,894] {taskinstance.py:1240} INFO - 
--------------------------------------------------------------------------------
[2022-04-13 21:27:30,956] {taskinstance.py:1259} INFO - Executing <Task(BashOperator): ingest> on 2021-10-02 06:00:21+00:00
[2022-04-13 21:27:30,962] {standard_task_runner.py:52} INFO - Started process 5025 to run task
[2022-04-13 21:27:30,969] {standard_task_runner.py:76} INFO - Running: ['***', 'tasks', 'run', 'LocalIngestionDAG', 'ingest', 'scheduled__2021-10-02T06:00:21+00:00', '--job-id', '1243', '--raw', '--subdir', 'DAGS_FOLDER/data_ingestion_local.py', '--cfg-path', '/tmp/tmp1oo0bgqn', '--error-file', '/tmp/tmp_8ewybg3']
[2022-04-13 21:27:30,978] {standard_task_runner.py:77} INFO - Job 1243: Subtask ingest
[2022-04-13 21:27:31,222] {logging_mixin.py:109} INFO - Running <TaskInstance: LocalIngestionDAG.ingest scheduled__2021-10-02T06:00:21+00:00 [running]> on host 13db72185839
[2022-04-13 21:27:31,467] {taskinstance.py:1426} INFO - Exporting the following env vars:
AIRFLOW_CTX_DAG_OWNER=***
AIRFLOW_CTX_DAG_ID=LocalIngestionDAG
AIRFLOW_CTX_TASK_ID=ingest
AIRFLOW_CTX_EXECUTION_DATE=2021-10-02T06:00:21+00:00
AIRFLOW_CTX_DAG_RUN_ID=scheduled__2021-10-02T06:00:21+00:00
[2022-04-13 21:27:31,475] {subprocess.py:62} INFO - Tmp dir root location: 
 /tmp
[2022-04-13 21:27:31,481] {subprocess.py:74} INFO - Running command: ['bash', '-c', 'pwd']
[2022-04-13 21:27:31,504] {subprocess.py:85} INFO - Output:
[2022-04-13 21:27:31,513] {subprocess.py:89} INFO - /tmp/***tmpq96w_taz
[2022-04-13 21:27:31,522] {subprocess.py:93} INFO - Command exited with return code 0
[2022-04-13 21:27:31,635] {taskinstance.py:1277} INFO - Marking task as SUCCESS. dag_id=LocalIngestionDAG, task_id=ingest, execution_date=20211002T060021, start_date=20220413T212730, end_date=20220413T212731
[2022-04-13 21:27:31,756] {local_task_job.py:154} INFO - Task exited with return code 0
[2022-04-13 21:27:31,858] {local_task_job.py:264} INFO - 0 downstream tasks scheduled from follow-on schedule check
