[2022-04-13 21:25:57,661] {taskinstance.py:1032} INFO - Dependencies all met for <TaskInstance: LocalIngestionDAG.wget scheduled__2021-09-02T06:00:08+00:00 [queued]>
[2022-04-13 21:25:57,691] {taskinstance.py:1032} INFO - Dependencies all met for <TaskInstance: LocalIngestionDAG.wget scheduled__2021-09-02T06:00:08+00:00 [queued]>
[2022-04-13 21:25:57,693] {taskinstance.py:1238} INFO - 
--------------------------------------------------------------------------------
[2022-04-13 21:25:57,695] {taskinstance.py:1239} INFO - Starting attempt 1 of 1
[2022-04-13 21:25:57,697] {taskinstance.py:1240} INFO - 
--------------------------------------------------------------------------------
[2022-04-13 21:25:57,771] {taskinstance.py:1259} INFO - Executing <Task(BashOperator): wget> on 2021-09-02 06:00:08+00:00
[2022-04-13 21:25:57,789] {standard_task_runner.py:52} INFO - Started process 4515 to run task
[2022-04-13 21:25:57,805] {standard_task_runner.py:76} INFO - Running: ['***', 'tasks', 'run', 'LocalIngestionDAG', 'wget', 'scheduled__2021-09-02T06:00:08+00:00', '--job-id', '1096', '--raw', '--subdir', 'DAGS_FOLDER/data_ingestion_local.py', '--cfg-path', '/tmp/tmpv8ar2zrz', '--error-file', '/tmp/tmpyvtfycgc']
[2022-04-13 21:25:57,811] {standard_task_runner.py:77} INFO - Job 1096: Subtask wget
[2022-04-13 21:25:58,007] {logging_mixin.py:109} INFO - Running <TaskInstance: LocalIngestionDAG.wget scheduled__2021-09-02T06:00:08+00:00 [running]> on host 13db72185839
[2022-04-13 21:25:58,223] {taskinstance.py:1426} INFO - Exporting the following env vars:
AIRFLOW_CTX_DAG_OWNER=***
AIRFLOW_CTX_DAG_ID=LocalIngestionDAG
AIRFLOW_CTX_TASK_ID=wget
AIRFLOW_CTX_EXECUTION_DATE=2021-09-02T06:00:08+00:00
AIRFLOW_CTX_DAG_RUN_ID=scheduled__2021-09-02T06:00:08+00:00
[2022-04-13 21:25:58,226] {subprocess.py:62} INFO - Tmp dir root location: 
 /tmp
[2022-04-13 21:25:58,228] {subprocess.py:74} INFO - Running command: ['bash', '-c', 'echo "hello world"']
[2022-04-13 21:25:58,260] {subprocess.py:85} INFO - Output:
[2022-04-13 21:25:58,261] {subprocess.py:89} INFO - hello world
[2022-04-13 21:25:58,262] {subprocess.py:93} INFO - Command exited with return code 0
[2022-04-13 21:25:58,374] {taskinstance.py:1277} INFO - Marking task as SUCCESS. dag_id=LocalIngestionDAG, task_id=wget, execution_date=20210902T060008, start_date=20220413T212557, end_date=20220413T212558
[2022-04-13 21:25:58,475] {local_task_job.py:154} INFO - Task exited with return code 0
[2022-04-13 21:25:58,751] {local_task_job.py:264} INFO - 0 downstream tasks scheduled from follow-on schedule check
