[2022-04-13 21:21:51,365] {taskinstance.py:1032} INFO - Dependencies all met for <TaskInstance: LocalIngestionDAG.ingest scheduled__2021-05-02T06:00:12+00:00 [queued]>
[2022-04-13 21:21:51,408] {taskinstance.py:1032} INFO - Dependencies all met for <TaskInstance: LocalIngestionDAG.ingest scheduled__2021-05-02T06:00:12+00:00 [queued]>
[2022-04-13 21:21:51,409] {taskinstance.py:1238} INFO - 
--------------------------------------------------------------------------------
[2022-04-13 21:21:51,410] {taskinstance.py:1239} INFO - Starting attempt 1 of 1
[2022-04-13 21:21:51,411] {taskinstance.py:1240} INFO - 
--------------------------------------------------------------------------------
[2022-04-13 21:21:51,477] {taskinstance.py:1259} INFO - Executing <Task(BashOperator): ingest> on 2021-05-02 06:00:12+00:00
[2022-04-13 21:21:51,491] {standard_task_runner.py:52} INFO - Started process 2924 to run task
[2022-04-13 21:21:51,500] {standard_task_runner.py:76} INFO - Running: ['***', 'tasks', 'run', 'LocalIngestionDAG', 'ingest', 'scheduled__2021-05-02T06:00:12+00:00', '--job-id', '629', '--raw', '--subdir', 'DAGS_FOLDER/data_ingestion_local.py', '--cfg-path', '/tmp/tmpi4y6815f', '--error-file', '/tmp/tmpq8riyawj']
[2022-04-13 21:21:51,518] {standard_task_runner.py:77} INFO - Job 629: Subtask ingest
[2022-04-13 21:21:51,753] {logging_mixin.py:109} INFO - Running <TaskInstance: LocalIngestionDAG.ingest scheduled__2021-05-02T06:00:12+00:00 [running]> on host 13db72185839
[2022-04-13 21:21:51,925] {taskinstance.py:1426} INFO - Exporting the following env vars:
AIRFLOW_CTX_DAG_OWNER=***
AIRFLOW_CTX_DAG_ID=LocalIngestionDAG
AIRFLOW_CTX_TASK_ID=ingest
AIRFLOW_CTX_EXECUTION_DATE=2021-05-02T06:00:12+00:00
AIRFLOW_CTX_DAG_RUN_ID=scheduled__2021-05-02T06:00:12+00:00
[2022-04-13 21:21:51,927] {subprocess.py:62} INFO - Tmp dir root location: 
 /tmp
[2022-04-13 21:21:51,929] {subprocess.py:74} INFO - Running command: ['bash', '-c', 'pwd']
[2022-04-13 21:21:51,953] {subprocess.py:85} INFO - Output:
[2022-04-13 21:21:51,956] {subprocess.py:89} INFO - /tmp/***tmp51js6zx2
[2022-04-13 21:21:51,958] {subprocess.py:93} INFO - Command exited with return code 0
[2022-04-13 21:21:52,022] {taskinstance.py:1277} INFO - Marking task as SUCCESS. dag_id=LocalIngestionDAG, task_id=ingest, execution_date=20210502T060012, start_date=20220413T212151, end_date=20220413T212152
[2022-04-13 21:21:52,086] {local_task_job.py:154} INFO - Task exited with return code 0
[2022-04-13 21:21:52,136] {local_task_job.py:264} INFO - 0 downstream tasks scheduled from follow-on schedule check
