[2022-04-13 21:18:07,226] {taskinstance.py:1032} INFO - Dependencies all met for <TaskInstance: LocalIngestionDAG.wget scheduled__2021-03-02T06:00:52+00:00 [queued]>
[2022-04-13 21:18:07,244] {taskinstance.py:1032} INFO - Dependencies all met for <TaskInstance: LocalIngestionDAG.wget scheduled__2021-03-02T06:00:52+00:00 [queued]>
[2022-04-13 21:18:07,244] {taskinstance.py:1238} INFO - 
--------------------------------------------------------------------------------
[2022-04-13 21:18:07,245] {taskinstance.py:1239} INFO - Starting attempt 1 of 1
[2022-04-13 21:18:07,246] {taskinstance.py:1240} INFO - 
--------------------------------------------------------------------------------
[2022-04-13 21:18:07,270] {taskinstance.py:1259} INFO - Executing <Task(BashOperator): wget> on 2021-03-02 06:00:52+00:00
[2022-04-13 21:18:07,276] {standard_task_runner.py:52} INFO - Started process 2227 to run task
[2022-04-13 21:18:07,281] {standard_task_runner.py:76} INFO - Running: ['***', 'tasks', 'run', 'LocalIngestionDAG', 'wget', 'scheduled__2021-03-02T06:00:52+00:00', '--job-id', '465', '--raw', '--subdir', 'DAGS_FOLDER/data_ingestion_local.py', '--cfg-path', '/tmp/tmpcw8z9i6n', '--error-file', '/tmp/tmpy6tcah4x']
[2022-04-13 21:18:07,283] {standard_task_runner.py:77} INFO - Job 465: Subtask wget
[2022-04-13 21:18:07,375] {logging_mixin.py:109} INFO - Running <TaskInstance: LocalIngestionDAG.wget scheduled__2021-03-02T06:00:52+00:00 [running]> on host 13db72185839
[2022-04-13 21:18:07,452] {taskinstance.py:1426} INFO - Exporting the following env vars:
AIRFLOW_CTX_DAG_OWNER=***
AIRFLOW_CTX_DAG_ID=LocalIngestionDAG
AIRFLOW_CTX_TASK_ID=wget
AIRFLOW_CTX_EXECUTION_DATE=2021-03-02T06:00:52+00:00
AIRFLOW_CTX_DAG_RUN_ID=scheduled__2021-03-02T06:00:52+00:00
[2022-04-13 21:18:07,454] {subprocess.py:62} INFO - Tmp dir root location: 
 /tmp
[2022-04-13 21:18:07,455] {subprocess.py:74} INFO - Running command: ['bash', '-c', 'echo "hello world"']
[2022-04-13 21:18:07,473] {subprocess.py:85} INFO - Output:
[2022-04-13 21:18:07,478] {subprocess.py:89} INFO - hello world
[2022-04-13 21:18:07,480] {subprocess.py:93} INFO - Command exited with return code 0
[2022-04-13 21:18:07,578] {taskinstance.py:1277} INFO - Marking task as SUCCESS. dag_id=LocalIngestionDAG, task_id=wget, execution_date=20210302T060052, start_date=20220413T211807, end_date=20220413T211807
[2022-04-13 21:18:07,700] {local_task_job.py:154} INFO - Task exited with return code 0
[2022-04-13 21:18:07,785] {local_task_job.py:264} INFO - 1 downstream tasks scheduled from follow-on schedule check
