[2022-04-13 21:16:28,056] {taskinstance.py:1032} INFO - Dependencies all met for <TaskInstance: LocalIngestionDAG.wget scheduled__2021-02-02T06:00:02+00:00 [queued]>
[2022-04-13 21:16:28,077] {taskinstance.py:1032} INFO - Dependencies all met for <TaskInstance: LocalIngestionDAG.wget scheduled__2021-02-02T06:00:02+00:00 [queued]>
[2022-04-13 21:16:28,077] {taskinstance.py:1238} INFO - 
--------------------------------------------------------------------------------
[2022-04-13 21:16:28,078] {taskinstance.py:1239} INFO - Starting attempt 1 of 1
[2022-04-13 21:16:28,079] {taskinstance.py:1240} INFO - 
--------------------------------------------------------------------------------
[2022-04-13 21:16:28,177] {taskinstance.py:1259} INFO - Executing <Task(BashOperator): wget> on 2021-02-02 06:00:02+00:00
[2022-04-13 21:16:28,185] {standard_task_runner.py:52} INFO - Started process 1472 to run task
[2022-04-13 21:16:28,196] {standard_task_runner.py:76} INFO - Running: ['***', 'tasks', 'run', 'LocalIngestionDAG', 'wget', 'scheduled__2021-02-02T06:00:02+00:00', '--job-id', '241', '--raw', '--subdir', 'DAGS_FOLDER/data_ingestion_local.py', '--cfg-path', '/tmp/tmp63th02zf', '--error-file', '/tmp/tmpfp_fo02_']
[2022-04-13 21:16:28,226] {standard_task_runner.py:77} INFO - Job 241: Subtask wget
[2022-04-13 21:16:28,447] {logging_mixin.py:109} INFO - Running <TaskInstance: LocalIngestionDAG.wget scheduled__2021-02-02T06:00:02+00:00 [running]> on host 13db72185839
[2022-04-13 21:16:28,619] {taskinstance.py:1426} INFO - Exporting the following env vars:
AIRFLOW_CTX_DAG_OWNER=***
AIRFLOW_CTX_DAG_ID=LocalIngestionDAG
AIRFLOW_CTX_TASK_ID=wget
AIRFLOW_CTX_EXECUTION_DATE=2021-02-02T06:00:02+00:00
AIRFLOW_CTX_DAG_RUN_ID=scheduled__2021-02-02T06:00:02+00:00
[2022-04-13 21:16:28,622] {subprocess.py:62} INFO - Tmp dir root location: 
 /tmp
[2022-04-13 21:16:28,623] {subprocess.py:74} INFO - Running command: ['bash', '-c', 'echo "hello world"']
[2022-04-13 21:16:28,644] {subprocess.py:85} INFO - Output:
[2022-04-13 21:16:28,656] {subprocess.py:89} INFO - hello world
[2022-04-13 21:16:28,657] {subprocess.py:93} INFO - Command exited with return code 0
[2022-04-13 21:16:28,730] {taskinstance.py:1277} INFO - Marking task as SUCCESS. dag_id=LocalIngestionDAG, task_id=wget, execution_date=20210202T060002, start_date=20220413T211628, end_date=20220413T211628
[2022-04-13 21:16:28,794] {local_task_job.py:154} INFO - Task exited with return code 0
[2022-04-13 21:16:28,882] {local_task_job.py:264} INFO - 1 downstream tasks scheduled from follow-on schedule check
