[2022-04-13 22:34:52,775] {taskinstance.py:1032} INFO - Dependencies all met for <TaskInstance: LocalIngestionDAG.ingest scheduled__2022-03-02T06:00:15+00:00 [queued]>
[2022-04-13 22:34:52,958] {taskinstance.py:1032} INFO - Dependencies all met for <TaskInstance: LocalIngestionDAG.ingest scheduled__2022-03-02T06:00:15+00:00 [queued]>
[2022-04-13 22:34:52,967] {taskinstance.py:1238} INFO - 
--------------------------------------------------------------------------------
[2022-04-13 22:34:52,983] {taskinstance.py:1239} INFO - Starting attempt 1 of 1
[2022-04-13 22:34:52,985] {taskinstance.py:1240} INFO - 
--------------------------------------------------------------------------------
[2022-04-13 22:34:53,112] {taskinstance.py:1259} INFO - Executing <Task(BashOperator): ingest> on 2022-03-02 06:00:15+00:00
[2022-04-13 22:34:53,131] {standard_task_runner.py:52} INFO - Started process 10694 to run task
[2022-04-13 22:34:53,145] {standard_task_runner.py:76} INFO - Running: ['***', 'tasks', 'run', 'LocalIngestionDAG', 'ingest', 'scheduled__2022-03-02T06:00:15+00:00', '--job-id', '1810', '--raw', '--subdir', 'DAGS_FOLDER/data_ingestion_local.py', '--cfg-path', '/tmp/tmp_g1h2yky', '--error-file', '/tmp/tmpsiab_d4h']
[2022-04-13 22:34:53,154] {standard_task_runner.py:77} INFO - Job 1810: Subtask ingest
[2022-04-13 22:34:53,517] {logging_mixin.py:109} INFO - Running <TaskInstance: LocalIngestionDAG.ingest scheduled__2022-03-02T06:00:15+00:00 [running]> on host 13db72185839
[2022-04-13 22:34:53,763] {taskinstance.py:1426} INFO - Exporting the following env vars:
AIRFLOW_CTX_DAG_OWNER=***
AIRFLOW_CTX_DAG_ID=LocalIngestionDAG
AIRFLOW_CTX_TASK_ID=ingest
AIRFLOW_CTX_EXECUTION_DATE=2022-03-02T06:00:15+00:00
AIRFLOW_CTX_DAG_RUN_ID=scheduled__2022-03-02T06:00:15+00:00
[2022-04-13 22:34:53,768] {subprocess.py:62} INFO - Tmp dir root location: 
 /tmp
[2022-04-13 22:34:53,787] {subprocess.py:74} INFO - Running command: ['bash', '-c', 'ls /opt/***']
[2022-04-13 22:34:53,825] {subprocess.py:85} INFO - Output:
[2022-04-13 22:34:53,861] {subprocess.py:89} INFO - ***.cfg
[2022-04-13 22:34:53,868] {subprocess.py:89} INFO - dags
[2022-04-13 22:34:53,889] {subprocess.py:89} INFO - logs
[2022-04-13 22:34:53,892] {subprocess.py:89} INFO - output.csv
[2022-04-13 22:34:53,896] {subprocess.py:89} INFO - plugins
[2022-04-13 22:34:53,899] {subprocess.py:89} INFO - requirements.txt
[2022-04-13 22:34:53,901] {subprocess.py:89} INFO - scripts
[2022-04-13 22:34:53,902] {subprocess.py:89} INFO - webserver_config.py
[2022-04-13 22:34:53,903] {subprocess.py:93} INFO - Command exited with return code 0
[2022-04-13 22:34:54,067] {taskinstance.py:1277} INFO - Marking task as SUCCESS. dag_id=LocalIngestionDAG, task_id=ingest, execution_date=20220302T060015, start_date=20220413T223452, end_date=20220413T223454
[2022-04-13 22:34:54,203] {local_task_job.py:154} INFO - Task exited with return code 0
[2022-04-13 22:34:54,392] {local_task_job.py:264} INFO - 0 downstream tasks scheduled from follow-on schedule check
