[2022-04-13 21:15:45,998] {taskinstance.py:1032} INFO - Dependencies all met for <TaskInstance: LocalIngestionDAG.wget scheduled__2021-01-02T06:00:10+00:00 [queued]>
[2022-04-13 21:15:46,010] {taskinstance.py:1032} INFO - Dependencies all met for <TaskInstance: LocalIngestionDAG.wget scheduled__2021-01-02T06:00:10+00:00 [queued]>
[2022-04-13 21:15:46,011] {taskinstance.py:1238} INFO - 
--------------------------------------------------------------------------------
[2022-04-13 21:15:46,011] {taskinstance.py:1239} INFO - Starting attempt 1 of 1
[2022-04-13 21:15:46,011] {taskinstance.py:1240} INFO - 
--------------------------------------------------------------------------------
[2022-04-13 21:15:46,023] {taskinstance.py:1259} INFO - Executing <Task(BashOperator): wget> on 2021-01-02 06:00:10+00:00
[2022-04-13 21:15:46,026] {standard_task_runner.py:52} INFO - Started process 1136 to run task
[2022-04-13 21:15:46,029] {standard_task_runner.py:76} INFO - Running: ['***', 'tasks', 'run', 'LocalIngestionDAG', 'wget', 'scheduled__2021-01-02T06:00:10+00:00', '--job-id', '141', '--raw', '--subdir', 'DAGS_FOLDER/data_ingestion_local.py', '--cfg-path', '/tmp/tmp29lzwhfm', '--error-file', '/tmp/tmpa_kjlq5_']
[2022-04-13 21:15:46,030] {standard_task_runner.py:77} INFO - Job 141: Subtask wget
[2022-04-13 21:15:46,103] {logging_mixin.py:109} INFO - Running <TaskInstance: LocalIngestionDAG.wget scheduled__2021-01-02T06:00:10+00:00 [running]> on host 13db72185839
[2022-04-13 21:15:46,169] {taskinstance.py:1426} INFO - Exporting the following env vars:
AIRFLOW_CTX_DAG_OWNER=***
AIRFLOW_CTX_DAG_ID=LocalIngestionDAG
AIRFLOW_CTX_TASK_ID=wget
AIRFLOW_CTX_EXECUTION_DATE=2021-01-02T06:00:10+00:00
AIRFLOW_CTX_DAG_RUN_ID=scheduled__2021-01-02T06:00:10+00:00
[2022-04-13 21:15:46,171] {subprocess.py:62} INFO - Tmp dir root location: 
 /tmp
[2022-04-13 21:15:46,172] {subprocess.py:74} INFO - Running command: ['bash', '-c', 'echo "hello world"']
[2022-04-13 21:15:46,179] {subprocess.py:85} INFO - Output:
[2022-04-13 21:15:46,181] {subprocess.py:89} INFO - hello world
[2022-04-13 21:15:46,182] {subprocess.py:93} INFO - Command exited with return code 0
[2022-04-13 21:15:46,205] {taskinstance.py:1277} INFO - Marking task as SUCCESS. dag_id=LocalIngestionDAG, task_id=wget, execution_date=20210102T060010, start_date=20220413T211545, end_date=20220413T211546
[2022-04-13 21:15:46,242] {local_task_job.py:154} INFO - Task exited with return code 0
[2022-04-13 21:15:46,280] {local_task_job.py:264} INFO - 1 downstream tasks scheduled from follow-on schedule check
