[2022-04-13 22:33:58,675] {taskinstance.py:1032} INFO - Dependencies all met for <TaskInstance: LocalIngestionDAG.ingest scheduled__2022-02-02T06:00:38+00:00 [queued]>
[2022-04-13 22:33:58,725] {taskinstance.py:1032} INFO - Dependencies all met for <TaskInstance: LocalIngestionDAG.ingest scheduled__2022-02-02T06:00:38+00:00 [queued]>
[2022-04-13 22:33:58,726] {taskinstance.py:1238} INFO - 
--------------------------------------------------------------------------------
[2022-04-13 22:33:58,727] {taskinstance.py:1239} INFO - Starting attempt 1 of 1
[2022-04-13 22:33:58,729] {taskinstance.py:1240} INFO - 
--------------------------------------------------------------------------------
[2022-04-13 22:33:58,804] {taskinstance.py:1259} INFO - Executing <Task(BashOperator): ingest> on 2022-02-02 06:00:38+00:00
[2022-04-13 22:33:58,812] {standard_task_runner.py:52} INFO - Started process 10352 to run task
[2022-04-13 22:33:58,822] {standard_task_runner.py:76} INFO - Running: ['***', 'tasks', 'run', 'LocalIngestionDAG', 'ingest', 'scheduled__2022-02-02T06:00:38+00:00', '--job-id', '1734', '--raw', '--subdir', 'DAGS_FOLDER/data_ingestion_local.py', '--cfg-path', '/tmp/tmpz_e24zxv', '--error-file', '/tmp/tmpxs5pvexg']
[2022-04-13 22:33:58,831] {standard_task_runner.py:77} INFO - Job 1734: Subtask ingest
[2022-04-13 22:33:59,067] {logging_mixin.py:109} INFO - Running <TaskInstance: LocalIngestionDAG.ingest scheduled__2022-02-02T06:00:38+00:00 [running]> on host 13db72185839
[2022-04-13 22:33:59,358] {taskinstance.py:1426} INFO - Exporting the following env vars:
AIRFLOW_CTX_DAG_OWNER=***
AIRFLOW_CTX_DAG_ID=LocalIngestionDAG
AIRFLOW_CTX_TASK_ID=ingest
AIRFLOW_CTX_EXECUTION_DATE=2022-02-02T06:00:38+00:00
AIRFLOW_CTX_DAG_RUN_ID=scheduled__2022-02-02T06:00:38+00:00
[2022-04-13 22:33:59,364] {subprocess.py:62} INFO - Tmp dir root location: 
 /tmp
[2022-04-13 22:33:59,369] {subprocess.py:74} INFO - Running command: ['bash', '-c', 'ls /opt/***']
[2022-04-13 22:33:59,470] {subprocess.py:85} INFO - Output:
[2022-04-13 22:33:59,483] {subprocess.py:89} INFO - ***.cfg
[2022-04-13 22:33:59,489] {subprocess.py:89} INFO - dags
[2022-04-13 22:33:59,491] {subprocess.py:89} INFO - logs
[2022-04-13 22:33:59,499] {subprocess.py:89} INFO - output.csv
[2022-04-13 22:33:59,500] {subprocess.py:89} INFO - plugins
[2022-04-13 22:33:59,502] {subprocess.py:89} INFO - requirements.txt
[2022-04-13 22:33:59,509] {subprocess.py:89} INFO - scripts
[2022-04-13 22:33:59,522] {subprocess.py:89} INFO - webserver_config.py
[2022-04-13 22:33:59,525] {subprocess.py:93} INFO - Command exited with return code 0
[2022-04-13 22:33:59,861] {taskinstance.py:1277} INFO - Marking task as SUCCESS. dag_id=LocalIngestionDAG, task_id=ingest, execution_date=20220202T060038, start_date=20220413T223358, end_date=20220413T223359
[2022-04-13 22:33:59,942] {local_task_job.py:154} INFO - Task exited with return code 0
[2022-04-13 22:34:00,103] {local_task_job.py:264} INFO - 0 downstream tasks scheduled from follow-on schedule check
