[2022-04-13 21:24:36,391] {taskinstance.py:1032} INFO - Dependencies all met for <TaskInstance: LocalIngestionDAG.wget scheduled__2021-07-02T06:00:55+00:00 [queued]>
[2022-04-13 21:24:36,445] {taskinstance.py:1032} INFO - Dependencies all met for <TaskInstance: LocalIngestionDAG.wget scheduled__2021-07-02T06:00:55+00:00 [queued]>
[2022-04-13 21:24:36,447] {taskinstance.py:1238} INFO - 
--------------------------------------------------------------------------------
[2022-04-13 21:24:36,448] {taskinstance.py:1239} INFO - Starting attempt 1 of 1
[2022-04-13 21:24:36,450] {taskinstance.py:1240} INFO - 
--------------------------------------------------------------------------------
[2022-04-13 21:24:36,501] {taskinstance.py:1259} INFO - Executing <Task(BashOperator): wget> on 2021-07-02 06:00:55+00:00
[2022-04-13 21:24:36,512] {standard_task_runner.py:52} INFO - Started process 4006 to run task
[2022-04-13 21:24:36,532] {standard_task_runner.py:76} INFO - Running: ['***', 'tasks', 'run', 'LocalIngestionDAG', 'wget', 'scheduled__2021-07-02T06:00:55+00:00', '--job-id', '947', '--raw', '--subdir', 'DAGS_FOLDER/data_ingestion_local.py', '--cfg-path', '/tmp/tmpi33yod7y', '--error-file', '/tmp/tmp0vn1t1ty']
[2022-04-13 21:24:36,534] {standard_task_runner.py:77} INFO - Job 947: Subtask wget
[2022-04-13 21:24:36,742] {logging_mixin.py:109} INFO - Running <TaskInstance: LocalIngestionDAG.wget scheduled__2021-07-02T06:00:55+00:00 [running]> on host 13db72185839
[2022-04-13 21:24:37,080] {taskinstance.py:1426} INFO - Exporting the following env vars:
AIRFLOW_CTX_DAG_OWNER=***
AIRFLOW_CTX_DAG_ID=LocalIngestionDAG
AIRFLOW_CTX_TASK_ID=wget
AIRFLOW_CTX_EXECUTION_DATE=2021-07-02T06:00:55+00:00
AIRFLOW_CTX_DAG_RUN_ID=scheduled__2021-07-02T06:00:55+00:00
[2022-04-13 21:24:37,084] {subprocess.py:62} INFO - Tmp dir root location: 
 /tmp
[2022-04-13 21:24:37,086] {subprocess.py:74} INFO - Running command: ['bash', '-c', 'echo "hello world"']
[2022-04-13 21:24:37,104] {subprocess.py:85} INFO - Output:
[2022-04-13 21:24:37,113] {subprocess.py:89} INFO - hello world
[2022-04-13 21:24:37,123] {subprocess.py:93} INFO - Command exited with return code 0
[2022-04-13 21:24:37,245] {taskinstance.py:1277} INFO - Marking task as SUCCESS. dag_id=LocalIngestionDAG, task_id=wget, execution_date=20210702T060055, start_date=20220413T212436, end_date=20220413T212437
[2022-04-13 21:24:37,365] {local_task_job.py:154} INFO - Task exited with return code 0
[2022-04-13 21:24:37,557] {local_task_job.py:264} INFO - 1 downstream tasks scheduled from follow-on schedule check
