[2022-04-13 21:16:47,974] {taskinstance.py:1032} INFO - Dependencies all met for <TaskInstance: LocalIngestionDAG.ingest scheduled__2021-02-02T06:00:21+00:00 [queued]>
[2022-04-13 21:16:47,995] {taskinstance.py:1032} INFO - Dependencies all met for <TaskInstance: LocalIngestionDAG.ingest scheduled__2021-02-02T06:00:21+00:00 [queued]>
[2022-04-13 21:16:47,996] {taskinstance.py:1238} INFO - 
--------------------------------------------------------------------------------
[2022-04-13 21:16:47,997] {taskinstance.py:1239} INFO - Starting attempt 1 of 1
[2022-04-13 21:16:47,998] {taskinstance.py:1240} INFO - 
--------------------------------------------------------------------------------
[2022-04-13 21:16:48,022] {taskinstance.py:1259} INFO - Executing <Task(BashOperator): ingest> on 2021-02-02 06:00:21+00:00
[2022-04-13 21:16:48,027] {standard_task_runner.py:52} INFO - Started process 1622 to run task
[2022-04-13 21:16:48,032] {standard_task_runner.py:76} INFO - Running: ['***', 'tasks', 'run', 'LocalIngestionDAG', 'ingest', 'scheduled__2021-02-02T06:00:21+00:00', '--job-id', '288', '--raw', '--subdir', 'DAGS_FOLDER/data_ingestion_local.py', '--cfg-path', '/tmp/tmp2y81_27u', '--error-file', '/tmp/tmpao71as56']
[2022-04-13 21:16:48,033] {standard_task_runner.py:77} INFO - Job 288: Subtask ingest
[2022-04-13 21:16:48,101] {logging_mixin.py:109} INFO - Running <TaskInstance: LocalIngestionDAG.ingest scheduled__2021-02-02T06:00:21+00:00 [running]> on host 13db72185839
[2022-04-13 21:16:48,249] {taskinstance.py:1426} INFO - Exporting the following env vars:
AIRFLOW_CTX_DAG_OWNER=***
AIRFLOW_CTX_DAG_ID=LocalIngestionDAG
AIRFLOW_CTX_TASK_ID=ingest
AIRFLOW_CTX_EXECUTION_DATE=2021-02-02T06:00:21+00:00
AIRFLOW_CTX_DAG_RUN_ID=scheduled__2021-02-02T06:00:21+00:00
[2022-04-13 21:16:48,250] {subprocess.py:62} INFO - Tmp dir root location: 
 /tmp
[2022-04-13 21:16:48,251] {subprocess.py:74} INFO - Running command: ['bash', '-c', 'pwd']
[2022-04-13 21:16:48,266] {subprocess.py:85} INFO - Output:
[2022-04-13 21:16:48,267] {subprocess.py:89} INFO - /tmp/***tmp51yzzpg3
[2022-04-13 21:16:48,268] {subprocess.py:93} INFO - Command exited with return code 0
[2022-04-13 21:16:48,327] {taskinstance.py:1277} INFO - Marking task as SUCCESS. dag_id=LocalIngestionDAG, task_id=ingest, execution_date=20210202T060021, start_date=20220413T211647, end_date=20220413T211648
[2022-04-13 21:16:48,363] {local_task_job.py:154} INFO - Task exited with return code 0
[2022-04-13 21:16:48,406] {local_task_job.py:264} INFO - 0 downstream tasks scheduled from follow-on schedule check
