[2022-04-13 22:34:19,254] {taskinstance.py:1032} INFO - Dependencies all met for <TaskInstance: LocalIngestionDAG.wget scheduled__2022-02-02T06:00:54+00:00 [queued]>
[2022-04-13 22:34:19,314] {taskinstance.py:1032} INFO - Dependencies all met for <TaskInstance: LocalIngestionDAG.wget scheduled__2022-02-02T06:00:54+00:00 [queued]>
[2022-04-13 22:34:19,317] {taskinstance.py:1238} INFO - 
--------------------------------------------------------------------------------
[2022-04-13 22:34:19,318] {taskinstance.py:1239} INFO - Starting attempt 1 of 1
[2022-04-13 22:34:19,319] {taskinstance.py:1240} INFO - 
--------------------------------------------------------------------------------
[2022-04-13 22:34:19,398] {taskinstance.py:1259} INFO - Executing <Task(BashOperator): wget> on 2022-02-02 06:00:54+00:00
[2022-04-13 22:34:19,409] {standard_task_runner.py:52} INFO - Started process 10452 to run task
[2022-04-13 22:34:19,424] {standard_task_runner.py:76} INFO - Running: ['***', 'tasks', 'run', 'LocalIngestionDAG', 'wget', 'scheduled__2022-02-02T06:00:54+00:00', '--job-id', '1758', '--raw', '--subdir', 'DAGS_FOLDER/data_ingestion_local.py', '--cfg-path', '/tmp/tmp3_e6d5b_', '--error-file', '/tmp/tmpu0umvl3h']
[2022-04-13 22:34:19,427] {standard_task_runner.py:77} INFO - Job 1758: Subtask wget
[2022-04-13 22:34:19,595] {logging_mixin.py:109} INFO - Running <TaskInstance: LocalIngestionDAG.wget scheduled__2022-02-02T06:00:54+00:00 [running]> on host 13db72185839
[2022-04-13 22:34:19,751] {logging_mixin.py:109} WARNING - /home/***/.local/lib/python3.7/site-packages/***/utils/context.py:152 AirflowContextDeprecationWarning: Accessing 'execution_date' from the template is deprecated and will be removed in a future version. Please use 'data_interval_start' or 'logical_date' instead.
[2022-04-13 22:34:19,802] {taskinstance.py:1426} INFO - Exporting the following env vars:
AIRFLOW_CTX_DAG_OWNER=***
AIRFLOW_CTX_DAG_ID=LocalIngestionDAG
AIRFLOW_CTX_TASK_ID=wget
AIRFLOW_CTX_EXECUTION_DATE=2022-02-02T06:00:54+00:00
AIRFLOW_CTX_DAG_RUN_ID=scheduled__2022-02-02T06:00:54+00:00
[2022-04-13 22:34:19,805] {subprocess.py:62} INFO - Tmp dir root location: 
 /tmp
[2022-04-13 22:34:19,806] {subprocess.py:74} INFO - Running command: ['bash', '-c', 'curl -sSL https://s3.amazonaws.com/nyc-tlc/trip+data/yellow_tripdata_2022-02.csv > /opt/***/output.csv']
[2022-04-13 22:34:19,826] {subprocess.py:85} INFO - Output:
[2022-04-13 22:34:21,669] {subprocess.py:93} INFO - Command exited with return code 0
[2022-04-13 22:34:22,503] {taskinstance.py:1277} INFO - Marking task as SUCCESS. dag_id=LocalIngestionDAG, task_id=wget, execution_date=20220202T060054, start_date=20220413T223419, end_date=20220413T223422
[2022-04-13 22:34:22,643] {local_task_job.py:154} INFO - Task exited with return code 0
[2022-04-13 22:34:22,869] {local_task_job.py:264} INFO - 1 downstream tasks scheduled from follow-on schedule check
