[2022-04-13 21:22:51,179] {taskinstance.py:1032} INFO - Dependencies all met for <TaskInstance: LocalIngestionDAG.wget scheduled__2021-06-02T06:00:12+00:00 [queued]>
[2022-04-13 21:22:51,211] {taskinstance.py:1032} INFO - Dependencies all met for <TaskInstance: LocalIngestionDAG.wget scheduled__2021-06-02T06:00:12+00:00 [queued]>
[2022-04-13 21:22:51,212] {taskinstance.py:1238} INFO - 
--------------------------------------------------------------------------------
[2022-04-13 21:22:51,212] {taskinstance.py:1239} INFO - Starting attempt 1 of 1
[2022-04-13 21:22:51,213] {taskinstance.py:1240} INFO - 
--------------------------------------------------------------------------------
[2022-04-13 21:22:51,237] {taskinstance.py:1259} INFO - Executing <Task(BashOperator): wget> on 2021-06-02 06:00:12+00:00
[2022-04-13 21:22:51,303] {standard_task_runner.py:52} INFO - Started process 3314 to run task
[2022-04-13 21:22:51,309] {standard_task_runner.py:76} INFO - Running: ['***', 'tasks', 'run', 'LocalIngestionDAG', 'wget', 'scheduled__2021-06-02T06:00:12+00:00', '--job-id', '745', '--raw', '--subdir', 'DAGS_FOLDER/data_ingestion_local.py', '--cfg-path', '/tmp/tmpoz4g_3dj', '--error-file', '/tmp/tmpg8jreohn']
[2022-04-13 21:22:51,311] {standard_task_runner.py:77} INFO - Job 745: Subtask wget
[2022-04-13 21:22:51,422] {logging_mixin.py:109} INFO - Running <TaskInstance: LocalIngestionDAG.wget scheduled__2021-06-02T06:00:12+00:00 [running]> on host 13db72185839
[2022-04-13 21:22:51,579] {taskinstance.py:1426} INFO - Exporting the following env vars:
AIRFLOW_CTX_DAG_OWNER=***
AIRFLOW_CTX_DAG_ID=LocalIngestionDAG
AIRFLOW_CTX_TASK_ID=wget
AIRFLOW_CTX_EXECUTION_DATE=2021-06-02T06:00:12+00:00
AIRFLOW_CTX_DAG_RUN_ID=scheduled__2021-06-02T06:00:12+00:00
[2022-04-13 21:22:51,580] {subprocess.py:62} INFO - Tmp dir root location: 
 /tmp
[2022-04-13 21:22:51,582] {subprocess.py:74} INFO - Running command: ['bash', '-c', 'echo "hello world"']
[2022-04-13 21:22:51,592] {subprocess.py:85} INFO - Output:
[2022-04-13 21:22:51,595] {subprocess.py:89} INFO - hello world
[2022-04-13 21:22:51,596] {subprocess.py:93} INFO - Command exited with return code 0
[2022-04-13 21:22:51,632] {taskinstance.py:1277} INFO - Marking task as SUCCESS. dag_id=LocalIngestionDAG, task_id=wget, execution_date=20210602T060012, start_date=20220413T212251, end_date=20220413T212251
[2022-04-13 21:22:51,681] {local_task_job.py:154} INFO - Task exited with return code 0
[2022-04-13 21:22:51,727] {local_task_job.py:264} INFO - 1 downstream tasks scheduled from follow-on schedule check
