[2022-04-13 21:26:18,891] {taskinstance.py:1032} INFO - Dependencies all met for <TaskInstance: LocalIngestionDAG.ingest scheduled__2021-09-02T06:00:26+00:00 [queued]>
[2022-04-13 21:26:18,920] {taskinstance.py:1032} INFO - Dependencies all met for <TaskInstance: LocalIngestionDAG.ingest scheduled__2021-09-02T06:00:26+00:00 [queued]>
[2022-04-13 21:26:18,921] {taskinstance.py:1238} INFO - 
--------------------------------------------------------------------------------
[2022-04-13 21:26:18,922] {taskinstance.py:1239} INFO - Starting attempt 1 of 1
[2022-04-13 21:26:18,924] {taskinstance.py:1240} INFO - 
--------------------------------------------------------------------------------
[2022-04-13 21:26:18,966] {taskinstance.py:1259} INFO - Executing <Task(BashOperator): ingest> on 2021-09-02 06:00:26+00:00
[2022-04-13 21:26:18,972] {standard_task_runner.py:52} INFO - Started process 4643 to run task
[2022-04-13 21:26:18,978] {standard_task_runner.py:76} INFO - Running: ['***', 'tasks', 'run', 'LocalIngestionDAG', 'ingest', 'scheduled__2021-09-02T06:00:26+00:00', '--job-id', '1136', '--raw', '--subdir', 'DAGS_FOLDER/data_ingestion_local.py', '--cfg-path', '/tmp/tmpyctov8bq', '--error-file', '/tmp/tmpcreq2f_o']
[2022-04-13 21:26:18,981] {standard_task_runner.py:77} INFO - Job 1136: Subtask ingest
[2022-04-13 21:26:19,124] {logging_mixin.py:109} INFO - Running <TaskInstance: LocalIngestionDAG.ingest scheduled__2021-09-02T06:00:26+00:00 [running]> on host 13db72185839
[2022-04-13 21:26:19,308] {taskinstance.py:1426} INFO - Exporting the following env vars:
AIRFLOW_CTX_DAG_OWNER=***
AIRFLOW_CTX_DAG_ID=LocalIngestionDAG
AIRFLOW_CTX_TASK_ID=ingest
AIRFLOW_CTX_EXECUTION_DATE=2021-09-02T06:00:26+00:00
AIRFLOW_CTX_DAG_RUN_ID=scheduled__2021-09-02T06:00:26+00:00
[2022-04-13 21:26:19,311] {subprocess.py:62} INFO - Tmp dir root location: 
 /tmp
[2022-04-13 21:26:19,314] {subprocess.py:74} INFO - Running command: ['bash', '-c', 'pwd']
[2022-04-13 21:26:19,333] {subprocess.py:85} INFO - Output:
[2022-04-13 21:26:19,345] {subprocess.py:89} INFO - /tmp/***tmp24zn7rir
[2022-04-13 21:26:19,346] {subprocess.py:93} INFO - Command exited with return code 0
[2022-04-13 21:26:19,451] {taskinstance.py:1277} INFO - Marking task as SUCCESS. dag_id=LocalIngestionDAG, task_id=ingest, execution_date=20210902T060026, start_date=20220413T212618, end_date=20220413T212619
[2022-04-13 21:26:19,522] {local_task_job.py:154} INFO - Task exited with return code 0
[2022-04-13 21:26:19,581] {local_task_job.py:264} INFO - 0 downstream tasks scheduled from follow-on schedule check
