[2022-04-11 19:16:16,454] {taskinstance.py:1032} INFO - Dependencies all met for <TaskInstance: data_ingestion_gcs_dag.local_to_gcs_task manual__2022-04-11T19:14:25.626988+00:00 [queued]>
[2022-04-11 19:16:16,464] {taskinstance.py:1032} INFO - Dependencies all met for <TaskInstance: data_ingestion_gcs_dag.local_to_gcs_task manual__2022-04-11T19:14:25.626988+00:00 [queued]>
[2022-04-11 19:16:16,465] {taskinstance.py:1238} INFO - 
--------------------------------------------------------------------------------
[2022-04-11 19:16:16,465] {taskinstance.py:1239} INFO - Starting attempt 1 of 2
[2022-04-11 19:16:16,466] {taskinstance.py:1240} INFO - 
--------------------------------------------------------------------------------
[2022-04-11 19:16:16,477] {taskinstance.py:1259} INFO - Executing <Task(PythonOperator): local_to_gcs_task> on 2022-04-11 19:14:25.626988+00:00
[2022-04-11 19:16:16,483] {standard_task_runner.py:52} INFO - Started process 4478 to run task
[2022-04-11 19:16:16,486] {standard_task_runner.py:76} INFO - Running: ['***', 'tasks', 'run', 'data_ingestion_gcs_dag', 'local_to_gcs_task', 'manual__2022-04-11T19:14:25.626988+00:00', '--job-id', '8', '--raw', '--subdir', 'DAGS_FOLDER/data_ingestion_gcs_dag.py', '--cfg-path', '/tmp/tmpy86upzgv', '--error-file', '/tmp/tmp6bl_gnfp']
[2022-04-11 19:16:16,487] {standard_task_runner.py:77} INFO - Job 8: Subtask local_to_gcs_task
[2022-04-11 19:16:16,587] {logging_mixin.py:109} INFO - Running <TaskInstance: data_ingestion_gcs_dag.local_to_gcs_task manual__2022-04-11T19:14:25.626988+00:00 [running]> on host 8d956c578a40
[2022-04-11 19:16:16,682] {taskinstance.py:1426} INFO - Exporting the following env vars:
AIRFLOW_CTX_DAG_OWNER=***
AIRFLOW_CTX_DAG_ID=data_ingestion_gcs_dag
AIRFLOW_CTX_TASK_ID=local_to_gcs_task
AIRFLOW_CTX_EXECUTION_DATE=2022-04-11T19:14:25.626988+00:00
AIRFLOW_CTX_DAG_RUN_ID=manual__2022-04-11T19:14:25.626988+00:00
[2022-04-11 19:18:13,797] {python.py:175} INFO - Done. Returned value was: None
[2022-04-11 19:18:13,809] {taskinstance.py:1277} INFO - Marking task as SUCCESS. dag_id=data_ingestion_gcs_dag, task_id=local_to_gcs_task, execution_date=20220411T191425, start_date=20220411T191616, end_date=20220411T191813
[2022-04-11 19:18:13,868] {local_task_job.py:154} INFO - Task exited with return code 0
[2022-04-11 19:18:13,900] {local_task_job.py:264} INFO - 1 downstream tasks scheduled from follow-on schedule check
