[2022-04-13 21:26:01,747] {taskinstance.py:1032} INFO - Dependencies all met for <TaskInstance: LocalIngestionDAG.ingest scheduled__2021-09-02T06:00:11+00:00 [queued]>
[2022-04-13 21:26:01,797] {taskinstance.py:1032} INFO - Dependencies all met for <TaskInstance: LocalIngestionDAG.ingest scheduled__2021-09-02T06:00:11+00:00 [queued]>
[2022-04-13 21:26:01,799] {taskinstance.py:1238} INFO - 
--------------------------------------------------------------------------------
[2022-04-13 21:26:01,800] {taskinstance.py:1239} INFO - Starting attempt 1 of 1
[2022-04-13 21:26:01,801] {taskinstance.py:1240} INFO - 
--------------------------------------------------------------------------------
[2022-04-13 21:26:01,854] {taskinstance.py:1259} INFO - Executing <Task(BashOperator): ingest> on 2021-09-02 06:00:11+00:00
[2022-04-13 21:26:01,867] {standard_task_runner.py:52} INFO - Started process 4543 to run task
[2022-04-13 21:26:01,877] {standard_task_runner.py:76} INFO - Running: ['***', 'tasks', 'run', 'LocalIngestionDAG', 'ingest', 'scheduled__2021-09-02T06:00:11+00:00', '--job-id', '1106', '--raw', '--subdir', 'DAGS_FOLDER/data_ingestion_local.py', '--cfg-path', '/tmp/tmp2hjmfdaa', '--error-file', '/tmp/tmp2xniif5d']
[2022-04-13 21:26:01,889] {standard_task_runner.py:77} INFO - Job 1106: Subtask ingest
[2022-04-13 21:26:02,114] {logging_mixin.py:109} INFO - Running <TaskInstance: LocalIngestionDAG.ingest scheduled__2021-09-02T06:00:11+00:00 [running]> on host 13db72185839
[2022-04-13 21:26:02,224] {taskinstance.py:1426} INFO - Exporting the following env vars:
AIRFLOW_CTX_DAG_OWNER=***
AIRFLOW_CTX_DAG_ID=LocalIngestionDAG
AIRFLOW_CTX_TASK_ID=ingest
AIRFLOW_CTX_EXECUTION_DATE=2021-09-02T06:00:11+00:00
AIRFLOW_CTX_DAG_RUN_ID=scheduled__2021-09-02T06:00:11+00:00
[2022-04-13 21:26:02,226] {subprocess.py:62} INFO - Tmp dir root location: 
 /tmp
[2022-04-13 21:26:02,227] {subprocess.py:74} INFO - Running command: ['bash', '-c', 'pwd']
[2022-04-13 21:26:02,238] {subprocess.py:85} INFO - Output:
[2022-04-13 21:26:02,241] {subprocess.py:89} INFO - /tmp/***tmpj8e3qw_i
[2022-04-13 21:26:02,242] {subprocess.py:93} INFO - Command exited with return code 0
[2022-04-13 21:26:02,284] {taskinstance.py:1277} INFO - Marking task as SUCCESS. dag_id=LocalIngestionDAG, task_id=ingest, execution_date=20210902T060011, start_date=20220413T212601, end_date=20220413T212602
[2022-04-13 21:26:02,345] {local_task_job.py:154} INFO - Task exited with return code 0
[2022-04-13 21:26:02,392] {local_task_job.py:264} INFO - 0 downstream tasks scheduled from follow-on schedule check
