[2022-04-13 21:23:08,594] {taskinstance.py:1032} INFO - Dependencies all met for <TaskInstance: LocalIngestionDAG.wget scheduled__2021-06-02T06:00:29+00:00 [queued]>
[2022-04-13 21:23:08,628] {taskinstance.py:1032} INFO - Dependencies all met for <TaskInstance: LocalIngestionDAG.wget scheduled__2021-06-02T06:00:29+00:00 [queued]>
[2022-04-13 21:23:08,634] {taskinstance.py:1238} INFO - 
--------------------------------------------------------------------------------
[2022-04-13 21:23:08,640] {taskinstance.py:1239} INFO - Starting attempt 1 of 1
[2022-04-13 21:23:08,642] {taskinstance.py:1240} INFO - 
--------------------------------------------------------------------------------
[2022-04-13 21:23:08,701] {taskinstance.py:1259} INFO - Executing <Task(BashOperator): wget> on 2021-06-02 06:00:29+00:00
[2022-04-13 21:23:08,715] {standard_task_runner.py:52} INFO - Started process 3418 to run task
[2022-04-13 21:23:08,732] {standard_task_runner.py:76} INFO - Running: ['***', 'tasks', 'run', 'LocalIngestionDAG', 'wget', 'scheduled__2021-06-02T06:00:29+00:00', '--job-id', '776', '--raw', '--subdir', 'DAGS_FOLDER/data_ingestion_local.py', '--cfg-path', '/tmp/tmp858yo04r', '--error-file', '/tmp/tmpe41jmvre']
[2022-04-13 21:23:08,734] {standard_task_runner.py:77} INFO - Job 776: Subtask wget
[2022-04-13 21:23:08,916] {logging_mixin.py:109} INFO - Running <TaskInstance: LocalIngestionDAG.wget scheduled__2021-06-02T06:00:29+00:00 [running]> on host 13db72185839
[2022-04-13 21:23:09,216] {taskinstance.py:1426} INFO - Exporting the following env vars:
AIRFLOW_CTX_DAG_OWNER=***
AIRFLOW_CTX_DAG_ID=LocalIngestionDAG
AIRFLOW_CTX_TASK_ID=wget
AIRFLOW_CTX_EXECUTION_DATE=2021-06-02T06:00:29+00:00
AIRFLOW_CTX_DAG_RUN_ID=scheduled__2021-06-02T06:00:29+00:00
[2022-04-13 21:23:09,234] {subprocess.py:62} INFO - Tmp dir root location: 
 /tmp
[2022-04-13 21:23:09,243] {subprocess.py:74} INFO - Running command: ['bash', '-c', 'echo "hello world"']
[2022-04-13 21:23:09,271] {subprocess.py:85} INFO - Output:
[2022-04-13 21:23:09,275] {subprocess.py:89} INFO - hello world
[2022-04-13 21:23:09,279] {subprocess.py:93} INFO - Command exited with return code 0
[2022-04-13 21:23:09,623] {taskinstance.py:1277} INFO - Marking task as SUCCESS. dag_id=LocalIngestionDAG, task_id=wget, execution_date=20210602T060029, start_date=20220413T212308, end_date=20220413T212309
[2022-04-13 21:23:09,679] {local_task_job.py:154} INFO - Task exited with return code 0
[2022-04-13 21:23:09,861] {local_task_job.py:264} INFO - 1 downstream tasks scheduled from follow-on schedule check
