[2022-04-13 21:15:52,768] {taskinstance.py:1032} INFO - Dependencies all met for <TaskInstance: LocalIngestionDAG.wget scheduled__2021-01-02T06:00:18+00:00 [queued]>
[2022-04-13 21:15:52,799] {taskinstance.py:1032} INFO - Dependencies all met for <TaskInstance: LocalIngestionDAG.wget scheduled__2021-01-02T06:00:18+00:00 [queued]>
[2022-04-13 21:15:52,800] {taskinstance.py:1238} INFO - 
--------------------------------------------------------------------------------
[2022-04-13 21:15:52,801] {taskinstance.py:1239} INFO - Starting attempt 1 of 1
[2022-04-13 21:15:52,801] {taskinstance.py:1240} INFO - 
--------------------------------------------------------------------------------
[2022-04-13 21:15:52,844] {taskinstance.py:1259} INFO - Executing <Task(BashOperator): wget> on 2021-01-02 06:00:18+00:00
[2022-04-13 21:15:52,854] {standard_task_runner.py:52} INFO - Started process 1181 to run task
[2022-04-13 21:15:52,861] {standard_task_runner.py:76} INFO - Running: ['***', 'tasks', 'run', 'LocalIngestionDAG', 'wget', 'scheduled__2021-01-02T06:00:18+00:00', '--job-id', '155', '--raw', '--subdir', 'DAGS_FOLDER/data_ingestion_local.py', '--cfg-path', '/tmp/tmp3la1yith', '--error-file', '/tmp/tmp3cjho29c']
[2022-04-13 21:15:52,864] {standard_task_runner.py:77} INFO - Job 155: Subtask wget
[2022-04-13 21:15:52,996] {logging_mixin.py:109} INFO - Running <TaskInstance: LocalIngestionDAG.wget scheduled__2021-01-02T06:00:18+00:00 [running]> on host 13db72185839
[2022-04-13 21:15:53,132] {taskinstance.py:1426} INFO - Exporting the following env vars:
AIRFLOW_CTX_DAG_OWNER=***
AIRFLOW_CTX_DAG_ID=LocalIngestionDAG
AIRFLOW_CTX_TASK_ID=wget
AIRFLOW_CTX_EXECUTION_DATE=2021-01-02T06:00:18+00:00
AIRFLOW_CTX_DAG_RUN_ID=scheduled__2021-01-02T06:00:18+00:00
[2022-04-13 21:15:53,134] {subprocess.py:62} INFO - Tmp dir root location: 
 /tmp
[2022-04-13 21:15:53,135] {subprocess.py:74} INFO - Running command: ['bash', '-c', 'echo "hello world"']
[2022-04-13 21:15:53,149] {subprocess.py:85} INFO - Output:
[2022-04-13 21:15:53,158] {subprocess.py:89} INFO - hello world
[2022-04-13 21:15:53,159] {subprocess.py:93} INFO - Command exited with return code 0
[2022-04-13 21:15:53,224] {taskinstance.py:1277} INFO - Marking task as SUCCESS. dag_id=LocalIngestionDAG, task_id=wget, execution_date=20210102T060018, start_date=20220413T211552, end_date=20220413T211553
[2022-04-13 21:15:53,283] {local_task_job.py:154} INFO - Task exited with return code 0
[2022-04-13 21:15:53,439] {local_task_job.py:264} INFO - 0 downstream tasks scheduled from follow-on schedule check
