[2022-04-13 21:26:24,377] {taskinstance.py:1032} INFO - Dependencies all met for <TaskInstance: LocalIngestionDAG.ingest scheduled__2021-09-02T06:00:28+00:00 [queued]>
[2022-04-13 21:26:24,421] {taskinstance.py:1032} INFO - Dependencies all met for <TaskInstance: LocalIngestionDAG.ingest scheduled__2021-09-02T06:00:28+00:00 [queued]>
[2022-04-13 21:26:24,432] {taskinstance.py:1238} INFO - 
--------------------------------------------------------------------------------
[2022-04-13 21:26:24,434] {taskinstance.py:1239} INFO - Starting attempt 1 of 1
[2022-04-13 21:26:24,435] {taskinstance.py:1240} INFO - 
--------------------------------------------------------------------------------
[2022-04-13 21:26:24,492] {taskinstance.py:1259} INFO - Executing <Task(BashOperator): ingest> on 2021-09-02 06:00:28+00:00
[2022-04-13 21:26:24,498] {standard_task_runner.py:52} INFO - Started process 4667 to run task
[2022-04-13 21:26:24,507] {standard_task_runner.py:76} INFO - Running: ['***', 'tasks', 'run', 'LocalIngestionDAG', 'ingest', 'scheduled__2021-09-02T06:00:28+00:00', '--job-id', '1141', '--raw', '--subdir', 'DAGS_FOLDER/data_ingestion_local.py', '--cfg-path', '/tmp/tmpr4gdveim', '--error-file', '/tmp/tmp2bg0bvui']
[2022-04-13 21:26:24,513] {standard_task_runner.py:77} INFO - Job 1141: Subtask ingest
[2022-04-13 21:26:24,739] {logging_mixin.py:109} INFO - Running <TaskInstance: LocalIngestionDAG.ingest scheduled__2021-09-02T06:00:28+00:00 [running]> on host 13db72185839
[2022-04-13 21:26:24,946] {taskinstance.py:1426} INFO - Exporting the following env vars:
AIRFLOW_CTX_DAG_OWNER=***
AIRFLOW_CTX_DAG_ID=LocalIngestionDAG
AIRFLOW_CTX_TASK_ID=ingest
AIRFLOW_CTX_EXECUTION_DATE=2021-09-02T06:00:28+00:00
AIRFLOW_CTX_DAG_RUN_ID=scheduled__2021-09-02T06:00:28+00:00
[2022-04-13 21:26:24,950] {subprocess.py:62} INFO - Tmp dir root location: 
 /tmp
[2022-04-13 21:26:24,952] {subprocess.py:74} INFO - Running command: ['bash', '-c', 'pwd']
[2022-04-13 21:26:24,969] {subprocess.py:85} INFO - Output:
[2022-04-13 21:26:24,977] {subprocess.py:89} INFO - /tmp/***tmpduohd49x
[2022-04-13 21:26:24,980] {subprocess.py:93} INFO - Command exited with return code 0
[2022-04-13 21:26:25,127] {taskinstance.py:1277} INFO - Marking task as SUCCESS. dag_id=LocalIngestionDAG, task_id=ingest, execution_date=20210902T060028, start_date=20220413T212624, end_date=20220413T212625
[2022-04-13 21:26:25,242] {local_task_job.py:154} INFO - Task exited with return code 0
[2022-04-13 21:26:25,595] {local_task_job.py:264} INFO - 0 downstream tasks scheduled from follow-on schedule check
