[2022-04-13 22:39:50,532] {taskinstance.py:1032} INFO - Dependencies all met for <TaskInstance: LocalIngestionDAG.ingest manual__2022-04-13T21:15:36.839665+00:00 [queued]>
[2022-04-13 22:39:50,544] {taskinstance.py:1032} INFO - Dependencies all met for <TaskInstance: LocalIngestionDAG.ingest manual__2022-04-13T21:15:36.839665+00:00 [queued]>
[2022-04-13 22:39:50,544] {taskinstance.py:1238} INFO - 
--------------------------------------------------------------------------------
[2022-04-13 22:39:50,545] {taskinstance.py:1239} INFO - Starting attempt 4 of 4
[2022-04-13 22:39:50,545] {taskinstance.py:1240} INFO - 
--------------------------------------------------------------------------------
[2022-04-13 22:39:50,560] {taskinstance.py:1259} INFO - Executing <Task(BashOperator): ingest> on 2022-04-13 21:15:36.839665+00:00
[2022-04-13 22:39:50,563] {standard_task_runner.py:52} INFO - Started process 11750 to run task
[2022-04-13 22:39:50,566] {standard_task_runner.py:76} INFO - Running: ['***', 'tasks', 'run', 'LocalIngestionDAG', 'ingest', 'manual__2022-04-13T21:15:36.839665+00:00', '--job-id', '2011', '--raw', '--subdir', 'DAGS_FOLDER/data_ingestion_local.py', '--cfg-path', '/tmp/tmpr6f2rkgs', '--error-file', '/tmp/tmpy6gjob0b']
[2022-04-13 22:39:50,567] {standard_task_runner.py:77} INFO - Job 2011: Subtask ingest
[2022-04-13 22:39:50,626] {logging_mixin.py:109} INFO - Running <TaskInstance: LocalIngestionDAG.ingest manual__2022-04-13T21:15:36.839665+00:00 [running]> on host 13db72185839
[2022-04-13 22:39:50,691] {taskinstance.py:1426} INFO - Exporting the following env vars:
AIRFLOW_CTX_DAG_OWNER=***
AIRFLOW_CTX_DAG_ID=LocalIngestionDAG
AIRFLOW_CTX_TASK_ID=ingest
AIRFLOW_CTX_EXECUTION_DATE=2022-04-13T21:15:36.839665+00:00
AIRFLOW_CTX_DAG_RUN_ID=manual__2022-04-13T21:15:36.839665+00:00
[2022-04-13 22:39:50,692] {subprocess.py:62} INFO - Tmp dir root location: 
 /tmp
[2022-04-13 22:39:50,694] {subprocess.py:74} INFO - Running command: ['bash', '-c', 'ls /opt/***']
[2022-04-13 22:39:50,701] {subprocess.py:85} INFO - Output:
[2022-04-13 22:39:50,704] {subprocess.py:89} INFO - ***.cfg
[2022-04-13 22:39:50,705] {subprocess.py:89} INFO - dags
[2022-04-13 22:39:50,706] {subprocess.py:89} INFO - logs
[2022-04-13 22:39:50,707] {subprocess.py:89} INFO - output.csv
[2022-04-13 22:39:50,707] {subprocess.py:89} INFO - output_2022-03.csv
[2022-04-13 22:39:50,708] {subprocess.py:89} INFO - output_2022-04.csv
[2022-04-13 22:39:50,709] {subprocess.py:89} INFO - plugins
[2022-04-13 22:39:50,710] {subprocess.py:89} INFO - requirements.txt
[2022-04-13 22:39:50,711] {subprocess.py:89} INFO - scripts
[2022-04-13 22:39:50,712] {subprocess.py:89} INFO - webserver_config.py
[2022-04-13 22:39:50,713] {subprocess.py:93} INFO - Command exited with return code 0
[2022-04-13 22:39:50,741] {taskinstance.py:1277} INFO - Marking task as SUCCESS. dag_id=LocalIngestionDAG, task_id=ingest, execution_date=20220413T211536, start_date=20220413T223950, end_date=20220413T223950
[2022-04-13 22:39:50,779] {local_task_job.py:154} INFO - Task exited with return code 0
[2022-04-13 22:39:50,823] {local_task_job.py:264} INFO - 0 downstream tasks scheduled from follow-on schedule check
