[2022-04-13 22:43:17,738] {taskinstance.py:1032} INFO - Dependencies all met for <TaskInstance: LocalIngestionDAG.ingest manual__2022-04-13T21:15:36.839665+00:00 [queued]>
[2022-04-13 22:43:17,748] {taskinstance.py:1032} INFO - Dependencies all met for <TaskInstance: LocalIngestionDAG.ingest manual__2022-04-13T21:15:36.839665+00:00 [queued]>
[2022-04-13 22:43:17,749] {taskinstance.py:1238} INFO - 
--------------------------------------------------------------------------------
[2022-04-13 22:43:17,749] {taskinstance.py:1239} INFO - Starting attempt 5 of 5
[2022-04-13 22:43:17,750] {taskinstance.py:1240} INFO - 
--------------------------------------------------------------------------------
[2022-04-13 22:43:17,767] {taskinstance.py:1259} INFO - Executing <Task(BashOperator): ingest> on 2022-04-13 21:15:36.839665+00:00
[2022-04-13 22:43:17,771] {standard_task_runner.py:52} INFO - Started process 11947 to run task
[2022-04-13 22:43:17,775] {standard_task_runner.py:76} INFO - Running: ['***', 'tasks', 'run', 'LocalIngestionDAG', 'ingest', 'manual__2022-04-13T21:15:36.839665+00:00', '--job-id', '2013', '--raw', '--subdir', 'DAGS_FOLDER/data_ingestion_local.py', '--cfg-path', '/tmp/tmpm8jbwmye', '--error-file', '/tmp/tmpaop2koqj']
[2022-04-13 22:43:17,776] {standard_task_runner.py:77} INFO - Job 2013: Subtask ingest
[2022-04-13 22:43:17,850] {logging_mixin.py:109} INFO - Running <TaskInstance: LocalIngestionDAG.ingest manual__2022-04-13T21:15:36.839665+00:00 [running]> on host 13db72185839
[2022-04-13 22:43:17,920] {taskinstance.py:1426} INFO - Exporting the following env vars:
AIRFLOW_CTX_DAG_OWNER=***
AIRFLOW_CTX_DAG_ID=LocalIngestionDAG
AIRFLOW_CTX_TASK_ID=ingest
AIRFLOW_CTX_EXECUTION_DATE=2022-04-13T21:15:36.839665+00:00
AIRFLOW_CTX_DAG_RUN_ID=manual__2022-04-13T21:15:36.839665+00:00
[2022-04-13 22:43:17,922] {subprocess.py:62} INFO - Tmp dir root location: 
 /tmp
[2022-04-13 22:43:17,923] {subprocess.py:74} INFO - Running command: ['bash', '-c', 'ls /opt/***']
[2022-04-13 22:43:17,934] {subprocess.py:85} INFO - Output:
[2022-04-13 22:43:17,937] {subprocess.py:89} INFO - ***.cfg
[2022-04-13 22:43:17,938] {subprocess.py:89} INFO - dags
[2022-04-13 22:43:17,939] {subprocess.py:89} INFO - logs
[2022-04-13 22:43:17,940] {subprocess.py:89} INFO - output.csv
[2022-04-13 22:43:17,940] {subprocess.py:89} INFO - output_2022-03.csv
[2022-04-13 22:43:17,941] {subprocess.py:89} INFO - output_2022-04.csv
[2022-04-13 22:43:17,942] {subprocess.py:89} INFO - plugins
[2022-04-13 22:43:17,943] {subprocess.py:89} INFO - requirements.txt
[2022-04-13 22:43:17,943] {subprocess.py:89} INFO - scripts
[2022-04-13 22:43:17,944] {subprocess.py:89} INFO - webserver_config.py
[2022-04-13 22:43:17,945] {subprocess.py:93} INFO - Command exited with return code 0
[2022-04-13 22:43:17,979] {taskinstance.py:1277} INFO - Marking task as SUCCESS. dag_id=LocalIngestionDAG, task_id=ingest, execution_date=20220413T211536, start_date=20220413T224317, end_date=20220413T224317
[2022-04-13 22:43:18,028] {local_task_job.py:154} INFO - Task exited with return code 0
[2022-04-13 22:43:18,064] {local_task_job.py:264} INFO - 0 downstream tasks scheduled from follow-on schedule check
