[2022-04-13 22:52:55,932] {taskinstance.py:1032} INFO - Dependencies all met for <TaskInstance: LocalIngestionDAG.ingest manual__2022-04-13T21:15:36.839665+00:00 [queued]>
[2022-04-13 22:52:55,945] {taskinstance.py:1032} INFO - Dependencies all met for <TaskInstance: LocalIngestionDAG.ingest manual__2022-04-13T21:15:36.839665+00:00 [queued]>
[2022-04-13 22:52:55,946] {taskinstance.py:1238} INFO - 
--------------------------------------------------------------------------------
[2022-04-13 22:52:55,946] {taskinstance.py:1239} INFO - Starting attempt 7 of 7
[2022-04-13 22:52:55,947] {taskinstance.py:1240} INFO - 
--------------------------------------------------------------------------------
[2022-04-13 22:52:55,962] {taskinstance.py:1259} INFO - Executing <Task(BashOperator): ingest> on 2022-04-13 21:15:36.839665+00:00
[2022-04-13 22:52:55,966] {standard_task_runner.py:52} INFO - Started process 12563 to run task
[2022-04-13 22:52:55,971] {standard_task_runner.py:76} INFO - Running: ['***', 'tasks', 'run', 'LocalIngestionDAG', 'ingest', 'manual__2022-04-13T21:15:36.839665+00:00', '--job-id', '2018', '--raw', '--subdir', 'DAGS_FOLDER/data_ingestion_local.py', '--cfg-path', '/tmp/tmpwo5w1atc', '--error-file', '/tmp/tmp72gc4b70']
[2022-04-13 22:52:55,972] {standard_task_runner.py:77} INFO - Job 2018: Subtask ingest
[2022-04-13 22:52:56,038] {logging_mixin.py:109} INFO - Running <TaskInstance: LocalIngestionDAG.ingest manual__2022-04-13T21:15:36.839665+00:00 [running]> on host 13db72185839
[2022-04-13 22:52:56,107] {taskinstance.py:1426} INFO - Exporting the following env vars:
AIRFLOW_CTX_DAG_OWNER=***
AIRFLOW_CTX_DAG_ID=LocalIngestionDAG
AIRFLOW_CTX_TASK_ID=ingest
AIRFLOW_CTX_EXECUTION_DATE=2022-04-13T21:15:36.839665+00:00
AIRFLOW_CTX_DAG_RUN_ID=manual__2022-04-13T21:15:36.839665+00:00
[2022-04-13 22:52:56,108] {subprocess.py:62} INFO - Tmp dir root location: 
 /tmp
[2022-04-13 22:52:56,109] {subprocess.py:74} INFO - Running command: ['bash', '-c', 'ls /opt/***']
[2022-04-13 22:52:56,118] {subprocess.py:85} INFO - Output:
[2022-04-13 22:52:56,122] {subprocess.py:89} INFO - ***.cfg
[2022-04-13 22:52:56,122] {subprocess.py:89} INFO - dags
[2022-04-13 22:52:56,123] {subprocess.py:89} INFO - logs
[2022-04-13 22:52:56,123] {subprocess.py:89} INFO - output_2021-02.csv
[2022-04-13 22:52:56,123] {subprocess.py:89} INFO - output_2022-04.csv
[2022-04-13 22:52:56,123] {subprocess.py:89} INFO - plugins
[2022-04-13 22:52:56,123] {subprocess.py:89} INFO - requirements.txt
[2022-04-13 22:52:56,124] {subprocess.py:89} INFO - scripts
[2022-04-13 22:52:56,124] {subprocess.py:89} INFO - webserver_config.py
[2022-04-13 22:52:56,124] {subprocess.py:93} INFO - Command exited with return code 0
[2022-04-13 22:52:56,151] {taskinstance.py:1277} INFO - Marking task as SUCCESS. dag_id=LocalIngestionDAG, task_id=ingest, execution_date=20220413T211536, start_date=20220413T225255, end_date=20220413T225256
[2022-04-13 22:52:56,183] {local_task_job.py:154} INFO - Task exited with return code 0
[2022-04-13 22:52:56,228] {local_task_job.py:264} INFO - 0 downstream tasks scheduled from follow-on schedule check
