[2022-04-13 22:54:54,256] {taskinstance.py:1032} INFO - Dependencies all met for <TaskInstance: LocalIngestionDAG.ingest manual__2022-04-13T21:15:36.839665+00:00 [queued]>
[2022-04-13 22:54:54,267] {taskinstance.py:1032} INFO - Dependencies all met for <TaskInstance: LocalIngestionDAG.ingest manual__2022-04-13T21:15:36.839665+00:00 [queued]>
[2022-04-13 22:54:54,268] {taskinstance.py:1238} INFO - 
--------------------------------------------------------------------------------
[2022-04-13 22:54:54,268] {taskinstance.py:1239} INFO - Starting attempt 8 of 8
[2022-04-13 22:54:54,268] {taskinstance.py:1240} INFO - 
--------------------------------------------------------------------------------
[2022-04-13 22:54:54,284] {taskinstance.py:1259} INFO - Executing <Task(BashOperator): ingest> on 2022-04-13 21:15:36.839665+00:00
[2022-04-13 22:54:54,287] {standard_task_runner.py:52} INFO - Started process 12689 to run task
[2022-04-13 22:54:54,290] {standard_task_runner.py:76} INFO - Running: ['***', 'tasks', 'run', 'LocalIngestionDAG', 'ingest', 'manual__2022-04-13T21:15:36.839665+00:00', '--job-id', '2022', '--raw', '--subdir', 'DAGS_FOLDER/data_ingestion_local.py', '--cfg-path', '/tmp/tmpyol_qt2_', '--error-file', '/tmp/tmpczt0ulo4']
[2022-04-13 22:54:54,292] {standard_task_runner.py:77} INFO - Job 2022: Subtask ingest
[2022-04-13 22:54:54,365] {logging_mixin.py:109} INFO - Running <TaskInstance: LocalIngestionDAG.ingest manual__2022-04-13T21:15:36.839665+00:00 [running]> on host 13db72185839
[2022-04-13 22:54:54,441] {taskinstance.py:1426} INFO - Exporting the following env vars:
AIRFLOW_CTX_DAG_OWNER=***
AIRFLOW_CTX_DAG_ID=LocalIngestionDAG
AIRFLOW_CTX_TASK_ID=ingest
AIRFLOW_CTX_EXECUTION_DATE=2022-04-13T21:15:36.839665+00:00
AIRFLOW_CTX_DAG_RUN_ID=manual__2022-04-13T21:15:36.839665+00:00
[2022-04-13 22:54:54,442] {subprocess.py:62} INFO - Tmp dir root location: 
 /tmp
[2022-04-13 22:54:54,444] {subprocess.py:74} INFO - Running command: ['bash', '-c', 'ls /opt/***']
[2022-04-13 22:54:54,452] {subprocess.py:85} INFO - Output:
[2022-04-13 22:54:54,457] {subprocess.py:89} INFO - ***.cfg
[2022-04-13 22:54:54,458] {subprocess.py:89} INFO - dags
[2022-04-13 22:54:54,458] {subprocess.py:89} INFO - logs
[2022-04-13 22:54:54,459] {subprocess.py:89} INFO - output_2021-02.csv
[2022-04-13 22:54:54,460] {subprocess.py:89} INFO - output_2022-02.csv
[2022-04-13 22:54:54,460] {subprocess.py:89} INFO - output_2022-04.csv
[2022-04-13 22:54:54,461] {subprocess.py:89} INFO - plugins
[2022-04-13 22:54:54,462] {subprocess.py:89} INFO - requirements.txt
[2022-04-13 22:54:54,463] {subprocess.py:89} INFO - scripts
[2022-04-13 22:54:54,464] {subprocess.py:89} INFO - webserver_config.py
[2022-04-13 22:54:54,465] {subprocess.py:93} INFO - Command exited with return code 0
[2022-04-13 22:54:54,504] {taskinstance.py:1277} INFO - Marking task as SUCCESS. dag_id=LocalIngestionDAG, task_id=ingest, execution_date=20220413T211536, start_date=20220413T225454, end_date=20220413T225454
[2022-04-13 22:54:54,543] {local_task_job.py:154} INFO - Task exited with return code 0
[2022-04-13 22:54:54,602] {local_task_job.py:264} INFO - 0 downstream tasks scheduled from follow-on schedule check
