[2022-04-13 21:23:53,712] {taskinstance.py:1032} INFO - Dependencies all met for <TaskInstance: LocalIngestionDAG.wget scheduled__2021-07-02T06:00:11+00:00 [queued]>
[2022-04-13 21:23:53,733] {taskinstance.py:1032} INFO - Dependencies all met for <TaskInstance: LocalIngestionDAG.wget scheduled__2021-07-02T06:00:11+00:00 [queued]>
[2022-04-13 21:23:53,734] {taskinstance.py:1238} INFO - 
--------------------------------------------------------------------------------
[2022-04-13 21:23:53,734] {taskinstance.py:1239} INFO - Starting attempt 1 of 1
[2022-04-13 21:23:53,735] {taskinstance.py:1240} INFO - 
--------------------------------------------------------------------------------
[2022-04-13 21:23:53,783] {taskinstance.py:1259} INFO - Executing <Task(BashOperator): wget> on 2021-07-02 06:00:11+00:00
[2022-04-13 21:23:53,788] {standard_task_runner.py:52} INFO - Started process 3715 to run task
[2022-04-13 21:23:53,800] {standard_task_runner.py:76} INFO - Running: ['***', 'tasks', 'run', 'LocalIngestionDAG', 'wget', 'scheduled__2021-07-02T06:00:11+00:00', '--job-id', '862', '--raw', '--subdir', 'DAGS_FOLDER/data_ingestion_local.py', '--cfg-path', '/tmp/tmpelmry0j5', '--error-file', '/tmp/tmp3ii68126']
[2022-04-13 21:23:53,802] {standard_task_runner.py:77} INFO - Job 862: Subtask wget
[2022-04-13 21:23:53,949] {logging_mixin.py:109} INFO - Running <TaskInstance: LocalIngestionDAG.wget scheduled__2021-07-02T06:00:11+00:00 [running]> on host 13db72185839
[2022-04-13 21:23:54,141] {taskinstance.py:1426} INFO - Exporting the following env vars:
AIRFLOW_CTX_DAG_OWNER=***
AIRFLOW_CTX_DAG_ID=LocalIngestionDAG
AIRFLOW_CTX_TASK_ID=wget
AIRFLOW_CTX_EXECUTION_DATE=2021-07-02T06:00:11+00:00
AIRFLOW_CTX_DAG_RUN_ID=scheduled__2021-07-02T06:00:11+00:00
[2022-04-13 21:23:54,144] {subprocess.py:62} INFO - Tmp dir root location: 
 /tmp
[2022-04-13 21:23:54,148] {subprocess.py:74} INFO - Running command: ['bash', '-c', 'echo "hello world"']
[2022-04-13 21:23:54,183] {subprocess.py:85} INFO - Output:
[2022-04-13 21:23:54,184] {subprocess.py:89} INFO - hello world
[2022-04-13 21:23:54,187] {subprocess.py:93} INFO - Command exited with return code 0
[2022-04-13 21:23:54,303] {taskinstance.py:1277} INFO - Marking task as SUCCESS. dag_id=LocalIngestionDAG, task_id=wget, execution_date=20210702T060011, start_date=20220413T212353, end_date=20220413T212354
[2022-04-13 21:23:54,383] {local_task_job.py:154} INFO - Task exited with return code 0
[2022-04-13 21:23:54,451] {local_task_job.py:264} INFO - 1 downstream tasks scheduled from follow-on schedule check
