[2022-04-13 22:31:26,295] {taskinstance.py:1032} INFO - Dependencies all met for <TaskInstance: LocalIngestionDAG.wget scheduled__2021-12-02T06:00:49+00:00 [queued]>
[2022-04-13 22:31:26,338] {taskinstance.py:1032} INFO - Dependencies all met for <TaskInstance: LocalIngestionDAG.wget scheduled__2021-12-02T06:00:49+00:00 [queued]>
[2022-04-13 22:31:26,339] {taskinstance.py:1238} INFO - 
--------------------------------------------------------------------------------
[2022-04-13 22:31:26,340] {taskinstance.py:1239} INFO - Starting attempt 1 of 1
[2022-04-13 22:31:26,341] {taskinstance.py:1240} INFO - 
--------------------------------------------------------------------------------
[2022-04-13 22:31:26,415] {taskinstance.py:1259} INFO - Executing <Task(BashOperator): wget> on 2021-12-02 06:00:49+00:00
[2022-04-13 22:31:26,427] {standard_task_runner.py:52} INFO - Started process 9323 to run task
[2022-04-13 22:31:26,438] {standard_task_runner.py:76} INFO - Running: ['***', 'tasks', 'run', 'LocalIngestionDAG', 'wget', 'scheduled__2021-12-02T06:00:49+00:00', '--job-id', '1506', '--raw', '--subdir', 'DAGS_FOLDER/data_ingestion_local.py', '--cfg-path', '/tmp/tmpt8rcq2yp', '--error-file', '/tmp/tmpgp8lqmt6']
[2022-04-13 22:31:26,442] {standard_task_runner.py:77} INFO - Job 1506: Subtask wget
[2022-04-13 22:31:26,697] {logging_mixin.py:109} INFO - Running <TaskInstance: LocalIngestionDAG.wget scheduled__2021-12-02T06:00:49+00:00 [running]> on host 13db72185839
[2022-04-13 22:31:26,930] {logging_mixin.py:109} WARNING - /home/***/.local/lib/python3.7/site-packages/***/utils/context.py:152 AirflowContextDeprecationWarning: Accessing 'execution_date' from the template is deprecated and will be removed in a future version. Please use 'data_interval_start' or 'logical_date' instead.
[2022-04-13 22:31:27,038] {taskinstance.py:1426} INFO - Exporting the following env vars:
AIRFLOW_CTX_DAG_OWNER=***
AIRFLOW_CTX_DAG_ID=LocalIngestionDAG
AIRFLOW_CTX_TASK_ID=wget
AIRFLOW_CTX_EXECUTION_DATE=2021-12-02T06:00:49+00:00
AIRFLOW_CTX_DAG_RUN_ID=scheduled__2021-12-02T06:00:49+00:00
[2022-04-13 22:31:27,045] {subprocess.py:62} INFO - Tmp dir root location: 
 /tmp
[2022-04-13 22:31:27,053] {subprocess.py:74} INFO - Running command: ['bash', '-c', 'curl -sSL https://s3.amazonaws.com/nyc-tlc/trip+data/yellow_tripdata_2021-12.csv > /opt/***/output.csv']
[2022-04-13 22:31:27,083] {subprocess.py:85} INFO - Output:
[2022-04-13 22:31:28,435] {subprocess.py:93} INFO - Command exited with return code 0
[2022-04-13 22:31:28,575] {taskinstance.py:1277} INFO - Marking task as SUCCESS. dag_id=LocalIngestionDAG, task_id=wget, execution_date=20211202T060049, start_date=20220413T223126, end_date=20220413T223128
[2022-04-13 22:31:28,733] {local_task_job.py:154} INFO - Task exited with return code 0
[2022-04-13 22:31:29,432] {local_task_job.py:264} INFO - 0 downstream tasks scheduled from follow-on schedule check
