[2022-04-13 22:31:31,113] {taskinstance.py:1032} INFO - Dependencies all met for <TaskInstance: LocalIngestionDAG.wget scheduled__2021-12-02T06:00:54+00:00 [queued]>
[2022-04-13 22:31:31,197] {taskinstance.py:1032} INFO - Dependencies all met for <TaskInstance: LocalIngestionDAG.wget scheduled__2021-12-02T06:00:54+00:00 [queued]>
[2022-04-13 22:31:31,224] {taskinstance.py:1238} INFO - 
--------------------------------------------------------------------------------
[2022-04-13 22:31:31,230] {taskinstance.py:1239} INFO - Starting attempt 1 of 1
[2022-04-13 22:31:31,273] {taskinstance.py:1240} INFO - 
--------------------------------------------------------------------------------
[2022-04-13 22:31:31,394] {taskinstance.py:1259} INFO - Executing <Task(BashOperator): wget> on 2021-12-02 06:00:54+00:00
[2022-04-13 22:31:31,400] {standard_task_runner.py:52} INFO - Started process 9370 to run task
[2022-04-13 22:31:31,445] {standard_task_runner.py:76} INFO - Running: ['***', 'tasks', 'run', 'LocalIngestionDAG', 'wget', 'scheduled__2021-12-02T06:00:54+00:00', '--job-id', '1515', '--raw', '--subdir', 'DAGS_FOLDER/data_ingestion_local.py', '--cfg-path', '/tmp/tmpjjf484d8', '--error-file', '/tmp/tmp6b3hezpv']
[2022-04-13 22:31:31,451] {standard_task_runner.py:77} INFO - Job 1515: Subtask wget
[2022-04-13 22:31:31,878] {logging_mixin.py:109} INFO - Running <TaskInstance: LocalIngestionDAG.wget scheduled__2021-12-02T06:00:54+00:00 [running]> on host 13db72185839
[2022-04-13 22:31:32,126] {logging_mixin.py:109} WARNING - /home/***/.local/lib/python3.7/site-packages/***/utils/context.py:152 AirflowContextDeprecationWarning: Accessing 'execution_date' from the template is deprecated and will be removed in a future version. Please use 'data_interval_start' or 'logical_date' instead.
[2022-04-13 22:31:32,234] {taskinstance.py:1426} INFO - Exporting the following env vars:
AIRFLOW_CTX_DAG_OWNER=***
AIRFLOW_CTX_DAG_ID=LocalIngestionDAG
AIRFLOW_CTX_TASK_ID=wget
AIRFLOW_CTX_EXECUTION_DATE=2021-12-02T06:00:54+00:00
AIRFLOW_CTX_DAG_RUN_ID=scheduled__2021-12-02T06:00:54+00:00
[2022-04-13 22:31:32,243] {subprocess.py:62} INFO - Tmp dir root location: 
 /tmp
[2022-04-13 22:31:32,245] {subprocess.py:74} INFO - Running command: ['bash', '-c', 'curl -sSL https://s3.amazonaws.com/nyc-tlc/trip+data/yellow_tripdata_2021-12.csv > /opt/***/output.csv']
[2022-04-13 22:31:32,280] {subprocess.py:85} INFO - Output:
[2022-04-13 22:31:33,753] {subprocess.py:93} INFO - Command exited with return code 0
[2022-04-13 22:31:34,227] {taskinstance.py:1277} INFO - Marking task as SUCCESS. dag_id=LocalIngestionDAG, task_id=wget, execution_date=20211202T060054, start_date=20220413T223131, end_date=20220413T223134
[2022-04-13 22:31:34,300] {local_task_job.py:154} INFO - Task exited with return code 0
[2022-04-13 22:31:34,494] {local_task_job.py:264} INFO - 1 downstream tasks scheduled from follow-on schedule check
