[2022-04-13 21:27:56,338] {taskinstance.py:1032} INFO - Dependencies all met for <TaskInstance: LocalIngestionDAG.ingest scheduled__2021-10-02T06:00:37+00:00 [queued]>
[2022-04-13 21:27:56,381] {taskinstance.py:1032} INFO - Dependencies all met for <TaskInstance: LocalIngestionDAG.ingest scheduled__2021-10-02T06:00:37+00:00 [queued]>
[2022-04-13 21:27:56,382] {taskinstance.py:1238} INFO - 
--------------------------------------------------------------------------------
[2022-04-13 21:27:56,385] {taskinstance.py:1239} INFO - Starting attempt 1 of 1
[2022-04-13 21:27:56,388] {taskinstance.py:1240} INFO - 
--------------------------------------------------------------------------------
[2022-04-13 21:27:56,448] {taskinstance.py:1259} INFO - Executing <Task(BashOperator): ingest> on 2021-10-02 06:00:37+00:00
[2022-04-13 21:27:56,456] {standard_task_runner.py:52} INFO - Started process 5147 to run task
[2022-04-13 21:27:56,473] {standard_task_runner.py:76} INFO - Running: ['***', 'tasks', 'run', 'LocalIngestionDAG', 'ingest', 'scheduled__2021-10-02T06:00:37+00:00', '--job-id', '1280', '--raw', '--subdir', 'DAGS_FOLDER/data_ingestion_local.py', '--cfg-path', '/tmp/tmp8m4k41zj', '--error-file', '/tmp/tmp7edc7at5']
[2022-04-13 21:27:56,476] {standard_task_runner.py:77} INFO - Job 1280: Subtask ingest
[2022-04-13 21:27:56,753] {logging_mixin.py:109} INFO - Running <TaskInstance: LocalIngestionDAG.ingest scheduled__2021-10-02T06:00:37+00:00 [running]> on host 13db72185839
[2022-04-13 21:27:57,053] {taskinstance.py:1426} INFO - Exporting the following env vars:
AIRFLOW_CTX_DAG_OWNER=***
AIRFLOW_CTX_DAG_ID=LocalIngestionDAG
AIRFLOW_CTX_TASK_ID=ingest
AIRFLOW_CTX_EXECUTION_DATE=2021-10-02T06:00:37+00:00
AIRFLOW_CTX_DAG_RUN_ID=scheduled__2021-10-02T06:00:37+00:00
[2022-04-13 21:27:57,080] {subprocess.py:62} INFO - Tmp dir root location: 
 /tmp
[2022-04-13 21:27:57,082] {subprocess.py:74} INFO - Running command: ['bash', '-c', 'pwd']
[2022-04-13 21:27:57,110] {subprocess.py:85} INFO - Output:
[2022-04-13 21:27:57,115] {subprocess.py:89} INFO - /tmp/***tmp703k5fal
[2022-04-13 21:27:57,117] {subprocess.py:93} INFO - Command exited with return code 0
[2022-04-13 21:27:57,217] {taskinstance.py:1277} INFO - Marking task as SUCCESS. dag_id=LocalIngestionDAG, task_id=ingest, execution_date=20211002T060037, start_date=20220413T212756, end_date=20220413T212757
[2022-04-13 21:27:57,301] {local_task_job.py:154} INFO - Task exited with return code 0
[2022-04-13 21:27:57,386] {local_task_job.py:264} INFO - 0 downstream tasks scheduled from follow-on schedule check
