[2022-04-13 21:17:34,310] {taskinstance.py:1032} INFO - Dependencies all met for <TaskInstance: LocalIngestionDAG.ingest scheduled__2021-03-02T06:00:13+00:00 [queued]>
[2022-04-13 21:17:34,330] {taskinstance.py:1032} INFO - Dependencies all met for <TaskInstance: LocalIngestionDAG.ingest scheduled__2021-03-02T06:00:13+00:00 [queued]>
[2022-04-13 21:17:34,331] {taskinstance.py:1238} INFO - 
--------------------------------------------------------------------------------
[2022-04-13 21:17:34,332] {taskinstance.py:1239} INFO - Starting attempt 1 of 1
[2022-04-13 21:17:34,332] {taskinstance.py:1240} INFO - 
--------------------------------------------------------------------------------
[2022-04-13 21:17:34,360] {taskinstance.py:1259} INFO - Executing <Task(BashOperator): ingest> on 2021-03-02 06:00:13+00:00
[2022-04-13 21:17:34,365] {standard_task_runner.py:52} INFO - Started process 1981 to run task
[2022-04-13 21:17:34,371] {standard_task_runner.py:76} INFO - Running: ['***', 'tasks', 'run', 'LocalIngestionDAG', 'ingest', 'scheduled__2021-03-02T06:00:13+00:00', '--job-id', '391', '--raw', '--subdir', 'DAGS_FOLDER/data_ingestion_local.py', '--cfg-path', '/tmp/tmpky9c930i', '--error-file', '/tmp/tmpfoh_vssn']
[2022-04-13 21:17:34,373] {standard_task_runner.py:77} INFO - Job 391: Subtask ingest
[2022-04-13 21:17:34,577] {logging_mixin.py:109} INFO - Running <TaskInstance: LocalIngestionDAG.ingest scheduled__2021-03-02T06:00:13+00:00 [running]> on host 13db72185839
[2022-04-13 21:17:34,731] {taskinstance.py:1426} INFO - Exporting the following env vars:
AIRFLOW_CTX_DAG_OWNER=***
AIRFLOW_CTX_DAG_ID=LocalIngestionDAG
AIRFLOW_CTX_TASK_ID=ingest
AIRFLOW_CTX_EXECUTION_DATE=2021-03-02T06:00:13+00:00
AIRFLOW_CTX_DAG_RUN_ID=scheduled__2021-03-02T06:00:13+00:00
[2022-04-13 21:17:34,733] {subprocess.py:62} INFO - Tmp dir root location: 
 /tmp
[2022-04-13 21:17:34,734] {subprocess.py:74} INFO - Running command: ['bash', '-c', 'pwd']
[2022-04-13 21:17:34,751] {subprocess.py:85} INFO - Output:
[2022-04-13 21:17:34,754] {subprocess.py:89} INFO - /tmp/***tmpcw1iyzrw
[2022-04-13 21:17:34,757] {subprocess.py:93} INFO - Command exited with return code 0
[2022-04-13 21:17:34,906] {taskinstance.py:1277} INFO - Marking task as SUCCESS. dag_id=LocalIngestionDAG, task_id=ingest, execution_date=20210302T060013, start_date=20220413T211734, end_date=20220413T211734
[2022-04-13 21:17:34,971] {local_task_job.py:154} INFO - Task exited with return code 0
[2022-04-13 21:17:35,042] {local_task_job.py:264} INFO - 0 downstream tasks scheduled from follow-on schedule check
