[2022-04-13 21:24:29,296] {taskinstance.py:1032} INFO - Dependencies all met for <TaskInstance: LocalIngestionDAG.ingest scheduled__2021-07-02T06:00:44+00:00 [queued]>
[2022-04-13 21:24:29,396] {taskinstance.py:1032} INFO - Dependencies all met for <TaskInstance: LocalIngestionDAG.ingest scheduled__2021-07-02T06:00:44+00:00 [queued]>
[2022-04-13 21:24:29,397] {taskinstance.py:1238} INFO - 
--------------------------------------------------------------------------------
[2022-04-13 21:24:29,397] {taskinstance.py:1239} INFO - Starting attempt 1 of 1
[2022-04-13 21:24:29,398] {taskinstance.py:1240} INFO - 
--------------------------------------------------------------------------------
[2022-04-13 21:24:29,474] {taskinstance.py:1259} INFO - Executing <Task(BashOperator): ingest> on 2021-07-02 06:00:44+00:00
[2022-04-13 21:24:29,488] {standard_task_runner.py:52} INFO - Started process 3956 to run task
[2022-04-13 21:24:29,508] {standard_task_runner.py:76} INFO - Running: ['***', 'tasks', 'run', 'LocalIngestionDAG', 'ingest', 'scheduled__2021-07-02T06:00:44+00:00', '--job-id', '934', '--raw', '--subdir', 'DAGS_FOLDER/data_ingestion_local.py', '--cfg-path', '/tmp/tmpwk44bq6o', '--error-file', '/tmp/tmp6ncvu9pc']
[2022-04-13 21:24:29,528] {standard_task_runner.py:77} INFO - Job 934: Subtask ingest
[2022-04-13 21:24:29,804] {logging_mixin.py:109} INFO - Running <TaskInstance: LocalIngestionDAG.ingest scheduled__2021-07-02T06:00:44+00:00 [running]> on host 13db72185839
[2022-04-13 21:24:30,131] {taskinstance.py:1426} INFO - Exporting the following env vars:
AIRFLOW_CTX_DAG_OWNER=***
AIRFLOW_CTX_DAG_ID=LocalIngestionDAG
AIRFLOW_CTX_TASK_ID=ingest
AIRFLOW_CTX_EXECUTION_DATE=2021-07-02T06:00:44+00:00
AIRFLOW_CTX_DAG_RUN_ID=scheduled__2021-07-02T06:00:44+00:00
[2022-04-13 21:24:30,136] {subprocess.py:62} INFO - Tmp dir root location: 
 /tmp
[2022-04-13 21:24:30,138] {subprocess.py:74} INFO - Running command: ['bash', '-c', 'pwd']
[2022-04-13 21:24:30,169] {subprocess.py:85} INFO - Output:
[2022-04-13 21:24:30,175] {subprocess.py:89} INFO - /tmp/***tmp7opfhzzi
[2022-04-13 21:24:30,179] {subprocess.py:93} INFO - Command exited with return code 0
[2022-04-13 21:24:30,394] {taskinstance.py:1277} INFO - Marking task as SUCCESS. dag_id=LocalIngestionDAG, task_id=ingest, execution_date=20210702T060044, start_date=20220413T212429, end_date=20220413T212430
[2022-04-13 21:24:30,464] {local_task_job.py:154} INFO - Task exited with return code 0
[2022-04-13 21:24:30,539] {local_task_job.py:264} INFO - 0 downstream tasks scheduled from follow-on schedule check
