[2022-04-13 21:17:18,095] {taskinstance.py:1032} INFO - Dependencies all met for <TaskInstance: LocalIngestionDAG.wget scheduled__2021-02-02T06:00:54+00:00 [queued]>
[2022-04-13 21:17:18,112] {taskinstance.py:1032} INFO - Dependencies all met for <TaskInstance: LocalIngestionDAG.wget scheduled__2021-02-02T06:00:54+00:00 [queued]>
[2022-04-13 21:17:18,113] {taskinstance.py:1238} INFO - 
--------------------------------------------------------------------------------
[2022-04-13 21:17:18,115] {taskinstance.py:1239} INFO - Starting attempt 1 of 1
[2022-04-13 21:17:18,115] {taskinstance.py:1240} INFO - 
--------------------------------------------------------------------------------
[2022-04-13 21:17:18,162] {taskinstance.py:1259} INFO - Executing <Task(BashOperator): wget> on 2021-02-02 06:00:54+00:00
[2022-04-13 21:17:18,168] {standard_task_runner.py:52} INFO - Started process 1844 to run task
[2022-04-13 21:17:18,179] {standard_task_runner.py:76} INFO - Running: ['***', 'tasks', 'run', 'LocalIngestionDAG', 'wget', 'scheduled__2021-02-02T06:00:54+00:00', '--job-id', '349', '--raw', '--subdir', 'DAGS_FOLDER/data_ingestion_local.py', '--cfg-path', '/tmp/tmpvvf9d8de', '--error-file', '/tmp/tmpbv5cc_6s']
[2022-04-13 21:17:18,183] {standard_task_runner.py:77} INFO - Job 349: Subtask wget
[2022-04-13 21:17:18,316] {logging_mixin.py:109} INFO - Running <TaskInstance: LocalIngestionDAG.wget scheduled__2021-02-02T06:00:54+00:00 [running]> on host 13db72185839
[2022-04-13 21:17:18,442] {taskinstance.py:1426} INFO - Exporting the following env vars:
AIRFLOW_CTX_DAG_OWNER=***
AIRFLOW_CTX_DAG_ID=LocalIngestionDAG
AIRFLOW_CTX_TASK_ID=wget
AIRFLOW_CTX_EXECUTION_DATE=2021-02-02T06:00:54+00:00
AIRFLOW_CTX_DAG_RUN_ID=scheduled__2021-02-02T06:00:54+00:00
[2022-04-13 21:17:18,444] {subprocess.py:62} INFO - Tmp dir root location: 
 /tmp
[2022-04-13 21:17:18,445] {subprocess.py:74} INFO - Running command: ['bash', '-c', 'echo "hello world"']
[2022-04-13 21:17:18,461] {subprocess.py:85} INFO - Output:
[2022-04-13 21:17:18,465] {subprocess.py:89} INFO - hello world
[2022-04-13 21:17:18,467] {subprocess.py:93} INFO - Command exited with return code 0
[2022-04-13 21:17:18,539] {taskinstance.py:1277} INFO - Marking task as SUCCESS. dag_id=LocalIngestionDAG, task_id=wget, execution_date=20210202T060054, start_date=20220413T211718, end_date=20220413T211718
[2022-04-13 21:17:18,634] {local_task_job.py:154} INFO - Task exited with return code 0
[2022-04-13 21:17:18,798] {local_task_job.py:264} INFO - 0 downstream tasks scheduled from follow-on schedule check
