[2022-04-13 21:26:25,150] {taskinstance.py:1032} INFO - Dependencies all met for <TaskInstance: LocalIngestionDAG.ingest scheduled__2021-09-02T06:00:29+00:00 [queued]>
[2022-04-13 21:26:25,218] {taskinstance.py:1032} INFO - Dependencies all met for <TaskInstance: LocalIngestionDAG.ingest scheduled__2021-09-02T06:00:29+00:00 [queued]>
[2022-04-13 21:26:25,219] {taskinstance.py:1238} INFO - 
--------------------------------------------------------------------------------
[2022-04-13 21:26:25,230] {taskinstance.py:1239} INFO - Starting attempt 1 of 1
[2022-04-13 21:26:25,235] {taskinstance.py:1240} INFO - 
--------------------------------------------------------------------------------
[2022-04-13 21:26:25,284] {taskinstance.py:1259} INFO - Executing <Task(BashOperator): ingest> on 2021-09-02 06:00:29+00:00
[2022-04-13 21:26:25,293] {standard_task_runner.py:52} INFO - Started process 4674 to run task
[2022-04-13 21:26:25,307] {standard_task_runner.py:76} INFO - Running: ['***', 'tasks', 'run', 'LocalIngestionDAG', 'ingest', 'scheduled__2021-09-02T06:00:29+00:00', '--job-id', '1143', '--raw', '--subdir', 'DAGS_FOLDER/data_ingestion_local.py', '--cfg-path', '/tmp/tmpqbnxvk9i', '--error-file', '/tmp/tmp5on0edwz']
[2022-04-13 21:26:25,310] {standard_task_runner.py:77} INFO - Job 1143: Subtask ingest
[2022-04-13 21:26:25,499] {logging_mixin.py:109} INFO - Running <TaskInstance: LocalIngestionDAG.ingest scheduled__2021-09-02T06:00:29+00:00 [running]> on host 13db72185839
[2022-04-13 21:26:25,736] {taskinstance.py:1426} INFO - Exporting the following env vars:
AIRFLOW_CTX_DAG_OWNER=***
AIRFLOW_CTX_DAG_ID=LocalIngestionDAG
AIRFLOW_CTX_TASK_ID=ingest
AIRFLOW_CTX_EXECUTION_DATE=2021-09-02T06:00:29+00:00
AIRFLOW_CTX_DAG_RUN_ID=scheduled__2021-09-02T06:00:29+00:00
[2022-04-13 21:26:25,758] {subprocess.py:62} INFO - Tmp dir root location: 
 /tmp
[2022-04-13 21:26:25,771] {subprocess.py:74} INFO - Running command: ['bash', '-c', 'pwd']
[2022-04-13 21:26:25,802] {subprocess.py:85} INFO - Output:
[2022-04-13 21:26:25,809] {subprocess.py:89} INFO - /tmp/***tmpej90gk6l
[2022-04-13 21:26:25,813] {subprocess.py:93} INFO - Command exited with return code 0
[2022-04-13 21:26:25,911] {taskinstance.py:1277} INFO - Marking task as SUCCESS. dag_id=LocalIngestionDAG, task_id=ingest, execution_date=20210902T060029, start_date=20220413T212625, end_date=20220413T212625
[2022-04-13 21:26:26,071] {local_task_job.py:154} INFO - Task exited with return code 0
[2022-04-13 21:26:26,207] {local_task_job.py:264} INFO - 0 downstream tasks scheduled from follow-on schedule check
