

============================== 2022-04-17 20:46:14.127733 | a7625f22-adff-41b5-9e2e-5dbb0d0078ed ==============================
20:46:14.127733 [info ] [MainThread]: Running with dbt=1.0.4
20:46:14.131108 [debug] [MainThread]: running dbt with arguments Namespace(record_timing_info=None, debug=None, log_format=None, write_json=None, use_colors=None, printer_width=None, warn_error=None, version_check=None, partial_parse=None, single_threaded=False, use_experimental_parser=None, static_parser=None, profiles_dir='/root/.dbt', send_anonymous_usage_stats=None, fail_fast=None, event_buffer_size=None, project_dir=None, profile=None, target=None, vars='{}', log_cache_events=False, project_name=None, skip_profile_setup=False, defer=None, state=None, cls=<class 'dbt.task.init.InitTask'>, which='init', rpc_method=None)
20:46:14.133212 [debug] [MainThread]: Tracking: tracking
20:46:14.150366 [debug] [MainThread]: Sending event: {'category': 'dbt', 'action': 'invocation', 'label': 'start', 'context': [<snowplow_tracker.self_describing_json.SelfDescribingJson object at 0x7f3a7ce409d0>, <snowplow_tracker.self_describing_json.SelfDescribingJson object at 0x7f3a7ce40580>, <snowplow_tracker.self_describing_json.SelfDescribingJson object at 0x7f3a7ce40550>]}
20:48:39.550709 [debug] [MainThread]: Starter project path: /usr/local/lib/python3.9/site-packages/dbt/include/starter_project
20:51:18.831276 [debug] [MainThread]: Sending event: {'category': 'dbt', 'action': 'invocation', 'label': 'end', 'context': [<snowplow_tracker.self_describing_json.SelfDescribingJson object at 0x7f3a7cdf6ca0>, <snowplow_tracker.self_describing_json.SelfDescribingJson object at 0x7f3a7b58a040>, <snowplow_tracker.self_describing_json.SelfDescribingJson object at 0x7f3a7ce3ca30>]}


============================== 2022-04-17 20:51:31.640797 | 6ed9a72d-a25d-42a3-9474-0ebe5aa8a078 ==============================
20:51:31.640797 [info ] [MainThread]: Running with dbt=1.0.4
20:51:31.643086 [debug] [MainThread]: running dbt with arguments Namespace(record_timing_info=None, debug=None, log_format=None, write_json=None, use_colors=None, printer_width=None, warn_error=None, version_check=None, partial_parse=None, single_threaded=False, use_experimental_parser=None, static_parser=None, profiles_dir='/root/.dbt', send_anonymous_usage_stats=None, fail_fast=None, event_buffer_size=None, project_dir=None, profile=None, target=None, vars='{}', log_cache_events=False, project_name=None, skip_profile_setup=False, defer=None, state=None, cls=<class 'dbt.task.init.InitTask'>, which='init', rpc_method=None)
20:51:31.644306 [debug] [MainThread]: Tracking: tracking
20:51:31.651872 [debug] [MainThread]: Sending event: {'category': 'dbt', 'action': 'invocation', 'label': 'start', 'context': [<snowplow_tracker.self_describing_json.SelfDescribingJson object at 0x7fc4b21a09d0>, <snowplow_tracker.self_describing_json.SelfDescribingJson object at 0x7fc4b21a0580>, <snowplow_tracker.self_describing_json.SelfDescribingJson object at 0x7fc4b21a0550>]}
20:51:46.322905 [info ] [MainThread]: A project called taxi_rides_ny already exists here.
20:51:46.324787 [debug] [MainThread]: Sending event: {'category': 'dbt', 'action': 'invocation', 'label': 'end', 'context': [<snowplow_tracker.self_describing_json.SelfDescribingJson object at 0x7fc4b21a05e0>, <snowplow_tracker.self_describing_json.SelfDescribingJson object at 0x7fc4b219caf0>, <snowplow_tracker.self_describing_json.SelfDescribingJson object at 0x7fc4b219ce50>]}


============================== 2022-04-17 21:02:08.939564 | 433e3c9d-4ad2-44c1-ac3d-f9a851c83b91 ==============================
21:02:08.939564 [info ] [MainThread]: Running with dbt=1.0.4
21:02:08.944983 [debug] [MainThread]: running dbt with arguments Namespace(record_timing_info=None, debug=None, log_format=None, write_json=None, use_colors=None, printer_width=None, warn_error=None, version_check=None, partial_parse=None, single_threaded=False, use_experimental_parser=None, static_parser=None, profiles_dir='/root/.dbt', send_anonymous_usage_stats=None, fail_fast=None, event_buffer_size=None, project_dir=None, profile=None, target=None, vars='{}', log_cache_events=False, project_name=None, skip_profile_setup=False, defer=None, state=None, cls=<class 'dbt.task.init.InitTask'>, which='init', rpc_method=None)
21:02:08.947058 [debug] [MainThread]: Tracking: tracking
21:02:08.972519 [debug] [MainThread]: Sending event: {'category': 'dbt', 'action': 'invocation', 'label': 'start', 'context': [<snowplow_tracker.self_describing_json.SelfDescribingJson object at 0x7f76b51959d0>, <snowplow_tracker.self_describing_json.SelfDescribingJson object at 0x7f76b5195580>, <snowplow_tracker.self_describing_json.SelfDescribingJson object at 0x7f76b5195550>]}
21:03:23.064752 [info ] [MainThread]: A project called taxi_rides_ny already exists here.
21:03:23.070896 [debug] [MainThread]: Sending event: {'category': 'dbt', 'action': 'invocation', 'label': 'end', 'context': [<snowplow_tracker.self_describing_json.SelfDescribingJson object at 0x7f76b51955e0>, <snowplow_tracker.self_describing_json.SelfDescribingJson object at 0x7f76b5191af0>, <snowplow_tracker.self_describing_json.SelfDescribingJson object at 0x7f76b5191e50>]}


============================== 2022-04-17 21:03:54.013937 | b1cd67e3-0063-4183-a7a9-c57c58245918 ==============================
21:03:54.013937 [info ] [MainThread]: Running with dbt=1.0.4
21:03:54.015708 [debug] [MainThread]: running dbt with arguments Namespace(record_timing_info=None, debug=None, log_format=None, write_json=None, use_colors=None, printer_width=None, warn_error=None, version_check=None, partial_parse=None, single_threaded=False, use_experimental_parser=None, static_parser=None, profiles_dir='/root/.dbt', send_anonymous_usage_stats=None, fail_fast=None, event_buffer_size=None, project_dir=None, profile=None, target=None, vars='{}', log_cache_events=False, project_name=None, skip_profile_setup=False, defer=None, state=None, cls=<class 'dbt.task.init.InitTask'>, which='init', rpc_method=None)
21:03:54.017537 [debug] [MainThread]: Tracking: tracking
21:03:54.028917 [debug] [MainThread]: Sending event: {'category': 'dbt', 'action': 'invocation', 'label': 'start', 'context': [<snowplow_tracker.self_describing_json.SelfDescribingJson object at 0x7febe96039d0>, <snowplow_tracker.self_describing_json.SelfDescribingJson object at 0x7febe9603580>, <snowplow_tracker.self_describing_json.SelfDescribingJson object at 0x7febe9603550>]}
21:05:49.101010 [debug] [MainThread]: Sending event: {'category': 'dbt', 'action': 'invocation', 'label': 'end', 'context': [<snowplow_tracker.self_describing_json.SelfDescribingJson object at 0x7febe96039d0>, <snowplow_tracker.self_describing_json.SelfDescribingJson object at 0x7febe96035e0>, <snowplow_tracker.self_describing_json.SelfDescribingJson object at 0x7febe95ffb20>]}


============================== 2022-04-17 21:05:59.168914 | 604c2790-13c0-4bb3-879f-fcbec04943c8 ==============================
21:05:59.168914 [info ] [MainThread]: Running with dbt=1.0.4
21:05:59.171268 [debug] [MainThread]: running dbt with arguments Namespace(record_timing_info=None, debug=None, log_format=None, write_json=None, use_colors=None, printer_width=None, warn_error=None, version_check=None, partial_parse=None, single_threaded=False, use_experimental_parser=None, static_parser=None, profiles_dir='/root/.dbt', send_anonymous_usage_stats=None, fail_fast=None, event_buffer_size=None, project_dir=None, profile=None, target=None, vars='{}', log_cache_events=False, project_name=None, skip_profile_setup=False, defer=None, state=None, cls=<class 'dbt.task.init.InitTask'>, which='init', rpc_method=None)
21:05:59.173076 [debug] [MainThread]: Tracking: tracking
21:05:59.182094 [debug] [MainThread]: Sending event: {'category': 'dbt', 'action': 'invocation', 'label': 'start', 'context': [<snowplow_tracker.self_describing_json.SelfDescribingJson object at 0x7fa766d029d0>, <snowplow_tracker.self_describing_json.SelfDescribingJson object at 0x7fa766d02580>, <snowplow_tracker.self_describing_json.SelfDescribingJson object at 0x7fa766d02550>]}
21:06:06.828423 [debug] [MainThread]: Starter project path: /usr/local/lib/python3.9/site-packages/dbt/include/starter_project
21:09:07.390146 [info ] [MainThread]: Profile ny_taxi written to /root/.dbt/profiles.yml using target's profile_template.yml and your supplied values. Run 'dbt debug' to validate the connection.
21:09:07.394348 [info ] [MainThread]: 
Your new dbt project "ny_taxi" was created!

For more information on how to configure the profiles.yml file,
please consult the dbt documentation here:

  https://docs.getdbt.com/docs/configure-your-profile

One more thing:

Need help? Don't hesitate to reach out to us via GitHub issues or on Slack:

  https://community.getdbt.com/

Happy modeling!

21:09:07.399660 [debug] [MainThread]: Sending event: {'category': 'dbt', 'action': 'invocation', 'label': 'end', 'context': [<snowplow_tracker.self_describing_json.SelfDescribingJson object at 0x7fa766d02550>, <snowplow_tracker.self_describing_json.SelfDescribingJson object at 0x7fa7653e1970>, <snowplow_tracker.self_describing_json.SelfDescribingJson object at 0x7fa766cfeaf0>]}
