[2022-04-13 22:31:41,409] {taskinstance.py:1032} INFO - Dependencies all met for <TaskInstance: LocalIngestionDAG.wget scheduled__2021-12-02T06:00:59+00:00 [queued]>
[2022-04-13 22:31:41,457] {taskinstance.py:1032} INFO - Dependencies all met for <TaskInstance: LocalIngestionDAG.wget scheduled__2021-12-02T06:00:59+00:00 [queued]>
[2022-04-13 22:31:41,463] {taskinstance.py:1238} INFO - 
--------------------------------------------------------------------------------
[2022-04-13 22:31:41,466] {taskinstance.py:1239} INFO - Starting attempt 1 of 1
[2022-04-13 22:31:41,468] {taskinstance.py:1240} INFO - 
--------------------------------------------------------------------------------
[2022-04-13 22:31:41,553] {taskinstance.py:1259} INFO - Executing <Task(BashOperator): wget> on 2021-12-02 06:00:59+00:00
[2022-04-13 22:31:41,567] {standard_task_runner.py:52} INFO - Started process 9416 to run task
[2022-04-13 22:31:41,583] {standard_task_runner.py:76} INFO - Running: ['***', 'tasks', 'run', 'LocalIngestionDAG', 'wget', 'scheduled__2021-12-02T06:00:59+00:00', '--job-id', '1528', '--raw', '--subdir', 'DAGS_FOLDER/data_ingestion_local.py', '--cfg-path', '/tmp/tmp8drw2cd6', '--error-file', '/tmp/tmpbqby3mlf']
[2022-04-13 22:31:41,595] {standard_task_runner.py:77} INFO - Job 1528: Subtask wget
[2022-04-13 22:31:41,853] {logging_mixin.py:109} INFO - Running <TaskInstance: LocalIngestionDAG.wget scheduled__2021-12-02T06:00:59+00:00 [running]> on host 13db72185839
[2022-04-13 22:31:42,007] {logging_mixin.py:109} WARNING - /home/***/.local/lib/python3.7/site-packages/***/utils/context.py:152 AirflowContextDeprecationWarning: Accessing 'execution_date' from the template is deprecated and will be removed in a future version. Please use 'data_interval_start' or 'logical_date' instead.
[2022-04-13 22:31:42,076] {taskinstance.py:1426} INFO - Exporting the following env vars:
AIRFLOW_CTX_DAG_OWNER=***
AIRFLOW_CTX_DAG_ID=LocalIngestionDAG
AIRFLOW_CTX_TASK_ID=wget
AIRFLOW_CTX_EXECUTION_DATE=2021-12-02T06:00:59+00:00
AIRFLOW_CTX_DAG_RUN_ID=scheduled__2021-12-02T06:00:59+00:00
[2022-04-13 22:31:42,078] {subprocess.py:62} INFO - Tmp dir root location: 
 /tmp
[2022-04-13 22:31:42,081] {subprocess.py:74} INFO - Running command: ['bash', '-c', 'curl -sSL https://s3.amazonaws.com/nyc-tlc/trip+data/yellow_tripdata_2021-12.csv > /opt/***/output.csv']
[2022-04-13 22:31:42,101] {subprocess.py:85} INFO - Output:
[2022-04-13 22:31:43,389] {subprocess.py:93} INFO - Command exited with return code 0
[2022-04-13 22:31:43,695] {taskinstance.py:1277} INFO - Marking task as SUCCESS. dag_id=LocalIngestionDAG, task_id=wget, execution_date=20211202T060059, start_date=20220413T223141, end_date=20220413T223143
[2022-04-13 22:31:43,914] {local_task_job.py:154} INFO - Task exited with return code 0
[2022-04-13 22:31:44,140] {local_task_job.py:264} INFO - 1 downstream tasks scheduled from follow-on schedule check
