[2022-04-13 21:21:25,076] {taskinstance.py:1032} INFO - Dependencies all met for <TaskInstance: LocalIngestionDAG.ingest scheduled__2021-04-02T06:00:46+00:00 [queued]>
[2022-04-13 21:21:25,127] {taskinstance.py:1032} INFO - Dependencies all met for <TaskInstance: LocalIngestionDAG.ingest scheduled__2021-04-02T06:00:46+00:00 [queued]>
[2022-04-13 21:21:25,128] {taskinstance.py:1238} INFO - 
--------------------------------------------------------------------------------
[2022-04-13 21:21:25,128] {taskinstance.py:1239} INFO - Starting attempt 1 of 1
[2022-04-13 21:21:25,130] {taskinstance.py:1240} INFO - 
--------------------------------------------------------------------------------
[2022-04-13 21:21:25,245] {taskinstance.py:1259} INFO - Executing <Task(BashOperator): ingest> on 2021-04-02 06:00:46+00:00
[2022-04-13 21:21:25,303] {standard_task_runner.py:52} INFO - Started process 2750 to run task
[2022-04-13 21:21:25,326] {standard_task_runner.py:76} INFO - Running: ['***', 'tasks', 'run', 'LocalIngestionDAG', 'ingest', 'scheduled__2021-04-02T06:00:46+00:00', '--job-id', '578', '--raw', '--subdir', 'DAGS_FOLDER/data_ingestion_local.py', '--cfg-path', '/tmp/tmp_k1r_8sb', '--error-file', '/tmp/tmp6wrkf6wj']
[2022-04-13 21:21:25,329] {standard_task_runner.py:77} INFO - Job 578: Subtask ingest
[2022-04-13 21:21:25,546] {logging_mixin.py:109} INFO - Running <TaskInstance: LocalIngestionDAG.ingest scheduled__2021-04-02T06:00:46+00:00 [running]> on host 13db72185839
[2022-04-13 21:21:25,823] {taskinstance.py:1426} INFO - Exporting the following env vars:
AIRFLOW_CTX_DAG_OWNER=***
AIRFLOW_CTX_DAG_ID=LocalIngestionDAG
AIRFLOW_CTX_TASK_ID=ingest
AIRFLOW_CTX_EXECUTION_DATE=2021-04-02T06:00:46+00:00
AIRFLOW_CTX_DAG_RUN_ID=scheduled__2021-04-02T06:00:46+00:00
[2022-04-13 21:21:25,827] {subprocess.py:62} INFO - Tmp dir root location: 
 /tmp
[2022-04-13 21:21:25,837] {subprocess.py:74} INFO - Running command: ['bash', '-c', 'pwd']
[2022-04-13 21:21:25,855] {subprocess.py:85} INFO - Output:
[2022-04-13 21:21:25,861] {subprocess.py:89} INFO - /tmp/***tmpna0rrgsn
[2022-04-13 21:21:25,865] {subprocess.py:93} INFO - Command exited with return code 0
[2022-04-13 21:21:26,173] {taskinstance.py:1277} INFO - Marking task as SUCCESS. dag_id=LocalIngestionDAG, task_id=ingest, execution_date=20210402T060046, start_date=20220413T212125, end_date=20220413T212126
[2022-04-13 21:21:26,291] {local_task_job.py:154} INFO - Task exited with return code 0
[2022-04-13 21:21:26,777] {local_task_job.py:264} INFO - 0 downstream tasks scheduled from follow-on schedule check
