[2022-04-13 21:23:09,353] {taskinstance.py:1032} INFO - Dependencies all met for <TaskInstance: LocalIngestionDAG.wget scheduled__2021-06-02T06:00:30+00:00 [queued]>
[2022-04-13 21:23:09,398] {taskinstance.py:1032} INFO - Dependencies all met for <TaskInstance: LocalIngestionDAG.wget scheduled__2021-06-02T06:00:30+00:00 [queued]>
[2022-04-13 21:23:09,400] {taskinstance.py:1238} INFO - 
--------------------------------------------------------------------------------
[2022-04-13 21:23:09,403] {taskinstance.py:1239} INFO - Starting attempt 1 of 1
[2022-04-13 21:23:09,403] {taskinstance.py:1240} INFO - 
--------------------------------------------------------------------------------
[2022-04-13 21:23:09,447] {taskinstance.py:1259} INFO - Executing <Task(BashOperator): wget> on 2021-06-02 06:00:30+00:00
[2022-04-13 21:23:09,460] {standard_task_runner.py:52} INFO - Started process 3424 to run task
[2022-04-13 21:23:09,464] {standard_task_runner.py:76} INFO - Running: ['***', 'tasks', 'run', 'LocalIngestionDAG', 'wget', 'scheduled__2021-06-02T06:00:30+00:00', '--job-id', '777', '--raw', '--subdir', 'DAGS_FOLDER/data_ingestion_local.py', '--cfg-path', '/tmp/tmp5i4xkguw', '--error-file', '/tmp/tmplmalyos6']
[2022-04-13 21:23:09,467] {standard_task_runner.py:77} INFO - Job 777: Subtask wget
[2022-04-13 21:23:09,603] {logging_mixin.py:109} INFO - Running <TaskInstance: LocalIngestionDAG.wget scheduled__2021-06-02T06:00:30+00:00 [running]> on host 13db72185839
[2022-04-13 21:23:09,824] {taskinstance.py:1426} INFO - Exporting the following env vars:
AIRFLOW_CTX_DAG_OWNER=***
AIRFLOW_CTX_DAG_ID=LocalIngestionDAG
AIRFLOW_CTX_TASK_ID=wget
AIRFLOW_CTX_EXECUTION_DATE=2021-06-02T06:00:30+00:00
AIRFLOW_CTX_DAG_RUN_ID=scheduled__2021-06-02T06:00:30+00:00
[2022-04-13 21:23:09,832] {subprocess.py:62} INFO - Tmp dir root location: 
 /tmp
[2022-04-13 21:23:09,834] {subprocess.py:74} INFO - Running command: ['bash', '-c', 'echo "hello world"']
[2022-04-13 21:23:09,886] {subprocess.py:85} INFO - Output:
[2022-04-13 21:23:09,901] {subprocess.py:89} INFO - hello world
[2022-04-13 21:23:09,920] {subprocess.py:93} INFO - Command exited with return code 0
[2022-04-13 21:23:10,517] {taskinstance.py:1277} INFO - Marking task as SUCCESS. dag_id=LocalIngestionDAG, task_id=wget, execution_date=20210602T060030, start_date=20220413T212309, end_date=20220413T212310
[2022-04-13 21:23:10,608] {local_task_job.py:154} INFO - Task exited with return code 0
[2022-04-13 21:23:10,827] {local_task_job.py:264} INFO - 1 downstream tasks scheduled from follow-on schedule check
