[2022-04-13 22:20:41,221] {taskinstance.py:1032} INFO - Dependencies all met for <TaskInstance: LocalIngestionDAG.wget scheduled__2021-11-02T06:00:47+00:00 [queued]>
[2022-04-13 22:20:41,239] {taskinstance.py:1032} INFO - Dependencies all met for <TaskInstance: LocalIngestionDAG.wget scheduled__2021-11-02T06:00:47+00:00 [queued]>
[2022-04-13 22:20:41,240] {taskinstance.py:1238} INFO - 
--------------------------------------------------------------------------------
[2022-04-13 22:20:41,240] {taskinstance.py:1239} INFO - Starting attempt 1 of 1
[2022-04-13 22:20:41,241] {taskinstance.py:1240} INFO - 
--------------------------------------------------------------------------------
[2022-04-13 22:20:41,260] {taskinstance.py:1259} INFO - Executing <Task(BashOperator): wget> on 2021-11-02 06:00:47+00:00
[2022-04-13 22:20:41,264] {standard_task_runner.py:52} INFO - Started process 8430 to run task
[2022-04-13 22:20:41,269] {standard_task_runner.py:76} INFO - Running: ['***', 'tasks', 'run', 'LocalIngestionDAG', 'wget', 'scheduled__2021-11-02T06:00:47+00:00', '--job-id', '1402', '--raw', '--subdir', 'DAGS_FOLDER/data_ingestion_local.py', '--cfg-path', '/tmp/tmpzni7iv39', '--error-file', '/tmp/tmpcx8lysfx']
[2022-04-13 22:20:41,271] {standard_task_runner.py:77} INFO - Job 1402: Subtask wget
[2022-04-13 22:20:41,391] {logging_mixin.py:109} INFO - Running <TaskInstance: LocalIngestionDAG.wget scheduled__2021-11-02T06:00:47+00:00 [running]> on host 13db72185839
[2022-04-13 22:20:41,475] {logging_mixin.py:109} WARNING - /home/***/.local/lib/python3.7/site-packages/***/utils/context.py:152 AirflowContextDeprecationWarning: Accessing 'execution_date' from the template is deprecated and will be removed in a future version. Please use 'data_interval_start' or 'logical_date' instead.
[2022-04-13 22:20:41,511] {taskinstance.py:1426} INFO - Exporting the following env vars:
AIRFLOW_CTX_DAG_OWNER=***
AIRFLOW_CTX_DAG_ID=LocalIngestionDAG
AIRFLOW_CTX_TASK_ID=wget
AIRFLOW_CTX_EXECUTION_DATE=2021-11-02T06:00:47+00:00
AIRFLOW_CTX_DAG_RUN_ID=scheduled__2021-11-02T06:00:47+00:00
[2022-04-13 22:20:41,513] {subprocess.py:62} INFO - Tmp dir root location: 
 /tmp
[2022-04-13 22:20:41,515] {subprocess.py:74} INFO - Running command: ['bash', '-c', 'echo "2021-11"']
[2022-04-13 22:20:41,525] {subprocess.py:85} INFO - Output:
[2022-04-13 22:20:41,528] {subprocess.py:89} INFO - 2021-11
[2022-04-13 22:20:41,528] {subprocess.py:93} INFO - Command exited with return code 0
[2022-04-13 22:20:41,562] {taskinstance.py:1277} INFO - Marking task as SUCCESS. dag_id=LocalIngestionDAG, task_id=wget, execution_date=20211102T060047, start_date=20220413T222041, end_date=20220413T222041
[2022-04-13 22:20:41,602] {local_task_job.py:154} INFO - Task exited with return code 0
[2022-04-13 22:20:41,644] {local_task_job.py:264} INFO - 1 downstream tasks scheduled from follow-on schedule check
