[2022-04-15 23:10:52,420] {taskinstance.py:1032} INFO - Dependencies all met for <TaskInstance: live_coded_gcs_2_bg_dag.gcs_2_gcs_task scheduled__2022-04-14T00:00:00+00:00 [queued]>
[2022-04-15 23:10:52,432] {taskinstance.py:1032} INFO - Dependencies all met for <TaskInstance: live_coded_gcs_2_bg_dag.gcs_2_gcs_task scheduled__2022-04-14T00:00:00+00:00 [queued]>
[2022-04-15 23:10:52,433] {taskinstance.py:1238} INFO - 
--------------------------------------------------------------------------------
[2022-04-15 23:10:52,434] {taskinstance.py:1239} INFO - Starting attempt 1 of 2
[2022-04-15 23:10:52,434] {taskinstance.py:1240} INFO - 
--------------------------------------------------------------------------------
[2022-04-15 23:10:52,448] {taskinstance.py:1259} INFO - Executing <Task(GCSToGCSOperator): gcs_2_gcs_task> on 2022-04-14 00:00:00+00:00
[2022-04-15 23:10:52,453] {standard_task_runner.py:52} INFO - Started process 806 to run task
[2022-04-15 23:10:52,459] {standard_task_runner.py:76} INFO - Running: ['***', 'tasks', 'run', 'live_coded_gcs_2_bg_dag', 'gcs_2_gcs_task', 'scheduled__2022-04-14T00:00:00+00:00', '--job-id', '2063', '--raw', '--subdir', 'DAGS_FOLDER/gcs_2_bq_dag.py', '--cfg-path', '/tmp/tmpk6lik3ga', '--error-file', '/tmp/tmpjnv0otb3']
[2022-04-15 23:10:52,460] {standard_task_runner.py:77} INFO - Job 2063: Subtask gcs_2_gcs_task
[2022-04-15 23:10:52,531] {logging_mixin.py:109} INFO - Running <TaskInstance: live_coded_gcs_2_bg_dag.gcs_2_gcs_task scheduled__2022-04-14T00:00:00+00:00 [running]> on host fafd9ac351ac
[2022-04-15 23:10:52,625] {taskinstance.py:1426} INFO - Exporting the following env vars:
AIRFLOW_CTX_DAG_OWNER=***
AIRFLOW_CTX_DAG_ID=live_coded_gcs_2_bg_dag
AIRFLOW_CTX_TASK_ID=gcs_2_gcs_task
AIRFLOW_CTX_EXECUTION_DATE=2022-04-14T00:00:00+00:00
AIRFLOW_CTX_DAG_RUN_ID=scheduled__2022-04-14T00:00:00+00:00
[2022-04-15 23:10:52,627] {crypto.py:82} WARNING - empty cryptography key - values will not be stored encrypted.
[2022-04-15 23:10:52,628] {gcs_to_gcs.py:346} INFO - Delimiter ignored because wildcard is in prefix
[2022-04-15 23:10:54,656] {gcs_to_gcs.py:431} INFO - Executing copy of gs://dtc_data_lake_disco-abacus-332810/raw/yellow_tripdata_2021-01.parquet to gs://dtc_data_lake_disco-abacus-332810/yellow/_2021-01.parquet
[2022-04-15 23:10:55,138] {gcs.py:251} INFO - Total Bytes: 26074630 | Bytes Written: 26074630
[2022-04-15 23:10:55,139] {gcs.py:264} INFO - Object raw/yellow_tripdata_2021-01.parquet in bucket dtc_data_lake_disco-abacus-332810 rewritten to object yellow/_2021-01.parquet in bucket dtc_data_lake_disco-abacus-332810
[2022-04-15 23:10:55,413] {gcs.py:645} INFO - Blob raw/yellow_tripdata_2021-01.parquet deleted.
[2022-04-15 23:10:55,433] {taskinstance.py:1277} INFO - Marking task as SUCCESS. dag_id=live_coded_gcs_2_bg_dag, task_id=gcs_2_gcs_task, execution_date=20220414T000000, start_date=20220415T231052, end_date=20220415T231055
[2022-04-15 23:10:55,471] {local_task_job.py:154} INFO - Task exited with return code 0
[2022-04-15 23:10:55,521] {local_task_job.py:264} INFO - 1 downstream tasks scheduled from follow-on schedule check
