[2022-04-13 21:18:17,730] {taskinstance.py:1032} INFO - Dependencies all met for <TaskInstance: LocalIngestionDAG.ingest scheduled__2021-04-02T06:00:03+00:00 [queued]>
[2022-04-13 21:18:17,777] {taskinstance.py:1032} INFO - Dependencies all met for <TaskInstance: LocalIngestionDAG.ingest scheduled__2021-04-02T06:00:03+00:00 [queued]>
[2022-04-13 21:18:17,780] {taskinstance.py:1238} INFO - 
--------------------------------------------------------------------------------
[2022-04-13 21:18:17,793] {taskinstance.py:1239} INFO - Starting attempt 1 of 1
[2022-04-13 21:18:17,797] {taskinstance.py:1240} INFO - 
--------------------------------------------------------------------------------
[2022-04-13 21:18:17,912] {taskinstance.py:1259} INFO - Executing <Task(BashOperator): ingest> on 2021-04-02 06:00:03+00:00
[2022-04-13 21:18:17,927] {standard_task_runner.py:52} INFO - Started process 2319 to run task
[2022-04-13 21:18:17,943] {standard_task_runner.py:76} INFO - Running: ['***', 'tasks', 'run', 'LocalIngestionDAG', 'ingest', 'scheduled__2021-04-02T06:00:03+00:00', '--job-id', '491', '--raw', '--subdir', 'DAGS_FOLDER/data_ingestion_local.py', '--cfg-path', '/tmp/tmpyaint9r4', '--error-file', '/tmp/tmpwl2nujxg']
[2022-04-13 21:18:17,949] {standard_task_runner.py:77} INFO - Job 491: Subtask ingest
[2022-04-13 21:18:18,307] {logging_mixin.py:109} INFO - Running <TaskInstance: LocalIngestionDAG.ingest scheduled__2021-04-02T06:00:03+00:00 [running]> on host 13db72185839
[2022-04-13 21:18:18,568] {taskinstance.py:1426} INFO - Exporting the following env vars:
AIRFLOW_CTX_DAG_OWNER=***
AIRFLOW_CTX_DAG_ID=LocalIngestionDAG
AIRFLOW_CTX_TASK_ID=ingest
AIRFLOW_CTX_EXECUTION_DATE=2021-04-02T06:00:03+00:00
AIRFLOW_CTX_DAG_RUN_ID=scheduled__2021-04-02T06:00:03+00:00
[2022-04-13 21:18:18,577] {subprocess.py:62} INFO - Tmp dir root location: 
 /tmp
[2022-04-13 21:18:18,580] {subprocess.py:74} INFO - Running command: ['bash', '-c', 'pwd']
[2022-04-13 21:18:18,606] {subprocess.py:85} INFO - Output:
[2022-04-13 21:18:18,611] {subprocess.py:89} INFO - /tmp/***tmp5dcx1dij
[2022-04-13 21:18:18,611] {subprocess.py:93} INFO - Command exited with return code 0
[2022-04-13 21:18:18,664] {taskinstance.py:1277} INFO - Marking task as SUCCESS. dag_id=LocalIngestionDAG, task_id=ingest, execution_date=20210402T060003, start_date=20220413T211817, end_date=20220413T211818
[2022-04-13 21:18:18,749] {local_task_job.py:154} INFO - Task exited with return code 0
[2022-04-13 21:18:18,816] {local_task_job.py:264} INFO - 0 downstream tasks scheduled from follow-on schedule check
[2022-04-13 21:18:18,866] {dagrun.py:545} INFO - Marking run <DagRun LocalIngestionDAG @ 2021-04-02 06:00:03+00:00: scheduled__2021-04-02T06:00:03+00:00, externally triggered: False> successful
[2022-04-13 21:18:18,871] {dagrun.py:605} INFO - DagRun Finished: dag_id=LocalIngestionDAG, execution_date=2021-04-02 06:00:03+00:00, run_id=scheduled__2021-04-02T06:00:03+00:00, run_start_date=2022-04-13 21:18:14.936087+00:00, run_end_date=2022-04-13 21:18:18.871417+00:00, run_duration=3.93533, state=success, external_trigger=False, run_type=scheduled, data_interval_start=2021-04-02 06:00:03+00:00, data_interval_end=2021-04-02 06:00:04+00:00, dag_hash=e1f1b4eb67bf00e284b5a574896345e1
