[2022-04-13 22:33:57,735] {taskinstance.py:1032} INFO - Dependencies all met for <TaskInstance: LocalIngestionDAG.ingest scheduled__2022-02-02T06:00:37+00:00 [queued]>
[2022-04-13 22:33:57,803] {taskinstance.py:1032} INFO - Dependencies all met for <TaskInstance: LocalIngestionDAG.ingest scheduled__2022-02-02T06:00:37+00:00 [queued]>
[2022-04-13 22:33:57,812] {taskinstance.py:1238} INFO - 
--------------------------------------------------------------------------------
[2022-04-13 22:33:57,823] {taskinstance.py:1239} INFO - Starting attempt 1 of 1
[2022-04-13 22:33:57,850] {taskinstance.py:1240} INFO - 
--------------------------------------------------------------------------------
[2022-04-13 22:33:57,978] {taskinstance.py:1259} INFO - Executing <Task(BashOperator): ingest> on 2022-02-02 06:00:37+00:00
[2022-04-13 22:33:57,998] {standard_task_runner.py:52} INFO - Started process 10345 to run task
[2022-04-13 22:33:58,016] {standard_task_runner.py:76} INFO - Running: ['***', 'tasks', 'run', 'LocalIngestionDAG', 'ingest', 'scheduled__2022-02-02T06:00:37+00:00', '--job-id', '1733', '--raw', '--subdir', 'DAGS_FOLDER/data_ingestion_local.py', '--cfg-path', '/tmp/tmpj23qep2w', '--error-file', '/tmp/tmp5b7wmh4e']
[2022-04-13 22:33:58,032] {standard_task_runner.py:77} INFO - Job 1733: Subtask ingest
[2022-04-13 22:33:58,335] {logging_mixin.py:109} INFO - Running <TaskInstance: LocalIngestionDAG.ingest scheduled__2022-02-02T06:00:37+00:00 [running]> on host 13db72185839
[2022-04-13 22:33:58,612] {taskinstance.py:1426} INFO - Exporting the following env vars:
AIRFLOW_CTX_DAG_OWNER=***
AIRFLOW_CTX_DAG_ID=LocalIngestionDAG
AIRFLOW_CTX_TASK_ID=ingest
AIRFLOW_CTX_EXECUTION_DATE=2022-02-02T06:00:37+00:00
AIRFLOW_CTX_DAG_RUN_ID=scheduled__2022-02-02T06:00:37+00:00
[2022-04-13 22:33:58,615] {subprocess.py:62} INFO - Tmp dir root location: 
 /tmp
[2022-04-13 22:33:58,618] {subprocess.py:74} INFO - Running command: ['bash', '-c', 'ls /opt/***']
[2022-04-13 22:33:58,652] {subprocess.py:85} INFO - Output:
[2022-04-13 22:33:58,678] {subprocess.py:89} INFO - ***.cfg
[2022-04-13 22:33:58,679] {subprocess.py:89} INFO - dags
[2022-04-13 22:33:58,680] {subprocess.py:89} INFO - logs
[2022-04-13 22:33:58,682] {subprocess.py:89} INFO - output.csv
[2022-04-13 22:33:58,686] {subprocess.py:89} INFO - plugins
[2022-04-13 22:33:58,690] {subprocess.py:89} INFO - requirements.txt
[2022-04-13 22:33:58,699] {subprocess.py:89} INFO - scripts
[2022-04-13 22:33:58,703] {subprocess.py:89} INFO - webserver_config.py
[2022-04-13 22:33:58,704] {subprocess.py:93} INFO - Command exited with return code 0
[2022-04-13 22:33:58,821] {taskinstance.py:1277} INFO - Marking task as SUCCESS. dag_id=LocalIngestionDAG, task_id=ingest, execution_date=20220202T060037, start_date=20220413T223357, end_date=20220413T223358
[2022-04-13 22:33:58,955] {local_task_job.py:154} INFO - Task exited with return code 0
[2022-04-13 22:33:59,082] {local_task_job.py:264} INFO - 0 downstream tasks scheduled from follow-on schedule check
