[2022-04-13 21:24:53,440] {taskinstance.py:1032} INFO - Dependencies all met for <TaskInstance: LocalIngestionDAG.wget scheduled__2021-08-02T06:00:10+00:00 [queued]>
[2022-04-13 21:24:53,506] {taskinstance.py:1032} INFO - Dependencies all met for <TaskInstance: LocalIngestionDAG.wget scheduled__2021-08-02T06:00:10+00:00 [queued]>
[2022-04-13 21:24:53,508] {taskinstance.py:1238} INFO - 
--------------------------------------------------------------------------------
[2022-04-13 21:24:53,509] {taskinstance.py:1239} INFO - Starting attempt 1 of 1
[2022-04-13 21:24:53,511] {taskinstance.py:1240} INFO - 
--------------------------------------------------------------------------------
[2022-04-13 21:24:53,582] {taskinstance.py:1259} INFO - Executing <Task(BashOperator): wget> on 2021-08-02 06:00:10+00:00
[2022-04-13 21:24:53,600] {standard_task_runner.py:52} INFO - Started process 4121 to run task
[2022-04-13 21:24:53,606] {standard_task_runner.py:76} INFO - Running: ['***', 'tasks', 'run', 'LocalIngestionDAG', 'wget', 'scheduled__2021-08-02T06:00:10+00:00', '--job-id', '980', '--raw', '--subdir', 'DAGS_FOLDER/data_ingestion_local.py', '--cfg-path', '/tmp/tmp646jxdmx', '--error-file', '/tmp/tmpe7i1sff7']
[2022-04-13 21:24:53,613] {standard_task_runner.py:77} INFO - Job 980: Subtask wget
[2022-04-13 21:24:53,938] {logging_mixin.py:109} INFO - Running <TaskInstance: LocalIngestionDAG.wget scheduled__2021-08-02T06:00:10+00:00 [running]> on host 13db72185839
[2022-04-13 21:24:54,269] {taskinstance.py:1426} INFO - Exporting the following env vars:
AIRFLOW_CTX_DAG_OWNER=***
AIRFLOW_CTX_DAG_ID=LocalIngestionDAG
AIRFLOW_CTX_TASK_ID=wget
AIRFLOW_CTX_EXECUTION_DATE=2021-08-02T06:00:10+00:00
AIRFLOW_CTX_DAG_RUN_ID=scheduled__2021-08-02T06:00:10+00:00
[2022-04-13 21:24:54,278] {subprocess.py:62} INFO - Tmp dir root location: 
 /tmp
[2022-04-13 21:24:54,281] {subprocess.py:74} INFO - Running command: ['bash', '-c', 'echo "hello world"']
[2022-04-13 21:24:54,311] {subprocess.py:85} INFO - Output:
[2022-04-13 21:24:54,315] {subprocess.py:89} INFO - hello world
[2022-04-13 21:24:54,316] {subprocess.py:93} INFO - Command exited with return code 0
[2022-04-13 21:24:54,477] {taskinstance.py:1277} INFO - Marking task as SUCCESS. dag_id=LocalIngestionDAG, task_id=wget, execution_date=20210802T060010, start_date=20220413T212453, end_date=20220413T212454
[2022-04-13 21:24:54,605] {local_task_job.py:154} INFO - Task exited with return code 0
[2022-04-13 21:24:55,012] {local_task_job.py:264} INFO - 0 downstream tasks scheduled from follow-on schedule check
