[2022-04-13 21:54:24,605] {taskinstance.py:1032} INFO - Dependencies all met for <TaskInstance: LocalIngestionDAG.ingest scheduled__2021-11-02T06:00:05+00:00 [queued]>
[2022-04-13 21:54:24,636] {taskinstance.py:1032} INFO - Dependencies all met for <TaskInstance: LocalIngestionDAG.ingest scheduled__2021-11-02T06:00:05+00:00 [queued]>
[2022-04-13 21:54:24,637] {taskinstance.py:1238} INFO - 
--------------------------------------------------------------------------------
[2022-04-13 21:54:24,638] {taskinstance.py:1239} INFO - Starting attempt 1 of 1
[2022-04-13 21:54:24,639] {taskinstance.py:1240} INFO - 
--------------------------------------------------------------------------------
[2022-04-13 21:54:24,677] {taskinstance.py:1259} INFO - Executing <Task(BashOperator): ingest> on 2021-11-02 06:00:05+00:00
[2022-04-13 21:54:24,691] {standard_task_runner.py:52} INFO - Started process 6819 to run task
[2022-04-13 21:54:24,698] {standard_task_runner.py:76} INFO - Running: ['***', 'tasks', 'run', 'LocalIngestionDAG', 'ingest', 'scheduled__2021-11-02T06:00:05+00:00', '--job-id', '1332', '--raw', '--subdir', 'DAGS_FOLDER/data_ingestion_local.py', '--cfg-path', '/tmp/tmp0eykyrwj', '--error-file', '/tmp/tmp3j2oqi_5']
[2022-04-13 21:54:24,701] {standard_task_runner.py:77} INFO - Job 1332: Subtask ingest
[2022-04-13 21:54:24,911] {logging_mixin.py:109} INFO - Running <TaskInstance: LocalIngestionDAG.ingest scheduled__2021-11-02T06:00:05+00:00 [running]> on host 13db72185839
[2022-04-13 21:54:25,141] {taskinstance.py:1426} INFO - Exporting the following env vars:
AIRFLOW_CTX_DAG_OWNER=***
AIRFLOW_CTX_DAG_ID=LocalIngestionDAG
AIRFLOW_CTX_TASK_ID=ingest
AIRFLOW_CTX_EXECUTION_DATE=2021-11-02T06:00:05+00:00
AIRFLOW_CTX_DAG_RUN_ID=scheduled__2021-11-02T06:00:05+00:00
[2022-04-13 21:54:25,144] {subprocess.py:62} INFO - Tmp dir root location: 
 /tmp
[2022-04-13 21:54:25,148] {subprocess.py:74} INFO - Running command: ['bash', '-c', 'ls /opt/***']
[2022-04-13 21:54:25,169] {subprocess.py:85} INFO - Output:
[2022-04-13 21:54:25,179] {subprocess.py:89} INFO - ***.cfg
[2022-04-13 21:54:25,181] {subprocess.py:89} INFO - dags
[2022-04-13 21:54:25,181] {subprocess.py:89} INFO - logs
[2022-04-13 21:54:25,182] {subprocess.py:89} INFO - output.csv
[2022-04-13 21:54:25,183] {subprocess.py:89} INFO - plugins
[2022-04-13 21:54:25,184] {subprocess.py:89} INFO - requirements.txt
[2022-04-13 21:54:25,185] {subprocess.py:89} INFO - scripts
[2022-04-13 21:54:25,186] {subprocess.py:89} INFO - webserver_config.py
[2022-04-13 21:54:25,187] {subprocess.py:93} INFO - Command exited with return code 0
[2022-04-13 21:54:25,592] {taskinstance.py:1277} INFO - Marking task as SUCCESS. dag_id=LocalIngestionDAG, task_id=ingest, execution_date=20211102T060005, start_date=20220413T215424, end_date=20220413T215425
[2022-04-13 21:54:25,687] {local_task_job.py:154} INFO - Task exited with return code 0
[2022-04-13 21:54:25,853] {local_task_job.py:264} INFO - 0 downstream tasks scheduled from follow-on schedule check
