[2022-04-13 21:25:57,895] {taskinstance.py:1032} INFO - Dependencies all met for <TaskInstance: LocalIngestionDAG.wget scheduled__2021-09-02T06:00:09+00:00 [queued]>
[2022-04-13 21:25:57,927] {taskinstance.py:1032} INFO - Dependencies all met for <TaskInstance: LocalIngestionDAG.wget scheduled__2021-09-02T06:00:09+00:00 [queued]>
[2022-04-13 21:25:57,928] {taskinstance.py:1238} INFO - 
--------------------------------------------------------------------------------
[2022-04-13 21:25:57,929] {taskinstance.py:1239} INFO - Starting attempt 1 of 1
[2022-04-13 21:25:57,929] {taskinstance.py:1240} INFO - 
--------------------------------------------------------------------------------
[2022-04-13 21:25:57,971] {taskinstance.py:1259} INFO - Executing <Task(BashOperator): wget> on 2021-09-02 06:00:09+00:00
[2022-04-13 21:25:57,979] {standard_task_runner.py:52} INFO - Started process 4516 to run task
[2022-04-13 21:25:57,989] {standard_task_runner.py:76} INFO - Running: ['***', 'tasks', 'run', 'LocalIngestionDAG', 'wget', 'scheduled__2021-09-02T06:00:09+00:00', '--job-id', '1097', '--raw', '--subdir', 'DAGS_FOLDER/data_ingestion_local.py', '--cfg-path', '/tmp/tmp8uj3i5nl', '--error-file', '/tmp/tmpooyos9ss']
[2022-04-13 21:25:57,998] {standard_task_runner.py:77} INFO - Job 1097: Subtask wget
[2022-04-13 21:25:58,184] {logging_mixin.py:109} INFO - Running <TaskInstance: LocalIngestionDAG.wget scheduled__2021-09-02T06:00:09+00:00 [running]> on host 13db72185839
[2022-04-13 21:25:58,456] {taskinstance.py:1426} INFO - Exporting the following env vars:
AIRFLOW_CTX_DAG_OWNER=***
AIRFLOW_CTX_DAG_ID=LocalIngestionDAG
AIRFLOW_CTX_TASK_ID=wget
AIRFLOW_CTX_EXECUTION_DATE=2021-09-02T06:00:09+00:00
AIRFLOW_CTX_DAG_RUN_ID=scheduled__2021-09-02T06:00:09+00:00
[2022-04-13 21:25:58,458] {subprocess.py:62} INFO - Tmp dir root location: 
 /tmp
[2022-04-13 21:25:58,460] {subprocess.py:74} INFO - Running command: ['bash', '-c', 'echo "hello world"']
[2022-04-13 21:25:58,479] {subprocess.py:85} INFO - Output:
[2022-04-13 21:25:58,486] {subprocess.py:89} INFO - hello world
[2022-04-13 21:25:58,487] {subprocess.py:93} INFO - Command exited with return code 0
[2022-04-13 21:25:58,734] {taskinstance.py:1277} INFO - Marking task as SUCCESS. dag_id=LocalIngestionDAG, task_id=wget, execution_date=20210902T060009, start_date=20220413T212557, end_date=20220413T212558
[2022-04-13 21:25:58,793] {local_task_job.py:154} INFO - Task exited with return code 0
[2022-04-13 21:25:58,964] {local_task_job.py:264} INFO - 1 downstream tasks scheduled from follow-on schedule check
