[2022-04-13 21:23:53,359] {taskinstance.py:1032} INFO - Dependencies all met for <TaskInstance: LocalIngestionDAG.wget scheduled__2021-07-02T06:00:10+00:00 [queued]>
[2022-04-13 21:23:53,377] {taskinstance.py:1032} INFO - Dependencies all met for <TaskInstance: LocalIngestionDAG.wget scheduled__2021-07-02T06:00:10+00:00 [queued]>
[2022-04-13 21:23:53,378] {taskinstance.py:1238} INFO - 
--------------------------------------------------------------------------------
[2022-04-13 21:23:53,379] {taskinstance.py:1239} INFO - Starting attempt 1 of 1
[2022-04-13 21:23:53,380] {taskinstance.py:1240} INFO - 
--------------------------------------------------------------------------------
[2022-04-13 21:23:53,414] {taskinstance.py:1259} INFO - Executing <Task(BashOperator): wget> on 2021-07-02 06:00:10+00:00
[2022-04-13 21:23:53,419] {standard_task_runner.py:52} INFO - Started process 3710 to run task
[2022-04-13 21:23:53,425] {standard_task_runner.py:76} INFO - Running: ['***', 'tasks', 'run', 'LocalIngestionDAG', 'wget', 'scheduled__2021-07-02T06:00:10+00:00', '--job-id', '860', '--raw', '--subdir', 'DAGS_FOLDER/data_ingestion_local.py', '--cfg-path', '/tmp/tmpvdwa4dno', '--error-file', '/tmp/tmpy7fvid7k']
[2022-04-13 21:23:53,430] {standard_task_runner.py:77} INFO - Job 860: Subtask wget
[2022-04-13 21:23:53,580] {logging_mixin.py:109} INFO - Running <TaskInstance: LocalIngestionDAG.wget scheduled__2021-07-02T06:00:10+00:00 [running]> on host 13db72185839
[2022-04-13 21:23:53,710] {taskinstance.py:1426} INFO - Exporting the following env vars:
AIRFLOW_CTX_DAG_OWNER=***
AIRFLOW_CTX_DAG_ID=LocalIngestionDAG
AIRFLOW_CTX_TASK_ID=wget
AIRFLOW_CTX_EXECUTION_DATE=2021-07-02T06:00:10+00:00
AIRFLOW_CTX_DAG_RUN_ID=scheduled__2021-07-02T06:00:10+00:00
[2022-04-13 21:23:53,712] {subprocess.py:62} INFO - Tmp dir root location: 
 /tmp
[2022-04-13 21:23:53,713] {subprocess.py:74} INFO - Running command: ['bash', '-c', 'echo "hello world"']
[2022-04-13 21:23:53,724] {subprocess.py:85} INFO - Output:
[2022-04-13 21:23:53,727] {subprocess.py:89} INFO - hello world
[2022-04-13 21:23:53,727] {subprocess.py:93} INFO - Command exited with return code 0
[2022-04-13 21:23:53,796] {taskinstance.py:1277} INFO - Marking task as SUCCESS. dag_id=LocalIngestionDAG, task_id=wget, execution_date=20210702T060010, start_date=20220413T212353, end_date=20220413T212353
[2022-04-13 21:23:53,880] {local_task_job.py:154} INFO - Task exited with return code 0
[2022-04-13 21:23:54,140] {local_task_job.py:264} INFO - 0 downstream tasks scheduled from follow-on schedule check
