[2022-04-13 22:31:37,939] {taskinstance.py:1032} INFO - Dependencies all met for <TaskInstance: LocalIngestionDAG.ingest scheduled__2021-12-02T06:00:56+00:00 [queued]>
[2022-04-13 22:31:37,977] {taskinstance.py:1032} INFO - Dependencies all met for <TaskInstance: LocalIngestionDAG.ingest scheduled__2021-12-02T06:00:56+00:00 [queued]>
[2022-04-13 22:31:37,979] {taskinstance.py:1238} INFO - 
--------------------------------------------------------------------------------
[2022-04-13 22:31:37,980] {taskinstance.py:1239} INFO - Starting attempt 1 of 1
[2022-04-13 22:31:37,980] {taskinstance.py:1240} INFO - 
--------------------------------------------------------------------------------
[2022-04-13 22:31:38,010] {taskinstance.py:1259} INFO - Executing <Task(BashOperator): ingest> on 2021-12-02 06:00:56+00:00
[2022-04-13 22:31:38,044] {standard_task_runner.py:52} INFO - Started process 9404 to run task
[2022-04-13 22:31:38,050] {standard_task_runner.py:76} INFO - Running: ['***', 'tasks', 'run', 'LocalIngestionDAG', 'ingest', 'scheduled__2021-12-02T06:00:56+00:00', '--job-id', '1525', '--raw', '--subdir', 'DAGS_FOLDER/data_ingestion_local.py', '--cfg-path', '/tmp/tmpwpxxymwp', '--error-file', '/tmp/tmpa298bpcw']
[2022-04-13 22:31:38,054] {standard_task_runner.py:77} INFO - Job 1525: Subtask ingest
[2022-04-13 22:31:38,165] {logging_mixin.py:109} INFO - Running <TaskInstance: LocalIngestionDAG.ingest scheduled__2021-12-02T06:00:56+00:00 [running]> on host 13db72185839
[2022-04-13 22:31:38,321] {taskinstance.py:1426} INFO - Exporting the following env vars:
AIRFLOW_CTX_DAG_OWNER=***
AIRFLOW_CTX_DAG_ID=LocalIngestionDAG
AIRFLOW_CTX_TASK_ID=ingest
AIRFLOW_CTX_EXECUTION_DATE=2021-12-02T06:00:56+00:00
AIRFLOW_CTX_DAG_RUN_ID=scheduled__2021-12-02T06:00:56+00:00
[2022-04-13 22:31:38,325] {subprocess.py:62} INFO - Tmp dir root location: 
 /tmp
[2022-04-13 22:31:38,327] {subprocess.py:74} INFO - Running command: ['bash', '-c', 'ls /opt/***']
[2022-04-13 22:31:38,340] {subprocess.py:85} INFO - Output:
[2022-04-13 22:31:38,348] {subprocess.py:89} INFO - ***.cfg
[2022-04-13 22:31:38,349] {subprocess.py:89} INFO - dags
[2022-04-13 22:31:38,349] {subprocess.py:89} INFO - logs
[2022-04-13 22:31:38,350] {subprocess.py:89} INFO - output.csv
[2022-04-13 22:31:38,350] {subprocess.py:89} INFO - plugins
[2022-04-13 22:31:38,351] {subprocess.py:89} INFO - requirements.txt
[2022-04-13 22:31:38,351] {subprocess.py:89} INFO - scripts
[2022-04-13 22:31:38,352] {subprocess.py:89} INFO - webserver_config.py
[2022-04-13 22:31:38,353] {subprocess.py:93} INFO - Command exited with return code 0
[2022-04-13 22:31:38,393] {taskinstance.py:1277} INFO - Marking task as SUCCESS. dag_id=LocalIngestionDAG, task_id=ingest, execution_date=20211202T060056, start_date=20220413T223137, end_date=20220413T223138
[2022-04-13 22:31:38,463] {local_task_job.py:154} INFO - Task exited with return code 0
[2022-04-13 22:31:38,556] {local_task_job.py:264} INFO - 0 downstream tasks scheduled from follow-on schedule check
