[2022-04-13 21:20:52,682] {taskinstance.py:1032} INFO - Dependencies all met for <TaskInstance: LocalIngestionDAG.ingest scheduled__2021-04-02T06:00:14+00:00 [queued]>
[2022-04-13 21:20:52,702] {taskinstance.py:1032} INFO - Dependencies all met for <TaskInstance: LocalIngestionDAG.ingest scheduled__2021-04-02T06:00:14+00:00 [queued]>
[2022-04-13 21:20:52,702] {taskinstance.py:1238} INFO - 
--------------------------------------------------------------------------------
[2022-04-13 21:20:52,703] {taskinstance.py:1239} INFO - Starting attempt 1 of 1
[2022-04-13 21:20:52,704] {taskinstance.py:1240} INFO - 
--------------------------------------------------------------------------------
[2022-04-13 21:20:52,730] {taskinstance.py:1259} INFO - Executing <Task(BashOperator): ingest> on 2021-04-02 06:00:14+00:00
[2022-04-13 21:20:52,735] {standard_task_runner.py:52} INFO - Started process 2518 to run task
[2022-04-13 21:20:52,740] {standard_task_runner.py:76} INFO - Running: ['***', 'tasks', 'run', 'LocalIngestionDAG', 'ingest', 'scheduled__2021-04-02T06:00:14+00:00', '--job-id', '511', '--raw', '--subdir', 'DAGS_FOLDER/data_ingestion_local.py', '--cfg-path', '/tmp/tmptr97i9wm', '--error-file', '/tmp/tmp1jf4b3cn']
[2022-04-13 21:20:52,742] {standard_task_runner.py:77} INFO - Job 511: Subtask ingest
[2022-04-13 21:20:52,841] {logging_mixin.py:109} INFO - Running <TaskInstance: LocalIngestionDAG.ingest scheduled__2021-04-02T06:00:14+00:00 [running]> on host 13db72185839
[2022-04-13 21:20:53,033] {taskinstance.py:1426} INFO - Exporting the following env vars:
AIRFLOW_CTX_DAG_OWNER=***
AIRFLOW_CTX_DAG_ID=LocalIngestionDAG
AIRFLOW_CTX_TASK_ID=ingest
AIRFLOW_CTX_EXECUTION_DATE=2021-04-02T06:00:14+00:00
AIRFLOW_CTX_DAG_RUN_ID=scheduled__2021-04-02T06:00:14+00:00
[2022-04-13 21:20:53,037] {subprocess.py:62} INFO - Tmp dir root location: 
 /tmp
[2022-04-13 21:20:53,039] {subprocess.py:74} INFO - Running command: ['bash', '-c', 'pwd']
[2022-04-13 21:20:53,060] {subprocess.py:85} INFO - Output:
[2022-04-13 21:20:53,064] {subprocess.py:89} INFO - /tmp/***tmp8exix7d3
[2022-04-13 21:20:53,065] {subprocess.py:93} INFO - Command exited with return code 0
[2022-04-13 21:20:53,199] {taskinstance.py:1277} INFO - Marking task as SUCCESS. dag_id=LocalIngestionDAG, task_id=ingest, execution_date=20210402T060014, start_date=20220413T212052, end_date=20220413T212053
[2022-04-13 21:20:53,278] {local_task_job.py:154} INFO - Task exited with return code 0
[2022-04-13 21:20:53,369] {local_task_job.py:264} INFO - 0 downstream tasks scheduled from follow-on schedule check
