[2022-04-13 21:24:39,842] {taskinstance.py:1032} INFO - Dependencies all met for <TaskInstance: LocalIngestionDAG.ingest scheduled__2021-07-02T06:00:56+00:00 [queued]>
[2022-04-13 21:24:39,869] {taskinstance.py:1032} INFO - Dependencies all met for <TaskInstance: LocalIngestionDAG.ingest scheduled__2021-07-02T06:00:56+00:00 [queued]>
[2022-04-13 21:24:39,869] {taskinstance.py:1238} INFO - 
--------------------------------------------------------------------------------
[2022-04-13 21:24:39,870] {taskinstance.py:1239} INFO - Starting attempt 1 of 1
[2022-04-13 21:24:39,871] {taskinstance.py:1240} INFO - 
--------------------------------------------------------------------------------
[2022-04-13 21:24:39,915] {taskinstance.py:1259} INFO - Executing <Task(BashOperator): ingest> on 2021-07-02 06:00:56+00:00
[2022-04-13 21:24:39,922] {standard_task_runner.py:52} INFO - Started process 4035 to run task
[2022-04-13 21:24:39,933] {standard_task_runner.py:76} INFO - Running: ['***', 'tasks', 'run', 'LocalIngestionDAG', 'ingest', 'scheduled__2021-07-02T06:00:56+00:00', '--job-id', '958', '--raw', '--subdir', 'DAGS_FOLDER/data_ingestion_local.py', '--cfg-path', '/tmp/tmppgbctuka', '--error-file', '/tmp/tmp7tmatib_']
[2022-04-13 21:24:39,936] {standard_task_runner.py:77} INFO - Job 958: Subtask ingest
[2022-04-13 21:24:40,115] {logging_mixin.py:109} INFO - Running <TaskInstance: LocalIngestionDAG.ingest scheduled__2021-07-02T06:00:56+00:00 [running]> on host 13db72185839
[2022-04-13 21:24:40,236] {taskinstance.py:1426} INFO - Exporting the following env vars:
AIRFLOW_CTX_DAG_OWNER=***
AIRFLOW_CTX_DAG_ID=LocalIngestionDAG
AIRFLOW_CTX_TASK_ID=ingest
AIRFLOW_CTX_EXECUTION_DATE=2021-07-02T06:00:56+00:00
AIRFLOW_CTX_DAG_RUN_ID=scheduled__2021-07-02T06:00:56+00:00
[2022-04-13 21:24:40,238] {subprocess.py:62} INFO - Tmp dir root location: 
 /tmp
[2022-04-13 21:24:40,240] {subprocess.py:74} INFO - Running command: ['bash', '-c', 'pwd']
[2022-04-13 21:24:40,253] {subprocess.py:85} INFO - Output:
[2022-04-13 21:24:40,256] {subprocess.py:89} INFO - /tmp/***tmpvszr7_ix
[2022-04-13 21:24:40,257] {subprocess.py:93} INFO - Command exited with return code 0
[2022-04-13 21:24:40,296] {taskinstance.py:1277} INFO - Marking task as SUCCESS. dag_id=LocalIngestionDAG, task_id=ingest, execution_date=20210702T060056, start_date=20220413T212439, end_date=20220413T212440
[2022-04-13 21:24:40,363] {local_task_job.py:154} INFO - Task exited with return code 0
[2022-04-13 21:24:40,433] {local_task_job.py:264} INFO - 0 downstream tasks scheduled from follow-on schedule check
