[2022-04-13 21:27:44,388] {taskinstance.py:1032} INFO - Dependencies all met for <TaskInstance: LocalIngestionDAG.ingest scheduled__2021-10-02T06:00:30+00:00 [queued]>
[2022-04-13 21:27:44,433] {taskinstance.py:1032} INFO - Dependencies all met for <TaskInstance: LocalIngestionDAG.ingest scheduled__2021-10-02T06:00:30+00:00 [queued]>
[2022-04-13 21:27:44,434] {taskinstance.py:1238} INFO - 
--------------------------------------------------------------------------------
[2022-04-13 21:27:44,435] {taskinstance.py:1239} INFO - Starting attempt 1 of 1
[2022-04-13 21:27:44,435] {taskinstance.py:1240} INFO - 
--------------------------------------------------------------------------------
[2022-04-13 21:27:44,480] {taskinstance.py:1259} INFO - Executing <Task(BashOperator): ingest> on 2021-10-02 06:00:30+00:00
[2022-04-13 21:27:44,496] {standard_task_runner.py:52} INFO - Started process 5082 to run task
[2022-04-13 21:27:44,515] {standard_task_runner.py:76} INFO - Running: ['***', 'tasks', 'run', 'LocalIngestionDAG', 'ingest', 'scheduled__2021-10-02T06:00:30+00:00', '--job-id', '1264', '--raw', '--subdir', 'DAGS_FOLDER/data_ingestion_local.py', '--cfg-path', '/tmp/tmpy6zqwigc', '--error-file', '/tmp/tmpnojoeu6c']
[2022-04-13 21:27:44,525] {standard_task_runner.py:77} INFO - Job 1264: Subtask ingest
[2022-04-13 21:27:44,746] {logging_mixin.py:109} INFO - Running <TaskInstance: LocalIngestionDAG.ingest scheduled__2021-10-02T06:00:30+00:00 [running]> on host 13db72185839
[2022-04-13 21:27:44,990] {taskinstance.py:1426} INFO - Exporting the following env vars:
AIRFLOW_CTX_DAG_OWNER=***
AIRFLOW_CTX_DAG_ID=LocalIngestionDAG
AIRFLOW_CTX_TASK_ID=ingest
AIRFLOW_CTX_EXECUTION_DATE=2021-10-02T06:00:30+00:00
AIRFLOW_CTX_DAG_RUN_ID=scheduled__2021-10-02T06:00:30+00:00
[2022-04-13 21:27:45,046] {subprocess.py:62} INFO - Tmp dir root location: 
 /tmp
[2022-04-13 21:27:45,070] {subprocess.py:74} INFO - Running command: ['bash', '-c', 'pwd']
[2022-04-13 21:27:45,108] {subprocess.py:85} INFO - Output:
[2022-04-13 21:27:45,113] {subprocess.py:89} INFO - /tmp/***tmprfrtp5_l
[2022-04-13 21:27:45,115] {subprocess.py:93} INFO - Command exited with return code 0
[2022-04-13 21:27:45,281] {taskinstance.py:1277} INFO - Marking task as SUCCESS. dag_id=LocalIngestionDAG, task_id=ingest, execution_date=20211002T060030, start_date=20220413T212744, end_date=20220413T212745
[2022-04-13 21:27:45,380] {local_task_job.py:154} INFO - Task exited with return code 0
[2022-04-13 21:27:45,605] {local_task_job.py:264} INFO - 0 downstream tasks scheduled from follow-on schedule check
