[2022-04-13 21:21:38,088] {taskinstance.py:1032} INFO - Dependencies all met for <TaskInstance: LocalIngestionDAG.wget scheduled__2021-05-02T06:00:00+00:00 [queued]>
[2022-04-13 21:21:38,111] {taskinstance.py:1032} INFO - Dependencies all met for <TaskInstance: LocalIngestionDAG.wget scheduled__2021-05-02T06:00:00+00:00 [queued]>
[2022-04-13 21:21:38,112] {taskinstance.py:1238} INFO - 
--------------------------------------------------------------------------------
[2022-04-13 21:21:38,113] {taskinstance.py:1239} INFO - Starting attempt 1 of 1
[2022-04-13 21:21:38,113] {taskinstance.py:1240} INFO - 
--------------------------------------------------------------------------------
[2022-04-13 21:21:38,154] {taskinstance.py:1259} INFO - Executing <Task(BashOperator): wget> on 2021-05-02 06:00:00+00:00
[2022-04-13 21:21:38,166] {standard_task_runner.py:52} INFO - Started process 2818 to run task
[2022-04-13 21:21:38,177] {standard_task_runner.py:76} INFO - Running: ['***', 'tasks', 'run', 'LocalIngestionDAG', 'wget', 'scheduled__2021-05-02T06:00:00+00:00', '--job-id', '600', '--raw', '--subdir', 'DAGS_FOLDER/data_ingestion_local.py', '--cfg-path', '/tmp/tmpt14hazqx', '--error-file', '/tmp/tmpo1sjpvvo']
[2022-04-13 21:21:38,179] {standard_task_runner.py:77} INFO - Job 600: Subtask wget
[2022-04-13 21:21:38,331] {logging_mixin.py:109} INFO - Running <TaskInstance: LocalIngestionDAG.wget scheduled__2021-05-02T06:00:00+00:00 [running]> on host 13db72185839
[2022-04-13 21:21:38,564] {taskinstance.py:1426} INFO - Exporting the following env vars:
AIRFLOW_CTX_DAG_OWNER=***
AIRFLOW_CTX_DAG_ID=LocalIngestionDAG
AIRFLOW_CTX_TASK_ID=wget
AIRFLOW_CTX_EXECUTION_DATE=2021-05-02T06:00:00+00:00
AIRFLOW_CTX_DAG_RUN_ID=scheduled__2021-05-02T06:00:00+00:00
[2022-04-13 21:21:38,566] {subprocess.py:62} INFO - Tmp dir root location: 
 /tmp
[2022-04-13 21:21:38,567] {subprocess.py:74} INFO - Running command: ['bash', '-c', 'echo "hello world"']
[2022-04-13 21:21:38,589] {subprocess.py:85} INFO - Output:
[2022-04-13 21:21:38,593] {subprocess.py:89} INFO - hello world
[2022-04-13 21:21:38,596] {subprocess.py:93} INFO - Command exited with return code 0
[2022-04-13 21:21:38,653] {taskinstance.py:1277} INFO - Marking task as SUCCESS. dag_id=LocalIngestionDAG, task_id=wget, execution_date=20210502T060000, start_date=20220413T212138, end_date=20220413T212138
[2022-04-13 21:21:38,723] {local_task_job.py:154} INFO - Task exited with return code 0
[2022-04-13 21:21:38,972] {local_task_job.py:264} INFO - 0 downstream tasks scheduled from follow-on schedule check
