[2022-04-13 21:16:59,962] {taskinstance.py:1032} INFO - Dependencies all met for <TaskInstance: LocalIngestionDAG.wget scheduled__2021-02-02T06:00:36+00:00 [queued]>
[2022-04-13 21:16:59,981] {taskinstance.py:1032} INFO - Dependencies all met for <TaskInstance: LocalIngestionDAG.wget scheduled__2021-02-02T06:00:36+00:00 [queued]>
[2022-04-13 21:16:59,982] {taskinstance.py:1238} INFO - 
--------------------------------------------------------------------------------
[2022-04-13 21:16:59,983] {taskinstance.py:1239} INFO - Starting attempt 1 of 1
[2022-04-13 21:16:59,984] {taskinstance.py:1240} INFO - 
--------------------------------------------------------------------------------
[2022-04-13 21:17:00,032] {taskinstance.py:1259} INFO - Executing <Task(BashOperator): wget> on 2021-02-02 06:00:36+00:00
[2022-04-13 21:17:00,038] {standard_task_runner.py:52} INFO - Started process 1708 to run task
[2022-04-13 21:17:00,047] {standard_task_runner.py:76} INFO - Running: ['***', 'tasks', 'run', 'LocalIngestionDAG', 'wget', 'scheduled__2021-02-02T06:00:36+00:00', '--job-id', '312', '--raw', '--subdir', 'DAGS_FOLDER/data_ingestion_local.py', '--cfg-path', '/tmp/tmp0wsvfvm9', '--error-file', '/tmp/tmpasznwmay']
[2022-04-13 21:17:00,049] {standard_task_runner.py:77} INFO - Job 312: Subtask wget
[2022-04-13 21:17:00,183] {logging_mixin.py:109} INFO - Running <TaskInstance: LocalIngestionDAG.wget scheduled__2021-02-02T06:00:36+00:00 [running]> on host 13db72185839
[2022-04-13 21:17:00,290] {taskinstance.py:1426} INFO - Exporting the following env vars:
AIRFLOW_CTX_DAG_OWNER=***
AIRFLOW_CTX_DAG_ID=LocalIngestionDAG
AIRFLOW_CTX_TASK_ID=wget
AIRFLOW_CTX_EXECUTION_DATE=2021-02-02T06:00:36+00:00
AIRFLOW_CTX_DAG_RUN_ID=scheduled__2021-02-02T06:00:36+00:00
[2022-04-13 21:17:00,293] {subprocess.py:62} INFO - Tmp dir root location: 
 /tmp
[2022-04-13 21:17:00,294] {subprocess.py:74} INFO - Running command: ['bash', '-c', 'echo "hello world"']
[2022-04-13 21:17:00,308] {subprocess.py:85} INFO - Output:
[2022-04-13 21:17:00,311] {subprocess.py:89} INFO - hello world
[2022-04-13 21:17:00,312] {subprocess.py:93} INFO - Command exited with return code 0
[2022-04-13 21:17:00,386] {taskinstance.py:1277} INFO - Marking task as SUCCESS. dag_id=LocalIngestionDAG, task_id=wget, execution_date=20210202T060036, start_date=20220413T211659, end_date=20220413T211700
[2022-04-13 21:17:00,561] {local_task_job.py:154} INFO - Task exited with return code 0
[2022-04-13 21:17:00,859] {local_task_job.py:264} INFO - 0 downstream tasks scheduled from follow-on schedule check
