[2022-04-13 21:21:02,768] {taskinstance.py:1032} INFO - Dependencies all met for <TaskInstance: LocalIngestionDAG.ingest scheduled__2021-04-02T06:00:26+00:00 [queued]>
[2022-04-13 21:21:02,784] {taskinstance.py:1032} INFO - Dependencies all met for <TaskInstance: LocalIngestionDAG.ingest scheduled__2021-04-02T06:00:26+00:00 [queued]>
[2022-04-13 21:21:02,785] {taskinstance.py:1238} INFO - 
--------------------------------------------------------------------------------
[2022-04-13 21:21:02,785] {taskinstance.py:1239} INFO - Starting attempt 1 of 1
[2022-04-13 21:21:02,786] {taskinstance.py:1240} INFO - 
--------------------------------------------------------------------------------
[2022-04-13 21:21:02,803] {taskinstance.py:1259} INFO - Executing <Task(BashOperator): ingest> on 2021-04-02 06:00:26+00:00
[2022-04-13 21:21:02,808] {standard_task_runner.py:52} INFO - Started process 2599 to run task
[2022-04-13 21:21:02,814] {standard_task_runner.py:76} INFO - Running: ['***', 'tasks', 'run', 'LocalIngestionDAG', 'ingest', 'scheduled__2021-04-02T06:00:26+00:00', '--job-id', '535', '--raw', '--subdir', 'DAGS_FOLDER/data_ingestion_local.py', '--cfg-path', '/tmp/tmpa79jfee0', '--error-file', '/tmp/tmp6e28b2mz']
[2022-04-13 21:21:02,815] {standard_task_runner.py:77} INFO - Job 535: Subtask ingest
[2022-04-13 21:21:02,897] {logging_mixin.py:109} INFO - Running <TaskInstance: LocalIngestionDAG.ingest scheduled__2021-04-02T06:00:26+00:00 [running]> on host 13db72185839
[2022-04-13 21:21:02,983] {taskinstance.py:1426} INFO - Exporting the following env vars:
AIRFLOW_CTX_DAG_OWNER=***
AIRFLOW_CTX_DAG_ID=LocalIngestionDAG
AIRFLOW_CTX_TASK_ID=ingest
AIRFLOW_CTX_EXECUTION_DATE=2021-04-02T06:00:26+00:00
AIRFLOW_CTX_DAG_RUN_ID=scheduled__2021-04-02T06:00:26+00:00
[2022-04-13 21:21:02,985] {subprocess.py:62} INFO - Tmp dir root location: 
 /tmp
[2022-04-13 21:21:02,986] {subprocess.py:74} INFO - Running command: ['bash', '-c', 'pwd']
[2022-04-13 21:21:02,997] {subprocess.py:85} INFO - Output:
[2022-04-13 21:21:02,999] {subprocess.py:89} INFO - /tmp/***tmp7_5o2bpt
[2022-04-13 21:21:03,001] {subprocess.py:93} INFO - Command exited with return code 0
[2022-04-13 21:21:03,035] {taskinstance.py:1277} INFO - Marking task as SUCCESS. dag_id=LocalIngestionDAG, task_id=ingest, execution_date=20210402T060026, start_date=20220413T212102, end_date=20220413T212103
[2022-04-13 21:21:03,067] {local_task_job.py:154} INFO - Task exited with return code 0
[2022-04-13 21:21:03,108] {local_task_job.py:264} INFO - 0 downstream tasks scheduled from follow-on schedule check
