[2022-04-13 22:31:29,415] {taskinstance.py:1032} INFO - Dependencies all met for <TaskInstance: LocalIngestionDAG.wget scheduled__2021-12-02T06:00:53+00:00 [queued]>
[2022-04-13 22:31:29,494] {taskinstance.py:1032} INFO - Dependencies all met for <TaskInstance: LocalIngestionDAG.wget scheduled__2021-12-02T06:00:53+00:00 [queued]>
[2022-04-13 22:31:29,495] {taskinstance.py:1238} INFO - 
--------------------------------------------------------------------------------
[2022-04-13 22:31:29,496] {taskinstance.py:1239} INFO - Starting attempt 1 of 1
[2022-04-13 22:31:29,497] {taskinstance.py:1240} INFO - 
--------------------------------------------------------------------------------
[2022-04-13 22:31:29,621] {taskinstance.py:1259} INFO - Executing <Task(BashOperator): wget> on 2021-12-02 06:00:53+00:00
[2022-04-13 22:31:29,686] {standard_task_runner.py:52} INFO - Started process 9359 to run task
[2022-04-13 22:31:29,719] {standard_task_runner.py:76} INFO - Running: ['***', 'tasks', 'run', 'LocalIngestionDAG', 'wget', 'scheduled__2021-12-02T06:00:53+00:00', '--job-id', '1511', '--raw', '--subdir', 'DAGS_FOLDER/data_ingestion_local.py', '--cfg-path', '/tmp/tmpo7492xaz', '--error-file', '/tmp/tmpjxykmrqa']
[2022-04-13 22:31:29,730] {standard_task_runner.py:77} INFO - Job 1511: Subtask wget
[2022-04-13 22:31:30,302] {logging_mixin.py:109} INFO - Running <TaskInstance: LocalIngestionDAG.wget scheduled__2021-12-02T06:00:53+00:00 [running]> on host 13db72185839
[2022-04-13 22:31:30,562] {logging_mixin.py:109} WARNING - /home/***/.local/lib/python3.7/site-packages/***/utils/context.py:152 AirflowContextDeprecationWarning: Accessing 'execution_date' from the template is deprecated and will be removed in a future version. Please use 'data_interval_start' or 'logical_date' instead.
[2022-04-13 22:31:30,737] {taskinstance.py:1426} INFO - Exporting the following env vars:
AIRFLOW_CTX_DAG_OWNER=***
AIRFLOW_CTX_DAG_ID=LocalIngestionDAG
AIRFLOW_CTX_TASK_ID=wget
AIRFLOW_CTX_EXECUTION_DATE=2021-12-02T06:00:53+00:00
AIRFLOW_CTX_DAG_RUN_ID=scheduled__2021-12-02T06:00:53+00:00
[2022-04-13 22:31:30,743] {subprocess.py:62} INFO - Tmp dir root location: 
 /tmp
[2022-04-13 22:31:30,753] {subprocess.py:74} INFO - Running command: ['bash', '-c', 'curl -sSL https://s3.amazonaws.com/nyc-tlc/trip+data/yellow_tripdata_2021-12.csv > /opt/***/output.csv']
[2022-04-13 22:31:30,813] {subprocess.py:85} INFO - Output:
[2022-04-13 22:31:32,217] {subprocess.py:93} INFO - Command exited with return code 0
[2022-04-13 22:31:32,458] {taskinstance.py:1277} INFO - Marking task as SUCCESS. dag_id=LocalIngestionDAG, task_id=wget, execution_date=20211202T060053, start_date=20220413T223129, end_date=20220413T223132
[2022-04-13 22:31:32,607] {local_task_job.py:154} INFO - Task exited with return code 0
[2022-04-13 22:31:33,494] {local_task_job.py:264} INFO - 0 downstream tasks scheduled from follow-on schedule check
