[2022-04-13 21:17:12,861] {taskinstance.py:1032} INFO - Dependencies all met for <TaskInstance: LocalIngestionDAG.wget scheduled__2021-02-02T06:00:50+00:00 [queued]>
[2022-04-13 21:17:12,878] {taskinstance.py:1032} INFO - Dependencies all met for <TaskInstance: LocalIngestionDAG.wget scheduled__2021-02-02T06:00:50+00:00 [queued]>
[2022-04-13 21:17:12,878] {taskinstance.py:1238} INFO - 
--------------------------------------------------------------------------------
[2022-04-13 21:17:12,879] {taskinstance.py:1239} INFO - Starting attempt 1 of 1
[2022-04-13 21:17:12,879] {taskinstance.py:1240} INFO - 
--------------------------------------------------------------------------------
[2022-04-13 21:17:12,899] {taskinstance.py:1259} INFO - Executing <Task(BashOperator): wget> on 2021-02-02 06:00:50+00:00
[2022-04-13 21:17:12,904] {standard_task_runner.py:52} INFO - Started process 1802 to run task
[2022-04-13 21:17:12,909] {standard_task_runner.py:76} INFO - Running: ['***', 'tasks', 'run', 'LocalIngestionDAG', 'wget', 'scheduled__2021-02-02T06:00:50+00:00', '--job-id', '340', '--raw', '--subdir', 'DAGS_FOLDER/data_ingestion_local.py', '--cfg-path', '/tmp/tmp8eq52lng', '--error-file', '/tmp/tmpvsbsapqz']
[2022-04-13 21:17:12,911] {standard_task_runner.py:77} INFO - Job 340: Subtask wget
[2022-04-13 21:17:13,019] {logging_mixin.py:109} INFO - Running <TaskInstance: LocalIngestionDAG.wget scheduled__2021-02-02T06:00:50+00:00 [running]> on host 13db72185839
[2022-04-13 21:17:13,160] {taskinstance.py:1426} INFO - Exporting the following env vars:
AIRFLOW_CTX_DAG_OWNER=***
AIRFLOW_CTX_DAG_ID=LocalIngestionDAG
AIRFLOW_CTX_TASK_ID=wget
AIRFLOW_CTX_EXECUTION_DATE=2021-02-02T06:00:50+00:00
AIRFLOW_CTX_DAG_RUN_ID=scheduled__2021-02-02T06:00:50+00:00
[2022-04-13 21:17:13,162] {subprocess.py:62} INFO - Tmp dir root location: 
 /tmp
[2022-04-13 21:17:13,164] {subprocess.py:74} INFO - Running command: ['bash', '-c', 'echo "hello world"']
[2022-04-13 21:17:13,183] {subprocess.py:85} INFO - Output:
[2022-04-13 21:17:13,185] {subprocess.py:89} INFO - hello world
[2022-04-13 21:17:13,186] {subprocess.py:93} INFO - Command exited with return code 0
[2022-04-13 21:17:13,238] {taskinstance.py:1277} INFO - Marking task as SUCCESS. dag_id=LocalIngestionDAG, task_id=wget, execution_date=20210202T060050, start_date=20220413T211712, end_date=20220413T211713
[2022-04-13 21:17:13,283] {local_task_job.py:154} INFO - Task exited with return code 0
[2022-04-13 21:17:13,389] {local_task_job.py:264} INFO - 1 downstream tasks scheduled from follow-on schedule check
