[2022-04-13 21:54:08,186] {taskinstance.py:1032} INFO - Dependencies all met for <TaskInstance: LocalIngestionDAG.ingest scheduled__2021-10-02T06:00:56+00:00 [queued]>
[2022-04-13 21:54:08,203] {taskinstance.py:1032} INFO - Dependencies all met for <TaskInstance: LocalIngestionDAG.ingest scheduled__2021-10-02T06:00:56+00:00 [queued]>
[2022-04-13 21:54:08,204] {taskinstance.py:1238} INFO - 
--------------------------------------------------------------------------------
[2022-04-13 21:54:08,204] {taskinstance.py:1239} INFO - Starting attempt 1 of 1
[2022-04-13 21:54:08,205] {taskinstance.py:1240} INFO - 
--------------------------------------------------------------------------------
[2022-04-13 21:54:08,252] {taskinstance.py:1259} INFO - Executing <Task(BashOperator): ingest> on 2021-10-02 06:00:56+00:00
[2022-04-13 21:54:08,267] {standard_task_runner.py:52} INFO - Started process 6792 to run task
[2022-04-13 21:54:08,275] {standard_task_runner.py:76} INFO - Running: ['***', 'tasks', 'run', 'LocalIngestionDAG', 'ingest', 'scheduled__2021-10-02T06:00:56+00:00', '--job-id', '1328', '--raw', '--subdir', 'DAGS_FOLDER/data_ingestion_local.py', '--cfg-path', '/tmp/tmpucmsag0o', '--error-file', '/tmp/tmprwzu39vu']
[2022-04-13 21:54:08,291] {standard_task_runner.py:77} INFO - Job 1328: Subtask ingest
[2022-04-13 21:54:08,468] {logging_mixin.py:109} INFO - Running <TaskInstance: LocalIngestionDAG.ingest scheduled__2021-10-02T06:00:56+00:00 [running]> on host 13db72185839
[2022-04-13 21:54:08,715] {taskinstance.py:1426} INFO - Exporting the following env vars:
AIRFLOW_CTX_DAG_OWNER=***
AIRFLOW_CTX_DAG_ID=LocalIngestionDAG
AIRFLOW_CTX_TASK_ID=ingest
AIRFLOW_CTX_EXECUTION_DATE=2021-10-02T06:00:56+00:00
AIRFLOW_CTX_DAG_RUN_ID=scheduled__2021-10-02T06:00:56+00:00
[2022-04-13 21:54:08,719] {subprocess.py:62} INFO - Tmp dir root location: 
 /tmp
[2022-04-13 21:54:08,721] {subprocess.py:74} INFO - Running command: ['bash', '-c', 'ls /opt/***']
[2022-04-13 21:54:08,738] {subprocess.py:85} INFO - Output:
[2022-04-13 21:54:08,751] {subprocess.py:89} INFO - ***.cfg
[2022-04-13 21:54:08,753] {subprocess.py:89} INFO - dags
[2022-04-13 21:54:08,754] {subprocess.py:89} INFO - logs
[2022-04-13 21:54:08,754] {subprocess.py:89} INFO - output.csv
[2022-04-13 21:54:08,755] {subprocess.py:89} INFO - plugins
[2022-04-13 21:54:08,756] {subprocess.py:89} INFO - requirements.txt
[2022-04-13 21:54:08,756] {subprocess.py:89} INFO - scripts
[2022-04-13 21:54:08,757] {subprocess.py:89} INFO - webserver_config.py
[2022-04-13 21:54:08,758] {subprocess.py:93} INFO - Command exited with return code 0
[2022-04-13 21:54:09,311] {taskinstance.py:1277} INFO - Marking task as SUCCESS. dag_id=LocalIngestionDAG, task_id=ingest, execution_date=20211002T060056, start_date=20220413T215408, end_date=20220413T215409
[2022-04-13 21:54:09,374] {local_task_job.py:154} INFO - Task exited with return code 0
[2022-04-13 21:54:09,483] {local_task_job.py:264} INFO - 0 downstream tasks scheduled from follow-on schedule check
