[2022-04-13 21:26:48,909] {taskinstance.py:1032} INFO - Dependencies all met for <TaskInstance: LocalIngestionDAG.ingest scheduled__2021-09-02T06:00:53+00:00 [queued]>
[2022-04-13 21:26:48,938] {taskinstance.py:1032} INFO - Dependencies all met for <TaskInstance: LocalIngestionDAG.ingest scheduled__2021-09-02T06:00:53+00:00 [queued]>
[2022-04-13 21:26:48,940] {taskinstance.py:1238} INFO - 
--------------------------------------------------------------------------------
[2022-04-13 21:26:48,941] {taskinstance.py:1239} INFO - Starting attempt 1 of 1
[2022-04-13 21:26:48,942] {taskinstance.py:1240} INFO - 
--------------------------------------------------------------------------------
[2022-04-13 21:26:48,979] {taskinstance.py:1259} INFO - Executing <Task(BashOperator): ingest> on 2021-09-02 06:00:53+00:00
[2022-04-13 21:26:48,987] {standard_task_runner.py:52} INFO - Started process 4822 to run task
[2022-04-13 21:26:49,010] {standard_task_runner.py:76} INFO - Running: ['***', 'tasks', 'run', 'LocalIngestionDAG', 'ingest', 'scheduled__2021-09-02T06:00:53+00:00', '--job-id', '1186', '--raw', '--subdir', 'DAGS_FOLDER/data_ingestion_local.py', '--cfg-path', '/tmp/tmp94dxx9m5', '--error-file', '/tmp/tmp_1wkllq7']
[2022-04-13 21:26:49,014] {standard_task_runner.py:77} INFO - Job 1186: Subtask ingest
[2022-04-13 21:26:49,165] {logging_mixin.py:109} INFO - Running <TaskInstance: LocalIngestionDAG.ingest scheduled__2021-09-02T06:00:53+00:00 [running]> on host 13db72185839
[2022-04-13 21:26:49,312] {taskinstance.py:1426} INFO - Exporting the following env vars:
AIRFLOW_CTX_DAG_OWNER=***
AIRFLOW_CTX_DAG_ID=LocalIngestionDAG
AIRFLOW_CTX_TASK_ID=ingest
AIRFLOW_CTX_EXECUTION_DATE=2021-09-02T06:00:53+00:00
AIRFLOW_CTX_DAG_RUN_ID=scheduled__2021-09-02T06:00:53+00:00
[2022-04-13 21:26:49,314] {subprocess.py:62} INFO - Tmp dir root location: 
 /tmp
[2022-04-13 21:26:49,315] {subprocess.py:74} INFO - Running command: ['bash', '-c', 'pwd']
[2022-04-13 21:26:49,328] {subprocess.py:85} INFO - Output:
[2022-04-13 21:26:49,331] {subprocess.py:89} INFO - /tmp/***tmpxqx1ddmt
[2022-04-13 21:26:49,332] {subprocess.py:93} INFO - Command exited with return code 0
[2022-04-13 21:26:49,383] {taskinstance.py:1277} INFO - Marking task as SUCCESS. dag_id=LocalIngestionDAG, task_id=ingest, execution_date=20210902T060053, start_date=20220413T212648, end_date=20220413T212649
[2022-04-13 21:26:49,456] {local_task_job.py:154} INFO - Task exited with return code 0
[2022-04-13 21:26:49,552] {local_task_job.py:264} INFO - 0 downstream tasks scheduled from follow-on schedule check
