[2022-04-13 21:42:49,885] {taskinstance.py:1032} INFO - Dependencies all met for <TaskInstance: LocalIngestionDAG.wget scheduled__2021-10-02T06:00:59+00:00 [queued]>
[2022-04-13 21:42:49,918] {taskinstance.py:1032} INFO - Dependencies all met for <TaskInstance: LocalIngestionDAG.wget scheduled__2021-10-02T06:00:59+00:00 [queued]>
[2022-04-13 21:42:49,919] {taskinstance.py:1238} INFO - 
--------------------------------------------------------------------------------
[2022-04-13 21:42:49,921] {taskinstance.py:1239} INFO - Starting attempt 1 of 1
[2022-04-13 21:42:49,922] {taskinstance.py:1240} INFO - 
--------------------------------------------------------------------------------
[2022-04-13 21:42:49,962] {taskinstance.py:1259} INFO - Executing <Task(BashOperator): wget> on 2021-10-02 06:00:59+00:00
[2022-04-13 21:42:49,983] {standard_task_runner.py:52} INFO - Started process 6111 to run task
[2022-04-13 21:42:49,992] {standard_task_runner.py:76} INFO - Running: ['***', 'tasks', 'run', 'LocalIngestionDAG', 'wget', 'scheduled__2021-10-02T06:00:59+00:00', '--job-id', '1311', '--raw', '--subdir', 'DAGS_FOLDER/data_ingestion_local.py', '--cfg-path', '/tmp/tmpm3kw0v56', '--error-file', '/tmp/tmphfo97p1s']
[2022-04-13 21:42:49,998] {standard_task_runner.py:77} INFO - Job 1311: Subtask wget
[2022-04-13 21:42:50,099] {logging_mixin.py:109} INFO - Running <TaskInstance: LocalIngestionDAG.wget scheduled__2021-10-02T06:00:59+00:00 [running]> on host 13db72185839
[2022-04-13 21:42:50,386] {taskinstance.py:1426} INFO - Exporting the following env vars:
AIRFLOW_CTX_DAG_OWNER=***
AIRFLOW_CTX_DAG_ID=LocalIngestionDAG
AIRFLOW_CTX_TASK_ID=wget
AIRFLOW_CTX_EXECUTION_DATE=2021-10-02T06:00:59+00:00
AIRFLOW_CTX_DAG_RUN_ID=scheduled__2021-10-02T06:00:59+00:00
[2022-04-13 21:42:50,390] {subprocess.py:62} INFO - Tmp dir root location: 
 /tmp
[2022-04-13 21:42:50,392] {subprocess.py:74} INFO - Running command: ['bash', '-c', 'curl -sSL https://s3.amazonaws.com/nyc-tlc/trip+data/yellow_tripdata_2021-01.csv > /opt/***/output.csv']
[2022-04-13 21:42:50,412] {subprocess.py:85} INFO - Output:
[2022-04-13 21:55:31,493] {subprocess.py:93} INFO - Command exited with return code 0
[2022-04-13 21:55:31,771] {taskinstance.py:1277} INFO - Marking task as SUCCESS. dag_id=LocalIngestionDAG, task_id=wget, execution_date=20211002T060059, start_date=20220413T214249, end_date=20220413T215531
[2022-04-13 21:55:31,876] {local_task_job.py:154} INFO - Task exited with return code 0
[2022-04-13 21:55:32,061] {local_task_job.py:264} INFO - 1 downstream tasks scheduled from follow-on schedule check
