[2022-04-13 21:23:12,624] {taskinstance.py:1032} INFO - Dependencies all met for <TaskInstance: LocalIngestionDAG.wget scheduled__2021-06-02T06:00:34+00:00 [queued]>
[2022-04-13 21:23:12,660] {taskinstance.py:1032} INFO - Dependencies all met for <TaskInstance: LocalIngestionDAG.wget scheduled__2021-06-02T06:00:34+00:00 [queued]>
[2022-04-13 21:23:12,662] {taskinstance.py:1238} INFO - 
--------------------------------------------------------------------------------
[2022-04-13 21:23:12,663] {taskinstance.py:1239} INFO - Starting attempt 1 of 1
[2022-04-13 21:23:12,666] {taskinstance.py:1240} INFO - 
--------------------------------------------------------------------------------
[2022-04-13 21:23:12,757] {taskinstance.py:1259} INFO - Executing <Task(BashOperator): wget> on 2021-06-02 06:00:34+00:00
[2022-04-13 21:23:12,772] {standard_task_runner.py:52} INFO - Started process 3449 to run task
[2022-04-13 21:23:12,779] {standard_task_runner.py:76} INFO - Running: ['***', 'tasks', 'run', 'LocalIngestionDAG', 'wget', 'scheduled__2021-06-02T06:00:34+00:00', '--job-id', '786', '--raw', '--subdir', 'DAGS_FOLDER/data_ingestion_local.py', '--cfg-path', '/tmp/tmpzlz9_19o', '--error-file', '/tmp/tmp6935taeu']
[2022-04-13 21:23:12,785] {standard_task_runner.py:77} INFO - Job 786: Subtask wget
[2022-04-13 21:23:13,091] {logging_mixin.py:109} INFO - Running <TaskInstance: LocalIngestionDAG.wget scheduled__2021-06-02T06:00:34+00:00 [running]> on host 13db72185839
[2022-04-13 21:23:13,411] {taskinstance.py:1426} INFO - Exporting the following env vars:
AIRFLOW_CTX_DAG_OWNER=***
AIRFLOW_CTX_DAG_ID=LocalIngestionDAG
AIRFLOW_CTX_TASK_ID=wget
AIRFLOW_CTX_EXECUTION_DATE=2021-06-02T06:00:34+00:00
AIRFLOW_CTX_DAG_RUN_ID=scheduled__2021-06-02T06:00:34+00:00
[2022-04-13 21:23:13,420] {subprocess.py:62} INFO - Tmp dir root location: 
 /tmp
[2022-04-13 21:23:13,434] {subprocess.py:74} INFO - Running command: ['bash', '-c', 'echo "hello world"']
[2022-04-13 21:23:13,482] {subprocess.py:85} INFO - Output:
[2022-04-13 21:23:13,493] {subprocess.py:89} INFO - hello world
[2022-04-13 21:23:13,495] {subprocess.py:93} INFO - Command exited with return code 0
[2022-04-13 21:23:13,868] {taskinstance.py:1277} INFO - Marking task as SUCCESS. dag_id=LocalIngestionDAG, task_id=wget, execution_date=20210602T060034, start_date=20220413T212312, end_date=20220413T212313
[2022-04-13 21:23:13,929] {local_task_job.py:154} INFO - Task exited with return code 0
[2022-04-13 21:23:14,026] {local_task_job.py:264} INFO - 1 downstream tasks scheduled from follow-on schedule check
