[2022-04-13 22:35:52,769] {taskinstance.py:1032} INFO - Dependencies all met for <TaskInstance: LocalIngestionDAG.wget scheduled__2022-04-02T06:00:18+00:00 [queued]>
[2022-04-13 22:35:52,799] {taskinstance.py:1032} INFO - Dependencies all met for <TaskInstance: LocalIngestionDAG.wget scheduled__2022-04-02T06:00:18+00:00 [queued]>
[2022-04-13 22:35:52,800] {taskinstance.py:1238} INFO - 
--------------------------------------------------------------------------------
[2022-04-13 22:35:52,801] {taskinstance.py:1239} INFO - Starting attempt 1 of 1
[2022-04-13 22:35:52,803] {taskinstance.py:1240} INFO - 
--------------------------------------------------------------------------------
[2022-04-13 22:35:52,868] {taskinstance.py:1259} INFO - Executing <Task(BashOperator): wget> on 2022-04-02 06:00:18+00:00
[2022-04-13 22:35:52,889] {standard_task_runner.py:52} INFO - Started process 11191 to run task
[2022-04-13 22:35:52,951] {standard_task_runner.py:76} INFO - Running: ['***', 'tasks', 'run', 'LocalIngestionDAG', 'wget', 'scheduled__2022-04-02T06:00:18+00:00', '--job-id', '1922', '--raw', '--subdir', 'DAGS_FOLDER/data_ingestion_local.py', '--cfg-path', '/tmp/tmp92awj89k', '--error-file', '/tmp/tmpurraj11d']
[2022-04-13 22:35:52,981] {standard_task_runner.py:77} INFO - Job 1922: Subtask wget
[2022-04-13 22:35:53,350] {logging_mixin.py:109} INFO - Running <TaskInstance: LocalIngestionDAG.wget scheduled__2022-04-02T06:00:18+00:00 [running]> on host 13db72185839
[2022-04-13 22:35:53,597] {logging_mixin.py:109} WARNING - /home/***/.local/lib/python3.7/site-packages/***/utils/context.py:152 AirflowContextDeprecationWarning: Accessing 'execution_date' from the template is deprecated and will be removed in a future version. Please use 'data_interval_start' or 'logical_date' instead.
[2022-04-13 22:35:53,761] {taskinstance.py:1426} INFO - Exporting the following env vars:
AIRFLOW_CTX_DAG_OWNER=***
AIRFLOW_CTX_DAG_ID=LocalIngestionDAG
AIRFLOW_CTX_TASK_ID=wget
AIRFLOW_CTX_EXECUTION_DATE=2022-04-02T06:00:18+00:00
AIRFLOW_CTX_DAG_RUN_ID=scheduled__2022-04-02T06:00:18+00:00
[2022-04-13 22:35:53,770] {subprocess.py:62} INFO - Tmp dir root location: 
 /tmp
[2022-04-13 22:35:53,778] {subprocess.py:74} INFO - Running command: ['bash', '-c', 'curl -sSL https://s3.amazonaws.com/nyc-tlc/trip+data/yellow_tripdata_2022-04.csv > /opt/***/output_2022-04.csv']
[2022-04-13 22:35:53,824] {subprocess.py:85} INFO - Output:
[2022-04-13 22:35:55,105] {subprocess.py:93} INFO - Command exited with return code 0
[2022-04-13 22:35:55,253] {taskinstance.py:1277} INFO - Marking task as SUCCESS. dag_id=LocalIngestionDAG, task_id=wget, execution_date=20220402T060018, start_date=20220413T223552, end_date=20220413T223555
[2022-04-13 22:35:55,374] {local_task_job.py:154} INFO - Task exited with return code 0
[2022-04-13 22:35:55,731] {local_task_job.py:264} INFO - 0 downstream tasks scheduled from follow-on schedule check
