[2022-04-13 21:24:58,657] {taskinstance.py:1032} INFO - Dependencies all met for <TaskInstance: LocalIngestionDAG.ingest scheduled__2021-08-02T06:00:13+00:00 [queued]>
[2022-04-13 21:24:58,716] {taskinstance.py:1032} INFO - Dependencies all met for <TaskInstance: LocalIngestionDAG.ingest scheduled__2021-08-02T06:00:13+00:00 [queued]>
[2022-04-13 21:24:58,722] {taskinstance.py:1238} INFO - 
--------------------------------------------------------------------------------
[2022-04-13 21:24:58,727] {taskinstance.py:1239} INFO - Starting attempt 1 of 1
[2022-04-13 21:24:58,729] {taskinstance.py:1240} INFO - 
--------------------------------------------------------------------------------
[2022-04-13 21:24:58,829] {taskinstance.py:1259} INFO - Executing <Task(BashOperator): ingest> on 2021-08-02 06:00:13+00:00
[2022-04-13 21:24:58,897] {standard_task_runner.py:52} INFO - Started process 4148 to run task
[2022-04-13 21:24:58,887] {standard_task_runner.py:76} INFO - Running: ['***', 'tasks', 'run', 'LocalIngestionDAG', 'ingest', 'scheduled__2021-08-02T06:00:13+00:00', '--job-id', '990', '--raw', '--subdir', 'DAGS_FOLDER/data_ingestion_local.py', '--cfg-path', '/tmp/tmp01ivd94s', '--error-file', '/tmp/tmpy34bgrpp']
[2022-04-13 21:24:58,901] {standard_task_runner.py:77} INFO - Job 990: Subtask ingest
[2022-04-13 21:24:59,190] {logging_mixin.py:109} INFO - Running <TaskInstance: LocalIngestionDAG.ingest scheduled__2021-08-02T06:00:13+00:00 [running]> on host 13db72185839
[2022-04-13 21:24:59,416] {taskinstance.py:1426} INFO - Exporting the following env vars:
AIRFLOW_CTX_DAG_OWNER=***
AIRFLOW_CTX_DAG_ID=LocalIngestionDAG
AIRFLOW_CTX_TASK_ID=ingest
AIRFLOW_CTX_EXECUTION_DATE=2021-08-02T06:00:13+00:00
AIRFLOW_CTX_DAG_RUN_ID=scheduled__2021-08-02T06:00:13+00:00
[2022-04-13 21:24:59,420] {subprocess.py:62} INFO - Tmp dir root location: 
 /tmp
[2022-04-13 21:24:59,422] {subprocess.py:74} INFO - Running command: ['bash', '-c', 'pwd']
[2022-04-13 21:24:59,446] {subprocess.py:85} INFO - Output:
[2022-04-13 21:24:59,449] {subprocess.py:89} INFO - /tmp/***tmphfb2ptkq
[2022-04-13 21:24:59,450] {subprocess.py:93} INFO - Command exited with return code 0
[2022-04-13 21:24:59,524] {taskinstance.py:1277} INFO - Marking task as SUCCESS. dag_id=LocalIngestionDAG, task_id=ingest, execution_date=20210802T060013, start_date=20220413T212458, end_date=20220413T212459
[2022-04-13 21:24:59,606] {local_task_job.py:154} INFO - Task exited with return code 0
[2022-04-13 21:24:59,680] {local_task_job.py:264} INFO - 0 downstream tasks scheduled from follow-on schedule check
