[2022-04-13 21:28:07,403] {taskinstance.py:1032} INFO - Dependencies all met for <TaskInstance: LocalIngestionDAG.wget scheduled__2021-10-02T06:00:49+00:00 [queued]>
[2022-04-13 21:28:07,475] {taskinstance.py:1032} INFO - Dependencies all met for <TaskInstance: LocalIngestionDAG.wget scheduled__2021-10-02T06:00:49+00:00 [queued]>
[2022-04-13 21:28:07,487] {taskinstance.py:1238} INFO - 
--------------------------------------------------------------------------------
[2022-04-13 21:28:07,488] {taskinstance.py:1239} INFO - Starting attempt 1 of 1
[2022-04-13 21:28:07,489] {taskinstance.py:1240} INFO - 
--------------------------------------------------------------------------------
[2022-04-13 21:28:07,634] {taskinstance.py:1259} INFO - Executing <Task(BashOperator): wget> on 2021-10-02 06:00:49+00:00
[2022-04-13 21:28:07,687] {standard_task_runner.py:52} INFO - Started process 5207 to run task
[2022-04-13 21:28:07,697] {standard_task_runner.py:76} INFO - Running: ['***', 'tasks', 'run', 'LocalIngestionDAG', 'wget', 'scheduled__2021-10-02T06:00:49+00:00', '--job-id', '1296', '--raw', '--subdir', 'DAGS_FOLDER/data_ingestion_local.py', '--cfg-path', '/tmp/tmpa8cn2n9l', '--error-file', '/tmp/tmpckbf0ttm']
[2022-04-13 21:28:07,710] {standard_task_runner.py:77} INFO - Job 1296: Subtask wget
[2022-04-13 21:28:08,129] {logging_mixin.py:109} INFO - Running <TaskInstance: LocalIngestionDAG.wget scheduled__2021-10-02T06:00:49+00:00 [running]> on host 13db72185839
[2022-04-13 21:28:08,353] {taskinstance.py:1426} INFO - Exporting the following env vars:
AIRFLOW_CTX_DAG_OWNER=***
AIRFLOW_CTX_DAG_ID=LocalIngestionDAG
AIRFLOW_CTX_TASK_ID=wget
AIRFLOW_CTX_EXECUTION_DATE=2021-10-02T06:00:49+00:00
AIRFLOW_CTX_DAG_RUN_ID=scheduled__2021-10-02T06:00:49+00:00
[2022-04-13 21:28:08,370] {subprocess.py:62} INFO - Tmp dir root location: 
 /tmp
[2022-04-13 21:28:08,377] {subprocess.py:74} INFO - Running command: ['bash', '-c', 'echo "hello world"']
[2022-04-13 21:28:08,392] {subprocess.py:85} INFO - Output:
[2022-04-13 21:28:08,402] {subprocess.py:89} INFO - hello world
[2022-04-13 21:28:08,405] {subprocess.py:93} INFO - Command exited with return code 0
[2022-04-13 21:28:08,509] {taskinstance.py:1277} INFO - Marking task as SUCCESS. dag_id=LocalIngestionDAG, task_id=wget, execution_date=20211002T060049, start_date=20220413T212807, end_date=20220413T212808
[2022-04-13 21:28:08,598] {local_task_job.py:154} INFO - Task exited with return code 0
[2022-04-13 21:28:09,011] {local_task_job.py:264} INFO - 0 downstream tasks scheduled from follow-on schedule check
