[2022-04-13 21:17:15,479] {taskinstance.py:1032} INFO - Dependencies all met for <TaskInstance: LocalIngestionDAG.ingest scheduled__2021-02-02T06:00:52+00:00 [queued]>
[2022-04-13 21:17:15,495] {taskinstance.py:1032} INFO - Dependencies all met for <TaskInstance: LocalIngestionDAG.ingest scheduled__2021-02-02T06:00:52+00:00 [queued]>
[2022-04-13 21:17:15,495] {taskinstance.py:1238} INFO - 
--------------------------------------------------------------------------------
[2022-04-13 21:17:15,496] {taskinstance.py:1239} INFO - Starting attempt 1 of 1
[2022-04-13 21:17:15,497] {taskinstance.py:1240} INFO - 
--------------------------------------------------------------------------------
[2022-04-13 21:17:15,528] {taskinstance.py:1259} INFO - Executing <Task(BashOperator): ingest> on 2021-02-02 06:00:52+00:00
[2022-04-13 21:17:15,548] {standard_task_runner.py:52} INFO - Started process 1836 to run task
[2022-04-13 21:17:15,554] {standard_task_runner.py:76} INFO - Running: ['***', 'tasks', 'run', 'LocalIngestionDAG', 'ingest', 'scheduled__2021-02-02T06:00:52+00:00', '--job-id', '347', '--raw', '--subdir', 'DAGS_FOLDER/data_ingestion_local.py', '--cfg-path', '/tmp/tmpugn43ioe', '--error-file', '/tmp/tmpqg3xxa1r']
[2022-04-13 21:17:15,557] {standard_task_runner.py:77} INFO - Job 347: Subtask ingest
[2022-04-13 21:17:15,701] {logging_mixin.py:109} INFO - Running <TaskInstance: LocalIngestionDAG.ingest scheduled__2021-02-02T06:00:52+00:00 [running]> on host 13db72185839
[2022-04-13 21:17:15,814] {taskinstance.py:1426} INFO - Exporting the following env vars:
AIRFLOW_CTX_DAG_OWNER=***
AIRFLOW_CTX_DAG_ID=LocalIngestionDAG
AIRFLOW_CTX_TASK_ID=ingest
AIRFLOW_CTX_EXECUTION_DATE=2021-02-02T06:00:52+00:00
AIRFLOW_CTX_DAG_RUN_ID=scheduled__2021-02-02T06:00:52+00:00
[2022-04-13 21:17:15,816] {subprocess.py:62} INFO - Tmp dir root location: 
 /tmp
[2022-04-13 21:17:15,817] {subprocess.py:74} INFO - Running command: ['bash', '-c', 'pwd']
[2022-04-13 21:17:15,827] {subprocess.py:85} INFO - Output:
[2022-04-13 21:17:15,829] {subprocess.py:89} INFO - /tmp/***tmpqyyuzt2u
[2022-04-13 21:17:15,830] {subprocess.py:93} INFO - Command exited with return code 0
[2022-04-13 21:17:15,867] {taskinstance.py:1277} INFO - Marking task as SUCCESS. dag_id=LocalIngestionDAG, task_id=ingest, execution_date=20210202T060052, start_date=20220413T211715, end_date=20220413T211715
[2022-04-13 21:17:15,927] {local_task_job.py:154} INFO - Task exited with return code 0
[2022-04-13 21:17:15,970] {local_task_job.py:264} INFO - 0 downstream tasks scheduled from follow-on schedule check
