[2022-04-13 21:24:44,161] {taskinstance.py:1032} INFO - Dependencies all met for <TaskInstance: LocalIngestionDAG.wget scheduled__2021-08-02T06:00:01+00:00 [queued]>
[2022-04-13 21:24:44,193] {taskinstance.py:1032} INFO - Dependencies all met for <TaskInstance: LocalIngestionDAG.wget scheduled__2021-08-02T06:00:01+00:00 [queued]>
[2022-04-13 21:24:44,194] {taskinstance.py:1238} INFO - 
--------------------------------------------------------------------------------
[2022-04-13 21:24:44,196] {taskinstance.py:1239} INFO - Starting attempt 1 of 1
[2022-04-13 21:24:44,197] {taskinstance.py:1240} INFO - 
--------------------------------------------------------------------------------
[2022-04-13 21:24:44,249] {taskinstance.py:1259} INFO - Executing <Task(BashOperator): wget> on 2021-08-02 06:00:01+00:00
[2022-04-13 21:24:44,258] {standard_task_runner.py:52} INFO - Started process 4050 to run task
[2022-04-13 21:24:44,269] {standard_task_runner.py:76} INFO - Running: ['***', 'tasks', 'run', 'LocalIngestionDAG', 'wget', 'scheduled__2021-08-02T06:00:01+00:00', '--job-id', '962', '--raw', '--subdir', 'DAGS_FOLDER/data_ingestion_local.py', '--cfg-path', '/tmp/tmpxwye6p93', '--error-file', '/tmp/tmpxluimiz1']
[2022-04-13 21:24:44,277] {standard_task_runner.py:77} INFO - Job 962: Subtask wget
[2022-04-13 21:24:44,424] {logging_mixin.py:109} INFO - Running <TaskInstance: LocalIngestionDAG.wget scheduled__2021-08-02T06:00:01+00:00 [running]> on host 13db72185839
[2022-04-13 21:24:44,694] {taskinstance.py:1426} INFO - Exporting the following env vars:
AIRFLOW_CTX_DAG_OWNER=***
AIRFLOW_CTX_DAG_ID=LocalIngestionDAG
AIRFLOW_CTX_TASK_ID=wget
AIRFLOW_CTX_EXECUTION_DATE=2021-08-02T06:00:01+00:00
AIRFLOW_CTX_DAG_RUN_ID=scheduled__2021-08-02T06:00:01+00:00
[2022-04-13 21:24:44,699] {subprocess.py:62} INFO - Tmp dir root location: 
 /tmp
[2022-04-13 21:24:44,702] {subprocess.py:74} INFO - Running command: ['bash', '-c', 'echo "hello world"']
[2022-04-13 21:24:44,734] {subprocess.py:85} INFO - Output:
[2022-04-13 21:24:44,740] {subprocess.py:89} INFO - hello world
[2022-04-13 21:24:44,747] {subprocess.py:93} INFO - Command exited with return code 0
[2022-04-13 21:24:44,816] {taskinstance.py:1277} INFO - Marking task as SUCCESS. dag_id=LocalIngestionDAG, task_id=wget, execution_date=20210802T060001, start_date=20220413T212444, end_date=20220413T212444
[2022-04-13 21:24:44,887] {local_task_job.py:154} INFO - Task exited with return code 0
[2022-04-13 21:24:45,214] {local_task_job.py:264} INFO - 0 downstream tasks scheduled from follow-on schedule check
