[2022-04-13 21:24:44,876] {taskinstance.py:1032} INFO - Dependencies all met for <TaskInstance: LocalIngestionDAG.wget scheduled__2021-08-02T06:00:03+00:00 [queued]>
[2022-04-13 21:24:44,915] {taskinstance.py:1032} INFO - Dependencies all met for <TaskInstance: LocalIngestionDAG.wget scheduled__2021-08-02T06:00:03+00:00 [queued]>
[2022-04-13 21:24:44,917] {taskinstance.py:1238} INFO - 
--------------------------------------------------------------------------------
[2022-04-13 21:24:44,918] {taskinstance.py:1239} INFO - Starting attempt 1 of 1
[2022-04-13 21:24:44,919] {taskinstance.py:1240} INFO - 
--------------------------------------------------------------------------------
[2022-04-13 21:24:44,965] {taskinstance.py:1259} INFO - Executing <Task(BashOperator): wget> on 2021-08-02 06:00:03+00:00
[2022-04-13 21:24:44,970] {standard_task_runner.py:52} INFO - Started process 4055 to run task
[2022-04-13 21:24:44,981] {standard_task_runner.py:76} INFO - Running: ['***', 'tasks', 'run', 'LocalIngestionDAG', 'wget', 'scheduled__2021-08-02T06:00:03+00:00', '--job-id', '964', '--raw', '--subdir', 'DAGS_FOLDER/data_ingestion_local.py', '--cfg-path', '/tmp/tmpna5i9a4u', '--error-file', '/tmp/tmpap4v1v35']
[2022-04-13 21:24:44,984] {standard_task_runner.py:77} INFO - Job 964: Subtask wget
[2022-04-13 21:24:45,155] {logging_mixin.py:109} INFO - Running <TaskInstance: LocalIngestionDAG.wget scheduled__2021-08-02T06:00:03+00:00 [running]> on host 13db72185839
[2022-04-13 21:24:45,435] {taskinstance.py:1426} INFO - Exporting the following env vars:
AIRFLOW_CTX_DAG_OWNER=***
AIRFLOW_CTX_DAG_ID=LocalIngestionDAG
AIRFLOW_CTX_TASK_ID=wget
AIRFLOW_CTX_EXECUTION_DATE=2021-08-02T06:00:03+00:00
AIRFLOW_CTX_DAG_RUN_ID=scheduled__2021-08-02T06:00:03+00:00
[2022-04-13 21:24:45,454] {subprocess.py:62} INFO - Tmp dir root location: 
 /tmp
[2022-04-13 21:24:45,460] {subprocess.py:74} INFO - Running command: ['bash', '-c', 'echo "hello world"']
[2022-04-13 21:24:45,487] {subprocess.py:85} INFO - Output:
[2022-04-13 21:24:45,502] {subprocess.py:89} INFO - hello world
[2022-04-13 21:24:45,508] {subprocess.py:93} INFO - Command exited with return code 0
[2022-04-13 21:24:45,863] {taskinstance.py:1277} INFO - Marking task as SUCCESS. dag_id=LocalIngestionDAG, task_id=wget, execution_date=20210802T060003, start_date=20220413T212444, end_date=20220413T212445
[2022-04-13 21:24:45,934] {local_task_job.py:154} INFO - Task exited with return code 0
[2022-04-13 21:24:46,114] {local_task_job.py:264} INFO - 1 downstream tasks scheduled from follow-on schedule check
