[2022-04-13 21:23:00,274] {taskinstance.py:1032} INFO - Dependencies all met for <TaskInstance: LocalIngestionDAG.wget scheduled__2021-06-02T06:00:22+00:00 [queued]>
[2022-04-13 21:23:00,301] {taskinstance.py:1032} INFO - Dependencies all met for <TaskInstance: LocalIngestionDAG.wget scheduled__2021-06-02T06:00:22+00:00 [queued]>
[2022-04-13 21:23:00,302] {taskinstance.py:1238} INFO - 
--------------------------------------------------------------------------------
[2022-04-13 21:23:00,302] {taskinstance.py:1239} INFO - Starting attempt 1 of 1
[2022-04-13 21:23:00,303] {taskinstance.py:1240} INFO - 
--------------------------------------------------------------------------------
[2022-04-13 21:23:00,353] {taskinstance.py:1259} INFO - Executing <Task(BashOperator): wget> on 2021-06-02 06:00:22+00:00
[2022-04-13 21:23:00,368] {standard_task_runner.py:52} INFO - Started process 3367 to run task
[2022-04-13 21:23:00,385] {standard_task_runner.py:76} INFO - Running: ['***', 'tasks', 'run', 'LocalIngestionDAG', 'wget', 'scheduled__2021-06-02T06:00:22+00:00', '--job-id', '762', '--raw', '--subdir', 'DAGS_FOLDER/data_ingestion_local.py', '--cfg-path', '/tmp/tmpmnv89_dg', '--error-file', '/tmp/tmp93yyod6d']
[2022-04-13 21:23:00,404] {standard_task_runner.py:77} INFO - Job 762: Subtask wget
[2022-04-13 21:23:00,841] {logging_mixin.py:109} INFO - Running <TaskInstance: LocalIngestionDAG.wget scheduled__2021-06-02T06:00:22+00:00 [running]> on host 13db72185839
[2022-04-13 21:23:01,065] {taskinstance.py:1426} INFO - Exporting the following env vars:
AIRFLOW_CTX_DAG_OWNER=***
AIRFLOW_CTX_DAG_ID=LocalIngestionDAG
AIRFLOW_CTX_TASK_ID=wget
AIRFLOW_CTX_EXECUTION_DATE=2021-06-02T06:00:22+00:00
AIRFLOW_CTX_DAG_RUN_ID=scheduled__2021-06-02T06:00:22+00:00
[2022-04-13 21:23:01,071] {subprocess.py:62} INFO - Tmp dir root location: 
 /tmp
[2022-04-13 21:23:01,076] {subprocess.py:74} INFO - Running command: ['bash', '-c', 'echo "hello world"']
[2022-04-13 21:23:01,095] {subprocess.py:85} INFO - Output:
[2022-04-13 21:23:01,105] {subprocess.py:89} INFO - hello world
[2022-04-13 21:23:01,106] {subprocess.py:93} INFO - Command exited with return code 0
[2022-04-13 21:23:01,185] {taskinstance.py:1277} INFO - Marking task as SUCCESS. dag_id=LocalIngestionDAG, task_id=wget, execution_date=20210602T060022, start_date=20220413T212300, end_date=20220413T212301
[2022-04-13 21:23:01,304] {local_task_job.py:154} INFO - Task exited with return code 0
[2022-04-13 21:23:01,564] {local_task_job.py:264} INFO - 1 downstream tasks scheduled from follow-on schedule check
