[2022-04-13 21:23:02,261] {taskinstance.py:1032} INFO - Dependencies all met for <TaskInstance: LocalIngestionDAG.wget scheduled__2021-06-02T06:00:25+00:00 [queued]>
[2022-04-13 21:23:02,335] {taskinstance.py:1032} INFO - Dependencies all met for <TaskInstance: LocalIngestionDAG.wget scheduled__2021-06-02T06:00:25+00:00 [queued]>
[2022-04-13 21:23:02,336] {taskinstance.py:1238} INFO - 
--------------------------------------------------------------------------------
[2022-04-13 21:23:02,342] {taskinstance.py:1239} INFO - Starting attempt 1 of 1
[2022-04-13 21:23:02,344] {taskinstance.py:1240} INFO - 
--------------------------------------------------------------------------------
[2022-04-13 21:23:02,417] {taskinstance.py:1259} INFO - Executing <Task(BashOperator): wget> on 2021-06-02 06:00:25+00:00
[2022-04-13 21:23:02,432] {standard_task_runner.py:52} INFO - Started process 3394 to run task
[2022-04-13 21:23:02,449] {standard_task_runner.py:76} INFO - Running: ['***', 'tasks', 'run', 'LocalIngestionDAG', 'wget', 'scheduled__2021-06-02T06:00:25+00:00', '--job-id', '767', '--raw', '--subdir', 'DAGS_FOLDER/data_ingestion_local.py', '--cfg-path', '/tmp/tmppvh9w9o9', '--error-file', '/tmp/tmp9x6zu6f1']
[2022-04-13 21:23:02,457] {standard_task_runner.py:77} INFO - Job 767: Subtask wget
[2022-04-13 21:23:02,671] {logging_mixin.py:109} INFO - Running <TaskInstance: LocalIngestionDAG.wget scheduled__2021-06-02T06:00:25+00:00 [running]> on host 13db72185839
[2022-04-13 21:23:03,121] {taskinstance.py:1426} INFO - Exporting the following env vars:
AIRFLOW_CTX_DAG_OWNER=***
AIRFLOW_CTX_DAG_ID=LocalIngestionDAG
AIRFLOW_CTX_TASK_ID=wget
AIRFLOW_CTX_EXECUTION_DATE=2021-06-02T06:00:25+00:00
AIRFLOW_CTX_DAG_RUN_ID=scheduled__2021-06-02T06:00:25+00:00
[2022-04-13 21:23:03,134] {subprocess.py:62} INFO - Tmp dir root location: 
 /tmp
[2022-04-13 21:23:03,144] {subprocess.py:74} INFO - Running command: ['bash', '-c', 'echo "hello world"']
[2022-04-13 21:23:03,166] {subprocess.py:85} INFO - Output:
[2022-04-13 21:23:03,174] {subprocess.py:89} INFO - hello world
[2022-04-13 21:23:03,180] {subprocess.py:93} INFO - Command exited with return code 0
[2022-04-13 21:23:03,359] {taskinstance.py:1277} INFO - Marking task as SUCCESS. dag_id=LocalIngestionDAG, task_id=wget, execution_date=20210602T060025, start_date=20220413T212302, end_date=20220413T212303
[2022-04-13 21:23:03,505] {local_task_job.py:154} INFO - Task exited with return code 0
[2022-04-13 21:23:03,642] {local_task_job.py:264} INFO - 1 downstream tasks scheduled from follow-on schedule check
