[2022-04-13 21:24:29,231] {taskinstance.py:1032} INFO - Dependencies all met for <TaskInstance: LocalIngestionDAG.wget scheduled__2021-07-02T06:00:48+00:00 [queued]>
[2022-04-13 21:24:29,280] {taskinstance.py:1032} INFO - Dependencies all met for <TaskInstance: LocalIngestionDAG.wget scheduled__2021-07-02T06:00:48+00:00 [queued]>
[2022-04-13 21:24:29,283] {taskinstance.py:1238} INFO - 
--------------------------------------------------------------------------------
[2022-04-13 21:24:29,303] {taskinstance.py:1239} INFO - Starting attempt 1 of 1
[2022-04-13 21:24:29,304] {taskinstance.py:1240} INFO - 
--------------------------------------------------------------------------------
[2022-04-13 21:24:29,445] {taskinstance.py:1259} INFO - Executing <Task(BashOperator): wget> on 2021-07-02 06:00:48+00:00
[2022-04-13 21:24:29,453] {standard_task_runner.py:52} INFO - Started process 3955 to run task
[2022-04-13 21:24:29,461] {standard_task_runner.py:76} INFO - Running: ['***', 'tasks', 'run', 'LocalIngestionDAG', 'wget', 'scheduled__2021-07-02T06:00:48+00:00', '--job-id', '933', '--raw', '--subdir', 'DAGS_FOLDER/data_ingestion_local.py', '--cfg-path', '/tmp/tmpjgo9n5cu', '--error-file', '/tmp/tmp3bqmpzaw']
[2022-04-13 21:24:29,469] {standard_task_runner.py:77} INFO - Job 933: Subtask wget
[2022-04-13 21:24:29,779] {logging_mixin.py:109} INFO - Running <TaskInstance: LocalIngestionDAG.wget scheduled__2021-07-02T06:00:48+00:00 [running]> on host 13db72185839
[2022-04-13 21:24:30,101] {taskinstance.py:1426} INFO - Exporting the following env vars:
AIRFLOW_CTX_DAG_OWNER=***
AIRFLOW_CTX_DAG_ID=LocalIngestionDAG
AIRFLOW_CTX_TASK_ID=wget
AIRFLOW_CTX_EXECUTION_DATE=2021-07-02T06:00:48+00:00
AIRFLOW_CTX_DAG_RUN_ID=scheduled__2021-07-02T06:00:48+00:00
[2022-04-13 21:24:30,109] {subprocess.py:62} INFO - Tmp dir root location: 
 /tmp
[2022-04-13 21:24:30,113] {subprocess.py:74} INFO - Running command: ['bash', '-c', 'echo "hello world"']
[2022-04-13 21:24:30,140] {subprocess.py:85} INFO - Output:
[2022-04-13 21:24:30,144] {subprocess.py:89} INFO - hello world
[2022-04-13 21:24:30,146] {subprocess.py:93} INFO - Command exited with return code 0
[2022-04-13 21:24:30,390] {taskinstance.py:1277} INFO - Marking task as SUCCESS. dag_id=LocalIngestionDAG, task_id=wget, execution_date=20210702T060048, start_date=20220413T212429, end_date=20220413T212430
[2022-04-13 21:24:30,461] {local_task_job.py:154} INFO - Task exited with return code 0
[2022-04-13 21:24:30,545] {local_task_job.py:264} INFO - 1 downstream tasks scheduled from follow-on schedule check
