[2022-04-13 21:15:39,317] {taskinstance.py:1032} INFO - Dependencies all met for <TaskInstance: LocalIngestionDAG.wget scheduled__2021-01-02T06:00:04+00:00 [queued]>
[2022-04-13 21:15:39,368] {taskinstance.py:1032} INFO - Dependencies all met for <TaskInstance: LocalIngestionDAG.wget scheduled__2021-01-02T06:00:04+00:00 [queued]>
[2022-04-13 21:15:39,372] {taskinstance.py:1238} INFO - 
--------------------------------------------------------------------------------
[2022-04-13 21:15:39,377] {taskinstance.py:1239} INFO - Starting attempt 1 of 1
[2022-04-13 21:15:39,378] {taskinstance.py:1240} INFO - 
--------------------------------------------------------------------------------
[2022-04-13 21:15:39,403] {taskinstance.py:1259} INFO - Executing <Task(BashOperator): wget> on 2021-01-02 06:00:04+00:00
[2022-04-13 21:15:39,425] {standard_task_runner.py:52} INFO - Started process 1073 to run task
[2022-04-13 21:15:39,446] {standard_task_runner.py:76} INFO - Running: ['***', 'tasks', 'run', 'LocalIngestionDAG', 'wget', 'scheduled__2021-01-02T06:00:04+00:00', '--job-id', '124', '--raw', '--subdir', 'DAGS_FOLDER/data_ingestion_local.py', '--cfg-path', '/tmp/tmpdw34dscw', '--error-file', '/tmp/tmp32hgon9l']
[2022-04-13 21:15:39,449] {standard_task_runner.py:77} INFO - Job 124: Subtask wget
[2022-04-13 21:15:39,708] {logging_mixin.py:109} INFO - Running <TaskInstance: LocalIngestionDAG.wget scheduled__2021-01-02T06:00:04+00:00 [running]> on host 13db72185839
[2022-04-13 21:15:39,869] {taskinstance.py:1426} INFO - Exporting the following env vars:
AIRFLOW_CTX_DAG_OWNER=***
AIRFLOW_CTX_DAG_ID=LocalIngestionDAG
AIRFLOW_CTX_TASK_ID=wget
AIRFLOW_CTX_EXECUTION_DATE=2021-01-02T06:00:04+00:00
AIRFLOW_CTX_DAG_RUN_ID=scheduled__2021-01-02T06:00:04+00:00
[2022-04-13 21:15:39,882] {subprocess.py:62} INFO - Tmp dir root location: 
 /tmp
[2022-04-13 21:15:39,894] {subprocess.py:74} INFO - Running command: ['bash', '-c', 'echo "hello world"']
[2022-04-13 21:15:39,915] {subprocess.py:85} INFO - Output:
[2022-04-13 21:15:39,933] {subprocess.py:89} INFO - hello world
[2022-04-13 21:15:39,937] {subprocess.py:93} INFO - Command exited with return code 0
[2022-04-13 21:15:40,048] {taskinstance.py:1277} INFO - Marking task as SUCCESS. dag_id=LocalIngestionDAG, task_id=wget, execution_date=20210102T060004, start_date=20220413T211539, end_date=20220413T211540
[2022-04-13 21:15:40,125] {local_task_job.py:154} INFO - Task exited with return code 0
[2022-04-13 21:15:40,426] {local_task_job.py:264} INFO - 0 downstream tasks scheduled from follow-on schedule check
