[2022-04-13 21:18:03,364] {taskinstance.py:1032} INFO - Dependencies all met for <TaskInstance: LocalIngestionDAG.wget scheduled__2021-03-02T06:00:50+00:00 [queued]>
[2022-04-13 21:18:03,414] {taskinstance.py:1032} INFO - Dependencies all met for <TaskInstance: LocalIngestionDAG.wget scheduled__2021-03-02T06:00:50+00:00 [queued]>
[2022-04-13 21:18:03,416] {taskinstance.py:1238} INFO - 
--------------------------------------------------------------------------------
[2022-04-13 21:18:03,425] {taskinstance.py:1239} INFO - Starting attempt 1 of 1
[2022-04-13 21:18:03,430] {taskinstance.py:1240} INFO - 
--------------------------------------------------------------------------------
[2022-04-13 21:18:03,498] {taskinstance.py:1259} INFO - Executing <Task(BashOperator): wget> on 2021-03-02 06:00:50+00:00
[2022-04-13 21:18:03,514] {standard_task_runner.py:52} INFO - Started process 2206 to run task
[2022-04-13 21:18:03,536] {standard_task_runner.py:76} INFO - Running: ['***', 'tasks', 'run', 'LocalIngestionDAG', 'wget', 'scheduled__2021-03-02T06:00:50+00:00', '--job-id', '459', '--raw', '--subdir', 'DAGS_FOLDER/data_ingestion_local.py', '--cfg-path', '/tmp/tmpek8mh9f4', '--error-file', '/tmp/tmp2r8kdjk8']
[2022-04-13 21:18:03,549] {standard_task_runner.py:77} INFO - Job 459: Subtask wget
[2022-04-13 21:18:03,809] {logging_mixin.py:109} INFO - Running <TaskInstance: LocalIngestionDAG.wget scheduled__2021-03-02T06:00:50+00:00 [running]> on host 13db72185839
[2022-04-13 21:18:04,039] {taskinstance.py:1426} INFO - Exporting the following env vars:
AIRFLOW_CTX_DAG_OWNER=***
AIRFLOW_CTX_DAG_ID=LocalIngestionDAG
AIRFLOW_CTX_TASK_ID=wget
AIRFLOW_CTX_EXECUTION_DATE=2021-03-02T06:00:50+00:00
AIRFLOW_CTX_DAG_RUN_ID=scheduled__2021-03-02T06:00:50+00:00
[2022-04-13 21:18:04,041] {subprocess.py:62} INFO - Tmp dir root location: 
 /tmp
[2022-04-13 21:18:04,043] {subprocess.py:74} INFO - Running command: ['bash', '-c', 'echo "hello world"']
[2022-04-13 21:18:04,060] {subprocess.py:85} INFO - Output:
[2022-04-13 21:18:04,063] {subprocess.py:89} INFO - hello world
[2022-04-13 21:18:04,064] {subprocess.py:93} INFO - Command exited with return code 0
[2022-04-13 21:18:04,154] {taskinstance.py:1277} INFO - Marking task as SUCCESS. dag_id=LocalIngestionDAG, task_id=wget, execution_date=20210302T060050, start_date=20220413T211803, end_date=20220413T211804
[2022-04-13 21:18:04,229] {local_task_job.py:154} INFO - Task exited with return code 0
[2022-04-13 21:18:04,373] {local_task_job.py:264} INFO - 0 downstream tasks scheduled from follow-on schedule check
