[2022-04-13 22:36:25,749] {taskinstance.py:1032} INFO - Dependencies all met for <TaskInstance: LocalIngestionDAG.wget scheduled__2022-04-02T06:00:43+00:00 [queued]>
[2022-04-13 22:36:25,782] {taskinstance.py:1032} INFO - Dependencies all met for <TaskInstance: LocalIngestionDAG.wget scheduled__2022-04-02T06:00:43+00:00 [queued]>
[2022-04-13 22:36:25,784] {taskinstance.py:1238} INFO - 
--------------------------------------------------------------------------------
[2022-04-13 22:36:25,786] {taskinstance.py:1239} INFO - Starting attempt 1 of 1
[2022-04-13 22:36:25,787] {taskinstance.py:1240} INFO - 
--------------------------------------------------------------------------------
[2022-04-13 22:36:25,832] {taskinstance.py:1259} INFO - Executing <Task(BashOperator): wget> on 2022-04-02 06:00:43+00:00
[2022-04-13 22:36:25,840] {standard_task_runner.py:52} INFO - Started process 11422 to run task
[2022-04-13 22:36:25,854] {standard_task_runner.py:76} INFO - Running: ['***', 'tasks', 'run', 'LocalIngestionDAG', 'wget', 'scheduled__2022-04-02T06:00:43+00:00', '--job-id', '1975', '--raw', '--subdir', 'DAGS_FOLDER/data_ingestion_local.py', '--cfg-path', '/tmp/tmpqdhazhno', '--error-file', '/tmp/tmp9wqpgbwc']
[2022-04-13 22:36:25,857] {standard_task_runner.py:77} INFO - Job 1975: Subtask wget
[2022-04-13 22:36:26,001] {logging_mixin.py:109} INFO - Running <TaskInstance: LocalIngestionDAG.wget scheduled__2022-04-02T06:00:43+00:00 [running]> on host 13db72185839
[2022-04-13 22:36:26,134] {logging_mixin.py:109} WARNING - /home/***/.local/lib/python3.7/site-packages/***/utils/context.py:152 AirflowContextDeprecationWarning: Accessing 'execution_date' from the template is deprecated and will be removed in a future version. Please use 'data_interval_start' or 'logical_date' instead.
[2022-04-13 22:36:26,238] {taskinstance.py:1426} INFO - Exporting the following env vars:
AIRFLOW_CTX_DAG_OWNER=***
AIRFLOW_CTX_DAG_ID=LocalIngestionDAG
AIRFLOW_CTX_TASK_ID=wget
AIRFLOW_CTX_EXECUTION_DATE=2022-04-02T06:00:43+00:00
AIRFLOW_CTX_DAG_RUN_ID=scheduled__2022-04-02T06:00:43+00:00
[2022-04-13 22:36:26,251] {subprocess.py:62} INFO - Tmp dir root location: 
 /tmp
[2022-04-13 22:36:26,262] {subprocess.py:74} INFO - Running command: ['bash', '-c', 'curl -sSL https://s3.amazonaws.com/nyc-tlc/trip+data/yellow_tripdata_2022-04.csv > /opt/***/output_2022-04.csv']
[2022-04-13 22:36:26,301] {subprocess.py:85} INFO - Output:
[2022-04-13 22:36:27,676] {subprocess.py:93} INFO - Command exited with return code 0
[2022-04-13 22:36:27,755] {taskinstance.py:1277} INFO - Marking task as SUCCESS. dag_id=LocalIngestionDAG, task_id=wget, execution_date=20220402T060043, start_date=20220413T223625, end_date=20220413T223627
[2022-04-13 22:36:27,852] {local_task_job.py:154} INFO - Task exited with return code 0
[2022-04-13 22:36:27,939] {local_task_job.py:264} INFO - 1 downstream tasks scheduled from follow-on schedule check
