[2022-04-14 01:31:04,806] {taskinstance.py:1032} INFO - Dependencies all met for <TaskInstance: LocalIngestionDAG.wget scheduled__2021-02-02T06:00:55+00:00 [queued]>
[2022-04-14 01:31:04,821] {taskinstance.py:1032} INFO - Dependencies all met for <TaskInstance: LocalIngestionDAG.wget scheduled__2021-02-02T06:00:55+00:00 [queued]>
[2022-04-14 01:31:04,822] {taskinstance.py:1238} INFO - 
--------------------------------------------------------------------------------
[2022-04-14 01:31:04,823] {taskinstance.py:1239} INFO - Starting attempt 2 of 2
[2022-04-14 01:31:04,824] {taskinstance.py:1240} INFO - 
--------------------------------------------------------------------------------
[2022-04-14 01:31:04,843] {taskinstance.py:1259} INFO - Executing <Task(BashOperator): wget> on 2021-02-02 06:00:55+00:00
[2022-04-14 01:31:04,850] {standard_task_runner.py:52} INFO - Started process 2943 to run task
[2022-04-14 01:31:04,857] {standard_task_runner.py:76} INFO - Running: ['***', 'tasks', 'run', 'LocalIngestionDAG', 'wget', 'scheduled__2021-02-02T06:00:55+00:00', '--job-id', '2025', '--raw', '--subdir', 'DAGS_FOLDER/data_ingestion_local.py', '--cfg-path', '/tmp/tmpf7hmoaic', '--error-file', '/tmp/tmpj_ee04qv']
[2022-04-14 01:31:04,858] {standard_task_runner.py:77} INFO - Job 2025: Subtask wget
[2022-04-14 01:31:04,938] {logging_mixin.py:109} INFO - Running <TaskInstance: LocalIngestionDAG.wget scheduled__2021-02-02T06:00:55+00:00 [running]> on host f13cd06666dc
[2022-04-14 01:31:05,027] {logging_mixin.py:109} WARNING - /home/***/.local/lib/python3.7/site-packages/***/utils/context.py:152 AirflowContextDeprecationWarning: Accessing 'execution_date' from the template is deprecated and will be removed in a future version. Please use 'data_interval_start' or 'logical_date' instead.
[2022-04-14 01:31:05,049] {taskinstance.py:1426} INFO - Exporting the following env vars:
AIRFLOW_CTX_DAG_OWNER=***
AIRFLOW_CTX_DAG_ID=LocalIngestionDAG
AIRFLOW_CTX_TASK_ID=wget
AIRFLOW_CTX_EXECUTION_DATE=2021-02-02T06:00:55+00:00
AIRFLOW_CTX_DAG_RUN_ID=scheduled__2021-02-02T06:00:55+00:00
[2022-04-14 01:31:05,050] {subprocess.py:62} INFO - Tmp dir root location: 
 /tmp
[2022-04-14 01:31:05,051] {subprocess.py:74} INFO - Running command: ['bash', '-c', 'curl -sSL https://s3.amazonaws.com/nyc-tlc/trip+data/yellow_tripdata_2021-02.csv > /opt/***/output_2021-02.csv']
[2022-04-14 01:31:05,063] {subprocess.py:85} INFO - Output:
[2022-04-14 01:35:25,076] {subprocess.py:93} INFO - Command exited with return code 0
[2022-04-14 01:35:25,135] {taskinstance.py:1277} INFO - Marking task as SUCCESS. dag_id=LocalIngestionDAG, task_id=wget, execution_date=20210202T060055, start_date=20220414T013104, end_date=20220414T013525
[2022-04-14 01:35:25,187] {local_task_job.py:154} INFO - Task exited with return code 0
[2022-04-14 01:35:25,229] {local_task_job.py:264} INFO - 1 downstream tasks scheduled from follow-on schedule check
