[2022-04-13 21:17:53,256] {taskinstance.py:1032} INFO - Dependencies all met for <TaskInstance: LocalIngestionDAG.wget scheduled__2021-03-02T06:00:38+00:00 [queued]>
[2022-04-13 21:17:53,293] {taskinstance.py:1032} INFO - Dependencies all met for <TaskInstance: LocalIngestionDAG.wget scheduled__2021-03-02T06:00:38+00:00 [queued]>
[2022-04-13 21:17:53,294] {taskinstance.py:1238} INFO - 
--------------------------------------------------------------------------------
[2022-04-13 21:17:53,295] {taskinstance.py:1239} INFO - Starting attempt 1 of 1
[2022-04-13 21:17:53,296] {taskinstance.py:1240} INFO - 
--------------------------------------------------------------------------------
[2022-04-13 21:17:53,326] {taskinstance.py:1259} INFO - Executing <Task(BashOperator): wget> on 2021-03-02 06:00:38+00:00
[2022-04-13 21:17:53,335] {standard_task_runner.py:52} INFO - Started process 2122 to run task
[2022-04-13 21:17:53,346] {standard_task_runner.py:76} INFO - Running: ['***', 'tasks', 'run', 'LocalIngestionDAG', 'wget', 'scheduled__2021-03-02T06:00:38+00:00', '--job-id', '433', '--raw', '--subdir', 'DAGS_FOLDER/data_ingestion_local.py', '--cfg-path', '/tmp/tmpd0z3au29', '--error-file', '/tmp/tmpm2gsaaw7']
[2022-04-13 21:17:53,349] {standard_task_runner.py:77} INFO - Job 433: Subtask wget
[2022-04-13 21:17:53,467] {logging_mixin.py:109} INFO - Running <TaskInstance: LocalIngestionDAG.wget scheduled__2021-03-02T06:00:38+00:00 [running]> on host 13db72185839
[2022-04-13 21:17:53,648] {taskinstance.py:1426} INFO - Exporting the following env vars:
AIRFLOW_CTX_DAG_OWNER=***
AIRFLOW_CTX_DAG_ID=LocalIngestionDAG
AIRFLOW_CTX_TASK_ID=wget
AIRFLOW_CTX_EXECUTION_DATE=2021-03-02T06:00:38+00:00
AIRFLOW_CTX_DAG_RUN_ID=scheduled__2021-03-02T06:00:38+00:00
[2022-04-13 21:17:53,652] {subprocess.py:62} INFO - Tmp dir root location: 
 /tmp
[2022-04-13 21:17:53,653] {subprocess.py:74} INFO - Running command: ['bash', '-c', 'echo "hello world"']
[2022-04-13 21:17:53,686] {subprocess.py:85} INFO - Output:
[2022-04-13 21:17:53,700] {subprocess.py:89} INFO - hello world
[2022-04-13 21:17:53,712] {subprocess.py:93} INFO - Command exited with return code 0
[2022-04-13 21:17:53,785] {taskinstance.py:1277} INFO - Marking task as SUCCESS. dag_id=LocalIngestionDAG, task_id=wget, execution_date=20210302T060038, start_date=20220413T211753, end_date=20220413T211753
[2022-04-13 21:17:53,846] {local_task_job.py:154} INFO - Task exited with return code 0
[2022-04-13 21:17:54,036] {local_task_job.py:264} INFO - 0 downstream tasks scheduled from follow-on schedule check
