[2022-04-13 22:35:55,354] {taskinstance.py:1032} INFO - Dependencies all met for <TaskInstance: LocalIngestionDAG.wget scheduled__2022-04-02T06:00:20+00:00 [queued]>
[2022-04-13 22:35:55,421] {taskinstance.py:1032} INFO - Dependencies all met for <TaskInstance: LocalIngestionDAG.wget scheduled__2022-04-02T06:00:20+00:00 [queued]>
[2022-04-13 22:35:55,424] {taskinstance.py:1238} INFO - 
--------------------------------------------------------------------------------
[2022-04-13 22:35:55,426] {taskinstance.py:1239} INFO - Starting attempt 1 of 1
[2022-04-13 22:35:55,429] {taskinstance.py:1240} INFO - 
--------------------------------------------------------------------------------
[2022-04-13 22:35:55,474] {taskinstance.py:1259} INFO - Executing <Task(BashOperator): wget> on 2022-04-02 06:00:20+00:00
[2022-04-13 22:35:55,498] {standard_task_runner.py:52} INFO - Started process 11211 to run task
[2022-04-13 22:35:55,531] {standard_task_runner.py:76} INFO - Running: ['***', 'tasks', 'run', 'LocalIngestionDAG', 'wget', 'scheduled__2022-04-02T06:00:20+00:00', '--job-id', '1927', '--raw', '--subdir', 'DAGS_FOLDER/data_ingestion_local.py', '--cfg-path', '/tmp/tmpmxr2hvvm', '--error-file', '/tmp/tmppdr0je49']
[2022-04-13 22:35:55,534] {standard_task_runner.py:77} INFO - Job 1927: Subtask wget
[2022-04-13 22:35:55,864] {logging_mixin.py:109} INFO - Running <TaskInstance: LocalIngestionDAG.wget scheduled__2022-04-02T06:00:20+00:00 [running]> on host 13db72185839
[2022-04-13 22:35:56,159] {logging_mixin.py:109} WARNING - /home/***/.local/lib/python3.7/site-packages/***/utils/context.py:152 AirflowContextDeprecationWarning: Accessing 'execution_date' from the template is deprecated and will be removed in a future version. Please use 'data_interval_start' or 'logical_date' instead.
[2022-04-13 22:35:56,275] {taskinstance.py:1426} INFO - Exporting the following env vars:
AIRFLOW_CTX_DAG_OWNER=***
AIRFLOW_CTX_DAG_ID=LocalIngestionDAG
AIRFLOW_CTX_TASK_ID=wget
AIRFLOW_CTX_EXECUTION_DATE=2022-04-02T06:00:20+00:00
AIRFLOW_CTX_DAG_RUN_ID=scheduled__2022-04-02T06:00:20+00:00
[2022-04-13 22:35:56,278] {subprocess.py:62} INFO - Tmp dir root location: 
 /tmp
[2022-04-13 22:35:56,286] {subprocess.py:74} INFO - Running command: ['bash', '-c', 'curl -sSL https://s3.amazonaws.com/nyc-tlc/trip+data/yellow_tripdata_2022-04.csv > /opt/***/output_2022-04.csv']
[2022-04-13 22:35:56,328] {subprocess.py:85} INFO - Output:
[2022-04-13 22:35:57,543] {subprocess.py:93} INFO - Command exited with return code 0
[2022-04-13 22:35:57,620] {taskinstance.py:1277} INFO - Marking task as SUCCESS. dag_id=LocalIngestionDAG, task_id=wget, execution_date=20220402T060020, start_date=20220413T223555, end_date=20220413T223557
[2022-04-13 22:35:57,686] {local_task_job.py:154} INFO - Task exited with return code 0
[2022-04-13 22:35:57,952] {local_task_job.py:264} INFO - 0 downstream tasks scheduled from follow-on schedule check
