[2022-04-13 22:35:02,301] {taskinstance.py:1032} INFO - Dependencies all met for <TaskInstance: LocalIngestionDAG.wget scheduled__2022-03-02T06:00:26+00:00 [queued]>
[2022-04-13 22:35:02,333] {taskinstance.py:1032} INFO - Dependencies all met for <TaskInstance: LocalIngestionDAG.wget scheduled__2022-03-02T06:00:26+00:00 [queued]>
[2022-04-13 22:35:02,334] {taskinstance.py:1238} INFO - 
--------------------------------------------------------------------------------
[2022-04-13 22:35:02,335] {taskinstance.py:1239} INFO - Starting attempt 1 of 1
[2022-04-13 22:35:02,336] {taskinstance.py:1240} INFO - 
--------------------------------------------------------------------------------
[2022-04-13 22:35:02,375] {taskinstance.py:1259} INFO - Executing <Task(BashOperator): wget> on 2022-03-02 06:00:26+00:00
[2022-04-13 22:35:02,382] {standard_task_runner.py:52} INFO - Started process 10741 to run task
[2022-04-13 22:35:02,388] {standard_task_runner.py:76} INFO - Running: ['***', 'tasks', 'run', 'LocalIngestionDAG', 'wget', 'scheduled__2022-03-02T06:00:26+00:00', '--job-id', '1823', '--raw', '--subdir', 'DAGS_FOLDER/data_ingestion_local.py', '--cfg-path', '/tmp/tmp8mqgu18k', '--error-file', '/tmp/tmpo2wn4kra']
[2022-04-13 22:35:02,392] {standard_task_runner.py:77} INFO - Job 1823: Subtask wget
[2022-04-13 22:35:02,499] {logging_mixin.py:109} INFO - Running <TaskInstance: LocalIngestionDAG.wget scheduled__2022-03-02T06:00:26+00:00 [running]> on host 13db72185839
[2022-04-13 22:35:02,588] {logging_mixin.py:109} WARNING - /home/***/.local/lib/python3.7/site-packages/***/utils/context.py:152 AirflowContextDeprecationWarning: Accessing 'execution_date' from the template is deprecated and will be removed in a future version. Please use 'data_interval_start' or 'logical_date' instead.
[2022-04-13 22:35:02,629] {taskinstance.py:1426} INFO - Exporting the following env vars:
AIRFLOW_CTX_DAG_OWNER=***
AIRFLOW_CTX_DAG_ID=LocalIngestionDAG
AIRFLOW_CTX_TASK_ID=wget
AIRFLOW_CTX_EXECUTION_DATE=2022-03-02T06:00:26+00:00
AIRFLOW_CTX_DAG_RUN_ID=scheduled__2022-03-02T06:00:26+00:00
[2022-04-13 22:35:02,631] {subprocess.py:62} INFO - Tmp dir root location: 
 /tmp
[2022-04-13 22:35:02,632] {subprocess.py:74} INFO - Running command: ['bash', '-c', 'curl -sSL https://s3.amazonaws.com/nyc-tlc/trip+data/yellow_tripdata_2022-03.csv > /opt/***/output.csv']
[2022-04-13 22:35:02,648] {subprocess.py:85} INFO - Output:
[2022-04-13 22:35:04,187] {subprocess.py:93} INFO - Command exited with return code 0
[2022-04-13 22:35:04,455] {taskinstance.py:1277} INFO - Marking task as SUCCESS. dag_id=LocalIngestionDAG, task_id=wget, execution_date=20220302T060026, start_date=20220413T223502, end_date=20220413T223504
[2022-04-13 22:35:04,546] {local_task_job.py:154} INFO - Task exited with return code 0
[2022-04-13 22:35:04,693] {local_task_job.py:264} INFO - 1 downstream tasks scheduled from follow-on schedule check
