[2022-04-13 21:17:43,899] {taskinstance.py:1032} INFO - Dependencies all met for <TaskInstance: LocalIngestionDAG.wget scheduled__2021-03-02T06:00:25+00:00 [queued]>
[2022-04-13 21:17:43,918] {taskinstance.py:1032} INFO - Dependencies all met for <TaskInstance: LocalIngestionDAG.wget scheduled__2021-03-02T06:00:25+00:00 [queued]>
[2022-04-13 21:17:43,918] {taskinstance.py:1238} INFO - 
--------------------------------------------------------------------------------
[2022-04-13 21:17:43,919] {taskinstance.py:1239} INFO - Starting attempt 1 of 1
[2022-04-13 21:17:43,919] {taskinstance.py:1240} INFO - 
--------------------------------------------------------------------------------
[2022-04-13 21:17:43,949] {taskinstance.py:1259} INFO - Executing <Task(BashOperator): wget> on 2021-03-02 06:00:25+00:00
[2022-04-13 21:17:43,955] {standard_task_runner.py:52} INFO - Started process 2055 to run task
[2022-04-13 21:17:43,962] {standard_task_runner.py:76} INFO - Running: ['***', 'tasks', 'run', 'LocalIngestionDAG', 'wget', 'scheduled__2021-03-02T06:00:25+00:00', '--job-id', '411', '--raw', '--subdir', 'DAGS_FOLDER/data_ingestion_local.py', '--cfg-path', '/tmp/tmpovgam9v0', '--error-file', '/tmp/tmpi7pnwlwg']
[2022-04-13 21:17:43,965] {standard_task_runner.py:77} INFO - Job 411: Subtask wget
[2022-04-13 21:17:44,089] {logging_mixin.py:109} INFO - Running <TaskInstance: LocalIngestionDAG.wget scheduled__2021-03-02T06:00:25+00:00 [running]> on host 13db72185839
[2022-04-13 21:17:44,212] {taskinstance.py:1426} INFO - Exporting the following env vars:
AIRFLOW_CTX_DAG_OWNER=***
AIRFLOW_CTX_DAG_ID=LocalIngestionDAG
AIRFLOW_CTX_TASK_ID=wget
AIRFLOW_CTX_EXECUTION_DATE=2021-03-02T06:00:25+00:00
AIRFLOW_CTX_DAG_RUN_ID=scheduled__2021-03-02T06:00:25+00:00
[2022-04-13 21:17:44,215] {subprocess.py:62} INFO - Tmp dir root location: 
 /tmp
[2022-04-13 21:17:44,216] {subprocess.py:74} INFO - Running command: ['bash', '-c', 'echo "hello world"']
[2022-04-13 21:17:44,245] {subprocess.py:85} INFO - Output:
[2022-04-13 21:17:44,251] {subprocess.py:89} INFO - hello world
[2022-04-13 21:17:44,255] {subprocess.py:93} INFO - Command exited with return code 0
[2022-04-13 21:17:44,332] {taskinstance.py:1277} INFO - Marking task as SUCCESS. dag_id=LocalIngestionDAG, task_id=wget, execution_date=20210302T060025, start_date=20220413T211743, end_date=20220413T211744
[2022-04-13 21:17:44,417] {local_task_job.py:154} INFO - Task exited with return code 0
[2022-04-13 21:17:44,591] {local_task_job.py:264} INFO - 0 downstream tasks scheduled from follow-on schedule check
