[2022-04-13 22:18:44,213] {taskinstance.py:1032} INFO - Dependencies all met for <TaskInstance: LocalIngestionDAG.ingest scheduled__2021-11-02T06:00:42+00:00 [queued]>
[2022-04-13 22:18:44,237] {taskinstance.py:1032} INFO - Dependencies all met for <TaskInstance: LocalIngestionDAG.ingest scheduled__2021-11-02T06:00:42+00:00 [queued]>
[2022-04-13 22:18:44,238] {taskinstance.py:1238} INFO - 
--------------------------------------------------------------------------------
[2022-04-13 22:18:44,238] {taskinstance.py:1239} INFO - Starting attempt 1 of 1
[2022-04-13 22:18:44,239] {taskinstance.py:1240} INFO - 
--------------------------------------------------------------------------------
[2022-04-13 22:18:44,264] {taskinstance.py:1259} INFO - Executing <Task(BashOperator): ingest> on 2021-11-02 06:00:42+00:00
[2022-04-13 22:18:44,269] {standard_task_runner.py:52} INFO - Started process 8288 to run task
[2022-04-13 22:18:44,274] {standard_task_runner.py:76} INFO - Running: ['***', 'tasks', 'run', 'LocalIngestionDAG', 'ingest', 'scheduled__2021-11-02T06:00:42+00:00', '--job-id', '1392', '--raw', '--subdir', 'DAGS_FOLDER/data_ingestion_local.py', '--cfg-path', '/tmp/tmps0wf6zdj', '--error-file', '/tmp/tmp8jndmvtf']
[2022-04-13 22:18:44,276] {standard_task_runner.py:77} INFO - Job 1392: Subtask ingest
[2022-04-13 22:18:44,375] {logging_mixin.py:109} INFO - Running <TaskInstance: LocalIngestionDAG.ingest scheduled__2021-11-02T06:00:42+00:00 [running]> on host 13db72185839
[2022-04-13 22:18:44,471] {taskinstance.py:1426} INFO - Exporting the following env vars:
AIRFLOW_CTX_DAG_OWNER=***
AIRFLOW_CTX_DAG_ID=LocalIngestionDAG
AIRFLOW_CTX_TASK_ID=ingest
AIRFLOW_CTX_EXECUTION_DATE=2021-11-02T06:00:42+00:00
AIRFLOW_CTX_DAG_RUN_ID=scheduled__2021-11-02T06:00:42+00:00
[2022-04-13 22:18:44,473] {subprocess.py:62} INFO - Tmp dir root location: 
 /tmp
[2022-04-13 22:18:44,475] {subprocess.py:74} INFO - Running command: ['bash', '-c', 'ls /opt/***']
[2022-04-13 22:18:44,484] {subprocess.py:85} INFO - Output:
[2022-04-13 22:18:44,490] {subprocess.py:89} INFO - ***.cfg
[2022-04-13 22:18:44,491] {subprocess.py:89} INFO - dags
[2022-04-13 22:18:44,491] {subprocess.py:89} INFO - logs
[2022-04-13 22:18:44,491] {subprocess.py:89} INFO - output.csv
[2022-04-13 22:18:44,492] {subprocess.py:89} INFO - plugins
[2022-04-13 22:18:44,492] {subprocess.py:89} INFO - requirements.txt
[2022-04-13 22:18:44,492] {subprocess.py:89} INFO - scripts
[2022-04-13 22:18:44,493] {subprocess.py:89} INFO - webserver_config.py
[2022-04-13 22:18:44,494] {subprocess.py:93} INFO - Command exited with return code 0
[2022-04-13 22:18:44,533] {taskinstance.py:1277} INFO - Marking task as SUCCESS. dag_id=LocalIngestionDAG, task_id=ingest, execution_date=20211102T060042, start_date=20220413T221844, end_date=20220413T221844
[2022-04-13 22:18:44,566] {local_task_job.py:154} INFO - Task exited with return code 0
[2022-04-13 22:18:44,606] {local_task_job.py:264} INFO - 0 downstream tasks scheduled from follow-on schedule check
