[2022-04-13 21:22:12,253] {taskinstance.py:1032} INFO - Dependencies all met for <TaskInstance: LocalIngestionDAG.ingest scheduled__2021-05-02T06:00:32+00:00 [queued]>
[2022-04-13 21:22:12,318] {taskinstance.py:1032} INFO - Dependencies all met for <TaskInstance: LocalIngestionDAG.ingest scheduled__2021-05-02T06:00:32+00:00 [queued]>
[2022-04-13 21:22:12,320] {taskinstance.py:1238} INFO - 
--------------------------------------------------------------------------------
[2022-04-13 21:22:12,325] {taskinstance.py:1239} INFO - Starting attempt 1 of 1
[2022-04-13 21:22:12,327] {taskinstance.py:1240} INFO - 
--------------------------------------------------------------------------------
[2022-04-13 21:22:12,380] {taskinstance.py:1259} INFO - Executing <Task(BashOperator): ingest> on 2021-05-02 06:00:32+00:00
[2022-04-13 21:22:12,388] {standard_task_runner.py:52} INFO - Started process 3062 to run task
[2022-04-13 21:22:12,399] {standard_task_runner.py:76} INFO - Running: ['***', 'tasks', 'run', 'LocalIngestionDAG', 'ingest', 'scheduled__2021-05-02T06:00:32+00:00', '--job-id', '670', '--raw', '--subdir', 'DAGS_FOLDER/data_ingestion_local.py', '--cfg-path', '/tmp/tmp5vu2qh2q', '--error-file', '/tmp/tmpcbiyh9ks']
[2022-04-13 21:22:12,404] {standard_task_runner.py:77} INFO - Job 670: Subtask ingest
[2022-04-13 21:22:12,578] {logging_mixin.py:109} INFO - Running <TaskInstance: LocalIngestionDAG.ingest scheduled__2021-05-02T06:00:32+00:00 [running]> on host 13db72185839
[2022-04-13 21:22:12,785] {taskinstance.py:1426} INFO - Exporting the following env vars:
AIRFLOW_CTX_DAG_OWNER=***
AIRFLOW_CTX_DAG_ID=LocalIngestionDAG
AIRFLOW_CTX_TASK_ID=ingest
AIRFLOW_CTX_EXECUTION_DATE=2021-05-02T06:00:32+00:00
AIRFLOW_CTX_DAG_RUN_ID=scheduled__2021-05-02T06:00:32+00:00
[2022-04-13 21:22:12,795] {subprocess.py:62} INFO - Tmp dir root location: 
 /tmp
[2022-04-13 21:22:12,800] {subprocess.py:74} INFO - Running command: ['bash', '-c', 'pwd']
[2022-04-13 21:22:12,817] {subprocess.py:85} INFO - Output:
[2022-04-13 21:22:12,820] {subprocess.py:89} INFO - /tmp/***tmpk561ndar
[2022-04-13 21:22:12,822] {subprocess.py:93} INFO - Command exited with return code 0
[2022-04-13 21:22:12,954] {taskinstance.py:1277} INFO - Marking task as SUCCESS. dag_id=LocalIngestionDAG, task_id=ingest, execution_date=20210502T060032, start_date=20220413T212212, end_date=20220413T212212
[2022-04-13 21:22:13,032] {local_task_job.py:154} INFO - Task exited with return code 0
[2022-04-13 21:22:13,140] {local_task_job.py:264} INFO - 0 downstream tasks scheduled from follow-on schedule check
