[2022-04-13 21:16:55,904] {taskinstance.py:1032} INFO - Dependencies all met for <TaskInstance: LocalIngestionDAG.ingest scheduled__2021-02-02T06:00:33+00:00 [queued]>
[2022-04-13 21:16:55,921] {taskinstance.py:1032} INFO - Dependencies all met for <TaskInstance: LocalIngestionDAG.ingest scheduled__2021-02-02T06:00:33+00:00 [queued]>
[2022-04-13 21:16:55,922] {taskinstance.py:1238} INFO - 
--------------------------------------------------------------------------------
[2022-04-13 21:16:55,923] {taskinstance.py:1239} INFO - Starting attempt 1 of 1
[2022-04-13 21:16:55,923] {taskinstance.py:1240} INFO - 
--------------------------------------------------------------------------------
[2022-04-13 21:16:55,944] {taskinstance.py:1259} INFO - Executing <Task(BashOperator): ingest> on 2021-02-02 06:00:33+00:00
[2022-04-13 21:16:55,948] {standard_task_runner.py:52} INFO - Started process 1695 to run task
[2022-04-13 21:16:55,953] {standard_task_runner.py:76} INFO - Running: ['***', 'tasks', 'run', 'LocalIngestionDAG', 'ingest', 'scheduled__2021-02-02T06:00:33+00:00', '--job-id', '309', '--raw', '--subdir', 'DAGS_FOLDER/data_ingestion_local.py', '--cfg-path', '/tmp/tmpcnye51w0', '--error-file', '/tmp/tmpju_asm8s']
[2022-04-13 21:16:55,955] {standard_task_runner.py:77} INFO - Job 309: Subtask ingest
[2022-04-13 21:16:56,044] {logging_mixin.py:109} INFO - Running <TaskInstance: LocalIngestionDAG.ingest scheduled__2021-02-02T06:00:33+00:00 [running]> on host 13db72185839
[2022-04-13 21:16:56,115] {taskinstance.py:1426} INFO - Exporting the following env vars:
AIRFLOW_CTX_DAG_OWNER=***
AIRFLOW_CTX_DAG_ID=LocalIngestionDAG
AIRFLOW_CTX_TASK_ID=ingest
AIRFLOW_CTX_EXECUTION_DATE=2021-02-02T06:00:33+00:00
AIRFLOW_CTX_DAG_RUN_ID=scheduled__2021-02-02T06:00:33+00:00
[2022-04-13 21:16:56,116] {subprocess.py:62} INFO - Tmp dir root location: 
 /tmp
[2022-04-13 21:16:56,117] {subprocess.py:74} INFO - Running command: ['bash', '-c', 'pwd']
[2022-04-13 21:16:56,126] {subprocess.py:85} INFO - Output:
[2022-04-13 21:16:56,127] {subprocess.py:89} INFO - /tmp/***tmpsr63ar14
[2022-04-13 21:16:56,128] {subprocess.py:93} INFO - Command exited with return code 0
[2022-04-13 21:16:56,156] {taskinstance.py:1277} INFO - Marking task as SUCCESS. dag_id=LocalIngestionDAG, task_id=ingest, execution_date=20210202T060033, start_date=20220413T211655, end_date=20220413T211656
[2022-04-13 21:16:56,205] {local_task_job.py:154} INFO - Task exited with return code 0
[2022-04-13 21:16:56,242] {local_task_job.py:264} INFO - 0 downstream tasks scheduled from follow-on schedule check
