[2022-04-13 21:24:27,385] {taskinstance.py:1032} INFO - Dependencies all met for <TaskInstance: LocalIngestionDAG.wget scheduled__2021-07-02T06:00:46+00:00 [queued]>
[2022-04-13 21:24:27,424] {taskinstance.py:1032} INFO - Dependencies all met for <TaskInstance: LocalIngestionDAG.wget scheduled__2021-07-02T06:00:46+00:00 [queued]>
[2022-04-13 21:24:27,427] {taskinstance.py:1238} INFO - 
--------------------------------------------------------------------------------
[2022-04-13 21:24:27,428] {taskinstance.py:1239} INFO - Starting attempt 1 of 1
[2022-04-13 21:24:27,429] {taskinstance.py:1240} INFO - 
--------------------------------------------------------------------------------
[2022-04-13 21:24:27,483] {taskinstance.py:1259} INFO - Executing <Task(BashOperator): wget> on 2021-07-02 06:00:46+00:00
[2022-04-13 21:24:27,492] {standard_task_runner.py:52} INFO - Started process 3942 to run task
[2022-04-13 21:24:27,503] {standard_task_runner.py:76} INFO - Running: ['***', 'tasks', 'run', 'LocalIngestionDAG', 'wget', 'scheduled__2021-07-02T06:00:46+00:00', '--job-id', '929', '--raw', '--subdir', 'DAGS_FOLDER/data_ingestion_local.py', '--cfg-path', '/tmp/tmpxn9w21c5', '--error-file', '/tmp/tmpxvw6mxpk']
[2022-04-13 21:24:27,511] {standard_task_runner.py:77} INFO - Job 929: Subtask wget
[2022-04-13 21:24:27,750] {logging_mixin.py:109} INFO - Running <TaskInstance: LocalIngestionDAG.wget scheduled__2021-07-02T06:00:46+00:00 [running]> on host 13db72185839
[2022-04-13 21:24:27,947] {taskinstance.py:1426} INFO - Exporting the following env vars:
AIRFLOW_CTX_DAG_OWNER=***
AIRFLOW_CTX_DAG_ID=LocalIngestionDAG
AIRFLOW_CTX_TASK_ID=wget
AIRFLOW_CTX_EXECUTION_DATE=2021-07-02T06:00:46+00:00
AIRFLOW_CTX_DAG_RUN_ID=scheduled__2021-07-02T06:00:46+00:00
[2022-04-13 21:24:27,966] {subprocess.py:62} INFO - Tmp dir root location: 
 /tmp
[2022-04-13 21:24:27,975] {subprocess.py:74} INFO - Running command: ['bash', '-c', 'echo "hello world"']
[2022-04-13 21:24:27,998] {subprocess.py:85} INFO - Output:
[2022-04-13 21:24:28,010] {subprocess.py:89} INFO - hello world
[2022-04-13 21:24:28,011] {subprocess.py:93} INFO - Command exited with return code 0
[2022-04-13 21:24:28,115] {taskinstance.py:1277} INFO - Marking task as SUCCESS. dag_id=LocalIngestionDAG, task_id=wget, execution_date=20210702T060046, start_date=20220413T212427, end_date=20220413T212428
[2022-04-13 21:24:28,242] {local_task_job.py:154} INFO - Task exited with return code 0
[2022-04-13 21:24:28,940] {local_task_job.py:264} INFO - 0 downstream tasks scheduled from follow-on schedule check
