[2022-04-13 21:28:13,753] {taskinstance.py:1032} INFO - Dependencies all met for <TaskInstance: LocalIngestionDAG.wget scheduled__2021-10-02T06:00:52+00:00 [queued]>
[2022-04-13 21:28:13,811] {taskinstance.py:1032} INFO - Dependencies all met for <TaskInstance: LocalIngestionDAG.wget scheduled__2021-10-02T06:00:52+00:00 [queued]>
[2022-04-13 21:28:13,812] {taskinstance.py:1238} INFO - 
--------------------------------------------------------------------------------
[2022-04-13 21:28:13,815] {taskinstance.py:1239} INFO - Starting attempt 1 of 1
[2022-04-13 21:28:13,816] {taskinstance.py:1240} INFO - 
--------------------------------------------------------------------------------
[2022-04-13 21:28:13,859] {taskinstance.py:1259} INFO - Executing <Task(BashOperator): wget> on 2021-10-02 06:00:52+00:00
[2022-04-13 21:28:13,865] {standard_task_runner.py:52} INFO - Started process 5232 to run task
[2022-04-13 21:28:13,872] {standard_task_runner.py:76} INFO - Running: ['***', 'tasks', 'run', 'LocalIngestionDAG', 'wget', 'scheduled__2021-10-02T06:00:52+00:00', '--job-id', '1304', '--raw', '--subdir', 'DAGS_FOLDER/data_ingestion_local.py', '--cfg-path', '/tmp/tmprvwnytvk', '--error-file', '/tmp/tmpx_ut6l8w']
[2022-04-13 21:28:13,876] {standard_task_runner.py:77} INFO - Job 1304: Subtask wget
[2022-04-13 21:28:14,128] {logging_mixin.py:109} INFO - Running <TaskInstance: LocalIngestionDAG.wget scheduled__2021-10-02T06:00:52+00:00 [running]> on host 13db72185839
[2022-04-13 21:28:14,367] {taskinstance.py:1426} INFO - Exporting the following env vars:
AIRFLOW_CTX_DAG_OWNER=***
AIRFLOW_CTX_DAG_ID=LocalIngestionDAG
AIRFLOW_CTX_TASK_ID=wget
AIRFLOW_CTX_EXECUTION_DATE=2021-10-02T06:00:52+00:00
AIRFLOW_CTX_DAG_RUN_ID=scheduled__2021-10-02T06:00:52+00:00
[2022-04-13 21:28:14,370] {subprocess.py:62} INFO - Tmp dir root location: 
 /tmp
[2022-04-13 21:28:14,371] {subprocess.py:74} INFO - Running command: ['bash', '-c', 'echo "hello world"']
[2022-04-13 21:28:14,383] {subprocess.py:85} INFO - Output:
[2022-04-13 21:28:14,386] {subprocess.py:89} INFO - hello world
[2022-04-13 21:28:14,387] {subprocess.py:93} INFO - Command exited with return code 0
[2022-04-13 21:28:14,446] {taskinstance.py:1277} INFO - Marking task as SUCCESS. dag_id=LocalIngestionDAG, task_id=wget, execution_date=20211002T060052, start_date=20220413T212813, end_date=20220413T212814
[2022-04-13 21:28:14,547] {local_task_job.py:154} INFO - Task exited with return code 0
[2022-04-13 21:28:14,700] {local_task_job.py:264} INFO - 1 downstream tasks scheduled from follow-on schedule check
