[2022-04-13 22:36:18,752] {taskinstance.py:1032} INFO - Dependencies all met for <TaskInstance: LocalIngestionDAG.ingest scheduled__2022-04-02T06:00:35+00:00 [queued]>
[2022-04-13 22:36:18,805] {taskinstance.py:1032} INFO - Dependencies all met for <TaskInstance: LocalIngestionDAG.ingest scheduled__2022-04-02T06:00:35+00:00 [queued]>
[2022-04-13 22:36:18,810] {taskinstance.py:1238} INFO - 
--------------------------------------------------------------------------------
[2022-04-13 22:36:18,811] {taskinstance.py:1239} INFO - Starting attempt 1 of 1
[2022-04-13 22:36:18,814] {taskinstance.py:1240} INFO - 
--------------------------------------------------------------------------------
[2022-04-13 22:36:18,872] {taskinstance.py:1259} INFO - Executing <Task(BashOperator): ingest> on 2022-04-02 06:00:35+00:00
[2022-04-13 22:36:18,887] {standard_task_runner.py:52} INFO - Started process 11370 to run task
[2022-04-13 22:36:18,900] {standard_task_runner.py:76} INFO - Running: ['***', 'tasks', 'run', 'LocalIngestionDAG', 'ingest', 'scheduled__2022-04-02T06:00:35+00:00', '--job-id', '1964', '--raw', '--subdir', 'DAGS_FOLDER/data_ingestion_local.py', '--cfg-path', '/tmp/tmpskddsr3m', '--error-file', '/tmp/tmp8p3t0mj2']
[2022-04-13 22:36:18,907] {standard_task_runner.py:77} INFO - Job 1964: Subtask ingest
[2022-04-13 22:36:19,097] {logging_mixin.py:109} INFO - Running <TaskInstance: LocalIngestionDAG.ingest scheduled__2022-04-02T06:00:35+00:00 [running]> on host 13db72185839
[2022-04-13 22:36:19,464] {taskinstance.py:1426} INFO - Exporting the following env vars:
AIRFLOW_CTX_DAG_OWNER=***
AIRFLOW_CTX_DAG_ID=LocalIngestionDAG
AIRFLOW_CTX_TASK_ID=ingest
AIRFLOW_CTX_EXECUTION_DATE=2022-04-02T06:00:35+00:00
AIRFLOW_CTX_DAG_RUN_ID=scheduled__2022-04-02T06:00:35+00:00
[2022-04-13 22:36:19,467] {subprocess.py:62} INFO - Tmp dir root location: 
 /tmp
[2022-04-13 22:36:19,468] {subprocess.py:74} INFO - Running command: ['bash', '-c', 'ls /opt/***']
[2022-04-13 22:36:19,505] {subprocess.py:85} INFO - Output:
[2022-04-13 22:36:19,517] {subprocess.py:89} INFO - ***.cfg
[2022-04-13 22:36:19,520] {subprocess.py:89} INFO - dags
[2022-04-13 22:36:19,521] {subprocess.py:89} INFO - logs
[2022-04-13 22:36:19,522] {subprocess.py:89} INFO - output.csv
[2022-04-13 22:36:19,525] {subprocess.py:89} INFO - output_2022-03.csv
[2022-04-13 22:36:19,526] {subprocess.py:89} INFO - output_2022-04.csv
[2022-04-13 22:36:19,526] {subprocess.py:89} INFO - plugins
[2022-04-13 22:36:19,527] {subprocess.py:89} INFO - requirements.txt
[2022-04-13 22:36:19,528] {subprocess.py:89} INFO - scripts
[2022-04-13 22:36:19,528] {subprocess.py:89} INFO - webserver_config.py
[2022-04-13 22:36:19,529] {subprocess.py:93} INFO - Command exited with return code 0
[2022-04-13 22:36:19,596] {taskinstance.py:1277} INFO - Marking task as SUCCESS. dag_id=LocalIngestionDAG, task_id=ingest, execution_date=20220402T060035, start_date=20220413T223618, end_date=20220413T223619
[2022-04-13 22:36:19,651] {local_task_job.py:154} INFO - Task exited with return code 0
[2022-04-13 22:36:19,723] {local_task_job.py:264} INFO - 0 downstream tasks scheduled from follow-on schedule check
