[2022-04-14 02:26:59,607] {taskinstance.py:1032} INFO - Dependencies all met for <TaskInstance: LocalIngestionDAG.ingest scheduled__2022-04-02T06:00:35+00:00 [queued]>
[2022-04-14 02:26:59,619] {taskinstance.py:1032} INFO - Dependencies all met for <TaskInstance: LocalIngestionDAG.ingest scheduled__2022-04-02T06:00:35+00:00 [queued]>
[2022-04-14 02:26:59,620] {taskinstance.py:1238} INFO - 
--------------------------------------------------------------------------------
[2022-04-14 02:26:59,620] {taskinstance.py:1239} INFO - Starting attempt 11 of 11
[2022-04-14 02:26:59,621] {taskinstance.py:1240} INFO - 
--------------------------------------------------------------------------------
[2022-04-14 02:26:59,646] {taskinstance.py:1259} INFO - Executing <Task(PythonOperator): ingest> on 2022-04-02 06:00:35+00:00
[2022-04-14 02:26:59,654] {standard_task_runner.py:52} INFO - Started process 7149 to run task
[2022-04-14 02:26:59,658] {standard_task_runner.py:76} INFO - Running: ['***', 'tasks', 'run', 'LocalIngestionDAG', 'ingest', 'scheduled__2022-04-02T06:00:35+00:00', '--job-id', '2045', '--raw', '--subdir', 'DAGS_FOLDER/data_ingestion_local.py', '--cfg-path', '/tmp/tmpl_5ua8cv', '--error-file', '/tmp/tmpu3b36tm7']
[2022-04-14 02:26:59,659] {standard_task_runner.py:77} INFO - Job 2045: Subtask ingest
[2022-04-14 02:26:59,734] {logging_mixin.py:109} INFO - Running <TaskInstance: LocalIngestionDAG.ingest scheduled__2022-04-02T06:00:35+00:00 [running]> on host f13cd06666dc
[2022-04-14 02:26:59,789] {logging_mixin.py:109} WARNING - /home/***/.local/lib/python3.7/site-packages/***/utils/context.py:152 AirflowContextDeprecationWarning: Accessing 'execution_date' from the template is deprecated and will be removed in a future version. Please use 'data_interval_start' or 'logical_date' instead.
[2022-04-14 02:26:59,811] {taskinstance.py:1426} INFO - Exporting the following env vars:
AIRFLOW_CTX_DAG_OWNER=***
AIRFLOW_CTX_DAG_ID=LocalIngestionDAG
AIRFLOW_CTX_TASK_ID=ingest
AIRFLOW_CTX_EXECUTION_DATE=2022-04-02T06:00:35+00:00
AIRFLOW_CTX_DAG_RUN_ID=scheduled__2022-04-02T06:00:35+00:00
[2022-04-14 02:26:59,813] {logging_mixin.py:109} INFO - yellow_taxi_2022_04 /opt/***/output_2022-04.csv 2022-04-02T06:00:35+00:00
[2022-04-14 02:26:59,940] {logging_mixin.py:109} INFO - connection established successfully, inserting data...
[2022-04-14 02:27:00,204] {logging_mixin.py:109} INFO - inserted the first chunk, took 0.264 second
[2022-04-14 02:27:00,205] {logging_mixin.py:109} INFO - completed
[2022-04-14 02:27:00,206] {python.py:175} INFO - Done. Returned value was: None
[2022-04-14 02:27:00,217] {taskinstance.py:1277} INFO - Marking task as SUCCESS. dag_id=LocalIngestionDAG, task_id=ingest, execution_date=20220402T060035, start_date=20220414T022659, end_date=20220414T022700
[2022-04-14 02:27:00,275] {local_task_job.py:154} INFO - Task exited with return code 0
[2022-04-14 02:27:00,315] {local_task_job.py:264} INFO - 0 downstream tasks scheduled from follow-on schedule check
