[2022-04-14 02:44:58,675] {taskinstance.py:1032} INFO - Dependencies all met for <TaskInstance: LocalIngestionDAG.ingest scheduled__2022-04-02T06:00:35+00:00 [queued]>
[2022-04-14 02:44:58,689] {taskinstance.py:1032} INFO - Dependencies all met for <TaskInstance: LocalIngestionDAG.ingest scheduled__2022-04-02T06:00:35+00:00 [queued]>
[2022-04-14 02:44:58,690] {taskinstance.py:1238} INFO - 
--------------------------------------------------------------------------------
[2022-04-14 02:44:58,690] {taskinstance.py:1239} INFO - Starting attempt 13 of 13
[2022-04-14 02:44:58,690] {taskinstance.py:1240} INFO - 
--------------------------------------------------------------------------------
[2022-04-14 02:44:58,703] {taskinstance.py:1259} INFO - Executing <Task(PythonOperator): ingest> on 2022-04-02 06:00:35+00:00
[2022-04-14 02:44:58,708] {standard_task_runner.py:52} INFO - Started process 8535 to run task
[2022-04-14 02:44:58,711] {standard_task_runner.py:76} INFO - Running: ['***', 'tasks', 'run', 'LocalIngestionDAG', 'ingest', 'scheduled__2022-04-02T06:00:35+00:00', '--job-id', '2050', '--raw', '--subdir', 'DAGS_FOLDER/data_ingestion_local.py', '--cfg-path', '/tmp/tmpgw73h41j', '--error-file', '/tmp/tmpt76lx4xn']
[2022-04-14 02:44:58,712] {standard_task_runner.py:77} INFO - Job 2050: Subtask ingest
[2022-04-14 02:44:58,785] {logging_mixin.py:109} INFO - Running <TaskInstance: LocalIngestionDAG.ingest scheduled__2022-04-02T06:00:35+00:00 [running]> on host f13cd06666dc
[2022-04-14 02:44:58,836] {logging_mixin.py:109} WARNING - /home/***/.local/lib/python3.7/site-packages/***/utils/context.py:152 AirflowContextDeprecationWarning: Accessing 'execution_date' from the template is deprecated and will be removed in a future version. Please use 'data_interval_start' or 'logical_date' instead.
[2022-04-14 02:44:58,868] {taskinstance.py:1426} INFO - Exporting the following env vars:
AIRFLOW_CTX_DAG_OWNER=***
AIRFLOW_CTX_DAG_ID=LocalIngestionDAG
AIRFLOW_CTX_TASK_ID=ingest
AIRFLOW_CTX_EXECUTION_DATE=2022-04-02T06:00:35+00:00
AIRFLOW_CTX_DAG_RUN_ID=scheduled__2022-04-02T06:00:35+00:00
[2022-04-14 02:44:58,869] {logging_mixin.py:109} INFO - yellow_taxi_2022_04 /opt/***/output_2022-04.csv 2022-04-02T06:00:35+00:00
[2022-04-14 02:44:58,984] {logging_mixin.py:109} INFO - connection established successfully, inserting data...
[2022-04-14 02:44:59,218] {logging_mixin.py:109} INFO - inserted the first chunk, took 0.234 second
[2022-04-14 02:44:59,219] {logging_mixin.py:109} INFO - completed
[2022-04-14 02:44:59,219] {python.py:175} INFO - Done. Returned value was: None
[2022-04-14 02:44:59,234] {taskinstance.py:1277} INFO - Marking task as SUCCESS. dag_id=LocalIngestionDAG, task_id=ingest, execution_date=20220402T060035, start_date=20220414T024458, end_date=20220414T024459
[2022-04-14 02:44:59,286] {local_task_job.py:154} INFO - Task exited with return code 0
[2022-04-14 02:44:59,403] {local_task_job.py:264} INFO - 0 downstream tasks scheduled from follow-on schedule check
