[2022-04-13 21:15:47,745] {taskinstance.py:1032} INFO - Dependencies all met for <TaskInstance: LocalIngestionDAG.wget scheduled__2021-01-02T06:00:12+00:00 [queued]>
[2022-04-13 21:15:47,769] {taskinstance.py:1032} INFO - Dependencies all met for <TaskInstance: LocalIngestionDAG.wget scheduled__2021-01-02T06:00:12+00:00 [queued]>
[2022-04-13 21:15:47,770] {taskinstance.py:1238} INFO - 
--------------------------------------------------------------------------------
[2022-04-13 21:15:47,771] {taskinstance.py:1239} INFO - Starting attempt 1 of 1
[2022-04-13 21:15:47,772] {taskinstance.py:1240} INFO - 
--------------------------------------------------------------------------------
[2022-04-13 21:15:47,797] {taskinstance.py:1259} INFO - Executing <Task(BashOperator): wget> on 2021-01-02 06:00:12+00:00
[2022-04-13 21:15:47,806] {standard_task_runner.py:52} INFO - Started process 1147 to run task
[2022-04-13 21:15:47,809] {standard_task_runner.py:76} INFO - Running: ['***', 'tasks', 'run', 'LocalIngestionDAG', 'wget', 'scheduled__2021-01-02T06:00:12+00:00', '--job-id', '144', '--raw', '--subdir', 'DAGS_FOLDER/data_ingestion_local.py', '--cfg-path', '/tmp/tmp53nkclzt', '--error-file', '/tmp/tmp5ct3azbp']
[2022-04-13 21:15:47,811] {standard_task_runner.py:77} INFO - Job 144: Subtask wget
[2022-04-13 21:15:47,928] {logging_mixin.py:109} INFO - Running <TaskInstance: LocalIngestionDAG.wget scheduled__2021-01-02T06:00:12+00:00 [running]> on host 13db72185839
[2022-04-13 21:15:48,015] {taskinstance.py:1426} INFO - Exporting the following env vars:
AIRFLOW_CTX_DAG_OWNER=***
AIRFLOW_CTX_DAG_ID=LocalIngestionDAG
AIRFLOW_CTX_TASK_ID=wget
AIRFLOW_CTX_EXECUTION_DATE=2021-01-02T06:00:12+00:00
AIRFLOW_CTX_DAG_RUN_ID=scheduled__2021-01-02T06:00:12+00:00
[2022-04-13 21:15:48,017] {subprocess.py:62} INFO - Tmp dir root location: 
 /tmp
[2022-04-13 21:15:48,019] {subprocess.py:74} INFO - Running command: ['bash', '-c', 'echo "hello world"']
[2022-04-13 21:15:48,042] {subprocess.py:85} INFO - Output:
[2022-04-13 21:15:48,045] {subprocess.py:89} INFO - hello world
[2022-04-13 21:15:48,046] {subprocess.py:93} INFO - Command exited with return code 0
[2022-04-13 21:15:48,141] {taskinstance.py:1277} INFO - Marking task as SUCCESS. dag_id=LocalIngestionDAG, task_id=wget, execution_date=20210102T060012, start_date=20220413T211547, end_date=20220413T211548
[2022-04-13 21:15:48,189] {local_task_job.py:154} INFO - Task exited with return code 0
[2022-04-13 21:15:48,367] {local_task_job.py:264} INFO - 0 downstream tasks scheduled from follow-on schedule check
