[2022-04-13 21:27:44,384] {taskinstance.py:1032} INFO - Dependencies all met for <TaskInstance: LocalIngestionDAG.ingest scheduled__2021-10-02T06:00:31+00:00 [queued]>
[2022-04-13 21:27:44,424] {taskinstance.py:1032} INFO - Dependencies all met for <TaskInstance: LocalIngestionDAG.ingest scheduled__2021-10-02T06:00:31+00:00 [queued]>
[2022-04-13 21:27:44,425] {taskinstance.py:1238} INFO - 
--------------------------------------------------------------------------------
[2022-04-13 21:27:44,425] {taskinstance.py:1239} INFO - Starting attempt 1 of 1
[2022-04-13 21:27:44,426] {taskinstance.py:1240} INFO - 
--------------------------------------------------------------------------------
[2022-04-13 21:27:44,478] {taskinstance.py:1259} INFO - Executing <Task(BashOperator): ingest> on 2021-10-02 06:00:31+00:00
[2022-04-13 21:27:44,500] {standard_task_runner.py:52} INFO - Started process 5083 to run task
[2022-04-13 21:27:44,518] {standard_task_runner.py:76} INFO - Running: ['***', 'tasks', 'run', 'LocalIngestionDAG', 'ingest', 'scheduled__2021-10-02T06:00:31+00:00', '--job-id', '1263', '--raw', '--subdir', 'DAGS_FOLDER/data_ingestion_local.py', '--cfg-path', '/tmp/tmpdsq3fc3l', '--error-file', '/tmp/tmpz_fnfc21']
[2022-04-13 21:27:44,521] {standard_task_runner.py:77} INFO - Job 1263: Subtask ingest
[2022-04-13 21:27:44,741] {logging_mixin.py:109} INFO - Running <TaskInstance: LocalIngestionDAG.ingest scheduled__2021-10-02T06:00:31+00:00 [running]> on host 13db72185839
[2022-04-13 21:27:44,990] {taskinstance.py:1426} INFO - Exporting the following env vars:
AIRFLOW_CTX_DAG_OWNER=***
AIRFLOW_CTX_DAG_ID=LocalIngestionDAG
AIRFLOW_CTX_TASK_ID=ingest
AIRFLOW_CTX_EXECUTION_DATE=2021-10-02T06:00:31+00:00
AIRFLOW_CTX_DAG_RUN_ID=scheduled__2021-10-02T06:00:31+00:00
[2022-04-13 21:27:45,031] {subprocess.py:62} INFO - Tmp dir root location: 
 /tmp
[2022-04-13 21:27:45,041] {subprocess.py:74} INFO - Running command: ['bash', '-c', 'pwd']
[2022-04-13 21:27:45,093] {subprocess.py:85} INFO - Output:
[2022-04-13 21:27:45,102] {subprocess.py:89} INFO - /tmp/***tmpq2g3vh7b
[2022-04-13 21:27:45,105] {subprocess.py:93} INFO - Command exited with return code 0
[2022-04-13 21:27:45,239] {taskinstance.py:1277} INFO - Marking task as SUCCESS. dag_id=LocalIngestionDAG, task_id=ingest, execution_date=20211002T060031, start_date=20220413T212744, end_date=20220413T212745
[2022-04-13 21:27:45,361] {local_task_job.py:154} INFO - Task exited with return code 0
[2022-04-13 21:27:45,506] {local_task_job.py:264} INFO - 0 downstream tasks scheduled from follow-on schedule check
