[2022-04-13 21:22:52,594] {taskinstance.py:1032} INFO - Dependencies all met for <TaskInstance: LocalIngestionDAG.ingest scheduled__2021-06-02T06:00:12+00:00 [queued]>
[2022-04-13 21:22:52,621] {taskinstance.py:1032} INFO - Dependencies all met for <TaskInstance: LocalIngestionDAG.ingest scheduled__2021-06-02T06:00:12+00:00 [queued]>
[2022-04-13 21:22:52,624] {taskinstance.py:1238} INFO - 
--------------------------------------------------------------------------------
[2022-04-13 21:22:52,628] {taskinstance.py:1239} INFO - Starting attempt 1 of 1
[2022-04-13 21:22:52,635] {taskinstance.py:1240} INFO - 
--------------------------------------------------------------------------------
[2022-04-13 21:22:52,688] {taskinstance.py:1259} INFO - Executing <Task(BashOperator): ingest> on 2021-06-02 06:00:12+00:00
[2022-04-13 21:22:52,696] {standard_task_runner.py:52} INFO - Started process 3321 to run task
[2022-04-13 21:22:52,708] {standard_task_runner.py:76} INFO - Running: ['***', 'tasks', 'run', 'LocalIngestionDAG', 'ingest', 'scheduled__2021-06-02T06:00:12+00:00', '--job-id', '746', '--raw', '--subdir', 'DAGS_FOLDER/data_ingestion_local.py', '--cfg-path', '/tmp/tmpy9lta6ul', '--error-file', '/tmp/tmp07mavnh5']
[2022-04-13 21:22:52,710] {standard_task_runner.py:77} INFO - Job 746: Subtask ingest
[2022-04-13 21:22:52,860] {logging_mixin.py:109} INFO - Running <TaskInstance: LocalIngestionDAG.ingest scheduled__2021-06-02T06:00:12+00:00 [running]> on host 13db72185839
[2022-04-13 21:22:52,978] {taskinstance.py:1426} INFO - Exporting the following env vars:
AIRFLOW_CTX_DAG_OWNER=***
AIRFLOW_CTX_DAG_ID=LocalIngestionDAG
AIRFLOW_CTX_TASK_ID=ingest
AIRFLOW_CTX_EXECUTION_DATE=2021-06-02T06:00:12+00:00
AIRFLOW_CTX_DAG_RUN_ID=scheduled__2021-06-02T06:00:12+00:00
[2022-04-13 21:22:52,980] {subprocess.py:62} INFO - Tmp dir root location: 
 /tmp
[2022-04-13 21:22:52,981] {subprocess.py:74} INFO - Running command: ['bash', '-c', 'pwd']
[2022-04-13 21:22:52,994] {subprocess.py:85} INFO - Output:
[2022-04-13 21:22:52,996] {subprocess.py:89} INFO - /tmp/***tmpxlhx9n3y
[2022-04-13 21:22:52,997] {subprocess.py:93} INFO - Command exited with return code 0
[2022-04-13 21:22:53,121] {taskinstance.py:1277} INFO - Marking task as SUCCESS. dag_id=LocalIngestionDAG, task_id=ingest, execution_date=20210602T060012, start_date=20220413T212252, end_date=20220413T212253
[2022-04-13 21:22:53,205] {local_task_job.py:154} INFO - Task exited with return code 0
[2022-04-13 21:22:53,424] {local_task_job.py:264} INFO - 0 downstream tasks scheduled from follow-on schedule check
