[2022-04-11 19:30:01,391] {taskinstance.py:1032} INFO - Dependencies all met for <TaskInstance: data_ingestion_gcs_dag.format_to_parquet_task manual__2022-04-11T19:28:36.625979+00:00 [queued]>
[2022-04-11 19:30:01,410] {taskinstance.py:1032} INFO - Dependencies all met for <TaskInstance: data_ingestion_gcs_dag.format_to_parquet_task manual__2022-04-11T19:28:36.625979+00:00 [queued]>
[2022-04-11 19:30:01,411] {taskinstance.py:1238} INFO - 
--------------------------------------------------------------------------------
[2022-04-11 19:30:01,411] {taskinstance.py:1239} INFO - Starting attempt 1 of 2
[2022-04-11 19:30:01,411] {taskinstance.py:1240} INFO - 
--------------------------------------------------------------------------------
[2022-04-11 19:30:01,433] {taskinstance.py:1259} INFO - Executing <Task(PythonOperator): format_to_parquet_task> on 2022-04-11 19:28:36.625979+00:00
[2022-04-11 19:30:01,439] {standard_task_runner.py:52} INFO - Started process 5506 to run task
[2022-04-11 19:30:01,443] {standard_task_runner.py:76} INFO - Running: ['***', 'tasks', 'run', 'data_ingestion_gcs_dag', 'format_to_parquet_task', 'manual__2022-04-11T19:28:36.625979+00:00', '--job-id', '12', '--raw', '--subdir', 'DAGS_FOLDER/data_ingestion_gcs_dag.py', '--cfg-path', '/tmp/tmpxwuf0hre', '--error-file', '/tmp/tmp4i8qbv9p']
[2022-04-11 19:30:01,444] {standard_task_runner.py:77} INFO - Job 12: Subtask format_to_parquet_task
[2022-04-11 19:30:01,503] {logging_mixin.py:109} INFO - Running <TaskInstance: data_ingestion_gcs_dag.format_to_parquet_task manual__2022-04-11T19:28:36.625979+00:00 [running]> on host 8d956c578a40
[2022-04-11 19:30:01,563] {taskinstance.py:1426} INFO - Exporting the following env vars:
AIRFLOW_CTX_DAG_OWNER=***
AIRFLOW_CTX_DAG_ID=data_ingestion_gcs_dag
AIRFLOW_CTX_TASK_ID=format_to_parquet_task
AIRFLOW_CTX_EXECUTION_DATE=2022-04-11T19:28:36.625979+00:00
AIRFLOW_CTX_DAG_RUN_ID=manual__2022-04-11T19:28:36.625979+00:00
[2022-04-11 19:30:05,645] {python.py:175} INFO - Done. Returned value was: None
[2022-04-11 19:30:05,793] {taskinstance.py:1277} INFO - Marking task as SUCCESS. dag_id=data_ingestion_gcs_dag, task_id=format_to_parquet_task, execution_date=20220411T192836, start_date=20220411T193001, end_date=20220411T193005
[2022-04-11 19:30:05,917] {local_task_job.py:154} INFO - Task exited with return code 0
[2022-04-11 19:30:06,033] {local_task_job.py:264} INFO - 1 downstream tasks scheduled from follow-on schedule check
