[2022-04-13 21:27:30,811] {taskinstance.py:1032} INFO - Dependencies all met for <TaskInstance: LocalIngestionDAG.ingest scheduled__2021-10-02T06:00:19+00:00 [queued]>
[2022-04-13 21:27:30,854] {taskinstance.py:1032} INFO - Dependencies all met for <TaskInstance: LocalIngestionDAG.ingest scheduled__2021-10-02T06:00:19+00:00 [queued]>
[2022-04-13 21:27:30,859] {taskinstance.py:1238} INFO - 
--------------------------------------------------------------------------------
[2022-04-13 21:27:30,884] {taskinstance.py:1239} INFO - Starting attempt 1 of 1
[2022-04-13 21:27:30,891] {taskinstance.py:1240} INFO - 
--------------------------------------------------------------------------------
[2022-04-13 21:27:30,944] {taskinstance.py:1259} INFO - Executing <Task(BashOperator): ingest> on 2021-10-02 06:00:19+00:00
[2022-04-13 21:27:30,963] {standard_task_runner.py:52} INFO - Started process 5024 to run task
[2022-04-13 21:27:30,968] {standard_task_runner.py:76} INFO - Running: ['***', 'tasks', 'run', 'LocalIngestionDAG', 'ingest', 'scheduled__2021-10-02T06:00:19+00:00', '--job-id', '1244', '--raw', '--subdir', 'DAGS_FOLDER/data_ingestion_local.py', '--cfg-path', '/tmp/tmp5uvt3cfh', '--error-file', '/tmp/tmp8xnuetfw']
[2022-04-13 21:27:30,971] {standard_task_runner.py:77} INFO - Job 1244: Subtask ingest
[2022-04-13 21:27:31,183] {logging_mixin.py:109} INFO - Running <TaskInstance: LocalIngestionDAG.ingest scheduled__2021-10-02T06:00:19+00:00 [running]> on host 13db72185839
[2022-04-13 21:27:31,477] {taskinstance.py:1426} INFO - Exporting the following env vars:
AIRFLOW_CTX_DAG_OWNER=***
AIRFLOW_CTX_DAG_ID=LocalIngestionDAG
AIRFLOW_CTX_TASK_ID=ingest
AIRFLOW_CTX_EXECUTION_DATE=2021-10-02T06:00:19+00:00
AIRFLOW_CTX_DAG_RUN_ID=scheduled__2021-10-02T06:00:19+00:00
[2022-04-13 21:27:31,483] {subprocess.py:62} INFO - Tmp dir root location: 
 /tmp
[2022-04-13 21:27:31,487] {subprocess.py:74} INFO - Running command: ['bash', '-c', 'pwd']
[2022-04-13 21:27:31,512] {subprocess.py:85} INFO - Output:
[2022-04-13 21:27:31,521] {subprocess.py:89} INFO - /tmp/***tmpcg_6246e
[2022-04-13 21:27:31,524] {subprocess.py:93} INFO - Command exited with return code 0
[2022-04-13 21:27:31,594] {taskinstance.py:1277} INFO - Marking task as SUCCESS. dag_id=LocalIngestionDAG, task_id=ingest, execution_date=20211002T060019, start_date=20220413T212730, end_date=20220413T212731
[2022-04-13 21:27:31,721] {local_task_job.py:154} INFO - Task exited with return code 0
[2022-04-13 21:27:31,833] {local_task_job.py:264} INFO - 0 downstream tasks scheduled from follow-on schedule check
