[2022-04-13 21:23:07,869] {taskinstance.py:1032} INFO - Dependencies all met for <TaskInstance: LocalIngestionDAG.wget scheduled__2021-06-02T06:00:26+00:00 [queued]>
[2022-04-13 21:23:07,900] {taskinstance.py:1032} INFO - Dependencies all met for <TaskInstance: LocalIngestionDAG.wget scheduled__2021-06-02T06:00:26+00:00 [queued]>
[2022-04-13 21:23:07,901] {taskinstance.py:1238} INFO - 
--------------------------------------------------------------------------------
[2022-04-13 21:23:07,901] {taskinstance.py:1239} INFO - Starting attempt 1 of 1
[2022-04-13 21:23:07,902] {taskinstance.py:1240} INFO - 
--------------------------------------------------------------------------------
[2022-04-13 21:23:07,936] {taskinstance.py:1259} INFO - Executing <Task(BashOperator): wget> on 2021-06-02 06:00:26+00:00
[2022-04-13 21:23:07,946] {standard_task_runner.py:52} INFO - Started process 3411 to run task
[2022-04-13 21:23:07,952] {standard_task_runner.py:76} INFO - Running: ['***', 'tasks', 'run', 'LocalIngestionDAG', 'wget', 'scheduled__2021-06-02T06:00:26+00:00', '--job-id', '773', '--raw', '--subdir', 'DAGS_FOLDER/data_ingestion_local.py', '--cfg-path', '/tmp/tmpjvmklqcf', '--error-file', '/tmp/tmpaj0kwjlr']
[2022-04-13 21:23:07,954] {standard_task_runner.py:77} INFO - Job 773: Subtask wget
[2022-04-13 21:23:08,075] {logging_mixin.py:109} INFO - Running <TaskInstance: LocalIngestionDAG.wget scheduled__2021-06-02T06:00:26+00:00 [running]> on host 13db72185839
[2022-04-13 21:23:08,209] {taskinstance.py:1426} INFO - Exporting the following env vars:
AIRFLOW_CTX_DAG_OWNER=***
AIRFLOW_CTX_DAG_ID=LocalIngestionDAG
AIRFLOW_CTX_TASK_ID=wget
AIRFLOW_CTX_EXECUTION_DATE=2021-06-02T06:00:26+00:00
AIRFLOW_CTX_DAG_RUN_ID=scheduled__2021-06-02T06:00:26+00:00
[2022-04-13 21:23:08,211] {subprocess.py:62} INFO - Tmp dir root location: 
 /tmp
[2022-04-13 21:23:08,212] {subprocess.py:74} INFO - Running command: ['bash', '-c', 'echo "hello world"']
[2022-04-13 21:23:08,224] {subprocess.py:85} INFO - Output:
[2022-04-13 21:23:08,228] {subprocess.py:89} INFO - hello world
[2022-04-13 21:23:08,229] {subprocess.py:93} INFO - Command exited with return code 0
[2022-04-13 21:23:08,384] {taskinstance.py:1277} INFO - Marking task as SUCCESS. dag_id=LocalIngestionDAG, task_id=wget, execution_date=20210602T060026, start_date=20220413T212307, end_date=20220413T212308
[2022-04-13 21:23:08,447] {local_task_job.py:154} INFO - Task exited with return code 0
[2022-04-13 21:23:08,541] {local_task_job.py:264} INFO - 1 downstream tasks scheduled from follow-on schedule check
