[2022-04-13 21:17:41,531] {taskinstance.py:1032} INFO - Dependencies all met for <TaskInstance: LocalIngestionDAG.ingest scheduled__2021-03-02T06:00:23+00:00 [queued]>
[2022-04-13 21:17:41,559] {taskinstance.py:1032} INFO - Dependencies all met for <TaskInstance: LocalIngestionDAG.ingest scheduled__2021-03-02T06:00:23+00:00 [queued]>
[2022-04-13 21:17:41,560] {taskinstance.py:1238} INFO - 
--------------------------------------------------------------------------------
[2022-04-13 21:17:41,561] {taskinstance.py:1239} INFO - Starting attempt 1 of 1
[2022-04-13 21:17:41,562] {taskinstance.py:1240} INFO - 
--------------------------------------------------------------------------------
[2022-04-13 21:17:41,599] {taskinstance.py:1259} INFO - Executing <Task(BashOperator): ingest> on 2021-03-02 06:00:23+00:00
[2022-04-13 21:17:41,606] {standard_task_runner.py:52} INFO - Started process 2033 to run task
[2022-04-13 21:17:41,613] {standard_task_runner.py:76} INFO - Running: ['***', 'tasks', 'run', 'LocalIngestionDAG', 'ingest', 'scheduled__2021-03-02T06:00:23+00:00', '--job-id', '409', '--raw', '--subdir', 'DAGS_FOLDER/data_ingestion_local.py', '--cfg-path', '/tmp/tmpkq5did73', '--error-file', '/tmp/tmponqx_bfy']
[2022-04-13 21:17:41,615] {standard_task_runner.py:77} INFO - Job 409: Subtask ingest
[2022-04-13 21:17:41,717] {logging_mixin.py:109} INFO - Running <TaskInstance: LocalIngestionDAG.ingest scheduled__2021-03-02T06:00:23+00:00 [running]> on host 13db72185839
[2022-04-13 21:17:41,806] {taskinstance.py:1426} INFO - Exporting the following env vars:
AIRFLOW_CTX_DAG_OWNER=***
AIRFLOW_CTX_DAG_ID=LocalIngestionDAG
AIRFLOW_CTX_TASK_ID=ingest
AIRFLOW_CTX_EXECUTION_DATE=2021-03-02T06:00:23+00:00
AIRFLOW_CTX_DAG_RUN_ID=scheduled__2021-03-02T06:00:23+00:00
[2022-04-13 21:17:41,808] {subprocess.py:62} INFO - Tmp dir root location: 
 /tmp
[2022-04-13 21:17:41,809] {subprocess.py:74} INFO - Running command: ['bash', '-c', 'pwd']
[2022-04-13 21:17:41,819] {subprocess.py:85} INFO - Output:
[2022-04-13 21:17:41,822] {subprocess.py:89} INFO - /tmp/***tmp551nit5_
[2022-04-13 21:17:41,823] {subprocess.py:93} INFO - Command exited with return code 0
[2022-04-13 21:17:41,857] {taskinstance.py:1277} INFO - Marking task as SUCCESS. dag_id=LocalIngestionDAG, task_id=ingest, execution_date=20210302T060023, start_date=20220413T211741, end_date=20220413T211741
[2022-04-13 21:17:41,904] {local_task_job.py:154} INFO - Task exited with return code 0
[2022-04-13 21:17:41,944] {local_task_job.py:264} INFO - 0 downstream tasks scheduled from follow-on schedule check
