[2022-04-13 21:24:04,381] {taskinstance.py:1032} INFO - Dependencies all met for <TaskInstance: LocalIngestionDAG.ingest scheduled__2021-07-02T06:00:20+00:00 [queued]>
[2022-04-13 21:24:04,417] {taskinstance.py:1032} INFO - Dependencies all met for <TaskInstance: LocalIngestionDAG.ingest scheduled__2021-07-02T06:00:20+00:00 [queued]>
[2022-04-13 21:24:04,420] {taskinstance.py:1238} INFO - 
--------------------------------------------------------------------------------
[2022-04-13 21:24:04,421] {taskinstance.py:1239} INFO - Starting attempt 1 of 1
[2022-04-13 21:24:04,424] {taskinstance.py:1240} INFO - 
--------------------------------------------------------------------------------
[2022-04-13 21:24:04,524] {taskinstance.py:1259} INFO - Executing <Task(BashOperator): ingest> on 2021-07-02 06:00:20+00:00
[2022-04-13 21:24:04,534] {standard_task_runner.py:52} INFO - Started process 3792 to run task
[2022-04-13 21:24:04,559] {standard_task_runner.py:76} INFO - Running: ['***', 'tasks', 'run', 'LocalIngestionDAG', 'ingest', 'scheduled__2021-07-02T06:00:20+00:00', '--job-id', '885', '--raw', '--subdir', 'DAGS_FOLDER/data_ingestion_local.py', '--cfg-path', '/tmp/tmpkp7l08mf', '--error-file', '/tmp/tmpy172nqte']
[2022-04-13 21:24:04,569] {standard_task_runner.py:77} INFO - Job 885: Subtask ingest
[2022-04-13 21:24:04,888] {logging_mixin.py:109} INFO - Running <TaskInstance: LocalIngestionDAG.ingest scheduled__2021-07-02T06:00:20+00:00 [running]> on host 13db72185839
[2022-04-13 21:24:05,085] {taskinstance.py:1426} INFO - Exporting the following env vars:
AIRFLOW_CTX_DAG_OWNER=***
AIRFLOW_CTX_DAG_ID=LocalIngestionDAG
AIRFLOW_CTX_TASK_ID=ingest
AIRFLOW_CTX_EXECUTION_DATE=2021-07-02T06:00:20+00:00
AIRFLOW_CTX_DAG_RUN_ID=scheduled__2021-07-02T06:00:20+00:00
[2022-04-13 21:24:05,087] {subprocess.py:62} INFO - Tmp dir root location: 
 /tmp
[2022-04-13 21:24:05,091] {subprocess.py:74} INFO - Running command: ['bash', '-c', 'pwd']
[2022-04-13 21:24:05,107] {subprocess.py:85} INFO - Output:
[2022-04-13 21:24:05,110] {subprocess.py:89} INFO - /tmp/***tmpn20je_w5
[2022-04-13 21:24:05,113] {subprocess.py:93} INFO - Command exited with return code 0
[2022-04-13 21:24:05,192] {taskinstance.py:1277} INFO - Marking task as SUCCESS. dag_id=LocalIngestionDAG, task_id=ingest, execution_date=20210702T060020, start_date=20220413T212404, end_date=20220413T212405
[2022-04-13 21:24:05,294] {local_task_job.py:154} INFO - Task exited with return code 0
[2022-04-13 21:24:05,449] {local_task_job.py:264} INFO - 0 downstream tasks scheduled from follow-on schedule check
