[2022-04-13 21:28:11,431] {taskinstance.py:1032} INFO - Dependencies all met for <TaskInstance: LocalIngestionDAG.ingest scheduled__2021-10-02T06:00:50+00:00 [queued]>
[2022-04-13 21:28:11,458] {taskinstance.py:1032} INFO - Dependencies all met for <TaskInstance: LocalIngestionDAG.ingest scheduled__2021-10-02T06:00:50+00:00 [queued]>
[2022-04-13 21:28:11,458] {taskinstance.py:1238} INFO - 
--------------------------------------------------------------------------------
[2022-04-13 21:28:11,459] {taskinstance.py:1239} INFO - Starting attempt 1 of 1
[2022-04-13 21:28:11,459] {taskinstance.py:1240} INFO - 
--------------------------------------------------------------------------------
[2022-04-13 21:28:11,489] {taskinstance.py:1259} INFO - Executing <Task(BashOperator): ingest> on 2021-10-02 06:00:50+00:00
[2022-04-13 21:28:11,496] {standard_task_runner.py:52} INFO - Started process 5223 to run task
[2022-04-13 21:28:11,505] {standard_task_runner.py:76} INFO - Running: ['***', 'tasks', 'run', 'LocalIngestionDAG', 'ingest', 'scheduled__2021-10-02T06:00:50+00:00', '--job-id', '1302', '--raw', '--subdir', 'DAGS_FOLDER/data_ingestion_local.py', '--cfg-path', '/tmp/tmpk0xk6tp5', '--error-file', '/tmp/tmptobh40_y']
[2022-04-13 21:28:11,507] {standard_task_runner.py:77} INFO - Job 1302: Subtask ingest
[2022-04-13 21:28:11,668] {logging_mixin.py:109} INFO - Running <TaskInstance: LocalIngestionDAG.ingest scheduled__2021-10-02T06:00:50+00:00 [running]> on host 13db72185839
[2022-04-13 21:28:11,770] {taskinstance.py:1426} INFO - Exporting the following env vars:
AIRFLOW_CTX_DAG_OWNER=***
AIRFLOW_CTX_DAG_ID=LocalIngestionDAG
AIRFLOW_CTX_TASK_ID=ingest
AIRFLOW_CTX_EXECUTION_DATE=2021-10-02T06:00:50+00:00
AIRFLOW_CTX_DAG_RUN_ID=scheduled__2021-10-02T06:00:50+00:00
[2022-04-13 21:28:11,772] {subprocess.py:62} INFO - Tmp dir root location: 
 /tmp
[2022-04-13 21:28:11,773] {subprocess.py:74} INFO - Running command: ['bash', '-c', 'pwd']
[2022-04-13 21:28:11,783] {subprocess.py:85} INFO - Output:
[2022-04-13 21:28:11,785] {subprocess.py:89} INFO - /tmp/***tmp6bghzjv_
[2022-04-13 21:28:11,786] {subprocess.py:93} INFO - Command exited with return code 0
[2022-04-13 21:28:11,815] {taskinstance.py:1277} INFO - Marking task as SUCCESS. dag_id=LocalIngestionDAG, task_id=ingest, execution_date=20211002T060050, start_date=20220413T212811, end_date=20220413T212811
[2022-04-13 21:28:11,839] {local_task_job.py:154} INFO - Task exited with return code 0
[2022-04-13 21:28:11,887] {local_task_job.py:264} INFO - 0 downstream tasks scheduled from follow-on schedule check
