[2022-04-13 21:15:38,840] {taskinstance.py:1032} INFO - Dependencies all met for <TaskInstance: LocalIngestionDAG.wget scheduled__2021-01-02T06:00:02+00:00 [queued]>
[2022-04-13 21:15:38,873] {taskinstance.py:1032} INFO - Dependencies all met for <TaskInstance: LocalIngestionDAG.wget scheduled__2021-01-02T06:00:02+00:00 [queued]>
[2022-04-13 21:15:38,874] {taskinstance.py:1238} INFO - 
--------------------------------------------------------------------------------
[2022-04-13 21:15:38,876] {taskinstance.py:1239} INFO - Starting attempt 1 of 1
[2022-04-13 21:15:38,878] {taskinstance.py:1240} INFO - 
--------------------------------------------------------------------------------
[2022-04-13 21:15:38,914] {taskinstance.py:1259} INFO - Executing <Task(BashOperator): wget> on 2021-01-02 06:00:02+00:00
[2022-04-13 21:15:38,921] {standard_task_runner.py:52} INFO - Started process 1066 to run task
[2022-04-13 21:15:38,935] {standard_task_runner.py:76} INFO - Running: ['***', 'tasks', 'run', 'LocalIngestionDAG', 'wget', 'scheduled__2021-01-02T06:00:02+00:00', '--job-id', '122', '--raw', '--subdir', 'DAGS_FOLDER/data_ingestion_local.py', '--cfg-path', '/tmp/tmpvdvfiss5', '--error-file', '/tmp/tmp1z30eydx']
[2022-04-13 21:15:38,940] {standard_task_runner.py:77} INFO - Job 122: Subtask wget
[2022-04-13 21:15:39,034] {logging_mixin.py:109} INFO - Running <TaskInstance: LocalIngestionDAG.wget scheduled__2021-01-02T06:00:02+00:00 [running]> on host 13db72185839
[2022-04-13 21:15:39,120] {taskinstance.py:1426} INFO - Exporting the following env vars:
AIRFLOW_CTX_DAG_OWNER=***
AIRFLOW_CTX_DAG_ID=LocalIngestionDAG
AIRFLOW_CTX_TASK_ID=wget
AIRFLOW_CTX_EXECUTION_DATE=2021-01-02T06:00:02+00:00
AIRFLOW_CTX_DAG_RUN_ID=scheduled__2021-01-02T06:00:02+00:00
[2022-04-13 21:15:39,122] {subprocess.py:62} INFO - Tmp dir root location: 
 /tmp
[2022-04-13 21:15:39,123] {subprocess.py:74} INFO - Running command: ['bash', '-c', 'echo "hello world"']
[2022-04-13 21:15:39,132] {subprocess.py:85} INFO - Output:
[2022-04-13 21:15:39,135] {subprocess.py:89} INFO - hello world
[2022-04-13 21:15:39,136] {subprocess.py:93} INFO - Command exited with return code 0
[2022-04-13 21:15:39,174] {taskinstance.py:1277} INFO - Marking task as SUCCESS. dag_id=LocalIngestionDAG, task_id=wget, execution_date=20210102T060002, start_date=20220413T211538, end_date=20220413T211539
[2022-04-13 21:15:39,281] {local_task_job.py:154} INFO - Task exited with return code 0
[2022-04-13 21:15:39,472] {local_task_job.py:264} INFO - 1 downstream tasks scheduled from follow-on schedule check
