[2022-04-13 21:26:56,964] {taskinstance.py:1032} INFO - Dependencies all met for <TaskInstance: LocalIngestionDAG.ingest scheduled__2021-09-02T06:00:58+00:00 [queued]>
[2022-04-13 21:26:57,019] {taskinstance.py:1032} INFO - Dependencies all met for <TaskInstance: LocalIngestionDAG.ingest scheduled__2021-09-02T06:00:58+00:00 [queued]>
[2022-04-13 21:26:57,020] {taskinstance.py:1238} INFO - 
--------------------------------------------------------------------------------
[2022-04-13 21:26:57,021] {taskinstance.py:1239} INFO - Starting attempt 1 of 1
[2022-04-13 21:26:57,021] {taskinstance.py:1240} INFO - 
--------------------------------------------------------------------------------
[2022-04-13 21:26:57,122] {taskinstance.py:1259} INFO - Executing <Task(BashOperator): ingest> on 2021-09-02 06:00:58+00:00
[2022-04-13 21:26:57,138] {standard_task_runner.py:52} INFO - Started process 4871 to run task
[2022-04-13 21:26:57,165] {standard_task_runner.py:76} INFO - Running: ['***', 'tasks', 'run', 'LocalIngestionDAG', 'ingest', 'scheduled__2021-09-02T06:00:58+00:00', '--job-id', '1202', '--raw', '--subdir', 'DAGS_FOLDER/data_ingestion_local.py', '--cfg-path', '/tmp/tmppb1uk10c', '--error-file', '/tmp/tmpkijmajx4']
[2022-04-13 21:26:57,173] {standard_task_runner.py:77} INFO - Job 1202: Subtask ingest
[2022-04-13 21:26:57,496] {logging_mixin.py:109} INFO - Running <TaskInstance: LocalIngestionDAG.ingest scheduled__2021-09-02T06:00:58+00:00 [running]> on host 13db72185839
[2022-04-13 21:26:57,790] {taskinstance.py:1426} INFO - Exporting the following env vars:
AIRFLOW_CTX_DAG_OWNER=***
AIRFLOW_CTX_DAG_ID=LocalIngestionDAG
AIRFLOW_CTX_TASK_ID=ingest
AIRFLOW_CTX_EXECUTION_DATE=2021-09-02T06:00:58+00:00
AIRFLOW_CTX_DAG_RUN_ID=scheduled__2021-09-02T06:00:58+00:00
[2022-04-13 21:26:57,793] {subprocess.py:62} INFO - Tmp dir root location: 
 /tmp
[2022-04-13 21:26:57,796] {subprocess.py:74} INFO - Running command: ['bash', '-c', 'pwd']
[2022-04-13 21:26:57,812] {subprocess.py:85} INFO - Output:
[2022-04-13 21:26:57,816] {subprocess.py:89} INFO - /tmp/***tmp79kvl2h8
[2022-04-13 21:26:57,822] {subprocess.py:93} INFO - Command exited with return code 0
[2022-04-13 21:26:57,921] {taskinstance.py:1277} INFO - Marking task as SUCCESS. dag_id=LocalIngestionDAG, task_id=ingest, execution_date=20210902T060058, start_date=20220413T212656, end_date=20220413T212657
[2022-04-13 21:26:58,013] {local_task_job.py:154} INFO - Task exited with return code 0
[2022-04-13 21:26:58,147] {local_task_job.py:264} INFO - 0 downstream tasks scheduled from follow-on schedule check
