[2022-04-13 22:33:47,748] {taskinstance.py:1032} INFO - Dependencies all met for <TaskInstance: LocalIngestionDAG.ingest scheduled__2022-02-02T06:00:29+00:00 [queued]>
[2022-04-13 22:33:47,833] {taskinstance.py:1032} INFO - Dependencies all met for <TaskInstance: LocalIngestionDAG.ingest scheduled__2022-02-02T06:00:29+00:00 [queued]>
[2022-04-13 22:33:47,849] {taskinstance.py:1238} INFO - 
--------------------------------------------------------------------------------
[2022-04-13 22:33:47,850] {taskinstance.py:1239} INFO - Starting attempt 1 of 1
[2022-04-13 22:33:47,850] {taskinstance.py:1240} INFO - 
--------------------------------------------------------------------------------
[2022-04-13 22:33:47,933] {taskinstance.py:1259} INFO - Executing <Task(BashOperator): ingest> on 2022-02-02 06:00:29+00:00
[2022-04-13 22:33:47,980] {standard_task_runner.py:52} INFO - Started process 10262 to run task
[2022-04-13 22:33:47,992] {standard_task_runner.py:76} INFO - Running: ['***', 'tasks', 'run', 'LocalIngestionDAG', 'ingest', 'scheduled__2022-02-02T06:00:29+00:00', '--job-id', '1715', '--raw', '--subdir', 'DAGS_FOLDER/data_ingestion_local.py', '--cfg-path', '/tmp/tmpzugvs938', '--error-file', '/tmp/tmptxy61jbn']
[2022-04-13 22:33:47,998] {standard_task_runner.py:77} INFO - Job 1715: Subtask ingest
[2022-04-13 22:33:48,339] {logging_mixin.py:109} INFO - Running <TaskInstance: LocalIngestionDAG.ingest scheduled__2022-02-02T06:00:29+00:00 [running]> on host 13db72185839
[2022-04-13 22:33:48,508] {taskinstance.py:1426} INFO - Exporting the following env vars:
AIRFLOW_CTX_DAG_OWNER=***
AIRFLOW_CTX_DAG_ID=LocalIngestionDAG
AIRFLOW_CTX_TASK_ID=ingest
AIRFLOW_CTX_EXECUTION_DATE=2022-02-02T06:00:29+00:00
AIRFLOW_CTX_DAG_RUN_ID=scheduled__2022-02-02T06:00:29+00:00
[2022-04-13 22:33:48,513] {subprocess.py:62} INFO - Tmp dir root location: 
 /tmp
[2022-04-13 22:33:48,515] {subprocess.py:74} INFO - Running command: ['bash', '-c', 'ls /opt/***']
[2022-04-13 22:33:48,552] {subprocess.py:85} INFO - Output:
[2022-04-13 22:33:48,571] {subprocess.py:89} INFO - ***.cfg
[2022-04-13 22:33:48,575] {subprocess.py:89} INFO - dags
[2022-04-13 22:33:48,577] {subprocess.py:89} INFO - logs
[2022-04-13 22:33:48,578] {subprocess.py:89} INFO - output.csv
[2022-04-13 22:33:48,579] {subprocess.py:89} INFO - plugins
[2022-04-13 22:33:48,583] {subprocess.py:89} INFO - requirements.txt
[2022-04-13 22:33:48,588] {subprocess.py:89} INFO - scripts
[2022-04-13 22:33:48,591] {subprocess.py:89} INFO - webserver_config.py
[2022-04-13 22:33:48,593] {subprocess.py:93} INFO - Command exited with return code 0
[2022-04-13 22:33:48,680] {taskinstance.py:1277} INFO - Marking task as SUCCESS. dag_id=LocalIngestionDAG, task_id=ingest, execution_date=20220202T060029, start_date=20220413T223347, end_date=20220413T223348
[2022-04-13 22:33:48,765] {local_task_job.py:154} INFO - Task exited with return code 0
[2022-04-13 22:33:48,853] {local_task_job.py:264} INFO - 0 downstream tasks scheduled from follow-on schedule check
