[2022-04-13 22:35:20,634] {taskinstance.py:1032} INFO - Dependencies all met for <TaskInstance: LocalIngestionDAG.wget scheduled__2022-03-02T06:00:47+00:00 [queued]>
[2022-04-13 22:35:20,665] {taskinstance.py:1032} INFO - Dependencies all met for <TaskInstance: LocalIngestionDAG.wget scheduled__2022-03-02T06:00:47+00:00 [queued]>
[2022-04-13 22:35:20,666] {taskinstance.py:1238} INFO - 
--------------------------------------------------------------------------------
[2022-04-13 22:35:20,667] {taskinstance.py:1239} INFO - Starting attempt 1 of 1
[2022-04-13 22:35:20,667] {taskinstance.py:1240} INFO - 
--------------------------------------------------------------------------------
[2022-04-13 22:35:20,697] {taskinstance.py:1259} INFO - Executing <Task(BashOperator): wget> on 2022-03-02 06:00:47+00:00
[2022-04-13 22:35:20,702] {standard_task_runner.py:52} INFO - Started process 10918 to run task
[2022-04-13 22:35:20,709] {standard_task_runner.py:76} INFO - Running: ['***', 'tasks', 'run', 'LocalIngestionDAG', 'wget', 'scheduled__2022-03-02T06:00:47+00:00', '--job-id', '1863', '--raw', '--subdir', 'DAGS_FOLDER/data_ingestion_local.py', '--cfg-path', '/tmp/tmp73out2m8', '--error-file', '/tmp/tmpwbt6yktp']
[2022-04-13 22:35:20,712] {standard_task_runner.py:77} INFO - Job 1863: Subtask wget
[2022-04-13 22:35:20,851] {logging_mixin.py:109} INFO - Running <TaskInstance: LocalIngestionDAG.wget scheduled__2022-03-02T06:00:47+00:00 [running]> on host 13db72185839
[2022-04-13 22:35:20,944] {logging_mixin.py:109} WARNING - /home/***/.local/lib/python3.7/site-packages/***/utils/context.py:152 AirflowContextDeprecationWarning: Accessing 'execution_date' from the template is deprecated and will be removed in a future version. Please use 'data_interval_start' or 'logical_date' instead.
[2022-04-13 22:35:20,988] {taskinstance.py:1426} INFO - Exporting the following env vars:
AIRFLOW_CTX_DAG_OWNER=***
AIRFLOW_CTX_DAG_ID=LocalIngestionDAG
AIRFLOW_CTX_TASK_ID=wget
AIRFLOW_CTX_EXECUTION_DATE=2022-03-02T06:00:47+00:00
AIRFLOW_CTX_DAG_RUN_ID=scheduled__2022-03-02T06:00:47+00:00
[2022-04-13 22:35:20,990] {subprocess.py:62} INFO - Tmp dir root location: 
 /tmp
[2022-04-13 22:35:20,992] {subprocess.py:74} INFO - Running command: ['bash', '-c', 'curl -sSL https://s3.amazonaws.com/nyc-tlc/trip+data/yellow_tripdata_2022-03.csv > /opt/***/output_2022-03.csv']
[2022-04-13 22:35:21,004] {subprocess.py:85} INFO - Output:
[2022-04-13 22:35:22,575] {subprocess.py:93} INFO - Command exited with return code 0
[2022-04-13 22:35:22,621] {taskinstance.py:1277} INFO - Marking task as SUCCESS. dag_id=LocalIngestionDAG, task_id=wget, execution_date=20220302T060047, start_date=20220413T223520, end_date=20220413T223522
[2022-04-13 22:35:22,693] {local_task_job.py:154} INFO - Task exited with return code 0
[2022-04-13 22:35:22,749] {local_task_job.py:264} INFO - 1 downstream tasks scheduled from follow-on schedule check
