[2022-04-13 21:27:08,210] {taskinstance.py:1032} INFO - Dependencies all met for <TaskInstance: LocalIngestionDAG.ingest scheduled__2021-10-02T06:00:06+00:00 [queued]>
[2022-04-13 21:27:08,321] {taskinstance.py:1032} INFO - Dependencies all met for <TaskInstance: LocalIngestionDAG.ingest scheduled__2021-10-02T06:00:06+00:00 [queued]>
[2022-04-13 21:27:08,336] {taskinstance.py:1238} INFO - 
--------------------------------------------------------------------------------
[2022-04-13 21:27:08,343] {taskinstance.py:1239} INFO - Starting attempt 1 of 1
[2022-04-13 21:27:08,352] {taskinstance.py:1240} INFO - 
--------------------------------------------------------------------------------
[2022-04-13 21:27:08,467] {taskinstance.py:1259} INFO - Executing <Task(BashOperator): ingest> on 2021-10-02 06:00:06+00:00
[2022-04-13 21:27:08,485] {standard_task_runner.py:52} INFO - Started process 4928 to run task
[2022-04-13 21:27:08,517] {standard_task_runner.py:76} INFO - Running: ['***', 'tasks', 'run', 'LocalIngestionDAG', 'ingest', 'scheduled__2021-10-02T06:00:06+00:00', '--job-id', '1217', '--raw', '--subdir', 'DAGS_FOLDER/data_ingestion_local.py', '--cfg-path', '/tmp/tmppu0lz2hd', '--error-file', '/tmp/tmpl2jkxgdk']
[2022-04-13 21:27:08,569] {standard_task_runner.py:77} INFO - Job 1217: Subtask ingest
[2022-04-13 21:27:08,961] {logging_mixin.py:109} INFO - Running <TaskInstance: LocalIngestionDAG.ingest scheduled__2021-10-02T06:00:06+00:00 [running]> on host 13db72185839
[2022-04-13 21:27:09,454] {taskinstance.py:1426} INFO - Exporting the following env vars:
AIRFLOW_CTX_DAG_OWNER=***
AIRFLOW_CTX_DAG_ID=LocalIngestionDAG
AIRFLOW_CTX_TASK_ID=ingest
AIRFLOW_CTX_EXECUTION_DATE=2021-10-02T06:00:06+00:00
AIRFLOW_CTX_DAG_RUN_ID=scheduled__2021-10-02T06:00:06+00:00
[2022-04-13 21:27:09,457] {subprocess.py:62} INFO - Tmp dir root location: 
 /tmp
[2022-04-13 21:27:09,460] {subprocess.py:74} INFO - Running command: ['bash', '-c', 'pwd']
[2022-04-13 21:27:09,483] {subprocess.py:85} INFO - Output:
[2022-04-13 21:27:09,490] {subprocess.py:89} INFO - /tmp/***tmpelkbt527
[2022-04-13 21:27:09,498] {subprocess.py:93} INFO - Command exited with return code 0
[2022-04-13 21:27:09,693] {taskinstance.py:1277} INFO - Marking task as SUCCESS. dag_id=LocalIngestionDAG, task_id=ingest, execution_date=20211002T060006, start_date=20220413T212708, end_date=20220413T212709
[2022-04-13 21:27:09,832] {local_task_job.py:154} INFO - Task exited with return code 0
[2022-04-13 21:27:10,069] {local_task_job.py:264} INFO - 0 downstream tasks scheduled from follow-on schedule check
