[2022-04-13 22:32:13,110] {taskinstance.py:1032} INFO - Dependencies all met for <TaskInstance: LocalIngestionDAG.ingest scheduled__2022-01-02T06:00:21+00:00 [queued]>
[2022-04-13 22:32:13,158] {taskinstance.py:1032} INFO - Dependencies all met for <TaskInstance: LocalIngestionDAG.ingest scheduled__2022-01-02T06:00:21+00:00 [queued]>
[2022-04-13 22:32:13,159] {taskinstance.py:1238} INFO - 
--------------------------------------------------------------------------------
[2022-04-13 22:32:13,161] {taskinstance.py:1239} INFO - Starting attempt 1 of 1
[2022-04-13 22:32:13,165] {taskinstance.py:1240} INFO - 
--------------------------------------------------------------------------------
[2022-04-13 22:32:13,220] {taskinstance.py:1259} INFO - Executing <Task(BashOperator): ingest> on 2022-01-02 06:00:21+00:00
[2022-04-13 22:32:13,239] {standard_task_runner.py:52} INFO - Started process 9637 to run task
[2022-04-13 22:32:13,256] {standard_task_runner.py:76} INFO - Running: ['***', 'tasks', 'run', 'LocalIngestionDAG', 'ingest', 'scheduled__2022-01-02T06:00:21+00:00', '--job-id', '1577', '--raw', '--subdir', 'DAGS_FOLDER/data_ingestion_local.py', '--cfg-path', '/tmp/tmpcseczf__', '--error-file', '/tmp/tmp249k3a5_']
[2022-04-13 22:32:13,263] {standard_task_runner.py:77} INFO - Job 1577: Subtask ingest
[2022-04-13 22:32:13,475] {logging_mixin.py:109} INFO - Running <TaskInstance: LocalIngestionDAG.ingest scheduled__2022-01-02T06:00:21+00:00 [running]> on host 13db72185839
[2022-04-13 22:32:13,645] {taskinstance.py:1426} INFO - Exporting the following env vars:
AIRFLOW_CTX_DAG_OWNER=***
AIRFLOW_CTX_DAG_ID=LocalIngestionDAG
AIRFLOW_CTX_TASK_ID=ingest
AIRFLOW_CTX_EXECUTION_DATE=2022-01-02T06:00:21+00:00
AIRFLOW_CTX_DAG_RUN_ID=scheduled__2022-01-02T06:00:21+00:00
[2022-04-13 22:32:13,647] {subprocess.py:62} INFO - Tmp dir root location: 
 /tmp
[2022-04-13 22:32:13,651] {subprocess.py:74} INFO - Running command: ['bash', '-c', 'ls /opt/***']
[2022-04-13 22:32:13,679] {subprocess.py:85} INFO - Output:
[2022-04-13 22:32:13,687] {subprocess.py:89} INFO - ***.cfg
[2022-04-13 22:32:13,689] {subprocess.py:89} INFO - dags
[2022-04-13 22:32:13,689] {subprocess.py:89} INFO - logs
[2022-04-13 22:32:13,690] {subprocess.py:89} INFO - output.csv
[2022-04-13 22:32:13,691] {subprocess.py:89} INFO - plugins
[2022-04-13 22:32:13,691] {subprocess.py:89} INFO - requirements.txt
[2022-04-13 22:32:13,693] {subprocess.py:89} INFO - scripts
[2022-04-13 22:32:13,694] {subprocess.py:89} INFO - webserver_config.py
[2022-04-13 22:32:13,696] {subprocess.py:93} INFO - Command exited with return code 0
[2022-04-13 22:32:13,764] {taskinstance.py:1277} INFO - Marking task as SUCCESS. dag_id=LocalIngestionDAG, task_id=ingest, execution_date=20220102T060021, start_date=20220413T223213, end_date=20220413T223213
[2022-04-13 22:32:13,834] {local_task_job.py:154} INFO - Task exited with return code 0
[2022-04-13 22:32:13,909] {local_task_job.py:264} INFO - 0 downstream tasks scheduled from follow-on schedule check
