[2022-04-13 22:32:28,791] {taskinstance.py:1032} INFO - Dependencies all met for <TaskInstance: LocalIngestionDAG.ingest scheduled__2022-01-02T06:00:32+00:00 [queued]>
[2022-04-13 22:32:28,830] {taskinstance.py:1032} INFO - Dependencies all met for <TaskInstance: LocalIngestionDAG.ingest scheduled__2022-01-02T06:00:32+00:00 [queued]>
[2022-04-13 22:32:28,831] {taskinstance.py:1238} INFO - 
--------------------------------------------------------------------------------
[2022-04-13 22:32:28,832] {taskinstance.py:1239} INFO - Starting attempt 1 of 1
[2022-04-13 22:32:28,833] {taskinstance.py:1240} INFO - 
--------------------------------------------------------------------------------
[2022-04-13 22:32:28,881] {taskinstance.py:1259} INFO - Executing <Task(BashOperator): ingest> on 2022-01-02 06:00:32+00:00
[2022-04-13 22:32:28,892] {standard_task_runner.py:52} INFO - Started process 9745 to run task
[2022-04-13 22:32:28,903] {standard_task_runner.py:76} INFO - Running: ['***', 'tasks', 'run', 'LocalIngestionDAG', 'ingest', 'scheduled__2022-01-02T06:00:32+00:00', '--job-id', '1599', '--raw', '--subdir', 'DAGS_FOLDER/data_ingestion_local.py', '--cfg-path', '/tmp/tmp_n0t18vu', '--error-file', '/tmp/tmpkzmnyko7']
[2022-04-13 22:32:28,906] {standard_task_runner.py:77} INFO - Job 1599: Subtask ingest
[2022-04-13 22:32:29,075] {logging_mixin.py:109} INFO - Running <TaskInstance: LocalIngestionDAG.ingest scheduled__2022-01-02T06:00:32+00:00 [running]> on host 13db72185839
[2022-04-13 22:32:29,260] {taskinstance.py:1426} INFO - Exporting the following env vars:
AIRFLOW_CTX_DAG_OWNER=***
AIRFLOW_CTX_DAG_ID=LocalIngestionDAG
AIRFLOW_CTX_TASK_ID=ingest
AIRFLOW_CTX_EXECUTION_DATE=2022-01-02T06:00:32+00:00
AIRFLOW_CTX_DAG_RUN_ID=scheduled__2022-01-02T06:00:32+00:00
[2022-04-13 22:32:29,266] {subprocess.py:62} INFO - Tmp dir root location: 
 /tmp
[2022-04-13 22:32:29,272] {subprocess.py:74} INFO - Running command: ['bash', '-c', 'ls /opt/***']
[2022-04-13 22:32:29,289] {subprocess.py:85} INFO - Output:
[2022-04-13 22:32:29,299] {subprocess.py:89} INFO - ***.cfg
[2022-04-13 22:32:29,300] {subprocess.py:89} INFO - dags
[2022-04-13 22:32:29,301] {subprocess.py:89} INFO - logs
[2022-04-13 22:32:29,302] {subprocess.py:89} INFO - output.csv
[2022-04-13 22:32:29,303] {subprocess.py:89} INFO - plugins
[2022-04-13 22:32:29,304] {subprocess.py:89} INFO - requirements.txt
[2022-04-13 22:32:29,305] {subprocess.py:89} INFO - scripts
[2022-04-13 22:32:29,306] {subprocess.py:89} INFO - webserver_config.py
[2022-04-13 22:32:29,307] {subprocess.py:93} INFO - Command exited with return code 0
[2022-04-13 22:32:29,361] {taskinstance.py:1277} INFO - Marking task as SUCCESS. dag_id=LocalIngestionDAG, task_id=ingest, execution_date=20220102T060032, start_date=20220413T223228, end_date=20220413T223229
[2022-04-13 22:32:29,409] {local_task_job.py:154} INFO - Task exited with return code 0
[2022-04-13 22:32:29,479] {local_task_job.py:264} INFO - 0 downstream tasks scheduled from follow-on schedule check
