[2022-04-13 21:15:38,520] {taskinstance.py:1032} INFO - Dependencies all met for <TaskInstance: LocalIngestionDAG.wget manual__2022-04-13T21:15:36.839665+00:00 [queued]>
[2022-04-13 21:15:38,552] {taskinstance.py:1032} INFO - Dependencies all met for <TaskInstance: LocalIngestionDAG.wget manual__2022-04-13T21:15:36.839665+00:00 [queued]>
[2022-04-13 21:15:38,554] {taskinstance.py:1238} INFO - 
--------------------------------------------------------------------------------
[2022-04-13 21:15:38,555] {taskinstance.py:1239} INFO - Starting attempt 1 of 1
[2022-04-13 21:15:38,559] {taskinstance.py:1240} INFO - 
--------------------------------------------------------------------------------
[2022-04-13 21:15:38,614] {taskinstance.py:1259} INFO - Executing <Task(BashOperator): wget> on 2022-04-13 21:15:36.839665+00:00
[2022-04-13 21:15:38,631] {standard_task_runner.py:52} INFO - Started process 1060 to run task
[2022-04-13 21:15:38,637] {standard_task_runner.py:76} INFO - Running: ['***', 'tasks', 'run', 'LocalIngestionDAG', 'wget', 'manual__2022-04-13T21:15:36.839665+00:00', '--job-id', '120', '--raw', '--subdir', 'DAGS_FOLDER/data_ingestion_local.py', '--cfg-path', '/tmp/tmpovwng3vh', '--error-file', '/tmp/tmpiomch20q']
[2022-04-13 21:15:38,642] {standard_task_runner.py:77} INFO - Job 120: Subtask wget
[2022-04-13 21:15:38,737] {logging_mixin.py:109} INFO - Running <TaskInstance: LocalIngestionDAG.wget manual__2022-04-13T21:15:36.839665+00:00 [running]> on host 13db72185839
[2022-04-13 21:15:38,837] {taskinstance.py:1426} INFO - Exporting the following env vars:
AIRFLOW_CTX_DAG_OWNER=***
AIRFLOW_CTX_DAG_ID=LocalIngestionDAG
AIRFLOW_CTX_TASK_ID=wget
AIRFLOW_CTX_EXECUTION_DATE=2022-04-13T21:15:36.839665+00:00
AIRFLOW_CTX_DAG_RUN_ID=manual__2022-04-13T21:15:36.839665+00:00
[2022-04-13 21:15:38,838] {subprocess.py:62} INFO - Tmp dir root location: 
 /tmp
[2022-04-13 21:15:38,840] {subprocess.py:74} INFO - Running command: ['bash', '-c', 'echo "hello world"']
[2022-04-13 21:15:38,858] {subprocess.py:85} INFO - Output:
[2022-04-13 21:15:38,863] {subprocess.py:89} INFO - hello world
[2022-04-13 21:15:38,863] {subprocess.py:93} INFO - Command exited with return code 0
[2022-04-13 21:15:38,933] {taskinstance.py:1277} INFO - Marking task as SUCCESS. dag_id=LocalIngestionDAG, task_id=wget, execution_date=20220413T211536, start_date=20220413T211538, end_date=20220413T211538
[2022-04-13 21:15:39,016] {local_task_job.py:154} INFO - Task exited with return code 0
[2022-04-13 21:15:39,178] {local_task_job.py:264} INFO - 0 downstream tasks scheduled from follow-on schedule check
