[2022-04-13 22:10:11,664] {taskinstance.py:1032} INFO - Dependencies all met for <TaskInstance: LocalIngestionDAG.wget manual__2022-04-13T21:15:36.839665+00:00 [queued]>
[2022-04-13 22:10:11,681] {taskinstance.py:1032} INFO - Dependencies all met for <TaskInstance: LocalIngestionDAG.wget manual__2022-04-13T21:15:36.839665+00:00 [queued]>
[2022-04-13 22:10:11,682] {taskinstance.py:1238} INFO - 
--------------------------------------------------------------------------------
[2022-04-13 22:10:11,683] {taskinstance.py:1239} INFO - Starting attempt 2 of 2
[2022-04-13 22:10:11,683] {taskinstance.py:1240} INFO - 
--------------------------------------------------------------------------------
[2022-04-13 22:10:11,703] {taskinstance.py:1259} INFO - Executing <Task(BashOperator): wget> on 2022-04-13 21:15:36.839665+00:00
[2022-04-13 22:10:11,710] {standard_task_runner.py:52} INFO - Started process 7740 to run task
[2022-04-13 22:10:11,717] {standard_task_runner.py:76} INFO - Running: ['***', 'tasks', 'run', 'LocalIngestionDAG', 'wget', 'manual__2022-04-13T21:15:36.839665+00:00', '--job-id', '1357', '--raw', '--subdir', 'DAGS_FOLDER/data_ingestion_local.py', '--cfg-path', '/tmp/tmpfsu1_fee', '--error-file', '/tmp/tmp5pd3et7v']
[2022-04-13 22:10:11,719] {standard_task_runner.py:77} INFO - Job 1357: Subtask wget
[2022-04-13 22:10:11,800] {logging_mixin.py:109} INFO - Running <TaskInstance: LocalIngestionDAG.wget manual__2022-04-13T21:15:36.839665+00:00 [running]> on host 13db72185839
[2022-04-13 22:10:11,859] {logging_mixin.py:109} WARNING - /home/***/.local/lib/python3.7/site-packages/***/utils/context.py:152 AirflowContextDeprecationWarning: Accessing 'execution_date' from the template is deprecated and will be removed in a future version. Please use 'data_interval_start' or 'logical_date' instead.
[2022-04-13 22:10:11,880] {taskinstance.py:1426} INFO - Exporting the following env vars:
AIRFLOW_CTX_DAG_OWNER=***
AIRFLOW_CTX_DAG_ID=LocalIngestionDAG
AIRFLOW_CTX_TASK_ID=wget
AIRFLOW_CTX_EXECUTION_DATE=2022-04-13T21:15:36.839665+00:00
AIRFLOW_CTX_DAG_RUN_ID=manual__2022-04-13T21:15:36.839665+00:00
[2022-04-13 22:10:11,881] {subprocess.py:62} INFO - Tmp dir root location: 
 /tmp
[2022-04-13 22:10:11,883] {subprocess.py:74} INFO - Running command: ['bash', '-c', 'echo "2022-04-13" "2022-04-13T21:15:36.839665+00:00"']
[2022-04-13 22:10:11,895] {subprocess.py:85} INFO - Output:
[2022-04-13 22:10:11,896] {subprocess.py:89} INFO - 2022-04-13 2022-04-13T21:15:36.839665+00:00
[2022-04-13 22:10:11,897] {subprocess.py:93} INFO - Command exited with return code 0
[2022-04-13 22:10:11,926] {taskinstance.py:1277} INFO - Marking task as SUCCESS. dag_id=LocalIngestionDAG, task_id=wget, execution_date=20220413T211536, start_date=20220413T221011, end_date=20220413T221011
[2022-04-13 22:10:11,969] {local_task_job.py:154} INFO - Task exited with return code 0
[2022-04-13 22:10:12,037] {local_task_job.py:264} INFO - 1 downstream tasks scheduled from follow-on schedule check
