[2022-04-13 22:49:05,090] {taskinstance.py:1032} INFO - Dependencies all met for <TaskInstance: LocalIngestionDAG.wget manual__2022-04-13T21:15:36.839665+00:00 [queued]>
[2022-04-13 22:49:05,103] {taskinstance.py:1032} INFO - Dependencies all met for <TaskInstance: LocalIngestionDAG.wget manual__2022-04-13T21:15:36.839665+00:00 [queued]>
[2022-04-13 22:49:05,103] {taskinstance.py:1238} INFO - 
--------------------------------------------------------------------------------
[2022-04-13 22:49:05,104] {taskinstance.py:1239} INFO - Starting attempt 6 of 6
[2022-04-13 22:49:05,105] {taskinstance.py:1240} INFO - 
--------------------------------------------------------------------------------
[2022-04-13 22:49:05,130] {taskinstance.py:1259} INFO - Executing <Task(BashOperator): wget> on 2022-04-13 21:15:36.839665+00:00
[2022-04-13 22:49:05,134] {standard_task_runner.py:52} INFO - Started process 12310 to run task
[2022-04-13 22:49:05,137] {standard_task_runner.py:76} INFO - Running: ['***', 'tasks', 'run', 'LocalIngestionDAG', 'wget', 'manual__2022-04-13T21:15:36.839665+00:00', '--job-id', '2014', '--raw', '--subdir', 'DAGS_FOLDER/data_ingestion_local.py', '--cfg-path', '/tmp/tmpzxfq95tt', '--error-file', '/tmp/tmpwch3_coy']
[2022-04-13 22:49:05,139] {standard_task_runner.py:77} INFO - Job 2014: Subtask wget
[2022-04-13 22:49:05,219] {logging_mixin.py:109} INFO - Running <TaskInstance: LocalIngestionDAG.wget manual__2022-04-13T21:15:36.839665+00:00 [running]> on host 13db72185839
[2022-04-13 22:49:05,288] {logging_mixin.py:109} WARNING - /home/***/.local/lib/python3.7/site-packages/***/utils/context.py:152 AirflowContextDeprecationWarning: Accessing 'execution_date' from the template is deprecated and will be removed in a future version. Please use 'data_interval_start' or 'logical_date' instead.
[2022-04-13 22:49:05,311] {taskinstance.py:1426} INFO - Exporting the following env vars:
AIRFLOW_CTX_DAG_OWNER=***
AIRFLOW_CTX_DAG_ID=LocalIngestionDAG
AIRFLOW_CTX_TASK_ID=wget
AIRFLOW_CTX_EXECUTION_DATE=2022-04-13T21:15:36.839665+00:00
AIRFLOW_CTX_DAG_RUN_ID=manual__2022-04-13T21:15:36.839665+00:00
[2022-04-13 22:49:05,313] {subprocess.py:62} INFO - Tmp dir root location: 
 /tmp
[2022-04-13 22:49:05,314] {subprocess.py:74} INFO - Running command: ['bash', '-c', 'curl -sSL https://s3.amazonaws.com/nyc-tlc/trip+data/yellow_tripdata_2022-04.csv > /opt/***/output_2022-04.csv']
[2022-04-13 22:49:05,325] {subprocess.py:85} INFO - Output:
[2022-04-13 22:49:06,526] {subprocess.py:93} INFO - Command exited with return code 0
[2022-04-13 22:49:06,572] {taskinstance.py:1277} INFO - Marking task as SUCCESS. dag_id=LocalIngestionDAG, task_id=wget, execution_date=20220413T211536, start_date=20220413T224905, end_date=20220413T224906
[2022-04-13 22:49:06,640] {local_task_job.py:154} INFO - Task exited with return code 0
[2022-04-13 22:49:06,709] {local_task_job.py:264} INFO - 1 downstream tasks scheduled from follow-on schedule check
