[2022-04-13 21:17:02,074] {taskinstance.py:1032} INFO - Dependencies all met for <TaskInstance: LocalIngestionDAG.ingest scheduled__2021-02-02T06:00:37+00:00 [queued]>
[2022-04-13 21:17:02,098] {taskinstance.py:1032} INFO - Dependencies all met for <TaskInstance: LocalIngestionDAG.ingest scheduled__2021-02-02T06:00:37+00:00 [queued]>
[2022-04-13 21:17:02,103] {taskinstance.py:1238} INFO - 
--------------------------------------------------------------------------------
[2022-04-13 21:17:02,107] {taskinstance.py:1239} INFO - Starting attempt 1 of 1
[2022-04-13 21:17:02,107] {taskinstance.py:1240} INFO - 
--------------------------------------------------------------------------------
[2022-04-13 21:17:02,165] {taskinstance.py:1259} INFO - Executing <Task(BashOperator): ingest> on 2021-02-02 06:00:37+00:00
[2022-04-13 21:17:02,180] {standard_task_runner.py:52} INFO - Started process 1737 to run task
[2022-04-13 21:17:02,191] {standard_task_runner.py:76} INFO - Running: ['***', 'tasks', 'run', 'LocalIngestionDAG', 'ingest', 'scheduled__2021-02-02T06:00:37+00:00', '--job-id', '319', '--raw', '--subdir', 'DAGS_FOLDER/data_ingestion_local.py', '--cfg-path', '/tmp/tmpkdh73x4_', '--error-file', '/tmp/tmp3ednw3gv']
[2022-04-13 21:17:02,197] {standard_task_runner.py:77} INFO - Job 319: Subtask ingest
[2022-04-13 21:17:02,332] {logging_mixin.py:109} INFO - Running <TaskInstance: LocalIngestionDAG.ingest scheduled__2021-02-02T06:00:37+00:00 [running]> on host 13db72185839
[2022-04-13 21:17:02,479] {taskinstance.py:1426} INFO - Exporting the following env vars:
AIRFLOW_CTX_DAG_OWNER=***
AIRFLOW_CTX_DAG_ID=LocalIngestionDAG
AIRFLOW_CTX_TASK_ID=ingest
AIRFLOW_CTX_EXECUTION_DATE=2021-02-02T06:00:37+00:00
AIRFLOW_CTX_DAG_RUN_ID=scheduled__2021-02-02T06:00:37+00:00
[2022-04-13 21:17:02,482] {subprocess.py:62} INFO - Tmp dir root location: 
 /tmp
[2022-04-13 21:17:02,493] {subprocess.py:74} INFO - Running command: ['bash', '-c', 'pwd']
[2022-04-13 21:17:02,516] {subprocess.py:85} INFO - Output:
[2022-04-13 21:17:02,520] {subprocess.py:89} INFO - /tmp/***tmpki0qxh6t
[2022-04-13 21:17:02,523] {subprocess.py:93} INFO - Command exited with return code 0
[2022-04-13 21:17:02,870] {taskinstance.py:1277} INFO - Marking task as SUCCESS. dag_id=LocalIngestionDAG, task_id=ingest, execution_date=20210202T060037, start_date=20220413T211702, end_date=20220413T211702
[2022-04-13 21:17:02,954] {local_task_job.py:154} INFO - Task exited with return code 0
[2022-04-13 21:17:03,017] {local_task_job.py:264} INFO - 0 downstream tasks scheduled from follow-on schedule check
