[2022-04-13 22:34:23,612] {taskinstance.py:1032} INFO - Dependencies all met for <TaskInstance: LocalIngestionDAG.ingest scheduled__2022-02-02T06:00:53+00:00 [queued]>
[2022-04-13 22:34:23,681] {taskinstance.py:1032} INFO - Dependencies all met for <TaskInstance: LocalIngestionDAG.ingest scheduled__2022-02-02T06:00:53+00:00 [queued]>
[2022-04-13 22:34:23,691] {taskinstance.py:1238} INFO - 
--------------------------------------------------------------------------------
[2022-04-13 22:34:23,692] {taskinstance.py:1239} INFO - Starting attempt 1 of 1
[2022-04-13 22:34:23,702] {taskinstance.py:1240} INFO - 
--------------------------------------------------------------------------------
[2022-04-13 22:34:23,831] {taskinstance.py:1259} INFO - Executing <Task(BashOperator): ingest> on 2022-02-02 06:00:53+00:00
[2022-04-13 22:34:23,864] {standard_task_runner.py:52} INFO - Started process 10493 to run task
[2022-04-13 22:34:23,913] {standard_task_runner.py:76} INFO - Running: ['***', 'tasks', 'run', 'LocalIngestionDAG', 'ingest', 'scheduled__2022-02-02T06:00:53+00:00', '--job-id', '1765', '--raw', '--subdir', 'DAGS_FOLDER/data_ingestion_local.py', '--cfg-path', '/tmp/tmpkkuagahx', '--error-file', '/tmp/tmp3u48msbi']
[2022-04-13 22:34:23,918] {standard_task_runner.py:77} INFO - Job 1765: Subtask ingest
[2022-04-13 22:34:24,311] {logging_mixin.py:109} INFO - Running <TaskInstance: LocalIngestionDAG.ingest scheduled__2022-02-02T06:00:53+00:00 [running]> on host 13db72185839
[2022-04-13 22:34:24,537] {taskinstance.py:1426} INFO - Exporting the following env vars:
AIRFLOW_CTX_DAG_OWNER=***
AIRFLOW_CTX_DAG_ID=LocalIngestionDAG
AIRFLOW_CTX_TASK_ID=ingest
AIRFLOW_CTX_EXECUTION_DATE=2022-02-02T06:00:53+00:00
AIRFLOW_CTX_DAG_RUN_ID=scheduled__2022-02-02T06:00:53+00:00
[2022-04-13 22:34:24,542] {subprocess.py:62} INFO - Tmp dir root location: 
 /tmp
[2022-04-13 22:34:24,545] {subprocess.py:74} INFO - Running command: ['bash', '-c', 'ls /opt/***']
[2022-04-13 22:34:24,587] {subprocess.py:85} INFO - Output:
[2022-04-13 22:34:24,614] {subprocess.py:89} INFO - ***.cfg
[2022-04-13 22:34:24,616] {subprocess.py:89} INFO - dags
[2022-04-13 22:34:24,622] {subprocess.py:89} INFO - logs
[2022-04-13 22:34:24,623] {subprocess.py:89} INFO - output.csv
[2022-04-13 22:34:24,625] {subprocess.py:89} INFO - plugins
[2022-04-13 22:34:24,627] {subprocess.py:89} INFO - requirements.txt
[2022-04-13 22:34:24,629] {subprocess.py:89} INFO - scripts
[2022-04-13 22:34:24,630] {subprocess.py:89} INFO - webserver_config.py
[2022-04-13 22:34:24,631] {subprocess.py:93} INFO - Command exited with return code 0
[2022-04-13 22:34:24,757] {taskinstance.py:1277} INFO - Marking task as SUCCESS. dag_id=LocalIngestionDAG, task_id=ingest, execution_date=20220202T060053, start_date=20220413T223423, end_date=20220413T223424
[2022-04-13 22:34:24,871] {local_task_job.py:154} INFO - Task exited with return code 0
[2022-04-13 22:34:25,335] {local_task_job.py:264} INFO - 0 downstream tasks scheduled from follow-on schedule check
