[2022-04-13 21:23:13,880] {taskinstance.py:1032} INFO - Dependencies all met for <TaskInstance: LocalIngestionDAG.wget scheduled__2021-06-02T06:00:35+00:00 [queued]>
[2022-04-13 21:23:13,905] {taskinstance.py:1032} INFO - Dependencies all met for <TaskInstance: LocalIngestionDAG.wget scheduled__2021-06-02T06:00:35+00:00 [queued]>
[2022-04-13 21:23:13,907] {taskinstance.py:1238} INFO - 
--------------------------------------------------------------------------------
[2022-04-13 21:23:13,909] {taskinstance.py:1239} INFO - Starting attempt 1 of 1
[2022-04-13 21:23:13,910] {taskinstance.py:1240} INFO - 
--------------------------------------------------------------------------------
[2022-04-13 21:23:13,948] {taskinstance.py:1259} INFO - Executing <Task(BashOperator): wget> on 2021-06-02 06:00:35+00:00
[2022-04-13 21:23:13,960] {standard_task_runner.py:52} INFO - Started process 3457 to run task
[2022-04-13 21:23:13,976] {standard_task_runner.py:76} INFO - Running: ['***', 'tasks', 'run', 'LocalIngestionDAG', 'wget', 'scheduled__2021-06-02T06:00:35+00:00', '--job-id', '788', '--raw', '--subdir', 'DAGS_FOLDER/data_ingestion_local.py', '--cfg-path', '/tmp/tmpjgpt_zp4', '--error-file', '/tmp/tmpetpuqox9']
[2022-04-13 21:23:13,987] {standard_task_runner.py:77} INFO - Job 788: Subtask wget
[2022-04-13 21:23:14,221] {logging_mixin.py:109} INFO - Running <TaskInstance: LocalIngestionDAG.wget scheduled__2021-06-02T06:00:35+00:00 [running]> on host 13db72185839
[2022-04-13 21:23:14,427] {taskinstance.py:1426} INFO - Exporting the following env vars:
AIRFLOW_CTX_DAG_OWNER=***
AIRFLOW_CTX_DAG_ID=LocalIngestionDAG
AIRFLOW_CTX_TASK_ID=wget
AIRFLOW_CTX_EXECUTION_DATE=2021-06-02T06:00:35+00:00
AIRFLOW_CTX_DAG_RUN_ID=scheduled__2021-06-02T06:00:35+00:00
[2022-04-13 21:23:14,429] {subprocess.py:62} INFO - Tmp dir root location: 
 /tmp
[2022-04-13 21:23:14,431] {subprocess.py:74} INFO - Running command: ['bash', '-c', 'echo "hello world"']
[2022-04-13 21:23:14,447] {subprocess.py:85} INFO - Output:
[2022-04-13 21:23:14,450] {subprocess.py:89} INFO - hello world
[2022-04-13 21:23:14,451] {subprocess.py:93} INFO - Command exited with return code 0
[2022-04-13 21:23:14,502] {taskinstance.py:1277} INFO - Marking task as SUCCESS. dag_id=LocalIngestionDAG, task_id=wget, execution_date=20210602T060035, start_date=20220413T212313, end_date=20220413T212314
[2022-04-13 21:23:14,562] {local_task_job.py:154} INFO - Task exited with return code 0
[2022-04-13 21:23:14,665] {local_task_job.py:264} INFO - 1 downstream tasks scheduled from follow-on schedule check
