[2022-04-13 09:30:56,017] {taskinstance.py:1032} INFO - Dependencies all met for <TaskInstance: data_ingestion_gcs_dag.download_dataset_task scheduled__2022-04-12T00:00:00+00:00 [queued]>
[2022-04-13 09:30:56,035] {taskinstance.py:1032} INFO - Dependencies all met for <TaskInstance: data_ingestion_gcs_dag.download_dataset_task scheduled__2022-04-12T00:00:00+00:00 [queued]>
[2022-04-13 09:30:56,035] {taskinstance.py:1238} INFO - 
--------------------------------------------------------------------------------
[2022-04-13 09:30:56,036] {taskinstance.py:1239} INFO - Starting attempt 1 of 2
[2022-04-13 09:30:56,036] {taskinstance.py:1240} INFO - 
--------------------------------------------------------------------------------
[2022-04-13 09:30:56,134] {taskinstance.py:1259} INFO - Executing <Task(BashOperator): download_dataset_task> on 2022-04-12 00:00:00+00:00
[2022-04-13 09:30:56,141] {standard_task_runner.py:52} INFO - Started process 194 to run task
[2022-04-13 09:30:56,147] {standard_task_runner.py:76} INFO - Running: ['***', 'tasks', 'run', 'data_ingestion_gcs_dag', 'download_dataset_task', 'scheduled__2022-04-12T00:00:00+00:00', '--job-id', '65', '--raw', '--subdir', 'DAGS_FOLDER/data_ingestion_gcs_dag.py', '--cfg-path', '/tmp/tmp5f20v8gz', '--error-file', '/tmp/tmpho5nnlb1']
[2022-04-13 09:30:56,149] {standard_task_runner.py:77} INFO - Job 65: Subtask download_dataset_task
[2022-04-13 09:30:56,261] {logging_mixin.py:109} INFO - Running <TaskInstance: data_ingestion_gcs_dag.download_dataset_task scheduled__2022-04-12T00:00:00+00:00 [running]> on host c8926bece071
[2022-04-13 09:30:56,393] {taskinstance.py:1426} INFO - Exporting the following env vars:
AIRFLOW_CTX_DAG_OWNER=***
AIRFLOW_CTX_DAG_ID=data_ingestion_gcs_dag
AIRFLOW_CTX_TASK_ID=download_dataset_task
AIRFLOW_CTX_EXECUTION_DATE=2022-04-12T00:00:00+00:00
AIRFLOW_CTX_DAG_RUN_ID=scheduled__2022-04-12T00:00:00+00:00
[2022-04-13 09:30:56,395] {subprocess.py:62} INFO - Tmp dir root location: 
 /tmp
[2022-04-13 09:30:56,396] {subprocess.py:74} INFO - Running command: ['bash', '-c', 'curl -sSL https://s3.amazonaws.com/nyc-tlc/trip+data/yellow_tripdata_2021-01.csv > /opt/***/yellow_tripdata_2021-01.csv']
[2022-04-13 09:30:56,412] {subprocess.py:85} INFO - Output:
[2022-04-13 09:33:51,453] {subprocess.py:93} INFO - Command exited with return code 0
[2022-04-13 09:33:51,668] {taskinstance.py:1277} INFO - Marking task as SUCCESS. dag_id=data_ingestion_gcs_dag, task_id=download_dataset_task, execution_date=20220412T000000, start_date=20220413T093056, end_date=20220413T093351
[2022-04-13 09:33:51,733] {local_task_job.py:154} INFO - Task exited with return code 0
[2022-04-13 09:33:51,804] {local_task_job.py:264} INFO - 1 downstream tasks scheduled from follow-on schedule check
