[2022-04-13 21:22:28,790] {taskinstance.py:1032} INFO - Dependencies all met for <TaskInstance: LocalIngestionDAG.ingest scheduled__2021-05-02T06:00:49+00:00 [queued]>
[2022-04-13 21:22:28,822] {taskinstance.py:1032} INFO - Dependencies all met for <TaskInstance: LocalIngestionDAG.ingest scheduled__2021-05-02T06:00:49+00:00 [queued]>
[2022-04-13 21:22:28,828] {taskinstance.py:1238} INFO - 
--------------------------------------------------------------------------------
[2022-04-13 21:22:28,828] {taskinstance.py:1239} INFO - Starting attempt 1 of 1
[2022-04-13 21:22:28,829] {taskinstance.py:1240} INFO - 
--------------------------------------------------------------------------------
[2022-04-13 21:22:28,871] {taskinstance.py:1259} INFO - Executing <Task(BashOperator): ingest> on 2021-05-02 06:00:49+00:00
[2022-04-13 21:22:28,878] {standard_task_runner.py:52} INFO - Started process 3169 to run task
[2022-04-13 21:22:28,899] {standard_task_runner.py:76} INFO - Running: ['***', 'tasks', 'run', 'LocalIngestionDAG', 'ingest', 'scheduled__2021-05-02T06:00:49+00:00', '--job-id', '703', '--raw', '--subdir', 'DAGS_FOLDER/data_ingestion_local.py', '--cfg-path', '/tmp/tmp8_2n635y', '--error-file', '/tmp/tmpoanydd7g']
[2022-04-13 21:22:28,902] {standard_task_runner.py:77} INFO - Job 703: Subtask ingest
[2022-04-13 21:22:29,088] {logging_mixin.py:109} INFO - Running <TaskInstance: LocalIngestionDAG.ingest scheduled__2021-05-02T06:00:49+00:00 [running]> on host 13db72185839
[2022-04-13 21:22:29,411] {taskinstance.py:1426} INFO - Exporting the following env vars:
AIRFLOW_CTX_DAG_OWNER=***
AIRFLOW_CTX_DAG_ID=LocalIngestionDAG
AIRFLOW_CTX_TASK_ID=ingest
AIRFLOW_CTX_EXECUTION_DATE=2021-05-02T06:00:49+00:00
AIRFLOW_CTX_DAG_RUN_ID=scheduled__2021-05-02T06:00:49+00:00
[2022-04-13 21:22:29,414] {subprocess.py:62} INFO - Tmp dir root location: 
 /tmp
[2022-04-13 21:22:29,416] {subprocess.py:74} INFO - Running command: ['bash', '-c', 'pwd']
[2022-04-13 21:22:29,440] {subprocess.py:85} INFO - Output:
[2022-04-13 21:22:29,443] {subprocess.py:89} INFO - /tmp/***tmpxa3krq5i
[2022-04-13 21:22:29,444] {subprocess.py:93} INFO - Command exited with return code 0
[2022-04-13 21:22:29,896] {taskinstance.py:1277} INFO - Marking task as SUCCESS. dag_id=LocalIngestionDAG, task_id=ingest, execution_date=20210502T060049, start_date=20220413T212228, end_date=20220413T212229
[2022-04-13 21:22:29,975] {local_task_job.py:154} INFO - Task exited with return code 0
[2022-04-13 21:22:30,143] {local_task_job.py:264} INFO - 0 downstream tasks scheduled from follow-on schedule check
