[2022-04-13 21:22:18,999] {taskinstance.py:1032} INFO - Dependencies all met for <TaskInstance: LocalIngestionDAG.ingest scheduled__2021-05-02T06:00:41+00:00 [queued]>
[2022-04-13 21:22:19,016] {taskinstance.py:1032} INFO - Dependencies all met for <TaskInstance: LocalIngestionDAG.ingest scheduled__2021-05-02T06:00:41+00:00 [queued]>
[2022-04-13 21:22:19,016] {taskinstance.py:1238} INFO - 
--------------------------------------------------------------------------------
[2022-04-13 21:22:19,017] {taskinstance.py:1239} INFO - Starting attempt 1 of 1
[2022-04-13 21:22:19,017] {taskinstance.py:1240} INFO - 
--------------------------------------------------------------------------------
[2022-04-13 21:22:19,038] {taskinstance.py:1259} INFO - Executing <Task(BashOperator): ingest> on 2021-05-02 06:00:41+00:00
[2022-04-13 21:22:19,045] {standard_task_runner.py:52} INFO - Started process 3109 to run task
[2022-04-13 21:22:19,049] {standard_task_runner.py:76} INFO - Running: ['***', 'tasks', 'run', 'LocalIngestionDAG', 'ingest', 'scheduled__2021-05-02T06:00:41+00:00', '--job-id', '684', '--raw', '--subdir', 'DAGS_FOLDER/data_ingestion_local.py', '--cfg-path', '/tmp/tmp9sjgzby6', '--error-file', '/tmp/tmpe74xnhum']
[2022-04-13 21:22:19,051] {standard_task_runner.py:77} INFO - Job 684: Subtask ingest
[2022-04-13 21:22:19,121] {logging_mixin.py:109} INFO - Running <TaskInstance: LocalIngestionDAG.ingest scheduled__2021-05-02T06:00:41+00:00 [running]> on host 13db72185839
[2022-04-13 21:22:19,194] {taskinstance.py:1426} INFO - Exporting the following env vars:
AIRFLOW_CTX_DAG_OWNER=***
AIRFLOW_CTX_DAG_ID=LocalIngestionDAG
AIRFLOW_CTX_TASK_ID=ingest
AIRFLOW_CTX_EXECUTION_DATE=2021-05-02T06:00:41+00:00
AIRFLOW_CTX_DAG_RUN_ID=scheduled__2021-05-02T06:00:41+00:00
[2022-04-13 21:22:19,195] {subprocess.py:62} INFO - Tmp dir root location: 
 /tmp
[2022-04-13 21:22:19,196] {subprocess.py:74} INFO - Running command: ['bash', '-c', 'pwd']
[2022-04-13 21:22:19,205] {subprocess.py:85} INFO - Output:
[2022-04-13 21:22:19,208] {subprocess.py:89} INFO - /tmp/***tmpaswb5d65
[2022-04-13 21:22:19,208] {subprocess.py:93} INFO - Command exited with return code 0
[2022-04-13 21:22:19,238] {taskinstance.py:1277} INFO - Marking task as SUCCESS. dag_id=LocalIngestionDAG, task_id=ingest, execution_date=20210502T060041, start_date=20220413T212219, end_date=20220413T212219
[2022-04-13 21:22:19,261] {local_task_job.py:154} INFO - Task exited with return code 0
[2022-04-13 21:22:19,304] {local_task_job.py:264} INFO - 0 downstream tasks scheduled from follow-on schedule check
