[2022-04-13 22:32:24,147] {taskinstance.py:1032} INFO - Dependencies all met for <TaskInstance: LocalIngestionDAG.wget scheduled__2022-01-02T06:00:33+00:00 [queued]>
[2022-04-13 22:32:24,277] {taskinstance.py:1032} INFO - Dependencies all met for <TaskInstance: LocalIngestionDAG.wget scheduled__2022-01-02T06:00:33+00:00 [queued]>
[2022-04-13 22:32:24,279] {taskinstance.py:1238} INFO - 
--------------------------------------------------------------------------------
[2022-04-13 22:32:24,280] {taskinstance.py:1239} INFO - Starting attempt 1 of 1
[2022-04-13 22:32:24,307] {taskinstance.py:1240} INFO - 
--------------------------------------------------------------------------------
[2022-04-13 22:32:24,433] {taskinstance.py:1259} INFO - Executing <Task(BashOperator): wget> on 2022-01-02 06:00:33+00:00
[2022-04-13 22:32:24,466] {standard_task_runner.py:52} INFO - Started process 9712 to run task
[2022-04-13 22:32:24,490] {standard_task_runner.py:76} INFO - Running: ['***', 'tasks', 'run', 'LocalIngestionDAG', 'wget', 'scheduled__2022-01-02T06:00:33+00:00', '--job-id', '1592', '--raw', '--subdir', 'DAGS_FOLDER/data_ingestion_local.py', '--cfg-path', '/tmp/tmpmv1t6awb', '--error-file', '/tmp/tmpnadtvnnu']
[2022-04-13 22:32:24,508] {standard_task_runner.py:77} INFO - Job 1592: Subtask wget
[2022-04-13 22:32:24,867] {logging_mixin.py:109} INFO - Running <TaskInstance: LocalIngestionDAG.wget scheduled__2022-01-02T06:00:33+00:00 [running]> on host 13db72185839
[2022-04-13 22:32:25,184] {logging_mixin.py:109} WARNING - /home/***/.local/lib/python3.7/site-packages/***/utils/context.py:152 AirflowContextDeprecationWarning: Accessing 'execution_date' from the template is deprecated and will be removed in a future version. Please use 'data_interval_start' or 'logical_date' instead.
[2022-04-13 22:32:25,341] {taskinstance.py:1426} INFO - Exporting the following env vars:
AIRFLOW_CTX_DAG_OWNER=***
AIRFLOW_CTX_DAG_ID=LocalIngestionDAG
AIRFLOW_CTX_TASK_ID=wget
AIRFLOW_CTX_EXECUTION_DATE=2022-01-02T06:00:33+00:00
AIRFLOW_CTX_DAG_RUN_ID=scheduled__2022-01-02T06:00:33+00:00
[2022-04-13 22:32:25,347] {subprocess.py:62} INFO - Tmp dir root location: 
 /tmp
[2022-04-13 22:32:25,350] {subprocess.py:74} INFO - Running command: ['bash', '-c', 'curl -sSL https://s3.amazonaws.com/nyc-tlc/trip+data/yellow_tripdata_2022-01.csv > /opt/***/output.csv']
[2022-04-13 22:32:25,412] {subprocess.py:85} INFO - Output:
[2022-04-13 22:32:26,652] {subprocess.py:93} INFO - Command exited with return code 0
[2022-04-13 22:32:26,769] {taskinstance.py:1277} INFO - Marking task as SUCCESS. dag_id=LocalIngestionDAG, task_id=wget, execution_date=20220102T060033, start_date=20220413T223224, end_date=20220413T223226
[2022-04-13 22:32:26,836] {local_task_job.py:154} INFO - Task exited with return code 0
[2022-04-13 22:32:26,962] {local_task_job.py:264} INFO - 1 downstream tasks scheduled from follow-on schedule check
