[2022-04-13 21:23:48,073] {taskinstance.py:1032} INFO - Dependencies all met for <TaskInstance: LocalIngestionDAG.wget scheduled__2021-07-02T06:00:08+00:00 [queued]>
[2022-04-13 21:23:48,127] {taskinstance.py:1032} INFO - Dependencies all met for <TaskInstance: LocalIngestionDAG.wget scheduled__2021-07-02T06:00:08+00:00 [queued]>
[2022-04-13 21:23:48,133] {taskinstance.py:1238} INFO - 
--------------------------------------------------------------------------------
[2022-04-13 21:23:48,136] {taskinstance.py:1239} INFO - Starting attempt 1 of 1
[2022-04-13 21:23:48,137] {taskinstance.py:1240} INFO - 
--------------------------------------------------------------------------------
[2022-04-13 21:23:48,232] {taskinstance.py:1259} INFO - Executing <Task(BashOperator): wget> on 2021-07-02 06:00:08+00:00
[2022-04-13 21:23:48,251] {standard_task_runner.py:52} INFO - Started process 3689 to run task
[2022-04-13 21:23:48,254] {standard_task_runner.py:76} INFO - Running: ['***', 'tasks', 'run', 'LocalIngestionDAG', 'wget', 'scheduled__2021-07-02T06:00:08+00:00', '--job-id', '855', '--raw', '--subdir', 'DAGS_FOLDER/data_ingestion_local.py', '--cfg-path', '/tmp/tmpkb6zk33r', '--error-file', '/tmp/tmp2yz43ac6']
[2022-04-13 21:23:48,267] {standard_task_runner.py:77} INFO - Job 855: Subtask wget
[2022-04-13 21:23:48,563] {logging_mixin.py:109} INFO - Running <TaskInstance: LocalIngestionDAG.wget scheduled__2021-07-02T06:00:08+00:00 [running]> on host 13db72185839
[2022-04-13 21:23:48,833] {taskinstance.py:1426} INFO - Exporting the following env vars:
AIRFLOW_CTX_DAG_OWNER=***
AIRFLOW_CTX_DAG_ID=LocalIngestionDAG
AIRFLOW_CTX_TASK_ID=wget
AIRFLOW_CTX_EXECUTION_DATE=2021-07-02T06:00:08+00:00
AIRFLOW_CTX_DAG_RUN_ID=scheduled__2021-07-02T06:00:08+00:00
[2022-04-13 21:23:48,840] {subprocess.py:62} INFO - Tmp dir root location: 
 /tmp
[2022-04-13 21:23:48,860] {subprocess.py:74} INFO - Running command: ['bash', '-c', 'echo "hello world"']
[2022-04-13 21:23:48,901] {subprocess.py:85} INFO - Output:
[2022-04-13 21:23:48,913] {subprocess.py:89} INFO - hello world
[2022-04-13 21:23:48,915] {subprocess.py:93} INFO - Command exited with return code 0
[2022-04-13 21:23:49,015] {taskinstance.py:1277} INFO - Marking task as SUCCESS. dag_id=LocalIngestionDAG, task_id=wget, execution_date=20210702T060008, start_date=20220413T212348, end_date=20220413T212349
[2022-04-13 21:23:49,081] {local_task_job.py:154} INFO - Task exited with return code 0
[2022-04-13 21:23:49,196] {local_task_job.py:264} INFO - 1 downstream tasks scheduled from follow-on schedule check
