[2022-04-13 21:22:42,775] {taskinstance.py:1032} INFO - Dependencies all met for <TaskInstance: LocalIngestionDAG.wget scheduled__2021-06-02T06:00:06+00:00 [queued]>
[2022-04-13 21:22:42,815] {taskinstance.py:1032} INFO - Dependencies all met for <TaskInstance: LocalIngestionDAG.wget scheduled__2021-06-02T06:00:06+00:00 [queued]>
[2022-04-13 21:22:42,817] {taskinstance.py:1238} INFO - 
--------------------------------------------------------------------------------
[2022-04-13 21:22:42,827] {taskinstance.py:1239} INFO - Starting attempt 1 of 1
[2022-04-13 21:22:42,829] {taskinstance.py:1240} INFO - 
--------------------------------------------------------------------------------
[2022-04-13 21:22:42,900] {taskinstance.py:1259} INFO - Executing <Task(BashOperator): wget> on 2021-06-02 06:00:06+00:00
[2022-04-13 21:22:42,907] {standard_task_runner.py:52} INFO - Started process 3257 to run task
[2022-04-13 21:22:42,920] {standard_task_runner.py:76} INFO - Running: ['***', 'tasks', 'run', 'LocalIngestionDAG', 'wget', 'scheduled__2021-06-02T06:00:06+00:00', '--job-id', '730', '--raw', '--subdir', 'DAGS_FOLDER/data_ingestion_local.py', '--cfg-path', '/tmp/tmpiqa4j8uf', '--error-file', '/tmp/tmpb4min6it']
[2022-04-13 21:22:42,927] {standard_task_runner.py:77} INFO - Job 730: Subtask wget
[2022-04-13 21:22:43,088] {logging_mixin.py:109} INFO - Running <TaskInstance: LocalIngestionDAG.wget scheduled__2021-06-02T06:00:06+00:00 [running]> on host 13db72185839
[2022-04-13 21:22:43,278] {taskinstance.py:1426} INFO - Exporting the following env vars:
AIRFLOW_CTX_DAG_OWNER=***
AIRFLOW_CTX_DAG_ID=LocalIngestionDAG
AIRFLOW_CTX_TASK_ID=wget
AIRFLOW_CTX_EXECUTION_DATE=2021-06-02T06:00:06+00:00
AIRFLOW_CTX_DAG_RUN_ID=scheduled__2021-06-02T06:00:06+00:00
[2022-04-13 21:22:43,281] {subprocess.py:62} INFO - Tmp dir root location: 
 /tmp
[2022-04-13 21:22:43,282] {subprocess.py:74} INFO - Running command: ['bash', '-c', 'echo "hello world"']
[2022-04-13 21:22:43,296] {subprocess.py:85} INFO - Output:
[2022-04-13 21:22:43,302] {subprocess.py:89} INFO - hello world
[2022-04-13 21:22:43,303] {subprocess.py:93} INFO - Command exited with return code 0
[2022-04-13 21:22:43,385] {taskinstance.py:1277} INFO - Marking task as SUCCESS. dag_id=LocalIngestionDAG, task_id=wget, execution_date=20210602T060006, start_date=20220413T212242, end_date=20220413T212243
[2022-04-13 21:22:43,512] {local_task_job.py:154} INFO - Task exited with return code 0
[2022-04-13 21:22:43,614] {local_task_job.py:264} INFO - 1 downstream tasks scheduled from follow-on schedule check
