[2022-04-13 22:32:38,031] {taskinstance.py:1032} INFO - Dependencies all met for <TaskInstance: LocalIngestionDAG.ingest scheduled__2022-01-02T06:00:40+00:00 [queued]>
[2022-04-13 22:32:38,095] {taskinstance.py:1032} INFO - Dependencies all met for <TaskInstance: LocalIngestionDAG.ingest scheduled__2022-01-02T06:00:40+00:00 [queued]>
[2022-04-13 22:32:38,100] {taskinstance.py:1238} INFO - 
--------------------------------------------------------------------------------
[2022-04-13 22:32:38,101] {taskinstance.py:1239} INFO - Starting attempt 1 of 1
[2022-04-13 22:32:38,102] {taskinstance.py:1240} INFO - 
--------------------------------------------------------------------------------
[2022-04-13 22:32:38,146] {taskinstance.py:1259} INFO - Executing <Task(BashOperator): ingest> on 2022-01-02 06:00:40+00:00
[2022-04-13 22:32:38,165] {standard_task_runner.py:52} INFO - Started process 9819 to run task
[2022-04-13 22:32:38,175] {standard_task_runner.py:76} INFO - Running: ['***', 'tasks', 'run', 'LocalIngestionDAG', 'ingest', 'scheduled__2022-01-02T06:00:40+00:00', '--job-id', '1617', '--raw', '--subdir', 'DAGS_FOLDER/data_ingestion_local.py', '--cfg-path', '/tmp/tmpb_1m12zf', '--error-file', '/tmp/tmp96fx70ij']
[2022-04-13 22:32:38,187] {standard_task_runner.py:77} INFO - Job 1617: Subtask ingest
[2022-04-13 22:32:38,481] {logging_mixin.py:109} INFO - Running <TaskInstance: LocalIngestionDAG.ingest scheduled__2022-01-02T06:00:40+00:00 [running]> on host 13db72185839
[2022-04-13 22:32:38,820] {taskinstance.py:1426} INFO - Exporting the following env vars:
AIRFLOW_CTX_DAG_OWNER=***
AIRFLOW_CTX_DAG_ID=LocalIngestionDAG
AIRFLOW_CTX_TASK_ID=ingest
AIRFLOW_CTX_EXECUTION_DATE=2022-01-02T06:00:40+00:00
AIRFLOW_CTX_DAG_RUN_ID=scheduled__2022-01-02T06:00:40+00:00
[2022-04-13 22:32:38,824] {subprocess.py:62} INFO - Tmp dir root location: 
 /tmp
[2022-04-13 22:32:38,827] {subprocess.py:74} INFO - Running command: ['bash', '-c', 'ls /opt/***']
[2022-04-13 22:32:38,865] {subprocess.py:85} INFO - Output:
[2022-04-13 22:32:38,871] {subprocess.py:89} INFO - ***.cfg
[2022-04-13 22:32:38,876] {subprocess.py:89} INFO - dags
[2022-04-13 22:32:38,878] {subprocess.py:89} INFO - logs
[2022-04-13 22:32:38,882] {subprocess.py:89} INFO - output.csv
[2022-04-13 22:32:38,883] {subprocess.py:89} INFO - plugins
[2022-04-13 22:32:38,884] {subprocess.py:89} INFO - requirements.txt
[2022-04-13 22:32:38,885] {subprocess.py:89} INFO - scripts
[2022-04-13 22:32:38,886] {subprocess.py:89} INFO - webserver_config.py
[2022-04-13 22:32:38,886] {subprocess.py:93} INFO - Command exited with return code 0
[2022-04-13 22:32:38,962] {taskinstance.py:1277} INFO - Marking task as SUCCESS. dag_id=LocalIngestionDAG, task_id=ingest, execution_date=20220102T060040, start_date=20220413T223238, end_date=20220413T223238
[2022-04-13 22:32:39,020] {local_task_job.py:154} INFO - Task exited with return code 0
[2022-04-13 22:32:39,084] {local_task_job.py:264} INFO - 0 downstream tasks scheduled from follow-on schedule check
