[2022-04-13 21:22:04,796] {taskinstance.py:1032} INFO - Dependencies all met for <TaskInstance: LocalIngestionDAG.wget scheduled__2021-05-02T06:00:30+00:00 [queued]>
[2022-04-13 21:22:04,841] {taskinstance.py:1032} INFO - Dependencies all met for <TaskInstance: LocalIngestionDAG.wget scheduled__2021-05-02T06:00:30+00:00 [queued]>
[2022-04-13 21:22:04,842] {taskinstance.py:1238} INFO - 
--------------------------------------------------------------------------------
[2022-04-13 21:22:04,843] {taskinstance.py:1239} INFO - Starting attempt 1 of 1
[2022-04-13 21:22:04,844] {taskinstance.py:1240} INFO - 
--------------------------------------------------------------------------------
[2022-04-13 21:22:04,949] {taskinstance.py:1259} INFO - Executing <Task(BashOperator): wget> on 2021-05-02 06:00:30+00:00
[2022-04-13 21:22:04,966] {standard_task_runner.py:52} INFO - Started process 3015 to run task
[2022-04-13 21:22:04,984] {standard_task_runner.py:76} INFO - Running: ['***', 'tasks', 'run', 'LocalIngestionDAG', 'wget', 'scheduled__2021-05-02T06:00:30+00:00', '--job-id', '657', '--raw', '--subdir', 'DAGS_FOLDER/data_ingestion_local.py', '--cfg-path', '/tmp/tmp6n_tonjp', '--error-file', '/tmp/tmpqzqzcb8e']
[2022-04-13 21:22:05,019] {standard_task_runner.py:77} INFO - Job 657: Subtask wget
[2022-04-13 21:22:05,329] {logging_mixin.py:109} INFO - Running <TaskInstance: LocalIngestionDAG.wget scheduled__2021-05-02T06:00:30+00:00 [running]> on host 13db72185839
[2022-04-13 21:22:05,509] {taskinstance.py:1426} INFO - Exporting the following env vars:
AIRFLOW_CTX_DAG_OWNER=***
AIRFLOW_CTX_DAG_ID=LocalIngestionDAG
AIRFLOW_CTX_TASK_ID=wget
AIRFLOW_CTX_EXECUTION_DATE=2021-05-02T06:00:30+00:00
AIRFLOW_CTX_DAG_RUN_ID=scheduled__2021-05-02T06:00:30+00:00
[2022-04-13 21:22:05,511] {subprocess.py:62} INFO - Tmp dir root location: 
 /tmp
[2022-04-13 21:22:05,512] {subprocess.py:74} INFO - Running command: ['bash', '-c', 'echo "hello world"']
[2022-04-13 21:22:05,528] {subprocess.py:85} INFO - Output:
[2022-04-13 21:22:05,533] {subprocess.py:89} INFO - hello world
[2022-04-13 21:22:05,538] {subprocess.py:93} INFO - Command exited with return code 0
[2022-04-13 21:22:05,650] {taskinstance.py:1277} INFO - Marking task as SUCCESS. dag_id=LocalIngestionDAG, task_id=wget, execution_date=20210502T060030, start_date=20220413T212204, end_date=20220413T212205
[2022-04-13 21:22:05,790] {local_task_job.py:154} INFO - Task exited with return code 0
[2022-04-13 21:22:06,014] {local_task_job.py:264} INFO - 0 downstream tasks scheduled from follow-on schedule check
