[2022-04-13 21:22:28,817] {taskinstance.py:1032} INFO - Dependencies all met for <TaskInstance: LocalIngestionDAG.wget scheduled__2021-05-02T06:00:53+00:00 [queued]>
[2022-04-13 21:22:28,860] {taskinstance.py:1032} INFO - Dependencies all met for <TaskInstance: LocalIngestionDAG.wget scheduled__2021-05-02T06:00:53+00:00 [queued]>
[2022-04-13 21:22:28,861] {taskinstance.py:1238} INFO - 
--------------------------------------------------------------------------------
[2022-04-13 21:22:28,862] {taskinstance.py:1239} INFO - Starting attempt 1 of 1
[2022-04-13 21:22:28,864] {taskinstance.py:1240} INFO - 
--------------------------------------------------------------------------------
[2022-04-13 21:22:28,938] {taskinstance.py:1259} INFO - Executing <Task(BashOperator): wget> on 2021-05-02 06:00:53+00:00
[2022-04-13 21:22:28,946] {standard_task_runner.py:52} INFO - Started process 3170 to run task
[2022-04-13 21:22:28,955] {standard_task_runner.py:76} INFO - Running: ['***', 'tasks', 'run', 'LocalIngestionDAG', 'wget', 'scheduled__2021-05-02T06:00:53+00:00', '--job-id', '704', '--raw', '--subdir', 'DAGS_FOLDER/data_ingestion_local.py', '--cfg-path', '/tmp/tmpyzacdfvx', '--error-file', '/tmp/tmp1299g5pz']
[2022-04-13 21:22:28,962] {standard_task_runner.py:77} INFO - Job 704: Subtask wget
[2022-04-13 21:22:29,175] {logging_mixin.py:109} INFO - Running <TaskInstance: LocalIngestionDAG.wget scheduled__2021-05-02T06:00:53+00:00 [running]> on host 13db72185839
[2022-04-13 21:22:29,456] {taskinstance.py:1426} INFO - Exporting the following env vars:
AIRFLOW_CTX_DAG_OWNER=***
AIRFLOW_CTX_DAG_ID=LocalIngestionDAG
AIRFLOW_CTX_TASK_ID=wget
AIRFLOW_CTX_EXECUTION_DATE=2021-05-02T06:00:53+00:00
AIRFLOW_CTX_DAG_RUN_ID=scheduled__2021-05-02T06:00:53+00:00
[2022-04-13 21:22:29,465] {subprocess.py:62} INFO - Tmp dir root location: 
 /tmp
[2022-04-13 21:22:29,473] {subprocess.py:74} INFO - Running command: ['bash', '-c', 'echo "hello world"']
[2022-04-13 21:22:29,505] {subprocess.py:85} INFO - Output:
[2022-04-13 21:22:29,512] {subprocess.py:89} INFO - hello world
[2022-04-13 21:22:29,513] {subprocess.py:93} INFO - Command exited with return code 0
[2022-04-13 21:22:29,896] {taskinstance.py:1277} INFO - Marking task as SUCCESS. dag_id=LocalIngestionDAG, task_id=wget, execution_date=20210502T060053, start_date=20220413T212228, end_date=20220413T212229
[2022-04-13 21:22:29,979] {local_task_job.py:154} INFO - Task exited with return code 0
[2022-04-13 21:22:30,169] {local_task_job.py:264} INFO - 1 downstream tasks scheduled from follow-on schedule check
