[2022-04-13 21:26:06,251] {taskinstance.py:1032} INFO - Dependencies all met for <TaskInstance: LocalIngestionDAG.ingest scheduled__2021-09-02T06:00:14+00:00 [queued]>
[2022-04-13 21:26:06,270] {taskinstance.py:1032} INFO - Dependencies all met for <TaskInstance: LocalIngestionDAG.ingest scheduled__2021-09-02T06:00:14+00:00 [queued]>
[2022-04-13 21:26:06,271] {taskinstance.py:1238} INFO - 
--------------------------------------------------------------------------------
[2022-04-13 21:26:06,274] {taskinstance.py:1239} INFO - Starting attempt 1 of 1
[2022-04-13 21:26:06,275] {taskinstance.py:1240} INFO - 
--------------------------------------------------------------------------------
[2022-04-13 21:26:06,312] {taskinstance.py:1259} INFO - Executing <Task(BashOperator): ingest> on 2021-09-02 06:00:14+00:00
[2022-04-13 21:26:06,320] {standard_task_runner.py:52} INFO - Started process 4558 to run task
[2022-04-13 21:26:06,332] {standard_task_runner.py:76} INFO - Running: ['***', 'tasks', 'run', 'LocalIngestionDAG', 'ingest', 'scheduled__2021-09-02T06:00:14+00:00', '--job-id', '1110', '--raw', '--subdir', 'DAGS_FOLDER/data_ingestion_local.py', '--cfg-path', '/tmp/tmpxh3k4bko', '--error-file', '/tmp/tmp9ki7wvkw']
[2022-04-13 21:26:06,336] {standard_task_runner.py:77} INFO - Job 1110: Subtask ingest
[2022-04-13 21:26:06,489] {logging_mixin.py:109} INFO - Running <TaskInstance: LocalIngestionDAG.ingest scheduled__2021-09-02T06:00:14+00:00 [running]> on host 13db72185839
[2022-04-13 21:26:06,634] {taskinstance.py:1426} INFO - Exporting the following env vars:
AIRFLOW_CTX_DAG_OWNER=***
AIRFLOW_CTX_DAG_ID=LocalIngestionDAG
AIRFLOW_CTX_TASK_ID=ingest
AIRFLOW_CTX_EXECUTION_DATE=2021-09-02T06:00:14+00:00
AIRFLOW_CTX_DAG_RUN_ID=scheduled__2021-09-02T06:00:14+00:00
[2022-04-13 21:26:06,636] {subprocess.py:62} INFO - Tmp dir root location: 
 /tmp
[2022-04-13 21:26:06,637] {subprocess.py:74} INFO - Running command: ['bash', '-c', 'pwd']
[2022-04-13 21:26:06,656] {subprocess.py:85} INFO - Output:
[2022-04-13 21:26:06,659] {subprocess.py:89} INFO - /tmp/***tmpddp2ktfi
[2022-04-13 21:26:06,660] {subprocess.py:93} INFO - Command exited with return code 0
[2022-04-13 21:26:06,767] {taskinstance.py:1277} INFO - Marking task as SUCCESS. dag_id=LocalIngestionDAG, task_id=ingest, execution_date=20210902T060014, start_date=20220413T212606, end_date=20220413T212606
[2022-04-13 21:26:06,916] {local_task_job.py:154} INFO - Task exited with return code 0
[2022-04-13 21:26:07,140] {local_task_job.py:264} INFO - 0 downstream tasks scheduled from follow-on schedule check
