[2022-04-13 21:16:21,930] {taskinstance.py:1032} INFO - Dependencies all met for <TaskInstance: LocalIngestionDAG.ingest scheduled__2021-01-02T06:00:51+00:00 [queued]>
[2022-04-13 21:16:21,960] {taskinstance.py:1032} INFO - Dependencies all met for <TaskInstance: LocalIngestionDAG.ingest scheduled__2021-01-02T06:00:51+00:00 [queued]>
[2022-04-13 21:16:21,961] {taskinstance.py:1238} INFO - 
--------------------------------------------------------------------------------
[2022-04-13 21:16:21,962] {taskinstance.py:1239} INFO - Starting attempt 1 of 1
[2022-04-13 21:16:21,962] {taskinstance.py:1240} INFO - 
--------------------------------------------------------------------------------
[2022-04-13 21:16:21,996] {taskinstance.py:1259} INFO - Executing <Task(BashOperator): ingest> on 2021-01-02 06:00:51+00:00
[2022-04-13 21:16:22,001] {standard_task_runner.py:52} INFO - Started process 1425 to run task
[2022-04-13 21:16:22,011] {standard_task_runner.py:76} INFO - Running: ['***', 'tasks', 'run', 'LocalIngestionDAG', 'ingest', 'scheduled__2021-01-02T06:00:51+00:00', '--job-id', '227', '--raw', '--subdir', 'DAGS_FOLDER/data_ingestion_local.py', '--cfg-path', '/tmp/tmp4v2r8dop', '--error-file', '/tmp/tmpsoxtcagd']
[2022-04-13 21:16:22,014] {standard_task_runner.py:77} INFO - Job 227: Subtask ingest
[2022-04-13 21:16:22,130] {logging_mixin.py:109} INFO - Running <TaskInstance: LocalIngestionDAG.ingest scheduled__2021-01-02T06:00:51+00:00 [running]> on host 13db72185839
[2022-04-13 21:16:22,235] {taskinstance.py:1426} INFO - Exporting the following env vars:
AIRFLOW_CTX_DAG_OWNER=***
AIRFLOW_CTX_DAG_ID=LocalIngestionDAG
AIRFLOW_CTX_TASK_ID=ingest
AIRFLOW_CTX_EXECUTION_DATE=2021-01-02T06:00:51+00:00
AIRFLOW_CTX_DAG_RUN_ID=scheduled__2021-01-02T06:00:51+00:00
[2022-04-13 21:16:22,237] {subprocess.py:62} INFO - Tmp dir root location: 
 /tmp
[2022-04-13 21:16:22,238] {subprocess.py:74} INFO - Running command: ['bash', '-c', 'pwd']
[2022-04-13 21:16:22,249] {subprocess.py:85} INFO - Output:
[2022-04-13 21:16:22,251] {subprocess.py:89} INFO - /tmp/***tmprs21i0_n
[2022-04-13 21:16:22,252] {subprocess.py:93} INFO - Command exited with return code 0
[2022-04-13 21:16:22,284] {taskinstance.py:1277} INFO - Marking task as SUCCESS. dag_id=LocalIngestionDAG, task_id=ingest, execution_date=20210102T060051, start_date=20220413T211621, end_date=20220413T211622
[2022-04-13 21:16:22,341] {local_task_job.py:154} INFO - Task exited with return code 0
[2022-04-13 21:16:22,389] {local_task_job.py:264} INFO - 0 downstream tasks scheduled from follow-on schedule check
