[2022-04-13 21:17:46,818] {taskinstance.py:1032} INFO - Dependencies all met for <TaskInstance: LocalIngestionDAG.ingest scheduled__2021-03-02T06:00:27+00:00 [queued]>
[2022-04-13 21:17:46,896] {taskinstance.py:1032} INFO - Dependencies all met for <TaskInstance: LocalIngestionDAG.ingest scheduled__2021-03-02T06:00:27+00:00 [queued]>
[2022-04-13 21:17:46,916] {taskinstance.py:1238} INFO - 
--------------------------------------------------------------------------------
[2022-04-13 21:17:46,919] {taskinstance.py:1239} INFO - Starting attempt 1 of 1
[2022-04-13 21:17:46,934] {taskinstance.py:1240} INFO - 
--------------------------------------------------------------------------------
[2022-04-13 21:17:46,991] {taskinstance.py:1259} INFO - Executing <Task(BashOperator): ingest> on 2021-03-02 06:00:27+00:00
[2022-04-13 21:17:47,007] {standard_task_runner.py:52} INFO - Started process 2079 to run task
[2022-04-13 21:17:47,024] {standard_task_runner.py:76} INFO - Running: ['***', 'tasks', 'run', 'LocalIngestionDAG', 'ingest', 'scheduled__2021-03-02T06:00:27+00:00', '--job-id', '419', '--raw', '--subdir', 'DAGS_FOLDER/data_ingestion_local.py', '--cfg-path', '/tmp/tmpmjeonmgb', '--error-file', '/tmp/tmpxv3_y_em']
[2022-04-13 21:17:47,027] {standard_task_runner.py:77} INFO - Job 419: Subtask ingest
[2022-04-13 21:17:47,212] {logging_mixin.py:109} INFO - Running <TaskInstance: LocalIngestionDAG.ingest scheduled__2021-03-02T06:00:27+00:00 [running]> on host 13db72185839
[2022-04-13 21:17:47,423] {taskinstance.py:1426} INFO - Exporting the following env vars:
AIRFLOW_CTX_DAG_OWNER=***
AIRFLOW_CTX_DAG_ID=LocalIngestionDAG
AIRFLOW_CTX_TASK_ID=ingest
AIRFLOW_CTX_EXECUTION_DATE=2021-03-02T06:00:27+00:00
AIRFLOW_CTX_DAG_RUN_ID=scheduled__2021-03-02T06:00:27+00:00
[2022-04-13 21:17:47,426] {subprocess.py:62} INFO - Tmp dir root location: 
 /tmp
[2022-04-13 21:17:47,429] {subprocess.py:74} INFO - Running command: ['bash', '-c', 'pwd']
[2022-04-13 21:17:47,472] {subprocess.py:85} INFO - Output:
[2022-04-13 21:17:47,480] {subprocess.py:89} INFO - /tmp/***tmp_ljyl5ot
[2022-04-13 21:17:47,483] {subprocess.py:93} INFO - Command exited with return code 0
[2022-04-13 21:17:47,577] {taskinstance.py:1277} INFO - Marking task as SUCCESS. dag_id=LocalIngestionDAG, task_id=ingest, execution_date=20210302T060027, start_date=20220413T211746, end_date=20220413T211747
[2022-04-13 21:17:47,717] {local_task_job.py:154} INFO - Task exited with return code 0
[2022-04-13 21:17:48,040] {local_task_job.py:264} INFO - 0 downstream tasks scheduled from follow-on schedule check
