[2022-04-13 21:54:15,991] {taskinstance.py:1032} INFO - Dependencies all met for <TaskInstance: LocalIngestionDAG.ingest scheduled__2021-10-02T06:00:38+00:00 [queued]>
[2022-04-13 21:54:16,014] {taskinstance.py:1032} INFO - Dependencies all met for <TaskInstance: LocalIngestionDAG.ingest scheduled__2021-10-02T06:00:38+00:00 [queued]>
[2022-04-13 21:54:16,015] {taskinstance.py:1238} INFO - 
--------------------------------------------------------------------------------
[2022-04-13 21:54:16,017] {taskinstance.py:1239} INFO - Starting attempt 2 of 2
[2022-04-13 21:54:16,018] {taskinstance.py:1240} INFO - 
--------------------------------------------------------------------------------
[2022-04-13 21:54:16,047] {taskinstance.py:1259} INFO - Executing <Task(BashOperator): ingest> on 2021-10-02 06:00:38+00:00
[2022-04-13 21:54:16,055] {standard_task_runner.py:52} INFO - Started process 6808 to run task
[2022-04-13 21:54:16,066] {standard_task_runner.py:76} INFO - Running: ['***', 'tasks', 'run', 'LocalIngestionDAG', 'ingest', 'scheduled__2021-10-02T06:00:38+00:00', '--job-id', '1330', '--raw', '--subdir', 'DAGS_FOLDER/data_ingestion_local.py', '--cfg-path', '/tmp/tmpea4ydh2d', '--error-file', '/tmp/tmpugh4qv9o']
[2022-04-13 21:54:16,072] {standard_task_runner.py:77} INFO - Job 1330: Subtask ingest
[2022-04-13 21:54:16,285] {logging_mixin.py:109} INFO - Running <TaskInstance: LocalIngestionDAG.ingest scheduled__2021-10-02T06:00:38+00:00 [running]> on host 13db72185839
[2022-04-13 21:54:16,581] {taskinstance.py:1426} INFO - Exporting the following env vars:
AIRFLOW_CTX_DAG_OWNER=***
AIRFLOW_CTX_DAG_ID=LocalIngestionDAG
AIRFLOW_CTX_TASK_ID=ingest
AIRFLOW_CTX_EXECUTION_DATE=2021-10-02T06:00:38+00:00
AIRFLOW_CTX_DAG_RUN_ID=scheduled__2021-10-02T06:00:38+00:00
[2022-04-13 21:54:16,607] {subprocess.py:62} INFO - Tmp dir root location: 
 /tmp
[2022-04-13 21:54:16,611] {subprocess.py:74} INFO - Running command: ['bash', '-c', 'ls /opt/***']
[2022-04-13 21:54:16,639] {subprocess.py:85} INFO - Output:
[2022-04-13 21:54:16,652] {subprocess.py:89} INFO - ***.cfg
[2022-04-13 21:54:16,654] {subprocess.py:89} INFO - dags
[2022-04-13 21:54:16,655] {subprocess.py:89} INFO - logs
[2022-04-13 21:54:16,656] {subprocess.py:89} INFO - output.csv
[2022-04-13 21:54:16,666] {subprocess.py:89} INFO - plugins
[2022-04-13 21:54:16,668] {subprocess.py:89} INFO - requirements.txt
[2022-04-13 21:54:16,670] {subprocess.py:89} INFO - scripts
[2022-04-13 21:54:16,671] {subprocess.py:89} INFO - webserver_config.py
[2022-04-13 21:54:16,671] {subprocess.py:93} INFO - Command exited with return code 0
[2022-04-13 21:54:16,786] {taskinstance.py:1277} INFO - Marking task as SUCCESS. dag_id=LocalIngestionDAG, task_id=ingest, execution_date=20211002T060038, start_date=20220413T215415, end_date=20220413T215416
[2022-04-13 21:54:16,891] {local_task_job.py:154} INFO - Task exited with return code 0
[2022-04-13 21:54:16,989] {local_task_job.py:264} INFO - 0 downstream tasks scheduled from follow-on schedule check
