[2022-04-13 21:16:15,758] {taskinstance.py:1032} INFO - Dependencies all met for <TaskInstance: LocalIngestionDAG.wget scheduled__2021-01-02T06:00:48+00:00 [queued]>
[2022-04-13 21:16:15,792] {taskinstance.py:1032} INFO - Dependencies all met for <TaskInstance: LocalIngestionDAG.wget scheduled__2021-01-02T06:00:48+00:00 [queued]>
[2022-04-13 21:16:15,793] {taskinstance.py:1238} INFO - 
--------------------------------------------------------------------------------
[2022-04-13 21:16:15,793] {taskinstance.py:1239} INFO - Starting attempt 1 of 1
[2022-04-13 21:16:15,794] {taskinstance.py:1240} INFO - 
--------------------------------------------------------------------------------
[2022-04-13 21:16:15,832] {taskinstance.py:1259} INFO - Executing <Task(BashOperator): wget> on 2021-01-02 06:00:48+00:00
[2022-04-13 21:16:15,843] {standard_task_runner.py:52} INFO - Started process 1380 to run task
[2022-04-13 21:16:15,851] {standard_task_runner.py:76} INFO - Running: ['***', 'tasks', 'run', 'LocalIngestionDAG', 'wget', 'scheduled__2021-01-02T06:00:48+00:00', '--job-id', '213', '--raw', '--subdir', 'DAGS_FOLDER/data_ingestion_local.py', '--cfg-path', '/tmp/tmpueqmksn2', '--error-file', '/tmp/tmp7uvtk7q5']
[2022-04-13 21:16:15,856] {standard_task_runner.py:77} INFO - Job 213: Subtask wget
[2022-04-13 21:16:16,001] {logging_mixin.py:109} INFO - Running <TaskInstance: LocalIngestionDAG.wget scheduled__2021-01-02T06:00:48+00:00 [running]> on host 13db72185839
[2022-04-13 21:16:16,188] {taskinstance.py:1426} INFO - Exporting the following env vars:
AIRFLOW_CTX_DAG_OWNER=***
AIRFLOW_CTX_DAG_ID=LocalIngestionDAG
AIRFLOW_CTX_TASK_ID=wget
AIRFLOW_CTX_EXECUTION_DATE=2021-01-02T06:00:48+00:00
AIRFLOW_CTX_DAG_RUN_ID=scheduled__2021-01-02T06:00:48+00:00
[2022-04-13 21:16:16,190] {subprocess.py:62} INFO - Tmp dir root location: 
 /tmp
[2022-04-13 21:16:16,191] {subprocess.py:74} INFO - Running command: ['bash', '-c', 'echo "hello world"']
[2022-04-13 21:16:16,206] {subprocess.py:85} INFO - Output:
[2022-04-13 21:16:16,208] {subprocess.py:89} INFO - hello world
[2022-04-13 21:16:16,209] {subprocess.py:93} INFO - Command exited with return code 0
[2022-04-13 21:16:16,335] {taskinstance.py:1277} INFO - Marking task as SUCCESS. dag_id=LocalIngestionDAG, task_id=wget, execution_date=20210102T060048, start_date=20220413T211615, end_date=20220413T211616
[2022-04-13 21:16:16,383] {local_task_job.py:154} INFO - Task exited with return code 0
[2022-04-13 21:16:16,435] {local_task_job.py:264} INFO - 1 downstream tasks scheduled from follow-on schedule check
