[2022-04-13 21:16:58,659] {taskinstance.py:1032} INFO - Dependencies all met for <TaskInstance: LocalIngestionDAG.wget scheduled__2021-02-02T06:00:35+00:00 [queued]>
[2022-04-13 21:16:58,675] {taskinstance.py:1032} INFO - Dependencies all met for <TaskInstance: LocalIngestionDAG.wget scheduled__2021-02-02T06:00:35+00:00 [queued]>
[2022-04-13 21:16:58,675] {taskinstance.py:1238} INFO - 
--------------------------------------------------------------------------------
[2022-04-13 21:16:58,676] {taskinstance.py:1239} INFO - Starting attempt 1 of 1
[2022-04-13 21:16:58,676] {taskinstance.py:1240} INFO - 
--------------------------------------------------------------------------------
[2022-04-13 21:16:58,692] {taskinstance.py:1259} INFO - Executing <Task(BashOperator): wget> on 2021-02-02 06:00:35+00:00
[2022-04-13 21:16:58,696] {standard_task_runner.py:52} INFO - Started process 1702 to run task
[2022-04-13 21:16:58,699] {standard_task_runner.py:76} INFO - Running: ['***', 'tasks', 'run', 'LocalIngestionDAG', 'wget', 'scheduled__2021-02-02T06:00:35+00:00', '--job-id', '311', '--raw', '--subdir', 'DAGS_FOLDER/data_ingestion_local.py', '--cfg-path', '/tmp/tmp6c0vijmt', '--error-file', '/tmp/tmp9a9g1o_4']
[2022-04-13 21:16:58,701] {standard_task_runner.py:77} INFO - Job 311: Subtask wget
[2022-04-13 21:16:58,773] {logging_mixin.py:109} INFO - Running <TaskInstance: LocalIngestionDAG.wget scheduled__2021-02-02T06:00:35+00:00 [running]> on host 13db72185839
[2022-04-13 21:16:58,910] {taskinstance.py:1426} INFO - Exporting the following env vars:
AIRFLOW_CTX_DAG_OWNER=***
AIRFLOW_CTX_DAG_ID=LocalIngestionDAG
AIRFLOW_CTX_TASK_ID=wget
AIRFLOW_CTX_EXECUTION_DATE=2021-02-02T06:00:35+00:00
AIRFLOW_CTX_DAG_RUN_ID=scheduled__2021-02-02T06:00:35+00:00
[2022-04-13 21:16:58,913] {subprocess.py:62} INFO - Tmp dir root location: 
 /tmp
[2022-04-13 21:16:58,915] {subprocess.py:74} INFO - Running command: ['bash', '-c', 'echo "hello world"']
[2022-04-13 21:16:58,941] {subprocess.py:85} INFO - Output:
[2022-04-13 21:16:58,945] {subprocess.py:89} INFO - hello world
[2022-04-13 21:16:58,947] {subprocess.py:93} INFO - Command exited with return code 0
[2022-04-13 21:16:58,994] {taskinstance.py:1277} INFO - Marking task as SUCCESS. dag_id=LocalIngestionDAG, task_id=wget, execution_date=20210202T060035, start_date=20220413T211658, end_date=20220413T211658
[2022-04-13 21:16:59,033] {local_task_job.py:154} INFO - Task exited with return code 0
[2022-04-13 21:16:59,108] {local_task_job.py:264} INFO - 1 downstream tasks scheduled from follow-on schedule check
