[2022-04-13 21:21:06,460] {taskinstance.py:1032} INFO - Dependencies all met for <TaskInstance: LocalIngestionDAG.ingest scheduled__2021-04-02T06:00:28+00:00 [queued]>
[2022-04-13 21:21:06,500] {taskinstance.py:1032} INFO - Dependencies all met for <TaskInstance: LocalIngestionDAG.ingest scheduled__2021-04-02T06:00:28+00:00 [queued]>
[2022-04-13 21:21:06,501] {taskinstance.py:1238} INFO - 
--------------------------------------------------------------------------------
[2022-04-13 21:21:06,502] {taskinstance.py:1239} INFO - Starting attempt 1 of 1
[2022-04-13 21:21:06,505] {taskinstance.py:1240} INFO - 
--------------------------------------------------------------------------------
[2022-04-13 21:21:06,548] {taskinstance.py:1259} INFO - Executing <Task(BashOperator): ingest> on 2021-04-02 06:00:28+00:00
[2022-04-13 21:21:06,555] {standard_task_runner.py:52} INFO - Started process 2619 to run task
[2022-04-13 21:21:06,562] {standard_task_runner.py:76} INFO - Running: ['***', 'tasks', 'run', 'LocalIngestionDAG', 'ingest', 'scheduled__2021-04-02T06:00:28+00:00', '--job-id', '541', '--raw', '--subdir', 'DAGS_FOLDER/data_ingestion_local.py', '--cfg-path', '/tmp/tmpa7epthba', '--error-file', '/tmp/tmpcrdz9u14']
[2022-04-13 21:21:06,569] {standard_task_runner.py:77} INFO - Job 541: Subtask ingest
[2022-04-13 21:21:06,780] {logging_mixin.py:109} INFO - Running <TaskInstance: LocalIngestionDAG.ingest scheduled__2021-04-02T06:00:28+00:00 [running]> on host 13db72185839
[2022-04-13 21:21:07,332] {taskinstance.py:1426} INFO - Exporting the following env vars:
AIRFLOW_CTX_DAG_OWNER=***
AIRFLOW_CTX_DAG_ID=LocalIngestionDAG
AIRFLOW_CTX_TASK_ID=ingest
AIRFLOW_CTX_EXECUTION_DATE=2021-04-02T06:00:28+00:00
AIRFLOW_CTX_DAG_RUN_ID=scheduled__2021-04-02T06:00:28+00:00
[2022-04-13 21:21:07,347] {subprocess.py:62} INFO - Tmp dir root location: 
 /tmp
[2022-04-13 21:21:07,350] {subprocess.py:74} INFO - Running command: ['bash', '-c', 'pwd']
[2022-04-13 21:21:07,383] {subprocess.py:85} INFO - Output:
[2022-04-13 21:21:07,412] {subprocess.py:89} INFO - /tmp/***tmp_vijddrg
[2022-04-13 21:21:07,414] {subprocess.py:93} INFO - Command exited with return code 0
[2022-04-13 21:21:07,739] {taskinstance.py:1277} INFO - Marking task as SUCCESS. dag_id=LocalIngestionDAG, task_id=ingest, execution_date=20210402T060028, start_date=20220413T212106, end_date=20220413T212107
[2022-04-13 21:21:07,808] {local_task_job.py:154} INFO - Task exited with return code 0
[2022-04-13 21:21:08,010] {local_task_job.py:264} INFO - 0 downstream tasks scheduled from follow-on schedule check
