[2022-04-16 19:14:02,663] {taskinstance.py:1032} INFO - Dependencies all met for <TaskInstance: live_coded_gcs_2_bg_dag.gcs_2_bq_ext_task manual__2022-04-16T18:45:04.028564+00:00 [queued]>
[2022-04-16 19:14:02,673] {taskinstance.py:1032} INFO - Dependencies all met for <TaskInstance: live_coded_gcs_2_bg_dag.gcs_2_bq_ext_task manual__2022-04-16T18:45:04.028564+00:00 [queued]>
[2022-04-16 19:14:02,674] {taskinstance.py:1238} INFO - 
--------------------------------------------------------------------------------
[2022-04-16 19:14:02,675] {taskinstance.py:1239} INFO - Starting attempt 3 of 4
[2022-04-16 19:14:02,675] {taskinstance.py:1240} INFO - 
--------------------------------------------------------------------------------
[2022-04-16 19:14:02,689] {taskinstance.py:1259} INFO - Executing <Task(BigQueryCreateExternalTableOperator): gcs_2_bq_ext_task> on 2022-04-16 18:45:04.028564+00:00
[2022-04-16 19:14:02,696] {standard_task_runner.py:52} INFO - Started process 4580 to run task
[2022-04-16 19:14:02,699] {standard_task_runner.py:76} INFO - Running: ['***', 'tasks', 'run', 'live_coded_gcs_2_bg_dag', 'gcs_2_bq_ext_task', 'manual__2022-04-16T18:45:04.028564+00:00', '--job-id', '2235', '--raw', '--subdir', 'DAGS_FOLDER/gcs_2_bq_dag.py', '--cfg-path', '/tmp/tmp7j7nfirf', '--error-file', '/tmp/tmpgsxnzrbv']
[2022-04-16 19:14:02,701] {standard_task_runner.py:77} INFO - Job 2235: Subtask gcs_2_bq_ext_task
[2022-04-16 19:14:02,764] {logging_mixin.py:109} INFO - Running <TaskInstance: live_coded_gcs_2_bg_dag.gcs_2_bq_ext_task manual__2022-04-16T18:45:04.028564+00:00 [running]> on host 3e228c3601a1
[2022-04-16 19:14:02,835] {taskinstance.py:1426} INFO - Exporting the following env vars:
AIRFLOW_CTX_DAG_OWNER=***
AIRFLOW_CTX_DAG_ID=live_coded_gcs_2_bg_dag
AIRFLOW_CTX_TASK_ID=gcs_2_bq_ext_task
AIRFLOW_CTX_EXECUTION_DATE=2022-04-16T18:45:04.028564+00:00
AIRFLOW_CTX_DAG_RUN_ID=manual__2022-04-16T18:45:04.028564+00:00
[2022-04-16 19:14:02,837] {crypto.py:82} WARNING - empty cryptography key - values will not be stored encrypted.
[2022-04-16 19:14:05,150] {taskinstance.py:1277} INFO - Marking task as SUCCESS. dag_id=live_coded_gcs_2_bg_dag, task_id=gcs_2_bq_ext_task, execution_date=20220416T184504, start_date=20220416T191402, end_date=20220416T191405
[2022-04-16 19:14:05,209] {local_task_job.py:154} INFO - Task exited with return code 0
[2022-04-16 19:14:05,243] {local_task_job.py:264} INFO - 1 downstream tasks scheduled from follow-on schedule check
