[2022-04-13 22:32:48,892] {taskinstance.py:1032} INFO - Dependencies all met for <TaskInstance: LocalIngestionDAG.ingest scheduled__2022-01-02T06:00:47+00:00 [queued]>
[2022-04-13 22:32:48,949] {taskinstance.py:1032} INFO - Dependencies all met for <TaskInstance: LocalIngestionDAG.ingest scheduled__2022-01-02T06:00:47+00:00 [queued]>
[2022-04-13 22:32:48,951] {taskinstance.py:1238} INFO - 
--------------------------------------------------------------------------------
[2022-04-13 22:32:48,953] {taskinstance.py:1239} INFO - Starting attempt 1 of 1
[2022-04-13 22:32:48,956] {taskinstance.py:1240} INFO - 
--------------------------------------------------------------------------------
[2022-04-13 22:32:49,029] {taskinstance.py:1259} INFO - Executing <Task(BashOperator): ingest> on 2022-01-02 06:00:47+00:00
[2022-04-13 22:32:49,050] {standard_task_runner.py:52} INFO - Started process 9891 to run task
[2022-04-13 22:32:49,067] {standard_task_runner.py:76} INFO - Running: ['***', 'tasks', 'run', 'LocalIngestionDAG', 'ingest', 'scheduled__2022-01-02T06:00:47+00:00', '--job-id', '1633', '--raw', '--subdir', 'DAGS_FOLDER/data_ingestion_local.py', '--cfg-path', '/tmp/tmp5xbntwe7', '--error-file', '/tmp/tmpos_xhq9p']
[2022-04-13 22:32:49,070] {standard_task_runner.py:77} INFO - Job 1633: Subtask ingest
[2022-04-13 22:32:49,491] {logging_mixin.py:109} INFO - Running <TaskInstance: LocalIngestionDAG.ingest scheduled__2022-01-02T06:00:47+00:00 [running]> on host 13db72185839
[2022-04-13 22:32:49,888] {taskinstance.py:1426} INFO - Exporting the following env vars:
AIRFLOW_CTX_DAG_OWNER=***
AIRFLOW_CTX_DAG_ID=LocalIngestionDAG
AIRFLOW_CTX_TASK_ID=ingest
AIRFLOW_CTX_EXECUTION_DATE=2022-01-02T06:00:47+00:00
AIRFLOW_CTX_DAG_RUN_ID=scheduled__2022-01-02T06:00:47+00:00
[2022-04-13 22:32:49,891] {subprocess.py:62} INFO - Tmp dir root location: 
 /tmp
[2022-04-13 22:32:49,901] {subprocess.py:74} INFO - Running command: ['bash', '-c', 'ls /opt/***']
[2022-04-13 22:32:49,931] {subprocess.py:85} INFO - Output:
[2022-04-13 22:32:49,949] {subprocess.py:89} INFO - ***.cfg
[2022-04-13 22:32:49,950] {subprocess.py:89} INFO - dags
[2022-04-13 22:32:49,951] {subprocess.py:89} INFO - logs
[2022-04-13 22:32:49,951] {subprocess.py:89} INFO - output.csv
[2022-04-13 22:32:49,953] {subprocess.py:89} INFO - plugins
[2022-04-13 22:32:49,958] {subprocess.py:89} INFO - requirements.txt
[2022-04-13 22:32:49,961] {subprocess.py:89} INFO - scripts
[2022-04-13 22:32:49,963] {subprocess.py:89} INFO - webserver_config.py
[2022-04-13 22:32:49,965] {subprocess.py:93} INFO - Command exited with return code 0
[2022-04-13 22:32:50,066] {taskinstance.py:1277} INFO - Marking task as SUCCESS. dag_id=LocalIngestionDAG, task_id=ingest, execution_date=20220102T060047, start_date=20220413T223248, end_date=20220413T223250
[2022-04-13 22:32:50,253] {local_task_job.py:154} INFO - Task exited with return code 0
[2022-04-13 22:32:50,417] {local_task_job.py:264} INFO - 0 downstream tasks scheduled from follow-on schedule check
