[2022-04-15 23:10:57,393] {taskinstance.py:1032} INFO - Dependencies all met for <TaskInstance: live_coded_gcs_2_bg_dag.gcs_2_bq_ext_task scheduled__2022-04-14T00:00:00+00:00 [queued]>
[2022-04-15 23:10:57,411] {taskinstance.py:1032} INFO - Dependencies all met for <TaskInstance: live_coded_gcs_2_bg_dag.gcs_2_bq_ext_task scheduled__2022-04-14T00:00:00+00:00 [queued]>
[2022-04-15 23:10:57,411] {taskinstance.py:1238} INFO - 
--------------------------------------------------------------------------------
[2022-04-15 23:10:57,412] {taskinstance.py:1239} INFO - Starting attempt 1 of 2
[2022-04-15 23:10:57,412] {taskinstance.py:1240} INFO - 
--------------------------------------------------------------------------------
[2022-04-15 23:10:57,432] {taskinstance.py:1259} INFO - Executing <Task(BigQueryCreateExternalTableOperator): gcs_2_bq_ext_task> on 2022-04-14 00:00:00+00:00
[2022-04-15 23:10:57,486] {standard_task_runner.py:52} INFO - Started process 838 to run task
[2022-04-15 23:10:57,492] {standard_task_runner.py:76} INFO - Running: ['***', 'tasks', 'run', 'live_coded_gcs_2_bg_dag', 'gcs_2_bq_ext_task', 'scheduled__2022-04-14T00:00:00+00:00', '--job-id', '2064', '--raw', '--subdir', 'DAGS_FOLDER/gcs_2_bq_dag.py', '--cfg-path', '/tmp/tmpgtsdvgma', '--error-file', '/tmp/tmpr1gc5vom']
[2022-04-15 23:10:57,495] {standard_task_runner.py:77} INFO - Job 2064: Subtask gcs_2_bq_ext_task
[2022-04-15 23:10:57,603] {logging_mixin.py:109} INFO - Running <TaskInstance: live_coded_gcs_2_bg_dag.gcs_2_bq_ext_task scheduled__2022-04-14T00:00:00+00:00 [running]> on host fafd9ac351ac
[2022-04-15 23:10:57,668] {taskinstance.py:1426} INFO - Exporting the following env vars:
AIRFLOW_CTX_DAG_OWNER=***
AIRFLOW_CTX_DAG_ID=live_coded_gcs_2_bg_dag
AIRFLOW_CTX_TASK_ID=gcs_2_bq_ext_task
AIRFLOW_CTX_EXECUTION_DATE=2022-04-14T00:00:00+00:00
AIRFLOW_CTX_DAG_RUN_ID=scheduled__2022-04-14T00:00:00+00:00
[2022-04-15 23:10:57,671] {crypto.py:82} WARNING - empty cryptography key - values will not be stored encrypted.
[2022-04-15 23:10:59,856] {taskinstance.py:1277} INFO - Marking task as SUCCESS. dag_id=live_coded_gcs_2_bg_dag, task_id=gcs_2_bq_ext_task, execution_date=20220414T000000, start_date=20220415T231057, end_date=20220415T231059
[2022-04-15 23:10:59,959] {local_task_job.py:154} INFO - Task exited with return code 0
[2022-04-15 23:11:00,001] {local_task_job.py:264} INFO - 1 downstream tasks scheduled from follow-on schedule check
