[2022-04-13 21:21:33,214] {taskinstance.py:1032} INFO - Dependencies all met for <TaskInstance: LocalIngestionDAG.ingest scheduled__2021-04-02T06:00:56+00:00 [queued]>
[2022-04-13 21:21:33,244] {taskinstance.py:1032} INFO - Dependencies all met for <TaskInstance: LocalIngestionDAG.ingest scheduled__2021-04-02T06:00:56+00:00 [queued]>
[2022-04-13 21:21:33,245] {taskinstance.py:1238} INFO - 
--------------------------------------------------------------------------------
[2022-04-13 21:21:33,246] {taskinstance.py:1239} INFO - Starting attempt 1 of 1
[2022-04-13 21:21:33,246] {taskinstance.py:1240} INFO - 
--------------------------------------------------------------------------------
[2022-04-13 21:21:33,272] {taskinstance.py:1259} INFO - Executing <Task(BashOperator): ingest> on 2021-04-02 06:00:56+00:00
[2022-04-13 21:21:33,276] {standard_task_runner.py:52} INFO - Started process 2800 to run task
[2022-04-13 21:21:33,283] {standard_task_runner.py:76} INFO - Running: ['***', 'tasks', 'run', 'LocalIngestionDAG', 'ingest', 'scheduled__2021-04-02T06:00:56+00:00', '--job-id', '595', '--raw', '--subdir', 'DAGS_FOLDER/data_ingestion_local.py', '--cfg-path', '/tmp/tmpmlq5svoi', '--error-file', '/tmp/tmpeva2o11t']
[2022-04-13 21:21:33,286] {standard_task_runner.py:77} INFO - Job 595: Subtask ingest
[2022-04-13 21:21:33,394] {logging_mixin.py:109} INFO - Running <TaskInstance: LocalIngestionDAG.ingest scheduled__2021-04-02T06:00:56+00:00 [running]> on host 13db72185839
[2022-04-13 21:21:33,506] {taskinstance.py:1426} INFO - Exporting the following env vars:
AIRFLOW_CTX_DAG_OWNER=***
AIRFLOW_CTX_DAG_ID=LocalIngestionDAG
AIRFLOW_CTX_TASK_ID=ingest
AIRFLOW_CTX_EXECUTION_DATE=2021-04-02T06:00:56+00:00
AIRFLOW_CTX_DAG_RUN_ID=scheduled__2021-04-02T06:00:56+00:00
[2022-04-13 21:21:33,509] {subprocess.py:62} INFO - Tmp dir root location: 
 /tmp
[2022-04-13 21:21:33,513] {subprocess.py:74} INFO - Running command: ['bash', '-c', 'pwd']
[2022-04-13 21:21:33,529] {subprocess.py:85} INFO - Output:
[2022-04-13 21:21:33,533] {subprocess.py:89} INFO - /tmp/***tmp0tao9tmg
[2022-04-13 21:21:33,534] {subprocess.py:93} INFO - Command exited with return code 0
[2022-04-13 21:21:33,588] {taskinstance.py:1277} INFO - Marking task as SUCCESS. dag_id=LocalIngestionDAG, task_id=ingest, execution_date=20210402T060056, start_date=20220413T212133, end_date=20220413T212133
[2022-04-13 21:21:33,656] {local_task_job.py:154} INFO - Task exited with return code 0
[2022-04-13 21:21:33,700] {local_task_job.py:264} INFO - 0 downstream tasks scheduled from follow-on schedule check
