[2022-04-13 09:33:53,553] {taskinstance.py:1032} INFO - Dependencies all met for <TaskInstance: data_ingestion_gcs_dag.format_to_parquet_task scheduled__2022-04-12T00:00:00+00:00 [queued]>
[2022-04-13 09:33:53,567] {taskinstance.py:1032} INFO - Dependencies all met for <TaskInstance: data_ingestion_gcs_dag.format_to_parquet_task scheduled__2022-04-12T00:00:00+00:00 [queued]>
[2022-04-13 09:33:53,567] {taskinstance.py:1238} INFO - 
--------------------------------------------------------------------------------
[2022-04-13 09:33:53,568] {taskinstance.py:1239} INFO - Starting attempt 1 of 2
[2022-04-13 09:33:53,569] {taskinstance.py:1240} INFO - 
--------------------------------------------------------------------------------
[2022-04-13 09:33:53,586] {taskinstance.py:1259} INFO - Executing <Task(PythonOperator): format_to_parquet_task> on 2022-04-12 00:00:00+00:00
[2022-04-13 09:33:53,594] {standard_task_runner.py:52} INFO - Started process 398 to run task
[2022-04-13 09:33:53,598] {standard_task_runner.py:76} INFO - Running: ['***', 'tasks', 'run', 'data_ingestion_gcs_dag', 'format_to_parquet_task', 'scheduled__2022-04-12T00:00:00+00:00', '--job-id', '66', '--raw', '--subdir', 'DAGS_FOLDER/data_ingestion_gcs_dag.py', '--cfg-path', '/tmp/tmpe_q41ayb', '--error-file', '/tmp/tmphyvbelby']
[2022-04-13 09:33:53,600] {standard_task_runner.py:77} INFO - Job 66: Subtask format_to_parquet_task
[2022-04-13 09:33:53,676] {logging_mixin.py:109} INFO - Running <TaskInstance: data_ingestion_gcs_dag.format_to_parquet_task scheduled__2022-04-12T00:00:00+00:00 [running]> on host c8926bece071
[2022-04-13 09:33:53,760] {taskinstance.py:1426} INFO - Exporting the following env vars:
AIRFLOW_CTX_DAG_OWNER=***
AIRFLOW_CTX_DAG_ID=data_ingestion_gcs_dag
AIRFLOW_CTX_TASK_ID=format_to_parquet_task
AIRFLOW_CTX_EXECUTION_DATE=2022-04-12T00:00:00+00:00
AIRFLOW_CTX_DAG_RUN_ID=scheduled__2022-04-12T00:00:00+00:00
[2022-04-13 09:33:56,119] {python.py:175} INFO - Done. Returned value was: None
[2022-04-13 09:33:56,135] {taskinstance.py:1277} INFO - Marking task as SUCCESS. dag_id=data_ingestion_gcs_dag, task_id=format_to_parquet_task, execution_date=20220412T000000, start_date=20220413T093353, end_date=20220413T093356
[2022-04-13 09:33:56,272] {local_task_job.py:154} INFO - Task exited with return code 0
[2022-04-13 09:33:56,425] {local_task_job.py:264} INFO - 1 downstream tasks scheduled from follow-on schedule check
