[2022-04-16 18:36:18,112] {taskinstance.py:1032} INFO - Dependencies all met for <TaskInstance: data_ingestion_gcs_dag.local_to_gcs_task scheduled__2022-04-15T00:00:00+00:00 [queued]>
[2022-04-16 18:36:18,125] {taskinstance.py:1032} INFO - Dependencies all met for <TaskInstance: data_ingestion_gcs_dag.local_to_gcs_task scheduled__2022-04-15T00:00:00+00:00 [queued]>
[2022-04-16 18:36:18,126] {taskinstance.py:1238} INFO - 
--------------------------------------------------------------------------------
[2022-04-16 18:36:18,126] {taskinstance.py:1239} INFO - Starting attempt 1 of 2
[2022-04-16 18:36:18,127] {taskinstance.py:1240} INFO - 
--------------------------------------------------------------------------------
[2022-04-16 18:36:18,141] {taskinstance.py:1259} INFO - Executing <Task(PythonOperator): local_to_gcs_task> on 2022-04-15 00:00:00+00:00
[2022-04-16 18:36:18,146] {standard_task_runner.py:52} INFO - Started process 758 to run task
[2022-04-16 18:36:18,150] {standard_task_runner.py:76} INFO - Running: ['***', 'tasks', 'run', 'data_ingestion_gcs_dag', 'local_to_gcs_task', 'scheduled__2022-04-15T00:00:00+00:00', '--job-id', '2221', '--raw', '--subdir', 'DAGS_FOLDER/data_ingestion_gcs_dag.py', '--cfg-path', '/tmp/tmpf9w1ewre', '--error-file', '/tmp/tmp2btzxrcm']
[2022-04-16 18:36:18,151] {standard_task_runner.py:77} INFO - Job 2221: Subtask local_to_gcs_task
[2022-04-16 18:36:18,217] {logging_mixin.py:109} INFO - Running <TaskInstance: data_ingestion_gcs_dag.local_to_gcs_task scheduled__2022-04-15T00:00:00+00:00 [running]> on host 3e228c3601a1
[2022-04-16 18:36:18,294] {taskinstance.py:1426} INFO - Exporting the following env vars:
AIRFLOW_CTX_DAG_OWNER=***
AIRFLOW_CTX_DAG_ID=data_ingestion_gcs_dag
AIRFLOW_CTX_TASK_ID=local_to_gcs_task
AIRFLOW_CTX_EXECUTION_DATE=2022-04-15T00:00:00+00:00
AIRFLOW_CTX_DAG_RUN_ID=scheduled__2022-04-15T00:00:00+00:00
[2022-04-16 18:36:39,662] {python.py:175} INFO - Done. Returned value was: None
[2022-04-16 18:36:39,678] {taskinstance.py:1277} INFO - Marking task as SUCCESS. dag_id=data_ingestion_gcs_dag, task_id=local_to_gcs_task, execution_date=20220415T000000, start_date=20220416T183618, end_date=20220416T183639
[2022-04-16 18:36:39,720] {local_task_job.py:154} INFO - Task exited with return code 0
[2022-04-16 18:36:39,754] {local_task_job.py:264} INFO - 1 downstream tasks scheduled from follow-on schedule check
