[2022-04-13 22:34:27,036] {taskinstance.py:1032} INFO - Dependencies all met for <TaskInstance: LocalIngestionDAG.ingest scheduled__2022-02-02T06:00:57+00:00 [queued]>
[2022-04-13 22:34:27,092] {taskinstance.py:1032} INFO - Dependencies all met for <TaskInstance: LocalIngestionDAG.ingest scheduled__2022-02-02T06:00:57+00:00 [queued]>
[2022-04-13 22:34:27,095] {taskinstance.py:1238} INFO - 
--------------------------------------------------------------------------------
[2022-04-13 22:34:27,099] {taskinstance.py:1239} INFO - Starting attempt 1 of 1
[2022-04-13 22:34:27,100] {taskinstance.py:1240} INFO - 
--------------------------------------------------------------------------------
[2022-04-13 22:34:27,174] {taskinstance.py:1259} INFO - Executing <Task(BashOperator): ingest> on 2022-02-02 06:00:57+00:00
[2022-04-13 22:34:27,194] {standard_task_runner.py:52} INFO - Started process 10520 to run task
[2022-04-13 22:34:27,204] {standard_task_runner.py:76} INFO - Running: ['***', 'tasks', 'run', 'LocalIngestionDAG', 'ingest', 'scheduled__2022-02-02T06:00:57+00:00', '--job-id', '1773', '--raw', '--subdir', 'DAGS_FOLDER/data_ingestion_local.py', '--cfg-path', '/tmp/tmplb59u3ki', '--error-file', '/tmp/tmp9fspt7fw']
[2022-04-13 22:34:27,212] {standard_task_runner.py:77} INFO - Job 1773: Subtask ingest
[2022-04-13 22:34:27,404] {logging_mixin.py:109} INFO - Running <TaskInstance: LocalIngestionDAG.ingest scheduled__2022-02-02T06:00:57+00:00 [running]> on host 13db72185839
[2022-04-13 22:34:27,602] {taskinstance.py:1426} INFO - Exporting the following env vars:
AIRFLOW_CTX_DAG_OWNER=***
AIRFLOW_CTX_DAG_ID=LocalIngestionDAG
AIRFLOW_CTX_TASK_ID=ingest
AIRFLOW_CTX_EXECUTION_DATE=2022-02-02T06:00:57+00:00
AIRFLOW_CTX_DAG_RUN_ID=scheduled__2022-02-02T06:00:57+00:00
[2022-04-13 22:34:27,605] {subprocess.py:62} INFO - Tmp dir root location: 
 /tmp
[2022-04-13 22:34:27,609] {subprocess.py:74} INFO - Running command: ['bash', '-c', 'ls /opt/***']
[2022-04-13 22:34:27,637] {subprocess.py:85} INFO - Output:
[2022-04-13 22:34:27,646] {subprocess.py:89} INFO - ***.cfg
[2022-04-13 22:34:27,648] {subprocess.py:89} INFO - dags
[2022-04-13 22:34:27,649] {subprocess.py:89} INFO - logs
[2022-04-13 22:34:27,649] {subprocess.py:89} INFO - output.csv
[2022-04-13 22:34:27,650] {subprocess.py:89} INFO - plugins
[2022-04-13 22:34:27,652] {subprocess.py:89} INFO - requirements.txt
[2022-04-13 22:34:27,654] {subprocess.py:89} INFO - scripts
[2022-04-13 22:34:27,655] {subprocess.py:89} INFO - webserver_config.py
[2022-04-13 22:34:27,655] {subprocess.py:93} INFO - Command exited with return code 0
[2022-04-13 22:34:27,730] {taskinstance.py:1277} INFO - Marking task as SUCCESS. dag_id=LocalIngestionDAG, task_id=ingest, execution_date=20220202T060057, start_date=20220413T223427, end_date=20220413T223427
[2022-04-13 22:34:27,821] {local_task_job.py:154} INFO - Task exited with return code 0
[2022-04-13 22:34:27,889] {local_task_job.py:264} INFO - 0 downstream tasks scheduled from follow-on schedule check
