[2022-04-14 02:49:43,229] {taskinstance.py:1032} INFO - Dependencies all met for <TaskInstance: LocalIngestionDAG.ingest scheduled__2022-04-02T06:00:35+00:00 [queued]>
[2022-04-14 02:49:43,252] {taskinstance.py:1032} INFO - Dependencies all met for <TaskInstance: LocalIngestionDAG.ingest scheduled__2022-04-02T06:00:35+00:00 [queued]>
[2022-04-14 02:49:43,253] {taskinstance.py:1238} INFO - 
--------------------------------------------------------------------------------
[2022-04-14 02:49:43,253] {taskinstance.py:1239} INFO - Starting attempt 14 of 14
[2022-04-14 02:49:43,254] {taskinstance.py:1240} INFO - 
--------------------------------------------------------------------------------
[2022-04-14 02:49:43,271] {taskinstance.py:1259} INFO - Executing <Task(PythonOperator): ingest> on 2022-04-02 06:00:35+00:00
[2022-04-14 02:49:43,280] {standard_task_runner.py:52} INFO - Started process 8905 to run task
[2022-04-14 02:49:43,287] {standard_task_runner.py:76} INFO - Running: ['***', 'tasks', 'run', 'LocalIngestionDAG', 'ingest', 'scheduled__2022-04-02T06:00:35+00:00', '--job-id', '2053', '--raw', '--subdir', 'DAGS_FOLDER/data_ingestion_local.py', '--cfg-path', '/tmp/tmpnlbaufdw', '--error-file', '/tmp/tmpiecau4uy']
[2022-04-14 02:49:43,289] {standard_task_runner.py:77} INFO - Job 2053: Subtask ingest
[2022-04-14 02:49:43,365] {logging_mixin.py:109} INFO - Running <TaskInstance: LocalIngestionDAG.ingest scheduled__2022-04-02T06:00:35+00:00 [running]> on host f13cd06666dc
[2022-04-14 02:49:43,429] {logging_mixin.py:109} WARNING - /home/***/.local/lib/python3.7/site-packages/***/utils/context.py:152 AirflowContextDeprecationWarning: Accessing 'execution_date' from the template is deprecated and will be removed in a future version. Please use 'data_interval_start' or 'logical_date' instead.
[2022-04-14 02:49:43,464] {taskinstance.py:1426} INFO - Exporting the following env vars:
AIRFLOW_CTX_DAG_OWNER=***
AIRFLOW_CTX_DAG_ID=LocalIngestionDAG
AIRFLOW_CTX_TASK_ID=ingest
AIRFLOW_CTX_EXECUTION_DATE=2022-04-02T06:00:35+00:00
AIRFLOW_CTX_DAG_RUN_ID=scheduled__2022-04-02T06:00:35+00:00
[2022-04-14 02:49:43,465] {logging_mixin.py:109} INFO - yellow_taxi_2022_04 /opt/***/output_2022-04.csv 2022-04-02T06:00:35+00:00
[2022-04-14 02:49:43,710] {logging_mixin.py:109} INFO - connection established successfully, inserting data...
[2022-04-14 02:49:43,859] {logging_mixin.py:109} INFO - inserted the first chunk, took 0.148 second
[2022-04-14 02:49:43,860] {logging_mixin.py:109} INFO - completed
[2022-04-14 02:49:43,861] {python.py:175} INFO - Done. Returned value was: None
[2022-04-14 02:49:43,885] {taskinstance.py:1277} INFO - Marking task as SUCCESS. dag_id=LocalIngestionDAG, task_id=ingest, execution_date=20220402T060035, start_date=20220414T024943, end_date=20220414T024943
[2022-04-14 02:49:43,943] {local_task_job.py:154} INFO - Task exited with return code 0
[2022-04-14 02:49:43,998] {local_task_job.py:264} INFO - 0 downstream tasks scheduled from follow-on schedule check
