[2022-04-13 21:20:55,574] {taskinstance.py:1032} INFO - Dependencies all met for <TaskInstance: LocalIngestionDAG.ingest scheduled__2021-04-02T06:00:19+00:00 [queued]>
[2022-04-13 21:20:55,589] {taskinstance.py:1032} INFO - Dependencies all met for <TaskInstance: LocalIngestionDAG.ingest scheduled__2021-04-02T06:00:19+00:00 [queued]>
[2022-04-13 21:20:55,589] {taskinstance.py:1238} INFO - 
--------------------------------------------------------------------------------
[2022-04-13 21:20:55,590] {taskinstance.py:1239} INFO - Starting attempt 1 of 1
[2022-04-13 21:20:55,590] {taskinstance.py:1240} INFO - 
--------------------------------------------------------------------------------
[2022-04-13 21:20:55,607] {taskinstance.py:1259} INFO - Executing <Task(BashOperator): ingest> on 2021-04-02 06:00:19+00:00
[2022-04-13 21:20:55,611] {standard_task_runner.py:52} INFO - Started process 2546 to run task
[2022-04-13 21:20:55,616] {standard_task_runner.py:76} INFO - Running: ['***', 'tasks', 'run', 'LocalIngestionDAG', 'ingest', 'scheduled__2021-04-02T06:00:19+00:00', '--job-id', '521', '--raw', '--subdir', 'DAGS_FOLDER/data_ingestion_local.py', '--cfg-path', '/tmp/tmp9wox_teh', '--error-file', '/tmp/tmp0a_rdcah']
[2022-04-13 21:20:55,618] {standard_task_runner.py:77} INFO - Job 521: Subtask ingest
[2022-04-13 21:20:55,707] {logging_mixin.py:109} INFO - Running <TaskInstance: LocalIngestionDAG.ingest scheduled__2021-04-02T06:00:19+00:00 [running]> on host 13db72185839
[2022-04-13 21:20:55,772] {taskinstance.py:1426} INFO - Exporting the following env vars:
AIRFLOW_CTX_DAG_OWNER=***
AIRFLOW_CTX_DAG_ID=LocalIngestionDAG
AIRFLOW_CTX_TASK_ID=ingest
AIRFLOW_CTX_EXECUTION_DATE=2021-04-02T06:00:19+00:00
AIRFLOW_CTX_DAG_RUN_ID=scheduled__2021-04-02T06:00:19+00:00
[2022-04-13 21:20:55,773] {subprocess.py:62} INFO - Tmp dir root location: 
 /tmp
[2022-04-13 21:20:55,775] {subprocess.py:74} INFO - Running command: ['bash', '-c', 'pwd']
[2022-04-13 21:20:55,782] {subprocess.py:85} INFO - Output:
[2022-04-13 21:20:55,784] {subprocess.py:89} INFO - /tmp/***tmpaivao_w9
[2022-04-13 21:20:55,785] {subprocess.py:93} INFO - Command exited with return code 0
[2022-04-13 21:20:55,813] {taskinstance.py:1277} INFO - Marking task as SUCCESS. dag_id=LocalIngestionDAG, task_id=ingest, execution_date=20210402T060019, start_date=20220413T212055, end_date=20220413T212055
[2022-04-13 21:20:55,867] {local_task_job.py:154} INFO - Task exited with return code 0
[2022-04-13 21:20:55,898] {local_task_job.py:264} INFO - 0 downstream tasks scheduled from follow-on schedule check
