[2022-04-13 21:25:23,546] {taskinstance.py:1032} INFO - Dependencies all met for <TaskInstance: LocalIngestionDAG.ingest scheduled__2021-08-02T06:00:36+00:00 [queued]>
[2022-04-13 21:25:23,615] {taskinstance.py:1032} INFO - Dependencies all met for <TaskInstance: LocalIngestionDAG.ingest scheduled__2021-08-02T06:00:36+00:00 [queued]>
[2022-04-13 21:25:23,616] {taskinstance.py:1238} INFO - 
--------------------------------------------------------------------------------
[2022-04-13 21:25:23,617] {taskinstance.py:1239} INFO - Starting attempt 1 of 1
[2022-04-13 21:25:23,618] {taskinstance.py:1240} INFO - 
--------------------------------------------------------------------------------
[2022-04-13 21:25:23,699] {taskinstance.py:1259} INFO - Executing <Task(BashOperator): ingest> on 2021-08-02 06:00:36+00:00
[2022-04-13 21:25:23,709] {standard_task_runner.py:52} INFO - Started process 4306 to run task
[2022-04-13 21:25:23,717] {standard_task_runner.py:76} INFO - Running: ['***', 'tasks', 'run', 'LocalIngestionDAG', 'ingest', 'scheduled__2021-08-02T06:00:36+00:00', '--job-id', '1038', '--raw', '--subdir', 'DAGS_FOLDER/data_ingestion_local.py', '--cfg-path', '/tmp/tmp6afu3m6y', '--error-file', '/tmp/tmpf2ukd0hb']
[2022-04-13 21:25:23,724] {standard_task_runner.py:77} INFO - Job 1038: Subtask ingest
[2022-04-13 21:25:23,979] {logging_mixin.py:109} INFO - Running <TaskInstance: LocalIngestionDAG.ingest scheduled__2021-08-02T06:00:36+00:00 [running]> on host 13db72185839
[2022-04-13 21:25:24,266] {taskinstance.py:1426} INFO - Exporting the following env vars:
AIRFLOW_CTX_DAG_OWNER=***
AIRFLOW_CTX_DAG_ID=LocalIngestionDAG
AIRFLOW_CTX_TASK_ID=ingest
AIRFLOW_CTX_EXECUTION_DATE=2021-08-02T06:00:36+00:00
AIRFLOW_CTX_DAG_RUN_ID=scheduled__2021-08-02T06:00:36+00:00
[2022-04-13 21:25:24,280] {subprocess.py:62} INFO - Tmp dir root location: 
 /tmp
[2022-04-13 21:25:24,284] {subprocess.py:74} INFO - Running command: ['bash', '-c', 'pwd']
[2022-04-13 21:25:24,343] {subprocess.py:85} INFO - Output:
[2022-04-13 21:25:24,352] {subprocess.py:89} INFO - /tmp/***tmpa_sdcjq2
[2022-04-13 21:25:24,369] {subprocess.py:93} INFO - Command exited with return code 0
[2022-04-13 21:25:24,706] {taskinstance.py:1277} INFO - Marking task as SUCCESS. dag_id=LocalIngestionDAG, task_id=ingest, execution_date=20210802T060036, start_date=20220413T212523, end_date=20220413T212524
[2022-04-13 21:25:24,757] {local_task_job.py:154} INFO - Task exited with return code 0
[2022-04-13 21:25:24,887] {local_task_job.py:264} INFO - 0 downstream tasks scheduled from follow-on schedule check
