[2022-04-14 02:26:56,714] {taskinstance.py:1032} INFO - Dependencies all met for <TaskInstance: LocalIngestionDAG.wget scheduled__2022-04-02T06:00:35+00:00 [queued]>
[2022-04-14 02:26:56,726] {taskinstance.py:1032} INFO - Dependencies all met for <TaskInstance: LocalIngestionDAG.wget scheduled__2022-04-02T06:00:35+00:00 [queued]>
[2022-04-14 02:26:56,727] {taskinstance.py:1238} INFO - 
--------------------------------------------------------------------------------
[2022-04-14 02:26:56,728] {taskinstance.py:1239} INFO - Starting attempt 10 of 10
[2022-04-14 02:26:56,729] {taskinstance.py:1240} INFO - 
--------------------------------------------------------------------------------
[2022-04-14 02:26:56,746] {taskinstance.py:1259} INFO - Executing <Task(BashOperator): wget> on 2022-04-02 06:00:35+00:00
[2022-04-14 02:26:56,788] {standard_task_runner.py:52} INFO - Started process 7120 to run task
[2022-04-14 02:26:56,793] {standard_task_runner.py:76} INFO - Running: ['***', 'tasks', 'run', 'LocalIngestionDAG', 'wget', 'scheduled__2022-04-02T06:00:35+00:00', '--job-id', '2044', '--raw', '--subdir', 'DAGS_FOLDER/data_ingestion_local.py', '--cfg-path', '/tmp/tmp_eazoann', '--error-file', '/tmp/tmp5_xvlvmh']
[2022-04-14 02:26:56,794] {standard_task_runner.py:77} INFO - Job 2044: Subtask wget
[2022-04-14 02:26:56,864] {logging_mixin.py:109} INFO - Running <TaskInstance: LocalIngestionDAG.wget scheduled__2022-04-02T06:00:35+00:00 [running]> on host f13cd06666dc
[2022-04-14 02:26:56,913] {logging_mixin.py:109} WARNING - /home/***/.local/lib/python3.7/site-packages/***/utils/context.py:152 AirflowContextDeprecationWarning: Accessing 'execution_date' from the template is deprecated and will be removed in a future version. Please use 'data_interval_start' or 'logical_date' instead.
[2022-04-14 02:26:56,931] {taskinstance.py:1426} INFO - Exporting the following env vars:
AIRFLOW_CTX_DAG_OWNER=***
AIRFLOW_CTX_DAG_ID=LocalIngestionDAG
AIRFLOW_CTX_TASK_ID=wget
AIRFLOW_CTX_EXECUTION_DATE=2022-04-02T06:00:35+00:00
AIRFLOW_CTX_DAG_RUN_ID=scheduled__2022-04-02T06:00:35+00:00
[2022-04-14 02:26:56,933] {subprocess.py:62} INFO - Tmp dir root location: 
 /tmp
[2022-04-14 02:26:56,935] {subprocess.py:74} INFO - Running command: ['bash', '-c', 'curl -sSL https://s3.amazonaws.com/nyc-tlc/trip+data/yellow_tripdata_2022-04.csv > /opt/***/output_2022-04.csv']
[2022-04-14 02:26:56,948] {subprocess.py:85} INFO - Output:
[2022-04-14 02:26:58,140] {subprocess.py:93} INFO - Command exited with return code 0
[2022-04-14 02:26:58,164] {taskinstance.py:1277} INFO - Marking task as SUCCESS. dag_id=LocalIngestionDAG, task_id=wget, execution_date=20220402T060035, start_date=20220414T022656, end_date=20220414T022658
[2022-04-14 02:26:58,219] {local_task_job.py:154} INFO - Task exited with return code 0
[2022-04-14 02:26:58,259] {local_task_job.py:264} INFO - 1 downstream tasks scheduled from follow-on schedule check
