[2022-04-14 01:56:54,435] {taskinstance.py:1032} INFO - Dependencies all met for <TaskInstance: LocalIngestionDAG.wget scheduled__2022-04-02T06:00:35+00:00 [queued]>
[2022-04-14 01:56:54,463] {taskinstance.py:1032} INFO - Dependencies all met for <TaskInstance: LocalIngestionDAG.wget scheduled__2022-04-02T06:00:35+00:00 [queued]>
[2022-04-14 01:56:54,464] {taskinstance.py:1238} INFO - 
--------------------------------------------------------------------------------
[2022-04-14 01:56:54,464] {taskinstance.py:1239} INFO - Starting attempt 4 of 4
[2022-04-14 01:56:54,465] {taskinstance.py:1240} INFO - 
--------------------------------------------------------------------------------
[2022-04-14 01:56:54,491] {taskinstance.py:1259} INFO - Executing <Task(BashOperator): wget> on 2022-04-02 06:00:35+00:00
[2022-04-14 01:56:54,503] {standard_task_runner.py:52} INFO - Started process 4826 to run task
[2022-04-14 01:56:54,515] {standard_task_runner.py:76} INFO - Running: ['***', 'tasks', 'run', 'LocalIngestionDAG', 'wget', 'scheduled__2022-04-02T06:00:35+00:00', '--job-id', '2031', '--raw', '--subdir', 'DAGS_FOLDER/data_ingestion_local.py', '--cfg-path', '/tmp/tmp3nh5yqf7', '--error-file', '/tmp/tmp9xziwxby']
[2022-04-14 01:56:54,517] {standard_task_runner.py:77} INFO - Job 2031: Subtask wget
[2022-04-14 01:56:54,606] {logging_mixin.py:109} INFO - Running <TaskInstance: LocalIngestionDAG.wget scheduled__2022-04-02T06:00:35+00:00 [running]> on host f13cd06666dc
[2022-04-14 01:56:54,673] {logging_mixin.py:109} WARNING - /home/***/.local/lib/python3.7/site-packages/***/utils/context.py:152 AirflowContextDeprecationWarning: Accessing 'execution_date' from the template is deprecated and will be removed in a future version. Please use 'data_interval_start' or 'logical_date' instead.
[2022-04-14 01:56:54,696] {taskinstance.py:1426} INFO - Exporting the following env vars:
AIRFLOW_CTX_DAG_OWNER=***
AIRFLOW_CTX_DAG_ID=LocalIngestionDAG
AIRFLOW_CTX_TASK_ID=wget
AIRFLOW_CTX_EXECUTION_DATE=2022-04-02T06:00:35+00:00
AIRFLOW_CTX_DAG_RUN_ID=scheduled__2022-04-02T06:00:35+00:00
[2022-04-14 01:56:54,698] {subprocess.py:62} INFO - Tmp dir root location: 
 /tmp
[2022-04-14 01:56:54,700] {subprocess.py:74} INFO - Running command: ['bash', '-c', 'curl -sSL https://s3.amazonaws.com/nyc-tlc/trip+data/yellow_tripdata_2022-04.csv > /opt/***/output_2022-04.csv']
[2022-04-14 01:56:54,716] {subprocess.py:85} INFO - Output:
[2022-04-14 01:56:55,954] {subprocess.py:93} INFO - Command exited with return code 0
[2022-04-14 01:56:55,981] {taskinstance.py:1277} INFO - Marking task as SUCCESS. dag_id=LocalIngestionDAG, task_id=wget, execution_date=20220402T060035, start_date=20220414T015654, end_date=20220414T015655
[2022-04-14 01:56:56,015] {local_task_job.py:154} INFO - Task exited with return code 0
[2022-04-14 01:56:56,050] {local_task_job.py:264} INFO - 1 downstream tasks scheduled from follow-on schedule check
