[2022-04-14 02:20:27,721] {taskinstance.py:1032} INFO - Dependencies all met for <TaskInstance: LocalIngestionDAG.wget scheduled__2022-04-02T06:00:35+00:00 [queued]>
[2022-04-14 02:20:27,743] {taskinstance.py:1032} INFO - Dependencies all met for <TaskInstance: LocalIngestionDAG.wget scheduled__2022-04-02T06:00:35+00:00 [queued]>
[2022-04-14 02:20:27,743] {taskinstance.py:1238} INFO - 
--------------------------------------------------------------------------------
[2022-04-14 02:20:27,744] {taskinstance.py:1239} INFO - Starting attempt 7 of 7
[2022-04-14 02:20:27,744] {taskinstance.py:1240} INFO - 
--------------------------------------------------------------------------------
[2022-04-14 02:20:27,765] {taskinstance.py:1259} INFO - Executing <Task(BashOperator): wget> on 2022-04-02 06:00:35+00:00
[2022-04-14 02:20:27,771] {standard_task_runner.py:52} INFO - Started process 6582 to run task
[2022-04-14 02:20:27,776] {standard_task_runner.py:76} INFO - Running: ['***', 'tasks', 'run', 'LocalIngestionDAG', 'wget', 'scheduled__2022-04-02T06:00:35+00:00', '--job-id', '2037', '--raw', '--subdir', 'DAGS_FOLDER/data_ingestion_local.py', '--cfg-path', '/tmp/tmp0v23p3td', '--error-file', '/tmp/tmpms_n7ipi']
[2022-04-14 02:20:27,777] {standard_task_runner.py:77} INFO - Job 2037: Subtask wget
[2022-04-14 02:20:27,844] {logging_mixin.py:109} INFO - Running <TaskInstance: LocalIngestionDAG.wget scheduled__2022-04-02T06:00:35+00:00 [running]> on host f13cd06666dc
[2022-04-14 02:20:27,915] {logging_mixin.py:109} WARNING - /home/***/.local/lib/python3.7/site-packages/***/utils/context.py:152 AirflowContextDeprecationWarning: Accessing 'execution_date' from the template is deprecated and will be removed in a future version. Please use 'data_interval_start' or 'logical_date' instead.
[2022-04-14 02:20:27,937] {taskinstance.py:1426} INFO - Exporting the following env vars:
AIRFLOW_CTX_DAG_OWNER=***
AIRFLOW_CTX_DAG_ID=LocalIngestionDAG
AIRFLOW_CTX_TASK_ID=wget
AIRFLOW_CTX_EXECUTION_DATE=2022-04-02T06:00:35+00:00
AIRFLOW_CTX_DAG_RUN_ID=scheduled__2022-04-02T06:00:35+00:00
[2022-04-14 02:20:27,939] {subprocess.py:62} INFO - Tmp dir root location: 
 /tmp
[2022-04-14 02:20:27,940] {subprocess.py:74} INFO - Running command: ['bash', '-c', 'curl -sSL https://s3.amazonaws.com/nyc-tlc/trip+data/yellow_tripdata_2022-04.csv > /opt/***/output_2022-04.csv']
[2022-04-14 02:20:27,955] {subprocess.py:85} INFO - Output:
[2022-04-14 02:20:29,189] {subprocess.py:93} INFO - Command exited with return code 0
[2022-04-14 02:20:29,218] {taskinstance.py:1277} INFO - Marking task as SUCCESS. dag_id=LocalIngestionDAG, task_id=wget, execution_date=20220402T060035, start_date=20220414T022027, end_date=20220414T022029
[2022-04-14 02:20:29,239] {local_task_job.py:154} INFO - Task exited with return code 0
[2022-04-14 02:20:29,274] {local_task_job.py:264} INFO - 1 downstream tasks scheduled from follow-on schedule check
