[2022-04-13 21:22:15,944] {taskinstance.py:1032} INFO - Dependencies all met for <TaskInstance: LocalIngestionDAG.ingest scheduled__2021-05-02T06:00:38+00:00 [queued]>
[2022-04-13 21:22:16,018] {taskinstance.py:1032} INFO - Dependencies all met for <TaskInstance: LocalIngestionDAG.ingest scheduled__2021-05-02T06:00:38+00:00 [queued]>
[2022-04-13 21:22:16,026] {taskinstance.py:1238} INFO - 
--------------------------------------------------------------------------------
[2022-04-13 21:22:16,037] {taskinstance.py:1239} INFO - Starting attempt 1 of 1
[2022-04-13 21:22:16,047] {taskinstance.py:1240} INFO - 
--------------------------------------------------------------------------------
[2022-04-13 21:22:16,094] {taskinstance.py:1259} INFO - Executing <Task(BashOperator): ingest> on 2021-05-02 06:00:38+00:00
[2022-04-13 21:22:16,105] {standard_task_runner.py:52} INFO - Started process 3090 to run task
[2022-04-13 21:22:16,117] {standard_task_runner.py:76} INFO - Running: ['***', 'tasks', 'run', 'LocalIngestionDAG', 'ingest', 'scheduled__2021-05-02T06:00:38+00:00', '--job-id', '680', '--raw', '--subdir', 'DAGS_FOLDER/data_ingestion_local.py', '--cfg-path', '/tmp/tmpl81n1ak7', '--error-file', '/tmp/tmp3sdv1ane']
[2022-04-13 21:22:16,126] {standard_task_runner.py:77} INFO - Job 680: Subtask ingest
[2022-04-13 21:22:16,320] {logging_mixin.py:109} INFO - Running <TaskInstance: LocalIngestionDAG.ingest scheduled__2021-05-02T06:00:38+00:00 [running]> on host 13db72185839
[2022-04-13 21:22:16,550] {taskinstance.py:1426} INFO - Exporting the following env vars:
AIRFLOW_CTX_DAG_OWNER=***
AIRFLOW_CTX_DAG_ID=LocalIngestionDAG
AIRFLOW_CTX_TASK_ID=ingest
AIRFLOW_CTX_EXECUTION_DATE=2021-05-02T06:00:38+00:00
AIRFLOW_CTX_DAG_RUN_ID=scheduled__2021-05-02T06:00:38+00:00
[2022-04-13 21:22:16,553] {subprocess.py:62} INFO - Tmp dir root location: 
 /tmp
[2022-04-13 21:22:16,556] {subprocess.py:74} INFO - Running command: ['bash', '-c', 'pwd']
[2022-04-13 21:22:16,584] {subprocess.py:85} INFO - Output:
[2022-04-13 21:22:16,589] {subprocess.py:89} INFO - /tmp/***tmprz1hyoxd
[2022-04-13 21:22:16,590] {subprocess.py:93} INFO - Command exited with return code 0
[2022-04-13 21:22:16,687] {taskinstance.py:1277} INFO - Marking task as SUCCESS. dag_id=LocalIngestionDAG, task_id=ingest, execution_date=20210502T060038, start_date=20220413T212215, end_date=20220413T212216
[2022-04-13 21:22:16,759] {local_task_job.py:154} INFO - Task exited with return code 0
[2022-04-13 21:22:16,850] {local_task_job.py:264} INFO - 0 downstream tasks scheduled from follow-on schedule check
