[2022-04-13 22:35:56,752] {taskinstance.py:1032} INFO - Dependencies all met for <TaskInstance: LocalIngestionDAG.ingest scheduled__2022-04-02T06:00:18+00:00 [queued]>
[2022-04-13 22:35:56,781] {taskinstance.py:1032} INFO - Dependencies all met for <TaskInstance: LocalIngestionDAG.ingest scheduled__2022-04-02T06:00:18+00:00 [queued]>
[2022-04-13 22:35:56,782] {taskinstance.py:1238} INFO - 
--------------------------------------------------------------------------------
[2022-04-13 22:35:56,782] {taskinstance.py:1239} INFO - Starting attempt 1 of 1
[2022-04-13 22:35:56,783] {taskinstance.py:1240} INFO - 
--------------------------------------------------------------------------------
[2022-04-13 22:35:56,820] {taskinstance.py:1259} INFO - Executing <Task(BashOperator): ingest> on 2022-04-02 06:00:18+00:00
[2022-04-13 22:35:56,826] {standard_task_runner.py:52} INFO - Started process 11220 to run task
[2022-04-13 22:35:56,836] {standard_task_runner.py:76} INFO - Running: ['***', 'tasks', 'run', 'LocalIngestionDAG', 'ingest', 'scheduled__2022-04-02T06:00:18+00:00', '--job-id', '1931', '--raw', '--subdir', 'DAGS_FOLDER/data_ingestion_local.py', '--cfg-path', '/tmp/tmpjmozfun_', '--error-file', '/tmp/tmpjbapo7z8']
[2022-04-13 22:35:56,838] {standard_task_runner.py:77} INFO - Job 1931: Subtask ingest
[2022-04-13 22:35:57,010] {logging_mixin.py:109} INFO - Running <TaskInstance: LocalIngestionDAG.ingest scheduled__2022-04-02T06:00:18+00:00 [running]> on host 13db72185839
[2022-04-13 22:35:57,114] {taskinstance.py:1426} INFO - Exporting the following env vars:
AIRFLOW_CTX_DAG_OWNER=***
AIRFLOW_CTX_DAG_ID=LocalIngestionDAG
AIRFLOW_CTX_TASK_ID=ingest
AIRFLOW_CTX_EXECUTION_DATE=2022-04-02T06:00:18+00:00
AIRFLOW_CTX_DAG_RUN_ID=scheduled__2022-04-02T06:00:18+00:00
[2022-04-13 22:35:57,116] {subprocess.py:62} INFO - Tmp dir root location: 
 /tmp
[2022-04-13 22:35:57,118] {subprocess.py:74} INFO - Running command: ['bash', '-c', 'ls /opt/***']
[2022-04-13 22:35:57,130] {subprocess.py:85} INFO - Output:
[2022-04-13 22:35:57,136] {subprocess.py:89} INFO - ***.cfg
[2022-04-13 22:35:57,137] {subprocess.py:89} INFO - dags
[2022-04-13 22:35:57,137] {subprocess.py:89} INFO - logs
[2022-04-13 22:35:57,138] {subprocess.py:89} INFO - output.csv
[2022-04-13 22:35:57,138] {subprocess.py:89} INFO - output_2022-03.csv
[2022-04-13 22:35:57,139] {subprocess.py:89} INFO - output_2022-04.csv
[2022-04-13 22:35:57,139] {subprocess.py:89} INFO - plugins
[2022-04-13 22:35:57,140] {subprocess.py:89} INFO - requirements.txt
[2022-04-13 22:35:57,140] {subprocess.py:89} INFO - scripts
[2022-04-13 22:35:57,141] {subprocess.py:89} INFO - webserver_config.py
[2022-04-13 22:35:57,142] {subprocess.py:93} INFO - Command exited with return code 0
[2022-04-13 22:35:57,199] {taskinstance.py:1277} INFO - Marking task as SUCCESS. dag_id=LocalIngestionDAG, task_id=ingest, execution_date=20220402T060018, start_date=20220413T223556, end_date=20220413T223557
[2022-04-13 22:35:57,245] {local_task_job.py:154} INFO - Task exited with return code 0
[2022-04-13 22:35:57,320] {local_task_job.py:264} INFO - 0 downstream tasks scheduled from follow-on schedule check
