[2022-04-16 18:36:13,742] {taskinstance.py:1032} INFO - Dependencies all met for <TaskInstance: data_ingestion_gcs_dag.format_to_parquet_task scheduled__2022-04-15T00:00:00+00:00 [queued]>
[2022-04-16 18:36:13,780] {taskinstance.py:1032} INFO - Dependencies all met for <TaskInstance: data_ingestion_gcs_dag.format_to_parquet_task scheduled__2022-04-15T00:00:00+00:00 [queued]>
[2022-04-16 18:36:13,802] {taskinstance.py:1238} INFO - 
--------------------------------------------------------------------------------
[2022-04-16 18:36:13,810] {taskinstance.py:1239} INFO - Starting attempt 1 of 2
[2022-04-16 18:36:13,812] {taskinstance.py:1240} INFO - 
--------------------------------------------------------------------------------
[2022-04-16 18:36:13,832] {taskinstance.py:1259} INFO - Executing <Task(PythonOperator): format_to_parquet_task> on 2022-04-15 00:00:00+00:00
[2022-04-16 18:36:13,837] {standard_task_runner.py:52} INFO - Started process 730 to run task
[2022-04-16 18:36:13,845] {standard_task_runner.py:76} INFO - Running: ['***', 'tasks', 'run', 'data_ingestion_gcs_dag', 'format_to_parquet_task', 'scheduled__2022-04-15T00:00:00+00:00', '--job-id', '2220', '--raw', '--subdir', 'DAGS_FOLDER/data_ingestion_gcs_dag.py', '--cfg-path', '/tmp/tmp13gqtd0f', '--error-file', '/tmp/tmptj572yux']
[2022-04-16 18:36:13,847] {standard_task_runner.py:77} INFO - Job 2220: Subtask format_to_parquet_task
[2022-04-16 18:36:13,954] {logging_mixin.py:109} INFO - Running <TaskInstance: data_ingestion_gcs_dag.format_to_parquet_task scheduled__2022-04-15T00:00:00+00:00 [running]> on host 3e228c3601a1
[2022-04-16 18:36:14,016] {taskinstance.py:1426} INFO - Exporting the following env vars:
AIRFLOW_CTX_DAG_OWNER=***
AIRFLOW_CTX_DAG_ID=data_ingestion_gcs_dag
AIRFLOW_CTX_TASK_ID=format_to_parquet_task
AIRFLOW_CTX_EXECUTION_DATE=2022-04-15T00:00:00+00:00
AIRFLOW_CTX_DAG_RUN_ID=scheduled__2022-04-15T00:00:00+00:00
[2022-04-16 18:36:15,638] {python.py:175} INFO - Done. Returned value was: None
[2022-04-16 18:36:15,657] {taskinstance.py:1277} INFO - Marking task as SUCCESS. dag_id=data_ingestion_gcs_dag, task_id=format_to_parquet_task, execution_date=20220415T000000, start_date=20220416T183613, end_date=20220416T183615
[2022-04-16 18:36:15,707] {local_task_job.py:154} INFO - Task exited with return code 0
[2022-04-16 18:36:15,755] {local_task_job.py:264} INFO - 1 downstream tasks scheduled from follow-on schedule check
