[2022-04-16 18:18:36,799] {taskinstance.py:1032} INFO - Dependencies all met for <TaskInstance: data_ingestion_gcs_dag.format_to_parquet_task manual__2022-04-16T17:57:26.581187+00:00 [queued]>
[2022-04-16 18:18:36,810] {taskinstance.py:1032} INFO - Dependencies all met for <TaskInstance: data_ingestion_gcs_dag.format_to_parquet_task manual__2022-04-16T17:57:26.581187+00:00 [queued]>
[2022-04-16 18:18:36,810] {taskinstance.py:1238} INFO - 
--------------------------------------------------------------------------------
[2022-04-16 18:18:36,811] {taskinstance.py:1239} INFO - Starting attempt 1 of 2
[2022-04-16 18:18:36,811] {taskinstance.py:1240} INFO - 
--------------------------------------------------------------------------------
[2022-04-16 18:18:36,828] {taskinstance.py:1259} INFO - Executing <Task(PythonOperator): format_to_parquet_task> on 2022-04-16 17:57:26.581187+00:00
[2022-04-16 18:18:36,836] {standard_task_runner.py:52} INFO - Started process 287 to run task
[2022-04-16 18:18:36,840] {standard_task_runner.py:76} INFO - Running: ['***', 'tasks', 'run', 'data_ingestion_gcs_dag', 'format_to_parquet_task', 'manual__2022-04-16T17:57:26.581187+00:00', '--job-id', '2182', '--raw', '--subdir', 'DAGS_FOLDER/data_ingestion_gcs_dag.py', '--cfg-path', '/tmp/tmpfr43mqoz', '--error-file', '/tmp/tmp6pzhvxan']
[2022-04-16 18:18:36,842] {standard_task_runner.py:77} INFO - Job 2182: Subtask format_to_parquet_task
[2022-04-16 18:18:36,929] {logging_mixin.py:109} INFO - Running <TaskInstance: data_ingestion_gcs_dag.format_to_parquet_task manual__2022-04-16T17:57:26.581187+00:00 [running]> on host 3e228c3601a1
[2022-04-16 18:18:36,996] {taskinstance.py:1426} INFO - Exporting the following env vars:
AIRFLOW_CTX_DAG_OWNER=***
AIRFLOW_CTX_DAG_ID=data_ingestion_gcs_dag
AIRFLOW_CTX_TASK_ID=format_to_parquet_task
AIRFLOW_CTX_EXECUTION_DATE=2022-04-16T17:57:26.581187+00:00
AIRFLOW_CTX_DAG_RUN_ID=manual__2022-04-16T17:57:26.581187+00:00
[2022-04-16 18:18:39,586] {python.py:175} INFO - Done. Returned value was: None
[2022-04-16 18:18:39,600] {taskinstance.py:1277} INFO - Marking task as SUCCESS. dag_id=data_ingestion_gcs_dag, task_id=format_to_parquet_task, execution_date=20220416T175726, start_date=20220416T181836, end_date=20220416T181839
[2022-04-16 18:18:39,628] {local_task_job.py:154} INFO - Task exited with return code 0
[2022-04-16 18:18:39,680] {local_task_job.py:264} INFO - 1 downstream tasks scheduled from follow-on schedule check
