[2022-04-13 21:21:22,321] {taskinstance.py:1032} INFO - Dependencies all met for <TaskInstance: LocalIngestionDAG.wget scheduled__2021-04-02T06:00:44+00:00 [queued]>
[2022-04-13 21:21:22,352] {taskinstance.py:1032} INFO - Dependencies all met for <TaskInstance: LocalIngestionDAG.wget scheduled__2021-04-02T06:00:44+00:00 [queued]>
[2022-04-13 21:21:22,353] {taskinstance.py:1238} INFO - 
--------------------------------------------------------------------------------
[2022-04-13 21:21:22,355] {taskinstance.py:1239} INFO - Starting attempt 1 of 1
[2022-04-13 21:21:22,357] {taskinstance.py:1240} INFO - 
--------------------------------------------------------------------------------
[2022-04-13 21:21:22,396] {taskinstance.py:1259} INFO - Executing <Task(BashOperator): wget> on 2021-04-02 06:00:44+00:00
[2022-04-13 21:21:22,403] {standard_task_runner.py:52} INFO - Started process 2712 to run task
[2022-04-13 21:21:22,410] {standard_task_runner.py:76} INFO - Running: ['***', 'tasks', 'run', 'LocalIngestionDAG', 'wget', 'scheduled__2021-04-02T06:00:44+00:00', '--job-id', '568', '--raw', '--subdir', 'DAGS_FOLDER/data_ingestion_local.py', '--cfg-path', '/tmp/tmpo121og55', '--error-file', '/tmp/tmp7am8mddo']
[2022-04-13 21:21:22,413] {standard_task_runner.py:77} INFO - Job 568: Subtask wget
[2022-04-13 21:21:22,541] {logging_mixin.py:109} INFO - Running <TaskInstance: LocalIngestionDAG.wget scheduled__2021-04-02T06:00:44+00:00 [running]> on host 13db72185839
[2022-04-13 21:21:22,666] {taskinstance.py:1426} INFO - Exporting the following env vars:
AIRFLOW_CTX_DAG_OWNER=***
AIRFLOW_CTX_DAG_ID=LocalIngestionDAG
AIRFLOW_CTX_TASK_ID=wget
AIRFLOW_CTX_EXECUTION_DATE=2021-04-02T06:00:44+00:00
AIRFLOW_CTX_DAG_RUN_ID=scheduled__2021-04-02T06:00:44+00:00
[2022-04-13 21:21:22,667] {subprocess.py:62} INFO - Tmp dir root location: 
 /tmp
[2022-04-13 21:21:22,669] {subprocess.py:74} INFO - Running command: ['bash', '-c', 'echo "hello world"']
[2022-04-13 21:21:22,686] {subprocess.py:85} INFO - Output:
[2022-04-13 21:21:22,690] {subprocess.py:89} INFO - hello world
[2022-04-13 21:21:22,691] {subprocess.py:93} INFO - Command exited with return code 0
[2022-04-13 21:21:22,765] {taskinstance.py:1277} INFO - Marking task as SUCCESS. dag_id=LocalIngestionDAG, task_id=wget, execution_date=20210402T060044, start_date=20220413T212122, end_date=20220413T212122
[2022-04-13 21:21:22,871] {local_task_job.py:154} INFO - Task exited with return code 0
[2022-04-13 21:21:23,053] {local_task_job.py:264} INFO - 0 downstream tasks scheduled from follow-on schedule check
