[2022-04-13 22:35:34,201] {taskinstance.py:1032} INFO - Dependencies all met for <TaskInstance: LocalIngestionDAG.ingest scheduled__2022-03-02T06:00:58+00:00 [queued]>
[2022-04-13 22:35:34,234] {taskinstance.py:1032} INFO - Dependencies all met for <TaskInstance: LocalIngestionDAG.ingest scheduled__2022-03-02T06:00:58+00:00 [queued]>
[2022-04-13 22:35:34,235] {taskinstance.py:1238} INFO - 
--------------------------------------------------------------------------------
[2022-04-13 22:35:34,237] {taskinstance.py:1239} INFO - Starting attempt 1 of 1
[2022-04-13 22:35:34,238] {taskinstance.py:1240} INFO - 
--------------------------------------------------------------------------------
[2022-04-13 22:35:34,269] {taskinstance.py:1259} INFO - Executing <Task(BashOperator): ingest> on 2022-03-02 06:00:58+00:00
[2022-04-13 22:35:34,275] {standard_task_runner.py:52} INFO - Started process 11026 to run task
[2022-04-13 22:35:34,283] {standard_task_runner.py:76} INFO - Running: ['***', 'tasks', 'run', 'LocalIngestionDAG', 'ingest', 'scheduled__2022-03-02T06:00:58+00:00', '--job-id', '1889', '--raw', '--subdir', 'DAGS_FOLDER/data_ingestion_local.py', '--cfg-path', '/tmp/tmp6vaotf6i', '--error-file', '/tmp/tmpw14srap3']
[2022-04-13 22:35:34,287] {standard_task_runner.py:77} INFO - Job 1889: Subtask ingest
[2022-04-13 22:35:34,436] {logging_mixin.py:109} INFO - Running <TaskInstance: LocalIngestionDAG.ingest scheduled__2022-03-02T06:00:58+00:00 [running]> on host 13db72185839
[2022-04-13 22:35:34,545] {taskinstance.py:1426} INFO - Exporting the following env vars:
AIRFLOW_CTX_DAG_OWNER=***
AIRFLOW_CTX_DAG_ID=LocalIngestionDAG
AIRFLOW_CTX_TASK_ID=ingest
AIRFLOW_CTX_EXECUTION_DATE=2022-03-02T06:00:58+00:00
AIRFLOW_CTX_DAG_RUN_ID=scheduled__2022-03-02T06:00:58+00:00
[2022-04-13 22:35:34,546] {subprocess.py:62} INFO - Tmp dir root location: 
 /tmp
[2022-04-13 22:35:34,547] {subprocess.py:74} INFO - Running command: ['bash', '-c', 'ls /opt/***']
[2022-04-13 22:35:34,559] {subprocess.py:85} INFO - Output:
[2022-04-13 22:35:34,564] {subprocess.py:89} INFO - ***.cfg
[2022-04-13 22:35:34,565] {subprocess.py:89} INFO - dags
[2022-04-13 22:35:34,565] {subprocess.py:89} INFO - logs
[2022-04-13 22:35:34,566] {subprocess.py:89} INFO - output.csv
[2022-04-13 22:35:34,566] {subprocess.py:89} INFO - output_2022-03.csv
[2022-04-13 22:35:34,566] {subprocess.py:89} INFO - plugins
[2022-04-13 22:35:34,567] {subprocess.py:89} INFO - requirements.txt
[2022-04-13 22:35:34,567] {subprocess.py:89} INFO - scripts
[2022-04-13 22:35:34,567] {subprocess.py:89} INFO - webserver_config.py
[2022-04-13 22:35:34,568] {subprocess.py:93} INFO - Command exited with return code 0
[2022-04-13 22:35:34,608] {taskinstance.py:1277} INFO - Marking task as SUCCESS. dag_id=LocalIngestionDAG, task_id=ingest, execution_date=20220302T060058, start_date=20220413T223534, end_date=20220413T223534
[2022-04-13 22:35:34,657] {local_task_job.py:154} INFO - Task exited with return code 0
[2022-04-13 22:35:34,700] {local_task_job.py:264} INFO - 0 downstream tasks scheduled from follow-on schedule check
