[2022-04-13 21:16:46,177] {taskinstance.py:1032} INFO - Dependencies all met for <TaskInstance: LocalIngestionDAG.wget scheduled__2021-02-02T06:00:20+00:00 [queued]>
[2022-04-13 21:16:46,192] {taskinstance.py:1032} INFO - Dependencies all met for <TaskInstance: LocalIngestionDAG.wget scheduled__2021-02-02T06:00:20+00:00 [queued]>
[2022-04-13 21:16:46,193] {taskinstance.py:1238} INFO - 
--------------------------------------------------------------------------------
[2022-04-13 21:16:46,194] {taskinstance.py:1239} INFO - Starting attempt 1 of 1
[2022-04-13 21:16:46,194] {taskinstance.py:1240} INFO - 
--------------------------------------------------------------------------------
[2022-04-13 21:16:46,207] {taskinstance.py:1259} INFO - Executing <Task(BashOperator): wget> on 2021-02-02 06:00:20+00:00
[2022-04-13 21:16:46,212] {standard_task_runner.py:52} INFO - Started process 1603 to run task
[2022-04-13 21:16:46,215] {standard_task_runner.py:76} INFO - Running: ['***', 'tasks', 'run', 'LocalIngestionDAG', 'wget', 'scheduled__2021-02-02T06:00:20+00:00', '--job-id', '281', '--raw', '--subdir', 'DAGS_FOLDER/data_ingestion_local.py', '--cfg-path', '/tmp/tmpmibnapgu', '--error-file', '/tmp/tmpbd9kucq4']
[2022-04-13 21:16:46,216] {standard_task_runner.py:77} INFO - Job 281: Subtask wget
[2022-04-13 21:16:46,284] {logging_mixin.py:109} INFO - Running <TaskInstance: LocalIngestionDAG.wget scheduled__2021-02-02T06:00:20+00:00 [running]> on host 13db72185839
[2022-04-13 21:16:46,359] {taskinstance.py:1426} INFO - Exporting the following env vars:
AIRFLOW_CTX_DAG_OWNER=***
AIRFLOW_CTX_DAG_ID=LocalIngestionDAG
AIRFLOW_CTX_TASK_ID=wget
AIRFLOW_CTX_EXECUTION_DATE=2021-02-02T06:00:20+00:00
AIRFLOW_CTX_DAG_RUN_ID=scheduled__2021-02-02T06:00:20+00:00
[2022-04-13 21:16:46,360] {subprocess.py:62} INFO - Tmp dir root location: 
 /tmp
[2022-04-13 21:16:46,362] {subprocess.py:74} INFO - Running command: ['bash', '-c', 'echo "hello world"']
[2022-04-13 21:16:46,373] {subprocess.py:85} INFO - Output:
[2022-04-13 21:16:46,376] {subprocess.py:89} INFO - hello world
[2022-04-13 21:16:46,377] {subprocess.py:93} INFO - Command exited with return code 0
[2022-04-13 21:16:46,411] {taskinstance.py:1277} INFO - Marking task as SUCCESS. dag_id=LocalIngestionDAG, task_id=wget, execution_date=20210202T060020, start_date=20220413T211646, end_date=20220413T211646
[2022-04-13 21:16:46,468] {local_task_job.py:154} INFO - Task exited with return code 0
[2022-04-13 21:16:46,514] {local_task_job.py:264} INFO - 1 downstream tasks scheduled from follow-on schedule check
