[2022-04-13 22:27:47,733] {taskinstance.py:1032} INFO - Dependencies all met for <TaskInstance: LocalIngestionDAG.wget scheduled__2021-12-02T06:00:19+00:00 [queued]>
[2022-04-13 22:27:47,770] {taskinstance.py:1032} INFO - Dependencies all met for <TaskInstance: LocalIngestionDAG.wget scheduled__2021-12-02T06:00:19+00:00 [queued]>
[2022-04-13 22:27:47,771] {taskinstance.py:1238} INFO - 
--------------------------------------------------------------------------------
[2022-04-13 22:27:47,772] {taskinstance.py:1239} INFO - Starting attempt 1 of 1
[2022-04-13 22:27:47,773] {taskinstance.py:1240} INFO - 
--------------------------------------------------------------------------------
[2022-04-13 22:27:47,819] {taskinstance.py:1259} INFO - Executing <Task(BashOperator): wget> on 2021-12-02 06:00:19+00:00
[2022-04-13 22:27:47,827] {standard_task_runner.py:52} INFO - Started process 8968 to run task
[2022-04-13 22:27:47,847] {standard_task_runner.py:76} INFO - Running: ['***', 'tasks', 'run', 'LocalIngestionDAG', 'wget', 'scheduled__2021-12-02T06:00:19+00:00', '--job-id', '1460', '--raw', '--subdir', 'DAGS_FOLDER/data_ingestion_local.py', '--cfg-path', '/tmp/tmp877dnezr', '--error-file', '/tmp/tmpmchgj904']
[2022-04-13 22:27:47,850] {standard_task_runner.py:77} INFO - Job 1460: Subtask wget
[2022-04-13 22:27:48,110] {logging_mixin.py:109} INFO - Running <TaskInstance: LocalIngestionDAG.wget scheduled__2021-12-02T06:00:19+00:00 [running]> on host 13db72185839
[2022-04-13 22:27:48,334] {logging_mixin.py:109} WARNING - /home/***/.local/lib/python3.7/site-packages/***/utils/context.py:152 AirflowContextDeprecationWarning: Accessing 'execution_date' from the template is deprecated and will be removed in a future version. Please use 'data_interval_start' or 'logical_date' instead.
[2022-04-13 22:27:48,379] {taskinstance.py:1426} INFO - Exporting the following env vars:
AIRFLOW_CTX_DAG_OWNER=***
AIRFLOW_CTX_DAG_ID=LocalIngestionDAG
AIRFLOW_CTX_TASK_ID=wget
AIRFLOW_CTX_EXECUTION_DATE=2021-12-02T06:00:19+00:00
AIRFLOW_CTX_DAG_RUN_ID=scheduled__2021-12-02T06:00:19+00:00
[2022-04-13 22:27:48,382] {subprocess.py:62} INFO - Tmp dir root location: 
 /tmp
[2022-04-13 22:27:48,385] {subprocess.py:74} INFO - Running command: ['bash', '-c', 'curl -sSL https://s3.amazonaws.com/nyc-tlc/trip+data/yellow_tripdata_2021-12" > /opt/***/output.csv']
[2022-04-13 22:27:48,405] {subprocess.py:85} INFO - Output:
[2022-04-13 22:27:48,416] {subprocess.py:89} INFO - bash: -c: line 0: unexpected EOF while looking for matching `"'
[2022-04-13 22:27:48,419] {subprocess.py:89} INFO - bash: -c: line 1: syntax error: unexpected end of file
[2022-04-13 22:27:48,422] {subprocess.py:93} INFO - Command exited with return code 1
[2022-04-13 22:27:48,459] {taskinstance.py:1700} ERROR - Task failed with exception
Traceback (most recent call last):
  File "/home/airflow/.local/lib/python3.7/site-packages/airflow/models/taskinstance.py", line 1329, in _run_raw_task
    self._execute_task_with_callbacks(context)
  File "/home/airflow/.local/lib/python3.7/site-packages/airflow/models/taskinstance.py", line 1455, in _execute_task_with_callbacks
    result = self._execute_task(context, self.task)
  File "/home/airflow/.local/lib/python3.7/site-packages/airflow/models/taskinstance.py", line 1511, in _execute_task
    result = execute_callable(context=context)
  File "/home/airflow/.local/lib/python3.7/site-packages/airflow/operators/bash.py", line 188, in execute
    f'Bash command failed. The command returned a non-zero exit code {result.exit_code}.'
airflow.exceptions.AirflowException: Bash command failed. The command returned a non-zero exit code 1.
[2022-04-13 22:27:48,482] {taskinstance.py:1277} INFO - Marking task as FAILED. dag_id=LocalIngestionDAG, task_id=wget, execution_date=20211202T060019, start_date=20220413T222747, end_date=20220413T222748
[2022-04-13 22:27:48,516] {standard_task_runner.py:92} ERROR - Failed to execute job 1460 for task wget
Traceback (most recent call last):
  File "/home/airflow/.local/lib/python3.7/site-packages/airflow/task/task_runner/standard_task_runner.py", line 85, in _start_by_fork
    args.func(args, dag=self.dag)
  File "/home/airflow/.local/lib/python3.7/site-packages/airflow/cli/cli_parser.py", line 48, in command
    return func(*args, **kwargs)
  File "/home/airflow/.local/lib/python3.7/site-packages/airflow/utils/cli.py", line 92, in wrapper
    return f(*args, **kwargs)
  File "/home/airflow/.local/lib/python3.7/site-packages/airflow/cli/commands/task_command.py", line 298, in task_run
    _run_task_by_selected_method(args, dag, ti)
  File "/home/airflow/.local/lib/python3.7/site-packages/airflow/cli/commands/task_command.py", line 107, in _run_task_by_selected_method
    _run_raw_task(args, ti)
  File "/home/airflow/.local/lib/python3.7/site-packages/airflow/cli/commands/task_command.py", line 184, in _run_raw_task
    error_file=args.error_file,
  File "/home/airflow/.local/lib/python3.7/site-packages/airflow/utils/session.py", line 70, in wrapper
    return func(*args, session=session, **kwargs)
  File "/home/airflow/.local/lib/python3.7/site-packages/airflow/models/taskinstance.py", line 1329, in _run_raw_task
    self._execute_task_with_callbacks(context)
  File "/home/airflow/.local/lib/python3.7/site-packages/airflow/models/taskinstance.py", line 1455, in _execute_task_with_callbacks
    result = self._execute_task(context, self.task)
  File "/home/airflow/.local/lib/python3.7/site-packages/airflow/models/taskinstance.py", line 1511, in _execute_task
    result = execute_callable(context=context)
  File "/home/airflow/.local/lib/python3.7/site-packages/airflow/operators/bash.py", line 188, in execute
    f'Bash command failed. The command returned a non-zero exit code {result.exit_code}.'
airflow.exceptions.AirflowException: Bash command failed. The command returned a non-zero exit code 1.
[2022-04-13 22:27:48,551] {local_task_job.py:154} INFO - Task exited with return code 1
[2022-04-13 22:27:48,692] {local_task_job.py:264} INFO - 0 downstream tasks scheduled from follow-on schedule check
