[2022-04-13 21:23:18,359] {taskinstance.py:1032} INFO - Dependencies all met for <TaskInstance: LocalIngestionDAG.wget scheduled__2021-06-02T06:00:36+00:00 [queued]>
[2022-04-13 21:23:18,397] {taskinstance.py:1032} INFO - Dependencies all met for <TaskInstance: LocalIngestionDAG.wget scheduled__2021-06-02T06:00:36+00:00 [queued]>
[2022-04-13 21:23:18,401] {taskinstance.py:1238} INFO - 
--------------------------------------------------------------------------------
[2022-04-13 21:23:18,402] {taskinstance.py:1239} INFO - Starting attempt 1 of 1
[2022-04-13 21:23:18,403] {taskinstance.py:1240} INFO - 
--------------------------------------------------------------------------------
[2022-04-13 21:23:18,445] {taskinstance.py:1259} INFO - Executing <Task(BashOperator): wget> on 2021-06-02 06:00:36+00:00
[2022-04-13 21:23:18,474] {standard_task_runner.py:52} INFO - Started process 3485 to run task
[2022-04-13 21:23:18,481] {standard_task_runner.py:76} INFO - Running: ['***', 'tasks', 'run', 'LocalIngestionDAG', 'wget', 'scheduled__2021-06-02T06:00:36+00:00', '--job-id', '793', '--raw', '--subdir', 'DAGS_FOLDER/data_ingestion_local.py', '--cfg-path', '/tmp/tmp065qd8ct', '--error-file', '/tmp/tmptcsc8tqx']
[2022-04-13 21:23:18,491] {standard_task_runner.py:77} INFO - Job 793: Subtask wget
[2022-04-13 21:23:18,654] {logging_mixin.py:109} INFO - Running <TaskInstance: LocalIngestionDAG.wget scheduled__2021-06-02T06:00:36+00:00 [running]> on host 13db72185839
[2022-04-13 21:23:18,791] {taskinstance.py:1426} INFO - Exporting the following env vars:
AIRFLOW_CTX_DAG_OWNER=***
AIRFLOW_CTX_DAG_ID=LocalIngestionDAG
AIRFLOW_CTX_TASK_ID=wget
AIRFLOW_CTX_EXECUTION_DATE=2021-06-02T06:00:36+00:00
AIRFLOW_CTX_DAG_RUN_ID=scheduled__2021-06-02T06:00:36+00:00
[2022-04-13 21:23:18,793] {subprocess.py:62} INFO - Tmp dir root location: 
 /tmp
[2022-04-13 21:23:18,795] {subprocess.py:74} INFO - Running command: ['bash', '-c', 'echo "hello world"']
[2022-04-13 21:23:18,816] {subprocess.py:85} INFO - Output:
[2022-04-13 21:23:18,820] {subprocess.py:89} INFO - hello world
[2022-04-13 21:23:18,821] {subprocess.py:93} INFO - Command exited with return code 0
[2022-04-13 21:23:19,079] {taskinstance.py:1277} INFO - Marking task as SUCCESS. dag_id=LocalIngestionDAG, task_id=wget, execution_date=20210602T060036, start_date=20220413T212318, end_date=20220413T212319
[2022-04-13 21:23:19,152] {local_task_job.py:154} INFO - Task exited with return code 0
[2022-04-13 21:23:19,273] {local_task_job.py:264} INFO - 1 downstream tasks scheduled from follow-on schedule check
