[2022-04-16 18:24:29,540] {taskinstance.py:1032} INFO - Dependencies all met for <TaskInstance: data_ingestion_gcs_dag.download_dataset_task scheduled__2022-04-15T00:00:00+00:00 [queued]>
[2022-04-16 18:24:29,554] {taskinstance.py:1032} INFO - Dependencies all met for <TaskInstance: data_ingestion_gcs_dag.download_dataset_task scheduled__2022-04-15T00:00:00+00:00 [queued]>
[2022-04-16 18:24:29,555] {taskinstance.py:1238} INFO - 
--------------------------------------------------------------------------------
[2022-04-16 18:24:29,556] {taskinstance.py:1239} INFO - Starting attempt 1 of 2
[2022-04-16 18:24:29,557] {taskinstance.py:1240} INFO - 
--------------------------------------------------------------------------------
[2022-04-16 18:24:29,575] {taskinstance.py:1259} INFO - Executing <Task(BashOperator): download_dataset_task> on 2022-04-15 00:00:00+00:00
[2022-04-16 18:24:29,582] {standard_task_runner.py:52} INFO - Started process 908 to run task
[2022-04-16 18:24:29,586] {standard_task_runner.py:76} INFO - Running: ['***', 'tasks', 'run', 'data_ingestion_gcs_dag', 'download_dataset_task', 'scheduled__2022-04-15T00:00:00+00:00', '--job-id', '2186', '--raw', '--subdir', 'DAGS_FOLDER/data_ingestion_gcs_dag.py', '--cfg-path', '/tmp/tmpr3sbzu8t', '--error-file', '/tmp/tmpfybcrhch']
[2022-04-16 18:24:29,587] {standard_task_runner.py:77} INFO - Job 2186: Subtask download_dataset_task
[2022-04-16 18:24:29,674] {logging_mixin.py:109} INFO - Running <TaskInstance: data_ingestion_gcs_dag.download_dataset_task scheduled__2022-04-15T00:00:00+00:00 [running]> on host 3e228c3601a1
[2022-04-16 18:24:29,755] {taskinstance.py:1426} INFO - Exporting the following env vars:
AIRFLOW_CTX_DAG_OWNER=***
AIRFLOW_CTX_DAG_ID=data_ingestion_gcs_dag
AIRFLOW_CTX_TASK_ID=download_dataset_task
AIRFLOW_CTX_EXECUTION_DATE=2022-04-15T00:00:00+00:00
AIRFLOW_CTX_DAG_RUN_ID=scheduled__2022-04-15T00:00:00+00:00
[2022-04-16 18:24:29,757] {subprocess.py:62} INFO - Tmp dir root location: 
 /tmp
[2022-04-16 18:24:29,759] {subprocess.py:74} INFO - Running command: ['bash', '-c', 'curl -sSL https://s3.amazonaws.com/nyc-tlc/trip+data/yellow_tripdata_2021-01.csv > /opt/***/yellow_tripdata_2021-01.csv']
[2022-04-16 18:24:29,773] {subprocess.py:85} INFO - Output:
