[2022-04-16 18:35:31,184] {taskinstance.py:1032} INFO - Dependencies all met for <TaskInstance: data_ingestion_gcs_dag.download_dataset_task scheduled__2022-04-15T00:00:00+00:00 [queued]>
[2022-04-16 18:35:31,193] {taskinstance.py:1032} INFO - Dependencies all met for <TaskInstance: data_ingestion_gcs_dag.download_dataset_task scheduled__2022-04-15T00:00:00+00:00 [queued]>
[2022-04-16 18:35:31,194] {taskinstance.py:1238} INFO - 
--------------------------------------------------------------------------------
[2022-04-16 18:35:31,195] {taskinstance.py:1239} INFO - Starting attempt 2 of 2
[2022-04-16 18:35:31,196] {taskinstance.py:1240} INFO - 
--------------------------------------------------------------------------------
[2022-04-16 18:35:31,211] {taskinstance.py:1259} INFO - Executing <Task(BashOperator): download_dataset_task> on 2022-04-15 00:00:00+00:00
[2022-04-16 18:35:31,215] {standard_task_runner.py:52} INFO - Started process 662 to run task
[2022-04-16 18:35:31,219] {standard_task_runner.py:76} INFO - Running: ['***', 'tasks', 'run', 'data_ingestion_gcs_dag', 'download_dataset_task', 'scheduled__2022-04-15T00:00:00+00:00', '--job-id', '2219', '--raw', '--subdir', 'DAGS_FOLDER/data_ingestion_gcs_dag.py', '--cfg-path', '/tmp/tmpjwbldbbq', '--error-file', '/tmp/tmpp8avtesk']
[2022-04-16 18:35:31,221] {standard_task_runner.py:77} INFO - Job 2219: Subtask download_dataset_task
[2022-04-16 18:35:31,306] {logging_mixin.py:109} INFO - Running <TaskInstance: data_ingestion_gcs_dag.download_dataset_task scheduled__2022-04-15T00:00:00+00:00 [running]> on host 3e228c3601a1
[2022-04-16 18:35:31,384] {taskinstance.py:1426} INFO - Exporting the following env vars:
AIRFLOW_CTX_DAG_OWNER=***
AIRFLOW_CTX_DAG_ID=data_ingestion_gcs_dag
AIRFLOW_CTX_TASK_ID=download_dataset_task
AIRFLOW_CTX_EXECUTION_DATE=2022-04-15T00:00:00+00:00
AIRFLOW_CTX_DAG_RUN_ID=scheduled__2022-04-15T00:00:00+00:00
[2022-04-16 18:35:31,386] {subprocess.py:62} INFO - Tmp dir root location: 
 /tmp
[2022-04-16 18:35:31,388] {subprocess.py:74} INFO - Running command: ['bash', '-c', 'curl -sSL https://s3.amazonaws.com/nyc-tlc/trip+data/yellow_tripdata_2021-01.csv > /opt/***/yellow_tripdata_2021-01.csv']
[2022-04-16 18:35:31,400] {subprocess.py:85} INFO - Output:
[2022-04-16 18:36:11,648] {subprocess.py:93} INFO - Command exited with return code 0
[2022-04-16 18:36:11,707] {taskinstance.py:1277} INFO - Marking task as SUCCESS. dag_id=data_ingestion_gcs_dag, task_id=download_dataset_task, execution_date=20220415T000000, start_date=20220416T183531, end_date=20220416T183611
[2022-04-16 18:36:11,763] {local_task_job.py:154} INFO - Task exited with return code 0
[2022-04-16 18:36:11,808] {local_task_job.py:264} INFO - 1 downstream tasks scheduled from follow-on schedule check
