[2022-04-15 23:32:53,413] {taskinstance.py:1032} INFO - Dependencies all met for <TaskInstance: live_coded_gcs_2_bg_dag.gcs_2_gcs_task manual__2022-04-15T21:34:33.261347+00:00 [queued]>
[2022-04-15 23:32:53,439] {taskinstance.py:1032} INFO - Dependencies all met for <TaskInstance: live_coded_gcs_2_bg_dag.gcs_2_gcs_task manual__2022-04-15T21:34:33.261347+00:00 [queued]>
[2022-04-15 23:32:53,440] {taskinstance.py:1238} INFO - 
--------------------------------------------------------------------------------
[2022-04-15 23:32:53,441] {taskinstance.py:1239} INFO - Starting attempt 2 of 3
[2022-04-15 23:32:53,441] {taskinstance.py:1240} INFO - 
--------------------------------------------------------------------------------
[2022-04-15 23:32:53,465] {taskinstance.py:1259} INFO - Executing <Task(GCSToGCSOperator): gcs_2_gcs_task> on 2022-04-15 21:34:33.261347+00:00
[2022-04-15 23:32:53,473] {standard_task_runner.py:52} INFO - Started process 3043 to run task
[2022-04-15 23:32:53,478] {standard_task_runner.py:76} INFO - Running: ['***', 'tasks', 'run', 'live_coded_gcs_2_bg_dag', 'gcs_2_gcs_task', 'manual__2022-04-15T21:34:33.261347+00:00', '--job-id', '2078', '--raw', '--subdir', 'DAGS_FOLDER/gcs_2_bq_dag.py', '--cfg-path', '/tmp/tmpmusv_kw5', '--error-file', '/tmp/tmpjz4k5qct']
[2022-04-15 23:32:53,480] {standard_task_runner.py:77} INFO - Job 2078: Subtask gcs_2_gcs_task
[2022-04-15 23:32:53,574] {logging_mixin.py:109} INFO - Running <TaskInstance: live_coded_gcs_2_bg_dag.gcs_2_gcs_task manual__2022-04-15T21:34:33.261347+00:00 [running]> on host fafd9ac351ac
[2022-04-15 23:32:53,668] {taskinstance.py:1426} INFO - Exporting the following env vars:
AIRFLOW_CTX_DAG_OWNER=***
AIRFLOW_CTX_DAG_ID=live_coded_gcs_2_bg_dag
AIRFLOW_CTX_TASK_ID=gcs_2_gcs_task
AIRFLOW_CTX_EXECUTION_DATE=2022-04-15T21:34:33.261347+00:00
AIRFLOW_CTX_DAG_RUN_ID=manual__2022-04-15T21:34:33.261347+00:00
[2022-04-15 23:32:53,670] {crypto.py:82} WARNING - empty cryptography key - values will not be stored encrypted.
[2022-04-15 23:32:53,671] {gcs_to_gcs.py:346} INFO - Delimiter ignored because wildcard is in prefix
[2022-04-15 23:32:55,522] {taskinstance.py:1277} INFO - Marking task as SUCCESS. dag_id=live_coded_gcs_2_bg_dag, task_id=gcs_2_gcs_task, execution_date=20220415T213433, start_date=20220415T233253, end_date=20220415T233255
[2022-04-15 23:32:55,556] {local_task_job.py:154} INFO - Task exited with return code 0
[2022-04-15 23:32:55,604] {local_task_job.py:264} INFO - 1 downstream tasks scheduled from follow-on schedule check
