[2022-04-13 21:21:39,632] {taskinstance.py:1032} INFO - Dependencies all met for <TaskInstance: LocalIngestionDAG.ingest scheduled__2021-05-02T06:00:00+00:00 [queued]>
[2022-04-13 21:21:39,679] {taskinstance.py:1032} INFO - Dependencies all met for <TaskInstance: LocalIngestionDAG.ingest scheduled__2021-05-02T06:00:00+00:00 [queued]>
[2022-04-13 21:21:39,685] {taskinstance.py:1238} INFO - 
--------------------------------------------------------------------------------
[2022-04-13 21:21:39,686] {taskinstance.py:1239} INFO - Starting attempt 1 of 1
[2022-04-13 21:21:39,686] {taskinstance.py:1240} INFO - 
--------------------------------------------------------------------------------
[2022-04-13 21:21:39,748] {taskinstance.py:1259} INFO - Executing <Task(BashOperator): ingest> on 2021-05-02 06:00:00+00:00
[2022-04-13 21:21:39,760] {standard_task_runner.py:52} INFO - Started process 2835 to run task
[2022-04-13 21:21:39,771] {standard_task_runner.py:76} INFO - Running: ['***', 'tasks', 'run', 'LocalIngestionDAG', 'ingest', 'scheduled__2021-05-02T06:00:00+00:00', '--job-id', '606', '--raw', '--subdir', 'DAGS_FOLDER/data_ingestion_local.py', '--cfg-path', '/tmp/tmpa53emzlf', '--error-file', '/tmp/tmpl1kzvm0q']
[2022-04-13 21:21:39,777] {standard_task_runner.py:77} INFO - Job 606: Subtask ingest
[2022-04-13 21:21:39,926] {logging_mixin.py:109} INFO - Running <TaskInstance: LocalIngestionDAG.ingest scheduled__2021-05-02T06:00:00+00:00 [running]> on host 13db72185839
[2022-04-13 21:21:40,131] {taskinstance.py:1426} INFO - Exporting the following env vars:
AIRFLOW_CTX_DAG_OWNER=***
AIRFLOW_CTX_DAG_ID=LocalIngestionDAG
AIRFLOW_CTX_TASK_ID=ingest
AIRFLOW_CTX_EXECUTION_DATE=2021-05-02T06:00:00+00:00
AIRFLOW_CTX_DAG_RUN_ID=scheduled__2021-05-02T06:00:00+00:00
[2022-04-13 21:21:40,148] {subprocess.py:62} INFO - Tmp dir root location: 
 /tmp
[2022-04-13 21:21:40,154] {subprocess.py:74} INFO - Running command: ['bash', '-c', 'pwd']
[2022-04-13 21:21:40,229] {subprocess.py:85} INFO - Output:
[2022-04-13 21:21:40,236] {subprocess.py:89} INFO - /tmp/***tmpj9osgfnk
[2022-04-13 21:21:40,243] {subprocess.py:93} INFO - Command exited with return code 0
[2022-04-13 21:21:40,817] {taskinstance.py:1277} INFO - Marking task as SUCCESS. dag_id=LocalIngestionDAG, task_id=ingest, execution_date=20210502T060000, start_date=20220413T212139, end_date=20220413T212140
[2022-04-13 21:21:40,885] {local_task_job.py:154} INFO - Task exited with return code 0
[2022-04-13 21:21:41,091] {local_task_job.py:264} INFO - 0 downstream tasks scheduled from follow-on schedule check
