[2022-04-13 21:25:31,565] {taskinstance.py:1032} INFO - Dependencies all met for <TaskInstance: LocalIngestionDAG.wget scheduled__2021-08-02T06:00:45+00:00 [queued]>
[2022-04-13 21:25:31,598] {taskinstance.py:1032} INFO - Dependencies all met for <TaskInstance: LocalIngestionDAG.wget scheduled__2021-08-02T06:00:45+00:00 [queued]>
[2022-04-13 21:25:31,599] {taskinstance.py:1238} INFO - 
--------------------------------------------------------------------------------
[2022-04-13 21:25:31,600] {taskinstance.py:1239} INFO - Starting attempt 1 of 1
[2022-04-13 21:25:31,601] {taskinstance.py:1240} INFO - 
--------------------------------------------------------------------------------
[2022-04-13 21:25:31,654] {taskinstance.py:1259} INFO - Executing <Task(BashOperator): wget> on 2021-08-02 06:00:45+00:00
[2022-04-13 21:25:31,669] {standard_task_runner.py:52} INFO - Started process 4350 to run task
[2022-04-13 21:25:31,678] {standard_task_runner.py:76} INFO - Running: ['***', 'tasks', 'run', 'LocalIngestionDAG', 'wget', 'scheduled__2021-08-02T06:00:45+00:00', '--job-id', '1049', '--raw', '--subdir', 'DAGS_FOLDER/data_ingestion_local.py', '--cfg-path', '/tmp/tmp0r8r36gj', '--error-file', '/tmp/tmppb_ib25y']
[2022-04-13 21:25:31,684] {standard_task_runner.py:77} INFO - Job 1049: Subtask wget
[2022-04-13 21:25:31,853] {logging_mixin.py:109} INFO - Running <TaskInstance: LocalIngestionDAG.wget scheduled__2021-08-02T06:00:45+00:00 [running]> on host 13db72185839
[2022-04-13 21:25:32,015] {taskinstance.py:1426} INFO - Exporting the following env vars:
AIRFLOW_CTX_DAG_OWNER=***
AIRFLOW_CTX_DAG_ID=LocalIngestionDAG
AIRFLOW_CTX_TASK_ID=wget
AIRFLOW_CTX_EXECUTION_DATE=2021-08-02T06:00:45+00:00
AIRFLOW_CTX_DAG_RUN_ID=scheduled__2021-08-02T06:00:45+00:00
[2022-04-13 21:25:32,018] {subprocess.py:62} INFO - Tmp dir root location: 
 /tmp
[2022-04-13 21:25:32,020] {subprocess.py:74} INFO - Running command: ['bash', '-c', 'echo "hello world"']
[2022-04-13 21:25:32,039] {subprocess.py:85} INFO - Output:
[2022-04-13 21:25:32,043] {subprocess.py:89} INFO - hello world
[2022-04-13 21:25:32,044] {subprocess.py:93} INFO - Command exited with return code 0
[2022-04-13 21:25:32,115] {taskinstance.py:1277} INFO - Marking task as SUCCESS. dag_id=LocalIngestionDAG, task_id=wget, execution_date=20210802T060045, start_date=20220413T212531, end_date=20220413T212532
[2022-04-13 21:25:32,243] {local_task_job.py:154} INFO - Task exited with return code 0
[2022-04-13 21:25:32,375] {local_task_job.py:264} INFO - 1 downstream tasks scheduled from follow-on schedule check
