[2022-04-13 21:15:55,025] {taskinstance.py:1032} INFO - Dependencies all met for <TaskInstance: LocalIngestionDAG.wget scheduled__2021-01-02T06:00:24+00:00 [queued]>
[2022-04-13 21:15:55,055] {taskinstance.py:1032} INFO - Dependencies all met for <TaskInstance: LocalIngestionDAG.wget scheduled__2021-01-02T06:00:24+00:00 [queued]>
[2022-04-13 21:15:55,056] {taskinstance.py:1238} INFO - 
--------------------------------------------------------------------------------
[2022-04-13 21:15:55,061] {taskinstance.py:1239} INFO - Starting attempt 1 of 1
[2022-04-13 21:15:55,063] {taskinstance.py:1240} INFO - 
--------------------------------------------------------------------------------
[2022-04-13 21:15:55,088] {taskinstance.py:1259} INFO - Executing <Task(BashOperator): wget> on 2021-01-02 06:00:24+00:00
[2022-04-13 21:15:55,115] {standard_task_runner.py:52} INFO - Started process 1221 to run task
[2022-04-13 21:15:55,130] {standard_task_runner.py:76} INFO - Running: ['***', 'tasks', 'run', 'LocalIngestionDAG', 'wget', 'scheduled__2021-01-02T06:00:24+00:00', '--job-id', '165', '--raw', '--subdir', 'DAGS_FOLDER/data_ingestion_local.py', '--cfg-path', '/tmp/tmpqtypffwe', '--error-file', '/tmp/tmpt1e2yixw']
[2022-04-13 21:15:55,137] {standard_task_runner.py:77} INFO - Job 165: Subtask wget
[2022-04-13 21:15:55,355] {logging_mixin.py:109} INFO - Running <TaskInstance: LocalIngestionDAG.wget scheduled__2021-01-02T06:00:24+00:00 [running]> on host 13db72185839
[2022-04-13 21:15:55,616] {taskinstance.py:1426} INFO - Exporting the following env vars:
AIRFLOW_CTX_DAG_OWNER=***
AIRFLOW_CTX_DAG_ID=LocalIngestionDAG
AIRFLOW_CTX_TASK_ID=wget
AIRFLOW_CTX_EXECUTION_DATE=2021-01-02T06:00:24+00:00
AIRFLOW_CTX_DAG_RUN_ID=scheduled__2021-01-02T06:00:24+00:00
[2022-04-13 21:15:55,618] {subprocess.py:62} INFO - Tmp dir root location: 
 /tmp
[2022-04-13 21:15:55,625] {subprocess.py:74} INFO - Running command: ['bash', '-c', 'echo "hello world"']
[2022-04-13 21:15:55,646] {subprocess.py:85} INFO - Output:
[2022-04-13 21:15:55,667] {subprocess.py:89} INFO - hello world
[2022-04-13 21:15:55,679] {subprocess.py:93} INFO - Command exited with return code 0
[2022-04-13 21:15:55,725] {taskinstance.py:1277} INFO - Marking task as SUCCESS. dag_id=LocalIngestionDAG, task_id=wget, execution_date=20210102T060024, start_date=20220413T211555, end_date=20220413T211555
[2022-04-13 21:15:55,801] {local_task_job.py:154} INFO - Task exited with return code 0
[2022-04-13 21:15:55,887] {local_task_job.py:264} INFO - 1 downstream tasks scheduled from follow-on schedule check
