[2022-04-13 21:17:27,373] {taskinstance.py:1032} INFO - Dependencies all met for <TaskInstance: LocalIngestionDAG.ingest scheduled__2021-03-02T06:00:05+00:00 [queued]>
[2022-04-13 21:17:27,447] {taskinstance.py:1032} INFO - Dependencies all met for <TaskInstance: LocalIngestionDAG.ingest scheduled__2021-03-02T06:00:05+00:00 [queued]>
[2022-04-13 21:17:27,469] {taskinstance.py:1238} INFO - 
--------------------------------------------------------------------------------
[2022-04-13 21:17:27,471] {taskinstance.py:1239} INFO - Starting attempt 1 of 1
[2022-04-13 21:17:27,472] {taskinstance.py:1240} INFO - 
--------------------------------------------------------------------------------
[2022-04-13 21:17:27,557] {taskinstance.py:1259} INFO - Executing <Task(BashOperator): ingest> on 2021-03-02 06:00:05+00:00
[2022-04-13 21:17:27,571] {standard_task_runner.py:52} INFO - Started process 1925 to run task
[2022-04-13 21:17:27,588] {standard_task_runner.py:76} INFO - Running: ['***', 'tasks', 'run', 'LocalIngestionDAG', 'ingest', 'scheduled__2021-03-02T06:00:05+00:00', '--job-id', '375', '--raw', '--subdir', 'DAGS_FOLDER/data_ingestion_local.py', '--cfg-path', '/tmp/tmpbolijxyn', '--error-file', '/tmp/tmpg8giafkf']
[2022-04-13 21:17:27,592] {standard_task_runner.py:77} INFO - Job 375: Subtask ingest
[2022-04-13 21:17:27,753] {logging_mixin.py:109} INFO - Running <TaskInstance: LocalIngestionDAG.ingest scheduled__2021-03-02T06:00:05+00:00 [running]> on host 13db72185839
[2022-04-13 21:17:27,880] {taskinstance.py:1426} INFO - Exporting the following env vars:
AIRFLOW_CTX_DAG_OWNER=***
AIRFLOW_CTX_DAG_ID=LocalIngestionDAG
AIRFLOW_CTX_TASK_ID=ingest
AIRFLOW_CTX_EXECUTION_DATE=2021-03-02T06:00:05+00:00
AIRFLOW_CTX_DAG_RUN_ID=scheduled__2021-03-02T06:00:05+00:00
[2022-04-13 21:17:27,882] {subprocess.py:62} INFO - Tmp dir root location: 
 /tmp
[2022-04-13 21:17:27,883] {subprocess.py:74} INFO - Running command: ['bash', '-c', 'pwd']
[2022-04-13 21:17:27,898] {subprocess.py:85} INFO - Output:
[2022-04-13 21:17:27,900] {subprocess.py:89} INFO - /tmp/***tmpjqdzyu3r
[2022-04-13 21:17:27,901] {subprocess.py:93} INFO - Command exited with return code 0
[2022-04-13 21:17:27,956] {taskinstance.py:1277} INFO - Marking task as SUCCESS. dag_id=LocalIngestionDAG, task_id=ingest, execution_date=20210302T060005, start_date=20220413T211727, end_date=20220413T211727
[2022-04-13 21:17:28,057] {local_task_job.py:154} INFO - Task exited with return code 0
[2022-04-13 21:17:28,142] {local_task_job.py:264} INFO - 0 downstream tasks scheduled from follow-on schedule check
