[2022-04-11 19:30:10,278] {taskinstance.py:1032} INFO - Dependencies all met for <TaskInstance: data_ingestion_gcs_dag.local_to_gcs_task manual__2022-04-11T19:28:36.625979+00:00 [queued]>
[2022-04-11 19:30:10,320] {taskinstance.py:1032} INFO - Dependencies all met for <TaskInstance: data_ingestion_gcs_dag.local_to_gcs_task manual__2022-04-11T19:28:36.625979+00:00 [queued]>
[2022-04-11 19:30:10,324] {taskinstance.py:1238} INFO - 
--------------------------------------------------------------------------------
[2022-04-11 19:30:10,325] {taskinstance.py:1239} INFO - Starting attempt 1 of 2
[2022-04-11 19:30:10,326] {taskinstance.py:1240} INFO - 
--------------------------------------------------------------------------------
[2022-04-11 19:30:10,353] {taskinstance.py:1259} INFO - Executing <Task(PythonOperator): local_to_gcs_task> on 2022-04-11 19:28:36.625979+00:00
[2022-04-11 19:30:10,363] {standard_task_runner.py:52} INFO - Started process 5548 to run task
[2022-04-11 19:30:10,369] {standard_task_runner.py:76} INFO - Running: ['***', 'tasks', 'run', 'data_ingestion_gcs_dag', 'local_to_gcs_task', 'manual__2022-04-11T19:28:36.625979+00:00', '--job-id', '13', '--raw', '--subdir', 'DAGS_FOLDER/data_ingestion_gcs_dag.py', '--cfg-path', '/tmp/tmpa2bx080v', '--error-file', '/tmp/tmppbmkx_fh']
[2022-04-11 19:30:10,371] {standard_task_runner.py:77} INFO - Job 13: Subtask local_to_gcs_task
[2022-04-11 19:30:10,485] {logging_mixin.py:109} INFO - Running <TaskInstance: data_ingestion_gcs_dag.local_to_gcs_task manual__2022-04-11T19:28:36.625979+00:00 [running]> on host 8d956c578a40
[2022-04-11 19:30:10,608] {taskinstance.py:1426} INFO - Exporting the following env vars:
AIRFLOW_CTX_DAG_OWNER=***
AIRFLOW_CTX_DAG_ID=data_ingestion_gcs_dag
AIRFLOW_CTX_TASK_ID=local_to_gcs_task
AIRFLOW_CTX_EXECUTION_DATE=2022-04-11T19:28:36.625979+00:00
AIRFLOW_CTX_DAG_RUN_ID=manual__2022-04-11T19:28:36.625979+00:00
[2022-04-11 19:33:24,278] {python.py:175} INFO - Done. Returned value was: None
[2022-04-11 19:33:24,289] {taskinstance.py:1277} INFO - Marking task as SUCCESS. dag_id=data_ingestion_gcs_dag, task_id=local_to_gcs_task, execution_date=20220411T192836, start_date=20220411T193010, end_date=20220411T193324
[2022-04-11 19:33:24,325] {local_task_job.py:154} INFO - Task exited with return code 0
[2022-04-11 19:33:24,353] {local_task_job.py:264} INFO - 1 downstream tasks scheduled from follow-on schedule check
