[2022-04-13 21:20:48,453] {taskinstance.py:1032} INFO - Dependencies all met for <TaskInstance: LocalIngestionDAG.ingest scheduled__2021-04-02T06:00:09+00:00 [queued]>
[2022-04-13 21:20:48,481] {taskinstance.py:1032} INFO - Dependencies all met for <TaskInstance: LocalIngestionDAG.ingest scheduled__2021-04-02T06:00:09+00:00 [queued]>
[2022-04-13 21:20:48,482] {taskinstance.py:1238} INFO - 
--------------------------------------------------------------------------------
[2022-04-13 21:20:48,483] {taskinstance.py:1239} INFO - Starting attempt 1 of 1
[2022-04-13 21:20:48,484] {taskinstance.py:1240} INFO - 
--------------------------------------------------------------------------------
[2022-04-13 21:20:48,514] {taskinstance.py:1259} INFO - Executing <Task(BashOperator): ingest> on 2021-04-02 06:00:09+00:00
[2022-04-13 21:20:48,603] {standard_task_runner.py:52} INFO - Started process 2496 to run task
[2022-04-13 21:20:48,608] {standard_task_runner.py:76} INFO - Running: ['***', 'tasks', 'run', 'LocalIngestionDAG', 'ingest', 'scheduled__2021-04-02T06:00:09+00:00', '--job-id', '503', '--raw', '--subdir', 'DAGS_FOLDER/data_ingestion_local.py', '--cfg-path', '/tmp/tmprjqsseml', '--error-file', '/tmp/tmpx0o0pvzd']
[2022-04-13 21:20:48,623] {standard_task_runner.py:77} INFO - Job 503: Subtask ingest
[2022-04-13 21:20:48,950] {logging_mixin.py:109} INFO - Running <TaskInstance: LocalIngestionDAG.ingest scheduled__2021-04-02T06:00:09+00:00 [running]> on host 13db72185839
[2022-04-13 21:20:49,140] {taskinstance.py:1426} INFO - Exporting the following env vars:
AIRFLOW_CTX_DAG_OWNER=***
AIRFLOW_CTX_DAG_ID=LocalIngestionDAG
AIRFLOW_CTX_TASK_ID=ingest
AIRFLOW_CTX_EXECUTION_DATE=2021-04-02T06:00:09+00:00
AIRFLOW_CTX_DAG_RUN_ID=scheduled__2021-04-02T06:00:09+00:00
[2022-04-13 21:20:49,142] {subprocess.py:62} INFO - Tmp dir root location: 
 /tmp
[2022-04-13 21:20:49,144] {subprocess.py:74} INFO - Running command: ['bash', '-c', 'pwd']
[2022-04-13 21:20:49,161] {subprocess.py:85} INFO - Output:
[2022-04-13 21:20:49,167] {subprocess.py:89} INFO - /tmp/***tmpd95pm0cu
[2022-04-13 21:20:49,168] {subprocess.py:93} INFO - Command exited with return code 0
[2022-04-13 21:20:49,230] {taskinstance.py:1277} INFO - Marking task as SUCCESS. dag_id=LocalIngestionDAG, task_id=ingest, execution_date=20210402T060009, start_date=20220413T212048, end_date=20220413T212049
[2022-04-13 21:20:49,274] {local_task_job.py:154} INFO - Task exited with return code 0
[2022-04-13 21:20:49,345] {local_task_job.py:264} INFO - 0 downstream tasks scheduled from follow-on schedule check
