[2022-04-13 21:24:34,820] {taskinstance.py:1032} INFO - Dependencies all met for <TaskInstance: LocalIngestionDAG.wget scheduled__2021-07-02T06:00:51+00:00 [queued]>
[2022-04-13 21:24:34,864] {taskinstance.py:1032} INFO - Dependencies all met for <TaskInstance: LocalIngestionDAG.wget scheduled__2021-07-02T06:00:51+00:00 [queued]>
[2022-04-13 21:24:34,866] {taskinstance.py:1238} INFO - 
--------------------------------------------------------------------------------
[2022-04-13 21:24:34,867] {taskinstance.py:1239} INFO - Starting attempt 1 of 1
[2022-04-13 21:24:34,867] {taskinstance.py:1240} INFO - 
--------------------------------------------------------------------------------
[2022-04-13 21:24:34,921] {taskinstance.py:1259} INFO - Executing <Task(BashOperator): wget> on 2021-07-02 06:00:51+00:00
[2022-04-13 21:24:34,934] {standard_task_runner.py:52} INFO - Started process 3993 to run task
[2022-04-13 21:24:34,952] {standard_task_runner.py:76} INFO - Running: ['***', 'tasks', 'run', 'LocalIngestionDAG', 'wget', 'scheduled__2021-07-02T06:00:51+00:00', '--job-id', '943', '--raw', '--subdir', 'DAGS_FOLDER/data_ingestion_local.py', '--cfg-path', '/tmp/tmpb65h4aes', '--error-file', '/tmp/tmp9a1itsz_']
[2022-04-13 21:24:34,958] {standard_task_runner.py:77} INFO - Job 943: Subtask wget
[2022-04-13 21:24:35,110] {logging_mixin.py:109} INFO - Running <TaskInstance: LocalIngestionDAG.wget scheduled__2021-07-02T06:00:51+00:00 [running]> on host 13db72185839
[2022-04-13 21:24:35,237] {taskinstance.py:1426} INFO - Exporting the following env vars:
AIRFLOW_CTX_DAG_OWNER=***
AIRFLOW_CTX_DAG_ID=LocalIngestionDAG
AIRFLOW_CTX_TASK_ID=wget
AIRFLOW_CTX_EXECUTION_DATE=2021-07-02T06:00:51+00:00
AIRFLOW_CTX_DAG_RUN_ID=scheduled__2021-07-02T06:00:51+00:00
[2022-04-13 21:24:35,244] {subprocess.py:62} INFO - Tmp dir root location: 
 /tmp
[2022-04-13 21:24:35,249] {subprocess.py:74} INFO - Running command: ['bash', '-c', 'echo "hello world"']
[2022-04-13 21:24:35,266] {subprocess.py:85} INFO - Output:
[2022-04-13 21:24:35,280] {subprocess.py:89} INFO - hello world
[2022-04-13 21:24:35,281] {subprocess.py:93} INFO - Command exited with return code 0
[2022-04-13 21:24:35,370] {taskinstance.py:1277} INFO - Marking task as SUCCESS. dag_id=LocalIngestionDAG, task_id=wget, execution_date=20210702T060051, start_date=20220413T212434, end_date=20220413T212435
[2022-04-13 21:24:35,439] {local_task_job.py:154} INFO - Task exited with return code 0
[2022-04-13 21:24:35,507] {local_task_job.py:264} INFO - 1 downstream tasks scheduled from follow-on schedule check
