[2022-04-13 22:17:13,582] {taskinstance.py:1032} INFO - Dependencies all met for <TaskInstance: LocalIngestionDAG.ingest scheduled__2021-11-02T06:00:39+00:00 [queued]>
[2022-04-13 22:17:13,608] {taskinstance.py:1032} INFO - Dependencies all met for <TaskInstance: LocalIngestionDAG.ingest scheduled__2021-11-02T06:00:39+00:00 [queued]>
[2022-04-13 22:17:13,609] {taskinstance.py:1238} INFO - 
--------------------------------------------------------------------------------
[2022-04-13 22:17:13,610] {taskinstance.py:1239} INFO - Starting attempt 1 of 1
[2022-04-13 22:17:13,610] {taskinstance.py:1240} INFO - 
--------------------------------------------------------------------------------
[2022-04-13 22:17:13,637] {taskinstance.py:1259} INFO - Executing <Task(BashOperator): ingest> on 2021-11-02 06:00:39+00:00
[2022-04-13 22:17:13,642] {standard_task_runner.py:52} INFO - Started process 8186 to run task
[2022-04-13 22:17:13,648] {standard_task_runner.py:76} INFO - Running: ['***', 'tasks', 'run', 'LocalIngestionDAG', 'ingest', 'scheduled__2021-11-02T06:00:39+00:00', '--job-id', '1386', '--raw', '--subdir', 'DAGS_FOLDER/data_ingestion_local.py', '--cfg-path', '/tmp/tmpp01cls41', '--error-file', '/tmp/tmp5f48dqd4']
[2022-04-13 22:17:13,651] {standard_task_runner.py:77} INFO - Job 1386: Subtask ingest
[2022-04-13 22:17:13,778] {logging_mixin.py:109} INFO - Running <TaskInstance: LocalIngestionDAG.ingest scheduled__2021-11-02T06:00:39+00:00 [running]> on host 13db72185839
[2022-04-13 22:17:13,899] {taskinstance.py:1426} INFO - Exporting the following env vars:
AIRFLOW_CTX_DAG_OWNER=***
AIRFLOW_CTX_DAG_ID=LocalIngestionDAG
AIRFLOW_CTX_TASK_ID=ingest
AIRFLOW_CTX_EXECUTION_DATE=2021-11-02T06:00:39+00:00
AIRFLOW_CTX_DAG_RUN_ID=scheduled__2021-11-02T06:00:39+00:00
[2022-04-13 22:17:13,901] {subprocess.py:62} INFO - Tmp dir root location: 
 /tmp
[2022-04-13 22:17:13,903] {subprocess.py:74} INFO - Running command: ['bash', '-c', 'ls /opt/***']
[2022-04-13 22:17:13,916] {subprocess.py:85} INFO - Output:
[2022-04-13 22:17:13,922] {subprocess.py:89} INFO - ***.cfg
[2022-04-13 22:17:13,923] {subprocess.py:89} INFO - dags
[2022-04-13 22:17:13,924] {subprocess.py:89} INFO - logs
[2022-04-13 22:17:13,924] {subprocess.py:89} INFO - output.csv
[2022-04-13 22:17:13,924] {subprocess.py:89} INFO - plugins
[2022-04-13 22:17:13,925] {subprocess.py:89} INFO - requirements.txt
[2022-04-13 22:17:13,925] {subprocess.py:89} INFO - scripts
[2022-04-13 22:17:13,926] {subprocess.py:89} INFO - webserver_config.py
[2022-04-13 22:17:13,927] {subprocess.py:93} INFO - Command exited with return code 0
[2022-04-13 22:17:14,311] {taskinstance.py:1277} INFO - Marking task as SUCCESS. dag_id=LocalIngestionDAG, task_id=ingest, execution_date=20211102T060039, start_date=20220413T221713, end_date=20220413T221714
[2022-04-13 22:17:14,382] {local_task_job.py:154} INFO - Task exited with return code 0
[2022-04-13 22:17:14,440] {local_task_job.py:264} INFO - 0 downstream tasks scheduled from follow-on schedule check
