[2022-04-13 21:21:31,617] {taskinstance.py:1032} INFO - Dependencies all met for <TaskInstance: LocalIngestionDAG.wget scheduled__2021-04-02T06:00:55+00:00 [queued]>
[2022-04-13 21:21:31,639] {taskinstance.py:1032} INFO - Dependencies all met for <TaskInstance: LocalIngestionDAG.wget scheduled__2021-04-02T06:00:55+00:00 [queued]>
[2022-04-13 21:21:31,640] {taskinstance.py:1238} INFO - 
--------------------------------------------------------------------------------
[2022-04-13 21:21:31,642] {taskinstance.py:1239} INFO - Starting attempt 1 of 1
[2022-04-13 21:21:31,643] {taskinstance.py:1240} INFO - 
--------------------------------------------------------------------------------
[2022-04-13 21:21:31,673] {taskinstance.py:1259} INFO - Executing <Task(BashOperator): wget> on 2021-04-02 06:00:55+00:00
[2022-04-13 21:21:31,678] {standard_task_runner.py:52} INFO - Started process 2786 to run task
[2022-04-13 21:21:31,689] {standard_task_runner.py:76} INFO - Running: ['***', 'tasks', 'run', 'LocalIngestionDAG', 'wget', 'scheduled__2021-04-02T06:00:55+00:00', '--job-id', '589', '--raw', '--subdir', 'DAGS_FOLDER/data_ingestion_local.py', '--cfg-path', '/tmp/tmp9xzbtia_', '--error-file', '/tmp/tmpcgbtnjhh']
[2022-04-13 21:21:31,692] {standard_task_runner.py:77} INFO - Job 589: Subtask wget
[2022-04-13 21:21:31,954] {logging_mixin.py:109} INFO - Running <TaskInstance: LocalIngestionDAG.wget scheduled__2021-04-02T06:00:55+00:00 [running]> on host 13db72185839
[2022-04-13 21:21:32,091] {taskinstance.py:1426} INFO - Exporting the following env vars:
AIRFLOW_CTX_DAG_OWNER=***
AIRFLOW_CTX_DAG_ID=LocalIngestionDAG
AIRFLOW_CTX_TASK_ID=wget
AIRFLOW_CTX_EXECUTION_DATE=2021-04-02T06:00:55+00:00
AIRFLOW_CTX_DAG_RUN_ID=scheduled__2021-04-02T06:00:55+00:00
[2022-04-13 21:21:32,095] {subprocess.py:62} INFO - Tmp dir root location: 
 /tmp
[2022-04-13 21:21:32,097] {subprocess.py:74} INFO - Running command: ['bash', '-c', 'echo "hello world"']
[2022-04-13 21:21:32,109] {subprocess.py:85} INFO - Output:
[2022-04-13 21:21:32,112] {subprocess.py:89} INFO - hello world
[2022-04-13 21:21:32,113] {subprocess.py:93} INFO - Command exited with return code 0
[2022-04-13 21:21:32,178] {taskinstance.py:1277} INFO - Marking task as SUCCESS. dag_id=LocalIngestionDAG, task_id=wget, execution_date=20210402T060055, start_date=20220413T212131, end_date=20220413T212132
[2022-04-13 21:21:32,291] {local_task_job.py:154} INFO - Task exited with return code 0
[2022-04-13 21:21:32,484] {local_task_job.py:264} INFO - 0 downstream tasks scheduled from follow-on schedule check
