[2022-04-13 22:32:22,759] {taskinstance.py:1032} INFO - Dependencies all met for <TaskInstance: LocalIngestionDAG.ingest scheduled__2022-01-02T06:00:26+00:00 [queued]>
[2022-04-13 22:32:22,859] {taskinstance.py:1032} INFO - Dependencies all met for <TaskInstance: LocalIngestionDAG.ingest scheduled__2022-01-02T06:00:26+00:00 [queued]>
[2022-04-13 22:32:22,861] {taskinstance.py:1238} INFO - 
--------------------------------------------------------------------------------
[2022-04-13 22:32:22,864] {taskinstance.py:1239} INFO - Starting attempt 1 of 1
[2022-04-13 22:32:22,873] {taskinstance.py:1240} INFO - 
--------------------------------------------------------------------------------
[2022-04-13 22:32:23,008] {taskinstance.py:1259} INFO - Executing <Task(BashOperator): ingest> on 2022-01-02 06:00:26+00:00
[2022-04-13 22:32:23,028] {standard_task_runner.py:52} INFO - Started process 9701 to run task
[2022-04-13 22:32:23,082] {standard_task_runner.py:76} INFO - Running: ['***', 'tasks', 'run', 'LocalIngestionDAG', 'ingest', 'scheduled__2022-01-02T06:00:26+00:00', '--job-id', '1591', '--raw', '--subdir', 'DAGS_FOLDER/data_ingestion_local.py', '--cfg-path', '/tmp/tmpwsolql8c', '--error-file', '/tmp/tmprx0kwssm']
[2022-04-13 22:32:23,085] {standard_task_runner.py:77} INFO - Job 1591: Subtask ingest
[2022-04-13 22:32:23,517] {logging_mixin.py:109} INFO - Running <TaskInstance: LocalIngestionDAG.ingest scheduled__2022-01-02T06:00:26+00:00 [running]> on host 13db72185839
[2022-04-13 22:32:23,941] {taskinstance.py:1426} INFO - Exporting the following env vars:
AIRFLOW_CTX_DAG_OWNER=***
AIRFLOW_CTX_DAG_ID=LocalIngestionDAG
AIRFLOW_CTX_TASK_ID=ingest
AIRFLOW_CTX_EXECUTION_DATE=2022-01-02T06:00:26+00:00
AIRFLOW_CTX_DAG_RUN_ID=scheduled__2022-01-02T06:00:26+00:00
[2022-04-13 22:32:23,944] {subprocess.py:62} INFO - Tmp dir root location: 
 /tmp
[2022-04-13 22:32:23,946] {subprocess.py:74} INFO - Running command: ['bash', '-c', 'ls /opt/***']
[2022-04-13 22:32:23,990] {subprocess.py:85} INFO - Output:
[2022-04-13 22:32:24,008] {subprocess.py:89} INFO - ***.cfg
[2022-04-13 22:32:24,009] {subprocess.py:89} INFO - dags
[2022-04-13 22:32:24,012] {subprocess.py:89} INFO - logs
[2022-04-13 22:32:24,016] {subprocess.py:89} INFO - output.csv
[2022-04-13 22:32:24,020] {subprocess.py:89} INFO - plugins
[2022-04-13 22:32:24,026] {subprocess.py:89} INFO - requirements.txt
[2022-04-13 22:32:24,027] {subprocess.py:89} INFO - scripts
[2022-04-13 22:32:24,028] {subprocess.py:89} INFO - webserver_config.py
[2022-04-13 22:32:24,030] {subprocess.py:93} INFO - Command exited with return code 0
[2022-04-13 22:32:24,244] {taskinstance.py:1277} INFO - Marking task as SUCCESS. dag_id=LocalIngestionDAG, task_id=ingest, execution_date=20220102T060026, start_date=20220413T223222, end_date=20220413T223224
[2022-04-13 22:32:24,416] {local_task_job.py:154} INFO - Task exited with return code 0
[2022-04-13 22:32:24,912] {local_task_job.py:264} INFO - 0 downstream tasks scheduled from follow-on schedule check
