[2022-04-13 21:16:41,332] {taskinstance.py:1032} INFO - Dependencies all met for <TaskInstance: LocalIngestionDAG.wget scheduled__2021-02-02T06:00:17+00:00 [queued]>
[2022-04-13 21:16:41,366] {taskinstance.py:1032} INFO - Dependencies all met for <TaskInstance: LocalIngestionDAG.wget scheduled__2021-02-02T06:00:17+00:00 [queued]>
[2022-04-13 21:16:41,366] {taskinstance.py:1238} INFO - 
--------------------------------------------------------------------------------
[2022-04-13 21:16:41,376] {taskinstance.py:1239} INFO - Starting attempt 1 of 1
[2022-04-13 21:16:41,377] {taskinstance.py:1240} INFO - 
--------------------------------------------------------------------------------
[2022-04-13 21:16:41,465] {taskinstance.py:1259} INFO - Executing <Task(BashOperator): wget> on 2021-02-02 06:00:17+00:00
[2022-04-13 21:16:41,478] {standard_task_runner.py:52} INFO - Started process 1574 to run task
[2022-04-13 21:16:41,490] {standard_task_runner.py:76} INFO - Running: ['***', 'tasks', 'run', 'LocalIngestionDAG', 'wget', 'scheduled__2021-02-02T06:00:17+00:00', '--job-id', '272', '--raw', '--subdir', 'DAGS_FOLDER/data_ingestion_local.py', '--cfg-path', '/tmp/tmpq1y9r606', '--error-file', '/tmp/tmpo0i3b6qm']
[2022-04-13 21:16:41,497] {standard_task_runner.py:77} INFO - Job 272: Subtask wget
[2022-04-13 21:16:41,641] {logging_mixin.py:109} INFO - Running <TaskInstance: LocalIngestionDAG.wget scheduled__2021-02-02T06:00:17+00:00 [running]> on host 13db72185839
[2022-04-13 21:16:41,787] {taskinstance.py:1426} INFO - Exporting the following env vars:
AIRFLOW_CTX_DAG_OWNER=***
AIRFLOW_CTX_DAG_ID=LocalIngestionDAG
AIRFLOW_CTX_TASK_ID=wget
AIRFLOW_CTX_EXECUTION_DATE=2021-02-02T06:00:17+00:00
AIRFLOW_CTX_DAG_RUN_ID=scheduled__2021-02-02T06:00:17+00:00
[2022-04-13 21:16:41,792] {subprocess.py:62} INFO - Tmp dir root location: 
 /tmp
[2022-04-13 21:16:41,796] {subprocess.py:74} INFO - Running command: ['bash', '-c', 'echo "hello world"']
[2022-04-13 21:16:41,817] {subprocess.py:85} INFO - Output:
[2022-04-13 21:16:41,819] {subprocess.py:89} INFO - hello world
[2022-04-13 21:16:41,824] {subprocess.py:93} INFO - Command exited with return code 0
[2022-04-13 21:16:41,880] {taskinstance.py:1277} INFO - Marking task as SUCCESS. dag_id=LocalIngestionDAG, task_id=wget, execution_date=20210202T060017, start_date=20220413T211641, end_date=20220413T211641
[2022-04-13 21:16:41,995] {local_task_job.py:154} INFO - Task exited with return code 0
[2022-04-13 21:16:42,081] {local_task_job.py:264} INFO - 1 downstream tasks scheduled from follow-on schedule check
