[2022-04-13 21:24:46,783] {taskinstance.py:1032} INFO - Dependencies all met for <TaskInstance: LocalIngestionDAG.ingest scheduled__2021-08-02T06:00:02+00:00 [queued]>
[2022-04-13 21:24:46,885] {taskinstance.py:1032} INFO - Dependencies all met for <TaskInstance: LocalIngestionDAG.ingest scheduled__2021-08-02T06:00:02+00:00 [queued]>
[2022-04-13 21:24:46,892] {taskinstance.py:1238} INFO - 
--------------------------------------------------------------------------------
[2022-04-13 21:24:46,902] {taskinstance.py:1239} INFO - Starting attempt 1 of 1
[2022-04-13 21:24:46,913] {taskinstance.py:1240} INFO - 
--------------------------------------------------------------------------------
[2022-04-13 21:24:47,018] {taskinstance.py:1259} INFO - Executing <Task(BashOperator): ingest> on 2021-08-02 06:00:02+00:00
[2022-04-13 21:24:47,044] {standard_task_runner.py:52} INFO - Started process 4073 to run task
[2022-04-13 21:24:47,060] {standard_task_runner.py:76} INFO - Running: ['***', 'tasks', 'run', 'LocalIngestionDAG', 'ingest', 'scheduled__2021-08-02T06:00:02+00:00', '--job-id', '969', '--raw', '--subdir', 'DAGS_FOLDER/data_ingestion_local.py', '--cfg-path', '/tmp/tmpfs3fc57g', '--error-file', '/tmp/tmpm4olh29p']
[2022-04-13 21:24:47,070] {standard_task_runner.py:77} INFO - Job 969: Subtask ingest
[2022-04-13 21:24:47,496] {logging_mixin.py:109} INFO - Running <TaskInstance: LocalIngestionDAG.ingest scheduled__2021-08-02T06:00:02+00:00 [running]> on host 13db72185839
[2022-04-13 21:24:47,791] {taskinstance.py:1426} INFO - Exporting the following env vars:
AIRFLOW_CTX_DAG_OWNER=***
AIRFLOW_CTX_DAG_ID=LocalIngestionDAG
AIRFLOW_CTX_TASK_ID=ingest
AIRFLOW_CTX_EXECUTION_DATE=2021-08-02T06:00:02+00:00
AIRFLOW_CTX_DAG_RUN_ID=scheduled__2021-08-02T06:00:02+00:00
[2022-04-13 21:24:47,803] {subprocess.py:62} INFO - Tmp dir root location: 
 /tmp
[2022-04-13 21:24:47,805] {subprocess.py:74} INFO - Running command: ['bash', '-c', 'pwd']
[2022-04-13 21:24:47,847] {subprocess.py:85} INFO - Output:
[2022-04-13 21:24:47,862] {subprocess.py:89} INFO - /tmp/***tmp4ahplb52
[2022-04-13 21:24:47,865] {subprocess.py:93} INFO - Command exited with return code 0
[2022-04-13 21:24:48,249] {taskinstance.py:1277} INFO - Marking task as SUCCESS. dag_id=LocalIngestionDAG, task_id=ingest, execution_date=20210802T060002, start_date=20220413T212446, end_date=20220413T212448
[2022-04-13 21:24:48,324] {local_task_job.py:154} INFO - Task exited with return code 0
[2022-04-13 21:24:48,428] {local_task_job.py:264} INFO - 0 downstream tasks scheduled from follow-on schedule check
