[2022-04-13 21:25:16,818] {taskinstance.py:1032} INFO - Dependencies all met for <TaskInstance: LocalIngestionDAG.ingest scheduled__2021-08-02T06:00:30+00:00 [queued]>
[2022-04-13 21:25:16,859] {taskinstance.py:1032} INFO - Dependencies all met for <TaskInstance: LocalIngestionDAG.ingest scheduled__2021-08-02T06:00:30+00:00 [queued]>
[2022-04-13 21:25:16,860] {taskinstance.py:1238} INFO - 
--------------------------------------------------------------------------------
[2022-04-13 21:25:16,861] {taskinstance.py:1239} INFO - Starting attempt 1 of 1
[2022-04-13 21:25:16,862] {taskinstance.py:1240} INFO - 
--------------------------------------------------------------------------------
[2022-04-13 21:25:16,899] {taskinstance.py:1259} INFO - Executing <Task(BashOperator): ingest> on 2021-08-02 06:00:30+00:00
[2022-04-13 21:25:16,905] {standard_task_runner.py:52} INFO - Started process 4258 to run task
[2022-04-13 21:25:16,914] {standard_task_runner.py:76} INFO - Running: ['***', 'tasks', 'run', 'LocalIngestionDAG', 'ingest', 'scheduled__2021-08-02T06:00:30+00:00', '--job-id', '1024', '--raw', '--subdir', 'DAGS_FOLDER/data_ingestion_local.py', '--cfg-path', '/tmp/tmpa5w5qlm1', '--error-file', '/tmp/tmp_n9_jg71']
[2022-04-13 21:25:16,921] {standard_task_runner.py:77} INFO - Job 1024: Subtask ingest
[2022-04-13 21:25:17,119] {logging_mixin.py:109} INFO - Running <TaskInstance: LocalIngestionDAG.ingest scheduled__2021-08-02T06:00:30+00:00 [running]> on host 13db72185839
[2022-04-13 21:25:17,279] {taskinstance.py:1426} INFO - Exporting the following env vars:
AIRFLOW_CTX_DAG_OWNER=***
AIRFLOW_CTX_DAG_ID=LocalIngestionDAG
AIRFLOW_CTX_TASK_ID=ingest
AIRFLOW_CTX_EXECUTION_DATE=2021-08-02T06:00:30+00:00
AIRFLOW_CTX_DAG_RUN_ID=scheduled__2021-08-02T06:00:30+00:00
[2022-04-13 21:25:17,281] {subprocess.py:62} INFO - Tmp dir root location: 
 /tmp
[2022-04-13 21:25:17,283] {subprocess.py:74} INFO - Running command: ['bash', '-c', 'pwd']
[2022-04-13 21:25:17,298] {subprocess.py:85} INFO - Output:
[2022-04-13 21:25:17,301] {subprocess.py:89} INFO - /tmp/***tmpx4w2aipm
[2022-04-13 21:25:17,302] {subprocess.py:93} INFO - Command exited with return code 0
[2022-04-13 21:25:17,353] {taskinstance.py:1277} INFO - Marking task as SUCCESS. dag_id=LocalIngestionDAG, task_id=ingest, execution_date=20210802T060030, start_date=20220413T212516, end_date=20220413T212517
[2022-04-13 21:25:17,415] {local_task_job.py:154} INFO - Task exited with return code 0
[2022-04-13 21:25:17,496] {local_task_job.py:264} INFO - 0 downstream tasks scheduled from follow-on schedule check
