[2022-04-15 23:43:24,736] {taskinstance.py:1032} INFO - Dependencies all met for <TaskInstance: live_coded_gcs_2_bg_dag.gcs_2_gcs_task manual__2022-04-15T21:45:28.114702+00:00 [queued]>
[2022-04-15 23:43:24,747] {taskinstance.py:1032} INFO - Dependencies all met for <TaskInstance: live_coded_gcs_2_bg_dag.gcs_2_gcs_task manual__2022-04-15T21:45:28.114702+00:00 [queued]>
[2022-04-15 23:43:24,748] {taskinstance.py:1238} INFO - 
--------------------------------------------------------------------------------
[2022-04-15 23:43:24,748] {taskinstance.py:1239} INFO - Starting attempt 2 of 3
[2022-04-15 23:43:24,749] {taskinstance.py:1240} INFO - 
--------------------------------------------------------------------------------
[2022-04-15 23:43:24,770] {taskinstance.py:1259} INFO - Executing <Task(GCSToGCSOperator): gcs_2_gcs_task> on 2022-04-15 21:45:28.114702+00:00
[2022-04-15 23:43:24,779] {standard_task_runner.py:52} INFO - Started process 4214 to run task
[2022-04-15 23:43:24,783] {standard_task_runner.py:76} INFO - Running: ['***', 'tasks', 'run', 'live_coded_gcs_2_bg_dag', 'gcs_2_gcs_task', 'manual__2022-04-15T21:45:28.114702+00:00', '--job-id', '2092', '--raw', '--subdir', 'DAGS_FOLDER/gcs_2_bq_dag.py', '--cfg-path', '/tmp/tmp5ecxzr9b', '--error-file', '/tmp/tmpakqkho_6']
[2022-04-15 23:43:24,785] {standard_task_runner.py:77} INFO - Job 2092: Subtask gcs_2_gcs_task
[2022-04-15 23:43:24,853] {logging_mixin.py:109} INFO - Running <TaskInstance: live_coded_gcs_2_bg_dag.gcs_2_gcs_task manual__2022-04-15T21:45:28.114702+00:00 [running]> on host fafd9ac351ac
[2022-04-15 23:43:24,927] {taskinstance.py:1426} INFO - Exporting the following env vars:
AIRFLOW_CTX_DAG_OWNER=***
AIRFLOW_CTX_DAG_ID=live_coded_gcs_2_bg_dag
AIRFLOW_CTX_TASK_ID=gcs_2_gcs_task
AIRFLOW_CTX_EXECUTION_DATE=2022-04-15T21:45:28.114702+00:00
AIRFLOW_CTX_DAG_RUN_ID=manual__2022-04-15T21:45:28.114702+00:00
[2022-04-15 23:43:24,933] {crypto.py:82} WARNING - empty cryptography key - values will not be stored encrypted.
[2022-04-15 23:43:24,935] {gcs_to_gcs.py:346} INFO - Delimiter ignored because wildcard is in prefix
[2022-04-15 23:43:26,239] {taskinstance.py:1277} INFO - Marking task as SUCCESS. dag_id=live_coded_gcs_2_bg_dag, task_id=gcs_2_gcs_task, execution_date=20220415T214528, start_date=20220415T234324, end_date=20220415T234326
[2022-04-15 23:43:26,287] {local_task_job.py:154} INFO - Task exited with return code 0
[2022-04-15 23:43:26,339] {local_task_job.py:264} INFO - 1 downstream tasks scheduled from follow-on schedule check
