[2022-04-13 21:26:35,755] {taskinstance.py:1032} INFO - Dependencies all met for <TaskInstance: LocalIngestionDAG.ingest scheduled__2021-09-02T06:00:41+00:00 [queued]>
[2022-04-13 21:26:35,855] {taskinstance.py:1032} INFO - Dependencies all met for <TaskInstance: LocalIngestionDAG.ingest scheduled__2021-09-02T06:00:41+00:00 [queued]>
[2022-04-13 21:26:35,860] {taskinstance.py:1238} INFO - 
--------------------------------------------------------------------------------
[2022-04-13 21:26:35,861] {taskinstance.py:1239} INFO - Starting attempt 1 of 1
[2022-04-13 21:26:35,861] {taskinstance.py:1240} INFO - 
--------------------------------------------------------------------------------
[2022-04-13 21:26:35,937] {taskinstance.py:1259} INFO - Executing <Task(BashOperator): ingest> on 2021-09-02 06:00:41+00:00
[2022-04-13 21:26:35,945] {standard_task_runner.py:52} INFO - Started process 4757 to run task
[2022-04-13 21:26:35,978] {standard_task_runner.py:76} INFO - Running: ['***', 'tasks', 'run', 'LocalIngestionDAG', 'ingest', 'scheduled__2021-09-02T06:00:41+00:00', '--job-id', '1168', '--raw', '--subdir', 'DAGS_FOLDER/data_ingestion_local.py', '--cfg-path', '/tmp/tmp_0fhndxt', '--error-file', '/tmp/tmprfvr434w']
[2022-04-13 21:26:35,990] {standard_task_runner.py:77} INFO - Job 1168: Subtask ingest
[2022-04-13 21:26:36,273] {logging_mixin.py:109} INFO - Running <TaskInstance: LocalIngestionDAG.ingest scheduled__2021-09-02T06:00:41+00:00 [running]> on host 13db72185839
[2022-04-13 21:26:36,453] {taskinstance.py:1426} INFO - Exporting the following env vars:
AIRFLOW_CTX_DAG_OWNER=***
AIRFLOW_CTX_DAG_ID=LocalIngestionDAG
AIRFLOW_CTX_TASK_ID=ingest
AIRFLOW_CTX_EXECUTION_DATE=2021-09-02T06:00:41+00:00
AIRFLOW_CTX_DAG_RUN_ID=scheduled__2021-09-02T06:00:41+00:00
[2022-04-13 21:26:36,458] {subprocess.py:62} INFO - Tmp dir root location: 
 /tmp
[2022-04-13 21:26:36,460] {subprocess.py:74} INFO - Running command: ['bash', '-c', 'pwd']
[2022-04-13 21:26:36,473] {subprocess.py:85} INFO - Output:
[2022-04-13 21:26:36,477] {subprocess.py:89} INFO - /tmp/***tmpo0ll2l6i
[2022-04-13 21:26:36,478] {subprocess.py:93} INFO - Command exited with return code 0
[2022-04-13 21:26:36,529] {taskinstance.py:1277} INFO - Marking task as SUCCESS. dag_id=LocalIngestionDAG, task_id=ingest, execution_date=20210902T060041, start_date=20220413T212635, end_date=20220413T212636
[2022-04-13 21:26:36,599] {local_task_job.py:154} INFO - Task exited with return code 0
[2022-04-13 21:26:36,663] {local_task_job.py:264} INFO - 0 downstream tasks scheduled from follow-on schedule check
