[2022-04-13 22:32:11,858] {taskinstance.py:1032} INFO - Dependencies all met for <TaskInstance: LocalIngestionDAG.ingest scheduled__2022-01-02T06:00:18+00:00 [queued]>
[2022-04-13 22:32:11,945] {taskinstance.py:1032} INFO - Dependencies all met for <TaskInstance: LocalIngestionDAG.ingest scheduled__2022-01-02T06:00:18+00:00 [queued]>
[2022-04-13 22:32:11,952] {taskinstance.py:1238} INFO - 
--------------------------------------------------------------------------------
[2022-04-13 22:32:11,968] {taskinstance.py:1239} INFO - Starting attempt 1 of 1
[2022-04-13 22:32:11,982] {taskinstance.py:1240} INFO - 
--------------------------------------------------------------------------------
[2022-04-13 22:32:12,067] {taskinstance.py:1259} INFO - Executing <Task(BashOperator): ingest> on 2022-01-02 06:00:18+00:00
[2022-04-13 22:32:12,086] {standard_task_runner.py:52} INFO - Started process 9628 to run task
[2022-04-13 22:32:12,099] {standard_task_runner.py:76} INFO - Running: ['***', 'tasks', 'run', 'LocalIngestionDAG', 'ingest', 'scheduled__2022-01-02T06:00:18+00:00', '--job-id', '1575', '--raw', '--subdir', 'DAGS_FOLDER/data_ingestion_local.py', '--cfg-path', '/tmp/tmptce6wtb_', '--error-file', '/tmp/tmpu8dga9ke']
[2022-04-13 22:32:12,103] {standard_task_runner.py:77} INFO - Job 1575: Subtask ingest
[2022-04-13 22:32:12,475] {logging_mixin.py:109} INFO - Running <TaskInstance: LocalIngestionDAG.ingest scheduled__2022-01-02T06:00:18+00:00 [running]> on host 13db72185839
[2022-04-13 22:32:12,814] {taskinstance.py:1426} INFO - Exporting the following env vars:
AIRFLOW_CTX_DAG_OWNER=***
AIRFLOW_CTX_DAG_ID=LocalIngestionDAG
AIRFLOW_CTX_TASK_ID=ingest
AIRFLOW_CTX_EXECUTION_DATE=2022-01-02T06:00:18+00:00
AIRFLOW_CTX_DAG_RUN_ID=scheduled__2022-01-02T06:00:18+00:00
[2022-04-13 22:32:12,825] {subprocess.py:62} INFO - Tmp dir root location: 
 /tmp
[2022-04-13 22:32:12,834] {subprocess.py:74} INFO - Running command: ['bash', '-c', 'ls /opt/***']
[2022-04-13 22:32:12,862] {subprocess.py:85} INFO - Output:
[2022-04-13 22:32:12,888] {subprocess.py:89} INFO - ***.cfg
[2022-04-13 22:32:12,903] {subprocess.py:89} INFO - dags
[2022-04-13 22:32:12,906] {subprocess.py:89} INFO - logs
[2022-04-13 22:32:12,908] {subprocess.py:89} INFO - output.csv
[2022-04-13 22:32:12,913] {subprocess.py:89} INFO - plugins
[2022-04-13 22:32:12,928] {subprocess.py:89} INFO - requirements.txt
[2022-04-13 22:32:12,933] {subprocess.py:89} INFO - scripts
[2022-04-13 22:32:12,935] {subprocess.py:89} INFO - webserver_config.py
[2022-04-13 22:32:12,945] {subprocess.py:93} INFO - Command exited with return code 0
[2022-04-13 22:32:13,076] {taskinstance.py:1277} INFO - Marking task as SUCCESS. dag_id=LocalIngestionDAG, task_id=ingest, execution_date=20220102T060018, start_date=20220413T223211, end_date=20220413T223213
[2022-04-13 22:32:13,158] {local_task_job.py:154} INFO - Task exited with return code 0
[2022-04-13 22:32:13,299] {local_task_job.py:264} INFO - 0 downstream tasks scheduled from follow-on schedule check
