[2022-04-13 21:18:17,733] {taskinstance.py:1032} INFO - Dependencies all met for <TaskInstance: LocalIngestionDAG.wget scheduled__2021-04-02T06:00:06+00:00 [queued]>
[2022-04-13 21:18:17,775] {taskinstance.py:1032} INFO - Dependencies all met for <TaskInstance: LocalIngestionDAG.wget scheduled__2021-04-02T06:00:06+00:00 [queued]>
[2022-04-13 21:18:17,776] {taskinstance.py:1238} INFO - 
--------------------------------------------------------------------------------
[2022-04-13 21:18:17,777] {taskinstance.py:1239} INFO - Starting attempt 1 of 1
[2022-04-13 21:18:17,778] {taskinstance.py:1240} INFO - 
--------------------------------------------------------------------------------
[2022-04-13 21:18:17,840] {taskinstance.py:1259} INFO - Executing <Task(BashOperator): wget> on 2021-04-02 06:00:06+00:00
[2022-04-13 21:18:17,860] {standard_task_runner.py:52} INFO - Started process 2317 to run task
[2022-04-13 21:18:17,894] {standard_task_runner.py:76} INFO - Running: ['***', 'tasks', 'run', 'LocalIngestionDAG', 'wget', 'scheduled__2021-04-02T06:00:06+00:00', '--job-id', '489', '--raw', '--subdir', 'DAGS_FOLDER/data_ingestion_local.py', '--cfg-path', '/tmp/tmpwyzs774t', '--error-file', '/tmp/tmpzk0mc5_l']
[2022-04-13 21:18:17,911] {standard_task_runner.py:77} INFO - Job 489: Subtask wget
[2022-04-13 21:18:18,258] {logging_mixin.py:109} INFO - Running <TaskInstance: LocalIngestionDAG.wget scheduled__2021-04-02T06:00:06+00:00 [running]> on host 13db72185839
[2022-04-13 21:18:18,507] {taskinstance.py:1426} INFO - Exporting the following env vars:
AIRFLOW_CTX_DAG_OWNER=***
AIRFLOW_CTX_DAG_ID=LocalIngestionDAG
AIRFLOW_CTX_TASK_ID=wget
AIRFLOW_CTX_EXECUTION_DATE=2021-04-02T06:00:06+00:00
AIRFLOW_CTX_DAG_RUN_ID=scheduled__2021-04-02T06:00:06+00:00
[2022-04-13 21:18:18,509] {subprocess.py:62} INFO - Tmp dir root location: 
 /tmp
[2022-04-13 21:18:18,511] {subprocess.py:74} INFO - Running command: ['bash', '-c', 'echo "hello world"']
[2022-04-13 21:18:18,529] {subprocess.py:85} INFO - Output:
[2022-04-13 21:18:18,533] {subprocess.py:89} INFO - hello world
[2022-04-13 21:18:18,536] {subprocess.py:93} INFO - Command exited with return code 0
[2022-04-13 21:18:18,617] {taskinstance.py:1277} INFO - Marking task as SUCCESS. dag_id=LocalIngestionDAG, task_id=wget, execution_date=20210402T060006, start_date=20220413T211817, end_date=20220413T211818
[2022-04-13 21:18:18,708] {local_task_job.py:154} INFO - Task exited with return code 0
[2022-04-13 21:18:18,785] {local_task_job.py:264} INFO - 1 downstream tasks scheduled from follow-on schedule check
