[2022-04-13 21:16:36,037] {taskinstance.py:1032} INFO - Dependencies all met for <TaskInstance: LocalIngestionDAG.ingest scheduled__2021-02-02T06:00:10+00:00 [queued]>
[2022-04-13 21:16:36,081] {taskinstance.py:1032} INFO - Dependencies all met for <TaskInstance: LocalIngestionDAG.ingest scheduled__2021-02-02T06:00:10+00:00 [queued]>
[2022-04-13 21:16:36,084] {taskinstance.py:1238} INFO - 
--------------------------------------------------------------------------------
[2022-04-13 21:16:36,085] {taskinstance.py:1239} INFO - Starting attempt 1 of 1
[2022-04-13 21:16:36,090] {taskinstance.py:1240} INFO - 
--------------------------------------------------------------------------------
[2022-04-13 21:16:36,150] {taskinstance.py:1259} INFO - Executing <Task(BashOperator): ingest> on 2021-02-02 06:00:10+00:00
[2022-04-13 21:16:36,166] {standard_task_runner.py:52} INFO - Started process 1548 to run task
[2022-04-13 21:16:36,187] {standard_task_runner.py:76} INFO - Running: ['***', 'tasks', 'run', 'LocalIngestionDAG', 'ingest', 'scheduled__2021-02-02T06:00:10+00:00', '--job-id', '264', '--raw', '--subdir', 'DAGS_FOLDER/data_ingestion_local.py', '--cfg-path', '/tmp/tmp0p0o98_d', '--error-file', '/tmp/tmp0uaboang']
[2022-04-13 21:16:36,195] {standard_task_runner.py:77} INFO - Job 264: Subtask ingest
[2022-04-13 21:16:36,331] {logging_mixin.py:109} INFO - Running <TaskInstance: LocalIngestionDAG.ingest scheduled__2021-02-02T06:00:10+00:00 [running]> on host 13db72185839
[2022-04-13 21:16:36,413] {taskinstance.py:1426} INFO - Exporting the following env vars:
AIRFLOW_CTX_DAG_OWNER=***
AIRFLOW_CTX_DAG_ID=LocalIngestionDAG
AIRFLOW_CTX_TASK_ID=ingest
AIRFLOW_CTX_EXECUTION_DATE=2021-02-02T06:00:10+00:00
AIRFLOW_CTX_DAG_RUN_ID=scheduled__2021-02-02T06:00:10+00:00
[2022-04-13 21:16:36,414] {subprocess.py:62} INFO - Tmp dir root location: 
 /tmp
[2022-04-13 21:16:36,416] {subprocess.py:74} INFO - Running command: ['bash', '-c', 'pwd']
[2022-04-13 21:16:36,425] {subprocess.py:85} INFO - Output:
[2022-04-13 21:16:36,427] {subprocess.py:89} INFO - /tmp/***tmp4bkpwvqa
[2022-04-13 21:16:36,428] {subprocess.py:93} INFO - Command exited with return code 0
[2022-04-13 21:16:36,459] {taskinstance.py:1277} INFO - Marking task as SUCCESS. dag_id=LocalIngestionDAG, task_id=ingest, execution_date=20210202T060010, start_date=20220413T211636, end_date=20220413T211636
[2022-04-13 21:16:36,489] {local_task_job.py:154} INFO - Task exited with return code 0
[2022-04-13 21:16:36,530] {local_task_job.py:264} INFO - 0 downstream tasks scheduled from follow-on schedule check
