[2022-04-12 15:47:21,285] {taskinstance.py:1032} INFO - Dependencies all met for <TaskInstance: data_ingestion_gcs_dag.bigquery_external_table_task scheduled__2022-04-11T00:00:00+00:00 [queued]>
[2022-04-12 15:47:21,296] {taskinstance.py:1032} INFO - Dependencies all met for <TaskInstance: data_ingestion_gcs_dag.bigquery_external_table_task scheduled__2022-04-11T00:00:00+00:00 [queued]>
[2022-04-12 15:47:21,297] {taskinstance.py:1238} INFO - 
--------------------------------------------------------------------------------
[2022-04-12 15:47:21,298] {taskinstance.py:1239} INFO - Starting attempt 1 of 2
[2022-04-12 15:47:21,298] {taskinstance.py:1240} INFO - 
--------------------------------------------------------------------------------
[2022-04-12 15:47:21,317] {taskinstance.py:1259} INFO - Executing <Task(BigQueryCreateExternalTableOperator): bigquery_external_table_task> on 2022-04-11 00:00:00+00:00
[2022-04-12 15:47:21,324] {standard_task_runner.py:52} INFO - Started process 344 to run task
[2022-04-12 15:47:21,327] {standard_task_runner.py:76} INFO - Running: ['***', 'tasks', 'run', 'data_ingestion_gcs_dag', 'bigquery_external_table_task', 'scheduled__2022-04-11T00:00:00+00:00', '--job-id', '59', '--raw', '--subdir', 'DAGS_FOLDER/data_ingestion_gcs_dag.py', '--cfg-path', '/tmp/tmpmf03j1go', '--error-file', '/tmp/tmp4j5f9147']
[2022-04-12 15:47:21,328] {standard_task_runner.py:77} INFO - Job 59: Subtask bigquery_external_table_task
[2022-04-12 15:47:21,400] {logging_mixin.py:109} INFO - Running <TaskInstance: data_ingestion_gcs_dag.bigquery_external_table_task scheduled__2022-04-11T00:00:00+00:00 [running]> on host c8926bece071
[2022-04-12 15:47:21,478] {taskinstance.py:1426} INFO - Exporting the following env vars:
AIRFLOW_CTX_DAG_OWNER=***
AIRFLOW_CTX_DAG_ID=data_ingestion_gcs_dag
AIRFLOW_CTX_TASK_ID=bigquery_external_table_task
AIRFLOW_CTX_EXECUTION_DATE=2022-04-11T00:00:00+00:00
AIRFLOW_CTX_DAG_RUN_ID=scheduled__2022-04-11T00:00:00+00:00
[2022-04-12 15:47:21,480] {crypto.py:82} WARNING - empty cryptography key - values will not be stored encrypted.
[2022-04-12 15:47:23,949] {taskinstance.py:1277} INFO - Marking task as SUCCESS. dag_id=data_ingestion_gcs_dag, task_id=bigquery_external_table_task, execution_date=20220411T000000, start_date=20220412T154721, end_date=20220412T154723
[2022-04-12 15:47:23,998] {local_task_job.py:154} INFO - Task exited with return code 0
[2022-04-12 15:47:24,028] {local_task_job.py:264} INFO - 0 downstream tasks scheduled from follow-on schedule check
