[2022-04-13 21:26:24,531] {taskinstance.py:1032} INFO - Dependencies all met for <TaskInstance: LocalIngestionDAG.wget scheduled__2021-09-02T06:00:32+00:00 [queued]>
[2022-04-13 21:26:24,578] {taskinstance.py:1032} INFO - Dependencies all met for <TaskInstance: LocalIngestionDAG.wget scheduled__2021-09-02T06:00:32+00:00 [queued]>
[2022-04-13 21:26:24,579] {taskinstance.py:1238} INFO - 
--------------------------------------------------------------------------------
[2022-04-13 21:26:24,581] {taskinstance.py:1239} INFO - Starting attempt 1 of 1
[2022-04-13 21:26:24,582] {taskinstance.py:1240} INFO - 
--------------------------------------------------------------------------------
[2022-04-13 21:26:24,626] {taskinstance.py:1259} INFO - Executing <Task(BashOperator): wget> on 2021-09-02 06:00:32+00:00
[2022-04-13 21:26:24,639] {standard_task_runner.py:52} INFO - Started process 4668 to run task
[2022-04-13 21:26:24,651] {standard_task_runner.py:76} INFO - Running: ['***', 'tasks', 'run', 'LocalIngestionDAG', 'wget', 'scheduled__2021-09-02T06:00:32+00:00', '--job-id', '1142', '--raw', '--subdir', 'DAGS_FOLDER/data_ingestion_local.py', '--cfg-path', '/tmp/tmpjswfjlj0', '--error-file', '/tmp/tmpc_ry6pkl']
[2022-04-13 21:26:24,658] {standard_task_runner.py:77} INFO - Job 1142: Subtask wget
[2022-04-13 21:26:24,851] {logging_mixin.py:109} INFO - Running <TaskInstance: LocalIngestionDAG.wget scheduled__2021-09-02T06:00:32+00:00 [running]> on host 13db72185839
[2022-04-13 21:26:25,108] {taskinstance.py:1426} INFO - Exporting the following env vars:
AIRFLOW_CTX_DAG_OWNER=***
AIRFLOW_CTX_DAG_ID=LocalIngestionDAG
AIRFLOW_CTX_TASK_ID=wget
AIRFLOW_CTX_EXECUTION_DATE=2021-09-02T06:00:32+00:00
AIRFLOW_CTX_DAG_RUN_ID=scheduled__2021-09-02T06:00:32+00:00
[2022-04-13 21:26:25,117] {subprocess.py:62} INFO - Tmp dir root location: 
 /tmp
[2022-04-13 21:26:25,119] {subprocess.py:74} INFO - Running command: ['bash', '-c', 'echo "hello world"']
[2022-04-13 21:26:25,143] {subprocess.py:85} INFO - Output:
[2022-04-13 21:26:25,164] {subprocess.py:89} INFO - hello world
[2022-04-13 21:26:25,174] {subprocess.py:93} INFO - Command exited with return code 0
[2022-04-13 21:26:25,287] {taskinstance.py:1277} INFO - Marking task as SUCCESS. dag_id=LocalIngestionDAG, task_id=wget, execution_date=20210902T060032, start_date=20220413T212624, end_date=20220413T212625
[2022-04-13 21:26:25,354] {local_task_job.py:154} INFO - Task exited with return code 0
[2022-04-13 21:26:25,449] {local_task_job.py:264} INFO - 1 downstream tasks scheduled from follow-on schedule check
