[2022-04-16 17:07:22,110] {taskinstance.py:1032} INFO - Dependencies all met for <TaskInstance: data_ingestion_gcs_dag.download_dataset_task manual__2022-04-16T16:45:05.986483+00:00 [queued]>
[2022-04-16 17:07:22,128] {taskinstance.py:1032} INFO - Dependencies all met for <TaskInstance: data_ingestion_gcs_dag.download_dataset_task manual__2022-04-16T16:45:05.986483+00:00 [queued]>
[2022-04-16 17:07:22,129] {taskinstance.py:1238} INFO - 
--------------------------------------------------------------------------------
[2022-04-16 17:07:22,130] {taskinstance.py:1239} INFO - Starting attempt 1 of 2
[2022-04-16 17:07:22,130] {taskinstance.py:1240} INFO - 
--------------------------------------------------------------------------------
[2022-04-16 17:07:22,151] {taskinstance.py:1259} INFO - Executing <Task(BashOperator): download_dataset_task> on 2022-04-16 16:45:05.986483+00:00
[2022-04-16 17:07:22,160] {standard_task_runner.py:52} INFO - Started process 1271 to run task
[2022-04-16 17:07:22,164] {standard_task_runner.py:76} INFO - Running: ['***', 'tasks', 'run', 'data_ingestion_gcs_dag', 'download_dataset_task', 'manual__2022-04-16T16:45:05.986483+00:00', '--job-id', '2135', '--raw', '--subdir', 'DAGS_FOLDER/data_ingestion_gcs_dag.py', '--cfg-path', '/tmp/tmpb0sygjp8', '--error-file', '/tmp/tmpq37ozelw']
[2022-04-16 17:07:22,166] {standard_task_runner.py:77} INFO - Job 2135: Subtask download_dataset_task
[2022-04-16 17:07:22,244] {logging_mixin.py:109} INFO - Running <TaskInstance: data_ingestion_gcs_dag.download_dataset_task manual__2022-04-16T16:45:05.986483+00:00 [running]> on host 0f0253b9972c
[2022-04-16 17:07:22,313] {taskinstance.py:1426} INFO - Exporting the following env vars:
AIRFLOW_CTX_DAG_OWNER=***
AIRFLOW_CTX_DAG_ID=data_ingestion_gcs_dag
AIRFLOW_CTX_TASK_ID=download_dataset_task
AIRFLOW_CTX_EXECUTION_DATE=2022-04-16T16:45:05.986483+00:00
AIRFLOW_CTX_DAG_RUN_ID=manual__2022-04-16T16:45:05.986483+00:00
[2022-04-16 17:07:22,315] {subprocess.py:62} INFO - Tmp dir root location: 
 /tmp
[2022-04-16 17:07:22,317] {subprocess.py:74} INFO - Running command: ['bash', '-c', 'curl -sSL https://s3.amazonaws.com/nyc-tlc/trip+data/yellow_tripdata_2021-01.csv > /opt/***/yellow_tripdata_2021-01.csv']
[2022-04-16 17:07:22,329] {subprocess.py:85} INFO - Output:
