[2022-04-11 18:35:30,761] {taskinstance.py:1032} INFO - Dependencies all met for <TaskInstance: data_ingestion_gcs_dag.format_to_parquet_task scheduled__2022-04-10T00:00:00+00:00 [queued]>
[2022-04-11 18:35:30,773] {taskinstance.py:1032} INFO - Dependencies all met for <TaskInstance: data_ingestion_gcs_dag.format_to_parquet_task scheduled__2022-04-10T00:00:00+00:00 [queued]>
[2022-04-11 18:35:30,774] {taskinstance.py:1238} INFO - 
--------------------------------------------------------------------------------
[2022-04-11 18:35:30,774] {taskinstance.py:1239} INFO - Starting attempt 1 of 2
[2022-04-11 18:35:30,775] {taskinstance.py:1240} INFO - 
--------------------------------------------------------------------------------
[2022-04-11 18:35:30,790] {taskinstance.py:1259} INFO - Executing <Task(PythonOperator): format_to_parquet_task> on 2022-04-10 00:00:00+00:00
[2022-04-11 18:35:30,797] {standard_task_runner.py:52} INFO - Started process 1412 to run task
[2022-04-11 18:35:30,801] {standard_task_runner.py:76} INFO - Running: ['***', 'tasks', 'run', 'data_ingestion_gcs_dag', 'format_to_parquet_task', 'scheduled__2022-04-10T00:00:00+00:00', '--job-id', '3', '--raw', '--subdir', 'DAGS_FOLDER/data_ingestion_gcs_dag.py', '--cfg-path', '/tmp/tmpjpnqrjt_', '--error-file', '/tmp/tmpmv0ho6gn']
[2022-04-11 18:35:30,802] {standard_task_runner.py:77} INFO - Job 3: Subtask format_to_parquet_task
[2022-04-11 18:35:30,880] {logging_mixin.py:109} INFO - Running <TaskInstance: data_ingestion_gcs_dag.format_to_parquet_task scheduled__2022-04-10T00:00:00+00:00 [running]> on host 8d956c578a40
[2022-04-11 18:35:30,984] {taskinstance.py:1426} INFO - Exporting the following env vars:
AIRFLOW_CTX_DAG_OWNER=***
AIRFLOW_CTX_DAG_ID=data_ingestion_gcs_dag
AIRFLOW_CTX_TASK_ID=format_to_parquet_task
AIRFLOW_CTX_EXECUTION_DATE=2022-04-10T00:00:00+00:00
AIRFLOW_CTX_DAG_RUN_ID=scheduled__2022-04-10T00:00:00+00:00
[2022-04-11 18:35:37,652] {python.py:175} INFO - Done. Returned value was: None
[2022-04-11 18:35:37,680] {taskinstance.py:1277} INFO - Marking task as SUCCESS. dag_id=data_ingestion_gcs_dag, task_id=format_to_parquet_task, execution_date=20220410T000000, start_date=20220411T183530, end_date=20220411T183537
[2022-04-11 18:35:37,756] {local_task_job.py:154} INFO - Task exited with return code 0
[2022-04-11 18:35:37,811] {local_task_job.py:264} INFO - 1 downstream tasks scheduled from follow-on schedule check
