[2022-04-13 21:24:45,316] {taskinstance.py:1032} INFO - Dependencies all met for <TaskInstance: LocalIngestionDAG.wget scheduled__2021-08-02T06:00:04+00:00 [queued]>
[2022-04-13 21:24:45,358] {taskinstance.py:1032} INFO - Dependencies all met for <TaskInstance: LocalIngestionDAG.wget scheduled__2021-08-02T06:00:04+00:00 [queued]>
[2022-04-13 21:24:45,368] {taskinstance.py:1238} INFO - 
--------------------------------------------------------------------------------
[2022-04-13 21:24:45,391] {taskinstance.py:1239} INFO - Starting attempt 1 of 1
[2022-04-13 21:24:45,397] {taskinstance.py:1240} INFO - 
--------------------------------------------------------------------------------
[2022-04-13 21:24:45,481] {taskinstance.py:1259} INFO - Executing <Task(BashOperator): wget> on 2021-08-02 06:00:04+00:00
[2022-04-13 21:24:45,495] {standard_task_runner.py:52} INFO - Started process 4060 to run task
[2022-04-13 21:24:45,504] {standard_task_runner.py:76} INFO - Running: ['***', 'tasks', 'run', 'LocalIngestionDAG', 'wget', 'scheduled__2021-08-02T06:00:04+00:00', '--job-id', '965', '--raw', '--subdir', 'DAGS_FOLDER/data_ingestion_local.py', '--cfg-path', '/tmp/tmpu975ax53', '--error-file', '/tmp/tmpbbu7ax6t']
[2022-04-13 21:24:45,521] {standard_task_runner.py:77} INFO - Job 965: Subtask wget
[2022-04-13 21:24:45,761] {logging_mixin.py:109} INFO - Running <TaskInstance: LocalIngestionDAG.wget scheduled__2021-08-02T06:00:04+00:00 [running]> on host 13db72185839
[2022-04-13 21:24:45,917] {taskinstance.py:1426} INFO - Exporting the following env vars:
AIRFLOW_CTX_DAG_OWNER=***
AIRFLOW_CTX_DAG_ID=LocalIngestionDAG
AIRFLOW_CTX_TASK_ID=wget
AIRFLOW_CTX_EXECUTION_DATE=2021-08-02T06:00:04+00:00
AIRFLOW_CTX_DAG_RUN_ID=scheduled__2021-08-02T06:00:04+00:00
[2022-04-13 21:24:45,920] {subprocess.py:62} INFO - Tmp dir root location: 
 /tmp
[2022-04-13 21:24:45,922] {subprocess.py:74} INFO - Running command: ['bash', '-c', 'echo "hello world"']
[2022-04-13 21:24:45,945] {subprocess.py:85} INFO - Output:
[2022-04-13 21:24:45,950] {subprocess.py:89} INFO - hello world
[2022-04-13 21:24:45,953] {subprocess.py:93} INFO - Command exited with return code 0
[2022-04-13 21:24:46,083] {taskinstance.py:1277} INFO - Marking task as SUCCESS. dag_id=LocalIngestionDAG, task_id=wget, execution_date=20210802T060004, start_date=20220413T212445, end_date=20220413T212446
[2022-04-13 21:24:46,158] {local_task_job.py:154} INFO - Task exited with return code 0
[2022-04-13 21:24:46,661] {local_task_job.py:264} INFO - 0 downstream tasks scheduled from follow-on schedule check
