[2022-04-13 21:16:49,500] {taskinstance.py:1032} INFO - Dependencies all met for <TaskInstance: LocalIngestionDAG.ingest scheduled__2021-02-02T06:00:22+00:00 [queued]>
[2022-04-13 21:16:49,528] {taskinstance.py:1032} INFO - Dependencies all met for <TaskInstance: LocalIngestionDAG.ingest scheduled__2021-02-02T06:00:22+00:00 [queued]>
[2022-04-13 21:16:49,528] {taskinstance.py:1238} INFO - 
--------------------------------------------------------------------------------
[2022-04-13 21:16:49,529] {taskinstance.py:1239} INFO - Starting attempt 1 of 1
[2022-04-13 21:16:49,530] {taskinstance.py:1240} INFO - 
--------------------------------------------------------------------------------
[2022-04-13 21:16:49,559] {taskinstance.py:1259} INFO - Executing <Task(BashOperator): ingest> on 2021-02-02 06:00:22+00:00
[2022-04-13 21:16:49,564] {standard_task_runner.py:52} INFO - Started process 1639 to run task
[2022-04-13 21:16:49,572] {standard_task_runner.py:76} INFO - Running: ['***', 'tasks', 'run', 'LocalIngestionDAG', 'ingest', 'scheduled__2021-02-02T06:00:22+00:00', '--job-id', '290', '--raw', '--subdir', 'DAGS_FOLDER/data_ingestion_local.py', '--cfg-path', '/tmp/tmpf29z41dh', '--error-file', '/tmp/tmpfwvv3n7p']
[2022-04-13 21:16:49,576] {standard_task_runner.py:77} INFO - Job 290: Subtask ingest
[2022-04-13 21:16:49,672] {logging_mixin.py:109} INFO - Running <TaskInstance: LocalIngestionDAG.ingest scheduled__2021-02-02T06:00:22+00:00 [running]> on host 13db72185839
[2022-04-13 21:16:49,768] {taskinstance.py:1426} INFO - Exporting the following env vars:
AIRFLOW_CTX_DAG_OWNER=***
AIRFLOW_CTX_DAG_ID=LocalIngestionDAG
AIRFLOW_CTX_TASK_ID=ingest
AIRFLOW_CTX_EXECUTION_DATE=2021-02-02T06:00:22+00:00
AIRFLOW_CTX_DAG_RUN_ID=scheduled__2021-02-02T06:00:22+00:00
[2022-04-13 21:16:49,770] {subprocess.py:62} INFO - Tmp dir root location: 
 /tmp
[2022-04-13 21:16:49,771] {subprocess.py:74} INFO - Running command: ['bash', '-c', 'pwd']
[2022-04-13 21:16:49,782] {subprocess.py:85} INFO - Output:
[2022-04-13 21:16:49,785] {subprocess.py:89} INFO - /tmp/***tmpt2s_3uqq
[2022-04-13 21:16:49,786] {subprocess.py:93} INFO - Command exited with return code 0
[2022-04-13 21:16:49,826] {taskinstance.py:1277} INFO - Marking task as SUCCESS. dag_id=LocalIngestionDAG, task_id=ingest, execution_date=20210202T060022, start_date=20220413T211649, end_date=20220413T211649
[2022-04-13 21:16:49,866] {local_task_job.py:154} INFO - Task exited with return code 0
[2022-04-13 21:16:49,901] {local_task_job.py:264} INFO - 0 downstream tasks scheduled from follow-on schedule check
