[2022-04-13 21:17:00,611] {taskinstance.py:1032} INFO - Dependencies all met for <TaskInstance: LocalIngestionDAG.wget scheduled__2021-02-02T06:00:38+00:00 [queued]>
[2022-04-13 21:17:00,679] {taskinstance.py:1032} INFO - Dependencies all met for <TaskInstance: LocalIngestionDAG.wget scheduled__2021-02-02T06:00:38+00:00 [queued]>
[2022-04-13 21:17:00,679] {taskinstance.py:1238} INFO - 
--------------------------------------------------------------------------------
[2022-04-13 21:17:00,680] {taskinstance.py:1239} INFO - Starting attempt 1 of 1
[2022-04-13 21:17:00,680] {taskinstance.py:1240} INFO - 
--------------------------------------------------------------------------------
[2022-04-13 21:17:00,708] {taskinstance.py:1259} INFO - Executing <Task(BashOperator): wget> on 2021-02-02 06:00:38+00:00
[2022-04-13 21:17:00,713] {standard_task_runner.py:52} INFO - Started process 1714 to run task
[2022-04-13 21:17:00,722] {standard_task_runner.py:76} INFO - Running: ['***', 'tasks', 'run', 'LocalIngestionDAG', 'wget', 'scheduled__2021-02-02T06:00:38+00:00', '--job-id', '315', '--raw', '--subdir', 'DAGS_FOLDER/data_ingestion_local.py', '--cfg-path', '/tmp/tmp8jjk6egl', '--error-file', '/tmp/tmpl0rt_lxc']
[2022-04-13 21:17:00,726] {standard_task_runner.py:77} INFO - Job 315: Subtask wget
[2022-04-13 21:17:00,832] {logging_mixin.py:109} INFO - Running <TaskInstance: LocalIngestionDAG.wget scheduled__2021-02-02T06:00:38+00:00 [running]> on host 13db72185839
[2022-04-13 21:17:00,999] {taskinstance.py:1426} INFO - Exporting the following env vars:
AIRFLOW_CTX_DAG_OWNER=***
AIRFLOW_CTX_DAG_ID=LocalIngestionDAG
AIRFLOW_CTX_TASK_ID=wget
AIRFLOW_CTX_EXECUTION_DATE=2021-02-02T06:00:38+00:00
AIRFLOW_CTX_DAG_RUN_ID=scheduled__2021-02-02T06:00:38+00:00
[2022-04-13 21:17:01,001] {subprocess.py:62} INFO - Tmp dir root location: 
 /tmp
[2022-04-13 21:17:01,004] {subprocess.py:74} INFO - Running command: ['bash', '-c', 'echo "hello world"']
[2022-04-13 21:17:01,016] {subprocess.py:85} INFO - Output:
[2022-04-13 21:17:01,019] {subprocess.py:89} INFO - hello world
[2022-04-13 21:17:01,023] {subprocess.py:93} INFO - Command exited with return code 0
[2022-04-13 21:17:01,145] {taskinstance.py:1277} INFO - Marking task as SUCCESS. dag_id=LocalIngestionDAG, task_id=wget, execution_date=20210202T060038, start_date=20220413T211700, end_date=20220413T211701
[2022-04-13 21:17:01,213] {local_task_job.py:154} INFO - Task exited with return code 0
[2022-04-13 21:17:01,318] {local_task_job.py:264} INFO - 1 downstream tasks scheduled from follow-on schedule check
