[2022-04-13 21:21:22,667] {taskinstance.py:1032} INFO - Dependencies all met for <TaskInstance: LocalIngestionDAG.wget scheduled__2021-04-02T06:00:45+00:00 [queued]>
[2022-04-13 21:21:22,697] {taskinstance.py:1032} INFO - Dependencies all met for <TaskInstance: LocalIngestionDAG.wget scheduled__2021-04-02T06:00:45+00:00 [queued]>
[2022-04-13 21:21:22,699] {taskinstance.py:1238} INFO - 
--------------------------------------------------------------------------------
[2022-04-13 21:21:22,701] {taskinstance.py:1239} INFO - Starting attempt 1 of 1
[2022-04-13 21:21:22,702] {taskinstance.py:1240} INFO - 
--------------------------------------------------------------------------------
[2022-04-13 21:21:22,760] {taskinstance.py:1259} INFO - Executing <Task(BashOperator): wget> on 2021-04-02 06:00:45+00:00
[2022-04-13 21:21:22,771] {standard_task_runner.py:52} INFO - Started process 2716 to run task
[2022-04-13 21:21:22,785] {standard_task_runner.py:76} INFO - Running: ['***', 'tasks', 'run', 'LocalIngestionDAG', 'wget', 'scheduled__2021-04-02T06:00:45+00:00', '--job-id', '569', '--raw', '--subdir', 'DAGS_FOLDER/data_ingestion_local.py', '--cfg-path', '/tmp/tmp0x9kiuua', '--error-file', '/tmp/tmpzywh_u56']
[2022-04-13 21:21:22,791] {standard_task_runner.py:77} INFO - Job 569: Subtask wget
[2022-04-13 21:21:22,942] {logging_mixin.py:109} INFO - Running <TaskInstance: LocalIngestionDAG.wget scheduled__2021-04-02T06:00:45+00:00 [running]> on host 13db72185839
[2022-04-13 21:21:23,020] {taskinstance.py:1426} INFO - Exporting the following env vars:
AIRFLOW_CTX_DAG_OWNER=***
AIRFLOW_CTX_DAG_ID=LocalIngestionDAG
AIRFLOW_CTX_TASK_ID=wget
AIRFLOW_CTX_EXECUTION_DATE=2021-04-02T06:00:45+00:00
AIRFLOW_CTX_DAG_RUN_ID=scheduled__2021-04-02T06:00:45+00:00
[2022-04-13 21:21:23,022] {subprocess.py:62} INFO - Tmp dir root location: 
 /tmp
[2022-04-13 21:21:23,023] {subprocess.py:74} INFO - Running command: ['bash', '-c', 'echo "hello world"']
[2022-04-13 21:21:23,032] {subprocess.py:85} INFO - Output:
[2022-04-13 21:21:23,034] {subprocess.py:89} INFO - hello world
[2022-04-13 21:21:23,034] {subprocess.py:93} INFO - Command exited with return code 0
[2022-04-13 21:21:23,070] {taskinstance.py:1277} INFO - Marking task as SUCCESS. dag_id=LocalIngestionDAG, task_id=wget, execution_date=20210402T060045, start_date=20220413T212122, end_date=20220413T212123
[2022-04-13 21:21:23,172] {local_task_job.py:154} INFO - Task exited with return code 0
[2022-04-13 21:21:23,248] {local_task_job.py:264} INFO - 1 downstream tasks scheduled from follow-on schedule check
