[2022-04-13 21:17:22,399] {taskinstance.py:1032} INFO - Dependencies all met for <TaskInstance: LocalIngestionDAG.ingest scheduled__2021-03-02T06:00:01+00:00 [queued]>
[2022-04-13 21:17:22,420] {taskinstance.py:1032} INFO - Dependencies all met for <TaskInstance: LocalIngestionDAG.ingest scheduled__2021-03-02T06:00:01+00:00 [queued]>
[2022-04-13 21:17:22,420] {taskinstance.py:1238} INFO - 
--------------------------------------------------------------------------------
[2022-04-13 21:17:22,421] {taskinstance.py:1239} INFO - Starting attempt 1 of 1
[2022-04-13 21:17:22,421] {taskinstance.py:1240} INFO - 
--------------------------------------------------------------------------------
[2022-04-13 21:17:22,438] {taskinstance.py:1259} INFO - Executing <Task(BashOperator): ingest> on 2021-03-02 06:00:01+00:00
[2022-04-13 21:17:22,443] {standard_task_runner.py:52} INFO - Started process 1889 to run task
[2022-04-13 21:17:22,448] {standard_task_runner.py:76} INFO - Running: ['***', 'tasks', 'run', 'LocalIngestionDAG', 'ingest', 'scheduled__2021-03-02T06:00:01+00:00', '--job-id', '365', '--raw', '--subdir', 'DAGS_FOLDER/data_ingestion_local.py', '--cfg-path', '/tmp/tmp4wy9s66r', '--error-file', '/tmp/tmpzrhwsalr']
[2022-04-13 21:17:22,450] {standard_task_runner.py:77} INFO - Job 365: Subtask ingest
[2022-04-13 21:17:22,569] {logging_mixin.py:109} INFO - Running <TaskInstance: LocalIngestionDAG.ingest scheduled__2021-03-02T06:00:01+00:00 [running]> on host 13db72185839
[2022-04-13 21:17:22,680] {taskinstance.py:1426} INFO - Exporting the following env vars:
AIRFLOW_CTX_DAG_OWNER=***
AIRFLOW_CTX_DAG_ID=LocalIngestionDAG
AIRFLOW_CTX_TASK_ID=ingest
AIRFLOW_CTX_EXECUTION_DATE=2021-03-02T06:00:01+00:00
AIRFLOW_CTX_DAG_RUN_ID=scheduled__2021-03-02T06:00:01+00:00
[2022-04-13 21:17:22,682] {subprocess.py:62} INFO - Tmp dir root location: 
 /tmp
[2022-04-13 21:17:22,683] {subprocess.py:74} INFO - Running command: ['bash', '-c', 'pwd']
[2022-04-13 21:17:22,695] {subprocess.py:85} INFO - Output:
[2022-04-13 21:17:22,699] {subprocess.py:89} INFO - /tmp/***tmpxrajd71_
[2022-04-13 21:17:22,700] {subprocess.py:93} INFO - Command exited with return code 0
[2022-04-13 21:17:22,766] {taskinstance.py:1277} INFO - Marking task as SUCCESS. dag_id=LocalIngestionDAG, task_id=ingest, execution_date=20210302T060001, start_date=20220413T211722, end_date=20220413T211722
[2022-04-13 21:17:22,822] {local_task_job.py:154} INFO - Task exited with return code 0
[2022-04-13 21:17:22,901] {local_task_job.py:264} INFO - 0 downstream tasks scheduled from follow-on schedule check
