[2022-04-13 21:21:33,221] {taskinstance.py:1032} INFO - Dependencies all met for <TaskInstance: LocalIngestionDAG.ingest scheduled__2021-04-02T06:00:55+00:00 [queued]>
[2022-04-13 21:21:33,249] {taskinstance.py:1032} INFO - Dependencies all met for <TaskInstance: LocalIngestionDAG.ingest scheduled__2021-04-02T06:00:55+00:00 [queued]>
[2022-04-13 21:21:33,250] {taskinstance.py:1238} INFO - 
--------------------------------------------------------------------------------
[2022-04-13 21:21:33,251] {taskinstance.py:1239} INFO - Starting attempt 1 of 1
[2022-04-13 21:21:33,251] {taskinstance.py:1240} INFO - 
--------------------------------------------------------------------------------
[2022-04-13 21:21:33,277] {taskinstance.py:1259} INFO - Executing <Task(BashOperator): ingest> on 2021-04-02 06:00:55+00:00
[2022-04-13 21:21:33,282] {standard_task_runner.py:52} INFO - Started process 2801 to run task
[2022-04-13 21:21:33,288] {standard_task_runner.py:76} INFO - Running: ['***', 'tasks', 'run', 'LocalIngestionDAG', 'ingest', 'scheduled__2021-04-02T06:00:55+00:00', '--job-id', '596', '--raw', '--subdir', 'DAGS_FOLDER/data_ingestion_local.py', '--cfg-path', '/tmp/tmpsyv1wq6h', '--error-file', '/tmp/tmppw79xv2n']
[2022-04-13 21:21:33,291] {standard_task_runner.py:77} INFO - Job 596: Subtask ingest
[2022-04-13 21:21:33,393] {logging_mixin.py:109} INFO - Running <TaskInstance: LocalIngestionDAG.ingest scheduled__2021-04-02T06:00:55+00:00 [running]> on host 13db72185839
[2022-04-13 21:21:33,507] {taskinstance.py:1426} INFO - Exporting the following env vars:
AIRFLOW_CTX_DAG_OWNER=***
AIRFLOW_CTX_DAG_ID=LocalIngestionDAG
AIRFLOW_CTX_TASK_ID=ingest
AIRFLOW_CTX_EXECUTION_DATE=2021-04-02T06:00:55+00:00
AIRFLOW_CTX_DAG_RUN_ID=scheduled__2021-04-02T06:00:55+00:00
[2022-04-13 21:21:33,509] {subprocess.py:62} INFO - Tmp dir root location: 
 /tmp
[2022-04-13 21:21:33,513] {subprocess.py:74} INFO - Running command: ['bash', '-c', 'pwd']
[2022-04-13 21:21:33,528] {subprocess.py:85} INFO - Output:
[2022-04-13 21:21:33,531] {subprocess.py:89} INFO - /tmp/***tmpdj4eowm2
[2022-04-13 21:21:33,533] {subprocess.py:93} INFO - Command exited with return code 0
[2022-04-13 21:21:33,579] {taskinstance.py:1277} INFO - Marking task as SUCCESS. dag_id=LocalIngestionDAG, task_id=ingest, execution_date=20210402T060055, start_date=20220413T212133, end_date=20220413T212133
[2022-04-13 21:21:33,661] {local_task_job.py:154} INFO - Task exited with return code 0
[2022-04-13 21:21:33,707] {local_task_job.py:264} INFO - 0 downstream tasks scheduled from follow-on schedule check
