[2022-04-13 22:10:37,267] {taskinstance.py:1032} INFO - Dependencies all met for <TaskInstance: LocalIngestionDAG.wget scheduled__2021-11-02T06:00:26+00:00 [queued]>
[2022-04-13 22:10:37,288] {taskinstance.py:1032} INFO - Dependencies all met for <TaskInstance: LocalIngestionDAG.wget scheduled__2021-11-02T06:00:26+00:00 [queued]>
[2022-04-13 22:10:37,288] {taskinstance.py:1238} INFO - 
--------------------------------------------------------------------------------
[2022-04-13 22:10:37,289] {taskinstance.py:1239} INFO - Starting attempt 1 of 1
[2022-04-13 22:10:37,289] {taskinstance.py:1240} INFO - 
--------------------------------------------------------------------------------
[2022-04-13 22:10:37,314] {taskinstance.py:1259} INFO - Executing <Task(BashOperator): wget> on 2021-11-02 06:00:26+00:00
[2022-04-13 22:10:37,321] {standard_task_runner.py:52} INFO - Started process 7770 to run task
[2022-04-13 22:10:37,326] {standard_task_runner.py:76} INFO - Running: ['***', 'tasks', 'run', 'LocalIngestionDAG', 'wget', 'scheduled__2021-11-02T06:00:26+00:00', '--job-id', '1359', '--raw', '--subdir', 'DAGS_FOLDER/data_ingestion_local.py', '--cfg-path', '/tmp/tmpq_ja0f88', '--error-file', '/tmp/tmp36qno8bh']
[2022-04-13 22:10:37,328] {standard_task_runner.py:77} INFO - Job 1359: Subtask wget
[2022-04-13 22:10:37,427] {logging_mixin.py:109} INFO - Running <TaskInstance: LocalIngestionDAG.wget scheduled__2021-11-02T06:00:26+00:00 [running]> on host 13db72185839
[2022-04-13 22:10:37,525] {logging_mixin.py:109} WARNING - /home/***/.local/lib/python3.7/site-packages/***/utils/context.py:152 AirflowContextDeprecationWarning: Accessing 'execution_date' from the template is deprecated and will be removed in a future version. Please use 'data_interval_start' or 'logical_date' instead.
[2022-04-13 22:10:37,578] {taskinstance.py:1426} INFO - Exporting the following env vars:
AIRFLOW_CTX_DAG_OWNER=***
AIRFLOW_CTX_DAG_ID=LocalIngestionDAG
AIRFLOW_CTX_TASK_ID=wget
AIRFLOW_CTX_EXECUTION_DATE=2021-11-02T06:00:26+00:00
AIRFLOW_CTX_DAG_RUN_ID=scheduled__2021-11-02T06:00:26+00:00
[2022-04-13 22:10:37,580] {subprocess.py:62} INFO - Tmp dir root location: 
 /tmp
[2022-04-13 22:10:37,583] {subprocess.py:74} INFO - Running command: ['bash', '-c', 'echo "2021-11-02" "2021-11-02T06:00:26+00:00"']
[2022-04-13 22:10:37,599] {subprocess.py:85} INFO - Output:
[2022-04-13 22:10:37,608] {subprocess.py:89} INFO - 2021-11-02 2021-11-02T06:00:26+00:00
[2022-04-13 22:10:37,613] {subprocess.py:93} INFO - Command exited with return code 0
[2022-04-13 22:10:37,704] {taskinstance.py:1277} INFO - Marking task as SUCCESS. dag_id=LocalIngestionDAG, task_id=wget, execution_date=20211102T060026, start_date=20220413T221037, end_date=20220413T221037
[2022-04-13 22:10:37,781] {local_task_job.py:154} INFO - Task exited with return code 0
[2022-04-13 22:10:37,876] {local_task_job.py:264} INFO - 1 downstream tasks scheduled from follow-on schedule check
