[2022-04-13 21:16:23,443] {taskinstance.py:1032} INFO - Dependencies all met for <TaskInstance: LocalIngestionDAG.ingest scheduled__2021-01-02T06:00:54+00:00 [queued]>
[2022-04-13 21:16:23,457] {taskinstance.py:1032} INFO - Dependencies all met for <TaskInstance: LocalIngestionDAG.ingest scheduled__2021-01-02T06:00:54+00:00 [queued]>
[2022-04-13 21:16:23,458] {taskinstance.py:1238} INFO - 
--------------------------------------------------------------------------------
[2022-04-13 21:16:23,458] {taskinstance.py:1239} INFO - Starting attempt 1 of 1
[2022-04-13 21:16:23,458] {taskinstance.py:1240} INFO - 
--------------------------------------------------------------------------------
[2022-04-13 21:16:23,475] {taskinstance.py:1259} INFO - Executing <Task(BashOperator): ingest> on 2021-01-02 06:00:54+00:00
[2022-04-13 21:16:23,479] {standard_task_runner.py:52} INFO - Started process 1434 to run task
[2022-04-13 21:16:23,483] {standard_task_runner.py:76} INFO - Running: ['***', 'tasks', 'run', 'LocalIngestionDAG', 'ingest', 'scheduled__2021-01-02T06:00:54+00:00', '--job-id', '229', '--raw', '--subdir', 'DAGS_FOLDER/data_ingestion_local.py', '--cfg-path', '/tmp/tmpscz8j2p3', '--error-file', '/tmp/tmphxyaiofg']
[2022-04-13 21:16:23,485] {standard_task_runner.py:77} INFO - Job 229: Subtask ingest
[2022-04-13 21:16:23,551] {logging_mixin.py:109} INFO - Running <TaskInstance: LocalIngestionDAG.ingest scheduled__2021-01-02T06:00:54+00:00 [running]> on host 13db72185839
[2022-04-13 21:16:23,626] {taskinstance.py:1426} INFO - Exporting the following env vars:
AIRFLOW_CTX_DAG_OWNER=***
AIRFLOW_CTX_DAG_ID=LocalIngestionDAG
AIRFLOW_CTX_TASK_ID=ingest
AIRFLOW_CTX_EXECUTION_DATE=2021-01-02T06:00:54+00:00
AIRFLOW_CTX_DAG_RUN_ID=scheduled__2021-01-02T06:00:54+00:00
[2022-04-13 21:16:23,627] {subprocess.py:62} INFO - Tmp dir root location: 
 /tmp
[2022-04-13 21:16:23,628] {subprocess.py:74} INFO - Running command: ['bash', '-c', 'pwd']
[2022-04-13 21:16:23,635] {subprocess.py:85} INFO - Output:
[2022-04-13 21:16:23,637] {subprocess.py:89} INFO - /tmp/***tmpvl9fgkfm
[2022-04-13 21:16:23,638] {subprocess.py:93} INFO - Command exited with return code 0
[2022-04-13 21:16:23,663] {taskinstance.py:1277} INFO - Marking task as SUCCESS. dag_id=LocalIngestionDAG, task_id=ingest, execution_date=20210102T060054, start_date=20220413T211623, end_date=20220413T211623
[2022-04-13 21:16:23,695] {local_task_job.py:154} INFO - Task exited with return code 0
[2022-04-13 21:16:23,725] {local_task_job.py:264} INFO - 0 downstream tasks scheduled from follow-on schedule check
