[2022-04-13 21:22:38,700] {taskinstance.py:1032} INFO - Dependencies all met for <TaskInstance: LocalIngestionDAG.ingest scheduled__2021-06-02T06:00:01+00:00 [queued]>
[2022-04-13 21:22:38,733] {taskinstance.py:1032} INFO - Dependencies all met for <TaskInstance: LocalIngestionDAG.ingest scheduled__2021-06-02T06:00:01+00:00 [queued]>
[2022-04-13 21:22:38,734] {taskinstance.py:1238} INFO - 
--------------------------------------------------------------------------------
[2022-04-13 21:22:38,741] {taskinstance.py:1239} INFO - Starting attempt 1 of 1
[2022-04-13 21:22:38,748] {taskinstance.py:1240} INFO - 
--------------------------------------------------------------------------------
[2022-04-13 21:22:38,789] {taskinstance.py:1259} INFO - Executing <Task(BashOperator): ingest> on 2021-06-02 06:00:01+00:00
[2022-04-13 21:22:38,798] {standard_task_runner.py:52} INFO - Started process 3241 to run task
[2022-04-13 21:22:38,806] {standard_task_runner.py:76} INFO - Running: ['***', 'tasks', 'run', 'LocalIngestionDAG', 'ingest', 'scheduled__2021-06-02T06:00:01+00:00', '--job-id', '725', '--raw', '--subdir', 'DAGS_FOLDER/data_ingestion_local.py', '--cfg-path', '/tmp/tmp_00jzhnc', '--error-file', '/tmp/tmpmnccapf2']
[2022-04-13 21:22:38,809] {standard_task_runner.py:77} INFO - Job 725: Subtask ingest
[2022-04-13 21:22:38,930] {logging_mixin.py:109} INFO - Running <TaskInstance: LocalIngestionDAG.ingest scheduled__2021-06-02T06:00:01+00:00 [running]> on host 13db72185839
[2022-04-13 21:22:39,046] {taskinstance.py:1426} INFO - Exporting the following env vars:
AIRFLOW_CTX_DAG_OWNER=***
AIRFLOW_CTX_DAG_ID=LocalIngestionDAG
AIRFLOW_CTX_TASK_ID=ingest
AIRFLOW_CTX_EXECUTION_DATE=2021-06-02T06:00:01+00:00
AIRFLOW_CTX_DAG_RUN_ID=scheduled__2021-06-02T06:00:01+00:00
[2022-04-13 21:22:39,047] {subprocess.py:62} INFO - Tmp dir root location: 
 /tmp
[2022-04-13 21:22:39,048] {subprocess.py:74} INFO - Running command: ['bash', '-c', 'pwd']
[2022-04-13 21:22:39,064] {subprocess.py:85} INFO - Output:
[2022-04-13 21:22:39,066] {subprocess.py:89} INFO - /tmp/***tmpik8mzxby
[2022-04-13 21:22:39,067] {subprocess.py:93} INFO - Command exited with return code 0
[2022-04-13 21:22:39,202] {taskinstance.py:1277} INFO - Marking task as SUCCESS. dag_id=LocalIngestionDAG, task_id=ingest, execution_date=20210602T060001, start_date=20220413T212238, end_date=20220413T212239
[2022-04-13 21:22:39,257] {local_task_job.py:154} INFO - Task exited with return code 0
[2022-04-13 21:22:39,310] {local_task_job.py:264} INFO - 0 downstream tasks scheduled from follow-on schedule check
