[2022-04-13 22:33:20,927] {taskinstance.py:1032} INFO - Dependencies all met for <TaskInstance: LocalIngestionDAG.wget scheduled__2022-02-02T06:00:16+00:00 [queued]>
[2022-04-13 22:33:20,995] {taskinstance.py:1032} INFO - Dependencies all met for <TaskInstance: LocalIngestionDAG.wget scheduled__2022-02-02T06:00:16+00:00 [queued]>
[2022-04-13 22:33:20,997] {taskinstance.py:1238} INFO - 
--------------------------------------------------------------------------------
[2022-04-13 22:33:21,005] {taskinstance.py:1239} INFO - Starting attempt 1 of 1
[2022-04-13 22:33:21,009] {taskinstance.py:1240} INFO - 
--------------------------------------------------------------------------------
[2022-04-13 22:33:21,080] {taskinstance.py:1259} INFO - Executing <Task(BashOperator): wget> on 2022-02-02 06:00:16+00:00
[2022-04-13 22:33:21,098] {standard_task_runner.py:52} INFO - Started process 10094 to run task
[2022-04-13 22:33:21,115] {standard_task_runner.py:76} INFO - Running: ['***', 'tasks', 'run', 'LocalIngestionDAG', 'wget', 'scheduled__2022-02-02T06:00:16+00:00', '--job-id', '1678', '--raw', '--subdir', 'DAGS_FOLDER/data_ingestion_local.py', '--cfg-path', '/tmp/tmpe__pgis_', '--error-file', '/tmp/tmpey6t3d3d']
[2022-04-13 22:33:21,120] {standard_task_runner.py:77} INFO - Job 1678: Subtask wget
[2022-04-13 22:33:21,446] {logging_mixin.py:109} INFO - Running <TaskInstance: LocalIngestionDAG.wget scheduled__2022-02-02T06:00:16+00:00 [running]> on host 13db72185839
[2022-04-13 22:33:21,671] {logging_mixin.py:109} WARNING - /home/***/.local/lib/python3.7/site-packages/***/utils/context.py:152 AirflowContextDeprecationWarning: Accessing 'execution_date' from the template is deprecated and will be removed in a future version. Please use 'data_interval_start' or 'logical_date' instead.
[2022-04-13 22:33:21,853] {taskinstance.py:1426} INFO - Exporting the following env vars:
AIRFLOW_CTX_DAG_OWNER=***
AIRFLOW_CTX_DAG_ID=LocalIngestionDAG
AIRFLOW_CTX_TASK_ID=wget
AIRFLOW_CTX_EXECUTION_DATE=2022-02-02T06:00:16+00:00
AIRFLOW_CTX_DAG_RUN_ID=scheduled__2022-02-02T06:00:16+00:00
[2022-04-13 22:33:21,864] {subprocess.py:62} INFO - Tmp dir root location: 
 /tmp
[2022-04-13 22:33:21,867] {subprocess.py:74} INFO - Running command: ['bash', '-c', 'curl -sSL https://s3.amazonaws.com/nyc-tlc/trip+data/yellow_tripdata_2022-02.csv > /opt/***/output.csv']
[2022-04-13 22:33:21,895] {subprocess.py:85} INFO - Output:
[2022-04-13 22:33:23,191] {subprocess.py:93} INFO - Command exited with return code 0
[2022-04-13 22:33:23,272] {taskinstance.py:1277} INFO - Marking task as SUCCESS. dag_id=LocalIngestionDAG, task_id=wget, execution_date=20220202T060016, start_date=20220413T223320, end_date=20220413T223323
[2022-04-13 22:33:23,362] {local_task_job.py:154} INFO - Task exited with return code 0
[2022-04-13 22:33:23,463] {local_task_job.py:264} INFO - 1 downstream tasks scheduled from follow-on schedule check
