[2022-04-13 21:21:31,698] {taskinstance.py:1032} INFO - Dependencies all met for <TaskInstance: LocalIngestionDAG.wget scheduled__2021-04-02T06:00:56+00:00 [queued]>
[2022-04-13 21:21:31,740] {taskinstance.py:1032} INFO - Dependencies all met for <TaskInstance: LocalIngestionDAG.wget scheduled__2021-04-02T06:00:56+00:00 [queued]>
[2022-04-13 21:21:31,741] {taskinstance.py:1238} INFO - 
--------------------------------------------------------------------------------
[2022-04-13 21:21:31,744] {taskinstance.py:1239} INFO - Starting attempt 1 of 1
[2022-04-13 21:21:31,746] {taskinstance.py:1240} INFO - 
--------------------------------------------------------------------------------
[2022-04-13 21:21:31,817] {taskinstance.py:1259} INFO - Executing <Task(BashOperator): wget> on 2021-04-02 06:00:56+00:00
[2022-04-13 21:21:31,832] {standard_task_runner.py:52} INFO - Started process 2787 to run task
[2022-04-13 21:21:31,842] {standard_task_runner.py:76} INFO - Running: ['***', 'tasks', 'run', 'LocalIngestionDAG', 'wget', 'scheduled__2021-04-02T06:00:56+00:00', '--job-id', '590', '--raw', '--subdir', 'DAGS_FOLDER/data_ingestion_local.py', '--cfg-path', '/tmp/tmp_sftjl6t', '--error-file', '/tmp/tmpag1918a8']
[2022-04-13 21:21:31,849] {standard_task_runner.py:77} INFO - Job 590: Subtask wget
[2022-04-13 21:21:32,023] {logging_mixin.py:109} INFO - Running <TaskInstance: LocalIngestionDAG.wget scheduled__2021-04-02T06:00:56+00:00 [running]> on host 13db72185839
[2022-04-13 21:21:32,142] {taskinstance.py:1426} INFO - Exporting the following env vars:
AIRFLOW_CTX_DAG_OWNER=***
AIRFLOW_CTX_DAG_ID=LocalIngestionDAG
AIRFLOW_CTX_TASK_ID=wget
AIRFLOW_CTX_EXECUTION_DATE=2021-04-02T06:00:56+00:00
AIRFLOW_CTX_DAG_RUN_ID=scheduled__2021-04-02T06:00:56+00:00
[2022-04-13 21:21:32,145] {subprocess.py:62} INFO - Tmp dir root location: 
 /tmp
[2022-04-13 21:21:32,147] {subprocess.py:74} INFO - Running command: ['bash', '-c', 'echo "hello world"']
[2022-04-13 21:21:32,169] {subprocess.py:85} INFO - Output:
[2022-04-13 21:21:32,173] {subprocess.py:89} INFO - hello world
[2022-04-13 21:21:32,183] {subprocess.py:93} INFO - Command exited with return code 0
[2022-04-13 21:21:32,300] {taskinstance.py:1277} INFO - Marking task as SUCCESS. dag_id=LocalIngestionDAG, task_id=wget, execution_date=20210402T060056, start_date=20220413T212131, end_date=20220413T212132
[2022-04-13 21:21:32,390] {local_task_job.py:154} INFO - Task exited with return code 0
[2022-04-13 21:21:32,483] {local_task_job.py:264} INFO - 1 downstream tasks scheduled from follow-on schedule check
