[2022-04-13 21:27:53,739] {taskinstance.py:1032} INFO - Dependencies all met for <TaskInstance: LocalIngestionDAG.ingest scheduled__2021-10-02T06:00:35+00:00 [queued]>
[2022-04-13 21:27:53,785] {taskinstance.py:1032} INFO - Dependencies all met for <TaskInstance: LocalIngestionDAG.ingest scheduled__2021-10-02T06:00:35+00:00 [queued]>
[2022-04-13 21:27:53,786] {taskinstance.py:1238} INFO - 
--------------------------------------------------------------------------------
[2022-04-13 21:27:53,787] {taskinstance.py:1239} INFO - Starting attempt 1 of 1
[2022-04-13 21:27:53,788] {taskinstance.py:1240} INFO - 
--------------------------------------------------------------------------------
[2022-04-13 21:27:53,869] {taskinstance.py:1259} INFO - Executing <Task(BashOperator): ingest> on 2021-10-02 06:00:35+00:00
[2022-04-13 21:27:53,899] {standard_task_runner.py:52} INFO - Started process 5131 to run task
[2022-04-13 21:27:53,940] {standard_task_runner.py:76} INFO - Running: ['***', 'tasks', 'run', 'LocalIngestionDAG', 'ingest', 'scheduled__2021-10-02T06:00:35+00:00', '--job-id', '1276', '--raw', '--subdir', 'DAGS_FOLDER/data_ingestion_local.py', '--cfg-path', '/tmp/tmpfy41cqsc', '--error-file', '/tmp/tmp9dre_9gb']
[2022-04-13 21:27:53,952] {standard_task_runner.py:77} INFO - Job 1276: Subtask ingest
[2022-04-13 21:27:54,426] {logging_mixin.py:109} INFO - Running <TaskInstance: LocalIngestionDAG.ingest scheduled__2021-10-02T06:00:35+00:00 [running]> on host 13db72185839
[2022-04-13 21:27:54,794] {taskinstance.py:1426} INFO - Exporting the following env vars:
AIRFLOW_CTX_DAG_OWNER=***
AIRFLOW_CTX_DAG_ID=LocalIngestionDAG
AIRFLOW_CTX_TASK_ID=ingest
AIRFLOW_CTX_EXECUTION_DATE=2021-10-02T06:00:35+00:00
AIRFLOW_CTX_DAG_RUN_ID=scheduled__2021-10-02T06:00:35+00:00
[2022-04-13 21:27:54,808] {subprocess.py:62} INFO - Tmp dir root location: 
 /tmp
[2022-04-13 21:27:54,809] {subprocess.py:74} INFO - Running command: ['bash', '-c', 'pwd']
[2022-04-13 21:27:54,826] {subprocess.py:85} INFO - Output:
[2022-04-13 21:27:54,834] {subprocess.py:89} INFO - /tmp/***tmp57_iney5
[2022-04-13 21:27:54,846] {subprocess.py:93} INFO - Command exited with return code 0
[2022-04-13 21:27:55,019] {taskinstance.py:1277} INFO - Marking task as SUCCESS. dag_id=LocalIngestionDAG, task_id=ingest, execution_date=20211002T060035, start_date=20220413T212753, end_date=20220413T212755
[2022-04-13 21:27:55,195] {local_task_job.py:154} INFO - Task exited with return code 0
[2022-04-13 21:27:55,837] {local_task_job.py:264} INFO - 0 downstream tasks scheduled from follow-on schedule check
