[2022-04-13 21:27:36,426] {taskinstance.py:1032} INFO - Dependencies all met for <TaskInstance: LocalIngestionDAG.wget scheduled__2021-10-02T06:00:25+00:00 [queued]>
[2022-04-13 21:27:36,487] {taskinstance.py:1032} INFO - Dependencies all met for <TaskInstance: LocalIngestionDAG.wget scheduled__2021-10-02T06:00:25+00:00 [queued]>
[2022-04-13 21:27:36,506] {taskinstance.py:1238} INFO - 
--------------------------------------------------------------------------------
[2022-04-13 21:27:36,507] {taskinstance.py:1239} INFO - Starting attempt 1 of 1
[2022-04-13 21:27:36,511] {taskinstance.py:1240} INFO - 
--------------------------------------------------------------------------------
[2022-04-13 21:27:36,576] {taskinstance.py:1259} INFO - Executing <Task(BashOperator): wget> on 2021-10-02 06:00:25+00:00
[2022-04-13 21:27:36,583] {standard_task_runner.py:52} INFO - Started process 5042 to run task
[2022-04-13 21:27:36,601] {standard_task_runner.py:76} INFO - Running: ['***', 'tasks', 'run', 'LocalIngestionDAG', 'wget', 'scheduled__2021-10-02T06:00:25+00:00', '--job-id', '1249', '--raw', '--subdir', 'DAGS_FOLDER/data_ingestion_local.py', '--cfg-path', '/tmp/tmpuaxqit0k', '--error-file', '/tmp/tmpopu5ob32']
[2022-04-13 21:27:36,604] {standard_task_runner.py:77} INFO - Job 1249: Subtask wget
[2022-04-13 21:27:36,932] {logging_mixin.py:109} INFO - Running <TaskInstance: LocalIngestionDAG.wget scheduled__2021-10-02T06:00:25+00:00 [running]> on host 13db72185839
[2022-04-13 21:27:37,209] {taskinstance.py:1426} INFO - Exporting the following env vars:
AIRFLOW_CTX_DAG_OWNER=***
AIRFLOW_CTX_DAG_ID=LocalIngestionDAG
AIRFLOW_CTX_TASK_ID=wget
AIRFLOW_CTX_EXECUTION_DATE=2021-10-02T06:00:25+00:00
AIRFLOW_CTX_DAG_RUN_ID=scheduled__2021-10-02T06:00:25+00:00
[2022-04-13 21:27:37,213] {subprocess.py:62} INFO - Tmp dir root location: 
 /tmp
[2022-04-13 21:27:37,215] {subprocess.py:74} INFO - Running command: ['bash', '-c', 'echo "hello world"']
[2022-04-13 21:27:37,251] {subprocess.py:85} INFO - Output:
[2022-04-13 21:27:37,255] {subprocess.py:89} INFO - hello world
[2022-04-13 21:27:37,257] {subprocess.py:93} INFO - Command exited with return code 0
[2022-04-13 21:27:37,401] {taskinstance.py:1277} INFO - Marking task as SUCCESS. dag_id=LocalIngestionDAG, task_id=wget, execution_date=20211002T060025, start_date=20220413T212736, end_date=20220413T212737
[2022-04-13 21:27:37,552] {local_task_job.py:154} INFO - Task exited with return code 0
[2022-04-13 21:27:37,729] {local_task_job.py:264} INFO - 1 downstream tasks scheduled from follow-on schedule check
