[2022-04-13 21:22:59,426] {taskinstance.py:1032} INFO - Dependencies all met for <TaskInstance: LocalIngestionDAG.wget scheduled__2021-06-02T06:00:21+00:00 [queued]>
[2022-04-13 21:22:59,453] {taskinstance.py:1032} INFO - Dependencies all met for <TaskInstance: LocalIngestionDAG.wget scheduled__2021-06-02T06:00:21+00:00 [queued]>
[2022-04-13 21:22:59,455] {taskinstance.py:1238} INFO - 
--------------------------------------------------------------------------------
[2022-04-13 21:22:59,456] {taskinstance.py:1239} INFO - Starting attempt 1 of 1
[2022-04-13 21:22:59,457] {taskinstance.py:1240} INFO - 
--------------------------------------------------------------------------------
[2022-04-13 21:22:59,494] {taskinstance.py:1259} INFO - Executing <Task(BashOperator): wget> on 2021-06-02 06:00:21+00:00
[2022-04-13 21:22:59,506] {standard_task_runner.py:52} INFO - Started process 3360 to run task
[2022-04-13 21:22:59,515] {standard_task_runner.py:76} INFO - Running: ['***', 'tasks', 'run', 'LocalIngestionDAG', 'wget', 'scheduled__2021-06-02T06:00:21+00:00', '--job-id', '760', '--raw', '--subdir', 'DAGS_FOLDER/data_ingestion_local.py', '--cfg-path', '/tmp/tmpf83n8s4a', '--error-file', '/tmp/tmpx_lalo8f']
[2022-04-13 21:22:59,520] {standard_task_runner.py:77} INFO - Job 760: Subtask wget
[2022-04-13 21:22:59,719] {logging_mixin.py:109} INFO - Running <TaskInstance: LocalIngestionDAG.wget scheduled__2021-06-02T06:00:21+00:00 [running]> on host 13db72185839
[2022-04-13 21:22:59,981] {taskinstance.py:1426} INFO - Exporting the following env vars:
AIRFLOW_CTX_DAG_OWNER=***
AIRFLOW_CTX_DAG_ID=LocalIngestionDAG
AIRFLOW_CTX_TASK_ID=wget
AIRFLOW_CTX_EXECUTION_DATE=2021-06-02T06:00:21+00:00
AIRFLOW_CTX_DAG_RUN_ID=scheduled__2021-06-02T06:00:21+00:00
[2022-04-13 21:22:59,985] {subprocess.py:62} INFO - Tmp dir root location: 
 /tmp
[2022-04-13 21:22:59,994] {subprocess.py:74} INFO - Running command: ['bash', '-c', 'echo "hello world"']
[2022-04-13 21:23:00,012] {subprocess.py:85} INFO - Output:
[2022-04-13 21:23:00,019] {subprocess.py:89} INFO - hello world
[2022-04-13 21:23:00,027] {subprocess.py:93} INFO - Command exited with return code 0
[2022-04-13 21:23:00,258] {taskinstance.py:1277} INFO - Marking task as SUCCESS. dag_id=LocalIngestionDAG, task_id=wget, execution_date=20210602T060021, start_date=20220413T212259, end_date=20220413T212300
[2022-04-13 21:23:00,316] {local_task_job.py:154} INFO - Task exited with return code 0
[2022-04-13 21:23:00,483] {local_task_job.py:264} INFO - 1 downstream tasks scheduled from follow-on schedule check
