[2022-04-13 22:31:29,577] {taskinstance.py:1032} INFO - Dependencies all met for <TaskInstance: LocalIngestionDAG.ingest scheduled__2021-12-02T06:00:46+00:00 [queued]>
[2022-04-13 22:31:29,703] {taskinstance.py:1032} INFO - Dependencies all met for <TaskInstance: LocalIngestionDAG.ingest scheduled__2021-12-02T06:00:46+00:00 [queued]>
[2022-04-13 22:31:29,728] {taskinstance.py:1238} INFO - 
--------------------------------------------------------------------------------
[2022-04-13 22:31:29,731] {taskinstance.py:1239} INFO - Starting attempt 1 of 1
[2022-04-13 22:31:29,732] {taskinstance.py:1240} INFO - 
--------------------------------------------------------------------------------
[2022-04-13 22:31:29,835] {taskinstance.py:1259} INFO - Executing <Task(BashOperator): ingest> on 2021-12-02 06:00:46+00:00
[2022-04-13 22:31:29,882] {standard_task_runner.py:52} INFO - Started process 9360 to run task
[2022-04-13 22:31:29,904] {standard_task_runner.py:76} INFO - Running: ['***', 'tasks', 'run', 'LocalIngestionDAG', 'ingest', 'scheduled__2021-12-02T06:00:46+00:00', '--job-id', '1512', '--raw', '--subdir', 'DAGS_FOLDER/data_ingestion_local.py', '--cfg-path', '/tmp/tmp7ztlyw84', '--error-file', '/tmp/tmpmkjj9zfo']
[2022-04-13 22:31:29,943] {standard_task_runner.py:77} INFO - Job 1512: Subtask ingest
[2022-04-13 22:31:30,345] {logging_mixin.py:109} INFO - Running <TaskInstance: LocalIngestionDAG.ingest scheduled__2021-12-02T06:00:46+00:00 [running]> on host 13db72185839
[2022-04-13 22:31:30,766] {taskinstance.py:1426} INFO - Exporting the following env vars:
AIRFLOW_CTX_DAG_OWNER=***
AIRFLOW_CTX_DAG_ID=LocalIngestionDAG
AIRFLOW_CTX_TASK_ID=ingest
AIRFLOW_CTX_EXECUTION_DATE=2021-12-02T06:00:46+00:00
AIRFLOW_CTX_DAG_RUN_ID=scheduled__2021-12-02T06:00:46+00:00
[2022-04-13 22:31:30,774] {subprocess.py:62} INFO - Tmp dir root location: 
 /tmp
[2022-04-13 22:31:30,778] {subprocess.py:74} INFO - Running command: ['bash', '-c', 'ls /opt/***']
[2022-04-13 22:31:30,886] {subprocess.py:85} INFO - Output:
[2022-04-13 22:31:30,946] {subprocess.py:89} INFO - ***.cfg
[2022-04-13 22:31:30,968] {subprocess.py:89} INFO - dags
[2022-04-13 22:31:30,969] {subprocess.py:89} INFO - logs
[2022-04-13 22:31:30,991] {subprocess.py:89} INFO - output.csv
[2022-04-13 22:31:31,019] {subprocess.py:89} INFO - plugins
[2022-04-13 22:31:31,023] {subprocess.py:89} INFO - requirements.txt
[2022-04-13 22:31:31,042] {subprocess.py:89} INFO - scripts
[2022-04-13 22:31:31,045] {subprocess.py:89} INFO - webserver_config.py
[2022-04-13 22:31:31,052] {subprocess.py:93} INFO - Command exited with return code 0
[2022-04-13 22:31:31,277] {taskinstance.py:1277} INFO - Marking task as SUCCESS. dag_id=LocalIngestionDAG, task_id=ingest, execution_date=20211202T060046, start_date=20220413T223129, end_date=20220413T223131
[2022-04-13 22:31:31,446] {local_task_job.py:154} INFO - Task exited with return code 0
[2022-04-13 22:31:32,211] {local_task_job.py:264} INFO - 0 downstream tasks scheduled from follow-on schedule check
