[2022-04-13 21:18:04,770] {taskinstance.py:1032} INFO - Dependencies all met for <TaskInstance: LocalIngestionDAG.ingest scheduled__2021-03-02T06:00:49+00:00 [queued]>
[2022-04-13 21:18:04,797] {taskinstance.py:1032} INFO - Dependencies all met for <TaskInstance: LocalIngestionDAG.ingest scheduled__2021-03-02T06:00:49+00:00 [queued]>
[2022-04-13 21:18:04,797] {taskinstance.py:1238} INFO - 
--------------------------------------------------------------------------------
[2022-04-13 21:18:04,798] {taskinstance.py:1239} INFO - Starting attempt 1 of 1
[2022-04-13 21:18:04,800] {taskinstance.py:1240} INFO - 
--------------------------------------------------------------------------------
[2022-04-13 21:18:04,852] {taskinstance.py:1259} INFO - Executing <Task(BashOperator): ingest> on 2021-03-02 06:00:49+00:00
[2022-04-13 21:18:04,881] {standard_task_runner.py:76} INFO - Running: ['***', 'tasks', 'run', 'LocalIngestionDAG', 'ingest', 'scheduled__2021-03-02T06:00:49+00:00', '--job-id', '462', '--raw', '--subdir', 'DAGS_FOLDER/data_ingestion_local.py', '--cfg-path', '/tmp/tmpoc_zki8j', '--error-file', '/tmp/tmp6_xgal89']
[2022-04-13 21:18:04,883] {standard_task_runner.py:77} INFO - Job 462: Subtask ingest
[2022-04-13 21:18:04,868] {standard_task_runner.py:52} INFO - Started process 2218 to run task
[2022-04-13 21:18:05,035] {logging_mixin.py:109} INFO - Running <TaskInstance: LocalIngestionDAG.ingest scheduled__2021-03-02T06:00:49+00:00 [running]> on host 13db72185839
[2022-04-13 21:18:05,164] {taskinstance.py:1426} INFO - Exporting the following env vars:
AIRFLOW_CTX_DAG_OWNER=***
AIRFLOW_CTX_DAG_ID=LocalIngestionDAG
AIRFLOW_CTX_TASK_ID=ingest
AIRFLOW_CTX_EXECUTION_DATE=2021-03-02T06:00:49+00:00
AIRFLOW_CTX_DAG_RUN_ID=scheduled__2021-03-02T06:00:49+00:00
[2022-04-13 21:18:05,166] {subprocess.py:62} INFO - Tmp dir root location: 
 /tmp
[2022-04-13 21:18:05,168] {subprocess.py:74} INFO - Running command: ['bash', '-c', 'pwd']
[2022-04-13 21:18:05,183] {subprocess.py:85} INFO - Output:
[2022-04-13 21:18:05,189] {subprocess.py:89} INFO - /tmp/***tmp8yior7nu
[2022-04-13 21:18:05,190] {subprocess.py:93} INFO - Command exited with return code 0
[2022-04-13 21:18:05,255] {taskinstance.py:1277} INFO - Marking task as SUCCESS. dag_id=LocalIngestionDAG, task_id=ingest, execution_date=20210302T060049, start_date=20220413T211804, end_date=20220413T211805
[2022-04-13 21:18:05,315] {local_task_job.py:154} INFO - Task exited with return code 0
[2022-04-13 21:18:05,361] {local_task_job.py:264} INFO - 0 downstream tasks scheduled from follow-on schedule check
