[2022-04-13 15:15:43,585] {taskinstance.py:1032} INFO - Dependencies all met for <TaskInstance: data_ingestion_gcs_dag.format_to_parquet_task manual__2022-04-13T15:13:42.620200+00:00 [queued]>
[2022-04-13 15:15:43,608] {taskinstance.py:1032} INFO - Dependencies all met for <TaskInstance: data_ingestion_gcs_dag.format_to_parquet_task manual__2022-04-13T15:13:42.620200+00:00 [queued]>
[2022-04-13 15:15:43,610] {taskinstance.py:1238} INFO - 
--------------------------------------------------------------------------------
[2022-04-13 15:15:43,611] {taskinstance.py:1239} INFO - Starting attempt 1 of 2
[2022-04-13 15:15:43,612] {taskinstance.py:1240} INFO - 
--------------------------------------------------------------------------------
[2022-04-13 15:15:43,637] {taskinstance.py:1259} INFO - Executing <Task(PythonOperator): format_to_parquet_task> on 2022-04-13 15:13:42.620200+00:00
[2022-04-13 15:15:43,645] {standard_task_runner.py:52} INFO - Started process 472 to run task
[2022-04-13 15:15:43,650] {standard_task_runner.py:76} INFO - Running: ['***', 'tasks', 'run', 'data_ingestion_gcs_dag', 'format_to_parquet_task', 'manual__2022-04-13T15:13:42.620200+00:00', '--job-id', '81', '--raw', '--subdir', 'DAGS_FOLDER/data_ingestion_gcs_dag.py', '--cfg-path', '/tmp/tmpcxfcuazr', '--error-file', '/tmp/tmp73mutchj']
[2022-04-13 15:15:43,652] {standard_task_runner.py:77} INFO - Job 81: Subtask format_to_parquet_task
[2022-04-13 15:15:43,738] {logging_mixin.py:109} INFO - Running <TaskInstance: data_ingestion_gcs_dag.format_to_parquet_task manual__2022-04-13T15:13:42.620200+00:00 [running]> on host b8725b2c61af
[2022-04-13 15:15:43,808] {taskinstance.py:1426} INFO - Exporting the following env vars:
AIRFLOW_CTX_DAG_OWNER=***
AIRFLOW_CTX_DAG_ID=data_ingestion_gcs_dag
AIRFLOW_CTX_TASK_ID=format_to_parquet_task
AIRFLOW_CTX_EXECUTION_DATE=2022-04-13T15:13:42.620200+00:00
AIRFLOW_CTX_DAG_RUN_ID=manual__2022-04-13T15:13:42.620200+00:00
[2022-04-13 15:15:45,808] {python.py:175} INFO - Done. Returned value was: None
[2022-04-13 15:15:45,826] {taskinstance.py:1277} INFO - Marking task as SUCCESS. dag_id=data_ingestion_gcs_dag, task_id=format_to_parquet_task, execution_date=20220413T151342, start_date=20220413T151543, end_date=20220413T151545
[2022-04-13 15:15:45,860] {local_task_job.py:154} INFO - Task exited with return code 0
[2022-04-13 15:15:45,916] {local_task_job.py:264} INFO - 1 downstream tasks scheduled from follow-on schedule check
