[2022-04-13 22:34:36,496] {taskinstance.py:1032} INFO - Dependencies all met for <TaskInstance: LocalIngestionDAG.ingest scheduled__2022-03-02T06:00:03+00:00 [queued]>
[2022-04-13 22:34:36,564] {taskinstance.py:1032} INFO - Dependencies all met for <TaskInstance: LocalIngestionDAG.ingest scheduled__2022-03-02T06:00:03+00:00 [queued]>
[2022-04-13 22:34:36,566] {taskinstance.py:1238} INFO - 
--------------------------------------------------------------------------------
[2022-04-13 22:34:36,567] {taskinstance.py:1239} INFO - Starting attempt 1 of 1
[2022-04-13 22:34:36,568] {taskinstance.py:1240} INFO - 
--------------------------------------------------------------------------------
[2022-04-13 22:34:36,638] {taskinstance.py:1259} INFO - Executing <Task(BashOperator): ingest> on 2022-03-02 06:00:03+00:00
[2022-04-13 22:34:36,647] {standard_task_runner.py:52} INFO - Started process 10576 to run task
[2022-04-13 22:34:36,660] {standard_task_runner.py:76} INFO - Running: ['***', 'tasks', 'run', 'LocalIngestionDAG', 'ingest', 'scheduled__2022-03-02T06:00:03+00:00', '--job-id', '1785', '--raw', '--subdir', 'DAGS_FOLDER/data_ingestion_local.py', '--cfg-path', '/tmp/tmpgg4r3lwr', '--error-file', '/tmp/tmp_9lypz0w']
[2022-04-13 22:34:36,664] {standard_task_runner.py:77} INFO - Job 1785: Subtask ingest
[2022-04-13 22:34:36,886] {logging_mixin.py:109} INFO - Running <TaskInstance: LocalIngestionDAG.ingest scheduled__2022-03-02T06:00:03+00:00 [running]> on host 13db72185839
[2022-04-13 22:34:37,045] {taskinstance.py:1426} INFO - Exporting the following env vars:
AIRFLOW_CTX_DAG_OWNER=***
AIRFLOW_CTX_DAG_ID=LocalIngestionDAG
AIRFLOW_CTX_TASK_ID=ingest
AIRFLOW_CTX_EXECUTION_DATE=2022-03-02T06:00:03+00:00
AIRFLOW_CTX_DAG_RUN_ID=scheduled__2022-03-02T06:00:03+00:00
[2022-04-13 22:34:37,048] {subprocess.py:62} INFO - Tmp dir root location: 
 /tmp
[2022-04-13 22:34:37,050] {subprocess.py:74} INFO - Running command: ['bash', '-c', 'ls /opt/***']
[2022-04-13 22:34:37,095] {subprocess.py:85} INFO - Output:
[2022-04-13 22:34:37,116] {subprocess.py:89} INFO - ***.cfg
[2022-04-13 22:34:37,118] {subprocess.py:89} INFO - dags
[2022-04-13 22:34:37,123] {subprocess.py:89} INFO - logs
[2022-04-13 22:34:37,126] {subprocess.py:89} INFO - output.csv
[2022-04-13 22:34:37,128] {subprocess.py:89} INFO - plugins
[2022-04-13 22:34:37,130] {subprocess.py:89} INFO - requirements.txt
[2022-04-13 22:34:37,139] {subprocess.py:89} INFO - scripts
[2022-04-13 22:34:37,149] {subprocess.py:89} INFO - webserver_config.py
[2022-04-13 22:34:37,150] {subprocess.py:93} INFO - Command exited with return code 0
[2022-04-13 22:34:37,224] {taskinstance.py:1277} INFO - Marking task as SUCCESS. dag_id=LocalIngestionDAG, task_id=ingest, execution_date=20220302T060003, start_date=20220413T223436, end_date=20220413T223437
[2022-04-13 22:34:37,280] {local_task_job.py:154} INFO - Task exited with return code 0
[2022-04-13 22:34:37,481] {local_task_job.py:264} INFO - 0 downstream tasks scheduled from follow-on schedule check
