[2022-04-13 21:22:28,215] {taskinstance.py:1032} INFO - Dependencies all met for <TaskInstance: LocalIngestionDAG.wget scheduled__2021-05-02T06:00:52+00:00 [queued]>
[2022-04-13 21:22:28,247] {taskinstance.py:1032} INFO - Dependencies all met for <TaskInstance: LocalIngestionDAG.wget scheduled__2021-05-02T06:00:52+00:00 [queued]>
[2022-04-13 21:22:28,248] {taskinstance.py:1238} INFO - 
--------------------------------------------------------------------------------
[2022-04-13 21:22:28,250] {taskinstance.py:1239} INFO - Starting attempt 1 of 1
[2022-04-13 21:22:28,250] {taskinstance.py:1240} INFO - 
--------------------------------------------------------------------------------
[2022-04-13 21:22:28,299] {taskinstance.py:1259} INFO - Executing <Task(BashOperator): wget> on 2021-05-02 06:00:52+00:00
[2022-04-13 21:22:28,304] {standard_task_runner.py:52} INFO - Started process 3163 to run task
[2022-04-13 21:22:28,318] {standard_task_runner.py:76} INFO - Running: ['***', 'tasks', 'run', 'LocalIngestionDAG', 'wget', 'scheduled__2021-05-02T06:00:52+00:00', '--job-id', '701', '--raw', '--subdir', 'DAGS_FOLDER/data_ingestion_local.py', '--cfg-path', '/tmp/tmpbn25lv78', '--error-file', '/tmp/tmpxu4od5fo']
[2022-04-13 21:22:28,322] {standard_task_runner.py:77} INFO - Job 701: Subtask wget
[2022-04-13 21:22:28,535] {logging_mixin.py:109} INFO - Running <TaskInstance: LocalIngestionDAG.wget scheduled__2021-05-02T06:00:52+00:00 [running]> on host 13db72185839
[2022-04-13 21:22:28,674] {taskinstance.py:1426} INFO - Exporting the following env vars:
AIRFLOW_CTX_DAG_OWNER=***
AIRFLOW_CTX_DAG_ID=LocalIngestionDAG
AIRFLOW_CTX_TASK_ID=wget
AIRFLOW_CTX_EXECUTION_DATE=2021-05-02T06:00:52+00:00
AIRFLOW_CTX_DAG_RUN_ID=scheduled__2021-05-02T06:00:52+00:00
[2022-04-13 21:22:28,681] {subprocess.py:62} INFO - Tmp dir root location: 
 /tmp
[2022-04-13 21:22:28,683] {subprocess.py:74} INFO - Running command: ['bash', '-c', 'echo "hello world"']
[2022-04-13 21:22:28,711] {subprocess.py:85} INFO - Output:
[2022-04-13 21:22:28,713] {subprocess.py:89} INFO - hello world
[2022-04-13 21:22:28,714] {subprocess.py:93} INFO - Command exited with return code 0
[2022-04-13 21:22:28,792] {taskinstance.py:1277} INFO - Marking task as SUCCESS. dag_id=LocalIngestionDAG, task_id=wget, execution_date=20210502T060052, start_date=20220413T212228, end_date=20220413T212228
[2022-04-13 21:22:28,863] {local_task_job.py:154} INFO - Task exited with return code 0
[2022-04-13 21:22:29,193] {local_task_job.py:264} INFO - 0 downstream tasks scheduled from follow-on schedule check
