[2022-04-13 22:32:09,701] {taskinstance.py:1032} INFO - Dependencies all met for <TaskInstance: LocalIngestionDAG.ingest scheduled__2022-01-02T06:00:16+00:00 [queued]>
[2022-04-13 22:32:09,763] {taskinstance.py:1032} INFO - Dependencies all met for <TaskInstance: LocalIngestionDAG.ingest scheduled__2022-01-02T06:00:16+00:00 [queued]>
[2022-04-13 22:32:09,770] {taskinstance.py:1238} INFO - 
--------------------------------------------------------------------------------
[2022-04-13 22:32:09,772] {taskinstance.py:1239} INFO - Starting attempt 1 of 1
[2022-04-13 22:32:09,773] {taskinstance.py:1240} INFO - 
--------------------------------------------------------------------------------
[2022-04-13 22:32:09,869] {taskinstance.py:1259} INFO - Executing <Task(BashOperator): ingest> on 2022-01-02 06:00:16+00:00
[2022-04-13 22:32:09,885] {standard_task_runner.py:52} INFO - Started process 9618 to run task
[2022-04-13 22:32:09,899] {standard_task_runner.py:76} INFO - Running: ['***', 'tasks', 'run', 'LocalIngestionDAG', 'ingest', 'scheduled__2022-01-02T06:00:16+00:00', '--job-id', '1571', '--raw', '--subdir', 'DAGS_FOLDER/data_ingestion_local.py', '--cfg-path', '/tmp/tmplpwgwu0p', '--error-file', '/tmp/tmpkdir84lm']
[2022-04-13 22:32:09,947] {standard_task_runner.py:77} INFO - Job 1571: Subtask ingest
[2022-04-13 22:32:10,521] {logging_mixin.py:109} INFO - Running <TaskInstance: LocalIngestionDAG.ingest scheduled__2022-01-02T06:00:16+00:00 [running]> on host 13db72185839
[2022-04-13 22:32:10,928] {taskinstance.py:1426} INFO - Exporting the following env vars:
AIRFLOW_CTX_DAG_OWNER=***
AIRFLOW_CTX_DAG_ID=LocalIngestionDAG
AIRFLOW_CTX_TASK_ID=ingest
AIRFLOW_CTX_EXECUTION_DATE=2022-01-02T06:00:16+00:00
AIRFLOW_CTX_DAG_RUN_ID=scheduled__2022-01-02T06:00:16+00:00
[2022-04-13 22:32:10,957] {subprocess.py:62} INFO - Tmp dir root location: 
 /tmp
[2022-04-13 22:32:10,960] {subprocess.py:74} INFO - Running command: ['bash', '-c', 'ls /opt/***']
[2022-04-13 22:32:11,004] {subprocess.py:85} INFO - Output:
[2022-04-13 22:32:11,015] {subprocess.py:89} INFO - ***.cfg
[2022-04-13 22:32:11,018] {subprocess.py:89} INFO - dags
[2022-04-13 22:32:11,019] {subprocess.py:89} INFO - logs
[2022-04-13 22:32:11,027] {subprocess.py:89} INFO - output.csv
[2022-04-13 22:32:11,034] {subprocess.py:89} INFO - plugins
[2022-04-13 22:32:11,046] {subprocess.py:89} INFO - requirements.txt
[2022-04-13 22:32:11,054] {subprocess.py:89} INFO - scripts
[2022-04-13 22:32:11,060] {subprocess.py:89} INFO - webserver_config.py
[2022-04-13 22:32:11,067] {subprocess.py:93} INFO - Command exited with return code 0
[2022-04-13 22:32:11,197] {taskinstance.py:1277} INFO - Marking task as SUCCESS. dag_id=LocalIngestionDAG, task_id=ingest, execution_date=20220102T060016, start_date=20220413T223209, end_date=20220413T223211
[2022-04-13 22:32:11,399] {local_task_job.py:154} INFO - Task exited with return code 0
[2022-04-13 22:32:11,865] {local_task_job.py:264} INFO - 0 downstream tasks scheduled from follow-on schedule check
