[2022-04-13 21:17:20,963] {taskinstance.py:1032} INFO - Dependencies all met for <TaskInstance: LocalIngestionDAG.ingest scheduled__2021-02-02T06:00:56+00:00 [queued]>
[2022-04-13 21:17:20,991] {taskinstance.py:1032} INFO - Dependencies all met for <TaskInstance: LocalIngestionDAG.ingest scheduled__2021-02-02T06:00:56+00:00 [queued]>
[2022-04-13 21:17:20,992] {taskinstance.py:1238} INFO - 
--------------------------------------------------------------------------------
[2022-04-13 21:17:20,993] {taskinstance.py:1239} INFO - Starting attempt 1 of 1
[2022-04-13 21:17:20,993] {taskinstance.py:1240} INFO - 
--------------------------------------------------------------------------------
[2022-04-13 21:17:21,042] {taskinstance.py:1259} INFO - Executing <Task(BashOperator): ingest> on 2021-02-02 06:00:56+00:00
[2022-04-13 21:17:21,058] {standard_task_runner.py:52} INFO - Started process 1873 to run task
[2022-04-13 21:17:21,067] {standard_task_runner.py:76} INFO - Running: ['***', 'tasks', 'run', 'LocalIngestionDAG', 'ingest', 'scheduled__2021-02-02T06:00:56+00:00', '--job-id', '360', '--raw', '--subdir', 'DAGS_FOLDER/data_ingestion_local.py', '--cfg-path', '/tmp/tmpw58l9kkj', '--error-file', '/tmp/tmp7ga_tobj']
[2022-04-13 21:17:21,075] {standard_task_runner.py:77} INFO - Job 360: Subtask ingest
[2022-04-13 21:17:21,265] {logging_mixin.py:109} INFO - Running <TaskInstance: LocalIngestionDAG.ingest scheduled__2021-02-02T06:00:56+00:00 [running]> on host 13db72185839
[2022-04-13 21:17:21,405] {taskinstance.py:1426} INFO - Exporting the following env vars:
AIRFLOW_CTX_DAG_OWNER=***
AIRFLOW_CTX_DAG_ID=LocalIngestionDAG
AIRFLOW_CTX_TASK_ID=ingest
AIRFLOW_CTX_EXECUTION_DATE=2021-02-02T06:00:56+00:00
AIRFLOW_CTX_DAG_RUN_ID=scheduled__2021-02-02T06:00:56+00:00
[2022-04-13 21:17:21,407] {subprocess.py:62} INFO - Tmp dir root location: 
 /tmp
[2022-04-13 21:17:21,409] {subprocess.py:74} INFO - Running command: ['bash', '-c', 'pwd']
[2022-04-13 21:17:21,423] {subprocess.py:85} INFO - Output:
[2022-04-13 21:17:21,426] {subprocess.py:89} INFO - /tmp/***tmp_8an3xlf
[2022-04-13 21:17:21,427] {subprocess.py:93} INFO - Command exited with return code 0
[2022-04-13 21:17:21,497] {taskinstance.py:1277} INFO - Marking task as SUCCESS. dag_id=LocalIngestionDAG, task_id=ingest, execution_date=20210202T060056, start_date=20220413T211720, end_date=20220413T211721
[2022-04-13 21:17:21,578] {local_task_job.py:154} INFO - Task exited with return code 0
[2022-04-13 21:17:21,780] {local_task_job.py:264} INFO - 0 downstream tasks scheduled from follow-on schedule check
