[2022-04-13 22:35:15,463] {taskinstance.py:1032} INFO - Dependencies all met for <TaskInstance: LocalIngestionDAG.ingest scheduled__2022-03-02T06:00:36+00:00 [queued]>
[2022-04-13 22:35:15,496] {taskinstance.py:1032} INFO - Dependencies all met for <TaskInstance: LocalIngestionDAG.ingest scheduled__2022-03-02T06:00:36+00:00 [queued]>
[2022-04-13 22:35:15,497] {taskinstance.py:1238} INFO - 
--------------------------------------------------------------------------------
[2022-04-13 22:35:15,498] {taskinstance.py:1239} INFO - Starting attempt 1 of 1
[2022-04-13 22:35:15,499] {taskinstance.py:1240} INFO - 
--------------------------------------------------------------------------------
[2022-04-13 22:35:15,542] {taskinstance.py:1259} INFO - Executing <Task(BashOperator): ingest> on 2022-03-02 06:00:36+00:00
[2022-04-13 22:35:15,554] {standard_task_runner.py:52} INFO - Started process 10870 to run task
[2022-04-13 22:35:15,572] {standard_task_runner.py:76} INFO - Running: ['***', 'tasks', 'run', 'LocalIngestionDAG', 'ingest', 'scheduled__2022-03-02T06:00:36+00:00', '--job-id', '1851', '--raw', '--subdir', 'DAGS_FOLDER/data_ingestion_local.py', '--cfg-path', '/tmp/tmp1t8j1j_t', '--error-file', '/tmp/tmpfqvj4w3r']
[2022-04-13 22:35:15,577] {standard_task_runner.py:77} INFO - Job 1851: Subtask ingest
[2022-04-13 22:35:15,763] {logging_mixin.py:109} INFO - Running <TaskInstance: LocalIngestionDAG.ingest scheduled__2022-03-02T06:00:36+00:00 [running]> on host 13db72185839
[2022-04-13 22:35:15,919] {taskinstance.py:1426} INFO - Exporting the following env vars:
AIRFLOW_CTX_DAG_OWNER=***
AIRFLOW_CTX_DAG_ID=LocalIngestionDAG
AIRFLOW_CTX_TASK_ID=ingest
AIRFLOW_CTX_EXECUTION_DATE=2022-03-02T06:00:36+00:00
AIRFLOW_CTX_DAG_RUN_ID=scheduled__2022-03-02T06:00:36+00:00
[2022-04-13 22:35:15,921] {subprocess.py:62} INFO - Tmp dir root location: 
 /tmp
[2022-04-13 22:35:15,923] {subprocess.py:74} INFO - Running command: ['bash', '-c', 'ls /opt/***']
[2022-04-13 22:35:15,943] {subprocess.py:85} INFO - Output:
[2022-04-13 22:35:15,951] {subprocess.py:89} INFO - ***.cfg
[2022-04-13 22:35:15,952] {subprocess.py:89} INFO - dags
[2022-04-13 22:35:15,954] {subprocess.py:89} INFO - logs
[2022-04-13 22:35:15,956] {subprocess.py:89} INFO - output.csv
[2022-04-13 22:35:15,958] {subprocess.py:89} INFO - plugins
[2022-04-13 22:35:15,958] {subprocess.py:89} INFO - requirements.txt
[2022-04-13 22:35:15,962] {subprocess.py:89} INFO - scripts
[2022-04-13 22:35:15,963] {subprocess.py:89} INFO - webserver_config.py
[2022-04-13 22:35:15,964] {subprocess.py:93} INFO - Command exited with return code 0
[2022-04-13 22:35:16,102] {taskinstance.py:1277} INFO - Marking task as SUCCESS. dag_id=LocalIngestionDAG, task_id=ingest, execution_date=20220302T060036, start_date=20220413T223515, end_date=20220413T223516
[2022-04-13 22:35:16,222] {local_task_job.py:154} INFO - Task exited with return code 0
[2022-04-13 22:35:16,429] {local_task_job.py:264} INFO - 0 downstream tasks scheduled from follow-on schedule check
