[2022-04-13 21:20:49,285] {taskinstance.py:1032} INFO - Dependencies all met for <TaskInstance: LocalIngestionDAG.ingest scheduled__2021-04-02T06:00:12+00:00 [queued]>
[2022-04-13 21:20:49,319] {taskinstance.py:1032} INFO - Dependencies all met for <TaskInstance: LocalIngestionDAG.ingest scheduled__2021-04-02T06:00:12+00:00 [queued]>
[2022-04-13 21:20:49,322] {taskinstance.py:1238} INFO - 
--------------------------------------------------------------------------------
[2022-04-13 21:20:49,325] {taskinstance.py:1239} INFO - Starting attempt 1 of 1
[2022-04-13 21:20:49,327] {taskinstance.py:1240} INFO - 
--------------------------------------------------------------------------------
[2022-04-13 21:20:49,387] {taskinstance.py:1259} INFO - Executing <Task(BashOperator): ingest> on 2021-04-02 06:00:12+00:00
[2022-04-13 21:20:49,393] {standard_task_runner.py:52} INFO - Started process 2503 to run task
[2022-04-13 21:20:49,407] {standard_task_runner.py:76} INFO - Running: ['***', 'tasks', 'run', 'LocalIngestionDAG', 'ingest', 'scheduled__2021-04-02T06:00:12+00:00', '--job-id', '507', '--raw', '--subdir', 'DAGS_FOLDER/data_ingestion_local.py', '--cfg-path', '/tmp/tmpa5ymsnsp', '--error-file', '/tmp/tmplet9phnx']
[2022-04-13 21:20:49,415] {standard_task_runner.py:77} INFO - Job 507: Subtask ingest
[2022-04-13 21:20:49,550] {logging_mixin.py:109} INFO - Running <TaskInstance: LocalIngestionDAG.ingest scheduled__2021-04-02T06:00:12+00:00 [running]> on host 13db72185839
[2022-04-13 21:20:49,637] {taskinstance.py:1426} INFO - Exporting the following env vars:
AIRFLOW_CTX_DAG_OWNER=***
AIRFLOW_CTX_DAG_ID=LocalIngestionDAG
AIRFLOW_CTX_TASK_ID=ingest
AIRFLOW_CTX_EXECUTION_DATE=2021-04-02T06:00:12+00:00
AIRFLOW_CTX_DAG_RUN_ID=scheduled__2021-04-02T06:00:12+00:00
[2022-04-13 21:20:49,639] {subprocess.py:62} INFO - Tmp dir root location: 
 /tmp
[2022-04-13 21:20:49,644] {subprocess.py:74} INFO - Running command: ['bash', '-c', 'pwd']
[2022-04-13 21:20:49,659] {subprocess.py:85} INFO - Output:
[2022-04-13 21:20:49,666] {subprocess.py:89} INFO - /tmp/***tmpg8_9e75s
[2022-04-13 21:20:49,667] {subprocess.py:93} INFO - Command exited with return code 0
[2022-04-13 21:20:49,718] {taskinstance.py:1277} INFO - Marking task as SUCCESS. dag_id=LocalIngestionDAG, task_id=ingest, execution_date=20210402T060012, start_date=20220413T212049, end_date=20220413T212049
[2022-04-13 21:20:49,750] {local_task_job.py:154} INFO - Task exited with return code 0
[2022-04-13 21:20:49,784] {local_task_job.py:264} INFO - 0 downstream tasks scheduled from follow-on schedule check
