[2022-04-13 21:18:08,477] {taskinstance.py:1032} INFO - Dependencies all met for <TaskInstance: LocalIngestionDAG.ingest scheduled__2021-03-02T06:00:52+00:00 [queued]>
[2022-04-13 21:18:08,517] {taskinstance.py:1032} INFO - Dependencies all met for <TaskInstance: LocalIngestionDAG.ingest scheduled__2021-03-02T06:00:52+00:00 [queued]>
[2022-04-13 21:18:08,517] {taskinstance.py:1238} INFO - 
--------------------------------------------------------------------------------
[2022-04-13 21:18:08,518] {taskinstance.py:1239} INFO - Starting attempt 1 of 1
[2022-04-13 21:18:08,518] {taskinstance.py:1240} INFO - 
--------------------------------------------------------------------------------
[2022-04-13 21:18:08,568] {taskinstance.py:1259} INFO - Executing <Task(BashOperator): ingest> on 2021-03-02 06:00:52+00:00
[2022-04-13 21:18:08,575] {standard_task_runner.py:52} INFO - Started process 2238 to run task
[2022-04-13 21:18:08,582] {standard_task_runner.py:76} INFO - Running: ['***', 'tasks', 'run', 'LocalIngestionDAG', 'ingest', 'scheduled__2021-03-02T06:00:52+00:00', '--job-id', '469', '--raw', '--subdir', 'DAGS_FOLDER/data_ingestion_local.py', '--cfg-path', '/tmp/tmprhpgxph0', '--error-file', '/tmp/tmplm_ticak']
[2022-04-13 21:18:08,584] {standard_task_runner.py:77} INFO - Job 469: Subtask ingest
[2022-04-13 21:18:08,750] {logging_mixin.py:109} INFO - Running <TaskInstance: LocalIngestionDAG.ingest scheduled__2021-03-02T06:00:52+00:00 [running]> on host 13db72185839
[2022-04-13 21:18:08,953] {taskinstance.py:1426} INFO - Exporting the following env vars:
AIRFLOW_CTX_DAG_OWNER=***
AIRFLOW_CTX_DAG_ID=LocalIngestionDAG
AIRFLOW_CTX_TASK_ID=ingest
AIRFLOW_CTX_EXECUTION_DATE=2021-03-02T06:00:52+00:00
AIRFLOW_CTX_DAG_RUN_ID=scheduled__2021-03-02T06:00:52+00:00
[2022-04-13 21:18:08,962] {subprocess.py:62} INFO - Tmp dir root location: 
 /tmp
[2022-04-13 21:18:08,964] {subprocess.py:74} INFO - Running command: ['bash', '-c', 'pwd']
[2022-04-13 21:18:08,987] {subprocess.py:85} INFO - Output:
[2022-04-13 21:18:08,994] {subprocess.py:89} INFO - /tmp/***tmpey08vx2b
[2022-04-13 21:18:09,000] {subprocess.py:93} INFO - Command exited with return code 0
[2022-04-13 21:18:09,085] {taskinstance.py:1277} INFO - Marking task as SUCCESS. dag_id=LocalIngestionDAG, task_id=ingest, execution_date=20210302T060052, start_date=20220413T211808, end_date=20220413T211809
[2022-04-13 21:18:09,133] {local_task_job.py:154} INFO - Task exited with return code 0
[2022-04-13 21:18:09,208] {local_task_job.py:264} INFO - 0 downstream tasks scheduled from follow-on schedule check
