[2022-04-13 21:17:03,160] {taskinstance.py:1032} INFO - Dependencies all met for <TaskInstance: LocalIngestionDAG.ingest scheduled__2021-02-02T06:00:40+00:00 [queued]>
[2022-04-13 21:17:03,177] {taskinstance.py:1032} INFO - Dependencies all met for <TaskInstance: LocalIngestionDAG.ingest scheduled__2021-02-02T06:00:40+00:00 [queued]>
[2022-04-13 21:17:03,177] {taskinstance.py:1238} INFO - 
--------------------------------------------------------------------------------
[2022-04-13 21:17:03,178] {taskinstance.py:1239} INFO - Starting attempt 1 of 1
[2022-04-13 21:17:03,180] {taskinstance.py:1240} INFO - 
--------------------------------------------------------------------------------
[2022-04-13 21:17:03,209] {taskinstance.py:1259} INFO - Executing <Task(BashOperator): ingest> on 2021-02-02 06:00:40+00:00
[2022-04-13 21:17:03,214] {standard_task_runner.py:52} INFO - Started process 1745 to run task
[2022-04-13 21:17:03,221] {standard_task_runner.py:76} INFO - Running: ['***', 'tasks', 'run', 'LocalIngestionDAG', 'ingest', 'scheduled__2021-02-02T06:00:40+00:00', '--job-id', '322', '--raw', '--subdir', 'DAGS_FOLDER/data_ingestion_local.py', '--cfg-path', '/tmp/tmpr0ojag7q', '--error-file', '/tmp/tmp2oy4le9u']
[2022-04-13 21:17:03,223] {standard_task_runner.py:77} INFO - Job 322: Subtask ingest
[2022-04-13 21:17:03,379] {logging_mixin.py:109} INFO - Running <TaskInstance: LocalIngestionDAG.ingest scheduled__2021-02-02T06:00:40+00:00 [running]> on host 13db72185839
[2022-04-13 21:17:03,475] {taskinstance.py:1426} INFO - Exporting the following env vars:
AIRFLOW_CTX_DAG_OWNER=***
AIRFLOW_CTX_DAG_ID=LocalIngestionDAG
AIRFLOW_CTX_TASK_ID=ingest
AIRFLOW_CTX_EXECUTION_DATE=2021-02-02T06:00:40+00:00
AIRFLOW_CTX_DAG_RUN_ID=scheduled__2021-02-02T06:00:40+00:00
[2022-04-13 21:17:03,476] {subprocess.py:62} INFO - Tmp dir root location: 
 /tmp
[2022-04-13 21:17:03,477] {subprocess.py:74} INFO - Running command: ['bash', '-c', 'pwd']
[2022-04-13 21:17:03,486] {subprocess.py:85} INFO - Output:
[2022-04-13 21:17:03,488] {subprocess.py:89} INFO - /tmp/***tmpkmvmqtrk
[2022-04-13 21:17:03,489] {subprocess.py:93} INFO - Command exited with return code 0
[2022-04-13 21:17:03,520] {taskinstance.py:1277} INFO - Marking task as SUCCESS. dag_id=LocalIngestionDAG, task_id=ingest, execution_date=20210202T060040, start_date=20220413T211703, end_date=20220413T211703
[2022-04-13 21:17:03,553] {local_task_job.py:154} INFO - Task exited with return code 0
[2022-04-13 21:17:03,587] {local_task_job.py:264} INFO - 0 downstream tasks scheduled from follow-on schedule check
