[2022-04-13 21:25:22,344] {taskinstance.py:1032} INFO - Dependencies all met for <TaskInstance: LocalIngestionDAG.ingest scheduled__2021-08-02T06:00:34+00:00 [queued]>
[2022-04-13 21:25:22,379] {taskinstance.py:1032} INFO - Dependencies all met for <TaskInstance: LocalIngestionDAG.ingest scheduled__2021-08-02T06:00:34+00:00 [queued]>
[2022-04-13 21:25:22,381] {taskinstance.py:1238} INFO - 
--------------------------------------------------------------------------------
[2022-04-13 21:25:22,382] {taskinstance.py:1239} INFO - Starting attempt 1 of 1
[2022-04-13 21:25:22,383] {taskinstance.py:1240} INFO - 
--------------------------------------------------------------------------------
[2022-04-13 21:25:22,429] {taskinstance.py:1259} INFO - Executing <Task(BashOperator): ingest> on 2021-08-02 06:00:34+00:00
[2022-04-13 21:25:22,436] {standard_task_runner.py:52} INFO - Started process 4293 to run task
[2022-04-13 21:25:22,448] {standard_task_runner.py:76} INFO - Running: ['***', 'tasks', 'run', 'LocalIngestionDAG', 'ingest', 'scheduled__2021-08-02T06:00:34+00:00', '--job-id', '1033', '--raw', '--subdir', 'DAGS_FOLDER/data_ingestion_local.py', '--cfg-path', '/tmp/tmp9sijmwk9', '--error-file', '/tmp/tmpopd9dbpz']
[2022-04-13 21:25:22,451] {standard_task_runner.py:77} INFO - Job 1033: Subtask ingest
[2022-04-13 21:25:22,635] {logging_mixin.py:109} INFO - Running <TaskInstance: LocalIngestionDAG.ingest scheduled__2021-08-02T06:00:34+00:00 [running]> on host 13db72185839
[2022-04-13 21:25:22,895] {taskinstance.py:1426} INFO - Exporting the following env vars:
AIRFLOW_CTX_DAG_OWNER=***
AIRFLOW_CTX_DAG_ID=LocalIngestionDAG
AIRFLOW_CTX_TASK_ID=ingest
AIRFLOW_CTX_EXECUTION_DATE=2021-08-02T06:00:34+00:00
AIRFLOW_CTX_DAG_RUN_ID=scheduled__2021-08-02T06:00:34+00:00
[2022-04-13 21:25:22,897] {subprocess.py:62} INFO - Tmp dir root location: 
 /tmp
[2022-04-13 21:25:22,902] {subprocess.py:74} INFO - Running command: ['bash', '-c', 'pwd']
[2022-04-13 21:25:22,932] {subprocess.py:85} INFO - Output:
[2022-04-13 21:25:22,936] {subprocess.py:89} INFO - /tmp/***tmp0a98pc2e
[2022-04-13 21:25:22,938] {subprocess.py:93} INFO - Command exited with return code 0
[2022-04-13 21:25:23,249] {taskinstance.py:1277} INFO - Marking task as SUCCESS. dag_id=LocalIngestionDAG, task_id=ingest, execution_date=20210802T060034, start_date=20220413T212522, end_date=20220413T212523
[2022-04-13 21:25:23,329] {local_task_job.py:154} INFO - Task exited with return code 0
[2022-04-13 21:25:23,487] {local_task_job.py:264} INFO - 0 downstream tasks scheduled from follow-on schedule check
