[2022-04-13 21:27:08,432] {taskinstance.py:1032} INFO - Dependencies all met for <TaskInstance: LocalIngestionDAG.wget scheduled__2021-10-02T06:00:10+00:00 [queued]>
[2022-04-13 21:27:08,475] {taskinstance.py:1032} INFO - Dependencies all met for <TaskInstance: LocalIngestionDAG.wget scheduled__2021-10-02T06:00:10+00:00 [queued]>
[2022-04-13 21:27:08,479] {taskinstance.py:1238} INFO - 
--------------------------------------------------------------------------------
[2022-04-13 21:27:08,509] {taskinstance.py:1239} INFO - Starting attempt 1 of 1
[2022-04-13 21:27:08,512] {taskinstance.py:1240} INFO - 
--------------------------------------------------------------------------------
[2022-04-13 21:27:08,587] {taskinstance.py:1259} INFO - Executing <Task(BashOperator): wget> on 2021-10-02 06:00:10+00:00
[2022-04-13 21:27:08,613] {standard_task_runner.py:52} INFO - Started process 4929 to run task
[2022-04-13 21:27:08,630] {standard_task_runner.py:76} INFO - Running: ['***', 'tasks', 'run', 'LocalIngestionDAG', 'wget', 'scheduled__2021-10-02T06:00:10+00:00', '--job-id', '1218', '--raw', '--subdir', 'DAGS_FOLDER/data_ingestion_local.py', '--cfg-path', '/tmp/tmpi6c_lp4_', '--error-file', '/tmp/tmpqrek8vw9']
[2022-04-13 21:27:08,657] {standard_task_runner.py:77} INFO - Job 1218: Subtask wget
[2022-04-13 21:27:09,073] {logging_mixin.py:109} INFO - Running <TaskInstance: LocalIngestionDAG.wget scheduled__2021-10-02T06:00:10+00:00 [running]> on host 13db72185839
[2022-04-13 21:27:09,502] {taskinstance.py:1426} INFO - Exporting the following env vars:
AIRFLOW_CTX_DAG_OWNER=***
AIRFLOW_CTX_DAG_ID=LocalIngestionDAG
AIRFLOW_CTX_TASK_ID=wget
AIRFLOW_CTX_EXECUTION_DATE=2021-10-02T06:00:10+00:00
AIRFLOW_CTX_DAG_RUN_ID=scheduled__2021-10-02T06:00:10+00:00
[2022-04-13 21:27:09,510] {subprocess.py:62} INFO - Tmp dir root location: 
 /tmp
[2022-04-13 21:27:09,517] {subprocess.py:74} INFO - Running command: ['bash', '-c', 'echo "hello world"']
[2022-04-13 21:27:09,544] {subprocess.py:85} INFO - Output:
[2022-04-13 21:27:09,560] {subprocess.py:89} INFO - hello world
[2022-04-13 21:27:09,562] {subprocess.py:93} INFO - Command exited with return code 0
[2022-04-13 21:27:09,694] {taskinstance.py:1277} INFO - Marking task as SUCCESS. dag_id=LocalIngestionDAG, task_id=wget, execution_date=20211002T060010, start_date=20220413T212708, end_date=20220413T212709
[2022-04-13 21:27:09,841] {local_task_job.py:154} INFO - Task exited with return code 0
[2022-04-13 21:27:10,080] {local_task_job.py:264} INFO - 1 downstream tasks scheduled from follow-on schedule check
