[2022-04-13 21:27:55,330] {taskinstance.py:1032} INFO - Dependencies all met for <TaskInstance: LocalIngestionDAG.ingest scheduled__2021-10-02T06:00:36+00:00 [queued]>
[2022-04-13 21:27:55,423] {taskinstance.py:1032} INFO - Dependencies all met for <TaskInstance: LocalIngestionDAG.ingest scheduled__2021-10-02T06:00:36+00:00 [queued]>
[2022-04-13 21:27:55,425] {taskinstance.py:1238} INFO - 
--------------------------------------------------------------------------------
[2022-04-13 21:27:55,429] {taskinstance.py:1239} INFO - Starting attempt 1 of 1
[2022-04-13 21:27:55,433] {taskinstance.py:1240} INFO - 
--------------------------------------------------------------------------------
[2022-04-13 21:27:55,492] {taskinstance.py:1259} INFO - Executing <Task(BashOperator): ingest> on 2021-10-02 06:00:36+00:00
[2022-04-13 21:27:55,501] {standard_task_runner.py:52} INFO - Started process 5141 to run task
[2022-04-13 21:27:55,511] {standard_task_runner.py:76} INFO - Running: ['***', 'tasks', 'run', 'LocalIngestionDAG', 'ingest', 'scheduled__2021-10-02T06:00:36+00:00', '--job-id', '1277', '--raw', '--subdir', 'DAGS_FOLDER/data_ingestion_local.py', '--cfg-path', '/tmp/tmp4__rmcpw', '--error-file', '/tmp/tmp3xsa8ml5']
[2022-04-13 21:27:55,515] {standard_task_runner.py:77} INFO - Job 1277: Subtask ingest
[2022-04-13 21:27:55,798] {logging_mixin.py:109} INFO - Running <TaskInstance: LocalIngestionDAG.ingest scheduled__2021-10-02T06:00:36+00:00 [running]> on host 13db72185839
[2022-04-13 21:27:56,205] {taskinstance.py:1426} INFO - Exporting the following env vars:
AIRFLOW_CTX_DAG_OWNER=***
AIRFLOW_CTX_DAG_ID=LocalIngestionDAG
AIRFLOW_CTX_TASK_ID=ingest
AIRFLOW_CTX_EXECUTION_DATE=2021-10-02T06:00:36+00:00
AIRFLOW_CTX_DAG_RUN_ID=scheduled__2021-10-02T06:00:36+00:00
[2022-04-13 21:27:56,226] {subprocess.py:62} INFO - Tmp dir root location: 
 /tmp
[2022-04-13 21:27:56,230] {subprocess.py:74} INFO - Running command: ['bash', '-c', 'pwd']
[2022-04-13 21:27:56,294] {subprocess.py:85} INFO - Output:
[2022-04-13 21:27:56,297] {subprocess.py:89} INFO - /tmp/***tmpzcmci8mw
[2022-04-13 21:27:56,300] {subprocess.py:93} INFO - Command exited with return code 0
[2022-04-13 21:27:56,732] {taskinstance.py:1277} INFO - Marking task as SUCCESS. dag_id=LocalIngestionDAG, task_id=ingest, execution_date=20211002T060036, start_date=20220413T212755, end_date=20220413T212756
[2022-04-13 21:27:56,820] {local_task_job.py:154} INFO - Task exited with return code 0
[2022-04-13 21:27:56,951] {local_task_job.py:264} INFO - 0 downstream tasks scheduled from follow-on schedule check
