[2022-04-13 22:34:11,300] {taskinstance.py:1032} INFO - Dependencies all met for <TaskInstance: LocalIngestionDAG.ingest scheduled__2022-02-02T06:00:46+00:00 [queued]>
[2022-04-13 22:34:11,427] {taskinstance.py:1032} INFO - Dependencies all met for <TaskInstance: LocalIngestionDAG.ingest scheduled__2022-02-02T06:00:46+00:00 [queued]>
[2022-04-13 22:34:11,451] {taskinstance.py:1238} INFO - 
--------------------------------------------------------------------------------
[2022-04-13 22:34:11,467] {taskinstance.py:1239} INFO - Starting attempt 1 of 1
[2022-04-13 22:34:11,484] {taskinstance.py:1240} INFO - 
--------------------------------------------------------------------------------
[2022-04-13 22:34:11,626] {taskinstance.py:1259} INFO - Executing <Task(BashOperator): ingest> on 2022-02-02 06:00:46+00:00
[2022-04-13 22:34:11,675] {standard_task_runner.py:52} INFO - Started process 10419 to run task
[2022-04-13 22:34:11,687] {standard_task_runner.py:76} INFO - Running: ['***', 'tasks', 'run', 'LocalIngestionDAG', 'ingest', 'scheduled__2022-02-02T06:00:46+00:00', '--job-id', '1751', '--raw', '--subdir', 'DAGS_FOLDER/data_ingestion_local.py', '--cfg-path', '/tmp/tmpr77bjx3x', '--error-file', '/tmp/tmp9ahw3rzk']
[2022-04-13 22:34:11,717] {standard_task_runner.py:77} INFO - Job 1751: Subtask ingest
[2022-04-13 22:34:12,049] {logging_mixin.py:109} INFO - Running <TaskInstance: LocalIngestionDAG.ingest scheduled__2022-02-02T06:00:46+00:00 [running]> on host 13db72185839
[2022-04-13 22:34:12,433] {taskinstance.py:1426} INFO - Exporting the following env vars:
AIRFLOW_CTX_DAG_OWNER=***
AIRFLOW_CTX_DAG_ID=LocalIngestionDAG
AIRFLOW_CTX_TASK_ID=ingest
AIRFLOW_CTX_EXECUTION_DATE=2022-02-02T06:00:46+00:00
AIRFLOW_CTX_DAG_RUN_ID=scheduled__2022-02-02T06:00:46+00:00
[2022-04-13 22:34:12,444] {subprocess.py:62} INFO - Tmp dir root location: 
 /tmp
[2022-04-13 22:34:12,448] {subprocess.py:74} INFO - Running command: ['bash', '-c', 'ls /opt/***']
[2022-04-13 22:34:12,489] {subprocess.py:85} INFO - Output:
[2022-04-13 22:34:12,507] {subprocess.py:89} INFO - ***.cfg
[2022-04-13 22:34:12,526] {subprocess.py:89} INFO - dags
[2022-04-13 22:34:12,534] {subprocess.py:89} INFO - logs
[2022-04-13 22:34:12,542] {subprocess.py:89} INFO - output.csv
[2022-04-13 22:34:12,543] {subprocess.py:89} INFO - plugins
[2022-04-13 22:34:12,545] {subprocess.py:89} INFO - requirements.txt
[2022-04-13 22:34:12,547] {subprocess.py:89} INFO - scripts
[2022-04-13 22:34:12,548] {subprocess.py:89} INFO - webserver_config.py
[2022-04-13 22:34:12,549] {subprocess.py:93} INFO - Command exited with return code 0
[2022-04-13 22:34:12,886] {taskinstance.py:1277} INFO - Marking task as SUCCESS. dag_id=LocalIngestionDAG, task_id=ingest, execution_date=20220202T060046, start_date=20220413T223411, end_date=20220413T223412
[2022-04-13 22:34:12,971] {local_task_job.py:154} INFO - Task exited with return code 0
[2022-04-13 22:34:13,161] {local_task_job.py:264} INFO - 0 downstream tasks scheduled from follow-on schedule check
