[2022-04-13 21:22:46,868] {taskinstance.py:1032} INFO - Dependencies all met for <TaskInstance: LocalIngestionDAG.ingest scheduled__2021-06-02T06:00:08+00:00 [queued]>
[2022-04-13 21:22:46,904] {taskinstance.py:1032} INFO - Dependencies all met for <TaskInstance: LocalIngestionDAG.ingest scheduled__2021-06-02T06:00:08+00:00 [queued]>
[2022-04-13 21:22:46,905] {taskinstance.py:1238} INFO - 
--------------------------------------------------------------------------------
[2022-04-13 21:22:46,906] {taskinstance.py:1239} INFO - Starting attempt 1 of 1
[2022-04-13 21:22:46,906] {taskinstance.py:1240} INFO - 
--------------------------------------------------------------------------------
[2022-04-13 21:22:46,943] {taskinstance.py:1259} INFO - Executing <Task(BashOperator): ingest> on 2021-06-02 06:00:08+00:00
[2022-04-13 21:22:46,960] {standard_task_runner.py:52} INFO - Started process 3295 to run task
[2022-04-13 21:22:46,963] {standard_task_runner.py:76} INFO - Running: ['***', 'tasks', 'run', 'LocalIngestionDAG', 'ingest', 'scheduled__2021-06-02T06:00:08+00:00', '--job-id', '740', '--raw', '--subdir', 'DAGS_FOLDER/data_ingestion_local.py', '--cfg-path', '/tmp/tmp2kl949uo', '--error-file', '/tmp/tmp8_kk1hnz']
[2022-04-13 21:22:46,968] {standard_task_runner.py:77} INFO - Job 740: Subtask ingest
[2022-04-13 21:22:47,130] {logging_mixin.py:109} INFO - Running <TaskInstance: LocalIngestionDAG.ingest scheduled__2021-06-02T06:00:08+00:00 [running]> on host 13db72185839
[2022-04-13 21:22:47,282] {taskinstance.py:1426} INFO - Exporting the following env vars:
AIRFLOW_CTX_DAG_OWNER=***
AIRFLOW_CTX_DAG_ID=LocalIngestionDAG
AIRFLOW_CTX_TASK_ID=ingest
AIRFLOW_CTX_EXECUTION_DATE=2021-06-02T06:00:08+00:00
AIRFLOW_CTX_DAG_RUN_ID=scheduled__2021-06-02T06:00:08+00:00
[2022-04-13 21:22:47,284] {subprocess.py:62} INFO - Tmp dir root location: 
 /tmp
[2022-04-13 21:22:47,285] {subprocess.py:74} INFO - Running command: ['bash', '-c', 'pwd']
[2022-04-13 21:22:47,301] {subprocess.py:85} INFO - Output:
[2022-04-13 21:22:47,304] {subprocess.py:89} INFO - /tmp/***tmp0xzl7xmn
[2022-04-13 21:22:47,305] {subprocess.py:93} INFO - Command exited with return code 0
[2022-04-13 21:22:47,366] {taskinstance.py:1277} INFO - Marking task as SUCCESS. dag_id=LocalIngestionDAG, task_id=ingest, execution_date=20210602T060008, start_date=20220413T212246, end_date=20220413T212247
[2022-04-13 21:22:47,424] {local_task_job.py:154} INFO - Task exited with return code 0
[2022-04-13 21:22:47,685] {local_task_job.py:264} INFO - 0 downstream tasks scheduled from follow-on schedule check
