[2022-04-13 21:22:58,816] {taskinstance.py:1032} INFO - Dependencies all met for <TaskInstance: LocalIngestionDAG.wget scheduled__2021-06-02T06:00:19+00:00 [queued]>
[2022-04-13 21:22:58,838] {taskinstance.py:1032} INFO - Dependencies all met for <TaskInstance: LocalIngestionDAG.wget scheduled__2021-06-02T06:00:19+00:00 [queued]>
[2022-04-13 21:22:58,839] {taskinstance.py:1238} INFO - 
--------------------------------------------------------------------------------
[2022-04-13 21:22:58,842] {taskinstance.py:1239} INFO - Starting attempt 1 of 1
[2022-04-13 21:22:58,845] {taskinstance.py:1240} INFO - 
--------------------------------------------------------------------------------
[2022-04-13 21:22:58,905] {taskinstance.py:1259} INFO - Executing <Task(BashOperator): wget> on 2021-06-02 06:00:19+00:00
[2022-04-13 21:22:58,911] {standard_task_runner.py:52} INFO - Started process 3356 to run task
[2022-04-13 21:22:58,919] {standard_task_runner.py:76} INFO - Running: ['***', 'tasks', 'run', 'LocalIngestionDAG', 'wget', 'scheduled__2021-06-02T06:00:19+00:00', '--job-id', '758', '--raw', '--subdir', 'DAGS_FOLDER/data_ingestion_local.py', '--cfg-path', '/tmp/tmp97s8ni0i', '--error-file', '/tmp/tmp9imrhmg5']
[2022-04-13 21:22:58,924] {standard_task_runner.py:77} INFO - Job 758: Subtask wget
[2022-04-13 21:22:59,101] {logging_mixin.py:109} INFO - Running <TaskInstance: LocalIngestionDAG.wget scheduled__2021-06-02T06:00:19+00:00 [running]> on host 13db72185839
[2022-04-13 21:22:59,240] {taskinstance.py:1426} INFO - Exporting the following env vars:
AIRFLOW_CTX_DAG_OWNER=***
AIRFLOW_CTX_DAG_ID=LocalIngestionDAG
AIRFLOW_CTX_TASK_ID=wget
AIRFLOW_CTX_EXECUTION_DATE=2021-06-02T06:00:19+00:00
AIRFLOW_CTX_DAG_RUN_ID=scheduled__2021-06-02T06:00:19+00:00
[2022-04-13 21:22:59,242] {subprocess.py:62} INFO - Tmp dir root location: 
 /tmp
[2022-04-13 21:22:59,243] {subprocess.py:74} INFO - Running command: ['bash', '-c', 'echo "hello world"']
[2022-04-13 21:22:59,256] {subprocess.py:85} INFO - Output:
[2022-04-13 21:22:59,260] {subprocess.py:89} INFO - hello world
[2022-04-13 21:22:59,261] {subprocess.py:93} INFO - Command exited with return code 0
[2022-04-13 21:22:59,326] {taskinstance.py:1277} INFO - Marking task as SUCCESS. dag_id=LocalIngestionDAG, task_id=wget, execution_date=20210602T060019, start_date=20220413T212258, end_date=20220413T212259
[2022-04-13 21:22:59,414] {local_task_job.py:154} INFO - Task exited with return code 0
[2022-04-13 21:22:59,509] {local_task_job.py:264} INFO - 1 downstream tasks scheduled from follow-on schedule check
