[2022-04-15 23:27:38,262] {taskinstance.py:1032} INFO - Dependencies all met for <TaskInstance: live_coded_gcs_2_bg_dag.gcs_2_gcs_task scheduled__2022-04-14T00:00:00+00:00 [queued]>
[2022-04-15 23:27:38,286] {taskinstance.py:1032} INFO - Dependencies all met for <TaskInstance: live_coded_gcs_2_bg_dag.gcs_2_gcs_task scheduled__2022-04-14T00:00:00+00:00 [queued]>
[2022-04-15 23:27:38,287] {taskinstance.py:1238} INFO - 
--------------------------------------------------------------------------------
[2022-04-15 23:27:38,288] {taskinstance.py:1239} INFO - Starting attempt 2 of 3
[2022-04-15 23:27:38,290] {taskinstance.py:1240} INFO - 
--------------------------------------------------------------------------------
[2022-04-15 23:27:38,317] {taskinstance.py:1259} INFO - Executing <Task(GCSToGCSOperator): gcs_2_gcs_task> on 2022-04-14 00:00:00+00:00
[2022-04-15 23:27:38,327] {standard_task_runner.py:52} INFO - Started process 2516 to run task
[2022-04-15 23:27:38,336] {standard_task_runner.py:76} INFO - Running: ['***', 'tasks', 'run', 'live_coded_gcs_2_bg_dag', 'gcs_2_gcs_task', 'scheduled__2022-04-14T00:00:00+00:00', '--job-id', '2075', '--raw', '--subdir', 'DAGS_FOLDER/gcs_2_bq_dag.py', '--cfg-path', '/tmp/tmpu8t52sr2', '--error-file', '/tmp/tmpgsxg6xf1']
[2022-04-15 23:27:38,340] {standard_task_runner.py:77} INFO - Job 2075: Subtask gcs_2_gcs_task
[2022-04-15 23:27:38,420] {logging_mixin.py:109} INFO - Running <TaskInstance: live_coded_gcs_2_bg_dag.gcs_2_gcs_task scheduled__2022-04-14T00:00:00+00:00 [running]> on host fafd9ac351ac
[2022-04-15 23:27:38,485] {taskinstance.py:1426} INFO - Exporting the following env vars:
AIRFLOW_CTX_DAG_OWNER=***
AIRFLOW_CTX_DAG_ID=live_coded_gcs_2_bg_dag
AIRFLOW_CTX_TASK_ID=gcs_2_gcs_task
AIRFLOW_CTX_EXECUTION_DATE=2022-04-14T00:00:00+00:00
AIRFLOW_CTX_DAG_RUN_ID=scheduled__2022-04-14T00:00:00+00:00
[2022-04-15 23:27:38,487] {crypto.py:82} WARNING - empty cryptography key - values will not be stored encrypted.
[2022-04-15 23:27:38,488] {gcs_to_gcs.py:346} INFO - Delimiter ignored because wildcard is in prefix
[2022-04-15 23:27:40,184] {taskinstance.py:1277} INFO - Marking task as SUCCESS. dag_id=live_coded_gcs_2_bg_dag, task_id=gcs_2_gcs_task, execution_date=20220414T000000, start_date=20220415T232738, end_date=20220415T232740
[2022-04-15 23:27:40,244] {local_task_job.py:154} INFO - Task exited with return code 0
[2022-04-15 23:27:40,288] {local_task_job.py:264} INFO - 1 downstream tasks scheduled from follow-on schedule check
