[2022-04-13 21:56:13,477] {taskinstance.py:1032} INFO - Dependencies all met for <TaskInstance: LocalIngestionDAG.ingest scheduled__2021-11-02T06:00:08+00:00 [queued]>
[2022-04-13 21:56:13,492] {taskinstance.py:1032} INFO - Dependencies all met for <TaskInstance: LocalIngestionDAG.ingest scheduled__2021-11-02T06:00:08+00:00 [queued]>
[2022-04-13 21:56:13,493] {taskinstance.py:1238} INFO - 
--------------------------------------------------------------------------------
[2022-04-13 21:56:13,493] {taskinstance.py:1239} INFO - Starting attempt 1 of 1
[2022-04-13 21:56:13,493] {taskinstance.py:1240} INFO - 
--------------------------------------------------------------------------------
[2022-04-13 21:56:13,509] {taskinstance.py:1259} INFO - Executing <Task(BashOperator): ingest> on 2021-11-02 06:00:08+00:00
[2022-04-13 21:56:13,513] {standard_task_runner.py:52} INFO - Started process 6988 to run task
[2022-04-13 21:56:13,518] {standard_task_runner.py:76} INFO - Running: ['***', 'tasks', 'run', 'LocalIngestionDAG', 'ingest', 'scheduled__2021-11-02T06:00:08+00:00', '--job-id', '1352', '--raw', '--subdir', 'DAGS_FOLDER/data_ingestion_local.py', '--cfg-path', '/tmp/tmpq4k10ki_', '--error-file', '/tmp/tmp634_oq1_']
[2022-04-13 21:56:13,520] {standard_task_runner.py:77} INFO - Job 1352: Subtask ingest
[2022-04-13 21:56:13,600] {logging_mixin.py:109} INFO - Running <TaskInstance: LocalIngestionDAG.ingest scheduled__2021-11-02T06:00:08+00:00 [running]> on host 13db72185839
[2022-04-13 21:56:13,731] {taskinstance.py:1426} INFO - Exporting the following env vars:
AIRFLOW_CTX_DAG_OWNER=***
AIRFLOW_CTX_DAG_ID=LocalIngestionDAG
AIRFLOW_CTX_TASK_ID=ingest
AIRFLOW_CTX_EXECUTION_DATE=2021-11-02T06:00:08+00:00
AIRFLOW_CTX_DAG_RUN_ID=scheduled__2021-11-02T06:00:08+00:00
[2022-04-13 21:56:13,733] {subprocess.py:62} INFO - Tmp dir root location: 
 /tmp
[2022-04-13 21:56:13,735] {subprocess.py:74} INFO - Running command: ['bash', '-c', 'ls /opt/***']
[2022-04-13 21:56:13,751] {subprocess.py:85} INFO - Output:
[2022-04-13 21:56:13,761] {subprocess.py:89} INFO - ***.cfg
[2022-04-13 21:56:13,762] {subprocess.py:89} INFO - dags
[2022-04-13 21:56:13,762] {subprocess.py:89} INFO - logs
[2022-04-13 21:56:13,763] {subprocess.py:89} INFO - output.csv
[2022-04-13 21:56:13,763] {subprocess.py:89} INFO - plugins
[2022-04-13 21:56:13,764] {subprocess.py:89} INFO - requirements.txt
[2022-04-13 21:56:13,764] {subprocess.py:89} INFO - scripts
[2022-04-13 21:56:13,765] {subprocess.py:89} INFO - webserver_config.py
[2022-04-13 21:56:13,765] {subprocess.py:93} INFO - Command exited with return code 0
[2022-04-13 21:56:13,819] {taskinstance.py:1277} INFO - Marking task as SUCCESS. dag_id=LocalIngestionDAG, task_id=ingest, execution_date=20211102T060008, start_date=20220413T215613, end_date=20220413T215613
[2022-04-13 21:56:13,851] {local_task_job.py:154} INFO - Task exited with return code 0
[2022-04-13 21:56:13,959] {local_task_job.py:264} INFO - 0 downstream tasks scheduled from follow-on schedule check
