[2022-04-13 22:34:56,440] {taskinstance.py:1032} INFO - Dependencies all met for <TaskInstance: LocalIngestionDAG.ingest scheduled__2022-03-02T06:00:20+00:00 [queued]>
[2022-04-13 22:34:56,483] {taskinstance.py:1032} INFO - Dependencies all met for <TaskInstance: LocalIngestionDAG.ingest scheduled__2022-03-02T06:00:20+00:00 [queued]>
[2022-04-13 22:34:56,484] {taskinstance.py:1238} INFO - 
--------------------------------------------------------------------------------
[2022-04-13 22:34:56,485] {taskinstance.py:1239} INFO - Starting attempt 1 of 1
[2022-04-13 22:34:56,485] {taskinstance.py:1240} INFO - 
--------------------------------------------------------------------------------
[2022-04-13 22:34:56,714] {taskinstance.py:1259} INFO - Executing <Task(BashOperator): ingest> on 2022-03-02 06:00:20+00:00
[2022-04-13 22:34:56,734] {standard_task_runner.py:52} INFO - Started process 10717 to run task
[2022-04-13 22:34:56,752] {standard_task_runner.py:76} INFO - Running: ['***', 'tasks', 'run', 'LocalIngestionDAG', 'ingest', 'scheduled__2022-03-02T06:00:20+00:00', '--job-id', '1816', '--raw', '--subdir', 'DAGS_FOLDER/data_ingestion_local.py', '--cfg-path', '/tmp/tmpoxmazhvw', '--error-file', '/tmp/tmpk0ne2pc5']
[2022-04-13 22:34:56,755] {standard_task_runner.py:77} INFO - Job 1816: Subtask ingest
[2022-04-13 22:34:57,005] {logging_mixin.py:109} INFO - Running <TaskInstance: LocalIngestionDAG.ingest scheduled__2022-03-02T06:00:20+00:00 [running]> on host 13db72185839
[2022-04-13 22:34:57,295] {taskinstance.py:1426} INFO - Exporting the following env vars:
AIRFLOW_CTX_DAG_OWNER=***
AIRFLOW_CTX_DAG_ID=LocalIngestionDAG
AIRFLOW_CTX_TASK_ID=ingest
AIRFLOW_CTX_EXECUTION_DATE=2022-03-02T06:00:20+00:00
AIRFLOW_CTX_DAG_RUN_ID=scheduled__2022-03-02T06:00:20+00:00
[2022-04-13 22:34:57,298] {subprocess.py:62} INFO - Tmp dir root location: 
 /tmp
[2022-04-13 22:34:57,303] {subprocess.py:74} INFO - Running command: ['bash', '-c', 'ls /opt/***']
[2022-04-13 22:34:57,319] {subprocess.py:85} INFO - Output:
[2022-04-13 22:34:57,333] {subprocess.py:89} INFO - ***.cfg
[2022-04-13 22:34:57,334] {subprocess.py:89} INFO - dags
[2022-04-13 22:34:57,335] {subprocess.py:89} INFO - logs
[2022-04-13 22:34:57,336] {subprocess.py:89} INFO - output.csv
[2022-04-13 22:34:57,336] {subprocess.py:89} INFO - plugins
[2022-04-13 22:34:57,337] {subprocess.py:89} INFO - requirements.txt
[2022-04-13 22:34:57,337] {subprocess.py:89} INFO - scripts
[2022-04-13 22:34:57,338] {subprocess.py:89} INFO - webserver_config.py
[2022-04-13 22:34:57,338] {subprocess.py:93} INFO - Command exited with return code 0
[2022-04-13 22:34:57,380] {taskinstance.py:1277} INFO - Marking task as SUCCESS. dag_id=LocalIngestionDAG, task_id=ingest, execution_date=20220302T060020, start_date=20220413T223456, end_date=20220413T223457
[2022-04-13 22:34:57,452] {local_task_job.py:154} INFO - Task exited with return code 0
[2022-04-13 22:34:57,693] {local_task_job.py:264} INFO - 0 downstream tasks scheduled from follow-on schedule check
