[2022-04-13 21:23:53,360] {taskinstance.py:1032} INFO - Dependencies all met for <TaskInstance: LocalIngestionDAG.ingest scheduled__2021-07-02T06:00:09+00:00 [queued]>
[2022-04-13 21:23:53,381] {taskinstance.py:1032} INFO - Dependencies all met for <TaskInstance: LocalIngestionDAG.ingest scheduled__2021-07-02T06:00:09+00:00 [queued]>
[2022-04-13 21:23:53,382] {taskinstance.py:1238} INFO - 
--------------------------------------------------------------------------------
[2022-04-13 21:23:53,382] {taskinstance.py:1239} INFO - Starting attempt 1 of 1
[2022-04-13 21:23:53,383] {taskinstance.py:1240} INFO - 
--------------------------------------------------------------------------------
[2022-04-13 21:23:53,416] {taskinstance.py:1259} INFO - Executing <Task(BashOperator): ingest> on 2021-07-02 06:00:09+00:00
[2022-04-13 21:23:53,423] {standard_task_runner.py:52} INFO - Started process 3711 to run task
[2022-04-13 21:23:53,428] {standard_task_runner.py:76} INFO - Running: ['***', 'tasks', 'run', 'LocalIngestionDAG', 'ingest', 'scheduled__2021-07-02T06:00:09+00:00', '--job-id', '861', '--raw', '--subdir', 'DAGS_FOLDER/data_ingestion_local.py', '--cfg-path', '/tmp/tmp82hye0sj', '--error-file', '/tmp/tmp39_7yz9e']
[2022-04-13 21:23:53,431] {standard_task_runner.py:77} INFO - Job 861: Subtask ingest
[2022-04-13 21:23:53,580] {logging_mixin.py:109} INFO - Running <TaskInstance: LocalIngestionDAG.ingest scheduled__2021-07-02T06:00:09+00:00 [running]> on host 13db72185839
[2022-04-13 21:23:53,695] {taskinstance.py:1426} INFO - Exporting the following env vars:
AIRFLOW_CTX_DAG_OWNER=***
AIRFLOW_CTX_DAG_ID=LocalIngestionDAG
AIRFLOW_CTX_TASK_ID=ingest
AIRFLOW_CTX_EXECUTION_DATE=2021-07-02T06:00:09+00:00
AIRFLOW_CTX_DAG_RUN_ID=scheduled__2021-07-02T06:00:09+00:00
[2022-04-13 21:23:53,697] {subprocess.py:62} INFO - Tmp dir root location: 
 /tmp
[2022-04-13 21:23:53,698] {subprocess.py:74} INFO - Running command: ['bash', '-c', 'pwd']
[2022-04-13 21:23:53,710] {subprocess.py:85} INFO - Output:
[2022-04-13 21:23:53,713] {subprocess.py:89} INFO - /tmp/***tmpufonqgrz
[2022-04-13 21:23:53,714] {subprocess.py:93} INFO - Command exited with return code 0
[2022-04-13 21:23:53,778] {taskinstance.py:1277} INFO - Marking task as SUCCESS. dag_id=LocalIngestionDAG, task_id=ingest, execution_date=20210702T060009, start_date=20220413T212353, end_date=20220413T212353
[2022-04-13 21:23:53,851] {local_task_job.py:154} INFO - Task exited with return code 0
[2022-04-13 21:23:54,139] {local_task_job.py:264} INFO - 0 downstream tasks scheduled from follow-on schedule check
