[2022-04-13 21:18:08,271] {taskinstance.py:1032} INFO - Dependencies all met for <TaskInstance: LocalIngestionDAG.wget scheduled__2021-03-02T06:00:55+00:00 [queued]>
[2022-04-13 21:18:08,302] {taskinstance.py:1032} INFO - Dependencies all met for <TaskInstance: LocalIngestionDAG.wget scheduled__2021-03-02T06:00:55+00:00 [queued]>
[2022-04-13 21:18:08,306] {taskinstance.py:1238} INFO - 
--------------------------------------------------------------------------------
[2022-04-13 21:18:08,307] {taskinstance.py:1239} INFO - Starting attempt 1 of 1
[2022-04-13 21:18:08,308] {taskinstance.py:1240} INFO - 
--------------------------------------------------------------------------------
[2022-04-13 21:18:08,382] {taskinstance.py:1259} INFO - Executing <Task(BashOperator): wget> on 2021-03-02 06:00:55+00:00
[2022-04-13 21:18:08,398] {standard_task_runner.py:52} INFO - Started process 2237 to run task
[2022-04-13 21:18:08,402] {standard_task_runner.py:76} INFO - Running: ['***', 'tasks', 'run', 'LocalIngestionDAG', 'wget', 'scheduled__2021-03-02T06:00:55+00:00', '--job-id', '468', '--raw', '--subdir', 'DAGS_FOLDER/data_ingestion_local.py', '--cfg-path', '/tmp/tmpkimam5kf', '--error-file', '/tmp/tmpo28jk9d5']
[2022-04-13 21:18:08,427] {standard_task_runner.py:77} INFO - Job 468: Subtask wget
[2022-04-13 21:18:08,650] {logging_mixin.py:109} INFO - Running <TaskInstance: LocalIngestionDAG.wget scheduled__2021-03-02T06:00:55+00:00 [running]> on host 13db72185839
[2022-04-13 21:18:08,808] {taskinstance.py:1426} INFO - Exporting the following env vars:
AIRFLOW_CTX_DAG_OWNER=***
AIRFLOW_CTX_DAG_ID=LocalIngestionDAG
AIRFLOW_CTX_TASK_ID=wget
AIRFLOW_CTX_EXECUTION_DATE=2021-03-02T06:00:55+00:00
AIRFLOW_CTX_DAG_RUN_ID=scheduled__2021-03-02T06:00:55+00:00
[2022-04-13 21:18:08,810] {subprocess.py:62} INFO - Tmp dir root location: 
 /tmp
[2022-04-13 21:18:08,812] {subprocess.py:74} INFO - Running command: ['bash', '-c', 'echo "hello world"']
[2022-04-13 21:18:08,826] {subprocess.py:85} INFO - Output:
[2022-04-13 21:18:08,832] {subprocess.py:89} INFO - hello world
[2022-04-13 21:18:08,834] {subprocess.py:93} INFO - Command exited with return code 0
[2022-04-13 21:18:08,975] {taskinstance.py:1277} INFO - Marking task as SUCCESS. dag_id=LocalIngestionDAG, task_id=wget, execution_date=20210302T060055, start_date=20220413T211808, end_date=20220413T211808
[2022-04-13 21:18:09,041] {local_task_job.py:154} INFO - Task exited with return code 0
[2022-04-13 21:18:09,392] {local_task_job.py:264} INFO - 0 downstream tasks scheduled from follow-on schedule check
