[2022-04-13 22:33:33,823] {taskinstance.py:1032} INFO - Dependencies all met for <TaskInstance: LocalIngestionDAG.ingest scheduled__2022-02-02T06:00:23+00:00 [queued]>
[2022-04-13 22:33:33,897] {taskinstance.py:1032} INFO - Dependencies all met for <TaskInstance: LocalIngestionDAG.ingest scheduled__2022-02-02T06:00:23+00:00 [queued]>
[2022-04-13 22:33:33,897] {taskinstance.py:1238} INFO - 
--------------------------------------------------------------------------------
[2022-04-13 22:33:33,898] {taskinstance.py:1239} INFO - Starting attempt 1 of 1
[2022-04-13 22:33:33,899] {taskinstance.py:1240} INFO - 
--------------------------------------------------------------------------------
[2022-04-13 22:33:33,958] {taskinstance.py:1259} INFO - Executing <Task(BashOperator): ingest> on 2022-02-02 06:00:23+00:00
[2022-04-13 22:33:33,999] {standard_task_runner.py:52} INFO - Started process 10180 to run task
[2022-04-13 22:33:34,006] {standard_task_runner.py:76} INFO - Running: ['***', 'tasks', 'run', 'LocalIngestionDAG', 'ingest', 'scheduled__2022-02-02T06:00:23+00:00', '--job-id', '1700', '--raw', '--subdir', 'DAGS_FOLDER/data_ingestion_local.py', '--cfg-path', '/tmp/tmp37sobq3m', '--error-file', '/tmp/tmphgq8iqi1']
[2022-04-13 22:33:34,009] {standard_task_runner.py:77} INFO - Job 1700: Subtask ingest
[2022-04-13 22:33:34,221] {logging_mixin.py:109} INFO - Running <TaskInstance: LocalIngestionDAG.ingest scheduled__2022-02-02T06:00:23+00:00 [running]> on host 13db72185839
[2022-04-13 22:33:34,422] {taskinstance.py:1426} INFO - Exporting the following env vars:
AIRFLOW_CTX_DAG_OWNER=***
AIRFLOW_CTX_DAG_ID=LocalIngestionDAG
AIRFLOW_CTX_TASK_ID=ingest
AIRFLOW_CTX_EXECUTION_DATE=2022-02-02T06:00:23+00:00
AIRFLOW_CTX_DAG_RUN_ID=scheduled__2022-02-02T06:00:23+00:00
[2022-04-13 22:33:34,425] {subprocess.py:62} INFO - Tmp dir root location: 
 /tmp
[2022-04-13 22:33:34,426] {subprocess.py:74} INFO - Running command: ['bash', '-c', 'ls /opt/***']
[2022-04-13 22:33:34,460] {subprocess.py:85} INFO - Output:
[2022-04-13 22:33:34,494] {subprocess.py:89} INFO - ***.cfg
[2022-04-13 22:33:34,500] {subprocess.py:89} INFO - dags
[2022-04-13 22:33:34,501] {subprocess.py:89} INFO - logs
[2022-04-13 22:33:34,509] {subprocess.py:89} INFO - output.csv
[2022-04-13 22:33:34,513] {subprocess.py:89} INFO - plugins
[2022-04-13 22:33:34,515] {subprocess.py:89} INFO - requirements.txt
[2022-04-13 22:33:34,515] {subprocess.py:89} INFO - scripts
[2022-04-13 22:33:34,516] {subprocess.py:89} INFO - webserver_config.py
[2022-04-13 22:33:34,517] {subprocess.py:93} INFO - Command exited with return code 0
[2022-04-13 22:33:34,564] {taskinstance.py:1277} INFO - Marking task as SUCCESS. dag_id=LocalIngestionDAG, task_id=ingest, execution_date=20220202T060023, start_date=20220413T223333, end_date=20220413T223334
[2022-04-13 22:33:34,635] {local_task_job.py:154} INFO - Task exited with return code 0
[2022-04-13 22:33:34,993] {local_task_job.py:264} INFO - 0 downstream tasks scheduled from follow-on schedule check
