[2022-04-13 21:16:04,992] {taskinstance.py:1032} INFO - Dependencies all met for <TaskInstance: LocalIngestionDAG.wget scheduled__2021-01-02T06:00:31+00:00 [queued]>
[2022-04-13 21:16:05,009] {taskinstance.py:1032} INFO - Dependencies all met for <TaskInstance: LocalIngestionDAG.wget scheduled__2021-01-02T06:00:31+00:00 [queued]>
[2022-04-13 21:16:05,010] {taskinstance.py:1238} INFO - 
--------------------------------------------------------------------------------
[2022-04-13 21:16:05,011] {taskinstance.py:1239} INFO - Starting attempt 1 of 1
[2022-04-13 21:16:05,012] {taskinstance.py:1240} INFO - 
--------------------------------------------------------------------------------
[2022-04-13 21:16:05,033] {taskinstance.py:1259} INFO - Executing <Task(BashOperator): wget> on 2021-01-02 06:00:31+00:00
[2022-04-13 21:16:05,039] {standard_task_runner.py:52} INFO - Started process 1273 to run task
[2022-04-13 21:16:05,044] {standard_task_runner.py:76} INFO - Running: ['***', 'tasks', 'run', 'LocalIngestionDAG', 'wget', 'scheduled__2021-01-02T06:00:31+00:00', '--job-id', '183', '--raw', '--subdir', 'DAGS_FOLDER/data_ingestion_local.py', '--cfg-path', '/tmp/tmpd1kcino0', '--error-file', '/tmp/tmp2ahl6riq']
[2022-04-13 21:16:05,046] {standard_task_runner.py:77} INFO - Job 183: Subtask wget
[2022-04-13 21:16:05,131] {logging_mixin.py:109} INFO - Running <TaskInstance: LocalIngestionDAG.wget scheduled__2021-01-02T06:00:31+00:00 [running]> on host 13db72185839
[2022-04-13 21:16:05,201] {taskinstance.py:1426} INFO - Exporting the following env vars:
AIRFLOW_CTX_DAG_OWNER=***
AIRFLOW_CTX_DAG_ID=LocalIngestionDAG
AIRFLOW_CTX_TASK_ID=wget
AIRFLOW_CTX_EXECUTION_DATE=2021-01-02T06:00:31+00:00
AIRFLOW_CTX_DAG_RUN_ID=scheduled__2021-01-02T06:00:31+00:00
[2022-04-13 21:16:05,202] {subprocess.py:62} INFO - Tmp dir root location: 
 /tmp
[2022-04-13 21:16:05,204] {subprocess.py:74} INFO - Running command: ['bash', '-c', 'echo "hello world"']
[2022-04-13 21:16:05,217] {subprocess.py:85} INFO - Output:
[2022-04-13 21:16:05,219] {subprocess.py:89} INFO - hello world
[2022-04-13 21:16:05,221] {subprocess.py:93} INFO - Command exited with return code 0
[2022-04-13 21:16:05,260] {taskinstance.py:1277} INFO - Marking task as SUCCESS. dag_id=LocalIngestionDAG, task_id=wget, execution_date=20210102T060031, start_date=20220413T211604, end_date=20220413T211605
[2022-04-13 21:16:05,296] {local_task_job.py:154} INFO - Task exited with return code 0
[2022-04-13 21:16:05,466] {local_task_job.py:264} INFO - 0 downstream tasks scheduled from follow-on schedule check
