[2022-04-13 21:24:12,414] {taskinstance.py:1032} INFO - Dependencies all met for <TaskInstance: LocalIngestionDAG.ingest scheduled__2021-07-02T06:00:27+00:00 [queued]>
[2022-04-13 21:24:12,463] {taskinstance.py:1032} INFO - Dependencies all met for <TaskInstance: LocalIngestionDAG.ingest scheduled__2021-07-02T06:00:27+00:00 [queued]>
[2022-04-13 21:24:12,464] {taskinstance.py:1238} INFO - 
--------------------------------------------------------------------------------
[2022-04-13 21:24:12,468] {taskinstance.py:1239} INFO - Starting attempt 1 of 1
[2022-04-13 21:24:12,469] {taskinstance.py:1240} INFO - 
--------------------------------------------------------------------------------
[2022-04-13 21:24:12,534] {taskinstance.py:1259} INFO - Executing <Task(BashOperator): ingest> on 2021-07-02 06:00:27+00:00
[2022-04-13 21:24:12,573] {standard_task_runner.py:52} INFO - Started process 3837 to run task
[2022-04-13 21:24:12,584] {standard_task_runner.py:76} INFO - Running: ['***', 'tasks', 'run', 'LocalIngestionDAG', 'ingest', 'scheduled__2021-07-02T06:00:27+00:00', '--job-id', '899', '--raw', '--subdir', 'DAGS_FOLDER/data_ingestion_local.py', '--cfg-path', '/tmp/tmpjxkx3qdq', '--error-file', '/tmp/tmpq1w18d1j']
[2022-04-13 21:24:12,599] {standard_task_runner.py:77} INFO - Job 899: Subtask ingest
[2022-04-13 21:24:12,915] {logging_mixin.py:109} INFO - Running <TaskInstance: LocalIngestionDAG.ingest scheduled__2021-07-02T06:00:27+00:00 [running]> on host 13db72185839
[2022-04-13 21:24:13,069] {taskinstance.py:1426} INFO - Exporting the following env vars:
AIRFLOW_CTX_DAG_OWNER=***
AIRFLOW_CTX_DAG_ID=LocalIngestionDAG
AIRFLOW_CTX_TASK_ID=ingest
AIRFLOW_CTX_EXECUTION_DATE=2021-07-02T06:00:27+00:00
AIRFLOW_CTX_DAG_RUN_ID=scheduled__2021-07-02T06:00:27+00:00
[2022-04-13 21:24:13,076] {subprocess.py:62} INFO - Tmp dir root location: 
 /tmp
[2022-04-13 21:24:13,078] {subprocess.py:74} INFO - Running command: ['bash', '-c', 'pwd']
[2022-04-13 21:24:13,119] {subprocess.py:85} INFO - Output:
[2022-04-13 21:24:13,143] {subprocess.py:89} INFO - /tmp/***tmplxu3r51z
[2022-04-13 21:24:13,160] {subprocess.py:93} INFO - Command exited with return code 0
[2022-04-13 21:24:13,280] {taskinstance.py:1277} INFO - Marking task as SUCCESS. dag_id=LocalIngestionDAG, task_id=ingest, execution_date=20210702T060027, start_date=20220413T212412, end_date=20220413T212413
[2022-04-13 21:24:13,426] {local_task_job.py:154} INFO - Task exited with return code 0
[2022-04-13 21:24:13,559] {local_task_job.py:264} INFO - 0 downstream tasks scheduled from follow-on schedule check
