[2022-04-13 22:35:33,264] {taskinstance.py:1032} INFO - Dependencies all met for <TaskInstance: LocalIngestionDAG.ingest scheduled__2022-03-02T06:00:54+00:00 [queued]>
[2022-04-13 22:35:33,319] {taskinstance.py:1032} INFO - Dependencies all met for <TaskInstance: LocalIngestionDAG.ingest scheduled__2022-03-02T06:00:54+00:00 [queued]>
[2022-04-13 22:35:33,323] {taskinstance.py:1238} INFO - 
--------------------------------------------------------------------------------
[2022-04-13 22:35:33,324] {taskinstance.py:1239} INFO - Starting attempt 1 of 1
[2022-04-13 22:35:33,325] {taskinstance.py:1240} INFO - 
--------------------------------------------------------------------------------
[2022-04-13 22:35:33,418] {taskinstance.py:1259} INFO - Executing <Task(BashOperator): ingest> on 2022-03-02 06:00:54+00:00
[2022-04-13 22:35:33,453] {standard_task_runner.py:52} INFO - Started process 11018 to run task
[2022-04-13 22:35:33,466] {standard_task_runner.py:76} INFO - Running: ['***', 'tasks', 'run', 'LocalIngestionDAG', 'ingest', 'scheduled__2022-03-02T06:00:54+00:00', '--job-id', '1886', '--raw', '--subdir', 'DAGS_FOLDER/data_ingestion_local.py', '--cfg-path', '/tmp/tmpz29d7ir3', '--error-file', '/tmp/tmpby2jzej7']
[2022-04-13 22:35:33,470] {standard_task_runner.py:77} INFO - Job 1886: Subtask ingest
[2022-04-13 22:35:33,721] {logging_mixin.py:109} INFO - Running <TaskInstance: LocalIngestionDAG.ingest scheduled__2022-03-02T06:00:54+00:00 [running]> on host 13db72185839
[2022-04-13 22:35:33,962] {taskinstance.py:1426} INFO - Exporting the following env vars:
AIRFLOW_CTX_DAG_OWNER=***
AIRFLOW_CTX_DAG_ID=LocalIngestionDAG
AIRFLOW_CTX_TASK_ID=ingest
AIRFLOW_CTX_EXECUTION_DATE=2022-03-02T06:00:54+00:00
AIRFLOW_CTX_DAG_RUN_ID=scheduled__2022-03-02T06:00:54+00:00
[2022-04-13 22:35:33,965] {subprocess.py:62} INFO - Tmp dir root location: 
 /tmp
[2022-04-13 22:35:33,967] {subprocess.py:74} INFO - Running command: ['bash', '-c', 'ls /opt/***']
[2022-04-13 22:35:33,995] {subprocess.py:85} INFO - Output:
[2022-04-13 22:35:34,003] {subprocess.py:89} INFO - ***.cfg
[2022-04-13 22:35:34,006] {subprocess.py:89} INFO - dags
[2022-04-13 22:35:34,007] {subprocess.py:89} INFO - logs
[2022-04-13 22:35:34,009] {subprocess.py:89} INFO - output.csv
[2022-04-13 22:35:34,009] {subprocess.py:89} INFO - output_2022-03.csv
[2022-04-13 22:35:34,010] {subprocess.py:89} INFO - plugins
[2022-04-13 22:35:34,011] {subprocess.py:89} INFO - requirements.txt
[2022-04-13 22:35:34,012] {subprocess.py:89} INFO - scripts
[2022-04-13 22:35:34,012] {subprocess.py:89} INFO - webserver_config.py
[2022-04-13 22:35:34,013] {subprocess.py:93} INFO - Command exited with return code 0
[2022-04-13 22:35:34,084] {taskinstance.py:1277} INFO - Marking task as SUCCESS. dag_id=LocalIngestionDAG, task_id=ingest, execution_date=20220302T060054, start_date=20220413T223533, end_date=20220413T223534
[2022-04-13 22:35:34,174] {local_task_job.py:154} INFO - Task exited with return code 0
[2022-04-13 22:35:34,241] {local_task_job.py:264} INFO - 0 downstream tasks scheduled from follow-on schedule check
