[2022-04-13 21:15:52,293] {taskinstance.py:1032} INFO - Dependencies all met for <TaskInstance: LocalIngestionDAG.wget scheduled__2021-01-02T06:00:16+00:00 [queued]>
[2022-04-13 21:15:52,312] {taskinstance.py:1032} INFO - Dependencies all met for <TaskInstance: LocalIngestionDAG.wget scheduled__2021-01-02T06:00:16+00:00 [queued]>
[2022-04-13 21:15:52,314] {taskinstance.py:1238} INFO - 
--------------------------------------------------------------------------------
[2022-04-13 21:15:52,315] {taskinstance.py:1239} INFO - Starting attempt 1 of 1
[2022-04-13 21:15:52,317] {taskinstance.py:1240} INFO - 
--------------------------------------------------------------------------------
[2022-04-13 21:15:52,350] {taskinstance.py:1259} INFO - Executing <Task(BashOperator): wget> on 2021-01-02 06:00:16+00:00
[2022-04-13 21:15:52,357] {standard_task_runner.py:52} INFO - Started process 1174 to run task
[2022-04-13 21:15:52,365] {standard_task_runner.py:76} INFO - Running: ['***', 'tasks', 'run', 'LocalIngestionDAG', 'wget', 'scheduled__2021-01-02T06:00:16+00:00', '--job-id', '153', '--raw', '--subdir', 'DAGS_FOLDER/data_ingestion_local.py', '--cfg-path', '/tmp/tmp61sn4uzx', '--error-file', '/tmp/tmph_i_ij8i']
[2022-04-13 21:15:52,367] {standard_task_runner.py:77} INFO - Job 153: Subtask wget
[2022-04-13 21:15:52,446] {logging_mixin.py:109} INFO - Running <TaskInstance: LocalIngestionDAG.wget scheduled__2021-01-02T06:00:16+00:00 [running]> on host 13db72185839
[2022-04-13 21:15:52,529] {taskinstance.py:1426} INFO - Exporting the following env vars:
AIRFLOW_CTX_DAG_OWNER=***
AIRFLOW_CTX_DAG_ID=LocalIngestionDAG
AIRFLOW_CTX_TASK_ID=wget
AIRFLOW_CTX_EXECUTION_DATE=2021-01-02T06:00:16+00:00
AIRFLOW_CTX_DAG_RUN_ID=scheduled__2021-01-02T06:00:16+00:00
[2022-04-13 21:15:52,530] {subprocess.py:62} INFO - Tmp dir root location: 
 /tmp
[2022-04-13 21:15:52,532] {subprocess.py:74} INFO - Running command: ['bash', '-c', 'echo "hello world"']
[2022-04-13 21:15:52,551] {subprocess.py:85} INFO - Output:
[2022-04-13 21:15:52,558] {subprocess.py:89} INFO - hello world
[2022-04-13 21:15:52,559] {subprocess.py:93} INFO - Command exited with return code 0
[2022-04-13 21:15:52,618] {taskinstance.py:1277} INFO - Marking task as SUCCESS. dag_id=LocalIngestionDAG, task_id=wget, execution_date=20210102T060016, start_date=20220413T211552, end_date=20220413T211552
[2022-04-13 21:15:52,699] {local_task_job.py:154} INFO - Task exited with return code 0
[2022-04-13 21:15:52,750] {local_task_job.py:264} INFO - 1 downstream tasks scheduled from follow-on schedule check
