[2022-04-13 21:24:30,408] {taskinstance.py:1032} INFO - Dependencies all met for <TaskInstance: LocalIngestionDAG.wget scheduled__2021-07-02T06:00:49+00:00 [queued]>
[2022-04-13 21:24:30,436] {taskinstance.py:1032} INFO - Dependencies all met for <TaskInstance: LocalIngestionDAG.wget scheduled__2021-07-02T06:00:49+00:00 [queued]>
[2022-04-13 21:24:30,438] {taskinstance.py:1238} INFO - 
--------------------------------------------------------------------------------
[2022-04-13 21:24:30,440] {taskinstance.py:1239} INFO - Starting attempt 1 of 1
[2022-04-13 21:24:30,441] {taskinstance.py:1240} INFO - 
--------------------------------------------------------------------------------
[2022-04-13 21:24:30,473] {taskinstance.py:1259} INFO - Executing <Task(BashOperator): wget> on 2021-07-02 06:00:49+00:00
[2022-04-13 21:24:30,479] {standard_task_runner.py:52} INFO - Started process 3961 to run task
[2022-04-13 21:24:30,487] {standard_task_runner.py:76} INFO - Running: ['***', 'tasks', 'run', 'LocalIngestionDAG', 'wget', 'scheduled__2021-07-02T06:00:49+00:00', '--job-id', '937', '--raw', '--subdir', 'DAGS_FOLDER/data_ingestion_local.py', '--cfg-path', '/tmp/tmp54uhwwf6', '--error-file', '/tmp/tmp6kk0iagi']
[2022-04-13 21:24:30,496] {standard_task_runner.py:77} INFO - Job 937: Subtask wget
[2022-04-13 21:24:30,687] {logging_mixin.py:109} INFO - Running <TaskInstance: LocalIngestionDAG.wget scheduled__2021-07-02T06:00:49+00:00 [running]> on host 13db72185839
[2022-04-13 21:24:30,837] {taskinstance.py:1426} INFO - Exporting the following env vars:
AIRFLOW_CTX_DAG_OWNER=***
AIRFLOW_CTX_DAG_ID=LocalIngestionDAG
AIRFLOW_CTX_TASK_ID=wget
AIRFLOW_CTX_EXECUTION_DATE=2021-07-02T06:00:49+00:00
AIRFLOW_CTX_DAG_RUN_ID=scheduled__2021-07-02T06:00:49+00:00
[2022-04-13 21:24:30,843] {subprocess.py:62} INFO - Tmp dir root location: 
 /tmp
[2022-04-13 21:24:30,846] {subprocess.py:74} INFO - Running command: ['bash', '-c', 'echo "hello world"']
[2022-04-13 21:24:30,862] {subprocess.py:85} INFO - Output:
[2022-04-13 21:24:30,865] {subprocess.py:89} INFO - hello world
[2022-04-13 21:24:30,866] {subprocess.py:93} INFO - Command exited with return code 0
[2022-04-13 21:24:30,917] {taskinstance.py:1277} INFO - Marking task as SUCCESS. dag_id=LocalIngestionDAG, task_id=wget, execution_date=20210702T060049, start_date=20220413T212430, end_date=20220413T212430
[2022-04-13 21:24:30,986] {local_task_job.py:154} INFO - Task exited with return code 0
[2022-04-13 21:24:31,068] {local_task_job.py:264} INFO - 1 downstream tasks scheduled from follow-on schedule check
