[2022-04-13 22:21:37,575] {taskinstance.py:1032} INFO - Dependencies all met for <TaskInstance: LocalIngestionDAG.wget manual__2022-04-13T21:15:36.839665+00:00 [queued]>
[2022-04-13 22:21:37,594] {taskinstance.py:1032} INFO - Dependencies all met for <TaskInstance: LocalIngestionDAG.wget manual__2022-04-13T21:15:36.839665+00:00 [queued]>
[2022-04-13 22:21:37,595] {taskinstance.py:1238} INFO - 
--------------------------------------------------------------------------------
[2022-04-13 22:21:37,596] {taskinstance.py:1239} INFO - Starting attempt 3 of 3
[2022-04-13 22:21:37,596] {taskinstance.py:1240} INFO - 
--------------------------------------------------------------------------------
[2022-04-13 22:21:37,613] {taskinstance.py:1259} INFO - Executing <Task(BashOperator): wget> on 2022-04-13 21:15:36.839665+00:00
[2022-04-13 22:21:37,616] {standard_task_runner.py:52} INFO - Started process 8494 to run task
[2022-04-13 22:21:37,622] {standard_task_runner.py:76} INFO - Running: ['***', 'tasks', 'run', 'LocalIngestionDAG', 'wget', 'manual__2022-04-13T21:15:36.839665+00:00', '--job-id', '1409', '--raw', '--subdir', 'DAGS_FOLDER/data_ingestion_local.py', '--cfg-path', '/tmp/tmp17jcjsmh', '--error-file', '/tmp/tmp4swchh6t']
[2022-04-13 22:21:37,624] {standard_task_runner.py:77} INFO - Job 1409: Subtask wget
[2022-04-13 22:21:37,695] {logging_mixin.py:109} INFO - Running <TaskInstance: LocalIngestionDAG.wget manual__2022-04-13T21:15:36.839665+00:00 [running]> on host 13db72185839
[2022-04-13 22:21:37,760] {logging_mixin.py:109} WARNING - /home/***/.local/lib/python3.7/site-packages/***/utils/context.py:152 AirflowContextDeprecationWarning: Accessing 'execution_date' from the template is deprecated and will be removed in a future version. Please use 'data_interval_start' or 'logical_date' instead.
[2022-04-13 22:21:37,786] {taskinstance.py:1426} INFO - Exporting the following env vars:
AIRFLOW_CTX_DAG_OWNER=***
AIRFLOW_CTX_DAG_ID=LocalIngestionDAG
AIRFLOW_CTX_TASK_ID=wget
AIRFLOW_CTX_EXECUTION_DATE=2022-04-13T21:15:36.839665+00:00
AIRFLOW_CTX_DAG_RUN_ID=manual__2022-04-13T21:15:36.839665+00:00
[2022-04-13 22:21:37,788] {subprocess.py:62} INFO - Tmp dir root location: 
 /tmp
[2022-04-13 22:21:37,789] {subprocess.py:74} INFO - Running command: ['bash', '-c', 'echo "2022-04"']
[2022-04-13 22:21:37,799] {subprocess.py:85} INFO - Output:
[2022-04-13 22:21:37,801] {subprocess.py:89} INFO - 2022-04
[2022-04-13 22:21:37,802] {subprocess.py:93} INFO - Command exited with return code 0
[2022-04-13 22:21:37,840] {taskinstance.py:1277} INFO - Marking task as SUCCESS. dag_id=LocalIngestionDAG, task_id=wget, execution_date=20220413T211536, start_date=20220413T222137, end_date=20220413T222137
[2022-04-13 22:21:37,874] {local_task_job.py:154} INFO - Task exited with return code 0
[2022-04-13 22:21:37,915] {local_task_job.py:264} INFO - 1 downstream tasks scheduled from follow-on schedule check
