[2022-04-13 21:24:01,571] {taskinstance.py:1032} INFO - Dependencies all met for <TaskInstance: LocalIngestionDAG.wget scheduled__2021-07-02T06:00:20+00:00 [queued]>
[2022-04-13 21:24:01,642] {taskinstance.py:1032} INFO - Dependencies all met for <TaskInstance: LocalIngestionDAG.wget scheduled__2021-07-02T06:00:20+00:00 [queued]>
[2022-04-13 21:24:01,644] {taskinstance.py:1238} INFO - 
--------------------------------------------------------------------------------
[2022-04-13 21:24:01,653] {taskinstance.py:1239} INFO - Starting attempt 1 of 1
[2022-04-13 21:24:01,655] {taskinstance.py:1240} INFO - 
--------------------------------------------------------------------------------
[2022-04-13 21:24:01,734] {taskinstance.py:1259} INFO - Executing <Task(BashOperator): wget> on 2021-07-02 06:00:20+00:00
[2022-04-13 21:24:01,742] {standard_task_runner.py:52} INFO - Started process 3758 to run task
[2022-04-13 21:24:01,761] {standard_task_runner.py:76} INFO - Running: ['***', 'tasks', 'run', 'LocalIngestionDAG', 'wget', 'scheduled__2021-07-02T06:00:20+00:00', '--job-id', '878', '--raw', '--subdir', 'DAGS_FOLDER/data_ingestion_local.py', '--cfg-path', '/tmp/tmp6_z8gikm', '--error-file', '/tmp/tmpgf3awh11']
[2022-04-13 21:24:01,763] {standard_task_runner.py:77} INFO - Job 878: Subtask wget
[2022-04-13 21:24:01,992] {logging_mixin.py:109} INFO - Running <TaskInstance: LocalIngestionDAG.wget scheduled__2021-07-02T06:00:20+00:00 [running]> on host 13db72185839
[2022-04-13 21:24:02,194] {taskinstance.py:1426} INFO - Exporting the following env vars:
AIRFLOW_CTX_DAG_OWNER=***
AIRFLOW_CTX_DAG_ID=LocalIngestionDAG
AIRFLOW_CTX_TASK_ID=wget
AIRFLOW_CTX_EXECUTION_DATE=2021-07-02T06:00:20+00:00
AIRFLOW_CTX_DAG_RUN_ID=scheduled__2021-07-02T06:00:20+00:00
[2022-04-13 21:24:02,200] {subprocess.py:62} INFO - Tmp dir root location: 
 /tmp
[2022-04-13 21:24:02,203] {subprocess.py:74} INFO - Running command: ['bash', '-c', 'echo "hello world"']
[2022-04-13 21:24:02,234] {subprocess.py:85} INFO - Output:
[2022-04-13 21:24:02,247] {subprocess.py:89} INFO - hello world
[2022-04-13 21:24:02,253] {subprocess.py:93} INFO - Command exited with return code 0
[2022-04-13 21:24:02,379] {taskinstance.py:1277} INFO - Marking task as SUCCESS. dag_id=LocalIngestionDAG, task_id=wget, execution_date=20210702T060020, start_date=20220413T212401, end_date=20220413T212402
[2022-04-13 21:24:02,496] {local_task_job.py:154} INFO - Task exited with return code 0
[2022-04-13 21:24:03,055] {local_task_job.py:264} INFO - 0 downstream tasks scheduled from follow-on schedule check
