[2022-04-13 22:25:44,525] {taskinstance.py:1032} INFO - Dependencies all met for <TaskInstance: LocalIngestionDAG.wget scheduled__2021-12-02T06:00:07+00:00 [queued]>
[2022-04-13 22:25:44,557] {taskinstance.py:1032} INFO - Dependencies all met for <TaskInstance: LocalIngestionDAG.wget scheduled__2021-12-02T06:00:07+00:00 [queued]>
[2022-04-13 22:25:44,558] {taskinstance.py:1238} INFO - 
--------------------------------------------------------------------------------
[2022-04-13 22:25:44,559] {taskinstance.py:1239} INFO - Starting attempt 1 of 1
[2022-04-13 22:25:44,559] {taskinstance.py:1240} INFO - 
--------------------------------------------------------------------------------
[2022-04-13 22:25:44,592] {taskinstance.py:1259} INFO - Executing <Task(BashOperator): wget> on 2021-12-02 06:00:07+00:00
[2022-04-13 22:25:44,599] {standard_task_runner.py:52} INFO - Started process 8820 to run task
[2022-04-13 22:25:44,606] {standard_task_runner.py:76} INFO - Running: ['***', 'tasks', 'run', 'LocalIngestionDAG', 'wget', 'scheduled__2021-12-02T06:00:07+00:00', '--job-id', '1445', '--raw', '--subdir', 'DAGS_FOLDER/data_ingestion_local.py', '--cfg-path', '/tmp/tmpdua__rby', '--error-file', '/tmp/tmp59z8_1z_']
[2022-04-13 22:25:44,609] {standard_task_runner.py:77} INFO - Job 1445: Subtask wget
[2022-04-13 22:25:44,776] {logging_mixin.py:109} INFO - Running <TaskInstance: LocalIngestionDAG.wget scheduled__2021-12-02T06:00:07+00:00 [running]> on host 13db72185839
[2022-04-13 22:25:44,961] {logging_mixin.py:109} WARNING - /home/***/.local/lib/python3.7/site-packages/***/utils/context.py:152 AirflowContextDeprecationWarning: Accessing 'execution_date' from the template is deprecated and will be removed in a future version. Please use 'data_interval_start' or 'logical_date' instead.
[2022-04-13 22:25:45,029] {taskinstance.py:1426} INFO - Exporting the following env vars:
AIRFLOW_CTX_DAG_OWNER=***
AIRFLOW_CTX_DAG_ID=LocalIngestionDAG
AIRFLOW_CTX_TASK_ID=wget
AIRFLOW_CTX_EXECUTION_DATE=2021-12-02T06:00:07+00:00
AIRFLOW_CTX_DAG_RUN_ID=scheduled__2021-12-02T06:00:07+00:00
[2022-04-13 22:25:45,031] {subprocess.py:62} INFO - Tmp dir root location: 
 /tmp
[2022-04-13 22:25:45,033] {subprocess.py:74} INFO - Running command: ['bash', '-c', 'echo "2021-12"']
[2022-04-13 22:25:45,062] {subprocess.py:85} INFO - Output:
[2022-04-13 22:25:45,066] {subprocess.py:89} INFO - 2021-12
[2022-04-13 22:25:45,067] {subprocess.py:93} INFO - Command exited with return code 0
[2022-04-13 22:25:45,707] {taskinstance.py:1277} INFO - Marking task as SUCCESS. dag_id=LocalIngestionDAG, task_id=wget, execution_date=20211202T060007, start_date=20220413T222544, end_date=20220413T222545
[2022-04-13 22:25:45,802] {local_task_job.py:154} INFO - Task exited with return code 0
[2022-04-13 22:25:45,913] {local_task_job.py:264} INFO - 1 downstream tasks scheduled from follow-on schedule check
