[2022-04-13 22:36:18,767] {taskinstance.py:1032} INFO - Dependencies all met for <TaskInstance: LocalIngestionDAG.ingest scheduled__2022-04-02T06:00:34+00:00 [queued]>
[2022-04-13 22:36:18,813] {taskinstance.py:1032} INFO - Dependencies all met for <TaskInstance: LocalIngestionDAG.ingest scheduled__2022-04-02T06:00:34+00:00 [queued]>
[2022-04-13 22:36:18,815] {taskinstance.py:1238} INFO - 
--------------------------------------------------------------------------------
[2022-04-13 22:36:18,817] {taskinstance.py:1239} INFO - Starting attempt 1 of 1
[2022-04-13 22:36:18,819] {taskinstance.py:1240} INFO - 
--------------------------------------------------------------------------------
[2022-04-13 22:36:18,901] {taskinstance.py:1259} INFO - Executing <Task(BashOperator): ingest> on 2022-04-02 06:00:34+00:00
[2022-04-13 22:36:18,910] {standard_task_runner.py:52} INFO - Started process 11371 to run task
[2022-04-13 22:36:18,930] {standard_task_runner.py:76} INFO - Running: ['***', 'tasks', 'run', 'LocalIngestionDAG', 'ingest', 'scheduled__2022-04-02T06:00:34+00:00', '--job-id', '1965', '--raw', '--subdir', 'DAGS_FOLDER/data_ingestion_local.py', '--cfg-path', '/tmp/tmpgfaditb7', '--error-file', '/tmp/tmp04y6h_f_']
[2022-04-13 22:36:18,934] {standard_task_runner.py:77} INFO - Job 1965: Subtask ingest
[2022-04-13 22:36:19,158] {logging_mixin.py:109} INFO - Running <TaskInstance: LocalIngestionDAG.ingest scheduled__2022-04-02T06:00:34+00:00 [running]> on host 13db72185839
[2022-04-13 22:36:19,438] {taskinstance.py:1426} INFO - Exporting the following env vars:
AIRFLOW_CTX_DAG_OWNER=***
AIRFLOW_CTX_DAG_ID=LocalIngestionDAG
AIRFLOW_CTX_TASK_ID=ingest
AIRFLOW_CTX_EXECUTION_DATE=2022-04-02T06:00:34+00:00
AIRFLOW_CTX_DAG_RUN_ID=scheduled__2022-04-02T06:00:34+00:00
[2022-04-13 22:36:19,446] {subprocess.py:62} INFO - Tmp dir root location: 
 /tmp
[2022-04-13 22:36:19,452] {subprocess.py:74} INFO - Running command: ['bash', '-c', 'ls /opt/***']
[2022-04-13 22:36:19,485] {subprocess.py:85} INFO - Output:
[2022-04-13 22:36:19,502] {subprocess.py:89} INFO - ***.cfg
[2022-04-13 22:36:19,504] {subprocess.py:89} INFO - dags
[2022-04-13 22:36:19,506] {subprocess.py:89} INFO - logs
[2022-04-13 22:36:19,509] {subprocess.py:89} INFO - output.csv
[2022-04-13 22:36:19,510] {subprocess.py:89} INFO - output_2022-03.csv
[2022-04-13 22:36:19,511] {subprocess.py:89} INFO - output_2022-04.csv
[2022-04-13 22:36:19,511] {subprocess.py:89} INFO - plugins
[2022-04-13 22:36:19,512] {subprocess.py:89} INFO - requirements.txt
[2022-04-13 22:36:19,512] {subprocess.py:89} INFO - scripts
[2022-04-13 22:36:19,513] {subprocess.py:89} INFO - webserver_config.py
[2022-04-13 22:36:19,514] {subprocess.py:93} INFO - Command exited with return code 0
[2022-04-13 22:36:19,597] {taskinstance.py:1277} INFO - Marking task as SUCCESS. dag_id=LocalIngestionDAG, task_id=ingest, execution_date=20220402T060034, start_date=20220413T223618, end_date=20220413T223619
[2022-04-13 22:36:19,678] {local_task_job.py:154} INFO - Task exited with return code 0
[2022-04-13 22:36:19,758] {local_task_job.py:264} INFO - 0 downstream tasks scheduled from follow-on schedule check
