[2022-04-13 22:15:13,708] {taskinstance.py:1032} INFO - Dependencies all met for <TaskInstance: LocalIngestionDAG.ingest scheduled__2021-11-02T06:00:35+00:00 [queued]>
[2022-04-13 22:15:13,751] {taskinstance.py:1032} INFO - Dependencies all met for <TaskInstance: LocalIngestionDAG.ingest scheduled__2021-11-02T06:00:35+00:00 [queued]>
[2022-04-13 22:15:13,753] {taskinstance.py:1238} INFO - 
--------------------------------------------------------------------------------
[2022-04-13 22:15:13,759] {taskinstance.py:1239} INFO - Starting attempt 1 of 1
[2022-04-13 22:15:13,761] {taskinstance.py:1240} INFO - 
--------------------------------------------------------------------------------
[2022-04-13 22:15:13,825] {taskinstance.py:1259} INFO - Executing <Task(BashOperator): ingest> on 2021-11-02 06:00:35+00:00
[2022-04-13 22:15:13,830] {standard_task_runner.py:52} INFO - Started process 8064 to run task
[2022-04-13 22:15:13,845] {standard_task_runner.py:76} INFO - Running: ['***', 'tasks', 'run', 'LocalIngestionDAG', 'ingest', 'scheduled__2021-11-02T06:00:35+00:00', '--job-id', '1378', '--raw', '--subdir', 'DAGS_FOLDER/data_ingestion_local.py', '--cfg-path', '/tmp/tmpm8q8wwms', '--error-file', '/tmp/tmp_49osik7']
[2022-04-13 22:15:13,848] {standard_task_runner.py:77} INFO - Job 1378: Subtask ingest
[2022-04-13 22:15:13,971] {logging_mixin.py:109} INFO - Running <TaskInstance: LocalIngestionDAG.ingest scheduled__2021-11-02T06:00:35+00:00 [running]> on host 13db72185839
[2022-04-13 22:15:14,072] {taskinstance.py:1426} INFO - Exporting the following env vars:
AIRFLOW_CTX_DAG_OWNER=***
AIRFLOW_CTX_DAG_ID=LocalIngestionDAG
AIRFLOW_CTX_TASK_ID=ingest
AIRFLOW_CTX_EXECUTION_DATE=2021-11-02T06:00:35+00:00
AIRFLOW_CTX_DAG_RUN_ID=scheduled__2021-11-02T06:00:35+00:00
[2022-04-13 22:15:14,074] {subprocess.py:62} INFO - Tmp dir root location: 
 /tmp
[2022-04-13 22:15:14,075] {subprocess.py:74} INFO - Running command: ['bash', '-c', 'ls /opt/***']
[2022-04-13 22:15:14,089] {subprocess.py:85} INFO - Output:
[2022-04-13 22:15:14,094] {subprocess.py:89} INFO - ***.cfg
[2022-04-13 22:15:14,095] {subprocess.py:89} INFO - dags
[2022-04-13 22:15:14,095] {subprocess.py:89} INFO - logs
[2022-04-13 22:15:14,096] {subprocess.py:89} INFO - output.csv
[2022-04-13 22:15:14,097] {subprocess.py:89} INFO - plugins
[2022-04-13 22:15:14,097] {subprocess.py:89} INFO - requirements.txt
[2022-04-13 22:15:14,098] {subprocess.py:89} INFO - scripts
[2022-04-13 22:15:14,098] {subprocess.py:89} INFO - webserver_config.py
[2022-04-13 22:15:14,099] {subprocess.py:93} INFO - Command exited with return code 0
[2022-04-13 22:15:14,146] {taskinstance.py:1277} INFO - Marking task as SUCCESS. dag_id=LocalIngestionDAG, task_id=ingest, execution_date=20211102T060035, start_date=20220413T221513, end_date=20220413T221514
[2022-04-13 22:15:14,216] {local_task_job.py:154} INFO - Task exited with return code 0
[2022-04-13 22:15:14,261] {local_task_job.py:264} INFO - 0 downstream tasks scheduled from follow-on schedule check
