[2022-04-13 22:35:53,919] {taskinstance.py:1032} INFO - Dependencies all met for <TaskInstance: LocalIngestionDAG.ingest scheduled__2022-04-02T06:00:14+00:00 [queued]>
[2022-04-13 22:35:54,000] {taskinstance.py:1032} INFO - Dependencies all met for <TaskInstance: LocalIngestionDAG.ingest scheduled__2022-04-02T06:00:14+00:00 [queued]>
[2022-04-13 22:35:54,007] {taskinstance.py:1238} INFO - 
--------------------------------------------------------------------------------
[2022-04-13 22:35:54,010] {taskinstance.py:1239} INFO - Starting attempt 1 of 1
[2022-04-13 22:35:54,012] {taskinstance.py:1240} INFO - 
--------------------------------------------------------------------------------
[2022-04-13 22:35:54,132] {taskinstance.py:1259} INFO - Executing <Task(BashOperator): ingest> on 2022-04-02 06:00:14+00:00
[2022-04-13 22:35:54,154] {standard_task_runner.py:52} INFO - Started process 11201 to run task
[2022-04-13 22:35:54,196] {standard_task_runner.py:76} INFO - Running: ['***', 'tasks', 'run', 'LocalIngestionDAG', 'ingest', 'scheduled__2022-04-02T06:00:14+00:00', '--job-id', '1924', '--raw', '--subdir', 'DAGS_FOLDER/data_ingestion_local.py', '--cfg-path', '/tmp/tmp099q99d2', '--error-file', '/tmp/tmpfwngr0n7']
[2022-04-13 22:35:54,213] {standard_task_runner.py:77} INFO - Job 1924: Subtask ingest
[2022-04-13 22:35:54,599] {logging_mixin.py:109} INFO - Running <TaskInstance: LocalIngestionDAG.ingest scheduled__2022-04-02T06:00:14+00:00 [running]> on host 13db72185839
[2022-04-13 22:35:55,078] {taskinstance.py:1426} INFO - Exporting the following env vars:
AIRFLOW_CTX_DAG_OWNER=***
AIRFLOW_CTX_DAG_ID=LocalIngestionDAG
AIRFLOW_CTX_TASK_ID=ingest
AIRFLOW_CTX_EXECUTION_DATE=2022-04-02T06:00:14+00:00
AIRFLOW_CTX_DAG_RUN_ID=scheduled__2022-04-02T06:00:14+00:00
[2022-04-13 22:35:55,094] {subprocess.py:62} INFO - Tmp dir root location: 
 /tmp
[2022-04-13 22:35:55,096] {subprocess.py:74} INFO - Running command: ['bash', '-c', 'ls /opt/***']
[2022-04-13 22:35:55,127] {subprocess.py:85} INFO - Output:
[2022-04-13 22:35:55,134] {subprocess.py:89} INFO - ***.cfg
[2022-04-13 22:35:55,135] {subprocess.py:89} INFO - dags
[2022-04-13 22:35:55,137] {subprocess.py:89} INFO - logs
[2022-04-13 22:35:55,146] {subprocess.py:89} INFO - output.csv
[2022-04-13 22:35:55,149] {subprocess.py:89} INFO - output_2022-03.csv
[2022-04-13 22:35:55,151] {subprocess.py:89} INFO - output_2022-04.csv
[2022-04-13 22:35:55,152] {subprocess.py:89} INFO - plugins
[2022-04-13 22:35:55,154] {subprocess.py:89} INFO - requirements.txt
[2022-04-13 22:35:55,169] {subprocess.py:89} INFO - scripts
[2022-04-13 22:35:55,170] {subprocess.py:89} INFO - webserver_config.py
[2022-04-13 22:35:55,171] {subprocess.py:93} INFO - Command exited with return code 0
[2022-04-13 22:35:55,354] {taskinstance.py:1277} INFO - Marking task as SUCCESS. dag_id=LocalIngestionDAG, task_id=ingest, execution_date=20220402T060014, start_date=20220413T223553, end_date=20220413T223555
[2022-04-13 22:35:55,439] {local_task_job.py:154} INFO - Task exited with return code 0
[2022-04-13 22:35:55,576] {local_task_job.py:264} INFO - 0 downstream tasks scheduled from follow-on schedule check
