[2022-04-13 21:26:00,737] {taskinstance.py:1032} INFO - Dependencies all met for <TaskInstance: LocalIngestionDAG.ingest scheduled__2021-09-02T06:00:09+00:00 [queued]>
[2022-04-13 21:26:00,766] {taskinstance.py:1032} INFO - Dependencies all met for <TaskInstance: LocalIngestionDAG.ingest scheduled__2021-09-02T06:00:09+00:00 [queued]>
[2022-04-13 21:26:00,768] {taskinstance.py:1238} INFO - 
--------------------------------------------------------------------------------
[2022-04-13 21:26:00,769] {taskinstance.py:1239} INFO - Starting attempt 1 of 1
[2022-04-13 21:26:00,770] {taskinstance.py:1240} INFO - 
--------------------------------------------------------------------------------
[2022-04-13 21:26:00,826] {taskinstance.py:1259} INFO - Executing <Task(BashOperator): ingest> on 2021-09-02 06:00:09+00:00
[2022-04-13 21:26:00,833] {standard_task_runner.py:52} INFO - Started process 4537 to run task
[2022-04-13 21:26:00,852] {standard_task_runner.py:76} INFO - Running: ['***', 'tasks', 'run', 'LocalIngestionDAG', 'ingest', 'scheduled__2021-09-02T06:00:09+00:00', '--job-id', '1103', '--raw', '--subdir', 'DAGS_FOLDER/data_ingestion_local.py', '--cfg-path', '/tmp/tmpyknre932', '--error-file', '/tmp/tmp4m468e8j']
[2022-04-13 21:26:00,858] {standard_task_runner.py:77} INFO - Job 1103: Subtask ingest
[2022-04-13 21:26:01,041] {logging_mixin.py:109} INFO - Running <TaskInstance: LocalIngestionDAG.ingest scheduled__2021-09-02T06:00:09+00:00 [running]> on host 13db72185839
[2022-04-13 21:26:01,264] {taskinstance.py:1426} INFO - Exporting the following env vars:
AIRFLOW_CTX_DAG_OWNER=***
AIRFLOW_CTX_DAG_ID=LocalIngestionDAG
AIRFLOW_CTX_TASK_ID=ingest
AIRFLOW_CTX_EXECUTION_DATE=2021-09-02T06:00:09+00:00
AIRFLOW_CTX_DAG_RUN_ID=scheduled__2021-09-02T06:00:09+00:00
[2022-04-13 21:26:01,272] {subprocess.py:62} INFO - Tmp dir root location: 
 /tmp
[2022-04-13 21:26:01,275] {subprocess.py:74} INFO - Running command: ['bash', '-c', 'pwd']
[2022-04-13 21:26:01,325] {subprocess.py:85} INFO - Output:
[2022-04-13 21:26:01,351] {subprocess.py:89} INFO - /tmp/***tmp7_nwidl2
[2022-04-13 21:26:01,367] {subprocess.py:93} INFO - Command exited with return code 0
[2022-04-13 21:26:01,708] {taskinstance.py:1277} INFO - Marking task as SUCCESS. dag_id=LocalIngestionDAG, task_id=ingest, execution_date=20210902T060009, start_date=20220413T212600, end_date=20220413T212601
[2022-04-13 21:26:01,807] {local_task_job.py:154} INFO - Task exited with return code 0
[2022-04-13 21:26:01,898] {local_task_job.py:264} INFO - 0 downstream tasks scheduled from follow-on schedule check
