[2022-04-13 21:26:36,232] {taskinstance.py:1032} INFO - Dependencies all met for <TaskInstance: LocalIngestionDAG.ingest scheduled__2021-09-02T06:00:43+00:00 [queued]>
[2022-04-13 21:26:36,274] {taskinstance.py:1032} INFO - Dependencies all met for <TaskInstance: LocalIngestionDAG.ingest scheduled__2021-09-02T06:00:43+00:00 [queued]>
[2022-04-13 21:26:36,275] {taskinstance.py:1238} INFO - 
--------------------------------------------------------------------------------
[2022-04-13 21:26:36,278] {taskinstance.py:1239} INFO - Starting attempt 1 of 1
[2022-04-13 21:26:36,280] {taskinstance.py:1240} INFO - 
--------------------------------------------------------------------------------
[2022-04-13 21:26:36,325] {taskinstance.py:1259} INFO - Executing <Task(BashOperator): ingest> on 2021-09-02 06:00:43+00:00
[2022-04-13 21:26:36,337] {standard_task_runner.py:52} INFO - Started process 4758 to run task
[2022-04-13 21:26:36,348] {standard_task_runner.py:76} INFO - Running: ['***', 'tasks', 'run', 'LocalIngestionDAG', 'ingest', 'scheduled__2021-09-02T06:00:43+00:00', '--job-id', '1169', '--raw', '--subdir', 'DAGS_FOLDER/data_ingestion_local.py', '--cfg-path', '/tmp/tmpcie41xt_', '--error-file', '/tmp/tmphpn9gmip']
[2022-04-13 21:26:36,351] {standard_task_runner.py:77} INFO - Job 1169: Subtask ingest
[2022-04-13 21:26:36,503] {logging_mixin.py:109} INFO - Running <TaskInstance: LocalIngestionDAG.ingest scheduled__2021-09-02T06:00:43+00:00 [running]> on host 13db72185839
[2022-04-13 21:26:36,618] {taskinstance.py:1426} INFO - Exporting the following env vars:
AIRFLOW_CTX_DAG_OWNER=***
AIRFLOW_CTX_DAG_ID=LocalIngestionDAG
AIRFLOW_CTX_TASK_ID=ingest
AIRFLOW_CTX_EXECUTION_DATE=2021-09-02T06:00:43+00:00
AIRFLOW_CTX_DAG_RUN_ID=scheduled__2021-09-02T06:00:43+00:00
[2022-04-13 21:26:36,621] {subprocess.py:62} INFO - Tmp dir root location: 
 /tmp
[2022-04-13 21:26:36,624] {subprocess.py:74} INFO - Running command: ['bash', '-c', 'pwd']
[2022-04-13 21:26:36,638] {subprocess.py:85} INFO - Output:
[2022-04-13 21:26:36,642] {subprocess.py:89} INFO - /tmp/***tmpveb0n549
[2022-04-13 21:26:36,643] {subprocess.py:93} INFO - Command exited with return code 0
[2022-04-13 21:26:36,711] {taskinstance.py:1277} INFO - Marking task as SUCCESS. dag_id=LocalIngestionDAG, task_id=ingest, execution_date=20210902T060043, start_date=20220413T212636, end_date=20220413T212636
[2022-04-13 21:26:36,800] {local_task_job.py:154} INFO - Task exited with return code 0
[2022-04-13 21:26:36,853] {local_task_job.py:264} INFO - 0 downstream tasks scheduled from follow-on schedule check
