[2022-04-13 21:24:19,868] {taskinstance.py:1032} INFO - Dependencies all met for <TaskInstance: LocalIngestionDAG.ingest scheduled__2021-07-02T06:00:33+00:00 [queued]>
[2022-04-13 21:24:19,985] {taskinstance.py:1032} INFO - Dependencies all met for <TaskInstance: LocalIngestionDAG.ingest scheduled__2021-07-02T06:00:33+00:00 [queued]>
[2022-04-13 21:24:19,986] {taskinstance.py:1238} INFO - 
--------------------------------------------------------------------------------
[2022-04-13 21:24:19,990] {taskinstance.py:1239} INFO - Starting attempt 1 of 1
[2022-04-13 21:24:19,991] {taskinstance.py:1240} INFO - 
--------------------------------------------------------------------------------
[2022-04-13 21:24:20,029] {taskinstance.py:1259} INFO - Executing <Task(BashOperator): ingest> on 2021-07-02 06:00:33+00:00
[2022-04-13 21:24:20,035] {standard_task_runner.py:52} INFO - Started process 3893 to run task
[2022-04-13 21:24:20,049] {standard_task_runner.py:76} INFO - Running: ['***', 'tasks', 'run', 'LocalIngestionDAG', 'ingest', 'scheduled__2021-07-02T06:00:33+00:00', '--job-id', '914', '--raw', '--subdir', 'DAGS_FOLDER/data_ingestion_local.py', '--cfg-path', '/tmp/tmp4ygc06ta', '--error-file', '/tmp/tmpmwpv1q6c']
[2022-04-13 21:24:20,062] {standard_task_runner.py:77} INFO - Job 914: Subtask ingest
[2022-04-13 21:24:20,265] {logging_mixin.py:109} INFO - Running <TaskInstance: LocalIngestionDAG.ingest scheduled__2021-07-02T06:00:33+00:00 [running]> on host 13db72185839
[2022-04-13 21:24:20,527] {taskinstance.py:1426} INFO - Exporting the following env vars:
AIRFLOW_CTX_DAG_OWNER=***
AIRFLOW_CTX_DAG_ID=LocalIngestionDAG
AIRFLOW_CTX_TASK_ID=ingest
AIRFLOW_CTX_EXECUTION_DATE=2021-07-02T06:00:33+00:00
AIRFLOW_CTX_DAG_RUN_ID=scheduled__2021-07-02T06:00:33+00:00
[2022-04-13 21:24:20,539] {subprocess.py:62} INFO - Tmp dir root location: 
 /tmp
[2022-04-13 21:24:20,542] {subprocess.py:74} INFO - Running command: ['bash', '-c', 'pwd']
[2022-04-13 21:24:20,562] {subprocess.py:85} INFO - Output:
[2022-04-13 21:24:20,567] {subprocess.py:89} INFO - /tmp/***tmp6j5bb8u9
[2022-04-13 21:24:20,568] {subprocess.py:93} INFO - Command exited with return code 0
[2022-04-13 21:24:20,660] {taskinstance.py:1277} INFO - Marking task as SUCCESS. dag_id=LocalIngestionDAG, task_id=ingest, execution_date=20210702T060033, start_date=20220413T212419, end_date=20220413T212420
[2022-04-13 21:24:20,766] {local_task_job.py:154} INFO - Task exited with return code 0
[2022-04-13 21:24:21,116] {local_task_job.py:264} INFO - 0 downstream tasks scheduled from follow-on schedule check
