[2022-04-16 18:41:45,248] {taskinstance.py:1032} INFO - Dependencies all met for <TaskInstance: data_ingestion_gcs_dag.bigquery_external_table_task scheduled__2022-04-15T00:00:00+00:00 [queued]>
[2022-04-16 18:41:45,258] {taskinstance.py:1032} INFO - Dependencies all met for <TaskInstance: data_ingestion_gcs_dag.bigquery_external_table_task scheduled__2022-04-15T00:00:00+00:00 [queued]>
[2022-04-16 18:41:45,259] {taskinstance.py:1238} INFO - 
--------------------------------------------------------------------------------
[2022-04-16 18:41:45,259] {taskinstance.py:1239} INFO - Starting attempt 2 of 2
[2022-04-16 18:41:45,260] {taskinstance.py:1240} INFO - 
--------------------------------------------------------------------------------
[2022-04-16 18:41:45,272] {taskinstance.py:1259} INFO - Executing <Task(BigQueryCreateExternalTableOperator): bigquery_external_table_task> on 2022-04-15 00:00:00+00:00
[2022-04-16 18:41:45,277] {standard_task_runner.py:52} INFO - Started process 1322 to run task
[2022-04-16 18:41:45,281] {standard_task_runner.py:76} INFO - Running: ['***', 'tasks', 'run', 'data_ingestion_gcs_dag', 'bigquery_external_table_task', 'scheduled__2022-04-15T00:00:00+00:00', '--job-id', '2223', '--raw', '--subdir', 'DAGS_FOLDER/data_ingestion_gcs_dag.py', '--cfg-path', '/tmp/tmp606iv8ap', '--error-file', '/tmp/tmpf4gbwudh']
[2022-04-16 18:41:45,282] {standard_task_runner.py:77} INFO - Job 2223: Subtask bigquery_external_table_task
[2022-04-16 18:41:45,345] {logging_mixin.py:109} INFO - Running <TaskInstance: data_ingestion_gcs_dag.bigquery_external_table_task scheduled__2022-04-15T00:00:00+00:00 [running]> on host 3e228c3601a1
[2022-04-16 18:41:45,404] {taskinstance.py:1426} INFO - Exporting the following env vars:
AIRFLOW_CTX_DAG_OWNER=***
AIRFLOW_CTX_DAG_ID=data_ingestion_gcs_dag
AIRFLOW_CTX_TASK_ID=bigquery_external_table_task
AIRFLOW_CTX_EXECUTION_DATE=2022-04-15T00:00:00+00:00
AIRFLOW_CTX_DAG_RUN_ID=scheduled__2022-04-15T00:00:00+00:00
[2022-04-16 18:41:45,406] {crypto.py:82} WARNING - empty cryptography key - values will not be stored encrypted.
[2022-04-16 18:41:47,725] {taskinstance.py:1277} INFO - Marking task as SUCCESS. dag_id=data_ingestion_gcs_dag, task_id=bigquery_external_table_task, execution_date=20220415T000000, start_date=20220416T184145, end_date=20220416T184147
[2022-04-16 18:41:47,756] {local_task_job.py:154} INFO - Task exited with return code 0
[2022-04-16 18:41:47,872] {local_task_job.py:264} INFO - 0 downstream tasks scheduled from follow-on schedule check
