[2022-04-13 21:28:08,394] {taskinstance.py:1032} INFO - Dependencies all met for <TaskInstance: LocalIngestionDAG.wget scheduled__2021-10-02T06:00:50+00:00 [queued]>
[2022-04-13 21:28:08,430] {taskinstance.py:1032} INFO - Dependencies all met for <TaskInstance: LocalIngestionDAG.wget scheduled__2021-10-02T06:00:50+00:00 [queued]>
[2022-04-13 21:28:08,431] {taskinstance.py:1238} INFO - 
--------------------------------------------------------------------------------
[2022-04-13 21:28:08,432] {taskinstance.py:1239} INFO - Starting attempt 1 of 1
[2022-04-13 21:28:08,434] {taskinstance.py:1240} INFO - 
--------------------------------------------------------------------------------
[2022-04-13 21:28:08,565] {taskinstance.py:1259} INFO - Executing <Task(BashOperator): wget> on 2021-10-02 06:00:50+00:00
[2022-04-13 21:28:08,591] {standard_task_runner.py:52} INFO - Started process 5212 to run task
[2022-04-13 21:28:08,608] {standard_task_runner.py:76} INFO - Running: ['***', 'tasks', 'run', 'LocalIngestionDAG', 'wget', 'scheduled__2021-10-02T06:00:50+00:00', '--job-id', '1298', '--raw', '--subdir', 'DAGS_FOLDER/data_ingestion_local.py', '--cfg-path', '/tmp/tmpq0mrlubv', '--error-file', '/tmp/tmpxwsm_who']
[2022-04-13 21:28:08,627] {standard_task_runner.py:77} INFO - Job 1298: Subtask wget
[2022-04-13 21:28:08,878] {logging_mixin.py:109} INFO - Running <TaskInstance: LocalIngestionDAG.wget scheduled__2021-10-02T06:00:50+00:00 [running]> on host 13db72185839
[2022-04-13 21:28:09,141] {taskinstance.py:1426} INFO - Exporting the following env vars:
AIRFLOW_CTX_DAG_OWNER=***
AIRFLOW_CTX_DAG_ID=LocalIngestionDAG
AIRFLOW_CTX_TASK_ID=wget
AIRFLOW_CTX_EXECUTION_DATE=2021-10-02T06:00:50+00:00
AIRFLOW_CTX_DAG_RUN_ID=scheduled__2021-10-02T06:00:50+00:00
[2022-04-13 21:28:09,143] {subprocess.py:62} INFO - Tmp dir root location: 
 /tmp
[2022-04-13 21:28:09,147] {subprocess.py:74} INFO - Running command: ['bash', '-c', 'echo "hello world"']
[2022-04-13 21:28:09,223] {subprocess.py:85} INFO - Output:
[2022-04-13 21:28:09,232] {subprocess.py:89} INFO - hello world
[2022-04-13 21:28:09,234] {subprocess.py:93} INFO - Command exited with return code 0
[2022-04-13 21:28:09,493] {taskinstance.py:1277} INFO - Marking task as SUCCESS. dag_id=LocalIngestionDAG, task_id=wget, execution_date=20211002T060050, start_date=20220413T212808, end_date=20220413T212809
[2022-04-13 21:28:09,604] {local_task_job.py:154} INFO - Task exited with return code 0
[2022-04-13 21:28:09,710] {local_task_job.py:264} INFO - 1 downstream tasks scheduled from follow-on schedule check
