[2022-04-13 21:23:20,441] {taskinstance.py:1032} INFO - Dependencies all met for <TaskInstance: LocalIngestionDAG.ingest scheduled__2021-06-02T06:00:37+00:00 [queued]>
[2022-04-13 21:23:20,500] {taskinstance.py:1032} INFO - Dependencies all met for <TaskInstance: LocalIngestionDAG.ingest scheduled__2021-06-02T06:00:37+00:00 [queued]>
[2022-04-13 21:23:20,504] {taskinstance.py:1238} INFO - 
--------------------------------------------------------------------------------
[2022-04-13 21:23:20,511] {taskinstance.py:1239} INFO - Starting attempt 1 of 1
[2022-04-13 21:23:20,513] {taskinstance.py:1240} INFO - 
--------------------------------------------------------------------------------
[2022-04-13 21:23:20,583] {taskinstance.py:1259} INFO - Executing <Task(BashOperator): ingest> on 2021-06-02 06:00:37+00:00
[2022-04-13 21:23:20,596] {standard_task_runner.py:52} INFO - Started process 3502 to run task
[2022-04-13 21:23:20,624] {standard_task_runner.py:76} INFO - Running: ['***', 'tasks', 'run', 'LocalIngestionDAG', 'ingest', 'scheduled__2021-06-02T06:00:37+00:00', '--job-id', '798', '--raw', '--subdir', 'DAGS_FOLDER/data_ingestion_local.py', '--cfg-path', '/tmp/tmpsdwcrvh8', '--error-file', '/tmp/tmpuei0uvex']
[2022-04-13 21:23:20,633] {standard_task_runner.py:77} INFO - Job 798: Subtask ingest
[2022-04-13 21:23:20,938] {logging_mixin.py:109} INFO - Running <TaskInstance: LocalIngestionDAG.ingest scheduled__2021-06-02T06:00:37+00:00 [running]> on host 13db72185839
[2022-04-13 21:23:21,168] {taskinstance.py:1426} INFO - Exporting the following env vars:
AIRFLOW_CTX_DAG_OWNER=***
AIRFLOW_CTX_DAG_ID=LocalIngestionDAG
AIRFLOW_CTX_TASK_ID=ingest
AIRFLOW_CTX_EXECUTION_DATE=2021-06-02T06:00:37+00:00
AIRFLOW_CTX_DAG_RUN_ID=scheduled__2021-06-02T06:00:37+00:00
[2022-04-13 21:23:21,170] {subprocess.py:62} INFO - Tmp dir root location: 
 /tmp
[2022-04-13 21:23:21,172] {subprocess.py:74} INFO - Running command: ['bash', '-c', 'pwd']
[2022-04-13 21:23:21,190] {subprocess.py:85} INFO - Output:
[2022-04-13 21:23:21,196] {subprocess.py:89} INFO - /tmp/***tmpn50ck162
[2022-04-13 21:23:21,197] {subprocess.py:93} INFO - Command exited with return code 0
[2022-04-13 21:23:21,285] {taskinstance.py:1277} INFO - Marking task as SUCCESS. dag_id=LocalIngestionDAG, task_id=ingest, execution_date=20210602T060037, start_date=20220413T212320, end_date=20220413T212321
[2022-04-13 21:23:21,441] {local_task_job.py:154} INFO - Task exited with return code 0
[2022-04-13 21:23:22,081] {local_task_job.py:264} INFO - 0 downstream tasks scheduled from follow-on schedule check
