[2022-04-13 22:31:44,849] {taskinstance.py:1032} INFO - Dependencies all met for <TaskInstance: LocalIngestionDAG.ingest scheduled__2021-12-02T06:00:58+00:00 [queued]>
[2022-04-13 22:31:44,952] {taskinstance.py:1032} INFO - Dependencies all met for <TaskInstance: LocalIngestionDAG.ingest scheduled__2021-12-02T06:00:58+00:00 [queued]>
[2022-04-13 22:31:44,960] {taskinstance.py:1238} INFO - 
--------------------------------------------------------------------------------
[2022-04-13 22:31:44,964] {taskinstance.py:1239} INFO - Starting attempt 1 of 1
[2022-04-13 22:31:44,964] {taskinstance.py:1240} INFO - 
--------------------------------------------------------------------------------
[2022-04-13 22:31:45,043] {taskinstance.py:1259} INFO - Executing <Task(BashOperator): ingest> on 2021-12-02 06:00:58+00:00
[2022-04-13 22:31:45,061] {standard_task_runner.py:52} INFO - Started process 9448 to run task
[2022-04-13 22:31:45,079] {standard_task_runner.py:76} INFO - Running: ['***', 'tasks', 'run', 'LocalIngestionDAG', 'ingest', 'scheduled__2021-12-02T06:00:58+00:00', '--job-id', '1534', '--raw', '--subdir', 'DAGS_FOLDER/data_ingestion_local.py', '--cfg-path', '/tmp/tmpnw2pml6u', '--error-file', '/tmp/tmp320g4sa9']
[2022-04-13 22:31:45,098] {standard_task_runner.py:77} INFO - Job 1534: Subtask ingest
[2022-04-13 22:31:45,291] {logging_mixin.py:109} INFO - Running <TaskInstance: LocalIngestionDAG.ingest scheduled__2021-12-02T06:00:58+00:00 [running]> on host 13db72185839
[2022-04-13 22:31:45,600] {taskinstance.py:1426} INFO - Exporting the following env vars:
AIRFLOW_CTX_DAG_OWNER=***
AIRFLOW_CTX_DAG_ID=LocalIngestionDAG
AIRFLOW_CTX_TASK_ID=ingest
AIRFLOW_CTX_EXECUTION_DATE=2021-12-02T06:00:58+00:00
AIRFLOW_CTX_DAG_RUN_ID=scheduled__2021-12-02T06:00:58+00:00
[2022-04-13 22:31:45,620] {subprocess.py:62} INFO - Tmp dir root location: 
 /tmp
[2022-04-13 22:31:45,625] {subprocess.py:74} INFO - Running command: ['bash', '-c', 'ls /opt/***']
[2022-04-13 22:31:45,662] {subprocess.py:85} INFO - Output:
[2022-04-13 22:31:45,680] {subprocess.py:89} INFO - ***.cfg
[2022-04-13 22:31:45,681] {subprocess.py:89} INFO - dags
[2022-04-13 22:31:45,683] {subprocess.py:89} INFO - logs
[2022-04-13 22:31:45,701] {subprocess.py:89} INFO - output.csv
[2022-04-13 22:31:45,702] {subprocess.py:89} INFO - plugins
[2022-04-13 22:31:45,704] {subprocess.py:89} INFO - requirements.txt
[2022-04-13 22:31:45,708] {subprocess.py:89} INFO - scripts
[2022-04-13 22:31:45,711] {subprocess.py:89} INFO - webserver_config.py
[2022-04-13 22:31:45,719] {subprocess.py:93} INFO - Command exited with return code 0
[2022-04-13 22:31:46,010] {taskinstance.py:1277} INFO - Marking task as SUCCESS. dag_id=LocalIngestionDAG, task_id=ingest, execution_date=20211202T060058, start_date=20220413T223144, end_date=20220413T223146
[2022-04-13 22:31:46,063] {local_task_job.py:154} INFO - Task exited with return code 0
[2022-04-13 22:31:46,196] {local_task_job.py:264} INFO - 0 downstream tasks scheduled from follow-on schedule check
