[2022-04-13 21:27:35,900] {taskinstance.py:1032} INFO - Dependencies all met for <TaskInstance: LocalIngestionDAG.wget scheduled__2021-10-02T06:00:24+00:00 [queued]>
[2022-04-13 21:27:35,937] {taskinstance.py:1032} INFO - Dependencies all met for <TaskInstance: LocalIngestionDAG.wget scheduled__2021-10-02T06:00:24+00:00 [queued]>
[2022-04-13 21:27:35,938] {taskinstance.py:1238} INFO - 
--------------------------------------------------------------------------------
[2022-04-13 21:27:35,940] {taskinstance.py:1239} INFO - Starting attempt 1 of 1
[2022-04-13 21:27:35,945] {taskinstance.py:1240} INFO - 
--------------------------------------------------------------------------------
[2022-04-13 21:27:36,000] {taskinstance.py:1259} INFO - Executing <Task(BashOperator): wget> on 2021-10-02 06:00:24+00:00
[2022-04-13 21:27:36,012] {standard_task_runner.py:52} INFO - Started process 5038 to run task
[2022-04-13 21:27:36,029] {standard_task_runner.py:76} INFO - Running: ['***', 'tasks', 'run', 'LocalIngestionDAG', 'wget', 'scheduled__2021-10-02T06:00:24+00:00', '--job-id', '1248', '--raw', '--subdir', 'DAGS_FOLDER/data_ingestion_local.py', '--cfg-path', '/tmp/tmpf8xumxnu', '--error-file', '/tmp/tmpkxhddbb3']
[2022-04-13 21:27:36,035] {standard_task_runner.py:77} INFO - Job 1248: Subtask wget
[2022-04-13 21:27:36,202] {logging_mixin.py:109} INFO - Running <TaskInstance: LocalIngestionDAG.wget scheduled__2021-10-02T06:00:24+00:00 [running]> on host 13db72185839
[2022-04-13 21:27:36,397] {taskinstance.py:1426} INFO - Exporting the following env vars:
AIRFLOW_CTX_DAG_OWNER=***
AIRFLOW_CTX_DAG_ID=LocalIngestionDAG
AIRFLOW_CTX_TASK_ID=wget
AIRFLOW_CTX_EXECUTION_DATE=2021-10-02T06:00:24+00:00
AIRFLOW_CTX_DAG_RUN_ID=scheduled__2021-10-02T06:00:24+00:00
[2022-04-13 21:27:36,399] {subprocess.py:62} INFO - Tmp dir root location: 
 /tmp
[2022-04-13 21:27:36,401] {subprocess.py:74} INFO - Running command: ['bash', '-c', 'echo "hello world"']
[2022-04-13 21:27:36,415] {subprocess.py:85} INFO - Output:
[2022-04-13 21:27:36,419] {subprocess.py:89} INFO - hello world
[2022-04-13 21:27:36,420] {subprocess.py:93} INFO - Command exited with return code 0
[2022-04-13 21:27:36,570] {taskinstance.py:1277} INFO - Marking task as SUCCESS. dag_id=LocalIngestionDAG, task_id=wget, execution_date=20211002T060024, start_date=20220413T212735, end_date=20220413T212736
[2022-04-13 21:27:36,695] {local_task_job.py:154} INFO - Task exited with return code 0
[2022-04-13 21:27:37,365] {local_task_job.py:264} INFO - 0 downstream tasks scheduled from follow-on schedule check
