[2022-04-13 21:27:50,519] {taskinstance.py:1032} INFO - Dependencies all met for <TaskInstance: LocalIngestionDAG.wget scheduled__2021-10-02T06:00:35+00:00 [queued]>
[2022-04-13 21:27:50,589] {taskinstance.py:1032} INFO - Dependencies all met for <TaskInstance: LocalIngestionDAG.wget scheduled__2021-10-02T06:00:35+00:00 [queued]>
[2022-04-13 21:27:50,596] {taskinstance.py:1238} INFO - 
--------------------------------------------------------------------------------
[2022-04-13 21:27:50,598] {taskinstance.py:1239} INFO - Starting attempt 1 of 1
[2022-04-13 21:27:50,600] {taskinstance.py:1240} INFO - 
--------------------------------------------------------------------------------
[2022-04-13 21:27:50,681] {taskinstance.py:1259} INFO - Executing <Task(BashOperator): wget> on 2021-10-02 06:00:35+00:00
[2022-04-13 21:27:50,697] {standard_task_runner.py:52} INFO - Started process 5106 to run task
[2022-04-13 21:27:50,714] {standard_task_runner.py:76} INFO - Running: ['***', 'tasks', 'run', 'LocalIngestionDAG', 'wget', 'scheduled__2021-10-02T06:00:35+00:00', '--job-id', '1268', '--raw', '--subdir', 'DAGS_FOLDER/data_ingestion_local.py', '--cfg-path', '/tmp/tmp_7e09pe8', '--error-file', '/tmp/tmpyxcgbz_9']
[2022-04-13 21:27:50,718] {standard_task_runner.py:77} INFO - Job 1268: Subtask wget
[2022-04-13 21:27:50,947] {logging_mixin.py:109} INFO - Running <TaskInstance: LocalIngestionDAG.wget scheduled__2021-10-02T06:00:35+00:00 [running]> on host 13db72185839
[2022-04-13 21:27:51,267] {taskinstance.py:1426} INFO - Exporting the following env vars:
AIRFLOW_CTX_DAG_OWNER=***
AIRFLOW_CTX_DAG_ID=LocalIngestionDAG
AIRFLOW_CTX_TASK_ID=wget
AIRFLOW_CTX_EXECUTION_DATE=2021-10-02T06:00:35+00:00
AIRFLOW_CTX_DAG_RUN_ID=scheduled__2021-10-02T06:00:35+00:00
[2022-04-13 21:27:51,280] {subprocess.py:62} INFO - Tmp dir root location: 
 /tmp
[2022-04-13 21:27:51,288] {subprocess.py:74} INFO - Running command: ['bash', '-c', 'echo "hello world"']
[2022-04-13 21:27:51,336] {subprocess.py:85} INFO - Output:
[2022-04-13 21:27:51,379] {subprocess.py:89} INFO - hello world
[2022-04-13 21:27:51,387] {subprocess.py:93} INFO - Command exited with return code 0
[2022-04-13 21:27:51,911] {taskinstance.py:1277} INFO - Marking task as SUCCESS. dag_id=LocalIngestionDAG, task_id=wget, execution_date=20211002T060035, start_date=20220413T212750, end_date=20220413T212751
[2022-04-13 21:27:52,044] {local_task_job.py:154} INFO - Task exited with return code 0
[2022-04-13 21:27:52,656] {local_task_job.py:264} INFO - 0 downstream tasks scheduled from follow-on schedule check
