[2022-04-13 21:24:46,107] {taskinstance.py:1032} INFO - Dependencies all met for <TaskInstance: LocalIngestionDAG.wget scheduled__2021-08-02T06:00:05+00:00 [queued]>
[2022-04-13 21:24:46,152] {taskinstance.py:1032} INFO - Dependencies all met for <TaskInstance: LocalIngestionDAG.wget scheduled__2021-08-02T06:00:05+00:00 [queued]>
[2022-04-13 21:24:46,153] {taskinstance.py:1238} INFO - 
--------------------------------------------------------------------------------
[2022-04-13 21:24:46,154] {taskinstance.py:1239} INFO - Starting attempt 1 of 1
[2022-04-13 21:24:46,155] {taskinstance.py:1240} INFO - 
--------------------------------------------------------------------------------
[2022-04-13 21:24:46,219] {taskinstance.py:1259} INFO - Executing <Task(BashOperator): wget> on 2021-08-02 06:00:05+00:00
[2022-04-13 21:24:46,231] {standard_task_runner.py:52} INFO - Started process 4067 to run task
[2022-04-13 21:24:46,243] {standard_task_runner.py:76} INFO - Running: ['***', 'tasks', 'run', 'LocalIngestionDAG', 'wget', 'scheduled__2021-08-02T06:00:05+00:00', '--job-id', '968', '--raw', '--subdir', 'DAGS_FOLDER/data_ingestion_local.py', '--cfg-path', '/tmp/tmp4gpguy71', '--error-file', '/tmp/tmpxacc7hdp']
[2022-04-13 21:24:46,246] {standard_task_runner.py:77} INFO - Job 968: Subtask wget
[2022-04-13 21:24:46,503] {logging_mixin.py:109} INFO - Running <TaskInstance: LocalIngestionDAG.wget scheduled__2021-08-02T06:00:05+00:00 [running]> on host 13db72185839
[2022-04-13 21:24:46,791] {taskinstance.py:1426} INFO - Exporting the following env vars:
AIRFLOW_CTX_DAG_OWNER=***
AIRFLOW_CTX_DAG_ID=LocalIngestionDAG
AIRFLOW_CTX_TASK_ID=wget
AIRFLOW_CTX_EXECUTION_DATE=2021-08-02T06:00:05+00:00
AIRFLOW_CTX_DAG_RUN_ID=scheduled__2021-08-02T06:00:05+00:00
[2022-04-13 21:24:46,801] {subprocess.py:62} INFO - Tmp dir root location: 
 /tmp
[2022-04-13 21:24:46,810] {subprocess.py:74} INFO - Running command: ['bash', '-c', 'echo "hello world"']
[2022-04-13 21:24:46,859] {subprocess.py:85} INFO - Output:
[2022-04-13 21:24:46,889] {subprocess.py:89} INFO - hello world
[2022-04-13 21:24:46,892] {subprocess.py:93} INFO - Command exited with return code 0
[2022-04-13 21:24:47,068] {taskinstance.py:1277} INFO - Marking task as SUCCESS. dag_id=LocalIngestionDAG, task_id=wget, execution_date=20210802T060005, start_date=20220413T212446, end_date=20220413T212447
[2022-04-13 21:24:47,216] {local_task_job.py:154} INFO - Task exited with return code 0
[2022-04-13 21:24:47,484] {local_task_job.py:264} INFO - 1 downstream tasks scheduled from follow-on schedule check
