[2022-04-13 21:26:16,630] {taskinstance.py:1032} INFO - Dependencies all met for <TaskInstance: LocalIngestionDAG.wget scheduled__2021-09-02T06:00:26+00:00 [queued]>
[2022-04-13 21:26:16,721] {taskinstance.py:1032} INFO - Dependencies all met for <TaskInstance: LocalIngestionDAG.wget scheduled__2021-09-02T06:00:26+00:00 [queued]>
[2022-04-13 21:26:16,722] {taskinstance.py:1238} INFO - 
--------------------------------------------------------------------------------
[2022-04-13 21:26:16,722] {taskinstance.py:1239} INFO - Starting attempt 1 of 1
[2022-04-13 21:26:16,724] {taskinstance.py:1240} INFO - 
--------------------------------------------------------------------------------
[2022-04-13 21:26:16,814] {taskinstance.py:1259} INFO - Executing <Task(BashOperator): wget> on 2021-09-02 06:00:26+00:00
[2022-04-13 21:26:16,835] {standard_task_runner.py:52} INFO - Started process 4628 to run task
[2022-04-13 21:26:16,851] {standard_task_runner.py:76} INFO - Running: ['***', 'tasks', 'run', 'LocalIngestionDAG', 'wget', 'scheduled__2021-09-02T06:00:26+00:00', '--job-id', '1130', '--raw', '--subdir', 'DAGS_FOLDER/data_ingestion_local.py', '--cfg-path', '/tmp/tmppir1j9o9', '--error-file', '/tmp/tmpvui3myd0']
[2022-04-13 21:26:16,860] {standard_task_runner.py:77} INFO - Job 1130: Subtask wget
[2022-04-13 21:26:17,136] {logging_mixin.py:109} INFO - Running <TaskInstance: LocalIngestionDAG.wget scheduled__2021-09-02T06:00:26+00:00 [running]> on host 13db72185839
[2022-04-13 21:26:17,447] {taskinstance.py:1426} INFO - Exporting the following env vars:
AIRFLOW_CTX_DAG_OWNER=***
AIRFLOW_CTX_DAG_ID=LocalIngestionDAG
AIRFLOW_CTX_TASK_ID=wget
AIRFLOW_CTX_EXECUTION_DATE=2021-09-02T06:00:26+00:00
AIRFLOW_CTX_DAG_RUN_ID=scheduled__2021-09-02T06:00:26+00:00
[2022-04-13 21:26:17,462] {subprocess.py:62} INFO - Tmp dir root location: 
 /tmp
[2022-04-13 21:26:17,465] {subprocess.py:74} INFO - Running command: ['bash', '-c', 'echo "hello world"']
[2022-04-13 21:26:17,507] {subprocess.py:85} INFO - Output:
[2022-04-13 21:26:17,522] {subprocess.py:89} INFO - hello world
[2022-04-13 21:26:17,527] {subprocess.py:93} INFO - Command exited with return code 0
[2022-04-13 21:26:17,617] {taskinstance.py:1277} INFO - Marking task as SUCCESS. dag_id=LocalIngestionDAG, task_id=wget, execution_date=20210902T060026, start_date=20220413T212616, end_date=20220413T212617
[2022-04-13 21:26:17,677] {local_task_job.py:154} INFO - Task exited with return code 0
[2022-04-13 21:26:17,775] {local_task_job.py:264} INFO - 1 downstream tasks scheduled from follow-on schedule check
