[2022-04-13 22:34:26,260] {taskinstance.py:1032} INFO - Dependencies all met for <TaskInstance: LocalIngestionDAG.ingest scheduled__2022-02-02T06:00:58+00:00 [queued]>
[2022-04-13 22:34:26,344] {taskinstance.py:1032} INFO - Dependencies all met for <TaskInstance: LocalIngestionDAG.ingest scheduled__2022-02-02T06:00:58+00:00 [queued]>
[2022-04-13 22:34:26,347] {taskinstance.py:1238} INFO - 
--------------------------------------------------------------------------------
[2022-04-13 22:34:26,352] {taskinstance.py:1239} INFO - Starting attempt 1 of 1
[2022-04-13 22:34:26,352] {taskinstance.py:1240} INFO - 
--------------------------------------------------------------------------------
[2022-04-13 22:34:26,419] {taskinstance.py:1259} INFO - Executing <Task(BashOperator): ingest> on 2022-02-02 06:00:58+00:00
[2022-04-13 22:34:26,437] {standard_task_runner.py:52} INFO - Started process 10513 to run task
[2022-04-13 22:34:26,468] {standard_task_runner.py:76} INFO - Running: ['***', 'tasks', 'run', 'LocalIngestionDAG', 'ingest', 'scheduled__2022-02-02T06:00:58+00:00', '--job-id', '1772', '--raw', '--subdir', 'DAGS_FOLDER/data_ingestion_local.py', '--cfg-path', '/tmp/tmphqsk9usk', '--error-file', '/tmp/tmpju5k5xbn']
[2022-04-13 22:34:26,485] {standard_task_runner.py:77} INFO - Job 1772: Subtask ingest
[2022-04-13 22:34:26,734] {logging_mixin.py:109} INFO - Running <TaskInstance: LocalIngestionDAG.ingest scheduled__2022-02-02T06:00:58+00:00 [running]> on host 13db72185839
[2022-04-13 22:34:26,894] {taskinstance.py:1426} INFO - Exporting the following env vars:
AIRFLOW_CTX_DAG_OWNER=***
AIRFLOW_CTX_DAG_ID=LocalIngestionDAG
AIRFLOW_CTX_TASK_ID=ingest
AIRFLOW_CTX_EXECUTION_DATE=2022-02-02T06:00:58+00:00
AIRFLOW_CTX_DAG_RUN_ID=scheduled__2022-02-02T06:00:58+00:00
[2022-04-13 22:34:26,897] {subprocess.py:62} INFO - Tmp dir root location: 
 /tmp
[2022-04-13 22:34:26,898] {subprocess.py:74} INFO - Running command: ['bash', '-c', 'ls /opt/***']
[2022-04-13 22:34:26,917] {subprocess.py:85} INFO - Output:
[2022-04-13 22:34:26,928] {subprocess.py:89} INFO - ***.cfg
[2022-04-13 22:34:26,935] {subprocess.py:89} INFO - dags
[2022-04-13 22:34:26,936] {subprocess.py:89} INFO - logs
[2022-04-13 22:34:26,937] {subprocess.py:89} INFO - output.csv
[2022-04-13 22:34:26,938] {subprocess.py:89} INFO - plugins
[2022-04-13 22:34:26,941] {subprocess.py:89} INFO - requirements.txt
[2022-04-13 22:34:26,943] {subprocess.py:89} INFO - scripts
[2022-04-13 22:34:26,947] {subprocess.py:89} INFO - webserver_config.py
[2022-04-13 22:34:26,948] {subprocess.py:93} INFO - Command exited with return code 0
[2022-04-13 22:34:27,037] {taskinstance.py:1277} INFO - Marking task as SUCCESS. dag_id=LocalIngestionDAG, task_id=ingest, execution_date=20220202T060058, start_date=20220413T223426, end_date=20220413T223427
[2022-04-13 22:34:27,117] {local_task_job.py:154} INFO - Task exited with return code 0
[2022-04-13 22:34:27,376] {local_task_job.py:264} INFO - 0 downstream tasks scheduled from follow-on schedule check
