[2022-04-13 21:26:34,912] {taskinstance.py:1032} INFO - Dependencies all met for <TaskInstance: LocalIngestionDAG.ingest scheduled__2021-09-02T06:00:39+00:00 [queued]>
[2022-04-13 21:26:34,963] {taskinstance.py:1032} INFO - Dependencies all met for <TaskInstance: LocalIngestionDAG.ingest scheduled__2021-09-02T06:00:39+00:00 [queued]>
[2022-04-13 21:26:34,964] {taskinstance.py:1238} INFO - 
--------------------------------------------------------------------------------
[2022-04-13 21:26:34,965] {taskinstance.py:1239} INFO - Starting attempt 1 of 1
[2022-04-13 21:26:34,966] {taskinstance.py:1240} INFO - 
--------------------------------------------------------------------------------
[2022-04-13 21:26:35,033] {taskinstance.py:1259} INFO - Executing <Task(BashOperator): ingest> on 2021-09-02 06:00:39+00:00
[2022-04-13 21:26:35,050] {standard_task_runner.py:52} INFO - Started process 4749 to run task
[2022-04-13 21:26:35,067] {standard_task_runner.py:76} INFO - Running: ['***', 'tasks', 'run', 'LocalIngestionDAG', 'ingest', 'scheduled__2021-09-02T06:00:39+00:00', '--job-id', '1164', '--raw', '--subdir', 'DAGS_FOLDER/data_ingestion_local.py', '--cfg-path', '/tmp/tmp5mbo9x09', '--error-file', '/tmp/tmpk55oz994']
[2022-04-13 21:26:35,078] {standard_task_runner.py:77} INFO - Job 1164: Subtask ingest
[2022-04-13 21:26:35,350] {logging_mixin.py:109} INFO - Running <TaskInstance: LocalIngestionDAG.ingest scheduled__2021-09-02T06:00:39+00:00 [running]> on host 13db72185839
[2022-04-13 21:26:35,610] {taskinstance.py:1426} INFO - Exporting the following env vars:
AIRFLOW_CTX_DAG_OWNER=***
AIRFLOW_CTX_DAG_ID=LocalIngestionDAG
AIRFLOW_CTX_TASK_ID=ingest
AIRFLOW_CTX_EXECUTION_DATE=2021-09-02T06:00:39+00:00
AIRFLOW_CTX_DAG_RUN_ID=scheduled__2021-09-02T06:00:39+00:00
[2022-04-13 21:26:35,613] {subprocess.py:62} INFO - Tmp dir root location: 
 /tmp
[2022-04-13 21:26:35,626] {subprocess.py:74} INFO - Running command: ['bash', '-c', 'pwd']
[2022-04-13 21:26:35,662] {subprocess.py:85} INFO - Output:
[2022-04-13 21:26:35,668] {subprocess.py:89} INFO - /tmp/***tmpwjsdc8tv
[2022-04-13 21:26:35,669] {subprocess.py:93} INFO - Command exited with return code 0
[2022-04-13 21:26:35,771] {taskinstance.py:1277} INFO - Marking task as SUCCESS. dag_id=LocalIngestionDAG, task_id=ingest, execution_date=20210902T060039, start_date=20220413T212634, end_date=20220413T212635
[2022-04-13 21:26:35,910] {local_task_job.py:154} INFO - Task exited with return code 0
[2022-04-13 21:26:36,051] {local_task_job.py:264} INFO - 0 downstream tasks scheduled from follow-on schedule check
