[2022-04-13 21:24:57,158] {taskinstance.py:1032} INFO - Dependencies all met for <TaskInstance: LocalIngestionDAG.ingest scheduled__2021-08-02T06:00:11+00:00 [queued]>
[2022-04-13 21:24:57,217] {taskinstance.py:1032} INFO - Dependencies all met for <TaskInstance: LocalIngestionDAG.ingest scheduled__2021-08-02T06:00:11+00:00 [queued]>
[2022-04-13 21:24:57,228] {taskinstance.py:1238} INFO - 
--------------------------------------------------------------------------------
[2022-04-13 21:24:57,230] {taskinstance.py:1239} INFO - Starting attempt 1 of 1
[2022-04-13 21:24:57,233] {taskinstance.py:1240} INFO - 
--------------------------------------------------------------------------------
[2022-04-13 21:24:57,314] {taskinstance.py:1259} INFO - Executing <Task(BashOperator): ingest> on 2021-08-02 06:00:11+00:00
[2022-04-13 21:24:57,335] {standard_task_runner.py:52} INFO - Started process 4142 to run task
[2022-04-13 21:24:57,346] {standard_task_runner.py:76} INFO - Running: ['***', 'tasks', 'run', 'LocalIngestionDAG', 'ingest', 'scheduled__2021-08-02T06:00:11+00:00', '--job-id', '987', '--raw', '--subdir', 'DAGS_FOLDER/data_ingestion_local.py', '--cfg-path', '/tmp/tmpz1j99gxt', '--error-file', '/tmp/tmpyr6vydq_']
[2022-04-13 21:24:57,351] {standard_task_runner.py:77} INFO - Job 987: Subtask ingest
[2022-04-13 21:24:57,720] {logging_mixin.py:109} INFO - Running <TaskInstance: LocalIngestionDAG.ingest scheduled__2021-08-02T06:00:11+00:00 [running]> on host 13db72185839
[2022-04-13 21:24:57,991] {taskinstance.py:1426} INFO - Exporting the following env vars:
AIRFLOW_CTX_DAG_OWNER=***
AIRFLOW_CTX_DAG_ID=LocalIngestionDAG
AIRFLOW_CTX_TASK_ID=ingest
AIRFLOW_CTX_EXECUTION_DATE=2021-08-02T06:00:11+00:00
AIRFLOW_CTX_DAG_RUN_ID=scheduled__2021-08-02T06:00:11+00:00
[2022-04-13 21:24:57,997] {subprocess.py:62} INFO - Tmp dir root location: 
 /tmp
[2022-04-13 21:24:57,999] {subprocess.py:74} INFO - Running command: ['bash', '-c', 'pwd']
[2022-04-13 21:24:58,024] {subprocess.py:85} INFO - Output:
[2022-04-13 21:24:58,036] {subprocess.py:89} INFO - /tmp/***tmp6uv0exqk
[2022-04-13 21:24:58,095] {subprocess.py:93} INFO - Command exited with return code 0
[2022-04-13 21:24:58,211] {taskinstance.py:1277} INFO - Marking task as SUCCESS. dag_id=LocalIngestionDAG, task_id=ingest, execution_date=20210802T060011, start_date=20220413T212457, end_date=20220413T212458
[2022-04-13 21:24:58,335] {local_task_job.py:154} INFO - Task exited with return code 0
[2022-04-13 21:24:58,669] {local_task_job.py:264} INFO - 0 downstream tasks scheduled from follow-on schedule check
