[2022-04-13 21:23:21,238] {taskinstance.py:1032} INFO - Dependencies all met for <TaskInstance: LocalIngestionDAG.ingest scheduled__2021-06-02T06:00:38+00:00 [queued]>
[2022-04-13 21:23:21,295] {taskinstance.py:1032} INFO - Dependencies all met for <TaskInstance: LocalIngestionDAG.ingest scheduled__2021-06-02T06:00:38+00:00 [queued]>
[2022-04-13 21:23:21,296] {taskinstance.py:1238} INFO - 
--------------------------------------------------------------------------------
[2022-04-13 21:23:21,298] {taskinstance.py:1239} INFO - Starting attempt 1 of 1
[2022-04-13 21:23:21,314] {taskinstance.py:1240} INFO - 
--------------------------------------------------------------------------------
[2022-04-13 21:23:21,384] {taskinstance.py:1259} INFO - Executing <Task(BashOperator): ingest> on 2021-06-02 06:00:38+00:00
[2022-04-13 21:23:21,400] {standard_task_runner.py:52} INFO - Started process 3511 to run task
[2022-04-13 21:23:21,429] {standard_task_runner.py:76} INFO - Running: ['***', 'tasks', 'run', 'LocalIngestionDAG', 'ingest', 'scheduled__2021-06-02T06:00:38+00:00', '--job-id', '802', '--raw', '--subdir', 'DAGS_FOLDER/data_ingestion_local.py', '--cfg-path', '/tmp/tmptdvsq295', '--error-file', '/tmp/tmpb6nbeh_1']
[2022-04-13 21:23:21,457] {standard_task_runner.py:77} INFO - Job 802: Subtask ingest
[2022-04-13 21:23:21,771] {logging_mixin.py:109} INFO - Running <TaskInstance: LocalIngestionDAG.ingest scheduled__2021-06-02T06:00:38+00:00 [running]> on host 13db72185839
[2022-04-13 21:23:22,063] {taskinstance.py:1426} INFO - Exporting the following env vars:
AIRFLOW_CTX_DAG_OWNER=***
AIRFLOW_CTX_DAG_ID=LocalIngestionDAG
AIRFLOW_CTX_TASK_ID=ingest
AIRFLOW_CTX_EXECUTION_DATE=2021-06-02T06:00:38+00:00
AIRFLOW_CTX_DAG_RUN_ID=scheduled__2021-06-02T06:00:38+00:00
[2022-04-13 21:23:22,075] {subprocess.py:62} INFO - Tmp dir root location: 
 /tmp
[2022-04-13 21:23:22,079] {subprocess.py:74} INFO - Running command: ['bash', '-c', 'pwd']
[2022-04-13 21:23:22,098] {subprocess.py:85} INFO - Output:
[2022-04-13 21:23:22,103] {subprocess.py:89} INFO - /tmp/***tmp4tngkr2d
[2022-04-13 21:23:22,106] {subprocess.py:93} INFO - Command exited with return code 0
[2022-04-13 21:23:22,244] {taskinstance.py:1277} INFO - Marking task as SUCCESS. dag_id=LocalIngestionDAG, task_id=ingest, execution_date=20210602T060038, start_date=20220413T212321, end_date=20220413T212322
[2022-04-13 21:23:22,381] {local_task_job.py:154} INFO - Task exited with return code 0
[2022-04-13 21:23:22,871] {local_task_job.py:264} INFO - 0 downstream tasks scheduled from follow-on schedule check
