[2022-04-13 15:16:08,828] {taskinstance.py:1032} INFO - Dependencies all met for <TaskInstance: data_ingestion_gcs_dag.bigquery_external_table_task manual__2022-04-13T15:13:42.620200+00:00 [queued]>
[2022-04-13 15:16:08,840] {taskinstance.py:1032} INFO - Dependencies all met for <TaskInstance: data_ingestion_gcs_dag.bigquery_external_table_task manual__2022-04-13T15:13:42.620200+00:00 [queued]>
[2022-04-13 15:16:08,841] {taskinstance.py:1238} INFO - 
--------------------------------------------------------------------------------
[2022-04-13 15:16:08,842] {taskinstance.py:1239} INFO - Starting attempt 1 of 2
[2022-04-13 15:16:08,842] {taskinstance.py:1240} INFO - 
--------------------------------------------------------------------------------
[2022-04-13 15:16:08,856] {taskinstance.py:1259} INFO - Executing <Task(BigQueryCreateExternalTableOperator): bigquery_external_table_task> on 2022-04-13 15:13:42.620200+00:00
[2022-04-13 15:16:08,863] {standard_task_runner.py:52} INFO - Started process 535 to run task
[2022-04-13 15:16:08,868] {standard_task_runner.py:76} INFO - Running: ['***', 'tasks', 'run', 'data_ingestion_gcs_dag', 'bigquery_external_table_task', 'manual__2022-04-13T15:13:42.620200+00:00', '--job-id', '83', '--raw', '--subdir', 'DAGS_FOLDER/data_ingestion_gcs_dag.py', '--cfg-path', '/tmp/tmpfosm8q_r', '--error-file', '/tmp/tmp1aw7q9ks']
[2022-04-13 15:16:08,870] {standard_task_runner.py:77} INFO - Job 83: Subtask bigquery_external_table_task
[2022-04-13 15:16:08,961] {logging_mixin.py:109} INFO - Running <TaskInstance: data_ingestion_gcs_dag.bigquery_external_table_task manual__2022-04-13T15:13:42.620200+00:00 [running]> on host b8725b2c61af
[2022-04-13 15:16:09,055] {taskinstance.py:1426} INFO - Exporting the following env vars:
AIRFLOW_CTX_DAG_OWNER=***
AIRFLOW_CTX_DAG_ID=data_ingestion_gcs_dag
AIRFLOW_CTX_TASK_ID=bigquery_external_table_task
AIRFLOW_CTX_EXECUTION_DATE=2022-04-13T15:13:42.620200+00:00
AIRFLOW_CTX_DAG_RUN_ID=manual__2022-04-13T15:13:42.620200+00:00
[2022-04-13 15:16:09,058] {crypto.py:82} WARNING - empty cryptography key - values will not be stored encrypted.
[2022-04-13 15:16:11,349] {taskinstance.py:1277} INFO - Marking task as SUCCESS. dag_id=data_ingestion_gcs_dag, task_id=bigquery_external_table_task, execution_date=20220413T151342, start_date=20220413T151608, end_date=20220413T151611
[2022-04-13 15:16:11,420] {local_task_job.py:154} INFO - Task exited with return code 0
[2022-04-13 15:16:11,480] {local_task_job.py:264} INFO - 0 downstream tasks scheduled from follow-on schedule check
