[2022-04-13 21:54:44,642] {taskinstance.py:1032} INFO - Dependencies all met for <TaskInstance: LocalIngestionDAG.ingest scheduled__2021-11-02T06:00:01+00:00 [queued]>
[2022-04-13 21:54:44,655] {taskinstance.py:1032} INFO - Dependencies all met for <TaskInstance: LocalIngestionDAG.ingest scheduled__2021-11-02T06:00:01+00:00 [queued]>
[2022-04-13 21:54:44,656] {taskinstance.py:1238} INFO - 
--------------------------------------------------------------------------------
[2022-04-13 21:54:44,656] {taskinstance.py:1239} INFO - Starting attempt 1 of 1
[2022-04-13 21:54:44,656] {taskinstance.py:1240} INFO - 
--------------------------------------------------------------------------------
[2022-04-13 21:54:44,677] {taskinstance.py:1259} INFO - Executing <Task(BashOperator): ingest> on 2021-11-02 06:00:01+00:00
[2022-04-13 21:54:44,682] {standard_task_runner.py:52} INFO - Started process 6850 to run task
[2022-04-13 21:54:44,688] {standard_task_runner.py:76} INFO - Running: ['***', 'tasks', 'run', 'LocalIngestionDAG', 'ingest', 'scheduled__2021-11-02T06:00:01+00:00', '--job-id', '1337', '--raw', '--subdir', 'DAGS_FOLDER/data_ingestion_local.py', '--cfg-path', '/tmp/tmpp8vs7v52', '--error-file', '/tmp/tmpksitxgqa']
[2022-04-13 21:54:44,689] {standard_task_runner.py:77} INFO - Job 1337: Subtask ingest
[2022-04-13 21:54:44,806] {logging_mixin.py:109} INFO - Running <TaskInstance: LocalIngestionDAG.ingest scheduled__2021-11-02T06:00:01+00:00 [running]> on host 13db72185839
[2022-04-13 21:54:44,892] {taskinstance.py:1426} INFO - Exporting the following env vars:
AIRFLOW_CTX_DAG_OWNER=***
AIRFLOW_CTX_DAG_ID=LocalIngestionDAG
AIRFLOW_CTX_TASK_ID=ingest
AIRFLOW_CTX_EXECUTION_DATE=2021-11-02T06:00:01+00:00
AIRFLOW_CTX_DAG_RUN_ID=scheduled__2021-11-02T06:00:01+00:00
[2022-04-13 21:54:44,894] {subprocess.py:62} INFO - Tmp dir root location: 
 /tmp
[2022-04-13 21:54:44,896] {subprocess.py:74} INFO - Running command: ['bash', '-c', 'ls /opt/***']
[2022-04-13 21:54:44,906] {subprocess.py:85} INFO - Output:
[2022-04-13 21:54:44,910] {subprocess.py:89} INFO - ***.cfg
[2022-04-13 21:54:44,911] {subprocess.py:89} INFO - dags
[2022-04-13 21:54:44,911] {subprocess.py:89} INFO - logs
[2022-04-13 21:54:44,911] {subprocess.py:89} INFO - output.csv
[2022-04-13 21:54:44,912] {subprocess.py:89} INFO - plugins
[2022-04-13 21:54:44,912] {subprocess.py:89} INFO - requirements.txt
[2022-04-13 21:54:44,913] {subprocess.py:89} INFO - scripts
[2022-04-13 21:54:44,913] {subprocess.py:89} INFO - webserver_config.py
[2022-04-13 21:54:44,914] {subprocess.py:93} INFO - Command exited with return code 0
[2022-04-13 21:54:44,951] {taskinstance.py:1277} INFO - Marking task as SUCCESS. dag_id=LocalIngestionDAG, task_id=ingest, execution_date=20211102T060001, start_date=20220413T215444, end_date=20220413T215444
[2022-04-13 21:54:45,020] {local_task_job.py:154} INFO - Task exited with return code 0
[2022-04-13 21:54:45,074] {local_task_job.py:264} INFO - 0 downstream tasks scheduled from follow-on schedule check
