[2022-04-13 21:16:35,375] {taskinstance.py:1032} INFO - Dependencies all met for <TaskInstance: LocalIngestionDAG.ingest scheduled__2021-02-02T06:00:09+00:00 [queued]>
[2022-04-13 21:16:35,412] {taskinstance.py:1032} INFO - Dependencies all met for <TaskInstance: LocalIngestionDAG.ingest scheduled__2021-02-02T06:00:09+00:00 [queued]>
[2022-04-13 21:16:35,413] {taskinstance.py:1238} INFO - 
--------------------------------------------------------------------------------
[2022-04-13 21:16:35,414] {taskinstance.py:1239} INFO - Starting attempt 1 of 1
[2022-04-13 21:16:35,415] {taskinstance.py:1240} INFO - 
--------------------------------------------------------------------------------
[2022-04-13 21:16:35,449] {taskinstance.py:1259} INFO - Executing <Task(BashOperator): ingest> on 2021-02-02 06:00:09+00:00
[2022-04-13 21:16:35,463] {standard_task_runner.py:52} INFO - Started process 1541 to run task
[2022-04-13 21:16:35,479] {standard_task_runner.py:76} INFO - Running: ['***', 'tasks', 'run', 'LocalIngestionDAG', 'ingest', 'scheduled__2021-02-02T06:00:09+00:00', '--job-id', '262', '--raw', '--subdir', 'DAGS_FOLDER/data_ingestion_local.py', '--cfg-path', '/tmp/tmphzrxgnbc', '--error-file', '/tmp/tmp37k_ont8']
[2022-04-13 21:16:35,481] {standard_task_runner.py:77} INFO - Job 262: Subtask ingest
[2022-04-13 21:16:35,670] {logging_mixin.py:109} INFO - Running <TaskInstance: LocalIngestionDAG.ingest scheduled__2021-02-02T06:00:09+00:00 [running]> on host 13db72185839
[2022-04-13 21:16:35,846] {taskinstance.py:1426} INFO - Exporting the following env vars:
AIRFLOW_CTX_DAG_OWNER=***
AIRFLOW_CTX_DAG_ID=LocalIngestionDAG
AIRFLOW_CTX_TASK_ID=ingest
AIRFLOW_CTX_EXECUTION_DATE=2021-02-02T06:00:09+00:00
AIRFLOW_CTX_DAG_RUN_ID=scheduled__2021-02-02T06:00:09+00:00
[2022-04-13 21:16:35,848] {subprocess.py:62} INFO - Tmp dir root location: 
 /tmp
[2022-04-13 21:16:35,850] {subprocess.py:74} INFO - Running command: ['bash', '-c', 'pwd']
[2022-04-13 21:16:35,876] {subprocess.py:85} INFO - Output:
[2022-04-13 21:16:35,892] {subprocess.py:89} INFO - /tmp/***tmpzvtatu36
[2022-04-13 21:16:35,897] {subprocess.py:93} INFO - Command exited with return code 0
[2022-04-13 21:16:36,016] {taskinstance.py:1277} INFO - Marking task as SUCCESS. dag_id=LocalIngestionDAG, task_id=ingest, execution_date=20210202T060009, start_date=20220413T211635, end_date=20220413T211636
[2022-04-13 21:16:36,135] {local_task_job.py:154} INFO - Task exited with return code 0
[2022-04-13 21:16:36,244] {local_task_job.py:264} INFO - 0 downstream tasks scheduled from follow-on schedule check
