[2022-04-13 21:16:28,731] {taskinstance.py:1032} INFO - Dependencies all met for <TaskInstance: LocalIngestionDAG.wget scheduled__2021-02-02T06:00:03+00:00 [queued]>
[2022-04-13 21:16:28,762] {taskinstance.py:1032} INFO - Dependencies all met for <TaskInstance: LocalIngestionDAG.wget scheduled__2021-02-02T06:00:03+00:00 [queued]>
[2022-04-13 21:16:28,763] {taskinstance.py:1238} INFO - 
--------------------------------------------------------------------------------
[2022-04-13 21:16:28,763] {taskinstance.py:1239} INFO - Starting attempt 1 of 1
[2022-04-13 21:16:28,764] {taskinstance.py:1240} INFO - 
--------------------------------------------------------------------------------
[2022-04-13 21:16:28,797] {taskinstance.py:1259} INFO - Executing <Task(BashOperator): wget> on 2021-02-02 06:00:03+00:00
[2022-04-13 21:16:28,805] {standard_task_runner.py:52} INFO - Started process 1478 to run task
[2022-04-13 21:16:28,817] {standard_task_runner.py:76} INFO - Running: ['***', 'tasks', 'run', 'LocalIngestionDAG', 'wget', 'scheduled__2021-02-02T06:00:03+00:00', '--job-id', '244', '--raw', '--subdir', 'DAGS_FOLDER/data_ingestion_local.py', '--cfg-path', '/tmp/tmpwswd68_u', '--error-file', '/tmp/tmpeaq4pqwy']
[2022-04-13 21:16:28,822] {standard_task_runner.py:77} INFO - Job 244: Subtask wget
[2022-04-13 21:16:28,963] {logging_mixin.py:109} INFO - Running <TaskInstance: LocalIngestionDAG.wget scheduled__2021-02-02T06:00:03+00:00 [running]> on host 13db72185839
[2022-04-13 21:16:29,050] {taskinstance.py:1426} INFO - Exporting the following env vars:
AIRFLOW_CTX_DAG_OWNER=***
AIRFLOW_CTX_DAG_ID=LocalIngestionDAG
AIRFLOW_CTX_TASK_ID=wget
AIRFLOW_CTX_EXECUTION_DATE=2021-02-02T06:00:03+00:00
AIRFLOW_CTX_DAG_RUN_ID=scheduled__2021-02-02T06:00:03+00:00
[2022-04-13 21:16:29,054] {subprocess.py:62} INFO - Tmp dir root location: 
 /tmp
[2022-04-13 21:16:29,055] {subprocess.py:74} INFO - Running command: ['bash', '-c', 'echo "hello world"']
[2022-04-13 21:16:29,065] {subprocess.py:85} INFO - Output:
[2022-04-13 21:16:29,067] {subprocess.py:89} INFO - hello world
[2022-04-13 21:16:29,068] {subprocess.py:93} INFO - Command exited with return code 0
[2022-04-13 21:16:29,099] {taskinstance.py:1277} INFO - Marking task as SUCCESS. dag_id=LocalIngestionDAG, task_id=wget, execution_date=20210202T060003, start_date=20220413T211628, end_date=20220413T211629
[2022-04-13 21:16:29,151] {local_task_job.py:154} INFO - Task exited with return code 0
[2022-04-13 21:16:29,194] {local_task_job.py:264} INFO - 1 downstream tasks scheduled from follow-on schedule check
