[2022-04-13 21:20:53,438] {taskinstance.py:1032} INFO - Dependencies all met for <TaskInstance: LocalIngestionDAG.wget scheduled__2021-04-02T06:00:18+00:00 [queued]>
[2022-04-13 21:20:53,465] {taskinstance.py:1032} INFO - Dependencies all met for <TaskInstance: LocalIngestionDAG.wget scheduled__2021-04-02T06:00:18+00:00 [queued]>
[2022-04-13 21:20:53,466] {taskinstance.py:1238} INFO - 
--------------------------------------------------------------------------------
[2022-04-13 21:20:53,467] {taskinstance.py:1239} INFO - Starting attempt 1 of 1
[2022-04-13 21:20:53,468] {taskinstance.py:1240} INFO - 
--------------------------------------------------------------------------------
[2022-04-13 21:20:53,501] {taskinstance.py:1259} INFO - Executing <Task(BashOperator): wget> on 2021-04-02 06:00:18+00:00
[2022-04-13 21:20:53,506] {standard_task_runner.py:52} INFO - Started process 2528 to run task
[2022-04-13 21:20:53,510] {standard_task_runner.py:76} INFO - Running: ['***', 'tasks', 'run', 'LocalIngestionDAG', 'wget', 'scheduled__2021-04-02T06:00:18+00:00', '--job-id', '514', '--raw', '--subdir', 'DAGS_FOLDER/data_ingestion_local.py', '--cfg-path', '/tmp/tmprmp027xk', '--error-file', '/tmp/tmp1r1_qo_d']
[2022-04-13 21:20:53,512] {standard_task_runner.py:77} INFO - Job 514: Subtask wget
[2022-04-13 21:20:53,634] {logging_mixin.py:109} INFO - Running <TaskInstance: LocalIngestionDAG.wget scheduled__2021-04-02T06:00:18+00:00 [running]> on host 13db72185839
[2022-04-13 21:20:53,825] {taskinstance.py:1426} INFO - Exporting the following env vars:
AIRFLOW_CTX_DAG_OWNER=***
AIRFLOW_CTX_DAG_ID=LocalIngestionDAG
AIRFLOW_CTX_TASK_ID=wget
AIRFLOW_CTX_EXECUTION_DATE=2021-04-02T06:00:18+00:00
AIRFLOW_CTX_DAG_RUN_ID=scheduled__2021-04-02T06:00:18+00:00
[2022-04-13 21:20:53,827] {subprocess.py:62} INFO - Tmp dir root location: 
 /tmp
[2022-04-13 21:20:53,829] {subprocess.py:74} INFO - Running command: ['bash', '-c', 'echo "hello world"']
[2022-04-13 21:20:53,858] {subprocess.py:85} INFO - Output:
[2022-04-13 21:20:53,861] {subprocess.py:89} INFO - hello world
[2022-04-13 21:20:53,862] {subprocess.py:93} INFO - Command exited with return code 0
[2022-04-13 21:20:54,049] {taskinstance.py:1277} INFO - Marking task as SUCCESS. dag_id=LocalIngestionDAG, task_id=wget, execution_date=20210402T060018, start_date=20220413T212053, end_date=20220413T212054
[2022-04-13 21:20:54,095] {local_task_job.py:154} INFO - Task exited with return code 0
[2022-04-13 21:20:54,201] {local_task_job.py:264} INFO - 1 downstream tasks scheduled from follow-on schedule check
