[2022-04-13 21:23:12,761] {taskinstance.py:1032} INFO - Dependencies all met for <TaskInstance: LocalIngestionDAG.ingest scheduled__2021-06-02T06:00:31+00:00 [queued]>
[2022-04-13 21:23:12,802] {taskinstance.py:1032} INFO - Dependencies all met for <TaskInstance: LocalIngestionDAG.ingest scheduled__2021-06-02T06:00:31+00:00 [queued]>
[2022-04-13 21:23:12,806] {taskinstance.py:1238} INFO - 
--------------------------------------------------------------------------------
[2022-04-13 21:23:12,811] {taskinstance.py:1239} INFO - Starting attempt 1 of 1
[2022-04-13 21:23:12,812] {taskinstance.py:1240} INFO - 
--------------------------------------------------------------------------------
[2022-04-13 21:23:12,894] {taskinstance.py:1259} INFO - Executing <Task(BashOperator): ingest> on 2021-06-02 06:00:31+00:00
[2022-04-13 21:23:12,907] {standard_task_runner.py:52} INFO - Started process 3451 to run task
[2022-04-13 21:23:12,940] {standard_task_runner.py:76} INFO - Running: ['***', 'tasks', 'run', 'LocalIngestionDAG', 'ingest', 'scheduled__2021-06-02T06:00:31+00:00', '--job-id', '787', '--raw', '--subdir', 'DAGS_FOLDER/data_ingestion_local.py', '--cfg-path', '/tmp/tmpbiikokbi', '--error-file', '/tmp/tmpmqbun82k']
[2022-04-13 21:23:12,950] {standard_task_runner.py:77} INFO - Job 787: Subtask ingest
[2022-04-13 21:23:13,230] {logging_mixin.py:109} INFO - Running <TaskInstance: LocalIngestionDAG.ingest scheduled__2021-06-02T06:00:31+00:00 [running]> on host 13db72185839
[2022-04-13 21:23:13,634] {taskinstance.py:1426} INFO - Exporting the following env vars:
AIRFLOW_CTX_DAG_OWNER=***
AIRFLOW_CTX_DAG_ID=LocalIngestionDAG
AIRFLOW_CTX_TASK_ID=ingest
AIRFLOW_CTX_EXECUTION_DATE=2021-06-02T06:00:31+00:00
AIRFLOW_CTX_DAG_RUN_ID=scheduled__2021-06-02T06:00:31+00:00
[2022-04-13 21:23:13,646] {subprocess.py:62} INFO - Tmp dir root location: 
 /tmp
[2022-04-13 21:23:13,659] {subprocess.py:74} INFO - Running command: ['bash', '-c', 'pwd']
[2022-04-13 21:23:13,704] {subprocess.py:85} INFO - Output:
[2022-04-13 21:23:13,712] {subprocess.py:89} INFO - /tmp/***tmp5ii0l233
[2022-04-13 21:23:13,713] {subprocess.py:93} INFO - Command exited with return code 0
[2022-04-13 21:23:13,869] {taskinstance.py:1277} INFO - Marking task as SUCCESS. dag_id=LocalIngestionDAG, task_id=ingest, execution_date=20210602T060031, start_date=20220413T212312, end_date=20220413T212313
[2022-04-13 21:23:13,929] {local_task_job.py:154} INFO - Task exited with return code 0
[2022-04-13 21:23:14,026] {local_task_job.py:264} INFO - 0 downstream tasks scheduled from follow-on schedule check
