[2022-04-13 21:17:23,170] {taskinstance.py:1032} INFO - Dependencies all met for <TaskInstance: LocalIngestionDAG.ingest scheduled__2021-03-02T06:00:02+00:00 [queued]>
[2022-04-13 21:17:23,181] {taskinstance.py:1032} INFO - Dependencies all met for <TaskInstance: LocalIngestionDAG.ingest scheduled__2021-03-02T06:00:02+00:00 [queued]>
[2022-04-13 21:17:23,181] {taskinstance.py:1238} INFO - 
--------------------------------------------------------------------------------
[2022-04-13 21:17:23,181] {taskinstance.py:1239} INFO - Starting attempt 1 of 1
[2022-04-13 21:17:23,182] {taskinstance.py:1240} INFO - 
--------------------------------------------------------------------------------
[2022-04-13 21:17:23,196] {taskinstance.py:1259} INFO - Executing <Task(BashOperator): ingest> on 2021-03-02 06:00:02+00:00
[2022-04-13 21:17:23,199] {standard_task_runner.py:52} INFO - Started process 1893 to run task
[2022-04-13 21:17:23,203] {standard_task_runner.py:76} INFO - Running: ['***', 'tasks', 'run', 'LocalIngestionDAG', 'ingest', 'scheduled__2021-03-02T06:00:02+00:00', '--job-id', '366', '--raw', '--subdir', 'DAGS_FOLDER/data_ingestion_local.py', '--cfg-path', '/tmp/tmpyq8512oi', '--error-file', '/tmp/tmp6lgps4gb']
[2022-04-13 21:17:23,204] {standard_task_runner.py:77} INFO - Job 366: Subtask ingest
[2022-04-13 21:17:23,278] {logging_mixin.py:109} INFO - Running <TaskInstance: LocalIngestionDAG.ingest scheduled__2021-03-02T06:00:02+00:00 [running]> on host 13db72185839
[2022-04-13 21:17:23,351] {taskinstance.py:1426} INFO - Exporting the following env vars:
AIRFLOW_CTX_DAG_OWNER=***
AIRFLOW_CTX_DAG_ID=LocalIngestionDAG
AIRFLOW_CTX_TASK_ID=ingest
AIRFLOW_CTX_EXECUTION_DATE=2021-03-02T06:00:02+00:00
AIRFLOW_CTX_DAG_RUN_ID=scheduled__2021-03-02T06:00:02+00:00
[2022-04-13 21:17:23,352] {subprocess.py:62} INFO - Tmp dir root location: 
 /tmp
[2022-04-13 21:17:23,353] {subprocess.py:74} INFO - Running command: ['bash', '-c', 'pwd']
[2022-04-13 21:17:23,361] {subprocess.py:85} INFO - Output:
[2022-04-13 21:17:23,363] {subprocess.py:89} INFO - /tmp/***tmpk5cmu54y
[2022-04-13 21:17:23,364] {subprocess.py:93} INFO - Command exited with return code 0
[2022-04-13 21:17:23,384] {taskinstance.py:1277} INFO - Marking task as SUCCESS. dag_id=LocalIngestionDAG, task_id=ingest, execution_date=20210302T060002, start_date=20220413T211723, end_date=20220413T211723
[2022-04-13 21:17:23,416] {local_task_job.py:154} INFO - Task exited with return code 0
[2022-04-13 21:17:23,469] {local_task_job.py:264} INFO - 0 downstream tasks scheduled from follow-on schedule check
