[2022-04-13 22:35:43,391] {taskinstance.py:1032} INFO - Dependencies all met for <TaskInstance: LocalIngestionDAG.ingest scheduled__2022-04-02T06:00:05+00:00 [queued]>
[2022-04-13 22:35:43,480] {taskinstance.py:1032} INFO - Dependencies all met for <TaskInstance: LocalIngestionDAG.ingest scheduled__2022-04-02T06:00:05+00:00 [queued]>
[2022-04-13 22:35:43,482] {taskinstance.py:1238} INFO - 
--------------------------------------------------------------------------------
[2022-04-13 22:35:43,487] {taskinstance.py:1239} INFO - Starting attempt 1 of 1
[2022-04-13 22:35:43,491] {taskinstance.py:1240} INFO - 
--------------------------------------------------------------------------------
[2022-04-13 22:35:43,575] {taskinstance.py:1259} INFO - Executing <Task(BashOperator): ingest> on 2022-04-02 06:00:05+00:00
[2022-04-13 22:35:43,586] {standard_task_runner.py:52} INFO - Started process 11109 to run task
[2022-04-13 22:35:43,627] {standard_task_runner.py:76} INFO - Running: ['***', 'tasks', 'run', 'LocalIngestionDAG', 'ingest', 'scheduled__2022-04-02T06:00:05+00:00', '--job-id', '1906', '--raw', '--subdir', 'DAGS_FOLDER/data_ingestion_local.py', '--cfg-path', '/tmp/tmpsrskoux5', '--error-file', '/tmp/tmpt3vfc80v']
[2022-04-13 22:35:43,630] {standard_task_runner.py:77} INFO - Job 1906: Subtask ingest
[2022-04-13 22:35:43,820] {logging_mixin.py:109} INFO - Running <TaskInstance: LocalIngestionDAG.ingest scheduled__2022-04-02T06:00:05+00:00 [running]> on host 13db72185839
[2022-04-13 22:35:44,122] {taskinstance.py:1426} INFO - Exporting the following env vars:
AIRFLOW_CTX_DAG_OWNER=***
AIRFLOW_CTX_DAG_ID=LocalIngestionDAG
AIRFLOW_CTX_TASK_ID=ingest
AIRFLOW_CTX_EXECUTION_DATE=2022-04-02T06:00:05+00:00
AIRFLOW_CTX_DAG_RUN_ID=scheduled__2022-04-02T06:00:05+00:00
[2022-04-13 22:35:44,128] {subprocess.py:62} INFO - Tmp dir root location: 
 /tmp
[2022-04-13 22:35:44,129] {subprocess.py:74} INFO - Running command: ['bash', '-c', 'ls /opt/***']
[2022-04-13 22:35:44,163] {subprocess.py:85} INFO - Output:
[2022-04-13 22:35:44,180] {subprocess.py:89} INFO - ***.cfg
[2022-04-13 22:35:44,194] {subprocess.py:89} INFO - dags
[2022-04-13 22:35:44,198] {subprocess.py:89} INFO - logs
[2022-04-13 22:35:44,210] {subprocess.py:89} INFO - output.csv
[2022-04-13 22:35:44,211] {subprocess.py:89} INFO - output_2022-03.csv
[2022-04-13 22:35:44,212] {subprocess.py:89} INFO - output_2022-04.csv
[2022-04-13 22:35:44,213] {subprocess.py:89} INFO - plugins
[2022-04-13 22:35:44,214] {subprocess.py:89} INFO - requirements.txt
[2022-04-13 22:35:44,216] {subprocess.py:89} INFO - scripts
[2022-04-13 22:35:44,219] {subprocess.py:89} INFO - webserver_config.py
[2022-04-13 22:35:44,222] {subprocess.py:93} INFO - Command exited with return code 0
[2022-04-13 22:35:44,318] {taskinstance.py:1277} INFO - Marking task as SUCCESS. dag_id=LocalIngestionDAG, task_id=ingest, execution_date=20220402T060005, start_date=20220413T223543, end_date=20220413T223544
[2022-04-13 22:35:44,408] {local_task_job.py:154} INFO - Task exited with return code 0
[2022-04-13 22:35:44,481] {local_task_job.py:264} INFO - 0 downstream tasks scheduled from follow-on schedule check
