[2022-04-13 21:23:23,451] {taskinstance.py:1032} INFO - Dependencies all met for <TaskInstance: LocalIngestionDAG.ingest scheduled__2021-06-02T06:00:41+00:00 [queued]>
[2022-04-13 21:23:23,480] {taskinstance.py:1032} INFO - Dependencies all met for <TaskInstance: LocalIngestionDAG.ingest scheduled__2021-06-02T06:00:41+00:00 [queued]>
[2022-04-13 21:23:23,481] {taskinstance.py:1238} INFO - 
--------------------------------------------------------------------------------
[2022-04-13 21:23:23,481] {taskinstance.py:1239} INFO - Starting attempt 1 of 1
[2022-04-13 21:23:23,482] {taskinstance.py:1240} INFO - 
--------------------------------------------------------------------------------
[2022-04-13 21:23:23,551] {taskinstance.py:1259} INFO - Executing <Task(BashOperator): ingest> on 2021-06-02 06:00:41+00:00
[2022-04-13 21:23:23,561] {standard_task_runner.py:52} INFO - Started process 3525 to run task
[2022-04-13 21:23:23,567] {standard_task_runner.py:76} INFO - Running: ['***', 'tasks', 'run', 'LocalIngestionDAG', 'ingest', 'scheduled__2021-06-02T06:00:41+00:00', '--job-id', '807', '--raw', '--subdir', 'DAGS_FOLDER/data_ingestion_local.py', '--cfg-path', '/tmp/tmp1xn18bva', '--error-file', '/tmp/tmpfo2cv8lj']
[2022-04-13 21:23:23,604] {standard_task_runner.py:77} INFO - Job 807: Subtask ingest
[2022-04-13 21:23:23,875] {logging_mixin.py:109} INFO - Running <TaskInstance: LocalIngestionDAG.ingest scheduled__2021-06-02T06:00:41+00:00 [running]> on host 13db72185839
[2022-04-13 21:23:24,020] {taskinstance.py:1426} INFO - Exporting the following env vars:
AIRFLOW_CTX_DAG_OWNER=***
AIRFLOW_CTX_DAG_ID=LocalIngestionDAG
AIRFLOW_CTX_TASK_ID=ingest
AIRFLOW_CTX_EXECUTION_DATE=2021-06-02T06:00:41+00:00
AIRFLOW_CTX_DAG_RUN_ID=scheduled__2021-06-02T06:00:41+00:00
[2022-04-13 21:23:24,025] {subprocess.py:62} INFO - Tmp dir root location: 
 /tmp
[2022-04-13 21:23:24,027] {subprocess.py:74} INFO - Running command: ['bash', '-c', 'pwd']
[2022-04-13 21:23:24,044] {subprocess.py:85} INFO - Output:
[2022-04-13 21:23:24,048] {subprocess.py:89} INFO - /tmp/***tmpmydynvr3
[2022-04-13 21:23:24,048] {subprocess.py:93} INFO - Command exited with return code 0
[2022-04-13 21:23:24,097] {taskinstance.py:1277} INFO - Marking task as SUCCESS. dag_id=LocalIngestionDAG, task_id=ingest, execution_date=20210602T060041, start_date=20220413T212323, end_date=20220413T212324
[2022-04-13 21:23:24,140] {local_task_job.py:154} INFO - Task exited with return code 0
[2022-04-13 21:23:24,186] {local_task_job.py:264} INFO - 0 downstream tasks scheduled from follow-on schedule check
