[2022-04-13 22:36:36,525] {taskinstance.py:1032} INFO - Dependencies all met for <TaskInstance: LocalIngestionDAG.ingest scheduled__2022-04-02T06:00:47+00:00 [queued]>
[2022-04-13 22:36:36,553] {taskinstance.py:1032} INFO - Dependencies all met for <TaskInstance: LocalIngestionDAG.ingest scheduled__2022-04-02T06:00:47+00:00 [queued]>
[2022-04-13 22:36:36,555] {taskinstance.py:1238} INFO - 
--------------------------------------------------------------------------------
[2022-04-13 22:36:36,556] {taskinstance.py:1239} INFO - Starting attempt 1 of 1
[2022-04-13 22:36:36,557] {taskinstance.py:1240} INFO - 
--------------------------------------------------------------------------------
[2022-04-13 22:36:36,676] {taskinstance.py:1259} INFO - Executing <Task(BashOperator): ingest> on 2022-04-02 06:00:47+00:00
[2022-04-13 22:36:36,696] {standard_task_runner.py:52} INFO - Started process 11501 to run task
[2022-04-13 22:36:36,708] {standard_task_runner.py:76} INFO - Running: ['***', 'tasks', 'run', 'LocalIngestionDAG', 'ingest', 'scheduled__2022-04-02T06:00:47+00:00', '--job-id', '1993', '--raw', '--subdir', 'DAGS_FOLDER/data_ingestion_local.py', '--cfg-path', '/tmp/tmpa78ymlxf', '--error-file', '/tmp/tmpxgefez1d']
[2022-04-13 22:36:36,736] {standard_task_runner.py:77} INFO - Job 1993: Subtask ingest
[2022-04-13 22:36:37,182] {logging_mixin.py:109} INFO - Running <TaskInstance: LocalIngestionDAG.ingest scheduled__2022-04-02T06:00:47+00:00 [running]> on host 13db72185839
[2022-04-13 22:36:37,525] {taskinstance.py:1426} INFO - Exporting the following env vars:
AIRFLOW_CTX_DAG_OWNER=***
AIRFLOW_CTX_DAG_ID=LocalIngestionDAG
AIRFLOW_CTX_TASK_ID=ingest
AIRFLOW_CTX_EXECUTION_DATE=2022-04-02T06:00:47+00:00
AIRFLOW_CTX_DAG_RUN_ID=scheduled__2022-04-02T06:00:47+00:00
[2022-04-13 22:36:37,530] {subprocess.py:62} INFO - Tmp dir root location: 
 /tmp
[2022-04-13 22:36:37,536] {subprocess.py:74} INFO - Running command: ['bash', '-c', 'ls /opt/***']
[2022-04-13 22:36:37,563] {subprocess.py:85} INFO - Output:
[2022-04-13 22:36:37,570] {subprocess.py:89} INFO - ***.cfg
[2022-04-13 22:36:37,571] {subprocess.py:89} INFO - dags
[2022-04-13 22:36:37,572] {subprocess.py:89} INFO - logs
[2022-04-13 22:36:37,573] {subprocess.py:89} INFO - output.csv
[2022-04-13 22:36:37,581] {subprocess.py:89} INFO - output_2022-03.csv
[2022-04-13 22:36:37,583] {subprocess.py:89} INFO - output_2022-04.csv
[2022-04-13 22:36:37,584] {subprocess.py:89} INFO - plugins
[2022-04-13 22:36:37,586] {subprocess.py:89} INFO - requirements.txt
[2022-04-13 22:36:37,587] {subprocess.py:89} INFO - scripts
[2022-04-13 22:36:37,587] {subprocess.py:89} INFO - webserver_config.py
[2022-04-13 22:36:37,588] {subprocess.py:93} INFO - Command exited with return code 0
[2022-04-13 22:36:37,682] {taskinstance.py:1277} INFO - Marking task as SUCCESS. dag_id=LocalIngestionDAG, task_id=ingest, execution_date=20220402T060047, start_date=20220413T223636, end_date=20220413T223637
[2022-04-13 22:36:37,756] {local_task_job.py:154} INFO - Task exited with return code 0
[2022-04-13 22:36:37,895] {local_task_job.py:264} INFO - 0 downstream tasks scheduled from follow-on schedule check
