[2022-04-13 21:16:53,567] {taskinstance.py:1032} INFO - Dependencies all met for <TaskInstance: LocalIngestionDAG.wget scheduled__2021-02-02T06:00:31+00:00 [queued]>
[2022-04-13 21:16:53,616] {taskinstance.py:1032} INFO - Dependencies all met for <TaskInstance: LocalIngestionDAG.wget scheduled__2021-02-02T06:00:31+00:00 [queued]>
[2022-04-13 21:16:53,622] {taskinstance.py:1238} INFO - 
--------------------------------------------------------------------------------
[2022-04-13 21:16:53,626] {taskinstance.py:1239} INFO - Starting attempt 1 of 1
[2022-04-13 21:16:53,630] {taskinstance.py:1240} INFO - 
--------------------------------------------------------------------------------
[2022-04-13 21:16:53,677] {taskinstance.py:1259} INFO - Executing <Task(BashOperator): wget> on 2021-02-02 06:00:31+00:00
[2022-04-13 21:16:53,693] {standard_task_runner.py:52} INFO - Started process 1668 to run task
[2022-04-13 21:16:53,699] {standard_task_runner.py:76} INFO - Running: ['***', 'tasks', 'run', 'LocalIngestionDAG', 'wget', 'scheduled__2021-02-02T06:00:31+00:00', '--job-id', '298', '--raw', '--subdir', 'DAGS_FOLDER/data_ingestion_local.py', '--cfg-path', '/tmp/tmp0ajcwad6', '--error-file', '/tmp/tmpchpb_tww']
[2022-04-13 21:16:53,712] {standard_task_runner.py:77} INFO - Job 298: Subtask wget
[2022-04-13 21:16:53,890] {logging_mixin.py:109} INFO - Running <TaskInstance: LocalIngestionDAG.wget scheduled__2021-02-02T06:00:31+00:00 [running]> on host 13db72185839
[2022-04-13 21:16:54,023] {taskinstance.py:1426} INFO - Exporting the following env vars:
AIRFLOW_CTX_DAG_OWNER=***
AIRFLOW_CTX_DAG_ID=LocalIngestionDAG
AIRFLOW_CTX_TASK_ID=wget
AIRFLOW_CTX_EXECUTION_DATE=2021-02-02T06:00:31+00:00
AIRFLOW_CTX_DAG_RUN_ID=scheduled__2021-02-02T06:00:31+00:00
[2022-04-13 21:16:54,025] {subprocess.py:62} INFO - Tmp dir root location: 
 /tmp
[2022-04-13 21:16:54,027] {subprocess.py:74} INFO - Running command: ['bash', '-c', 'echo "hello world"']
[2022-04-13 21:16:54,039] {subprocess.py:85} INFO - Output:
[2022-04-13 21:16:54,043] {subprocess.py:89} INFO - hello world
[2022-04-13 21:16:54,044] {subprocess.py:93} INFO - Command exited with return code 0
[2022-04-13 21:16:54,084] {taskinstance.py:1277} INFO - Marking task as SUCCESS. dag_id=LocalIngestionDAG, task_id=wget, execution_date=20210202T060031, start_date=20220413T211653, end_date=20220413T211654
[2022-04-13 21:16:54,157] {local_task_job.py:154} INFO - Task exited with return code 0
[2022-04-13 21:16:54,293] {local_task_job.py:264} INFO - 1 downstream tasks scheduled from follow-on schedule check
