[2022-04-13 21:24:27,870] {taskinstance.py:1032} INFO - Dependencies all met for <TaskInstance: LocalIngestionDAG.ingest scheduled__2021-07-02T06:00:42+00:00 [queued]>
[2022-04-13 21:24:27,907] {taskinstance.py:1032} INFO - Dependencies all met for <TaskInstance: LocalIngestionDAG.ingest scheduled__2021-07-02T06:00:42+00:00 [queued]>
[2022-04-13 21:24:27,909] {taskinstance.py:1238} INFO - 
--------------------------------------------------------------------------------
[2022-04-13 21:24:27,910] {taskinstance.py:1239} INFO - Starting attempt 1 of 1
[2022-04-13 21:24:27,912] {taskinstance.py:1240} INFO - 
--------------------------------------------------------------------------------
[2022-04-13 21:24:28,017] {taskinstance.py:1259} INFO - Executing <Task(BashOperator): ingest> on 2021-07-02 06:00:42+00:00
[2022-04-13 21:24:28,035] {standard_task_runner.py:52} INFO - Started process 3947 to run task
[2022-04-13 21:24:28,079] {standard_task_runner.py:76} INFO - Running: ['***', 'tasks', 'run', 'LocalIngestionDAG', 'ingest', 'scheduled__2021-07-02T06:00:42+00:00', '--job-id', '930', '--raw', '--subdir', 'DAGS_FOLDER/data_ingestion_local.py', '--cfg-path', '/tmp/tmp252uzw_q', '--error-file', '/tmp/tmplfittbpp']
[2022-04-13 21:24:28,084] {standard_task_runner.py:77} INFO - Job 930: Subtask ingest
[2022-04-13 21:24:28,429] {logging_mixin.py:109} INFO - Running <TaskInstance: LocalIngestionDAG.ingest scheduled__2021-07-02T06:00:42+00:00 [running]> on host 13db72185839
[2022-04-13 21:24:28,698] {taskinstance.py:1426} INFO - Exporting the following env vars:
AIRFLOW_CTX_DAG_OWNER=***
AIRFLOW_CTX_DAG_ID=LocalIngestionDAG
AIRFLOW_CTX_TASK_ID=ingest
AIRFLOW_CTX_EXECUTION_DATE=2021-07-02T06:00:42+00:00
AIRFLOW_CTX_DAG_RUN_ID=scheduled__2021-07-02T06:00:42+00:00
[2022-04-13 21:24:28,702] {subprocess.py:62} INFO - Tmp dir root location: 
 /tmp
[2022-04-13 21:24:28,706] {subprocess.py:74} INFO - Running command: ['bash', '-c', 'pwd']
[2022-04-13 21:24:28,751] {subprocess.py:85} INFO - Output:
[2022-04-13 21:24:28,766] {subprocess.py:89} INFO - /tmp/***tmpa17h_or1
[2022-04-13 21:24:28,785] {subprocess.py:93} INFO - Command exited with return code 0
[2022-04-13 21:24:28,985] {taskinstance.py:1277} INFO - Marking task as SUCCESS. dag_id=LocalIngestionDAG, task_id=ingest, execution_date=20210702T060042, start_date=20220413T212427, end_date=20220413T212428
[2022-04-13 21:24:29,230] {local_task_job.py:154} INFO - Task exited with return code 0
[2022-04-13 21:24:29,414] {local_task_job.py:264} INFO - 0 downstream tasks scheduled from follow-on schedule check
