[2022-04-13 15:13:45,240] {taskinstance.py:1032} INFO - Dependencies all met for <TaskInstance: data_ingestion_gcs_dag.download_dataset_task manual__2022-04-13T15:13:42.620200+00:00 [queued]>
[2022-04-13 15:13:45,253] {taskinstance.py:1032} INFO - Dependencies all met for <TaskInstance: data_ingestion_gcs_dag.download_dataset_task manual__2022-04-13T15:13:42.620200+00:00 [queued]>
[2022-04-13 15:13:45,254] {taskinstance.py:1238} INFO - 
--------------------------------------------------------------------------------
[2022-04-13 15:13:45,255] {taskinstance.py:1239} INFO - Starting attempt 1 of 2
[2022-04-13 15:13:45,255] {taskinstance.py:1240} INFO - 
--------------------------------------------------------------------------------
[2022-04-13 15:13:45,273] {taskinstance.py:1259} INFO - Executing <Task(BashOperator): download_dataset_task> on 2022-04-13 15:13:42.620200+00:00
[2022-04-13 15:13:45,286] {standard_task_runner.py:52} INFO - Started process 321 to run task
[2022-04-13 15:13:45,292] {standard_task_runner.py:76} INFO - Running: ['***', 'tasks', 'run', 'data_ingestion_gcs_dag', 'download_dataset_task', 'manual__2022-04-13T15:13:42.620200+00:00', '--job-id', '80', '--raw', '--subdir', 'DAGS_FOLDER/data_ingestion_gcs_dag.py', '--cfg-path', '/tmp/tmpo5w9249o', '--error-file', '/tmp/tmp06pn04nw']
[2022-04-13 15:13:45,295] {standard_task_runner.py:77} INFO - Job 80: Subtask download_dataset_task
[2022-04-13 15:13:45,386] {logging_mixin.py:109} INFO - Running <TaskInstance: data_ingestion_gcs_dag.download_dataset_task manual__2022-04-13T15:13:42.620200+00:00 [running]> on host b8725b2c61af
[2022-04-13 15:13:45,480] {taskinstance.py:1426} INFO - Exporting the following env vars:
AIRFLOW_CTX_DAG_OWNER=***
AIRFLOW_CTX_DAG_ID=data_ingestion_gcs_dag
AIRFLOW_CTX_TASK_ID=download_dataset_task
AIRFLOW_CTX_EXECUTION_DATE=2022-04-13T15:13:42.620200+00:00
AIRFLOW_CTX_DAG_RUN_ID=manual__2022-04-13T15:13:42.620200+00:00
[2022-04-13 15:13:45,482] {subprocess.py:62} INFO - Tmp dir root location: 
 /tmp
[2022-04-13 15:13:45,484] {subprocess.py:74} INFO - Running command: ['bash', '-c', 'curl -sSL https://s3.amazonaws.com/nyc-tlc/trip+data/yellow_tripdata_2021-01.csv > /opt/***/yellow_tripdata_2021-01.csv']
[2022-04-13 15:13:45,506] {subprocess.py:85} INFO - Output:
[2022-04-13 15:15:41,505] {subprocess.py:93} INFO - Command exited with return code 0
[2022-04-13 15:15:41,541] {taskinstance.py:1277} INFO - Marking task as SUCCESS. dag_id=data_ingestion_gcs_dag, task_id=download_dataset_task, execution_date=20220413T151342, start_date=20220413T151345, end_date=20220413T151541
[2022-04-13 15:15:41,590] {local_task_job.py:154} INFO - Task exited with return code 0
[2022-04-13 15:15:41,659] {local_task_job.py:264} INFO - 1 downstream tasks scheduled from follow-on schedule check
