[2022-04-13 21:17:26,545] {taskinstance.py:1032} INFO - Dependencies all met for <TaskInstance: LocalIngestionDAG.ingest scheduled__2021-03-02T06:00:03+00:00 [queued]>
[2022-04-13 21:17:26,580] {taskinstance.py:1032} INFO - Dependencies all met for <TaskInstance: LocalIngestionDAG.ingest scheduled__2021-03-02T06:00:03+00:00 [queued]>
[2022-04-13 21:17:26,581] {taskinstance.py:1238} INFO - 
--------------------------------------------------------------------------------
[2022-04-13 21:17:26,581] {taskinstance.py:1239} INFO - Starting attempt 1 of 1
[2022-04-13 21:17:26,582] {taskinstance.py:1240} INFO - 
--------------------------------------------------------------------------------
[2022-04-13 21:17:26,615] {taskinstance.py:1259} INFO - Executing <Task(BashOperator): ingest> on 2021-03-02 06:00:03+00:00
[2022-04-13 21:17:26,621] {standard_task_runner.py:52} INFO - Started process 1910 to run task
[2022-04-13 21:17:26,631] {standard_task_runner.py:76} INFO - Running: ['***', 'tasks', 'run', 'LocalIngestionDAG', 'ingest', 'scheduled__2021-03-02T06:00:03+00:00', '--job-id', '372', '--raw', '--subdir', 'DAGS_FOLDER/data_ingestion_local.py', '--cfg-path', '/tmp/tmpgk5g3_3u', '--error-file', '/tmp/tmp_vq5kytm']
[2022-04-13 21:17:26,634] {standard_task_runner.py:77} INFO - Job 372: Subtask ingest
[2022-04-13 21:17:26,767] {logging_mixin.py:109} INFO - Running <TaskInstance: LocalIngestionDAG.ingest scheduled__2021-03-02T06:00:03+00:00 [running]> on host 13db72185839
[2022-04-13 21:17:26,875] {taskinstance.py:1426} INFO - Exporting the following env vars:
AIRFLOW_CTX_DAG_OWNER=***
AIRFLOW_CTX_DAG_ID=LocalIngestionDAG
AIRFLOW_CTX_TASK_ID=ingest
AIRFLOW_CTX_EXECUTION_DATE=2021-03-02T06:00:03+00:00
AIRFLOW_CTX_DAG_RUN_ID=scheduled__2021-03-02T06:00:03+00:00
[2022-04-13 21:17:26,877] {subprocess.py:62} INFO - Tmp dir root location: 
 /tmp
[2022-04-13 21:17:26,878] {subprocess.py:74} INFO - Running command: ['bash', '-c', 'pwd']
[2022-04-13 21:17:26,890] {subprocess.py:85} INFO - Output:
[2022-04-13 21:17:26,893] {subprocess.py:89} INFO - /tmp/***tmp26lgn1_e
[2022-04-13 21:17:26,894] {subprocess.py:93} INFO - Command exited with return code 0
[2022-04-13 21:17:26,976] {taskinstance.py:1277} INFO - Marking task as SUCCESS. dag_id=LocalIngestionDAG, task_id=ingest, execution_date=20210302T060003, start_date=20220413T211726, end_date=20220413T211726
[2022-04-13 21:17:27,045] {local_task_job.py:154} INFO - Task exited with return code 0
[2022-04-13 21:17:27,134] {local_task_job.py:264} INFO - 0 downstream tasks scheduled from follow-on schedule check
