[2022-04-13 14:32:29,197] {taskinstance.py:1032} INFO - Dependencies all met for <TaskInstance: data_ingestion_gcs_dag.format_to_parquet_task manual__2022-04-13T14:30:51.578677+00:00 [queued]>
[2022-04-13 14:32:29,217] {taskinstance.py:1032} INFO - Dependencies all met for <TaskInstance: data_ingestion_gcs_dag.format_to_parquet_task manual__2022-04-13T14:30:51.578677+00:00 [queued]>
[2022-04-13 14:32:29,218] {taskinstance.py:1238} INFO - 
--------------------------------------------------------------------------------
[2022-04-13 14:32:29,218] {taskinstance.py:1239} INFO - Starting attempt 1 of 2
[2022-04-13 14:32:29,219] {taskinstance.py:1240} INFO - 
--------------------------------------------------------------------------------
[2022-04-13 14:32:29,236] {taskinstance.py:1259} INFO - Executing <Task(PythonOperator): format_to_parquet_task> on 2022-04-13 14:30:51.578677+00:00
[2022-04-13 14:32:29,242] {standard_task_runner.py:52} INFO - Started process 421 to run task
[2022-04-13 14:32:29,247] {standard_task_runner.py:76} INFO - Running: ['***', 'tasks', 'run', 'data_ingestion_gcs_dag', 'format_to_parquet_task', 'manual__2022-04-13T14:30:51.578677+00:00', '--job-id', '76', '--raw', '--subdir', 'DAGS_FOLDER/data_ingestion_gcs_dag.py', '--cfg-path', '/tmp/tmp32qzfrn7', '--error-file', '/tmp/tmp8udpn7v5']
[2022-04-13 14:32:29,249] {standard_task_runner.py:77} INFO - Job 76: Subtask format_to_parquet_task
[2022-04-13 14:32:29,314] {logging_mixin.py:109} INFO - Running <TaskInstance: data_ingestion_gcs_dag.format_to_parquet_task manual__2022-04-13T14:30:51.578677+00:00 [running]> on host 45852b52f2a6
[2022-04-13 14:32:29,398] {taskinstance.py:1426} INFO - Exporting the following env vars:
AIRFLOW_CTX_DAG_OWNER=***
AIRFLOW_CTX_DAG_ID=data_ingestion_gcs_dag
AIRFLOW_CTX_TASK_ID=format_to_parquet_task
AIRFLOW_CTX_EXECUTION_DATE=2022-04-13T14:30:51.578677+00:00
AIRFLOW_CTX_DAG_RUN_ID=manual__2022-04-13T14:30:51.578677+00:00
[2022-04-13 14:32:32,781] {python.py:175} INFO - Done. Returned value was: None
[2022-04-13 14:32:32,803] {taskinstance.py:1277} INFO - Marking task as SUCCESS. dag_id=data_ingestion_gcs_dag, task_id=format_to_parquet_task, execution_date=20220413T143051, start_date=20220413T143229, end_date=20220413T143232
[2022-04-13 14:32:32,872] {local_task_job.py:154} INFO - Task exited with return code 0
[2022-04-13 14:32:33,000] {local_task_job.py:264} INFO - 1 downstream tasks scheduled from follow-on schedule check
