[2022-04-13 21:26:25,233] {taskinstance.py:1032} INFO - Dependencies all met for <TaskInstance: LocalIngestionDAG.wget scheduled__2021-09-02T06:00:33+00:00 [queued]>
[2022-04-13 21:26:25,286] {taskinstance.py:1032} INFO - Dependencies all met for <TaskInstance: LocalIngestionDAG.wget scheduled__2021-09-02T06:00:33+00:00 [queued]>
[2022-04-13 21:26:25,287] {taskinstance.py:1238} INFO - 
--------------------------------------------------------------------------------
[2022-04-13 21:26:25,288] {taskinstance.py:1239} INFO - Starting attempt 1 of 1
[2022-04-13 21:26:25,289] {taskinstance.py:1240} INFO - 
--------------------------------------------------------------------------------
[2022-04-13 21:26:25,336] {taskinstance.py:1259} INFO - Executing <Task(BashOperator): wget> on 2021-09-02 06:00:33+00:00
[2022-04-13 21:26:25,347] {standard_task_runner.py:52} INFO - Started process 4675 to run task
[2022-04-13 21:26:25,354] {standard_task_runner.py:76} INFO - Running: ['***', 'tasks', 'run', 'LocalIngestionDAG', 'wget', 'scheduled__2021-09-02T06:00:33+00:00', '--job-id', '1144', '--raw', '--subdir', 'DAGS_FOLDER/data_ingestion_local.py', '--cfg-path', '/tmp/tmpw_3cbisk', '--error-file', '/tmp/tmpcy7gnai6']
[2022-04-13 21:26:25,362] {standard_task_runner.py:77} INFO - Job 1144: Subtask wget
[2022-04-13 21:26:25,531] {logging_mixin.py:109} INFO - Running <TaskInstance: LocalIngestionDAG.wget scheduled__2021-09-02T06:00:33+00:00 [running]> on host 13db72185839
[2022-04-13 21:26:25,759] {taskinstance.py:1426} INFO - Exporting the following env vars:
AIRFLOW_CTX_DAG_OWNER=***
AIRFLOW_CTX_DAG_ID=LocalIngestionDAG
AIRFLOW_CTX_TASK_ID=wget
AIRFLOW_CTX_EXECUTION_DATE=2021-09-02T06:00:33+00:00
AIRFLOW_CTX_DAG_RUN_ID=scheduled__2021-09-02T06:00:33+00:00
[2022-04-13 21:26:25,762] {subprocess.py:62} INFO - Tmp dir root location: 
 /tmp
[2022-04-13 21:26:25,764] {subprocess.py:74} INFO - Running command: ['bash', '-c', 'echo "hello world"']
[2022-04-13 21:26:25,804] {subprocess.py:85} INFO - Output:
[2022-04-13 21:26:25,812] {subprocess.py:89} INFO - hello world
[2022-04-13 21:26:25,814] {subprocess.py:93} INFO - Command exited with return code 0
[2022-04-13 21:26:26,222] {taskinstance.py:1277} INFO - Marking task as SUCCESS. dag_id=LocalIngestionDAG, task_id=wget, execution_date=20210902T060033, start_date=20220413T212625, end_date=20220413T212626
[2022-04-13 21:26:26,359] {local_task_job.py:154} INFO - Task exited with return code 0
[2022-04-13 21:26:26,454] {local_task_job.py:264} INFO - 1 downstream tasks scheduled from follow-on schedule check
