[2022-04-13 21:25:02,810] {taskinstance.py:1032} INFO - Dependencies all met for <TaskInstance: LocalIngestionDAG.wget scheduled__2021-08-02T06:00:18+00:00 [queued]>
[2022-04-13 21:25:02,837] {taskinstance.py:1032} INFO - Dependencies all met for <TaskInstance: LocalIngestionDAG.wget scheduled__2021-08-02T06:00:18+00:00 [queued]>
[2022-04-13 21:25:02,839] {taskinstance.py:1238} INFO - 
--------------------------------------------------------------------------------
[2022-04-13 21:25:02,840] {taskinstance.py:1239} INFO - Starting attempt 1 of 1
[2022-04-13 21:25:02,841] {taskinstance.py:1240} INFO - 
--------------------------------------------------------------------------------
[2022-04-13 21:25:02,903] {taskinstance.py:1259} INFO - Executing <Task(BashOperator): wget> on 2021-08-02 06:00:18+00:00
[2022-04-13 21:25:02,911] {standard_task_runner.py:52} INFO - Started process 4165 to run task
[2022-04-13 21:25:02,920] {standard_task_runner.py:76} INFO - Running: ['***', 'tasks', 'run', 'LocalIngestionDAG', 'wget', 'scheduled__2021-08-02T06:00:18+00:00', '--job-id', '995', '--raw', '--subdir', 'DAGS_FOLDER/data_ingestion_local.py', '--cfg-path', '/tmp/tmp6bvu_sjy', '--error-file', '/tmp/tmp2vmtfn6k']
[2022-04-13 21:25:02,924] {standard_task_runner.py:77} INFO - Job 995: Subtask wget
[2022-04-13 21:25:03,170] {logging_mixin.py:109} INFO - Running <TaskInstance: LocalIngestionDAG.wget scheduled__2021-08-02T06:00:18+00:00 [running]> on host 13db72185839
[2022-04-13 21:25:03,337] {taskinstance.py:1426} INFO - Exporting the following env vars:
AIRFLOW_CTX_DAG_OWNER=***
AIRFLOW_CTX_DAG_ID=LocalIngestionDAG
AIRFLOW_CTX_TASK_ID=wget
AIRFLOW_CTX_EXECUTION_DATE=2021-08-02T06:00:18+00:00
AIRFLOW_CTX_DAG_RUN_ID=scheduled__2021-08-02T06:00:18+00:00
[2022-04-13 21:25:03,341] {subprocess.py:62} INFO - Tmp dir root location: 
 /tmp
[2022-04-13 21:25:03,343] {subprocess.py:74} INFO - Running command: ['bash', '-c', 'echo "hello world"']
[2022-04-13 21:25:03,360] {subprocess.py:85} INFO - Output:
[2022-04-13 21:25:03,368] {subprocess.py:89} INFO - hello world
[2022-04-13 21:25:03,370] {subprocess.py:93} INFO - Command exited with return code 0
[2022-04-13 21:25:03,460] {taskinstance.py:1277} INFO - Marking task as SUCCESS. dag_id=LocalIngestionDAG, task_id=wget, execution_date=20210802T060018, start_date=20220413T212502, end_date=20220413T212503
[2022-04-13 21:25:03,589] {local_task_job.py:154} INFO - Task exited with return code 0
[2022-04-13 21:25:04,170] {local_task_job.py:264} INFO - 0 downstream tasks scheduled from follow-on schedule check
