[2022-04-13 21:21:30,788] {taskinstance.py:1032} INFO - Dependencies all met for <TaskInstance: LocalIngestionDAG.ingest scheduled__2021-04-02T06:00:52+00:00 [queued]>
[2022-04-13 21:21:30,820] {taskinstance.py:1032} INFO - Dependencies all met for <TaskInstance: LocalIngestionDAG.ingest scheduled__2021-04-02T06:00:52+00:00 [queued]>
[2022-04-13 21:21:30,831] {taskinstance.py:1238} INFO - 
--------------------------------------------------------------------------------
[2022-04-13 21:21:30,833] {taskinstance.py:1239} INFO - Starting attempt 1 of 1
[2022-04-13 21:21:30,834] {taskinstance.py:1240} INFO - 
--------------------------------------------------------------------------------
[2022-04-13 21:21:30,887] {taskinstance.py:1259} INFO - Executing <Task(BashOperator): ingest> on 2021-04-02 06:00:52+00:00
[2022-04-13 21:21:30,895] {standard_task_runner.py:52} INFO - Started process 2778 to run task
[2022-04-13 21:21:30,905] {standard_task_runner.py:76} INFO - Running: ['***', 'tasks', 'run', 'LocalIngestionDAG', 'ingest', 'scheduled__2021-04-02T06:00:52+00:00', '--job-id', '586', '--raw', '--subdir', 'DAGS_FOLDER/data_ingestion_local.py', '--cfg-path', '/tmp/tmpjpg5vqqn', '--error-file', '/tmp/tmplt7cilhh']
[2022-04-13 21:21:30,908] {standard_task_runner.py:77} INFO - Job 586: Subtask ingest
[2022-04-13 21:21:31,097] {logging_mixin.py:109} INFO - Running <TaskInstance: LocalIngestionDAG.ingest scheduled__2021-04-02T06:00:52+00:00 [running]> on host 13db72185839
[2022-04-13 21:21:31,317] {taskinstance.py:1426} INFO - Exporting the following env vars:
AIRFLOW_CTX_DAG_OWNER=***
AIRFLOW_CTX_DAG_ID=LocalIngestionDAG
AIRFLOW_CTX_TASK_ID=ingest
AIRFLOW_CTX_EXECUTION_DATE=2021-04-02T06:00:52+00:00
AIRFLOW_CTX_DAG_RUN_ID=scheduled__2021-04-02T06:00:52+00:00
[2022-04-13 21:21:31,321] {subprocess.py:62} INFO - Tmp dir root location: 
 /tmp
[2022-04-13 21:21:31,325] {subprocess.py:74} INFO - Running command: ['bash', '-c', 'pwd']
[2022-04-13 21:21:31,347] {subprocess.py:85} INFO - Output:
[2022-04-13 21:21:31,352] {subprocess.py:89} INFO - /tmp/***tmpm4lvx8ry
[2022-04-13 21:21:31,353] {subprocess.py:93} INFO - Command exited with return code 0
[2022-04-13 21:21:31,608] {taskinstance.py:1277} INFO - Marking task as SUCCESS. dag_id=LocalIngestionDAG, task_id=ingest, execution_date=20210402T060052, start_date=20220413T212130, end_date=20220413T212131
[2022-04-13 21:21:31,648] {local_task_job.py:154} INFO - Task exited with return code 0
[2022-04-13 21:21:31,731] {local_task_job.py:264} INFO - 0 downstream tasks scheduled from follow-on schedule check
