[2022-04-13 22:10:06,426] {taskinstance.py:1032} INFO - Dependencies all met for <TaskInstance: LocalIngestionDAG.ingest scheduled__2021-11-02T06:00:02+00:00 [queued]>
[2022-04-13 22:10:06,461] {taskinstance.py:1032} INFO - Dependencies all met for <TaskInstance: LocalIngestionDAG.ingest scheduled__2021-11-02T06:00:02+00:00 [queued]>
[2022-04-13 22:10:06,462] {taskinstance.py:1238} INFO - 
--------------------------------------------------------------------------------
[2022-04-13 22:10:06,462] {taskinstance.py:1239} INFO - Starting attempt 2 of 2
[2022-04-13 22:10:06,463] {taskinstance.py:1240} INFO - 
--------------------------------------------------------------------------------
[2022-04-13 22:10:06,505] {taskinstance.py:1259} INFO - Executing <Task(BashOperator): ingest> on 2021-11-02 06:00:02+00:00
[2022-04-13 22:10:06,512] {standard_task_runner.py:52} INFO - Started process 7737 to run task
[2022-04-13 22:10:06,530] {standard_task_runner.py:76} INFO - Running: ['***', 'tasks', 'run', 'LocalIngestionDAG', 'ingest', 'scheduled__2021-11-02T06:00:02+00:00', '--job-id', '1356', '--raw', '--subdir', 'DAGS_FOLDER/data_ingestion_local.py', '--cfg-path', '/tmp/tmpty1zgdae', '--error-file', '/tmp/tmptssvbvhf']
[2022-04-13 22:10:06,531] {standard_task_runner.py:77} INFO - Job 1356: Subtask ingest
[2022-04-13 22:10:06,708] {logging_mixin.py:109} INFO - Running <TaskInstance: LocalIngestionDAG.ingest scheduled__2021-11-02T06:00:02+00:00 [running]> on host 13db72185839
[2022-04-13 22:10:06,920] {taskinstance.py:1426} INFO - Exporting the following env vars:
AIRFLOW_CTX_DAG_OWNER=***
AIRFLOW_CTX_DAG_ID=LocalIngestionDAG
AIRFLOW_CTX_TASK_ID=ingest
AIRFLOW_CTX_EXECUTION_DATE=2021-11-02T06:00:02+00:00
AIRFLOW_CTX_DAG_RUN_ID=scheduled__2021-11-02T06:00:02+00:00
[2022-04-13 22:10:06,922] {subprocess.py:62} INFO - Tmp dir root location: 
 /tmp
[2022-04-13 22:10:06,925] {subprocess.py:74} INFO - Running command: ['bash', '-c', 'ls /opt/***']
[2022-04-13 22:10:06,944] {subprocess.py:85} INFO - Output:
[2022-04-13 22:10:06,968] {subprocess.py:89} INFO - ***.cfg
[2022-04-13 22:10:06,968] {subprocess.py:89} INFO - dags
[2022-04-13 22:10:06,969] {subprocess.py:89} INFO - logs
[2022-04-13 22:10:06,970] {subprocess.py:89} INFO - output.csv
[2022-04-13 22:10:06,971] {subprocess.py:89} INFO - plugins
[2022-04-13 22:10:06,971] {subprocess.py:89} INFO - requirements.txt
[2022-04-13 22:10:06,972] {subprocess.py:89} INFO - scripts
[2022-04-13 22:10:06,973] {subprocess.py:89} INFO - webserver_config.py
[2022-04-13 22:10:06,974] {subprocess.py:93} INFO - Command exited with return code 0
[2022-04-13 22:10:07,016] {taskinstance.py:1277} INFO - Marking task as SUCCESS. dag_id=LocalIngestionDAG, task_id=ingest, execution_date=20211102T060002, start_date=20220413T221006, end_date=20220413T221007
[2022-04-13 22:10:07,053] {local_task_job.py:154} INFO - Task exited with return code 0
[2022-04-13 22:10:07,106] {local_task_job.py:264} INFO - 0 downstream tasks scheduled from follow-on schedule check
