[2022-04-13 21:23:46,387] {taskinstance.py:1032} INFO - Dependencies all met for <TaskInstance: LocalIngestionDAG.wget scheduled__2021-07-02T06:00:07+00:00 [queued]>
[2022-04-13 21:23:46,455] {taskinstance.py:1032} INFO - Dependencies all met for <TaskInstance: LocalIngestionDAG.wget scheduled__2021-07-02T06:00:07+00:00 [queued]>
[2022-04-13 21:23:46,463] {taskinstance.py:1238} INFO - 
--------------------------------------------------------------------------------
[2022-04-13 21:23:46,490] {taskinstance.py:1239} INFO - Starting attempt 1 of 1
[2022-04-13 21:23:46,535] {taskinstance.py:1240} INFO - 
--------------------------------------------------------------------------------
[2022-04-13 21:23:46,643] {taskinstance.py:1259} INFO - Executing <Task(BashOperator): wget> on 2021-07-02 06:00:07+00:00
[2022-04-13 21:23:46,695] {standard_task_runner.py:52} INFO - Started process 3672 to run task
[2022-04-13 21:23:46,708] {standard_task_runner.py:76} INFO - Running: ['***', 'tasks', 'run', 'LocalIngestionDAG', 'wget', 'scheduled__2021-07-02T06:00:07+00:00', '--job-id', '851', '--raw', '--subdir', 'DAGS_FOLDER/data_ingestion_local.py', '--cfg-path', '/tmp/tmpadtka73i', '--error-file', '/tmp/tmp94b2s82t']
[2022-04-13 21:23:46,715] {standard_task_runner.py:77} INFO - Job 851: Subtask wget
[2022-04-13 21:23:47,086] {logging_mixin.py:109} INFO - Running <TaskInstance: LocalIngestionDAG.wget scheduled__2021-07-02T06:00:07+00:00 [running]> on host 13db72185839
[2022-04-13 21:23:47,407] {taskinstance.py:1426} INFO - Exporting the following env vars:
AIRFLOW_CTX_DAG_OWNER=***
AIRFLOW_CTX_DAG_ID=LocalIngestionDAG
AIRFLOW_CTX_TASK_ID=wget
AIRFLOW_CTX_EXECUTION_DATE=2021-07-02T06:00:07+00:00
AIRFLOW_CTX_DAG_RUN_ID=scheduled__2021-07-02T06:00:07+00:00
[2022-04-13 21:23:47,410] {subprocess.py:62} INFO - Tmp dir root location: 
 /tmp
[2022-04-13 21:23:47,428] {subprocess.py:74} INFO - Running command: ['bash', '-c', 'echo "hello world"']
[2022-04-13 21:23:47,468] {subprocess.py:85} INFO - Output:
[2022-04-13 21:23:47,474] {subprocess.py:89} INFO - hello world
[2022-04-13 21:23:47,479] {subprocess.py:93} INFO - Command exited with return code 0
[2022-04-13 21:23:47,611] {taskinstance.py:1277} INFO - Marking task as SUCCESS. dag_id=LocalIngestionDAG, task_id=wget, execution_date=20210702T060007, start_date=20220413T212346, end_date=20220413T212347
[2022-04-13 21:23:47,740] {local_task_job.py:154} INFO - Task exited with return code 0
[2022-04-13 21:23:48,099] {local_task_job.py:264} INFO - 0 downstream tasks scheduled from follow-on schedule check
