[2022-04-13 21:26:55,369] {taskinstance.py:1032} INFO - Dependencies all met for <TaskInstance: LocalIngestionDAG.ingest scheduled__2021-09-02T06:00:56+00:00 [queued]>
[2022-04-13 21:26:55,421] {taskinstance.py:1032} INFO - Dependencies all met for <TaskInstance: LocalIngestionDAG.ingest scheduled__2021-09-02T06:00:56+00:00 [queued]>
[2022-04-13 21:26:55,424] {taskinstance.py:1238} INFO - 
--------------------------------------------------------------------------------
[2022-04-13 21:26:55,427] {taskinstance.py:1239} INFO - Starting attempt 1 of 1
[2022-04-13 21:26:55,428] {taskinstance.py:1240} INFO - 
--------------------------------------------------------------------------------
[2022-04-13 21:26:55,485] {taskinstance.py:1259} INFO - Executing <Task(BashOperator): ingest> on 2021-09-02 06:00:56+00:00
[2022-04-13 21:26:55,500] {standard_task_runner.py:52} INFO - Started process 4859 to run task
[2022-04-13 21:26:55,513] {standard_task_runner.py:76} INFO - Running: ['***', 'tasks', 'run', 'LocalIngestionDAG', 'ingest', 'scheduled__2021-09-02T06:00:56+00:00', '--job-id', '1198', '--raw', '--subdir', 'DAGS_FOLDER/data_ingestion_local.py', '--cfg-path', '/tmp/tmp7l4ayflf', '--error-file', '/tmp/tmpvxg6mta4']
[2022-04-13 21:26:55,518] {standard_task_runner.py:77} INFO - Job 1198: Subtask ingest
[2022-04-13 21:26:55,843] {logging_mixin.py:109} INFO - Running <TaskInstance: LocalIngestionDAG.ingest scheduled__2021-09-02T06:00:56+00:00 [running]> on host 13db72185839
[2022-04-13 21:26:56,112] {taskinstance.py:1426} INFO - Exporting the following env vars:
AIRFLOW_CTX_DAG_OWNER=***
AIRFLOW_CTX_DAG_ID=LocalIngestionDAG
AIRFLOW_CTX_TASK_ID=ingest
AIRFLOW_CTX_EXECUTION_DATE=2021-09-02T06:00:56+00:00
AIRFLOW_CTX_DAG_RUN_ID=scheduled__2021-09-02T06:00:56+00:00
[2022-04-13 21:26:56,117] {subprocess.py:62} INFO - Tmp dir root location: 
 /tmp
[2022-04-13 21:26:56,120] {subprocess.py:74} INFO - Running command: ['bash', '-c', 'pwd']
[2022-04-13 21:26:56,149] {subprocess.py:85} INFO - Output:
[2022-04-13 21:26:56,174] {subprocess.py:89} INFO - /tmp/***tmpg1oe4gfq
[2022-04-13 21:26:56,185] {subprocess.py:93} INFO - Command exited with return code 0
[2022-04-13 21:26:56,740] {taskinstance.py:1277} INFO - Marking task as SUCCESS. dag_id=LocalIngestionDAG, task_id=ingest, execution_date=20210902T060056, start_date=20220413T212655, end_date=20220413T212656
[2022-04-13 21:26:56,836] {local_task_job.py:154} INFO - Task exited with return code 0
[2022-04-13 21:26:57,064] {local_task_job.py:264} INFO - 0 downstream tasks scheduled from follow-on schedule check
