[2022-04-13 21:16:44,912] {taskinstance.py:1032} INFO - Dependencies all met for <TaskInstance: LocalIngestionDAG.ingest scheduled__2021-02-02T06:00:19+00:00 [queued]>
[2022-04-13 21:16:44,928] {taskinstance.py:1032} INFO - Dependencies all met for <TaskInstance: LocalIngestionDAG.ingest scheduled__2021-02-02T06:00:19+00:00 [queued]>
[2022-04-13 21:16:44,929] {taskinstance.py:1238} INFO - 
--------------------------------------------------------------------------------
[2022-04-13 21:16:44,930] {taskinstance.py:1239} INFO - Starting attempt 1 of 1
[2022-04-13 21:16:44,930] {taskinstance.py:1240} INFO - 
--------------------------------------------------------------------------------
[2022-04-13 21:16:44,952] {taskinstance.py:1259} INFO - Executing <Task(BashOperator): ingest> on 2021-02-02 06:00:19+00:00
[2022-04-13 21:16:44,957] {standard_task_runner.py:52} INFO - Started process 1600 to run task
[2022-04-13 21:16:44,961] {standard_task_runner.py:76} INFO - Running: ['***', 'tasks', 'run', 'LocalIngestionDAG', 'ingest', 'scheduled__2021-02-02T06:00:19+00:00', '--job-id', '280', '--raw', '--subdir', 'DAGS_FOLDER/data_ingestion_local.py', '--cfg-path', '/tmp/tmpfkhe_f9a', '--error-file', '/tmp/tmpbrblm5ud']
[2022-04-13 21:16:44,963] {standard_task_runner.py:77} INFO - Job 280: Subtask ingest
[2022-04-13 21:16:45,043] {logging_mixin.py:109} INFO - Running <TaskInstance: LocalIngestionDAG.ingest scheduled__2021-02-02T06:00:19+00:00 [running]> on host 13db72185839
[2022-04-13 21:16:45,122] {taskinstance.py:1426} INFO - Exporting the following env vars:
AIRFLOW_CTX_DAG_OWNER=***
AIRFLOW_CTX_DAG_ID=LocalIngestionDAG
AIRFLOW_CTX_TASK_ID=ingest
AIRFLOW_CTX_EXECUTION_DATE=2021-02-02T06:00:19+00:00
AIRFLOW_CTX_DAG_RUN_ID=scheduled__2021-02-02T06:00:19+00:00
[2022-04-13 21:16:45,123] {subprocess.py:62} INFO - Tmp dir root location: 
 /tmp
[2022-04-13 21:16:45,125] {subprocess.py:74} INFO - Running command: ['bash', '-c', 'pwd']
[2022-04-13 21:16:45,135] {subprocess.py:85} INFO - Output:
[2022-04-13 21:16:45,136] {subprocess.py:89} INFO - /tmp/***tmpyjos0e_g
[2022-04-13 21:16:45,137] {subprocess.py:93} INFO - Command exited with return code 0
[2022-04-13 21:16:45,167] {taskinstance.py:1277} INFO - Marking task as SUCCESS. dag_id=LocalIngestionDAG, task_id=ingest, execution_date=20210202T060019, start_date=20220413T211644, end_date=20220413T211645
[2022-04-13 21:16:45,215] {local_task_job.py:154} INFO - Task exited with return code 0
[2022-04-13 21:16:45,250] {local_task_job.py:264} INFO - 0 downstream tasks scheduled from follow-on schedule check
