[2022-04-13 21:23:57,369] {taskinstance.py:1032} INFO - Dependencies all met for <TaskInstance: LocalIngestionDAG.ingest scheduled__2021-07-02T06:00:13+00:00 [queued]>
[2022-04-13 21:23:57,396] {taskinstance.py:1032} INFO - Dependencies all met for <TaskInstance: LocalIngestionDAG.ingest scheduled__2021-07-02T06:00:13+00:00 [queued]>
[2022-04-13 21:23:57,396] {taskinstance.py:1238} INFO - 
--------------------------------------------------------------------------------
[2022-04-13 21:23:57,397] {taskinstance.py:1239} INFO - Starting attempt 1 of 1
[2022-04-13 21:23:57,397] {taskinstance.py:1240} INFO - 
--------------------------------------------------------------------------------
[2022-04-13 21:23:57,420] {taskinstance.py:1259} INFO - Executing <Task(BashOperator): ingest> on 2021-07-02 06:00:13+00:00
[2022-04-13 21:23:57,424] {standard_task_runner.py:52} INFO - Started process 3735 to run task
[2022-04-13 21:23:57,430] {standard_task_runner.py:76} INFO - Running: ['***', 'tasks', 'run', 'LocalIngestionDAG', 'ingest', 'scheduled__2021-07-02T06:00:13+00:00', '--job-id', '869', '--raw', '--subdir', 'DAGS_FOLDER/data_ingestion_local.py', '--cfg-path', '/tmp/tmp9e2nchko', '--error-file', '/tmp/tmp619z9lud']
[2022-04-13 21:23:57,433] {standard_task_runner.py:77} INFO - Job 869: Subtask ingest
[2022-04-13 21:23:57,517] {logging_mixin.py:109} INFO - Running <TaskInstance: LocalIngestionDAG.ingest scheduled__2021-07-02T06:00:13+00:00 [running]> on host 13db72185839
[2022-04-13 21:23:57,609] {taskinstance.py:1426} INFO - Exporting the following env vars:
AIRFLOW_CTX_DAG_OWNER=***
AIRFLOW_CTX_DAG_ID=LocalIngestionDAG
AIRFLOW_CTX_TASK_ID=ingest
AIRFLOW_CTX_EXECUTION_DATE=2021-07-02T06:00:13+00:00
AIRFLOW_CTX_DAG_RUN_ID=scheduled__2021-07-02T06:00:13+00:00
[2022-04-13 21:23:57,610] {subprocess.py:62} INFO - Tmp dir root location: 
 /tmp
[2022-04-13 21:23:57,611] {subprocess.py:74} INFO - Running command: ['bash', '-c', 'pwd']
[2022-04-13 21:23:57,620] {subprocess.py:85} INFO - Output:
[2022-04-13 21:23:57,622] {subprocess.py:89} INFO - /tmp/***tmpn8hfg4g4
[2022-04-13 21:23:57,623] {subprocess.py:93} INFO - Command exited with return code 0
[2022-04-13 21:23:57,653] {taskinstance.py:1277} INFO - Marking task as SUCCESS. dag_id=LocalIngestionDAG, task_id=ingest, execution_date=20210702T060013, start_date=20220413T212357, end_date=20220413T212357
[2022-04-13 21:23:57,682] {local_task_job.py:154} INFO - Task exited with return code 0
[2022-04-13 21:23:57,717] {local_task_job.py:264} INFO - 0 downstream tasks scheduled from follow-on schedule check
