[2022-04-13 21:25:40,577] {taskinstance.py:1032} INFO - Dependencies all met for <TaskInstance: LocalIngestionDAG.wget scheduled__2021-08-02T06:00:55+00:00 [queued]>
[2022-04-13 21:25:40,605] {taskinstance.py:1032} INFO - Dependencies all met for <TaskInstance: LocalIngestionDAG.wget scheduled__2021-08-02T06:00:55+00:00 [queued]>
[2022-04-13 21:25:40,606] {taskinstance.py:1238} INFO - 
--------------------------------------------------------------------------------
[2022-04-13 21:25:40,608] {taskinstance.py:1239} INFO - Starting attempt 1 of 1
[2022-04-13 21:25:40,609] {taskinstance.py:1240} INFO - 
--------------------------------------------------------------------------------
[2022-04-13 21:25:40,687] {taskinstance.py:1259} INFO - Executing <Task(BashOperator): wget> on 2021-08-02 06:00:55+00:00
[2022-04-13 21:25:40,697] {standard_task_runner.py:52} INFO - Started process 4415 to run task
[2022-04-13 21:25:40,704] {standard_task_runner.py:76} INFO - Running: ['***', 'tasks', 'run', 'LocalIngestionDAG', 'wget', 'scheduled__2021-08-02T06:00:55+00:00', '--job-id', '1068', '--raw', '--subdir', 'DAGS_FOLDER/data_ingestion_local.py', '--cfg-path', '/tmp/tmprr2rof43', '--error-file', '/tmp/tmpr_kg72i6']
[2022-04-13 21:25:40,709] {standard_task_runner.py:77} INFO - Job 1068: Subtask wget
[2022-04-13 21:25:40,886] {logging_mixin.py:109} INFO - Running <TaskInstance: LocalIngestionDAG.wget scheduled__2021-08-02T06:00:55+00:00 [running]> on host 13db72185839
[2022-04-13 21:25:41,127] {taskinstance.py:1426} INFO - Exporting the following env vars:
AIRFLOW_CTX_DAG_OWNER=***
AIRFLOW_CTX_DAG_ID=LocalIngestionDAG
AIRFLOW_CTX_TASK_ID=wget
AIRFLOW_CTX_EXECUTION_DATE=2021-08-02T06:00:55+00:00
AIRFLOW_CTX_DAG_RUN_ID=scheduled__2021-08-02T06:00:55+00:00
[2022-04-13 21:25:41,132] {subprocess.py:62} INFO - Tmp dir root location: 
 /tmp
[2022-04-13 21:25:41,134] {subprocess.py:74} INFO - Running command: ['bash', '-c', 'echo "hello world"']
[2022-04-13 21:25:41,150] {subprocess.py:85} INFO - Output:
[2022-04-13 21:25:41,153] {subprocess.py:89} INFO - hello world
[2022-04-13 21:25:41,154] {subprocess.py:93} INFO - Command exited with return code 0
[2022-04-13 21:25:41,212] {taskinstance.py:1277} INFO - Marking task as SUCCESS. dag_id=LocalIngestionDAG, task_id=wget, execution_date=20210802T060055, start_date=20220413T212540, end_date=20220413T212541
[2022-04-13 21:25:41,280] {local_task_job.py:154} INFO - Task exited with return code 0
[2022-04-13 21:25:41,357] {local_task_job.py:264} INFO - 1 downstream tasks scheduled from follow-on schedule check
