[2022-04-13 21:17:25,801] {taskinstance.py:1032} INFO - Dependencies all met for <TaskInstance: LocalIngestionDAG.wget scheduled__2021-03-02T06:00:04+00:00 [queued]>
[2022-04-13 21:17:25,859] {taskinstance.py:1032} INFO - Dependencies all met for <TaskInstance: LocalIngestionDAG.wget scheduled__2021-03-02T06:00:04+00:00 [queued]>
[2022-04-13 21:17:25,860] {taskinstance.py:1238} INFO - 
--------------------------------------------------------------------------------
[2022-04-13 21:17:25,865] {taskinstance.py:1239} INFO - Starting attempt 1 of 1
[2022-04-13 21:17:25,868] {taskinstance.py:1240} INFO - 
--------------------------------------------------------------------------------
[2022-04-13 21:17:25,918] {taskinstance.py:1259} INFO - Executing <Task(BashOperator): wget> on 2021-03-02 06:00:04+00:00
[2022-04-13 21:17:25,926] {standard_task_runner.py:52} INFO - Started process 1901 to run task
[2022-04-13 21:17:25,930] {standard_task_runner.py:76} INFO - Running: ['***', 'tasks', 'run', 'LocalIngestionDAG', 'wget', 'scheduled__2021-03-02T06:00:04+00:00', '--job-id', '368', '--raw', '--subdir', 'DAGS_FOLDER/data_ingestion_local.py', '--cfg-path', '/tmp/tmpunhb0k3t', '--error-file', '/tmp/tmpb41v11zp']
[2022-04-13 21:17:25,932] {standard_task_runner.py:77} INFO - Job 368: Subtask wget
[2022-04-13 21:17:26,023] {logging_mixin.py:109} INFO - Running <TaskInstance: LocalIngestionDAG.wget scheduled__2021-03-02T06:00:04+00:00 [running]> on host 13db72185839
[2022-04-13 21:17:26,123] {taskinstance.py:1426} INFO - Exporting the following env vars:
AIRFLOW_CTX_DAG_OWNER=***
AIRFLOW_CTX_DAG_ID=LocalIngestionDAG
AIRFLOW_CTX_TASK_ID=wget
AIRFLOW_CTX_EXECUTION_DATE=2021-03-02T06:00:04+00:00
AIRFLOW_CTX_DAG_RUN_ID=scheduled__2021-03-02T06:00:04+00:00
[2022-04-13 21:17:26,125] {subprocess.py:62} INFO - Tmp dir root location: 
 /tmp
[2022-04-13 21:17:26,126] {subprocess.py:74} INFO - Running command: ['bash', '-c', 'echo "hello world"']
[2022-04-13 21:17:26,143] {subprocess.py:85} INFO - Output:
[2022-04-13 21:17:26,155] {subprocess.py:89} INFO - hello world
[2022-04-13 21:17:26,156] {subprocess.py:93} INFO - Command exited with return code 0
[2022-04-13 21:17:26,235] {taskinstance.py:1277} INFO - Marking task as SUCCESS. dag_id=LocalIngestionDAG, task_id=wget, execution_date=20210302T060004, start_date=20220413T211725, end_date=20220413T211726
[2022-04-13 21:17:26,304] {local_task_job.py:154} INFO - Task exited with return code 0
[2022-04-13 21:17:26,459] {local_task_job.py:264} INFO - 0 downstream tasks scheduled from follow-on schedule check
