[2022-04-13 22:32:43,216] {taskinstance.py:1032} INFO - Dependencies all met for <TaskInstance: LocalIngestionDAG.wget scheduled__2022-01-02T06:00:46+00:00 [queued]>
[2022-04-13 22:32:43,231] {taskinstance.py:1032} INFO - Dependencies all met for <TaskInstance: LocalIngestionDAG.wget scheduled__2022-01-02T06:00:46+00:00 [queued]>
[2022-04-13 22:32:43,231] {taskinstance.py:1238} INFO - 
--------------------------------------------------------------------------------
[2022-04-13 22:32:43,231] {taskinstance.py:1239} INFO - Starting attempt 1 of 1
[2022-04-13 22:32:43,232] {taskinstance.py:1240} INFO - 
--------------------------------------------------------------------------------
[2022-04-13 22:32:43,246] {taskinstance.py:1259} INFO - Executing <Task(BashOperator): wget> on 2022-01-02 06:00:46+00:00
[2022-04-13 22:32:43,250] {standard_task_runner.py:52} INFO - Started process 9839 to run task
[2022-04-13 22:32:43,254] {standard_task_runner.py:76} INFO - Running: ['***', 'tasks', 'run', 'LocalIngestionDAG', 'wget', 'scheduled__2022-01-02T06:00:46+00:00', '--job-id', '1624', '--raw', '--subdir', 'DAGS_FOLDER/data_ingestion_local.py', '--cfg-path', '/tmp/tmp83_04zn3', '--error-file', '/tmp/tmp8y9fz6ed']
[2022-04-13 22:32:43,256] {standard_task_runner.py:77} INFO - Job 1624: Subtask wget
[2022-04-13 22:32:43,330] {logging_mixin.py:109} INFO - Running <TaskInstance: LocalIngestionDAG.wget scheduled__2022-01-02T06:00:46+00:00 [running]> on host 13db72185839
[2022-04-13 22:32:43,384] {logging_mixin.py:109} WARNING - /home/***/.local/lib/python3.7/site-packages/***/utils/context.py:152 AirflowContextDeprecationWarning: Accessing 'execution_date' from the template is deprecated and will be removed in a future version. Please use 'data_interval_start' or 'logical_date' instead.
[2022-04-13 22:32:43,413] {taskinstance.py:1426} INFO - Exporting the following env vars:
AIRFLOW_CTX_DAG_OWNER=***
AIRFLOW_CTX_DAG_ID=LocalIngestionDAG
AIRFLOW_CTX_TASK_ID=wget
AIRFLOW_CTX_EXECUTION_DATE=2022-01-02T06:00:46+00:00
AIRFLOW_CTX_DAG_RUN_ID=scheduled__2022-01-02T06:00:46+00:00
[2022-04-13 22:32:43,414] {subprocess.py:62} INFO - Tmp dir root location: 
 /tmp
[2022-04-13 22:32:43,416] {subprocess.py:74} INFO - Running command: ['bash', '-c', 'curl -sSL https://s3.amazonaws.com/nyc-tlc/trip+data/yellow_tripdata_2022-01.csv > /opt/***/output.csv']
[2022-04-13 22:32:43,427] {subprocess.py:85} INFO - Output:
[2022-04-13 22:32:44,624] {subprocess.py:93} INFO - Command exited with return code 0
[2022-04-13 22:32:44,702] {taskinstance.py:1277} INFO - Marking task as SUCCESS. dag_id=LocalIngestionDAG, task_id=wget, execution_date=20220102T060046, start_date=20220413T223243, end_date=20220413T223244
[2022-04-13 22:32:44,795] {local_task_job.py:154} INFO - Task exited with return code 0
[2022-04-13 22:32:44,946] {local_task_job.py:264} INFO - 1 downstream tasks scheduled from follow-on schedule check
