[2022-04-13 22:56:28,995] {taskinstance.py:1032} INFO - Dependencies all met for <TaskInstance: LocalIngestionDAG.ingest scheduled__2021-02-02T06:00:59+00:00 [queued]>
[2022-04-13 22:56:29,006] {taskinstance.py:1032} INFO - Dependencies all met for <TaskInstance: LocalIngestionDAG.ingest scheduled__2021-02-02T06:00:59+00:00 [queued]>
[2022-04-13 22:56:29,007] {taskinstance.py:1238} INFO - 
--------------------------------------------------------------------------------
[2022-04-13 22:56:29,007] {taskinstance.py:1239} INFO - Starting attempt 2 of 2
[2022-04-13 22:56:29,007] {taskinstance.py:1240} INFO - 
--------------------------------------------------------------------------------
[2022-04-13 22:56:29,024] {taskinstance.py:1259} INFO - Executing <Task(BashOperator): ingest> on 2021-02-02 06:00:59+00:00
[2022-04-13 22:56:29,028] {standard_task_runner.py:52} INFO - Started process 12784 to run task
[2022-04-13 22:56:29,031] {standard_task_runner.py:76} INFO - Running: ['***', 'tasks', 'run', 'LocalIngestionDAG', 'ingest', 'scheduled__2021-02-02T06:00:59+00:00', '--job-id', '2023', '--raw', '--subdir', 'DAGS_FOLDER/data_ingestion_local.py', '--cfg-path', '/tmp/tmpwelwo3p9', '--error-file', '/tmp/tmp036xpqrm']
[2022-04-13 22:56:29,032] {standard_task_runner.py:77} INFO - Job 2023: Subtask ingest
[2022-04-13 22:56:29,095] {logging_mixin.py:109} INFO - Running <TaskInstance: LocalIngestionDAG.ingest scheduled__2021-02-02T06:00:59+00:00 [running]> on host 13db72185839
[2022-04-13 22:56:29,249] {taskinstance.py:1426} INFO - Exporting the following env vars:
AIRFLOW_CTX_DAG_OWNER=***
AIRFLOW_CTX_DAG_ID=LocalIngestionDAG
AIRFLOW_CTX_TASK_ID=ingest
AIRFLOW_CTX_EXECUTION_DATE=2021-02-02T06:00:59+00:00
AIRFLOW_CTX_DAG_RUN_ID=scheduled__2021-02-02T06:00:59+00:00
[2022-04-13 22:56:29,250] {subprocess.py:62} INFO - Tmp dir root location: 
 /tmp
[2022-04-13 22:56:29,251] {subprocess.py:74} INFO - Running command: ['bash', '-c', 'ls /opt/***']
[2022-04-13 22:56:29,265] {subprocess.py:85} INFO - Output:
[2022-04-13 22:56:29,269] {subprocess.py:89} INFO - ***.cfg
[2022-04-13 22:56:29,270] {subprocess.py:89} INFO - dags
[2022-04-13 22:56:29,271] {subprocess.py:89} INFO - logs
[2022-04-13 22:56:29,271] {subprocess.py:89} INFO - output_2021-02.csv
[2022-04-13 22:56:29,272] {subprocess.py:89} INFO - output_2022-02.csv
[2022-04-13 22:56:29,273] {subprocess.py:89} INFO - output_2022-04.csv
[2022-04-13 22:56:29,273] {subprocess.py:89} INFO - plugins
[2022-04-13 22:56:29,274] {subprocess.py:89} INFO - requirements.txt
[2022-04-13 22:56:29,275] {subprocess.py:89} INFO - scripts
[2022-04-13 22:56:29,275] {subprocess.py:89} INFO - webserver_config.py
[2022-04-13 22:56:29,276] {subprocess.py:93} INFO - Command exited with return code 0
[2022-04-13 22:56:29,318] {taskinstance.py:1277} INFO - Marking task as SUCCESS. dag_id=LocalIngestionDAG, task_id=ingest, execution_date=20210202T060059, start_date=20220413T225628, end_date=20220413T225629
[2022-04-13 22:56:29,364] {local_task_job.py:154} INFO - Task exited with return code 0
[2022-04-13 22:56:29,410] {local_task_job.py:264} INFO - 0 downstream tasks scheduled from follow-on schedule check
