[2022-04-13 21:16:32,949] {taskinstance.py:1032} INFO - Dependencies all met for <TaskInstance: LocalIngestionDAG.wget scheduled__2021-02-02T06:00:06+00:00 [queued]>
[2022-04-13 21:16:32,981] {taskinstance.py:1032} INFO - Dependencies all met for <TaskInstance: LocalIngestionDAG.wget scheduled__2021-02-02T06:00:06+00:00 [queued]>
[2022-04-13 21:16:32,981] {taskinstance.py:1238} INFO - 
--------------------------------------------------------------------------------
[2022-04-13 21:16:32,982] {taskinstance.py:1239} INFO - Starting attempt 1 of 1
[2022-04-13 21:16:32,982] {taskinstance.py:1240} INFO - 
--------------------------------------------------------------------------------
[2022-04-13 21:16:33,025] {taskinstance.py:1259} INFO - Executing <Task(BashOperator): wget> on 2021-02-02 06:00:06+00:00
[2022-04-13 21:16:33,031] {standard_task_runner.py:52} INFO - Started process 1501 to run task
[2022-04-13 21:16:33,036] {standard_task_runner.py:76} INFO - Running: ['***', 'tasks', 'run', 'LocalIngestionDAG', 'wget', 'scheduled__2021-02-02T06:00:06+00:00', '--job-id', '251', '--raw', '--subdir', 'DAGS_FOLDER/data_ingestion_local.py', '--cfg-path', '/tmp/tmpz3g88j4a', '--error-file', '/tmp/tmpwrujjyte']
[2022-04-13 21:16:33,041] {standard_task_runner.py:77} INFO - Job 251: Subtask wget
[2022-04-13 21:16:33,159] {logging_mixin.py:109} INFO - Running <TaskInstance: LocalIngestionDAG.wget scheduled__2021-02-02T06:00:06+00:00 [running]> on host 13db72185839
[2022-04-13 21:16:33,267] {taskinstance.py:1426} INFO - Exporting the following env vars:
AIRFLOW_CTX_DAG_OWNER=***
AIRFLOW_CTX_DAG_ID=LocalIngestionDAG
AIRFLOW_CTX_TASK_ID=wget
AIRFLOW_CTX_EXECUTION_DATE=2021-02-02T06:00:06+00:00
AIRFLOW_CTX_DAG_RUN_ID=scheduled__2021-02-02T06:00:06+00:00
[2022-04-13 21:16:33,268] {subprocess.py:62} INFO - Tmp dir root location: 
 /tmp
[2022-04-13 21:16:33,270] {subprocess.py:74} INFO - Running command: ['bash', '-c', 'echo "hello world"']
[2022-04-13 21:16:33,281] {subprocess.py:85} INFO - Output:
[2022-04-13 21:16:33,284] {subprocess.py:89} INFO - hello world
[2022-04-13 21:16:33,285] {subprocess.py:93} INFO - Command exited with return code 0
[2022-04-13 21:16:33,377] {taskinstance.py:1277} INFO - Marking task as SUCCESS. dag_id=LocalIngestionDAG, task_id=wget, execution_date=20210202T060006, start_date=20220413T211632, end_date=20220413T211633
[2022-04-13 21:16:33,458] {local_task_job.py:154} INFO - Task exited with return code 0
[2022-04-13 21:16:33,638] {local_task_job.py:264} INFO - 0 downstream tasks scheduled from follow-on schedule check
