[2022-04-13 21:25:25,325] {taskinstance.py:1032} INFO - Dependencies all met for <TaskInstance: LocalIngestionDAG.ingest scheduled__2021-08-02T06:00:38+00:00 [queued]>
[2022-04-13 21:25:25,352] {taskinstance.py:1032} INFO - Dependencies all met for <TaskInstance: LocalIngestionDAG.ingest scheduled__2021-08-02T06:00:38+00:00 [queued]>
[2022-04-13 21:25:25,353] {taskinstance.py:1238} INFO - 
--------------------------------------------------------------------------------
[2022-04-13 21:25:25,353] {taskinstance.py:1239} INFO - Starting attempt 1 of 1
[2022-04-13 21:25:25,354] {taskinstance.py:1240} INFO - 
--------------------------------------------------------------------------------
[2022-04-13 21:25:25,407] {taskinstance.py:1259} INFO - Executing <Task(BashOperator): ingest> on 2021-08-02 06:00:38+00:00
[2022-04-13 21:25:25,418] {standard_task_runner.py:52} INFO - Started process 4318 to run task
[2022-04-13 21:25:25,429] {standard_task_runner.py:76} INFO - Running: ['***', 'tasks', 'run', 'LocalIngestionDAG', 'ingest', 'scheduled__2021-08-02T06:00:38+00:00', '--job-id', '1041', '--raw', '--subdir', 'DAGS_FOLDER/data_ingestion_local.py', '--cfg-path', '/tmp/tmpiru5fkm2', '--error-file', '/tmp/tmp0ji12_xl']
[2022-04-13 21:25:25,442] {standard_task_runner.py:77} INFO - Job 1041: Subtask ingest
[2022-04-13 21:25:25,678] {logging_mixin.py:109} INFO - Running <TaskInstance: LocalIngestionDAG.ingest scheduled__2021-08-02T06:00:38+00:00 [running]> on host 13db72185839
[2022-04-13 21:25:25,862] {taskinstance.py:1426} INFO - Exporting the following env vars:
AIRFLOW_CTX_DAG_OWNER=***
AIRFLOW_CTX_DAG_ID=LocalIngestionDAG
AIRFLOW_CTX_TASK_ID=ingest
AIRFLOW_CTX_EXECUTION_DATE=2021-08-02T06:00:38+00:00
AIRFLOW_CTX_DAG_RUN_ID=scheduled__2021-08-02T06:00:38+00:00
[2022-04-13 21:25:25,867] {subprocess.py:62} INFO - Tmp dir root location: 
 /tmp
[2022-04-13 21:25:25,868] {subprocess.py:74} INFO - Running command: ['bash', '-c', 'pwd']
[2022-04-13 21:25:25,929] {subprocess.py:85} INFO - Output:
[2022-04-13 21:25:25,934] {subprocess.py:89} INFO - /tmp/***tmpehx98hoz
[2022-04-13 21:25:25,935] {subprocess.py:93} INFO - Command exited with return code 0
[2022-04-13 21:25:26,159] {taskinstance.py:1277} INFO - Marking task as SUCCESS. dag_id=LocalIngestionDAG, task_id=ingest, execution_date=20210802T060038, start_date=20220413T212525, end_date=20220413T212526
[2022-04-13 21:25:26,267] {local_task_job.py:154} INFO - Task exited with return code 0
[2022-04-13 21:25:26,396] {local_task_job.py:264} INFO - 0 downstream tasks scheduled from follow-on schedule check
