[2022-04-13 22:35:52,772] {taskinstance.py:1032} INFO - Dependencies all met for <TaskInstance: LocalIngestionDAG.ingest scheduled__2022-04-02T06:00:12+00:00 [queued]>
[2022-04-13 22:35:52,800] {taskinstance.py:1032} INFO - Dependencies all met for <TaskInstance: LocalIngestionDAG.ingest scheduled__2022-04-02T06:00:12+00:00 [queued]>
[2022-04-13 22:35:52,803] {taskinstance.py:1238} INFO - 
--------------------------------------------------------------------------------
[2022-04-13 22:35:52,803] {taskinstance.py:1239} INFO - Starting attempt 1 of 1
[2022-04-13 22:35:52,804] {taskinstance.py:1240} INFO - 
--------------------------------------------------------------------------------
[2022-04-13 22:35:52,867] {taskinstance.py:1259} INFO - Executing <Task(BashOperator): ingest> on 2022-04-02 06:00:12+00:00
[2022-04-13 22:35:52,887] {standard_task_runner.py:52} INFO - Started process 11190 to run task
[2022-04-13 22:35:52,902] {standard_task_runner.py:76} INFO - Running: ['***', 'tasks', 'run', 'LocalIngestionDAG', 'ingest', 'scheduled__2022-04-02T06:00:12+00:00', '--job-id', '1921', '--raw', '--subdir', 'DAGS_FOLDER/data_ingestion_local.py', '--cfg-path', '/tmp/tmpy9b4hh0j', '--error-file', '/tmp/tmpcilz1opx']
[2022-04-13 22:35:52,910] {standard_task_runner.py:77} INFO - Job 1921: Subtask ingest
[2022-04-13 22:35:53,325] {logging_mixin.py:109} INFO - Running <TaskInstance: LocalIngestionDAG.ingest scheduled__2022-04-02T06:00:12+00:00 [running]> on host 13db72185839
[2022-04-13 22:35:53,616] {taskinstance.py:1426} INFO - Exporting the following env vars:
AIRFLOW_CTX_DAG_OWNER=***
AIRFLOW_CTX_DAG_ID=LocalIngestionDAG
AIRFLOW_CTX_TASK_ID=ingest
AIRFLOW_CTX_EXECUTION_DATE=2022-04-02T06:00:12+00:00
AIRFLOW_CTX_DAG_RUN_ID=scheduled__2022-04-02T06:00:12+00:00
[2022-04-13 22:35:53,623] {subprocess.py:62} INFO - Tmp dir root location: 
 /tmp
[2022-04-13 22:35:53,625] {subprocess.py:74} INFO - Running command: ['bash', '-c', 'ls /opt/***']
[2022-04-13 22:35:53,669] {subprocess.py:85} INFO - Output:
[2022-04-13 22:35:53,684] {subprocess.py:89} INFO - ***.cfg
[2022-04-13 22:35:53,685] {subprocess.py:89} INFO - dags
[2022-04-13 22:35:53,686] {subprocess.py:89} INFO - logs
[2022-04-13 22:35:53,687] {subprocess.py:89} INFO - output.csv
[2022-04-13 22:35:53,687] {subprocess.py:89} INFO - output_2022-03.csv
[2022-04-13 22:35:53,688] {subprocess.py:89} INFO - output_2022-04.csv
[2022-04-13 22:35:53,692] {subprocess.py:89} INFO - plugins
[2022-04-13 22:35:53,694] {subprocess.py:89} INFO - requirements.txt
[2022-04-13 22:35:53,700] {subprocess.py:89} INFO - scripts
[2022-04-13 22:35:53,701] {subprocess.py:89} INFO - webserver_config.py
[2022-04-13 22:35:53,704] {subprocess.py:93} INFO - Command exited with return code 0
[2022-04-13 22:35:53,796] {taskinstance.py:1277} INFO - Marking task as SUCCESS. dag_id=LocalIngestionDAG, task_id=ingest, execution_date=20220402T060012, start_date=20220413T223552, end_date=20220413T223553
[2022-04-13 22:35:54,040] {local_task_job.py:154} INFO - Task exited with return code 0
[2022-04-13 22:35:54,276] {local_task_job.py:264} INFO - 0 downstream tasks scheduled from follow-on schedule check
