[2022-04-13 21:26:34,881] {taskinstance.py:1032} INFO - Dependencies all met for <TaskInstance: LocalIngestionDAG.wget scheduled__2021-09-02T06:00:44+00:00 [queued]>
[2022-04-13 21:26:34,953] {taskinstance.py:1032} INFO - Dependencies all met for <TaskInstance: LocalIngestionDAG.wget scheduled__2021-09-02T06:00:44+00:00 [queued]>
[2022-04-13 21:26:34,960] {taskinstance.py:1238} INFO - 
--------------------------------------------------------------------------------
[2022-04-13 21:26:34,961] {taskinstance.py:1239} INFO - Starting attempt 1 of 1
[2022-04-13 21:26:34,967] {taskinstance.py:1240} INFO - 
--------------------------------------------------------------------------------
[2022-04-13 21:26:35,053] {taskinstance.py:1259} INFO - Executing <Task(BashOperator): wget> on 2021-09-02 06:00:44+00:00
[2022-04-13 21:26:35,063] {standard_task_runner.py:52} INFO - Started process 4751 to run task
[2022-04-13 21:26:35,076] {standard_task_runner.py:76} INFO - Running: ['***', 'tasks', 'run', 'LocalIngestionDAG', 'wget', 'scheduled__2021-09-02T06:00:44+00:00', '--job-id', '1166', '--raw', '--subdir', 'DAGS_FOLDER/data_ingestion_local.py', '--cfg-path', '/tmp/tmpmsi0z4q3', '--error-file', '/tmp/tmpsvp9ohzt']
[2022-04-13 21:26:35,079] {standard_task_runner.py:77} INFO - Job 1166: Subtask wget
[2022-04-13 21:26:35,348] {logging_mixin.py:109} INFO - Running <TaskInstance: LocalIngestionDAG.wget scheduled__2021-09-02T06:00:44+00:00 [running]> on host 13db72185839
[2022-04-13 21:26:35,632] {taskinstance.py:1426} INFO - Exporting the following env vars:
AIRFLOW_CTX_DAG_OWNER=***
AIRFLOW_CTX_DAG_ID=LocalIngestionDAG
AIRFLOW_CTX_TASK_ID=wget
AIRFLOW_CTX_EXECUTION_DATE=2021-09-02T06:00:44+00:00
AIRFLOW_CTX_DAG_RUN_ID=scheduled__2021-09-02T06:00:44+00:00
[2022-04-13 21:26:35,634] {subprocess.py:62} INFO - Tmp dir root location: 
 /tmp
[2022-04-13 21:26:35,646] {subprocess.py:74} INFO - Running command: ['bash', '-c', 'echo "hello world"']
[2022-04-13 21:26:35,677] {subprocess.py:85} INFO - Output:
[2022-04-13 21:26:35,679] {subprocess.py:89} INFO - hello world
[2022-04-13 21:26:35,681] {subprocess.py:93} INFO - Command exited with return code 0
[2022-04-13 21:26:35,790] {taskinstance.py:1277} INFO - Marking task as SUCCESS. dag_id=LocalIngestionDAG, task_id=wget, execution_date=20210902T060044, start_date=20220413T212634, end_date=20220413T212635
[2022-04-13 21:26:35,959] {local_task_job.py:154} INFO - Task exited with return code 0
[2022-04-13 21:26:36,177] {local_task_job.py:264} INFO - 1 downstream tasks scheduled from follow-on schedule check
