[2022-04-15 23:17:02,055] {taskinstance.py:1032} INFO - Dependencies all met for <TaskInstance: live_coded_gcs_2_bg_dag.gcs_2_bq_ext_task manual__2022-04-15T21:34:33.261347+00:00 [queued]>
[2022-04-15 23:17:02,083] {taskinstance.py:1032} INFO - Dependencies all met for <TaskInstance: live_coded_gcs_2_bg_dag.gcs_2_bq_ext_task manual__2022-04-15T21:34:33.261347+00:00 [queued]>
[2022-04-15 23:17:02,083] {taskinstance.py:1238} INFO - 
--------------------------------------------------------------------------------
[2022-04-15 23:17:02,084] {taskinstance.py:1239} INFO - Starting attempt 1 of 2
[2022-04-15 23:17:02,085] {taskinstance.py:1240} INFO - 
--------------------------------------------------------------------------------
[2022-04-15 23:17:02,113] {taskinstance.py:1259} INFO - Executing <Task(BigQueryCreateExternalTableOperator): gcs_2_bq_ext_task> on 2022-04-15 21:34:33.261347+00:00
[2022-04-15 23:17:02,123] {standard_task_runner.py:52} INFO - Started process 1441 to run task
[2022-04-15 23:17:02,128] {standard_task_runner.py:76} INFO - Running: ['***', 'tasks', 'run', 'live_coded_gcs_2_bg_dag', 'gcs_2_bq_ext_task', 'manual__2022-04-15T21:34:33.261347+00:00', '--job-id', '2068', '--raw', '--subdir', 'DAGS_FOLDER/gcs_2_bq_dag.py', '--cfg-path', '/tmp/tmpfuera_6w', '--error-file', '/tmp/tmpwyj3lqvt']
[2022-04-15 23:17:02,131] {standard_task_runner.py:77} INFO - Job 2068: Subtask gcs_2_bq_ext_task
[2022-04-15 23:17:02,215] {logging_mixin.py:109} INFO - Running <TaskInstance: live_coded_gcs_2_bg_dag.gcs_2_bq_ext_task manual__2022-04-15T21:34:33.261347+00:00 [running]> on host fafd9ac351ac
[2022-04-15 23:17:02,294] {taskinstance.py:1426} INFO - Exporting the following env vars:
AIRFLOW_CTX_DAG_OWNER=***
AIRFLOW_CTX_DAG_ID=live_coded_gcs_2_bg_dag
AIRFLOW_CTX_TASK_ID=gcs_2_bq_ext_task
AIRFLOW_CTX_EXECUTION_DATE=2022-04-15T21:34:33.261347+00:00
AIRFLOW_CTX_DAG_RUN_ID=manual__2022-04-15T21:34:33.261347+00:00
[2022-04-15 23:17:02,296] {crypto.py:82} WARNING - empty cryptography key - values will not be stored encrypted.
[2022-04-15 23:17:05,469] {taskinstance.py:1277} INFO - Marking task as SUCCESS. dag_id=live_coded_gcs_2_bg_dag, task_id=gcs_2_bq_ext_task, execution_date=20220415T213433, start_date=20220415T231702, end_date=20220415T231705
[2022-04-15 23:17:05,523] {local_task_job.py:154} INFO - Task exited with return code 0
[2022-04-15 23:17:05,597] {local_task_job.py:264} INFO - 1 downstream tasks scheduled from follow-on schedule check
