[2022-04-13 21:26:59,805] {taskinstance.py:1032} INFO - Dependencies all met for <TaskInstance: LocalIngestionDAG.ingest scheduled__2021-10-02T06:00:02+00:00 [queued]>
[2022-04-13 21:26:59,848] {taskinstance.py:1032} INFO - Dependencies all met for <TaskInstance: LocalIngestionDAG.ingest scheduled__2021-10-02T06:00:02+00:00 [queued]>
[2022-04-13 21:26:59,849] {taskinstance.py:1238} INFO - 
--------------------------------------------------------------------------------
[2022-04-13 21:26:59,850] {taskinstance.py:1239} INFO - Starting attempt 1 of 1
[2022-04-13 21:26:59,850] {taskinstance.py:1240} INFO - 
--------------------------------------------------------------------------------
[2022-04-13 21:26:59,898] {taskinstance.py:1259} INFO - Executing <Task(BashOperator): ingest> on 2021-10-02 06:00:02+00:00
[2022-04-13 21:26:59,903] {standard_task_runner.py:52} INFO - Started process 4883 to run task
[2022-04-13 21:26:59,910] {standard_task_runner.py:76} INFO - Running: ['***', 'tasks', 'run', 'LocalIngestionDAG', 'ingest', 'scheduled__2021-10-02T06:00:02+00:00', '--job-id', '1205', '--raw', '--subdir', 'DAGS_FOLDER/data_ingestion_local.py', '--cfg-path', '/tmp/tmpctjzl2nw', '--error-file', '/tmp/tmpm1tq7mt1']
[2022-04-13 21:26:59,912] {standard_task_runner.py:77} INFO - Job 1205: Subtask ingest
[2022-04-13 21:27:00,032] {logging_mixin.py:109} INFO - Running <TaskInstance: LocalIngestionDAG.ingest scheduled__2021-10-02T06:00:02+00:00 [running]> on host 13db72185839
[2022-04-13 21:27:00,224] {taskinstance.py:1426} INFO - Exporting the following env vars:
AIRFLOW_CTX_DAG_OWNER=***
AIRFLOW_CTX_DAG_ID=LocalIngestionDAG
AIRFLOW_CTX_TASK_ID=ingest
AIRFLOW_CTX_EXECUTION_DATE=2021-10-02T06:00:02+00:00
AIRFLOW_CTX_DAG_RUN_ID=scheduled__2021-10-02T06:00:02+00:00
[2022-04-13 21:27:00,227] {subprocess.py:62} INFO - Tmp dir root location: 
 /tmp
[2022-04-13 21:27:00,228] {subprocess.py:74} INFO - Running command: ['bash', '-c', 'pwd']
[2022-04-13 21:27:00,250] {subprocess.py:85} INFO - Output:
[2022-04-13 21:27:00,254] {subprocess.py:89} INFO - /tmp/***tmpjnpsokp9
[2022-04-13 21:27:00,255] {subprocess.py:93} INFO - Command exited with return code 0
[2022-04-13 21:27:00,300] {taskinstance.py:1277} INFO - Marking task as SUCCESS. dag_id=LocalIngestionDAG, task_id=ingest, execution_date=20211002T060002, start_date=20220413T212659, end_date=20220413T212700
[2022-04-13 21:27:00,364] {local_task_job.py:154} INFO - Task exited with return code 0
[2022-04-13 21:27:00,434] {local_task_job.py:264} INFO - 0 downstream tasks scheduled from follow-on schedule check
