[2022-04-13 22:31:55,986] {taskinstance.py:1032} INFO - Dependencies all met for <TaskInstance: LocalIngestionDAG.ingest scheduled__2022-01-02T06:00:07+00:00 [queued]>
[2022-04-13 22:31:56,028] {taskinstance.py:1032} INFO - Dependencies all met for <TaskInstance: LocalIngestionDAG.ingest scheduled__2022-01-02T06:00:07+00:00 [queued]>
[2022-04-13 22:31:56,028] {taskinstance.py:1238} INFO - 
--------------------------------------------------------------------------------
[2022-04-13 22:31:56,029] {taskinstance.py:1239} INFO - Starting attempt 1 of 1
[2022-04-13 22:31:56,030] {taskinstance.py:1240} INFO - 
--------------------------------------------------------------------------------
[2022-04-13 22:31:56,065] {taskinstance.py:1259} INFO - Executing <Task(BashOperator): ingest> on 2022-01-02 06:00:07+00:00
[2022-04-13 22:31:56,073] {standard_task_runner.py:52} INFO - Started process 9514 to run task
[2022-04-13 22:31:56,081] {standard_task_runner.py:76} INFO - Running: ['***', 'tasks', 'run', 'LocalIngestionDAG', 'ingest', 'scheduled__2022-01-02T06:00:07+00:00', '--job-id', '1549', '--raw', '--subdir', 'DAGS_FOLDER/data_ingestion_local.py', '--cfg-path', '/tmp/tmp_2279mdt', '--error-file', '/tmp/tmpvl5tj21l']
[2022-04-13 22:31:56,094] {standard_task_runner.py:77} INFO - Job 1549: Subtask ingest
[2022-04-13 22:31:56,294] {logging_mixin.py:109} INFO - Running <TaskInstance: LocalIngestionDAG.ingest scheduled__2022-01-02T06:00:07+00:00 [running]> on host 13db72185839
[2022-04-13 22:31:56,550] {taskinstance.py:1426} INFO - Exporting the following env vars:
AIRFLOW_CTX_DAG_OWNER=***
AIRFLOW_CTX_DAG_ID=LocalIngestionDAG
AIRFLOW_CTX_TASK_ID=ingest
AIRFLOW_CTX_EXECUTION_DATE=2022-01-02T06:00:07+00:00
AIRFLOW_CTX_DAG_RUN_ID=scheduled__2022-01-02T06:00:07+00:00
[2022-04-13 22:31:56,552] {subprocess.py:62} INFO - Tmp dir root location: 
 /tmp
[2022-04-13 22:31:56,554] {subprocess.py:74} INFO - Running command: ['bash', '-c', 'ls /opt/***']
[2022-04-13 22:31:56,587] {subprocess.py:85} INFO - Output:
[2022-04-13 22:31:56,594] {subprocess.py:89} INFO - ***.cfg
[2022-04-13 22:31:56,595] {subprocess.py:89} INFO - dags
[2022-04-13 22:31:56,597] {subprocess.py:89} INFO - logs
[2022-04-13 22:31:56,598] {subprocess.py:89} INFO - output.csv
[2022-04-13 22:31:56,599] {subprocess.py:89} INFO - plugins
[2022-04-13 22:31:56,600] {subprocess.py:89} INFO - requirements.txt
[2022-04-13 22:31:56,601] {subprocess.py:89} INFO - scripts
[2022-04-13 22:31:56,601] {subprocess.py:89} INFO - webserver_config.py
[2022-04-13 22:31:56,602] {subprocess.py:93} INFO - Command exited with return code 0
[2022-04-13 22:31:56,990] {taskinstance.py:1277} INFO - Marking task as SUCCESS. dag_id=LocalIngestionDAG, task_id=ingest, execution_date=20220102T060007, start_date=20220413T223155, end_date=20220413T223156
[2022-04-13 22:31:57,124] {local_task_job.py:154} INFO - Task exited with return code 0
[2022-04-13 22:31:57,296] {local_task_job.py:264} INFO - 0 downstream tasks scheduled from follow-on schedule check
