[2022-04-13 21:23:39,437] {taskinstance.py:1032} INFO - Dependencies all met for <TaskInstance: LocalIngestionDAG.wget scheduled__2021-07-02T06:00:00+00:00 [queued]>
[2022-04-13 21:23:39,474] {taskinstance.py:1032} INFO - Dependencies all met for <TaskInstance: LocalIngestionDAG.wget scheduled__2021-07-02T06:00:00+00:00 [queued]>
[2022-04-13 21:23:39,491] {taskinstance.py:1238} INFO - 
--------------------------------------------------------------------------------
[2022-04-13 21:23:39,531] {taskinstance.py:1239} INFO - Starting attempt 1 of 1
[2022-04-13 21:23:39,532] {taskinstance.py:1240} INFO - 
--------------------------------------------------------------------------------
[2022-04-13 21:23:39,647] {taskinstance.py:1259} INFO - Executing <Task(BashOperator): wget> on 2021-07-02 06:00:00+00:00
[2022-04-13 21:23:39,670] {standard_task_runner.py:52} INFO - Started process 3628 to run task
[2022-04-13 21:23:39,691] {standard_task_runner.py:76} INFO - Running: ['***', 'tasks', 'run', 'LocalIngestionDAG', 'wget', 'scheduled__2021-07-02T06:00:00+00:00', '--job-id', '838', '--raw', '--subdir', 'DAGS_FOLDER/data_ingestion_local.py', '--cfg-path', '/tmp/tmpwnlck3y0', '--error-file', '/tmp/tmpizyb6u91']
[2022-04-13 21:23:39,717] {standard_task_runner.py:77} INFO - Job 838: Subtask wget
[2022-04-13 21:23:39,979] {logging_mixin.py:109} INFO - Running <TaskInstance: LocalIngestionDAG.wget scheduled__2021-07-02T06:00:00+00:00 [running]> on host 13db72185839
[2022-04-13 21:23:40,148] {taskinstance.py:1426} INFO - Exporting the following env vars:
AIRFLOW_CTX_DAG_OWNER=***
AIRFLOW_CTX_DAG_ID=LocalIngestionDAG
AIRFLOW_CTX_TASK_ID=wget
AIRFLOW_CTX_EXECUTION_DATE=2021-07-02T06:00:00+00:00
AIRFLOW_CTX_DAG_RUN_ID=scheduled__2021-07-02T06:00:00+00:00
[2022-04-13 21:23:40,150] {subprocess.py:62} INFO - Tmp dir root location: 
 /tmp
[2022-04-13 21:23:40,151] {subprocess.py:74} INFO - Running command: ['bash', '-c', 'echo "hello world"']
[2022-04-13 21:23:40,172] {subprocess.py:85} INFO - Output:
[2022-04-13 21:23:40,178] {subprocess.py:89} INFO - hello world
[2022-04-13 21:23:40,179] {subprocess.py:93} INFO - Command exited with return code 0
[2022-04-13 21:23:40,248] {taskinstance.py:1277} INFO - Marking task as SUCCESS. dag_id=LocalIngestionDAG, task_id=wget, execution_date=20210702T060000, start_date=20220413T212339, end_date=20220413T212340
[2022-04-13 21:23:40,302] {local_task_job.py:154} INFO - Task exited with return code 0
[2022-04-13 21:23:40,366] {local_task_job.py:264} INFO - 1 downstream tasks scheduled from follow-on schedule check
