[2022-04-13 22:31:28,648] {taskinstance.py:1032} INFO - Dependencies all met for <TaskInstance: LocalIngestionDAG.ingest scheduled__2021-12-02T06:00:45+00:00 [queued]>
[2022-04-13 22:31:28,724] {taskinstance.py:1032} INFO - Dependencies all met for <TaskInstance: LocalIngestionDAG.ingest scheduled__2021-12-02T06:00:45+00:00 [queued]>
[2022-04-13 22:31:28,730] {taskinstance.py:1238} INFO - 
--------------------------------------------------------------------------------
[2022-04-13 22:31:28,733] {taskinstance.py:1239} INFO - Starting attempt 1 of 1
[2022-04-13 22:31:28,738] {taskinstance.py:1240} INFO - 
--------------------------------------------------------------------------------
[2022-04-13 22:31:28,813] {taskinstance.py:1259} INFO - Executing <Task(BashOperator): ingest> on 2021-12-02 06:00:45+00:00
[2022-04-13 22:31:28,825] {standard_task_runner.py:52} INFO - Started process 9351 to run task
[2022-04-13 22:31:28,841] {standard_task_runner.py:76} INFO - Running: ['***', 'tasks', 'run', 'LocalIngestionDAG', 'ingest', 'scheduled__2021-12-02T06:00:45+00:00', '--job-id', '1510', '--raw', '--subdir', 'DAGS_FOLDER/data_ingestion_local.py', '--cfg-path', '/tmp/tmpicnfxujm', '--error-file', '/tmp/tmprx7tlctz']
[2022-04-13 22:31:28,851] {standard_task_runner.py:77} INFO - Job 1510: Subtask ingest
[2022-04-13 22:31:29,189] {logging_mixin.py:109} INFO - Running <TaskInstance: LocalIngestionDAG.ingest scheduled__2021-12-02T06:00:45+00:00 [running]> on host 13db72185839
[2022-04-13 22:31:29,502] {taskinstance.py:1426} INFO - Exporting the following env vars:
AIRFLOW_CTX_DAG_OWNER=***
AIRFLOW_CTX_DAG_ID=LocalIngestionDAG
AIRFLOW_CTX_TASK_ID=ingest
AIRFLOW_CTX_EXECUTION_DATE=2021-12-02T06:00:45+00:00
AIRFLOW_CTX_DAG_RUN_ID=scheduled__2021-12-02T06:00:45+00:00
[2022-04-13 22:31:29,507] {subprocess.py:62} INFO - Tmp dir root location: 
 /tmp
[2022-04-13 22:31:29,512] {subprocess.py:74} INFO - Running command: ['bash', '-c', 'ls /opt/***']
[2022-04-13 22:31:29,558] {subprocess.py:85} INFO - Output:
[2022-04-13 22:31:29,574] {subprocess.py:89} INFO - ***.cfg
[2022-04-13 22:31:29,606] {subprocess.py:89} INFO - dags
[2022-04-13 22:31:29,614] {subprocess.py:89} INFO - logs
[2022-04-13 22:31:29,616] {subprocess.py:89} INFO - output.csv
[2022-04-13 22:31:29,618] {subprocess.py:89} INFO - plugins
[2022-04-13 22:31:29,620] {subprocess.py:89} INFO - requirements.txt
[2022-04-13 22:31:29,632] {subprocess.py:89} INFO - scripts
[2022-04-13 22:31:29,635] {subprocess.py:89} INFO - webserver_config.py
[2022-04-13 22:31:29,655] {subprocess.py:93} INFO - Command exited with return code 0
[2022-04-13 22:31:30,667] {taskinstance.py:1277} INFO - Marking task as SUCCESS. dag_id=LocalIngestionDAG, task_id=ingest, execution_date=20211202T060045, start_date=20220413T223128, end_date=20220413T223130
[2022-04-13 22:31:30,844] {local_task_job.py:154} INFO - Task exited with return code 0
[2022-04-13 22:31:31,124] {local_task_job.py:264} INFO - 0 downstream tasks scheduled from follow-on schedule check
