[2022-04-13 21:16:49,513] {taskinstance.py:1032} INFO - Dependencies all met for <TaskInstance: LocalIngestionDAG.ingest scheduled__2021-02-02T06:00:24+00:00 [queued]>
[2022-04-13 21:16:49,543] {taskinstance.py:1032} INFO - Dependencies all met for <TaskInstance: LocalIngestionDAG.ingest scheduled__2021-02-02T06:00:24+00:00 [queued]>
[2022-04-13 21:16:49,544] {taskinstance.py:1238} INFO - 
--------------------------------------------------------------------------------
[2022-04-13 21:16:49,544] {taskinstance.py:1239} INFO - Starting attempt 1 of 1
[2022-04-13 21:16:49,545] {taskinstance.py:1240} INFO - 
--------------------------------------------------------------------------------
[2022-04-13 21:16:49,580] {taskinstance.py:1259} INFO - Executing <Task(BashOperator): ingest> on 2021-02-02 06:00:24+00:00
[2022-04-13 21:16:49,585] {standard_task_runner.py:52} INFO - Started process 1642 to run task
[2022-04-13 21:16:49,594] {standard_task_runner.py:76} INFO - Running: ['***', 'tasks', 'run', 'LocalIngestionDAG', 'ingest', 'scheduled__2021-02-02T06:00:24+00:00', '--job-id', '292', '--raw', '--subdir', 'DAGS_FOLDER/data_ingestion_local.py', '--cfg-path', '/tmp/tmp6mc9_uu6', '--error-file', '/tmp/tmpz955l4wj']
[2022-04-13 21:16:49,597] {standard_task_runner.py:77} INFO - Job 292: Subtask ingest
[2022-04-13 21:16:49,689] {logging_mixin.py:109} INFO - Running <TaskInstance: LocalIngestionDAG.ingest scheduled__2021-02-02T06:00:24+00:00 [running]> on host 13db72185839
[2022-04-13 21:16:49,785] {taskinstance.py:1426} INFO - Exporting the following env vars:
AIRFLOW_CTX_DAG_OWNER=***
AIRFLOW_CTX_DAG_ID=LocalIngestionDAG
AIRFLOW_CTX_TASK_ID=ingest
AIRFLOW_CTX_EXECUTION_DATE=2021-02-02T06:00:24+00:00
AIRFLOW_CTX_DAG_RUN_ID=scheduled__2021-02-02T06:00:24+00:00
[2022-04-13 21:16:49,789] {subprocess.py:62} INFO - Tmp dir root location: 
 /tmp
[2022-04-13 21:16:49,790] {subprocess.py:74} INFO - Running command: ['bash', '-c', 'pwd']
[2022-04-13 21:16:49,800] {subprocess.py:85} INFO - Output:
[2022-04-13 21:16:49,803] {subprocess.py:89} INFO - /tmp/***tmpe8p3dy9v
[2022-04-13 21:16:49,804] {subprocess.py:93} INFO - Command exited with return code 0
[2022-04-13 21:16:49,836] {taskinstance.py:1277} INFO - Marking task as SUCCESS. dag_id=LocalIngestionDAG, task_id=ingest, execution_date=20210202T060024, start_date=20220413T211649, end_date=20220413T211649
[2022-04-13 21:16:49,888] {local_task_job.py:154} INFO - Task exited with return code 0
[2022-04-13 21:16:49,943] {local_task_job.py:264} INFO - 0 downstream tasks scheduled from follow-on schedule check
