[2022-04-13 21:24:21,743] {taskinstance.py:1032} INFO - Dependencies all met for <TaskInstance: LocalIngestionDAG.wget scheduled__2021-07-02T06:00:40+00:00 [queued]>
[2022-04-13 21:24:21,780] {taskinstance.py:1032} INFO - Dependencies all met for <TaskInstance: LocalIngestionDAG.wget scheduled__2021-07-02T06:00:40+00:00 [queued]>
[2022-04-13 21:24:21,782] {taskinstance.py:1238} INFO - 
--------------------------------------------------------------------------------
[2022-04-13 21:24:21,791] {taskinstance.py:1239} INFO - Starting attempt 1 of 1
[2022-04-13 21:24:21,796] {taskinstance.py:1240} INFO - 
--------------------------------------------------------------------------------
[2022-04-13 21:24:21,839] {taskinstance.py:1259} INFO - Executing <Task(BashOperator): wget> on 2021-07-02 06:00:40+00:00
[2022-04-13 21:24:21,845] {standard_task_runner.py:52} INFO - Started process 3908 to run task
[2022-04-13 21:24:21,855] {standard_task_runner.py:76} INFO - Running: ['***', 'tasks', 'run', 'LocalIngestionDAG', 'wget', 'scheduled__2021-07-02T06:00:40+00:00', '--job-id', '917', '--raw', '--subdir', 'DAGS_FOLDER/data_ingestion_local.py', '--cfg-path', '/tmp/tmp7cmn867w', '--error-file', '/tmp/tmp0zii9hwq']
[2022-04-13 21:24:21,858] {standard_task_runner.py:77} INFO - Job 917: Subtask wget
[2022-04-13 21:24:22,082] {logging_mixin.py:109} INFO - Running <TaskInstance: LocalIngestionDAG.wget scheduled__2021-07-02T06:00:40+00:00 [running]> on host 13db72185839
[2022-04-13 21:24:22,255] {taskinstance.py:1426} INFO - Exporting the following env vars:
AIRFLOW_CTX_DAG_OWNER=***
AIRFLOW_CTX_DAG_ID=LocalIngestionDAG
AIRFLOW_CTX_TASK_ID=wget
AIRFLOW_CTX_EXECUTION_DATE=2021-07-02T06:00:40+00:00
AIRFLOW_CTX_DAG_RUN_ID=scheduled__2021-07-02T06:00:40+00:00
[2022-04-13 21:24:22,256] {subprocess.py:62} INFO - Tmp dir root location: 
 /tmp
[2022-04-13 21:24:22,258] {subprocess.py:74} INFO - Running command: ['bash', '-c', 'echo "hello world"']
[2022-04-13 21:24:22,279] {subprocess.py:85} INFO - Output:
[2022-04-13 21:24:22,283] {subprocess.py:89} INFO - hello world
[2022-04-13 21:24:22,284] {subprocess.py:93} INFO - Command exited with return code 0
[2022-04-13 21:24:22,347] {taskinstance.py:1277} INFO - Marking task as SUCCESS. dag_id=LocalIngestionDAG, task_id=wget, execution_date=20210702T060040, start_date=20220413T212421, end_date=20220413T212422
[2022-04-13 21:24:22,448] {local_task_job.py:154} INFO - Task exited with return code 0
[2022-04-13 21:24:22,516] {local_task_job.py:264} INFO - 1 downstream tasks scheduled from follow-on schedule check
