[2022-04-13 21:23:22,351] {taskinstance.py:1032} INFO - Dependencies all met for <TaskInstance: LocalIngestionDAG.wget scheduled__2021-06-02T06:00:43+00:00 [queued]>
[2022-04-13 21:23:22,392] {taskinstance.py:1032} INFO - Dependencies all met for <TaskInstance: LocalIngestionDAG.wget scheduled__2021-06-02T06:00:43+00:00 [queued]>
[2022-04-13 21:23:22,402] {taskinstance.py:1238} INFO - 
--------------------------------------------------------------------------------
[2022-04-13 21:23:22,403] {taskinstance.py:1239} INFO - Starting attempt 1 of 1
[2022-04-13 21:23:22,414] {taskinstance.py:1240} INFO - 
--------------------------------------------------------------------------------
[2022-04-13 21:23:22,504] {taskinstance.py:1259} INFO - Executing <Task(BashOperator): wget> on 2021-06-02 06:00:43+00:00
[2022-04-13 21:23:22,517] {standard_task_runner.py:52} INFO - Started process 3518 to run task
[2022-04-13 21:23:22,536] {standard_task_runner.py:76} INFO - Running: ['***', 'tasks', 'run', 'LocalIngestionDAG', 'wget', 'scheduled__2021-06-02T06:00:43+00:00', '--job-id', '805', '--raw', '--subdir', 'DAGS_FOLDER/data_ingestion_local.py', '--cfg-path', '/tmp/tmptbt1a2vh', '--error-file', '/tmp/tmpacl6_xzo']
[2022-04-13 21:23:22,547] {standard_task_runner.py:77} INFO - Job 805: Subtask wget
[2022-04-13 21:23:22,832] {logging_mixin.py:109} INFO - Running <TaskInstance: LocalIngestionDAG.wget scheduled__2021-06-02T06:00:43+00:00 [running]> on host 13db72185839
[2022-04-13 21:23:23,155] {taskinstance.py:1426} INFO - Exporting the following env vars:
AIRFLOW_CTX_DAG_OWNER=***
AIRFLOW_CTX_DAG_ID=LocalIngestionDAG
AIRFLOW_CTX_TASK_ID=wget
AIRFLOW_CTX_EXECUTION_DATE=2021-06-02T06:00:43+00:00
AIRFLOW_CTX_DAG_RUN_ID=scheduled__2021-06-02T06:00:43+00:00
[2022-04-13 21:23:23,158] {subprocess.py:62} INFO - Tmp dir root location: 
 /tmp
[2022-04-13 21:23:23,161] {subprocess.py:74} INFO - Running command: ['bash', '-c', 'echo "hello world"']
[2022-04-13 21:23:23,192] {subprocess.py:85} INFO - Output:
[2022-04-13 21:23:23,196] {subprocess.py:89} INFO - hello world
[2022-04-13 21:23:23,198] {subprocess.py:93} INFO - Command exited with return code 0
[2022-04-13 21:23:23,441] {taskinstance.py:1277} INFO - Marking task as SUCCESS. dag_id=LocalIngestionDAG, task_id=wget, execution_date=20210602T060043, start_date=20220413T212322, end_date=20220413T212323
[2022-04-13 21:23:23,480] {local_task_job.py:154} INFO - Task exited with return code 0
[2022-04-13 21:23:23,611] {local_task_job.py:264} INFO - 1 downstream tasks scheduled from follow-on schedule check
