[2022-04-13 21:21:40,121] {taskinstance.py:1032} INFO - Dependencies all met for <TaskInstance: LocalIngestionDAG.wget scheduled__2021-05-02T06:00:05+00:00 [queued]>
[2022-04-13 21:21:40,185] {taskinstance.py:1032} INFO - Dependencies all met for <TaskInstance: LocalIngestionDAG.wget scheduled__2021-05-02T06:00:05+00:00 [queued]>
[2022-04-13 21:21:40,200] {taskinstance.py:1238} INFO - 
--------------------------------------------------------------------------------
[2022-04-13 21:21:40,218] {taskinstance.py:1239} INFO - Starting attempt 1 of 1
[2022-04-13 21:21:40,228] {taskinstance.py:1240} INFO - 
--------------------------------------------------------------------------------
[2022-04-13 21:21:40,368] {taskinstance.py:1259} INFO - Executing <Task(BashOperator): wget> on 2021-05-02 06:00:05+00:00
[2022-04-13 21:21:40,377] {standard_task_runner.py:52} INFO - Started process 2849 to run task
[2022-04-13 21:21:40,396] {standard_task_runner.py:76} INFO - Running: ['***', 'tasks', 'run', 'LocalIngestionDAG', 'wget', 'scheduled__2021-05-02T06:00:05+00:00', '--job-id', '608', '--raw', '--subdir', 'DAGS_FOLDER/data_ingestion_local.py', '--cfg-path', '/tmp/tmp7ykhyjl9', '--error-file', '/tmp/tmpui8dfrti']
[2022-04-13 21:21:40,402] {standard_task_runner.py:77} INFO - Job 608: Subtask wget
[2022-04-13 21:21:40,633] {logging_mixin.py:109} INFO - Running <TaskInstance: LocalIngestionDAG.wget scheduled__2021-05-02T06:00:05+00:00 [running]> on host 13db72185839
[2022-04-13 21:21:40,841] {taskinstance.py:1426} INFO - Exporting the following env vars:
AIRFLOW_CTX_DAG_OWNER=***
AIRFLOW_CTX_DAG_ID=LocalIngestionDAG
AIRFLOW_CTX_TASK_ID=wget
AIRFLOW_CTX_EXECUTION_DATE=2021-05-02T06:00:05+00:00
AIRFLOW_CTX_DAG_RUN_ID=scheduled__2021-05-02T06:00:05+00:00
[2022-04-13 21:21:40,851] {subprocess.py:62} INFO - Tmp dir root location: 
 /tmp
[2022-04-13 21:21:40,853] {subprocess.py:74} INFO - Running command: ['bash', '-c', 'echo "hello world"']
[2022-04-13 21:21:40,891] {subprocess.py:85} INFO - Output:
[2022-04-13 21:21:40,900] {subprocess.py:89} INFO - hello world
[2022-04-13 21:21:40,905] {subprocess.py:93} INFO - Command exited with return code 0
[2022-04-13 21:21:41,045] {taskinstance.py:1277} INFO - Marking task as SUCCESS. dag_id=LocalIngestionDAG, task_id=wget, execution_date=20210502T060005, start_date=20220413T212140, end_date=20220413T212141
[2022-04-13 21:21:41,186] {local_task_job.py:154} INFO - Task exited with return code 0
[2022-04-13 21:21:41,700] {local_task_job.py:264} INFO - 0 downstream tasks scheduled from follow-on schedule check
