[2022-04-16 17:25:13,244] {taskinstance.py:1032} INFO - Dependencies all met for <TaskInstance: data_ingestion_gcs_dag.download_dataset_task manual__2022-04-16T16:45:05.986483+00:00 [queued]>
[2022-04-16 17:25:13,259] {taskinstance.py:1032} INFO - Dependencies all met for <TaskInstance: data_ingestion_gcs_dag.download_dataset_task manual__2022-04-16T16:45:05.986483+00:00 [queued]>
[2022-04-16 17:25:13,259] {taskinstance.py:1238} INFO - 
--------------------------------------------------------------------------------
[2022-04-16 17:25:13,260] {taskinstance.py:1239} INFO - Starting attempt 2 of 2
[2022-04-16 17:25:13,260] {taskinstance.py:1240} INFO - 
--------------------------------------------------------------------------------
[2022-04-16 17:25:13,273] {taskinstance.py:1259} INFO - Executing <Task(BashOperator): download_dataset_task> on 2022-04-16 16:45:05.986483+00:00
[2022-04-16 17:25:13,279] {standard_task_runner.py:52} INFO - Started process 207 to run task
[2022-04-16 17:25:13,282] {standard_task_runner.py:76} INFO - Running: ['***', 'tasks', 'run', 'data_ingestion_gcs_dag', 'download_dataset_task', 'manual__2022-04-16T16:45:05.986483+00:00', '--job-id', '2138', '--raw', '--subdir', 'DAGS_FOLDER/data_ingestion_gcs_dag.py', '--cfg-path', '/tmp/tmp0w3x8er6', '--error-file', '/tmp/tmpg3lky4pu']
[2022-04-16 17:25:13,283] {standard_task_runner.py:77} INFO - Job 2138: Subtask download_dataset_task
[2022-04-16 17:25:13,343] {logging_mixin.py:109} INFO - Running <TaskInstance: data_ingestion_gcs_dag.download_dataset_task manual__2022-04-16T16:45:05.986483+00:00 [running]> on host 0f0253b9972c
[2022-04-16 17:25:13,406] {taskinstance.py:1426} INFO - Exporting the following env vars:
AIRFLOW_CTX_DAG_OWNER=***
AIRFLOW_CTX_DAG_ID=data_ingestion_gcs_dag
AIRFLOW_CTX_TASK_ID=download_dataset_task
AIRFLOW_CTX_EXECUTION_DATE=2022-04-16T16:45:05.986483+00:00
AIRFLOW_CTX_DAG_RUN_ID=manual__2022-04-16T16:45:05.986483+00:00
[2022-04-16 17:25:13,407] {subprocess.py:62} INFO - Tmp dir root location: 
 /tmp
[2022-04-16 17:25:13,408] {subprocess.py:74} INFO - Running command: ['bash', '-c', 'curl -sSL https://s3.amazonaws.com/nyc-tlc/trip+data/yellow_tripdata_2021-01.csv > /opt/***/yellow_tripdata_2021-01.csv']
[2022-04-16 17:25:13,422] {subprocess.py:85} INFO - Output:
[2022-04-16 17:26:19,001] {local_task_job.py:212} WARNING - State of this instance has been externally set to success. Terminating instance.
[2022-04-16 17:26:19,028] {process_utils.py:124} INFO - Sending Signals.SIGTERM to group 207. PIDs of all processes in the group: [208, 209, 207]
[2022-04-16 17:26:19,029] {process_utils.py:75} INFO - Sending the signal Signals.SIGTERM to group 207
[2022-04-16 17:26:19,059] {taskinstance.py:1408} ERROR - Received SIGTERM. Terminating subprocesses.
[2022-04-16 17:26:19,090] {subprocess.py:99} INFO - Sending SIGTERM signal to process group
[2022-04-16 17:26:19,128] {process_utils.py:70} INFO - Process psutil.Process(pid=209, status='terminated', started='17:25:12') (209) terminated with exit code None
[2022-04-16 17:26:19,652] {process_utils.py:70} INFO - Process psutil.Process(pid=207, status='terminated', exitcode=0, started='17:25:12') (207) terminated with exit code 0
[2022-04-16 17:26:19,656] {process_utils.py:70} INFO - Process psutil.Process(pid=208, status='terminated', started='17:25:12') (208) terminated with exit code None
