[2022-04-13 22:14:43,176] {taskinstance.py:1032} INFO - Dependencies all met for <TaskInstance: LocalIngestionDAG.ingest scheduled__2021-11-02T06:00:34+00:00 [queued]>
[2022-04-13 22:14:43,204] {taskinstance.py:1032} INFO - Dependencies all met for <TaskInstance: LocalIngestionDAG.ingest scheduled__2021-11-02T06:00:34+00:00 [queued]>
[2022-04-13 22:14:43,204] {taskinstance.py:1238} INFO - 
--------------------------------------------------------------------------------
[2022-04-13 22:14:43,205] {taskinstance.py:1239} INFO - Starting attempt 1 of 1
[2022-04-13 22:14:43,206] {taskinstance.py:1240} INFO - 
--------------------------------------------------------------------------------
[2022-04-13 22:14:43,231] {taskinstance.py:1259} INFO - Executing <Task(BashOperator): ingest> on 2021-11-02 06:00:34+00:00
[2022-04-13 22:14:43,237] {standard_task_runner.py:52} INFO - Started process 8033 to run task
[2022-04-13 22:14:43,242] {standard_task_runner.py:76} INFO - Running: ['***', 'tasks', 'run', 'LocalIngestionDAG', 'ingest', 'scheduled__2021-11-02T06:00:34+00:00', '--job-id', '1376', '--raw', '--subdir', 'DAGS_FOLDER/data_ingestion_local.py', '--cfg-path', '/tmp/tmpv5oz5_xp', '--error-file', '/tmp/tmp2kb8wmld']
[2022-04-13 22:14:43,244] {standard_task_runner.py:77} INFO - Job 1376: Subtask ingest
[2022-04-13 22:14:43,343] {logging_mixin.py:109} INFO - Running <TaskInstance: LocalIngestionDAG.ingest scheduled__2021-11-02T06:00:34+00:00 [running]> on host 13db72185839
[2022-04-13 22:14:43,475] {taskinstance.py:1426} INFO - Exporting the following env vars:
AIRFLOW_CTX_DAG_OWNER=***
AIRFLOW_CTX_DAG_ID=LocalIngestionDAG
AIRFLOW_CTX_TASK_ID=ingest
AIRFLOW_CTX_EXECUTION_DATE=2021-11-02T06:00:34+00:00
AIRFLOW_CTX_DAG_RUN_ID=scheduled__2021-11-02T06:00:34+00:00
[2022-04-13 22:14:43,478] {subprocess.py:62} INFO - Tmp dir root location: 
 /tmp
[2022-04-13 22:14:43,482] {subprocess.py:74} INFO - Running command: ['bash', '-c', 'ls /opt/***']
[2022-04-13 22:14:43,495] {subprocess.py:85} INFO - Output:
[2022-04-13 22:14:43,502] {subprocess.py:89} INFO - ***.cfg
[2022-04-13 22:14:43,503] {subprocess.py:89} INFO - dags
[2022-04-13 22:14:43,503] {subprocess.py:89} INFO - logs
[2022-04-13 22:14:43,504] {subprocess.py:89} INFO - output.csv
[2022-04-13 22:14:43,504] {subprocess.py:89} INFO - plugins
[2022-04-13 22:14:43,505] {subprocess.py:89} INFO - requirements.txt
[2022-04-13 22:14:43,505] {subprocess.py:89} INFO - scripts
[2022-04-13 22:14:43,506] {subprocess.py:89} INFO - webserver_config.py
[2022-04-13 22:14:43,507] {subprocess.py:93} INFO - Command exited with return code 0
[2022-04-13 22:14:43,548] {taskinstance.py:1277} INFO - Marking task as SUCCESS. dag_id=LocalIngestionDAG, task_id=ingest, execution_date=20211102T060034, start_date=20220413T221443, end_date=20220413T221443
[2022-04-13 22:14:43,574] {local_task_job.py:154} INFO - Task exited with return code 0
[2022-04-13 22:14:43,620] {local_task_job.py:264} INFO - 0 downstream tasks scheduled from follow-on schedule check
