[2022-04-13 21:22:52,588] {taskinstance.py:1032} INFO - Dependencies all met for <TaskInstance: LocalIngestionDAG.wget scheduled__2021-06-02T06:00:13+00:00 [queued]>
[2022-04-13 21:22:52,613] {taskinstance.py:1032} INFO - Dependencies all met for <TaskInstance: LocalIngestionDAG.wget scheduled__2021-06-02T06:00:13+00:00 [queued]>
[2022-04-13 21:22:52,614] {taskinstance.py:1238} INFO - 
--------------------------------------------------------------------------------
[2022-04-13 21:22:52,615] {taskinstance.py:1239} INFO - Starting attempt 1 of 1
[2022-04-13 21:22:52,618] {taskinstance.py:1240} INFO - 
--------------------------------------------------------------------------------
[2022-04-13 21:22:52,676] {taskinstance.py:1259} INFO - Executing <Task(BashOperator): wget> on 2021-06-02 06:00:13+00:00
[2022-04-13 21:22:52,692] {standard_task_runner.py:52} INFO - Started process 3320 to run task
[2022-04-13 21:22:52,701] {standard_task_runner.py:76} INFO - Running: ['***', 'tasks', 'run', 'LocalIngestionDAG', 'wget', 'scheduled__2021-06-02T06:00:13+00:00', '--job-id', '747', '--raw', '--subdir', 'DAGS_FOLDER/data_ingestion_local.py', '--cfg-path', '/tmp/tmph3aza4si', '--error-file', '/tmp/tmppvxkrsu0']
[2022-04-13 21:22:52,703] {standard_task_runner.py:77} INFO - Job 747: Subtask wget
[2022-04-13 21:22:52,854] {logging_mixin.py:109} INFO - Running <TaskInstance: LocalIngestionDAG.wget scheduled__2021-06-02T06:00:13+00:00 [running]> on host 13db72185839
[2022-04-13 21:22:52,971] {taskinstance.py:1426} INFO - Exporting the following env vars:
AIRFLOW_CTX_DAG_OWNER=***
AIRFLOW_CTX_DAG_ID=LocalIngestionDAG
AIRFLOW_CTX_TASK_ID=wget
AIRFLOW_CTX_EXECUTION_DATE=2021-06-02T06:00:13+00:00
AIRFLOW_CTX_DAG_RUN_ID=scheduled__2021-06-02T06:00:13+00:00
[2022-04-13 21:22:52,973] {subprocess.py:62} INFO - Tmp dir root location: 
 /tmp
[2022-04-13 21:22:52,974] {subprocess.py:74} INFO - Running command: ['bash', '-c', 'echo "hello world"']
[2022-04-13 21:22:52,986] {subprocess.py:85} INFO - Output:
[2022-04-13 21:22:52,989] {subprocess.py:89} INFO - hello world
[2022-04-13 21:22:52,990] {subprocess.py:93} INFO - Command exited with return code 0
[2022-04-13 21:22:53,060] {taskinstance.py:1277} INFO - Marking task as SUCCESS. dag_id=LocalIngestionDAG, task_id=wget, execution_date=20210602T060013, start_date=20220413T212252, end_date=20220413T212253
[2022-04-13 21:22:53,159] {local_task_job.py:154} INFO - Task exited with return code 0
[2022-04-13 21:22:53,254] {local_task_job.py:264} INFO - 1 downstream tasks scheduled from follow-on schedule check
