[2022-04-13 21:42:50,315] {taskinstance.py:1032} INFO - Dependencies all met for <TaskInstance: LocalIngestionDAG.wget scheduled__2021-11-02T06:00:00+00:00 [queued]>
[2022-04-13 21:42:50,341] {taskinstance.py:1032} INFO - Dependencies all met for <TaskInstance: LocalIngestionDAG.wget scheduled__2021-11-02T06:00:00+00:00 [queued]>
[2022-04-13 21:42:50,342] {taskinstance.py:1238} INFO - 
--------------------------------------------------------------------------------
[2022-04-13 21:42:50,349] {taskinstance.py:1239} INFO - Starting attempt 1 of 1
[2022-04-13 21:42:50,350] {taskinstance.py:1240} INFO - 
--------------------------------------------------------------------------------
[2022-04-13 21:42:50,371] {taskinstance.py:1259} INFO - Executing <Task(BashOperator): wget> on 2021-11-02 06:00:00+00:00
[2022-04-13 21:42:50,382] {standard_task_runner.py:52} INFO - Started process 6124 to run task
[2022-04-13 21:42:50,389] {standard_task_runner.py:76} INFO - Running: ['***', 'tasks', 'run', 'LocalIngestionDAG', 'wget', 'scheduled__2021-11-02T06:00:00+00:00', '--job-id', '1312', '--raw', '--subdir', 'DAGS_FOLDER/data_ingestion_local.py', '--cfg-path', '/tmp/tmplom1d_95', '--error-file', '/tmp/tmppo7e3_s2']
[2022-04-13 21:42:50,391] {standard_task_runner.py:77} INFO - Job 1312: Subtask wget
[2022-04-13 21:42:50,568] {logging_mixin.py:109} INFO - Running <TaskInstance: LocalIngestionDAG.wget scheduled__2021-11-02T06:00:00+00:00 [running]> on host 13db72185839
[2022-04-13 21:42:51,257] {taskinstance.py:1426} INFO - Exporting the following env vars:
AIRFLOW_CTX_DAG_OWNER=***
AIRFLOW_CTX_DAG_ID=LocalIngestionDAG
AIRFLOW_CTX_TASK_ID=wget
AIRFLOW_CTX_EXECUTION_DATE=2021-11-02T06:00:00+00:00
AIRFLOW_CTX_DAG_RUN_ID=scheduled__2021-11-02T06:00:00+00:00
[2022-04-13 21:42:51,260] {subprocess.py:62} INFO - Tmp dir root location: 
 /tmp
[2022-04-13 21:42:51,270] {subprocess.py:74} INFO - Running command: ['bash', '-c', 'curl -sSL https://s3.amazonaws.com/nyc-tlc/trip+data/yellow_tripdata_2021-01.csv > /opt/***/output.csv']
[2022-04-13 21:42:51,292] {subprocess.py:85} INFO - Output:
[2022-04-13 21:54:55,758] {subprocess.py:93} INFO - Command exited with return code 0
[2022-04-13 21:54:55,971] {taskinstance.py:1277} INFO - Marking task as SUCCESS. dag_id=LocalIngestionDAG, task_id=wget, execution_date=20211102T060000, start_date=20220413T214250, end_date=20220413T215455
[2022-04-13 21:54:56,051] {local_task_job.py:154} INFO - Task exited with return code 0
[2022-04-13 21:54:56,181] {local_task_job.py:264} INFO - 1 downstream tasks scheduled from follow-on schedule check
