[2022-04-13 22:32:11,858] {taskinstance.py:1032} INFO - Dependencies all met for <TaskInstance: LocalIngestionDAG.ingest scheduled__2022-01-02T06:00:19+00:00 [queued]>
[2022-04-13 22:32:11,943] {taskinstance.py:1032} INFO - Dependencies all met for <TaskInstance: LocalIngestionDAG.ingest scheduled__2022-01-02T06:00:19+00:00 [queued]>
[2022-04-13 22:32:11,952] {taskinstance.py:1238} INFO - 
--------------------------------------------------------------------------------
[2022-04-13 22:32:11,968] {taskinstance.py:1239} INFO - Starting attempt 1 of 1
[2022-04-13 22:32:11,982] {taskinstance.py:1240} INFO - 
--------------------------------------------------------------------------------
[2022-04-13 22:32:12,080] {taskinstance.py:1259} INFO - Executing <Task(BashOperator): ingest> on 2022-01-02 06:00:19+00:00
[2022-04-13 22:32:12,113] {standard_task_runner.py:52} INFO - Started process 9629 to run task
[2022-04-13 22:32:12,120] {standard_task_runner.py:76} INFO - Running: ['***', 'tasks', 'run', 'LocalIngestionDAG', 'ingest', 'scheduled__2022-01-02T06:00:19+00:00', '--job-id', '1573', '--raw', '--subdir', 'DAGS_FOLDER/data_ingestion_local.py', '--cfg-path', '/tmp/tmp7859hnwd', '--error-file', '/tmp/tmpat2j1emg']
[2022-04-13 22:32:12,136] {standard_task_runner.py:77} INFO - Job 1573: Subtask ingest
[2022-04-13 22:32:12,477] {logging_mixin.py:109} INFO - Running <TaskInstance: LocalIngestionDAG.ingest scheduled__2022-01-02T06:00:19+00:00 [running]> on host 13db72185839
[2022-04-13 22:32:12,800] {taskinstance.py:1426} INFO - Exporting the following env vars:
AIRFLOW_CTX_DAG_OWNER=***
AIRFLOW_CTX_DAG_ID=LocalIngestionDAG
AIRFLOW_CTX_TASK_ID=ingest
AIRFLOW_CTX_EXECUTION_DATE=2022-01-02T06:00:19+00:00
AIRFLOW_CTX_DAG_RUN_ID=scheduled__2022-01-02T06:00:19+00:00
[2022-04-13 22:32:12,806] {subprocess.py:62} INFO - Tmp dir root location: 
 /tmp
[2022-04-13 22:32:12,809] {subprocess.py:74} INFO - Running command: ['bash', '-c', 'ls /opt/***']
[2022-04-13 22:32:12,836] {subprocess.py:85} INFO - Output:
[2022-04-13 22:32:12,847] {subprocess.py:89} INFO - ***.cfg
[2022-04-13 22:32:12,849] {subprocess.py:89} INFO - dags
[2022-04-13 22:32:12,859] {subprocess.py:89} INFO - logs
[2022-04-13 22:32:12,860] {subprocess.py:89} INFO - output.csv
[2022-04-13 22:32:12,861] {subprocess.py:89} INFO - plugins
[2022-04-13 22:32:12,865] {subprocess.py:89} INFO - requirements.txt
[2022-04-13 22:32:12,868] {subprocess.py:89} INFO - scripts
[2022-04-13 22:32:12,873] {subprocess.py:89} INFO - webserver_config.py
[2022-04-13 22:32:12,879] {subprocess.py:93} INFO - Command exited with return code 0
[2022-04-13 22:32:13,039] {taskinstance.py:1277} INFO - Marking task as SUCCESS. dag_id=LocalIngestionDAG, task_id=ingest, execution_date=20220102T060019, start_date=20220413T223211, end_date=20220413T223213
[2022-04-13 22:32:13,160] {local_task_job.py:154} INFO - Task exited with return code 0
[2022-04-13 22:32:13,274] {local_task_job.py:264} INFO - 0 downstream tasks scheduled from follow-on schedule check
