[2022-04-13 21:25:13,987] {taskinstance.py:1032} INFO - Dependencies all met for <TaskInstance: LocalIngestionDAG.ingest scheduled__2021-08-02T06:00:26+00:00 [queued]>
[2022-04-13 21:25:14,031] {taskinstance.py:1032} INFO - Dependencies all met for <TaskInstance: LocalIngestionDAG.ingest scheduled__2021-08-02T06:00:26+00:00 [queued]>
[2022-04-13 21:25:14,032] {taskinstance.py:1238} INFO - 
--------------------------------------------------------------------------------
[2022-04-13 21:25:14,034] {taskinstance.py:1239} INFO - Starting attempt 1 of 1
[2022-04-13 21:25:14,036] {taskinstance.py:1240} INFO - 
--------------------------------------------------------------------------------
[2022-04-13 21:25:14,102] {taskinstance.py:1259} INFO - Executing <Task(BashOperator): ingest> on 2021-08-02 06:00:26+00:00
[2022-04-13 21:25:14,132] {standard_task_runner.py:52} INFO - Started process 4240 to run task
[2022-04-13 21:25:14,139] {standard_task_runner.py:76} INFO - Running: ['***', 'tasks', 'run', 'LocalIngestionDAG', 'ingest', 'scheduled__2021-08-02T06:00:26+00:00', '--job-id', '1017', '--raw', '--subdir', 'DAGS_FOLDER/data_ingestion_local.py', '--cfg-path', '/tmp/tmpjhhf6vpd', '--error-file', '/tmp/tmpopgj1mbk']
[2022-04-13 21:25:14,144] {standard_task_runner.py:77} INFO - Job 1017: Subtask ingest
[2022-04-13 21:25:14,409] {logging_mixin.py:109} INFO - Running <TaskInstance: LocalIngestionDAG.ingest scheduled__2021-08-02T06:00:26+00:00 [running]> on host 13db72185839
[2022-04-13 21:25:14,794] {taskinstance.py:1426} INFO - Exporting the following env vars:
AIRFLOW_CTX_DAG_OWNER=***
AIRFLOW_CTX_DAG_ID=LocalIngestionDAG
AIRFLOW_CTX_TASK_ID=ingest
AIRFLOW_CTX_EXECUTION_DATE=2021-08-02T06:00:26+00:00
AIRFLOW_CTX_DAG_RUN_ID=scheduled__2021-08-02T06:00:26+00:00
[2022-04-13 21:25:14,801] {subprocess.py:62} INFO - Tmp dir root location: 
 /tmp
[2022-04-13 21:25:14,803] {subprocess.py:74} INFO - Running command: ['bash', '-c', 'pwd']
[2022-04-13 21:25:14,858] {subprocess.py:85} INFO - Output:
[2022-04-13 21:25:14,948] {subprocess.py:89} INFO - /tmp/***tmphgq6jma8
[2022-04-13 21:25:14,968] {subprocess.py:93} INFO - Command exited with return code 0
[2022-04-13 21:25:15,482] {taskinstance.py:1277} INFO - Marking task as SUCCESS. dag_id=LocalIngestionDAG, task_id=ingest, execution_date=20210802T060026, start_date=20220413T212513, end_date=20220413T212515
[2022-04-13 21:25:15,586] {local_task_job.py:154} INFO - Task exited with return code 0
[2022-04-13 21:25:15,836] {local_task_job.py:264} INFO - 0 downstream tasks scheduled from follow-on schedule check
