[2022-04-13 21:21:54,791] {taskinstance.py:1032} INFO - Dependencies all met for <TaskInstance: LocalIngestionDAG.wget scheduled__2021-05-02T06:00:19+00:00 [queued]>
[2022-04-13 21:21:54,809] {taskinstance.py:1032} INFO - Dependencies all met for <TaskInstance: LocalIngestionDAG.wget scheduled__2021-05-02T06:00:19+00:00 [queued]>
[2022-04-13 21:21:54,809] {taskinstance.py:1238} INFO - 
--------------------------------------------------------------------------------
[2022-04-13 21:21:54,810] {taskinstance.py:1239} INFO - Starting attempt 1 of 1
[2022-04-13 21:21:54,810] {taskinstance.py:1240} INFO - 
--------------------------------------------------------------------------------
[2022-04-13 21:21:54,828] {taskinstance.py:1259} INFO - Executing <Task(BashOperator): wget> on 2021-05-02 06:00:19+00:00
[2022-04-13 21:21:54,834] {standard_task_runner.py:52} INFO - Started process 2942 to run task
[2022-04-13 21:21:54,838] {standard_task_runner.py:76} INFO - Running: ['***', 'tasks', 'run', 'LocalIngestionDAG', 'wget', 'scheduled__2021-05-02T06:00:19+00:00', '--job-id', '637', '--raw', '--subdir', 'DAGS_FOLDER/data_ingestion_local.py', '--cfg-path', '/tmp/tmpey3rgaa3', '--error-file', '/tmp/tmpaef302h_']
[2022-04-13 21:21:54,841] {standard_task_runner.py:77} INFO - Job 637: Subtask wget
[2022-04-13 21:21:54,947] {logging_mixin.py:109} INFO - Running <TaskInstance: LocalIngestionDAG.wget scheduled__2021-05-02T06:00:19+00:00 [running]> on host 13db72185839
[2022-04-13 21:21:55,083] {taskinstance.py:1426} INFO - Exporting the following env vars:
AIRFLOW_CTX_DAG_OWNER=***
AIRFLOW_CTX_DAG_ID=LocalIngestionDAG
AIRFLOW_CTX_TASK_ID=wget
AIRFLOW_CTX_EXECUTION_DATE=2021-05-02T06:00:19+00:00
AIRFLOW_CTX_DAG_RUN_ID=scheduled__2021-05-02T06:00:19+00:00
[2022-04-13 21:21:55,086] {subprocess.py:62} INFO - Tmp dir root location: 
 /tmp
[2022-04-13 21:21:55,091] {subprocess.py:74} INFO - Running command: ['bash', '-c', 'echo "hello world"']
[2022-04-13 21:21:55,106] {subprocess.py:85} INFO - Output:
[2022-04-13 21:21:55,109] {subprocess.py:89} INFO - hello world
[2022-04-13 21:21:55,110] {subprocess.py:93} INFO - Command exited with return code 0
[2022-04-13 21:21:55,248] {taskinstance.py:1277} INFO - Marking task as SUCCESS. dag_id=LocalIngestionDAG, task_id=wget, execution_date=20210502T060019, start_date=20220413T212154, end_date=20220413T212155
[2022-04-13 21:21:55,292] {local_task_job.py:154} INFO - Task exited with return code 0
[2022-04-13 21:21:55,376] {local_task_job.py:264} INFO - 1 downstream tasks scheduled from follow-on schedule check
