[2022-04-13 21:27:50,264] {taskinstance.py:1032} INFO - Dependencies all met for <TaskInstance: LocalIngestionDAG.wget scheduled__2021-10-02T06:00:34+00:00 [queued]>
[2022-04-13 21:27:50,302] {taskinstance.py:1032} INFO - Dependencies all met for <TaskInstance: LocalIngestionDAG.wget scheduled__2021-10-02T06:00:34+00:00 [queued]>
[2022-04-13 21:27:50,315] {taskinstance.py:1238} INFO - 
--------------------------------------------------------------------------------
[2022-04-13 21:27:50,317] {taskinstance.py:1239} INFO - Starting attempt 1 of 1
[2022-04-13 21:27:50,320] {taskinstance.py:1240} INFO - 
--------------------------------------------------------------------------------
[2022-04-13 21:27:50,402] {taskinstance.py:1259} INFO - Executing <Task(BashOperator): wget> on 2021-10-02 06:00:34+00:00
[2022-04-13 21:27:50,419] {standard_task_runner.py:52} INFO - Started process 5105 to run task
[2022-04-13 21:27:50,429] {standard_task_runner.py:76} INFO - Running: ['***', 'tasks', 'run', 'LocalIngestionDAG', 'wget', 'scheduled__2021-10-02T06:00:34+00:00', '--job-id', '1267', '--raw', '--subdir', 'DAGS_FOLDER/data_ingestion_local.py', '--cfg-path', '/tmp/tmp1i5sowwx', '--error-file', '/tmp/tmpc9w_jl50']
[2022-04-13 21:27:50,431] {standard_task_runner.py:77} INFO - Job 1267: Subtask wget
[2022-04-13 21:27:50,746] {logging_mixin.py:109} INFO - Running <TaskInstance: LocalIngestionDAG.wget scheduled__2021-10-02T06:00:34+00:00 [running]> on host 13db72185839
[2022-04-13 21:27:50,982] {taskinstance.py:1426} INFO - Exporting the following env vars:
AIRFLOW_CTX_DAG_OWNER=***
AIRFLOW_CTX_DAG_ID=LocalIngestionDAG
AIRFLOW_CTX_TASK_ID=wget
AIRFLOW_CTX_EXECUTION_DATE=2021-10-02T06:00:34+00:00
AIRFLOW_CTX_DAG_RUN_ID=scheduled__2021-10-02T06:00:34+00:00
[2022-04-13 21:27:50,984] {subprocess.py:62} INFO - Tmp dir root location: 
 /tmp
[2022-04-13 21:27:50,986] {subprocess.py:74} INFO - Running command: ['bash', '-c', 'echo "hello world"']
[2022-04-13 21:27:51,033] {subprocess.py:85} INFO - Output:
[2022-04-13 21:27:51,041] {subprocess.py:89} INFO - hello world
[2022-04-13 21:27:51,048] {subprocess.py:93} INFO - Command exited with return code 0
[2022-04-13 21:27:51,231] {taskinstance.py:1277} INFO - Marking task as SUCCESS. dag_id=LocalIngestionDAG, task_id=wget, execution_date=20211002T060034, start_date=20220413T212750, end_date=20220413T212751
[2022-04-13 21:27:51,351] {local_task_job.py:154} INFO - Task exited with return code 0
[2022-04-13 21:27:51,944] {local_task_job.py:264} INFO - 0 downstream tasks scheduled from follow-on schedule check
