[2022-04-13 21:15:53,550] {taskinstance.py:1032} INFO - Dependencies all met for <TaskInstance: LocalIngestionDAG.ingest scheduled__2021-01-02T06:00:17+00:00 [queued]>
[2022-04-13 21:15:53,592] {taskinstance.py:1032} INFO - Dependencies all met for <TaskInstance: LocalIngestionDAG.ingest scheduled__2021-01-02T06:00:17+00:00 [queued]>
[2022-04-13 21:15:53,593] {taskinstance.py:1238} INFO - 
--------------------------------------------------------------------------------
[2022-04-13 21:15:53,596] {taskinstance.py:1239} INFO - Starting attempt 1 of 1
[2022-04-13 21:15:53,598] {taskinstance.py:1240} INFO - 
--------------------------------------------------------------------------------
[2022-04-13 21:15:53,640] {taskinstance.py:1259} INFO - Executing <Task(BashOperator): ingest> on 2021-01-02 06:00:17+00:00
[2022-04-13 21:15:53,648] {standard_task_runner.py:52} INFO - Started process 1194 to run task
[2022-04-13 21:15:53,658] {standard_task_runner.py:76} INFO - Running: ['***', 'tasks', 'run', 'LocalIngestionDAG', 'ingest', 'scheduled__2021-01-02T06:00:17+00:00', '--job-id', '159', '--raw', '--subdir', 'DAGS_FOLDER/data_ingestion_local.py', '--cfg-path', '/tmp/tmp56qxhypv', '--error-file', '/tmp/tmpu0hn38a3']
[2022-04-13 21:15:53,661] {standard_task_runner.py:77} INFO - Job 159: Subtask ingest
[2022-04-13 21:15:53,759] {logging_mixin.py:109} INFO - Running <TaskInstance: LocalIngestionDAG.ingest scheduled__2021-01-02T06:00:17+00:00 [running]> on host 13db72185839
[2022-04-13 21:15:53,898] {taskinstance.py:1426} INFO - Exporting the following env vars:
AIRFLOW_CTX_DAG_OWNER=***
AIRFLOW_CTX_DAG_ID=LocalIngestionDAG
AIRFLOW_CTX_TASK_ID=ingest
AIRFLOW_CTX_EXECUTION_DATE=2021-01-02T06:00:17+00:00
AIRFLOW_CTX_DAG_RUN_ID=scheduled__2021-01-02T06:00:17+00:00
[2022-04-13 21:15:53,901] {subprocess.py:62} INFO - Tmp dir root location: 
 /tmp
[2022-04-13 21:15:53,906] {subprocess.py:74} INFO - Running command: ['bash', '-c', 'pwd']
[2022-04-13 21:15:53,935] {subprocess.py:85} INFO - Output:
[2022-04-13 21:15:53,941] {subprocess.py:89} INFO - /tmp/***tmpd8giuvfl
[2022-04-13 21:15:53,942] {subprocess.py:93} INFO - Command exited with return code 0
[2022-04-13 21:15:54,270] {taskinstance.py:1277} INFO - Marking task as SUCCESS. dag_id=LocalIngestionDAG, task_id=ingest, execution_date=20210102T060017, start_date=20220413T211553, end_date=20220413T211554
[2022-04-13 21:15:54,316] {local_task_job.py:154} INFO - Task exited with return code 0
[2022-04-13 21:15:54,516] {local_task_job.py:264} INFO - 0 downstream tasks scheduled from follow-on schedule check
