[2022-04-13 21:23:38,447] {taskinstance.py:1032} INFO - Dependencies all met for <TaskInstance: LocalIngestionDAG.ingest scheduled__2021-06-02T06:00:55+00:00 [queued]>
[2022-04-13 21:23:38,508] {taskinstance.py:1032} INFO - Dependencies all met for <TaskInstance: LocalIngestionDAG.ingest scheduled__2021-06-02T06:00:55+00:00 [queued]>
[2022-04-13 21:23:38,510] {taskinstance.py:1238} INFO - 
--------------------------------------------------------------------------------
[2022-04-13 21:23:38,516] {taskinstance.py:1239} INFO - Starting attempt 1 of 1
[2022-04-13 21:23:38,517] {taskinstance.py:1240} INFO - 
--------------------------------------------------------------------------------
[2022-04-13 21:23:38,584] {taskinstance.py:1259} INFO - Executing <Task(BashOperator): ingest> on 2021-06-02 06:00:55+00:00
[2022-04-13 21:23:38,594] {standard_task_runner.py:52} INFO - Started process 3622 to run task
[2022-04-13 21:23:38,624] {standard_task_runner.py:76} INFO - Running: ['***', 'tasks', 'run', 'LocalIngestionDAG', 'ingest', 'scheduled__2021-06-02T06:00:55+00:00', '--job-id', '835', '--raw', '--subdir', 'DAGS_FOLDER/data_ingestion_local.py', '--cfg-path', '/tmp/tmp0uqiljth', '--error-file', '/tmp/tmpcqwr1bty']
[2022-04-13 21:23:38,630] {standard_task_runner.py:77} INFO - Job 835: Subtask ingest
[2022-04-13 21:23:38,982] {logging_mixin.py:109} INFO - Running <TaskInstance: LocalIngestionDAG.ingest scheduled__2021-06-02T06:00:55+00:00 [running]> on host 13db72185839
[2022-04-13 21:23:39,316] {taskinstance.py:1426} INFO - Exporting the following env vars:
AIRFLOW_CTX_DAG_OWNER=***
AIRFLOW_CTX_DAG_ID=LocalIngestionDAG
AIRFLOW_CTX_TASK_ID=ingest
AIRFLOW_CTX_EXECUTION_DATE=2021-06-02T06:00:55+00:00
AIRFLOW_CTX_DAG_RUN_ID=scheduled__2021-06-02T06:00:55+00:00
[2022-04-13 21:23:39,319] {subprocess.py:62} INFO - Tmp dir root location: 
 /tmp
[2022-04-13 21:23:39,326] {subprocess.py:74} INFO - Running command: ['bash', '-c', 'pwd']
[2022-04-13 21:23:39,352] {subprocess.py:85} INFO - Output:
[2022-04-13 21:23:39,364] {subprocess.py:89} INFO - /tmp/***tmpcng50f5s
[2022-04-13 21:23:39,366] {subprocess.py:93} INFO - Command exited with return code 0
[2022-04-13 21:23:39,471] {taskinstance.py:1277} INFO - Marking task as SUCCESS. dag_id=LocalIngestionDAG, task_id=ingest, execution_date=20210602T060055, start_date=20220413T212338, end_date=20220413T212339
[2022-04-13 21:23:39,591] {local_task_job.py:154} INFO - Task exited with return code 0
[2022-04-13 21:23:39,743] {local_task_job.py:264} INFO - 0 downstream tasks scheduled from follow-on schedule check
