[2022-04-13 21:20:53,798] {taskinstance.py:1032} INFO - Dependencies all met for <TaskInstance: LocalIngestionDAG.ingest scheduled__2021-04-02T06:00:15+00:00 [queued]>
[2022-04-13 21:20:53,828] {taskinstance.py:1032} INFO - Dependencies all met for <TaskInstance: LocalIngestionDAG.ingest scheduled__2021-04-02T06:00:15+00:00 [queued]>
[2022-04-13 21:20:53,831] {taskinstance.py:1238} INFO - 
--------------------------------------------------------------------------------
[2022-04-13 21:20:53,833] {taskinstance.py:1239} INFO - Starting attempt 1 of 1
[2022-04-13 21:20:53,835] {taskinstance.py:1240} INFO - 
--------------------------------------------------------------------------------
[2022-04-13 21:20:53,877] {taskinstance.py:1259} INFO - Executing <Task(BashOperator): ingest> on 2021-04-02 06:00:15+00:00
[2022-04-13 21:20:53,893] {standard_task_runner.py:52} INFO - Started process 2533 to run task
[2022-04-13 21:20:53,912] {standard_task_runner.py:76} INFO - Running: ['***', 'tasks', 'run', 'LocalIngestionDAG', 'ingest', 'scheduled__2021-04-02T06:00:15+00:00', '--job-id', '515', '--raw', '--subdir', 'DAGS_FOLDER/data_ingestion_local.py', '--cfg-path', '/tmp/tmp4mvog47q', '--error-file', '/tmp/tmp4343jlk9']
[2022-04-13 21:20:53,918] {standard_task_runner.py:77} INFO - Job 515: Subtask ingest
[2022-04-13 21:20:54,160] {logging_mixin.py:109} INFO - Running <TaskInstance: LocalIngestionDAG.ingest scheduled__2021-04-02T06:00:15+00:00 [running]> on host 13db72185839
[2022-04-13 21:20:54,325] {taskinstance.py:1426} INFO - Exporting the following env vars:
AIRFLOW_CTX_DAG_OWNER=***
AIRFLOW_CTX_DAG_ID=LocalIngestionDAG
AIRFLOW_CTX_TASK_ID=ingest
AIRFLOW_CTX_EXECUTION_DATE=2021-04-02T06:00:15+00:00
AIRFLOW_CTX_DAG_RUN_ID=scheduled__2021-04-02T06:00:15+00:00
[2022-04-13 21:20:54,327] {subprocess.py:62} INFO - Tmp dir root location: 
 /tmp
[2022-04-13 21:20:54,328] {subprocess.py:74} INFO - Running command: ['bash', '-c', 'pwd']
[2022-04-13 21:20:54,342] {subprocess.py:85} INFO - Output:
[2022-04-13 21:20:54,345] {subprocess.py:89} INFO - /tmp/***tmpx8dey5xc
[2022-04-13 21:20:54,346] {subprocess.py:93} INFO - Command exited with return code 0
[2022-04-13 21:20:54,470] {taskinstance.py:1277} INFO - Marking task as SUCCESS. dag_id=LocalIngestionDAG, task_id=ingest, execution_date=20210402T060015, start_date=20220413T212053, end_date=20220413T212054
[2022-04-13 21:20:54,530] {local_task_job.py:154} INFO - Task exited with return code 0
[2022-04-13 21:20:54,645] {local_task_job.py:264} INFO - 0 downstream tasks scheduled from follow-on schedule check
