[2022-04-13 21:18:10,888] {taskinstance.py:1032} INFO - Dependencies all met for <TaskInstance: LocalIngestionDAG.ingest scheduled__2021-03-02T06:00:56+00:00 [queued]>
[2022-04-13 21:18:10,925] {taskinstance.py:1032} INFO - Dependencies all met for <TaskInstance: LocalIngestionDAG.ingest scheduled__2021-03-02T06:00:56+00:00 [queued]>
[2022-04-13 21:18:10,926] {taskinstance.py:1238} INFO - 
--------------------------------------------------------------------------------
[2022-04-13 21:18:10,927] {taskinstance.py:1239} INFO - Starting attempt 1 of 1
[2022-04-13 21:18:10,928] {taskinstance.py:1240} INFO - 
--------------------------------------------------------------------------------
[2022-04-13 21:18:10,964] {taskinstance.py:1259} INFO - Executing <Task(BashOperator): ingest> on 2021-03-02 06:00:56+00:00
[2022-04-13 21:18:10,992] {standard_task_runner.py:52} INFO - Started process 2265 to run task
[2022-04-13 21:18:10,998] {standard_task_runner.py:76} INFO - Running: ['***', 'tasks', 'run', 'LocalIngestionDAG', 'ingest', 'scheduled__2021-03-02T06:00:56+00:00', '--job-id', '477', '--raw', '--subdir', 'DAGS_FOLDER/data_ingestion_local.py', '--cfg-path', '/tmp/tmpd71fmt6_', '--error-file', '/tmp/tmpwkm5uff5']
[2022-04-13 21:18:11,006] {standard_task_runner.py:77} INFO - Job 477: Subtask ingest
[2022-04-13 21:18:11,225] {logging_mixin.py:109} INFO - Running <TaskInstance: LocalIngestionDAG.ingest scheduled__2021-03-02T06:00:56+00:00 [running]> on host 13db72185839
[2022-04-13 21:18:11,365] {taskinstance.py:1426} INFO - Exporting the following env vars:
AIRFLOW_CTX_DAG_OWNER=***
AIRFLOW_CTX_DAG_ID=LocalIngestionDAG
AIRFLOW_CTX_TASK_ID=ingest
AIRFLOW_CTX_EXECUTION_DATE=2021-03-02T06:00:56+00:00
AIRFLOW_CTX_DAG_RUN_ID=scheduled__2021-03-02T06:00:56+00:00
[2022-04-13 21:18:11,367] {subprocess.py:62} INFO - Tmp dir root location: 
 /tmp
[2022-04-13 21:18:11,368] {subprocess.py:74} INFO - Running command: ['bash', '-c', 'pwd']
[2022-04-13 21:18:11,384] {subprocess.py:85} INFO - Output:
[2022-04-13 21:18:11,387] {subprocess.py:89} INFO - /tmp/***tmp6lzq5ali
[2022-04-13 21:18:11,388] {subprocess.py:93} INFO - Command exited with return code 0
[2022-04-13 21:18:11,434] {taskinstance.py:1277} INFO - Marking task as SUCCESS. dag_id=LocalIngestionDAG, task_id=ingest, execution_date=20210302T060056, start_date=20220413T211810, end_date=20220413T211811
[2022-04-13 21:18:11,477] {local_task_job.py:154} INFO - Task exited with return code 0
[2022-04-13 21:18:11,522] {local_task_job.py:264} INFO - 0 downstream tasks scheduled from follow-on schedule check
