[2022-04-13 21:42:50,867] {taskinstance.py:1032} INFO - Dependencies all met for <TaskInstance: LocalIngestionDAG.wget scheduled__2021-11-02T06:00:01+00:00 [queued]>
[2022-04-13 21:42:50,888] {taskinstance.py:1032} INFO - Dependencies all met for <TaskInstance: LocalIngestionDAG.wget scheduled__2021-11-02T06:00:01+00:00 [queued]>
[2022-04-13 21:42:50,889] {taskinstance.py:1238} INFO - 
--------------------------------------------------------------------------------
[2022-04-13 21:42:50,890] {taskinstance.py:1239} INFO - Starting attempt 1 of 1
[2022-04-13 21:42:50,890] {taskinstance.py:1240} INFO - 
--------------------------------------------------------------------------------
[2022-04-13 21:42:51,237] {taskinstance.py:1259} INFO - Executing <Task(BashOperator): wget> on 2021-11-02 06:00:01+00:00
[2022-04-13 21:42:51,253] {standard_task_runner.py:52} INFO - Started process 6134 to run task
[2022-04-13 21:42:51,262] {standard_task_runner.py:76} INFO - Running: ['***', 'tasks', 'run', 'LocalIngestionDAG', 'wget', 'scheduled__2021-11-02T06:00:01+00:00', '--job-id', '1313', '--raw', '--subdir', 'DAGS_FOLDER/data_ingestion_local.py', '--cfg-path', '/tmp/tmpcnru0zvz', '--error-file', '/tmp/tmpwjy6cx57']
[2022-04-13 21:42:51,271] {standard_task_runner.py:77} INFO - Job 1313: Subtask wget
[2022-04-13 21:42:51,577] {logging_mixin.py:109} INFO - Running <TaskInstance: LocalIngestionDAG.wget scheduled__2021-11-02T06:00:01+00:00 [running]> on host 13db72185839
[2022-04-13 21:42:51,724] {taskinstance.py:1426} INFO - Exporting the following env vars:
AIRFLOW_CTX_DAG_OWNER=***
AIRFLOW_CTX_DAG_ID=LocalIngestionDAG
AIRFLOW_CTX_TASK_ID=wget
AIRFLOW_CTX_EXECUTION_DATE=2021-11-02T06:00:01+00:00
AIRFLOW_CTX_DAG_RUN_ID=scheduled__2021-11-02T06:00:01+00:00
[2022-04-13 21:42:51,726] {subprocess.py:62} INFO - Tmp dir root location: 
 /tmp
[2022-04-13 21:42:51,729] {subprocess.py:74} INFO - Running command: ['bash', '-c', 'curl -sSL https://s3.amazonaws.com/nyc-tlc/trip+data/yellow_tripdata_2021-01.csv > /opt/***/output.csv']
[2022-04-13 21:42:51,743] {subprocess.py:85} INFO - Output:
[2022-04-13 21:54:43,043] {subprocess.py:93} INFO - Command exited with return code 0
[2022-04-13 21:54:43,265] {taskinstance.py:1277} INFO - Marking task as SUCCESS. dag_id=LocalIngestionDAG, task_id=wget, execution_date=20211102T060001, start_date=20220413T214250, end_date=20220413T215443
[2022-04-13 21:54:43,333] {local_task_job.py:212} WARNING - State of this instance has been externally set to success. Terminating instance.
[2022-04-13 21:54:43,353] {process_utils.py:124} INFO - Sending Signals.SIGTERM to group 6134. PIDs of all processes in the group: [6134]
[2022-04-13 21:54:43,357] {process_utils.py:75} INFO - Sending the signal Signals.SIGTERM to group 6134
[2022-04-13 21:54:43,364] {process_utils.py:70} INFO - Process psutil.Process(pid=6134, status='terminated', exitcode=0, started='21:42:50') (6134) terminated with exit code 0
