[2022-04-13 21:17:39,677] {taskinstance.py:1032} INFO - Dependencies all met for <TaskInstance: LocalIngestionDAG.wget scheduled__2021-03-02T06:00:23+00:00 [queued]>
[2022-04-13 21:17:39,710] {taskinstance.py:1032} INFO - Dependencies all met for <TaskInstance: LocalIngestionDAG.wget scheduled__2021-03-02T06:00:23+00:00 [queued]>
[2022-04-13 21:17:39,711] {taskinstance.py:1238} INFO - 
--------------------------------------------------------------------------------
[2022-04-13 21:17:39,713] {taskinstance.py:1239} INFO - Starting attempt 1 of 1
[2022-04-13 21:17:39,714] {taskinstance.py:1240} INFO - 
--------------------------------------------------------------------------------
[2022-04-13 21:17:39,778] {taskinstance.py:1259} INFO - Executing <Task(BashOperator): wget> on 2021-03-02 06:00:23+00:00
[2022-04-13 21:17:39,783] {standard_task_runner.py:52} INFO - Started process 2017 to run task
[2022-04-13 21:17:39,793] {standard_task_runner.py:76} INFO - Running: ['***', 'tasks', 'run', 'LocalIngestionDAG', 'wget', 'scheduled__2021-03-02T06:00:23+00:00', '--job-id', '404', '--raw', '--subdir', 'DAGS_FOLDER/data_ingestion_local.py', '--cfg-path', '/tmp/tmposj5ocb1', '--error-file', '/tmp/tmpaetjtknc']
[2022-04-13 21:17:39,796] {standard_task_runner.py:77} INFO - Job 404: Subtask wget
[2022-04-13 21:17:40,046] {logging_mixin.py:109} INFO - Running <TaskInstance: LocalIngestionDAG.wget scheduled__2021-03-02T06:00:23+00:00 [running]> on host 13db72185839
[2022-04-13 21:17:40,246] {taskinstance.py:1426} INFO - Exporting the following env vars:
AIRFLOW_CTX_DAG_OWNER=***
AIRFLOW_CTX_DAG_ID=LocalIngestionDAG
AIRFLOW_CTX_TASK_ID=wget
AIRFLOW_CTX_EXECUTION_DATE=2021-03-02T06:00:23+00:00
AIRFLOW_CTX_DAG_RUN_ID=scheduled__2021-03-02T06:00:23+00:00
[2022-04-13 21:17:40,248] {subprocess.py:62} INFO - Tmp dir root location: 
 /tmp
[2022-04-13 21:17:40,251] {subprocess.py:74} INFO - Running command: ['bash', '-c', 'echo "hello world"']
[2022-04-13 21:17:40,267] {subprocess.py:85} INFO - Output:
[2022-04-13 21:17:40,271] {subprocess.py:89} INFO - hello world
[2022-04-13 21:17:40,272] {subprocess.py:93} INFO - Command exited with return code 0
[2022-04-13 21:17:40,395] {taskinstance.py:1277} INFO - Marking task as SUCCESS. dag_id=LocalIngestionDAG, task_id=wget, execution_date=20210302T060023, start_date=20220413T211739, end_date=20220413T211740
[2022-04-13 21:17:40,499] {local_task_job.py:154} INFO - Task exited with return code 0
[2022-04-13 21:17:40,644] {local_task_job.py:264} INFO - 1 downstream tasks scheduled from follow-on schedule check
