[2022-04-13 22:21:13,872] {taskinstance.py:1032} INFO - Dependencies all met for <TaskInstance: LocalIngestionDAG.ingest scheduled__2021-11-02T06:00:48+00:00 [queued]>
[2022-04-13 22:21:13,896] {taskinstance.py:1032} INFO - Dependencies all met for <TaskInstance: LocalIngestionDAG.ingest scheduled__2021-11-02T06:00:48+00:00 [queued]>
[2022-04-13 22:21:13,897] {taskinstance.py:1238} INFO - 
--------------------------------------------------------------------------------
[2022-04-13 22:21:13,897] {taskinstance.py:1239} INFO - Starting attempt 1 of 1
[2022-04-13 22:21:13,898] {taskinstance.py:1240} INFO - 
--------------------------------------------------------------------------------
[2022-04-13 22:21:13,928] {taskinstance.py:1259} INFO - Executing <Task(BashOperator): ingest> on 2021-11-02 06:00:48+00:00
[2022-04-13 22:21:13,934] {standard_task_runner.py:52} INFO - Started process 8470 to run task
[2022-04-13 22:21:13,940] {standard_task_runner.py:76} INFO - Running: ['***', 'tasks', 'run', 'LocalIngestionDAG', 'ingest', 'scheduled__2021-11-02T06:00:48+00:00', '--job-id', '1408', '--raw', '--subdir', 'DAGS_FOLDER/data_ingestion_local.py', '--cfg-path', '/tmp/tmpq858hrgc', '--error-file', '/tmp/tmpuj20h41x']
[2022-04-13 22:21:13,942] {standard_task_runner.py:77} INFO - Job 1408: Subtask ingest
[2022-04-13 22:21:14,065] {logging_mixin.py:109} INFO - Running <TaskInstance: LocalIngestionDAG.ingest scheduled__2021-11-02T06:00:48+00:00 [running]> on host 13db72185839
[2022-04-13 22:21:14,179] {taskinstance.py:1426} INFO - Exporting the following env vars:
AIRFLOW_CTX_DAG_OWNER=***
AIRFLOW_CTX_DAG_ID=LocalIngestionDAG
AIRFLOW_CTX_TASK_ID=ingest
AIRFLOW_CTX_EXECUTION_DATE=2021-11-02T06:00:48+00:00
AIRFLOW_CTX_DAG_RUN_ID=scheduled__2021-11-02T06:00:48+00:00
[2022-04-13 22:21:14,182] {subprocess.py:62} INFO - Tmp dir root location: 
 /tmp
[2022-04-13 22:21:14,184] {subprocess.py:74} INFO - Running command: ['bash', '-c', 'ls /opt/***']
[2022-04-13 22:21:14,201] {subprocess.py:85} INFO - Output:
[2022-04-13 22:21:14,210] {subprocess.py:89} INFO - ***.cfg
[2022-04-13 22:21:14,211] {subprocess.py:89} INFO - dags
[2022-04-13 22:21:14,212] {subprocess.py:89} INFO - logs
[2022-04-13 22:21:14,213] {subprocess.py:89} INFO - output.csv
[2022-04-13 22:21:14,214] {subprocess.py:89} INFO - plugins
[2022-04-13 22:21:14,215] {subprocess.py:89} INFO - requirements.txt
[2022-04-13 22:21:14,215] {subprocess.py:89} INFO - scripts
[2022-04-13 22:21:14,216] {subprocess.py:89} INFO - webserver_config.py
[2022-04-13 22:21:14,217] {subprocess.py:93} INFO - Command exited with return code 0
[2022-04-13 22:21:14,343] {taskinstance.py:1277} INFO - Marking task as SUCCESS. dag_id=LocalIngestionDAG, task_id=ingest, execution_date=20211102T060048, start_date=20220413T222113, end_date=20220413T222114
[2022-04-13 22:21:14,439] {local_task_job.py:154} INFO - Task exited with return code 0
[2022-04-13 22:21:14,497] {local_task_job.py:264} INFO - 0 downstream tasks scheduled from follow-on schedule check
