[2022-04-13 22:34:39,299] {taskinstance.py:1032} INFO - Dependencies all met for <TaskInstance: LocalIngestionDAG.ingest scheduled__2022-03-02T06:00:06+00:00 [queued]>
[2022-04-13 22:34:39,381] {taskinstance.py:1032} INFO - Dependencies all met for <TaskInstance: LocalIngestionDAG.ingest scheduled__2022-03-02T06:00:06+00:00 [queued]>
[2022-04-13 22:34:39,387] {taskinstance.py:1238} INFO - 
--------------------------------------------------------------------------------
[2022-04-13 22:34:39,394] {taskinstance.py:1239} INFO - Starting attempt 1 of 1
[2022-04-13 22:34:39,402] {taskinstance.py:1240} INFO - 
--------------------------------------------------------------------------------
[2022-04-13 22:34:39,491] {taskinstance.py:1259} INFO - Executing <Task(BashOperator): ingest> on 2022-03-02 06:00:06+00:00
[2022-04-13 22:34:39,511] {standard_task_runner.py:52} INFO - Started process 10599 to run task
[2022-04-13 22:34:39,527] {standard_task_runner.py:76} INFO - Running: ['***', 'tasks', 'run', 'LocalIngestionDAG', 'ingest', 'scheduled__2022-03-02T06:00:06+00:00', '--job-id', '1790', '--raw', '--subdir', 'DAGS_FOLDER/data_ingestion_local.py', '--cfg-path', '/tmp/tmpmg8vd7h1', '--error-file', '/tmp/tmp_06tx2ml']
[2022-04-13 22:34:39,530] {standard_task_runner.py:77} INFO - Job 1790: Subtask ingest
[2022-04-13 22:34:39,835] {logging_mixin.py:109} INFO - Running <TaskInstance: LocalIngestionDAG.ingest scheduled__2022-03-02T06:00:06+00:00 [running]> on host 13db72185839
[2022-04-13 22:34:40,129] {taskinstance.py:1426} INFO - Exporting the following env vars:
AIRFLOW_CTX_DAG_OWNER=***
AIRFLOW_CTX_DAG_ID=LocalIngestionDAG
AIRFLOW_CTX_TASK_ID=ingest
AIRFLOW_CTX_EXECUTION_DATE=2022-03-02T06:00:06+00:00
AIRFLOW_CTX_DAG_RUN_ID=scheduled__2022-03-02T06:00:06+00:00
[2022-04-13 22:34:40,135] {subprocess.py:62} INFO - Tmp dir root location: 
 /tmp
[2022-04-13 22:34:40,139] {subprocess.py:74} INFO - Running command: ['bash', '-c', 'ls /opt/***']
[2022-04-13 22:34:40,185] {subprocess.py:85} INFO - Output:
[2022-04-13 22:34:40,203] {subprocess.py:89} INFO - ***.cfg
[2022-04-13 22:34:40,231] {subprocess.py:89} INFO - dags
[2022-04-13 22:34:40,233] {subprocess.py:89} INFO - logs
[2022-04-13 22:34:40,233] {subprocess.py:89} INFO - output.csv
[2022-04-13 22:34:40,244] {subprocess.py:89} INFO - plugins
[2022-04-13 22:34:40,252] {subprocess.py:89} INFO - requirements.txt
[2022-04-13 22:34:40,254] {subprocess.py:89} INFO - scripts
[2022-04-13 22:34:40,259] {subprocess.py:89} INFO - webserver_config.py
[2022-04-13 22:34:40,261] {subprocess.py:93} INFO - Command exited with return code 0
[2022-04-13 22:34:40,354] {taskinstance.py:1277} INFO - Marking task as SUCCESS. dag_id=LocalIngestionDAG, task_id=ingest, execution_date=20220302T060006, start_date=20220413T223439, end_date=20220413T223440
[2022-04-13 22:34:40,473] {local_task_job.py:154} INFO - Task exited with return code 0
[2022-04-13 22:34:40,581] {local_task_job.py:264} INFO - 0 downstream tasks scheduled from follow-on schedule check
