[2022-04-13 21:17:45,083] {taskinstance.py:1032} INFO - Dependencies all met for <TaskInstance: LocalIngestionDAG.wget scheduled__2021-03-02T06:00:28+00:00 [queued]>
[2022-04-13 21:17:45,119] {taskinstance.py:1032} INFO - Dependencies all met for <TaskInstance: LocalIngestionDAG.wget scheduled__2021-03-02T06:00:28+00:00 [queued]>
[2022-04-13 21:17:45,125] {taskinstance.py:1238} INFO - 
--------------------------------------------------------------------------------
[2022-04-13 21:17:45,128] {taskinstance.py:1239} INFO - Starting attempt 1 of 1
[2022-04-13 21:17:45,129] {taskinstance.py:1240} INFO - 
--------------------------------------------------------------------------------
[2022-04-13 21:17:45,252] {taskinstance.py:1259} INFO - Executing <Task(BashOperator): wget> on 2021-03-02 06:00:28+00:00
[2022-04-13 21:17:45,268] {standard_task_runner.py:52} INFO - Started process 2066 to run task
[2022-04-13 21:17:45,274] {standard_task_runner.py:76} INFO - Running: ['***', 'tasks', 'run', 'LocalIngestionDAG', 'wget', 'scheduled__2021-03-02T06:00:28+00:00', '--job-id', '414', '--raw', '--subdir', 'DAGS_FOLDER/data_ingestion_local.py', '--cfg-path', '/tmp/tmp_u6n5t9j', '--error-file', '/tmp/tmp17vyuemi']
[2022-04-13 21:17:45,282] {standard_task_runner.py:77} INFO - Job 414: Subtask wget
[2022-04-13 21:17:45,599] {logging_mixin.py:109} INFO - Running <TaskInstance: LocalIngestionDAG.wget scheduled__2021-03-02T06:00:28+00:00 [running]> on host 13db72185839
[2022-04-13 21:17:45,904] {taskinstance.py:1426} INFO - Exporting the following env vars:
AIRFLOW_CTX_DAG_OWNER=***
AIRFLOW_CTX_DAG_ID=LocalIngestionDAG
AIRFLOW_CTX_TASK_ID=wget
AIRFLOW_CTX_EXECUTION_DATE=2021-03-02T06:00:28+00:00
AIRFLOW_CTX_DAG_RUN_ID=scheduled__2021-03-02T06:00:28+00:00
[2022-04-13 21:17:45,909] {subprocess.py:62} INFO - Tmp dir root location: 
 /tmp
[2022-04-13 21:17:45,913] {subprocess.py:74} INFO - Running command: ['bash', '-c', 'echo "hello world"']
[2022-04-13 21:17:45,934] {subprocess.py:85} INFO - Output:
[2022-04-13 21:17:45,938] {subprocess.py:89} INFO - hello world
[2022-04-13 21:17:45,944] {subprocess.py:93} INFO - Command exited with return code 0
[2022-04-13 21:17:46,135] {taskinstance.py:1277} INFO - Marking task as SUCCESS. dag_id=LocalIngestionDAG, task_id=wget, execution_date=20210302T060028, start_date=20220413T211745, end_date=20220413T211746
[2022-04-13 21:17:46,334] {local_task_job.py:154} INFO - Task exited with return code 0
[2022-04-13 21:17:46,739] {local_task_job.py:264} INFO - 0 downstream tasks scheduled from follow-on schedule check
