[2022-04-13 21:24:54,598] {taskinstance.py:1032} INFO - Dependencies all met for <TaskInstance: LocalIngestionDAG.wget scheduled__2021-08-02T06:00:12+00:00 [queued]>
[2022-04-13 21:24:54,644] {taskinstance.py:1032} INFO - Dependencies all met for <TaskInstance: LocalIngestionDAG.wget scheduled__2021-08-02T06:00:12+00:00 [queued]>
[2022-04-13 21:24:54,646] {taskinstance.py:1238} INFO - 
--------------------------------------------------------------------------------
[2022-04-13 21:24:54,648] {taskinstance.py:1239} INFO - Starting attempt 1 of 1
[2022-04-13 21:24:54,649] {taskinstance.py:1240} INFO - 
--------------------------------------------------------------------------------
[2022-04-13 21:24:54,743] {taskinstance.py:1259} INFO - Executing <Task(BashOperator): wget> on 2021-08-02 06:00:12+00:00
[2022-04-13 21:24:54,763] {standard_task_runner.py:52} INFO - Started process 4126 to run task
[2022-04-13 21:24:54,779] {standard_task_runner.py:76} INFO - Running: ['***', 'tasks', 'run', 'LocalIngestionDAG', 'wget', 'scheduled__2021-08-02T06:00:12+00:00', '--job-id', '983', '--raw', '--subdir', 'DAGS_FOLDER/data_ingestion_local.py', '--cfg-path', '/tmp/tmp6i0t3pcf', '--error-file', '/tmp/tmpnx5h19y0']
[2022-04-13 21:24:54,794] {standard_task_runner.py:77} INFO - Job 983: Subtask wget
[2022-04-13 21:24:55,152] {logging_mixin.py:109} INFO - Running <TaskInstance: LocalIngestionDAG.wget scheduled__2021-08-02T06:00:12+00:00 [running]> on host 13db72185839
[2022-04-13 21:24:55,450] {taskinstance.py:1426} INFO - Exporting the following env vars:
AIRFLOW_CTX_DAG_OWNER=***
AIRFLOW_CTX_DAG_ID=LocalIngestionDAG
AIRFLOW_CTX_TASK_ID=wget
AIRFLOW_CTX_EXECUTION_DATE=2021-08-02T06:00:12+00:00
AIRFLOW_CTX_DAG_RUN_ID=scheduled__2021-08-02T06:00:12+00:00
[2022-04-13 21:24:55,453] {subprocess.py:62} INFO - Tmp dir root location: 
 /tmp
[2022-04-13 21:24:55,461] {subprocess.py:74} INFO - Running command: ['bash', '-c', 'echo "hello world"']
[2022-04-13 21:24:55,487] {subprocess.py:85} INFO - Output:
[2022-04-13 21:24:55,501] {subprocess.py:89} INFO - hello world
[2022-04-13 21:24:55,503] {subprocess.py:93} INFO - Command exited with return code 0
[2022-04-13 21:24:55,764] {taskinstance.py:1277} INFO - Marking task as SUCCESS. dag_id=LocalIngestionDAG, task_id=wget, execution_date=20210802T060012, start_date=20220413T212454, end_date=20220413T212455
[2022-04-13 21:24:55,850] {local_task_job.py:154} INFO - Task exited with return code 0
[2022-04-13 21:24:56,049] {local_task_job.py:264} INFO - 1 downstream tasks scheduled from follow-on schedule check
