[2022-04-13 21:24:50,177] {taskinstance.py:1032} INFO - Dependencies all met for <TaskInstance: LocalIngestionDAG.ingest scheduled__2021-08-02T06:00:07+00:00 [queued]>
[2022-04-13 21:24:50,195] {taskinstance.py:1032} INFO - Dependencies all met for <TaskInstance: LocalIngestionDAG.ingest scheduled__2021-08-02T06:00:07+00:00 [queued]>
[2022-04-13 21:24:50,196] {taskinstance.py:1238} INFO - 
--------------------------------------------------------------------------------
[2022-04-13 21:24:50,196] {taskinstance.py:1239} INFO - Starting attempt 1 of 1
[2022-04-13 21:24:50,197] {taskinstance.py:1240} INFO - 
--------------------------------------------------------------------------------
[2022-04-13 21:24:50,217] {taskinstance.py:1259} INFO - Executing <Task(BashOperator): ingest> on 2021-08-02 06:00:07+00:00
[2022-04-13 21:24:50,222] {standard_task_runner.py:52} INFO - Started process 4098 to run task
[2022-04-13 21:24:50,229] {standard_task_runner.py:76} INFO - Running: ['***', 'tasks', 'run', 'LocalIngestionDAG', 'ingest', 'scheduled__2021-08-02T06:00:07+00:00', '--job-id', '977', '--raw', '--subdir', 'DAGS_FOLDER/data_ingestion_local.py', '--cfg-path', '/tmp/tmpkddwmxqw', '--error-file', '/tmp/tmpmrdl6beb']
[2022-04-13 21:24:50,231] {standard_task_runner.py:77} INFO - Job 977: Subtask ingest
[2022-04-13 21:24:50,436] {logging_mixin.py:109} INFO - Running <TaskInstance: LocalIngestionDAG.ingest scheduled__2021-08-02T06:00:07+00:00 [running]> on host 13db72185839
[2022-04-13 21:24:50,561] {taskinstance.py:1426} INFO - Exporting the following env vars:
AIRFLOW_CTX_DAG_OWNER=***
AIRFLOW_CTX_DAG_ID=LocalIngestionDAG
AIRFLOW_CTX_TASK_ID=ingest
AIRFLOW_CTX_EXECUTION_DATE=2021-08-02T06:00:07+00:00
AIRFLOW_CTX_DAG_RUN_ID=scheduled__2021-08-02T06:00:07+00:00
[2022-04-13 21:24:50,563] {subprocess.py:62} INFO - Tmp dir root location: 
 /tmp
[2022-04-13 21:24:50,564] {subprocess.py:74} INFO - Running command: ['bash', '-c', 'pwd']
[2022-04-13 21:24:50,576] {subprocess.py:85} INFO - Output:
[2022-04-13 21:24:50,579] {subprocess.py:89} INFO - /tmp/***tmpjpq4tezs
[2022-04-13 21:24:50,580] {subprocess.py:93} INFO - Command exited with return code 0
[2022-04-13 21:24:50,621] {taskinstance.py:1277} INFO - Marking task as SUCCESS. dag_id=LocalIngestionDAG, task_id=ingest, execution_date=20210802T060007, start_date=20220413T212450, end_date=20220413T212450
[2022-04-13 21:24:50,682] {local_task_job.py:154} INFO - Task exited with return code 0
[2022-04-13 21:24:50,736] {local_task_job.py:264} INFO - 0 downstream tasks scheduled from follow-on schedule check
