[2022-04-13 21:20:59,106] {taskinstance.py:1032} INFO - Dependencies all met for <TaskInstance: LocalIngestionDAG.ingest scheduled__2021-04-02T06:00:22+00:00 [queued]>
[2022-04-13 21:20:59,123] {taskinstance.py:1032} INFO - Dependencies all met for <TaskInstance: LocalIngestionDAG.ingest scheduled__2021-04-02T06:00:22+00:00 [queued]>
[2022-04-13 21:20:59,125] {taskinstance.py:1238} INFO - 
--------------------------------------------------------------------------------
[2022-04-13 21:20:59,126] {taskinstance.py:1239} INFO - Starting attempt 1 of 1
[2022-04-13 21:20:59,127] {taskinstance.py:1240} INFO - 
--------------------------------------------------------------------------------
[2022-04-13 21:20:59,167] {taskinstance.py:1259} INFO - Executing <Task(BashOperator): ingest> on 2021-04-02 06:00:22+00:00
[2022-04-13 21:20:59,172] {standard_task_runner.py:52} INFO - Started process 2572 to run task
[2022-04-13 21:20:59,181] {standard_task_runner.py:76} INFO - Running: ['***', 'tasks', 'run', 'LocalIngestionDAG', 'ingest', 'scheduled__2021-04-02T06:00:22+00:00', '--job-id', '525', '--raw', '--subdir', 'DAGS_FOLDER/data_ingestion_local.py', '--cfg-path', '/tmp/tmpzcptreen', '--error-file', '/tmp/tmpg1ice16m']
[2022-04-13 21:20:59,184] {standard_task_runner.py:77} INFO - Job 525: Subtask ingest
[2022-04-13 21:20:59,384] {logging_mixin.py:109} INFO - Running <TaskInstance: LocalIngestionDAG.ingest scheduled__2021-04-02T06:00:22+00:00 [running]> on host 13db72185839
[2022-04-13 21:20:59,570] {taskinstance.py:1426} INFO - Exporting the following env vars:
AIRFLOW_CTX_DAG_OWNER=***
AIRFLOW_CTX_DAG_ID=LocalIngestionDAG
AIRFLOW_CTX_TASK_ID=ingest
AIRFLOW_CTX_EXECUTION_DATE=2021-04-02T06:00:22+00:00
AIRFLOW_CTX_DAG_RUN_ID=scheduled__2021-04-02T06:00:22+00:00
[2022-04-13 21:20:59,574] {subprocess.py:62} INFO - Tmp dir root location: 
 /tmp
[2022-04-13 21:20:59,576] {subprocess.py:74} INFO - Running command: ['bash', '-c', 'pwd']
[2022-04-13 21:20:59,600] {subprocess.py:85} INFO - Output:
[2022-04-13 21:20:59,605] {subprocess.py:89} INFO - /tmp/***tmps1732sx8
[2022-04-13 21:20:59,608] {subprocess.py:93} INFO - Command exited with return code 0
[2022-04-13 21:20:59,842] {taskinstance.py:1277} INFO - Marking task as SUCCESS. dag_id=LocalIngestionDAG, task_id=ingest, execution_date=20210402T060022, start_date=20220413T212059, end_date=20220413T212059
[2022-04-13 21:20:59,921] {local_task_job.py:154} INFO - Task exited with return code 0
[2022-04-13 21:21:00,082] {local_task_job.py:264} INFO - 0 downstream tasks scheduled from follow-on schedule check
