[2022-04-13 21:23:19,298] {taskinstance.py:1032} INFO - Dependencies all met for <TaskInstance: LocalIngestionDAG.wget scheduled__2021-06-02T06:00:39+00:00 [queued]>
[2022-04-13 21:23:19,323] {taskinstance.py:1032} INFO - Dependencies all met for <TaskInstance: LocalIngestionDAG.wget scheduled__2021-06-02T06:00:39+00:00 [queued]>
[2022-04-13 21:23:19,324] {taskinstance.py:1238} INFO - 
--------------------------------------------------------------------------------
[2022-04-13 21:23:19,325] {taskinstance.py:1239} INFO - Starting attempt 1 of 1
[2022-04-13 21:23:19,326] {taskinstance.py:1240} INFO - 
--------------------------------------------------------------------------------
[2022-04-13 21:23:19,376] {taskinstance.py:1259} INFO - Executing <Task(BashOperator): wget> on 2021-06-02 06:00:39+00:00
[2022-04-13 21:23:19,382] {standard_task_runner.py:52} INFO - Started process 3492 to run task
[2022-04-13 21:23:19,393] {standard_task_runner.py:76} INFO - Running: ['***', 'tasks', 'run', 'LocalIngestionDAG', 'wget', 'scheduled__2021-06-02T06:00:39+00:00', '--job-id', '796', '--raw', '--subdir', 'DAGS_FOLDER/data_ingestion_local.py', '--cfg-path', '/tmp/tmp5m3803a4', '--error-file', '/tmp/tmpbyi1wo2a']
[2022-04-13 21:23:19,396] {standard_task_runner.py:77} INFO - Job 796: Subtask wget
[2022-04-13 21:23:19,527] {logging_mixin.py:109} INFO - Running <TaskInstance: LocalIngestionDAG.wget scheduled__2021-06-02T06:00:39+00:00 [running]> on host 13db72185839
[2022-04-13 21:23:19,786] {taskinstance.py:1426} INFO - Exporting the following env vars:
AIRFLOW_CTX_DAG_OWNER=***
AIRFLOW_CTX_DAG_ID=LocalIngestionDAG
AIRFLOW_CTX_TASK_ID=wget
AIRFLOW_CTX_EXECUTION_DATE=2021-06-02T06:00:39+00:00
AIRFLOW_CTX_DAG_RUN_ID=scheduled__2021-06-02T06:00:39+00:00
[2022-04-13 21:23:19,795] {subprocess.py:62} INFO - Tmp dir root location: 
 /tmp
[2022-04-13 21:23:19,803] {subprocess.py:74} INFO - Running command: ['bash', '-c', 'echo "hello world"']
[2022-04-13 21:23:19,849] {subprocess.py:85} INFO - Output:
[2022-04-13 21:23:19,859] {subprocess.py:89} INFO - hello world
[2022-04-13 21:23:19,875] {subprocess.py:93} INFO - Command exited with return code 0
[2022-04-13 21:23:20,275] {taskinstance.py:1277} INFO - Marking task as SUCCESS. dag_id=LocalIngestionDAG, task_id=wget, execution_date=20210602T060039, start_date=20220413T212319, end_date=20220413T212320
[2022-04-13 21:23:20,336] {local_task_job.py:154} INFO - Task exited with return code 0
[2022-04-13 21:23:20,499] {local_task_job.py:264} INFO - 1 downstream tasks scheduled from follow-on schedule check
