[2022-04-13 21:22:17,843] {taskinstance.py:1032} INFO - Dependencies all met for <TaskInstance: LocalIngestionDAG.wget scheduled__2021-05-02T06:00:41+00:00 [queued]>
[2022-04-13 21:22:17,866] {taskinstance.py:1032} INFO - Dependencies all met for <TaskInstance: LocalIngestionDAG.wget scheduled__2021-05-02T06:00:41+00:00 [queued]>
[2022-04-13 21:22:17,867] {taskinstance.py:1238} INFO - 
--------------------------------------------------------------------------------
[2022-04-13 21:22:17,867] {taskinstance.py:1239} INFO - Starting attempt 1 of 1
[2022-04-13 21:22:17,868] {taskinstance.py:1240} INFO - 
--------------------------------------------------------------------------------
[2022-04-13 21:22:17,894] {taskinstance.py:1259} INFO - Executing <Task(BashOperator): wget> on 2021-05-02 06:00:41+00:00
[2022-04-13 21:22:17,901] {standard_task_runner.py:52} INFO - Started process 3105 to run task
[2022-04-13 21:22:17,908] {standard_task_runner.py:76} INFO - Running: ['***', 'tasks', 'run', 'LocalIngestionDAG', 'wget', 'scheduled__2021-05-02T06:00:41+00:00', '--job-id', '683', '--raw', '--subdir', 'DAGS_FOLDER/data_ingestion_local.py', '--cfg-path', '/tmp/tmplg4bnr6r', '--error-file', '/tmp/tmpeyculfv2']
[2022-04-13 21:22:17,911] {standard_task_runner.py:77} INFO - Job 683: Subtask wget
[2022-04-13 21:22:18,063] {logging_mixin.py:109} INFO - Running <TaskInstance: LocalIngestionDAG.wget scheduled__2021-05-02T06:00:41+00:00 [running]> on host 13db72185839
[2022-04-13 21:22:18,157] {taskinstance.py:1426} INFO - Exporting the following env vars:
AIRFLOW_CTX_DAG_OWNER=***
AIRFLOW_CTX_DAG_ID=LocalIngestionDAG
AIRFLOW_CTX_TASK_ID=wget
AIRFLOW_CTX_EXECUTION_DATE=2021-05-02T06:00:41+00:00
AIRFLOW_CTX_DAG_RUN_ID=scheduled__2021-05-02T06:00:41+00:00
[2022-04-13 21:22:18,159] {subprocess.py:62} INFO - Tmp dir root location: 
 /tmp
[2022-04-13 21:22:18,160] {subprocess.py:74} INFO - Running command: ['bash', '-c', 'echo "hello world"']
[2022-04-13 21:22:18,174] {subprocess.py:85} INFO - Output:
[2022-04-13 21:22:18,177] {subprocess.py:89} INFO - hello world
[2022-04-13 21:22:18,178] {subprocess.py:93} INFO - Command exited with return code 0
[2022-04-13 21:22:18,217] {taskinstance.py:1277} INFO - Marking task as SUCCESS. dag_id=LocalIngestionDAG, task_id=wget, execution_date=20210502T060041, start_date=20220413T212217, end_date=20220413T212218
[2022-04-13 21:22:18,245] {local_task_job.py:154} INFO - Task exited with return code 0
[2022-04-13 21:22:18,291] {local_task_job.py:264} INFO - 1 downstream tasks scheduled from follow-on schedule check
