[2022-04-13 22:21:43,061] {taskinstance.py:1032} INFO - Dependencies all met for <TaskInstance: LocalIngestionDAG.ingest scheduled__2021-11-02T06:00:50+00:00 [queued]>
[2022-04-13 22:21:43,084] {taskinstance.py:1032} INFO - Dependencies all met for <TaskInstance: LocalIngestionDAG.ingest scheduled__2021-11-02T06:00:50+00:00 [queued]>
[2022-04-13 22:21:43,085] {taskinstance.py:1238} INFO - 
--------------------------------------------------------------------------------
[2022-04-13 22:21:43,086] {taskinstance.py:1239} INFO - Starting attempt 1 of 1
[2022-04-13 22:21:43,088] {taskinstance.py:1240} INFO - 
--------------------------------------------------------------------------------
[2022-04-13 22:21:43,114] {taskinstance.py:1259} INFO - Executing <Task(BashOperator): ingest> on 2021-11-02 06:00:50+00:00
[2022-04-13 22:21:43,121] {standard_task_runner.py:52} INFO - Started process 8517 to run task
[2022-04-13 22:21:43,127] {standard_task_runner.py:76} INFO - Running: ['***', 'tasks', 'run', 'LocalIngestionDAG', 'ingest', 'scheduled__2021-11-02T06:00:50+00:00', '--job-id', '1412', '--raw', '--subdir', 'DAGS_FOLDER/data_ingestion_local.py', '--cfg-path', '/tmp/tmp07ys3oms', '--error-file', '/tmp/tmp7sm_pud0']
[2022-04-13 22:21:43,129] {standard_task_runner.py:77} INFO - Job 1412: Subtask ingest
[2022-04-13 22:21:43,229] {logging_mixin.py:109} INFO - Running <TaskInstance: LocalIngestionDAG.ingest scheduled__2021-11-02T06:00:50+00:00 [running]> on host 13db72185839
[2022-04-13 22:21:43,324] {taskinstance.py:1426} INFO - Exporting the following env vars:
AIRFLOW_CTX_DAG_OWNER=***
AIRFLOW_CTX_DAG_ID=LocalIngestionDAG
AIRFLOW_CTX_TASK_ID=ingest
AIRFLOW_CTX_EXECUTION_DATE=2021-11-02T06:00:50+00:00
AIRFLOW_CTX_DAG_RUN_ID=scheduled__2021-11-02T06:00:50+00:00
[2022-04-13 22:21:43,326] {subprocess.py:62} INFO - Tmp dir root location: 
 /tmp
[2022-04-13 22:21:43,328] {subprocess.py:74} INFO - Running command: ['bash', '-c', 'ls /opt/***']
[2022-04-13 22:21:43,337] {subprocess.py:85} INFO - Output:
[2022-04-13 22:21:43,342] {subprocess.py:89} INFO - ***.cfg
[2022-04-13 22:21:43,342] {subprocess.py:89} INFO - dags
[2022-04-13 22:21:43,343] {subprocess.py:89} INFO - logs
[2022-04-13 22:21:43,343] {subprocess.py:89} INFO - output.csv
[2022-04-13 22:21:43,344] {subprocess.py:89} INFO - plugins
[2022-04-13 22:21:43,344] {subprocess.py:89} INFO - requirements.txt
[2022-04-13 22:21:43,344] {subprocess.py:89} INFO - scripts
[2022-04-13 22:21:43,345] {subprocess.py:89} INFO - webserver_config.py
[2022-04-13 22:21:43,345] {subprocess.py:93} INFO - Command exited with return code 0
[2022-04-13 22:21:43,378] {taskinstance.py:1277} INFO - Marking task as SUCCESS. dag_id=LocalIngestionDAG, task_id=ingest, execution_date=20211102T060050, start_date=20220413T222143, end_date=20220413T222143
[2022-04-13 22:21:43,420] {local_task_job.py:154} INFO - Task exited with return code 0
[2022-04-13 22:21:43,465] {local_task_job.py:264} INFO - 0 downstream tasks scheduled from follow-on schedule check
