[2022-04-13 22:32:24,334] {taskinstance.py:1032} INFO - Dependencies all met for <TaskInstance: LocalIngestionDAG.ingest scheduled__2022-01-02T06:00:28+00:00 [queued]>
[2022-04-13 22:32:24,454] {taskinstance.py:1032} INFO - Dependencies all met for <TaskInstance: LocalIngestionDAG.ingest scheduled__2022-01-02T06:00:28+00:00 [queued]>
[2022-04-13 22:32:24,466] {taskinstance.py:1238} INFO - 
--------------------------------------------------------------------------------
[2022-04-13 22:32:24,468] {taskinstance.py:1239} INFO - Starting attempt 1 of 1
[2022-04-13 22:32:24,475] {taskinstance.py:1240} INFO - 
--------------------------------------------------------------------------------
[2022-04-13 22:32:24,583] {taskinstance.py:1259} INFO - Executing <Task(BashOperator): ingest> on 2022-01-02 06:00:28+00:00
[2022-04-13 22:32:24,598] {standard_task_runner.py:52} INFO - Started process 9713 to run task
[2022-04-13 22:32:24,612] {standard_task_runner.py:76} INFO - Running: ['***', 'tasks', 'run', 'LocalIngestionDAG', 'ingest', 'scheduled__2022-01-02T06:00:28+00:00', '--job-id', '1593', '--raw', '--subdir', 'DAGS_FOLDER/data_ingestion_local.py', '--cfg-path', '/tmp/tmpy2rpt2j6', '--error-file', '/tmp/tmpme79p1wy']
[2022-04-13 22:32:24,618] {standard_task_runner.py:77} INFO - Job 1593: Subtask ingest
[2022-04-13 22:32:24,917] {logging_mixin.py:109} INFO - Running <TaskInstance: LocalIngestionDAG.ingest scheduled__2022-01-02T06:00:28+00:00 [running]> on host 13db72185839
[2022-04-13 22:32:25,350] {taskinstance.py:1426} INFO - Exporting the following env vars:
AIRFLOW_CTX_DAG_OWNER=***
AIRFLOW_CTX_DAG_ID=LocalIngestionDAG
AIRFLOW_CTX_TASK_ID=ingest
AIRFLOW_CTX_EXECUTION_DATE=2022-01-02T06:00:28+00:00
AIRFLOW_CTX_DAG_RUN_ID=scheduled__2022-01-02T06:00:28+00:00
[2022-04-13 22:32:25,354] {subprocess.py:62} INFO - Tmp dir root location: 
 /tmp
[2022-04-13 22:32:25,356] {subprocess.py:74} INFO - Running command: ['bash', '-c', 'ls /opt/***']
[2022-04-13 22:32:25,413] {subprocess.py:85} INFO - Output:
[2022-04-13 22:32:25,450] {subprocess.py:89} INFO - ***.cfg
[2022-04-13 22:32:25,456] {subprocess.py:89} INFO - dags
[2022-04-13 22:32:25,460] {subprocess.py:89} INFO - logs
[2022-04-13 22:32:25,461] {subprocess.py:89} INFO - output.csv
[2022-04-13 22:32:25,468] {subprocess.py:89} INFO - plugins
[2022-04-13 22:32:25,472] {subprocess.py:89} INFO - requirements.txt
[2022-04-13 22:32:25,474] {subprocess.py:89} INFO - scripts
[2022-04-13 22:32:25,474] {subprocess.py:89} INFO - webserver_config.py
[2022-04-13 22:32:25,475] {subprocess.py:93} INFO - Command exited with return code 0
[2022-04-13 22:32:25,768] {taskinstance.py:1277} INFO - Marking task as SUCCESS. dag_id=LocalIngestionDAG, task_id=ingest, execution_date=20220102T060028, start_date=20220413T223224, end_date=20220413T223225
[2022-04-13 22:32:25,860] {local_task_job.py:154} INFO - Task exited with return code 0
[2022-04-13 22:32:26,015] {local_task_job.py:264} INFO - 0 downstream tasks scheduled from follow-on schedule check
