[2022-04-13 21:22:59,278] {taskinstance.py:1032} INFO - Dependencies all met for <TaskInstance: LocalIngestionDAG.wget scheduled__2021-06-02T06:00:20+00:00 [queued]>
[2022-04-13 21:22:59,315] {taskinstance.py:1032} INFO - Dependencies all met for <TaskInstance: LocalIngestionDAG.wget scheduled__2021-06-02T06:00:20+00:00 [queued]>
[2022-04-13 21:22:59,317] {taskinstance.py:1238} INFO - 
--------------------------------------------------------------------------------
[2022-04-13 21:22:59,318] {taskinstance.py:1239} INFO - Starting attempt 1 of 1
[2022-04-13 21:22:59,323] {taskinstance.py:1240} INFO - 
--------------------------------------------------------------------------------
[2022-04-13 21:22:59,381] {taskinstance.py:1259} INFO - Executing <Task(BashOperator): wget> on 2021-06-02 06:00:20+00:00
[2022-04-13 21:22:59,391] {standard_task_runner.py:52} INFO - Started process 3359 to run task
[2022-04-13 21:22:59,398] {standard_task_runner.py:76} INFO - Running: ['***', 'tasks', 'run', 'LocalIngestionDAG', 'wget', 'scheduled__2021-06-02T06:00:20+00:00', '--job-id', '759', '--raw', '--subdir', 'DAGS_FOLDER/data_ingestion_local.py', '--cfg-path', '/tmp/tmpgh4iazwm', '--error-file', '/tmp/tmpqdj_uait']
[2022-04-13 21:22:59,403] {standard_task_runner.py:77} INFO - Job 759: Subtask wget
[2022-04-13 21:22:59,598] {logging_mixin.py:109} INFO - Running <TaskInstance: LocalIngestionDAG.wget scheduled__2021-06-02T06:00:20+00:00 [running]> on host 13db72185839
[2022-04-13 21:22:59,855] {taskinstance.py:1426} INFO - Exporting the following env vars:
AIRFLOW_CTX_DAG_OWNER=***
AIRFLOW_CTX_DAG_ID=LocalIngestionDAG
AIRFLOW_CTX_TASK_ID=wget
AIRFLOW_CTX_EXECUTION_DATE=2021-06-02T06:00:20+00:00
AIRFLOW_CTX_DAG_RUN_ID=scheduled__2021-06-02T06:00:20+00:00
[2022-04-13 21:22:59,865] {subprocess.py:62} INFO - Tmp dir root location: 
 /tmp
[2022-04-13 21:22:59,871] {subprocess.py:74} INFO - Running command: ['bash', '-c', 'echo "hello world"']
[2022-04-13 21:22:59,903] {subprocess.py:85} INFO - Output:
[2022-04-13 21:22:59,910] {subprocess.py:89} INFO - hello world
[2022-04-13 21:22:59,912] {subprocess.py:93} INFO - Command exited with return code 0
[2022-04-13 21:22:59,999] {taskinstance.py:1277} INFO - Marking task as SUCCESS. dag_id=LocalIngestionDAG, task_id=wget, execution_date=20210602T060020, start_date=20220413T212259, end_date=20220413T212259
[2022-04-13 21:23:00,109] {local_task_job.py:154} INFO - Task exited with return code 0
[2022-04-13 21:23:00,172] {local_task_job.py:264} INFO - 1 downstream tasks scheduled from follow-on schedule check
