[2022-04-13 21:16:54,691] {taskinstance.py:1032} INFO - Dependencies all met for <TaskInstance: LocalIngestionDAG.ingest scheduled__2021-02-02T06:00:29+00:00 [queued]>
[2022-04-13 21:16:54,722] {taskinstance.py:1032} INFO - Dependencies all met for <TaskInstance: LocalIngestionDAG.ingest scheduled__2021-02-02T06:00:29+00:00 [queued]>
[2022-04-13 21:16:54,723] {taskinstance.py:1238} INFO - 
--------------------------------------------------------------------------------
[2022-04-13 21:16:54,725] {taskinstance.py:1239} INFO - Starting attempt 1 of 1
[2022-04-13 21:16:54,726] {taskinstance.py:1240} INFO - 
--------------------------------------------------------------------------------
[2022-04-13 21:16:54,775] {taskinstance.py:1259} INFO - Executing <Task(BashOperator): ingest> on 2021-02-02 06:00:29+00:00
[2022-04-13 21:16:54,788] {standard_task_runner.py:52} INFO - Started process 1683 to run task
[2022-04-13 21:16:54,808] {standard_task_runner.py:76} INFO - Running: ['***', 'tasks', 'run', 'LocalIngestionDAG', 'ingest', 'scheduled__2021-02-02T06:00:29+00:00', '--job-id', '304', '--raw', '--subdir', 'DAGS_FOLDER/data_ingestion_local.py', '--cfg-path', '/tmp/tmp5whmtlep', '--error-file', '/tmp/tmp_g7yfabj']
[2022-04-13 21:16:54,811] {standard_task_runner.py:77} INFO - Job 304: Subtask ingest
[2022-04-13 21:16:54,973] {logging_mixin.py:109} INFO - Running <TaskInstance: LocalIngestionDAG.ingest scheduled__2021-02-02T06:00:29+00:00 [running]> on host 13db72185839
[2022-04-13 21:16:55,100] {taskinstance.py:1426} INFO - Exporting the following env vars:
AIRFLOW_CTX_DAG_OWNER=***
AIRFLOW_CTX_DAG_ID=LocalIngestionDAG
AIRFLOW_CTX_TASK_ID=ingest
AIRFLOW_CTX_EXECUTION_DATE=2021-02-02T06:00:29+00:00
AIRFLOW_CTX_DAG_RUN_ID=scheduled__2021-02-02T06:00:29+00:00
[2022-04-13 21:16:55,103] {subprocess.py:62} INFO - Tmp dir root location: 
 /tmp
[2022-04-13 21:16:55,105] {subprocess.py:74} INFO - Running command: ['bash', '-c', 'pwd']
[2022-04-13 21:16:55,118] {subprocess.py:85} INFO - Output:
[2022-04-13 21:16:55,123] {subprocess.py:89} INFO - /tmp/***tmpfbjzclc6
[2022-04-13 21:16:55,124] {subprocess.py:93} INFO - Command exited with return code 0
[2022-04-13 21:16:55,208] {taskinstance.py:1277} INFO - Marking task as SUCCESS. dag_id=LocalIngestionDAG, task_id=ingest, execution_date=20210202T060029, start_date=20220413T211654, end_date=20220413T211655
[2022-04-13 21:16:55,268] {local_task_job.py:154} INFO - Task exited with return code 0
[2022-04-13 21:16:55,456] {local_task_job.py:264} INFO - 0 downstream tasks scheduled from follow-on schedule check
