[2022-04-13 21:21:05,732] {taskinstance.py:1032} INFO - Dependencies all met for <TaskInstance: LocalIngestionDAG.wget scheduled__2021-04-02T06:00:30+00:00 [queued]>
[2022-04-13 21:21:05,755] {taskinstance.py:1032} INFO - Dependencies all met for <TaskInstance: LocalIngestionDAG.wget scheduled__2021-04-02T06:00:30+00:00 [queued]>
[2022-04-13 21:21:05,760] {taskinstance.py:1238} INFO - 
--------------------------------------------------------------------------------
[2022-04-13 21:21:05,764] {taskinstance.py:1239} INFO - Starting attempt 1 of 1
[2022-04-13 21:21:05,765] {taskinstance.py:1240} INFO - 
--------------------------------------------------------------------------------
[2022-04-13 21:21:05,818] {taskinstance.py:1259} INFO - Executing <Task(BashOperator): wget> on 2021-04-02 06:00:30+00:00
[2022-04-13 21:21:05,827] {standard_task_runner.py:52} INFO - Started process 2613 to run task
[2022-04-13 21:21:05,843] {standard_task_runner.py:76} INFO - Running: ['***', 'tasks', 'run', 'LocalIngestionDAG', 'wget', 'scheduled__2021-04-02T06:00:30+00:00', '--job-id', '539', '--raw', '--subdir', 'DAGS_FOLDER/data_ingestion_local.py', '--cfg-path', '/tmp/tmphp5847o6', '--error-file', '/tmp/tmpsmildpra']
[2022-04-13 21:21:05,853] {standard_task_runner.py:77} INFO - Job 539: Subtask wget
[2022-04-13 21:21:06,047] {logging_mixin.py:109} INFO - Running <TaskInstance: LocalIngestionDAG.wget scheduled__2021-04-02T06:00:30+00:00 [running]> on host 13db72185839
[2022-04-13 21:21:06,208] {taskinstance.py:1426} INFO - Exporting the following env vars:
AIRFLOW_CTX_DAG_OWNER=***
AIRFLOW_CTX_DAG_ID=LocalIngestionDAG
AIRFLOW_CTX_TASK_ID=wget
AIRFLOW_CTX_EXECUTION_DATE=2021-04-02T06:00:30+00:00
AIRFLOW_CTX_DAG_RUN_ID=scheduled__2021-04-02T06:00:30+00:00
[2022-04-13 21:21:06,210] {subprocess.py:62} INFO - Tmp dir root location: 
 /tmp
[2022-04-13 21:21:06,211] {subprocess.py:74} INFO - Running command: ['bash', '-c', 'echo "hello world"']
[2022-04-13 21:21:06,221] {subprocess.py:85} INFO - Output:
[2022-04-13 21:21:06,225] {subprocess.py:89} INFO - hello world
[2022-04-13 21:21:06,226] {subprocess.py:93} INFO - Command exited with return code 0
[2022-04-13 21:21:06,283] {taskinstance.py:1277} INFO - Marking task as SUCCESS. dag_id=LocalIngestionDAG, task_id=wget, execution_date=20210402T060030, start_date=20220413T212105, end_date=20220413T212106
[2022-04-13 21:21:06,394] {local_task_job.py:154} INFO - Task exited with return code 0
[2022-04-13 21:21:06,871] {local_task_job.py:264} INFO - 0 downstream tasks scheduled from follow-on schedule check
