[2022-04-13 21:25:16,766] {taskinstance.py:1032} INFO - Dependencies all met for <TaskInstance: LocalIngestionDAG.ingest scheduled__2021-08-02T06:00:29+00:00 [queued]>
[2022-04-13 21:25:16,802] {taskinstance.py:1032} INFO - Dependencies all met for <TaskInstance: LocalIngestionDAG.ingest scheduled__2021-08-02T06:00:29+00:00 [queued]>
[2022-04-13 21:25:16,803] {taskinstance.py:1238} INFO - 
--------------------------------------------------------------------------------
[2022-04-13 21:25:16,804] {taskinstance.py:1239} INFO - Starting attempt 1 of 1
[2022-04-13 21:25:16,805] {taskinstance.py:1240} INFO - 
--------------------------------------------------------------------------------
[2022-04-13 21:25:16,852] {taskinstance.py:1259} INFO - Executing <Task(BashOperator): ingest> on 2021-08-02 06:00:29+00:00
[2022-04-13 21:25:16,860] {standard_task_runner.py:52} INFO - Started process 4257 to run task
[2022-04-13 21:25:16,870] {standard_task_runner.py:76} INFO - Running: ['***', 'tasks', 'run', 'LocalIngestionDAG', 'ingest', 'scheduled__2021-08-02T06:00:29+00:00', '--job-id', '1023', '--raw', '--subdir', 'DAGS_FOLDER/data_ingestion_local.py', '--cfg-path', '/tmp/tmpqyi46ra4', '--error-file', '/tmp/tmpn695nnov']
[2022-04-13 21:25:16,873] {standard_task_runner.py:77} INFO - Job 1023: Subtask ingest
[2022-04-13 21:25:17,070] {logging_mixin.py:109} INFO - Running <TaskInstance: LocalIngestionDAG.ingest scheduled__2021-08-02T06:00:29+00:00 [running]> on host 13db72185839
[2022-04-13 21:25:17,234] {taskinstance.py:1426} INFO - Exporting the following env vars:
AIRFLOW_CTX_DAG_OWNER=***
AIRFLOW_CTX_DAG_ID=LocalIngestionDAG
AIRFLOW_CTX_TASK_ID=ingest
AIRFLOW_CTX_EXECUTION_DATE=2021-08-02T06:00:29+00:00
AIRFLOW_CTX_DAG_RUN_ID=scheduled__2021-08-02T06:00:29+00:00
[2022-04-13 21:25:17,237] {subprocess.py:62} INFO - Tmp dir root location: 
 /tmp
[2022-04-13 21:25:17,238] {subprocess.py:74} INFO - Running command: ['bash', '-c', 'pwd']
[2022-04-13 21:25:17,257] {subprocess.py:85} INFO - Output:
[2022-04-13 21:25:17,262] {subprocess.py:89} INFO - /tmp/***tmpp8c6fodi
[2022-04-13 21:25:17,263] {subprocess.py:93} INFO - Command exited with return code 0
[2022-04-13 21:25:17,310] {taskinstance.py:1277} INFO - Marking task as SUCCESS. dag_id=LocalIngestionDAG, task_id=ingest, execution_date=20210802T060029, start_date=20220413T212516, end_date=20220413T212517
[2022-04-13 21:25:17,365] {local_task_job.py:154} INFO - Task exited with return code 0
[2022-04-13 21:25:17,441] {local_task_job.py:264} INFO - 0 downstream tasks scheduled from follow-on schedule check
