[2022-04-13 21:16:09,392] {taskinstance.py:1032} INFO - Dependencies all met for <TaskInstance: LocalIngestionDAG.ingest scheduled__2021-01-02T06:00:38+00:00 [queued]>
[2022-04-13 21:16:09,428] {taskinstance.py:1032} INFO - Dependencies all met for <TaskInstance: LocalIngestionDAG.ingest scheduled__2021-01-02T06:00:38+00:00 [queued]>
[2022-04-13 21:16:09,429] {taskinstance.py:1238} INFO - 
--------------------------------------------------------------------------------
[2022-04-13 21:16:09,429] {taskinstance.py:1239} INFO - Starting attempt 1 of 1
[2022-04-13 21:16:09,429] {taskinstance.py:1240} INFO - 
--------------------------------------------------------------------------------
[2022-04-13 21:16:09,458] {taskinstance.py:1259} INFO - Executing <Task(BashOperator): ingest> on 2021-01-02 06:00:38+00:00
[2022-04-13 21:16:09,462] {standard_task_runner.py:52} INFO - Started process 1327 to run task
[2022-04-13 21:16:09,468] {standard_task_runner.py:76} INFO - Running: ['***', 'tasks', 'run', 'LocalIngestionDAG', 'ingest', 'scheduled__2021-01-02T06:00:38+00:00', '--job-id', '199', '--raw', '--subdir', 'DAGS_FOLDER/data_ingestion_local.py', '--cfg-path', '/tmp/tmpb3vk9nyo', '--error-file', '/tmp/tmp6v95dmbg']
[2022-04-13 21:16:09,471] {standard_task_runner.py:77} INFO - Job 199: Subtask ingest
[2022-04-13 21:16:09,548] {logging_mixin.py:109} INFO - Running <TaskInstance: LocalIngestionDAG.ingest scheduled__2021-01-02T06:00:38+00:00 [running]> on host 13db72185839
[2022-04-13 21:16:09,614] {taskinstance.py:1426} INFO - Exporting the following env vars:
AIRFLOW_CTX_DAG_OWNER=***
AIRFLOW_CTX_DAG_ID=LocalIngestionDAG
AIRFLOW_CTX_TASK_ID=ingest
AIRFLOW_CTX_EXECUTION_DATE=2021-01-02T06:00:38+00:00
AIRFLOW_CTX_DAG_RUN_ID=scheduled__2021-01-02T06:00:38+00:00
[2022-04-13 21:16:09,615] {subprocess.py:62} INFO - Tmp dir root location: 
 /tmp
[2022-04-13 21:16:09,616] {subprocess.py:74} INFO - Running command: ['bash', '-c', 'pwd']
[2022-04-13 21:16:09,626] {subprocess.py:85} INFO - Output:
[2022-04-13 21:16:09,627] {subprocess.py:89} INFO - /tmp/***tmpnfq9yob5
[2022-04-13 21:16:09,628] {subprocess.py:93} INFO - Command exited with return code 0
[2022-04-13 21:16:09,655] {taskinstance.py:1277} INFO - Marking task as SUCCESS. dag_id=LocalIngestionDAG, task_id=ingest, execution_date=20210102T060038, start_date=20220413T211609, end_date=20220413T211609
[2022-04-13 21:16:09,679] {local_task_job.py:154} INFO - Task exited with return code 0
[2022-04-13 21:16:09,724] {local_task_job.py:264} INFO - 0 downstream tasks scheduled from follow-on schedule check
