[2022-04-13 22:36:38,686] {taskinstance.py:1032} INFO - Dependencies all met for <TaskInstance: LocalIngestionDAG.ingest scheduled__2022-04-02T06:00:51+00:00 [queued]>
[2022-04-13 22:36:38,744] {taskinstance.py:1032} INFO - Dependencies all met for <TaskInstance: LocalIngestionDAG.ingest scheduled__2022-04-02T06:00:51+00:00 [queued]>
[2022-04-13 22:36:38,748] {taskinstance.py:1238} INFO - 
--------------------------------------------------------------------------------
[2022-04-13 22:36:38,753] {taskinstance.py:1239} INFO - Starting attempt 1 of 1
[2022-04-13 22:36:38,760] {taskinstance.py:1240} INFO - 
--------------------------------------------------------------------------------
[2022-04-13 22:36:38,816] {taskinstance.py:1259} INFO - Executing <Task(BashOperator): ingest> on 2022-04-02 06:00:51+00:00
[2022-04-13 22:36:38,826] {standard_task_runner.py:52} INFO - Started process 11523 to run task
[2022-04-13 22:36:38,834] {standard_task_runner.py:76} INFO - Running: ['***', 'tasks', 'run', 'LocalIngestionDAG', 'ingest', 'scheduled__2022-04-02T06:00:51+00:00', '--job-id', '2001', '--raw', '--subdir', 'DAGS_FOLDER/data_ingestion_local.py', '--cfg-path', '/tmp/tmphy_q5kf9', '--error-file', '/tmp/tmp8th9qsx6']
[2022-04-13 22:36:38,843] {standard_task_runner.py:77} INFO - Job 2001: Subtask ingest
[2022-04-13 22:36:39,020] {logging_mixin.py:109} INFO - Running <TaskInstance: LocalIngestionDAG.ingest scheduled__2022-04-02T06:00:51+00:00 [running]> on host 13db72185839
[2022-04-13 22:36:39,165] {taskinstance.py:1426} INFO - Exporting the following env vars:
AIRFLOW_CTX_DAG_OWNER=***
AIRFLOW_CTX_DAG_ID=LocalIngestionDAG
AIRFLOW_CTX_TASK_ID=ingest
AIRFLOW_CTX_EXECUTION_DATE=2022-04-02T06:00:51+00:00
AIRFLOW_CTX_DAG_RUN_ID=scheduled__2022-04-02T06:00:51+00:00
[2022-04-13 22:36:39,167] {subprocess.py:62} INFO - Tmp dir root location: 
 /tmp
[2022-04-13 22:36:39,170] {subprocess.py:74} INFO - Running command: ['bash', '-c', 'ls /opt/***']
[2022-04-13 22:36:39,192] {subprocess.py:85} INFO - Output:
[2022-04-13 22:36:39,208] {subprocess.py:89} INFO - ***.cfg
[2022-04-13 22:36:39,210] {subprocess.py:89} INFO - dags
[2022-04-13 22:36:39,211] {subprocess.py:89} INFO - logs
[2022-04-13 22:36:39,212] {subprocess.py:89} INFO - output.csv
[2022-04-13 22:36:39,213] {subprocess.py:89} INFO - output_2022-03.csv
[2022-04-13 22:36:39,216] {subprocess.py:89} INFO - output_2022-04.csv
[2022-04-13 22:36:39,217] {subprocess.py:89} INFO - plugins
[2022-04-13 22:36:39,217] {subprocess.py:89} INFO - requirements.txt
[2022-04-13 22:36:39,219] {subprocess.py:89} INFO - scripts
[2022-04-13 22:36:39,220] {subprocess.py:89} INFO - webserver_config.py
[2022-04-13 22:36:39,221] {subprocess.py:93} INFO - Command exited with return code 0
[2022-04-13 22:36:39,304] {taskinstance.py:1277} INFO - Marking task as SUCCESS. dag_id=LocalIngestionDAG, task_id=ingest, execution_date=20220402T060051, start_date=20220413T223638, end_date=20220413T223639
[2022-04-13 22:36:39,387] {local_task_job.py:154} INFO - Task exited with return code 0
[2022-04-13 22:36:39,464] {local_task_job.py:264} INFO - 0 downstream tasks scheduled from follow-on schedule check
