[2022-04-13 21:24:15,336] {taskinstance.py:1032} INFO - Dependencies all met for <TaskInstance: LocalIngestionDAG.ingest scheduled__2021-07-02T06:00:31+00:00 [queued]>
[2022-04-13 21:24:15,350] {taskinstance.py:1032} INFO - Dependencies all met for <TaskInstance: LocalIngestionDAG.ingest scheduled__2021-07-02T06:00:31+00:00 [queued]>
[2022-04-13 21:24:15,351] {taskinstance.py:1238} INFO - 
--------------------------------------------------------------------------------
[2022-04-13 21:24:15,351] {taskinstance.py:1239} INFO - Starting attempt 1 of 1
[2022-04-13 21:24:15,352] {taskinstance.py:1240} INFO - 
--------------------------------------------------------------------------------
[2022-04-13 21:24:15,371] {taskinstance.py:1259} INFO - Executing <Task(BashOperator): ingest> on 2021-07-02 06:00:31+00:00
[2022-04-13 21:24:15,378] {standard_task_runner.py:52} INFO - Started process 3854 to run task
[2022-04-13 21:24:15,383] {standard_task_runner.py:76} INFO - Running: ['***', 'tasks', 'run', 'LocalIngestionDAG', 'ingest', 'scheduled__2021-07-02T06:00:31+00:00', '--job-id', '906', '--raw', '--subdir', 'DAGS_FOLDER/data_ingestion_local.py', '--cfg-path', '/tmp/tmpsa68p8tr', '--error-file', '/tmp/tmpk6vor9a6']
[2022-04-13 21:24:15,385] {standard_task_runner.py:77} INFO - Job 906: Subtask ingest
[2022-04-13 21:24:15,463] {logging_mixin.py:109} INFO - Running <TaskInstance: LocalIngestionDAG.ingest scheduled__2021-07-02T06:00:31+00:00 [running]> on host 13db72185839
[2022-04-13 21:24:15,547] {taskinstance.py:1426} INFO - Exporting the following env vars:
AIRFLOW_CTX_DAG_OWNER=***
AIRFLOW_CTX_DAG_ID=LocalIngestionDAG
AIRFLOW_CTX_TASK_ID=ingest
AIRFLOW_CTX_EXECUTION_DATE=2021-07-02T06:00:31+00:00
AIRFLOW_CTX_DAG_RUN_ID=scheduled__2021-07-02T06:00:31+00:00
[2022-04-13 21:24:15,549] {subprocess.py:62} INFO - Tmp dir root location: 
 /tmp
[2022-04-13 21:24:15,550] {subprocess.py:74} INFO - Running command: ['bash', '-c', 'pwd']
[2022-04-13 21:24:15,561] {subprocess.py:85} INFO - Output:
[2022-04-13 21:24:15,563] {subprocess.py:89} INFO - /tmp/***tmpp02sewtk
[2022-04-13 21:24:15,564] {subprocess.py:93} INFO - Command exited with return code 0
[2022-04-13 21:24:15,613] {taskinstance.py:1277} INFO - Marking task as SUCCESS. dag_id=LocalIngestionDAG, task_id=ingest, execution_date=20210702T060031, start_date=20220413T212415, end_date=20220413T212415
[2022-04-13 21:24:15,674] {local_task_job.py:154} INFO - Task exited with return code 0
[2022-04-13 21:24:15,709] {local_task_job.py:264} INFO - 0 downstream tasks scheduled from follow-on schedule check
