[2022-04-13 21:25:34,635] {taskinstance.py:1032} INFO - Dependencies all met for <TaskInstance: LocalIngestionDAG.ingest scheduled__2021-08-02T06:00:47+00:00 [queued]>
[2022-04-13 21:25:34,680] {taskinstance.py:1032} INFO - Dependencies all met for <TaskInstance: LocalIngestionDAG.ingest scheduled__2021-08-02T06:00:47+00:00 [queued]>
[2022-04-13 21:25:34,684] {taskinstance.py:1238} INFO - 
--------------------------------------------------------------------------------
[2022-04-13 21:25:34,692] {taskinstance.py:1239} INFO - Starting attempt 1 of 1
[2022-04-13 21:25:34,731] {taskinstance.py:1240} INFO - 
--------------------------------------------------------------------------------
[2022-04-13 21:25:34,798] {taskinstance.py:1259} INFO - Executing <Task(BashOperator): ingest> on 2021-08-02 06:00:47+00:00
[2022-04-13 21:25:34,811] {standard_task_runner.py:52} INFO - Started process 4376 to run task
[2022-04-13 21:25:34,820] {standard_task_runner.py:76} INFO - Running: ['***', 'tasks', 'run', 'LocalIngestionDAG', 'ingest', 'scheduled__2021-08-02T06:00:47+00:00', '--job-id', '1059', '--raw', '--subdir', 'DAGS_FOLDER/data_ingestion_local.py', '--cfg-path', '/tmp/tmp1mhvk63n', '--error-file', '/tmp/tmphjbqib89']
[2022-04-13 21:25:34,826] {standard_task_runner.py:77} INFO - Job 1059: Subtask ingest
[2022-04-13 21:25:35,020] {logging_mixin.py:109} INFO - Running <TaskInstance: LocalIngestionDAG.ingest scheduled__2021-08-02T06:00:47+00:00 [running]> on host 13db72185839
[2022-04-13 21:25:35,277] {taskinstance.py:1426} INFO - Exporting the following env vars:
AIRFLOW_CTX_DAG_OWNER=***
AIRFLOW_CTX_DAG_ID=LocalIngestionDAG
AIRFLOW_CTX_TASK_ID=ingest
AIRFLOW_CTX_EXECUTION_DATE=2021-08-02T06:00:47+00:00
AIRFLOW_CTX_DAG_RUN_ID=scheduled__2021-08-02T06:00:47+00:00
[2022-04-13 21:25:35,281] {subprocess.py:62} INFO - Tmp dir root location: 
 /tmp
[2022-04-13 21:25:35,283] {subprocess.py:74} INFO - Running command: ['bash', '-c', 'pwd']
[2022-04-13 21:25:35,310] {subprocess.py:85} INFO - Output:
[2022-04-13 21:25:35,313] {subprocess.py:89} INFO - /tmp/***tmpg2gdy00k
[2022-04-13 21:25:35,314] {subprocess.py:93} INFO - Command exited with return code 0
[2022-04-13 21:25:35,373] {taskinstance.py:1277} INFO - Marking task as SUCCESS. dag_id=LocalIngestionDAG, task_id=ingest, execution_date=20210802T060047, start_date=20220413T212534, end_date=20220413T212535
[2022-04-13 21:25:35,453] {local_task_job.py:154} INFO - Task exited with return code 0
[2022-04-13 21:25:35,523] {local_task_job.py:264} INFO - 0 downstream tasks scheduled from follow-on schedule check
