[2022-04-13 21:24:46,062] {taskinstance.py:1032} INFO - Dependencies all met for <TaskInstance: LocalIngestionDAG.ingest scheduled__2021-08-02T06:00:01+00:00 [queued]>
[2022-04-13 21:24:46,116] {taskinstance.py:1032} INFO - Dependencies all met for <TaskInstance: LocalIngestionDAG.ingest scheduled__2021-08-02T06:00:01+00:00 [queued]>
[2022-04-13 21:24:46,118] {taskinstance.py:1238} INFO - 
--------------------------------------------------------------------------------
[2022-04-13 21:24:46,119] {taskinstance.py:1239} INFO - Starting attempt 1 of 1
[2022-04-13 21:24:46,120] {taskinstance.py:1240} INFO - 
--------------------------------------------------------------------------------
[2022-04-13 21:24:46,178] {taskinstance.py:1259} INFO - Executing <Task(BashOperator): ingest> on 2021-08-02 06:00:01+00:00
[2022-04-13 21:24:46,194] {standard_task_runner.py:52} INFO - Started process 4066 to run task
[2022-04-13 21:24:46,212] {standard_task_runner.py:76} INFO - Running: ['***', 'tasks', 'run', 'LocalIngestionDAG', 'ingest', 'scheduled__2021-08-02T06:00:01+00:00', '--job-id', '967', '--raw', '--subdir', 'DAGS_FOLDER/data_ingestion_local.py', '--cfg-path', '/tmp/tmpo8kwq591', '--error-file', '/tmp/tmpouk719fw']
[2022-04-13 21:24:46,215] {standard_task_runner.py:77} INFO - Job 967: Subtask ingest
[2022-04-13 21:24:46,466] {logging_mixin.py:109} INFO - Running <TaskInstance: LocalIngestionDAG.ingest scheduled__2021-08-02T06:00:01+00:00 [running]> on host 13db72185839
[2022-04-13 21:24:46,713] {taskinstance.py:1426} INFO - Exporting the following env vars:
AIRFLOW_CTX_DAG_OWNER=***
AIRFLOW_CTX_DAG_ID=LocalIngestionDAG
AIRFLOW_CTX_TASK_ID=ingest
AIRFLOW_CTX_EXECUTION_DATE=2021-08-02T06:00:01+00:00
AIRFLOW_CTX_DAG_RUN_ID=scheduled__2021-08-02T06:00:01+00:00
[2022-04-13 21:24:46,718] {subprocess.py:62} INFO - Tmp dir root location: 
 /tmp
[2022-04-13 21:24:46,748] {subprocess.py:74} INFO - Running command: ['bash', '-c', 'pwd']
[2022-04-13 21:24:46,858] {subprocess.py:85} INFO - Output:
[2022-04-13 21:24:46,873] {subprocess.py:89} INFO - /tmp/***tmpc6bh8v6z
[2022-04-13 21:24:46,874] {subprocess.py:93} INFO - Command exited with return code 0
[2022-04-13 21:24:47,011] {taskinstance.py:1277} INFO - Marking task as SUCCESS. dag_id=LocalIngestionDAG, task_id=ingest, execution_date=20210802T060001, start_date=20220413T212446, end_date=20220413T212447
[2022-04-13 21:24:47,203] {local_task_job.py:154} INFO - Task exited with return code 0
[2022-04-13 21:24:47,458] {local_task_job.py:264} INFO - 0 downstream tasks scheduled from follow-on schedule check
