[2022-04-13 21:15:38,517] {taskinstance.py:1032} INFO - Dependencies all met for <TaskInstance: LocalIngestionDAG.wget scheduled__2021-01-02T06:00:00+00:00 [queued]>
[2022-04-13 21:15:38,545] {taskinstance.py:1032} INFO - Dependencies all met for <TaskInstance: LocalIngestionDAG.wget scheduled__2021-01-02T06:00:00+00:00 [queued]>
[2022-04-13 21:15:38,546] {taskinstance.py:1238} INFO - 
--------------------------------------------------------------------------------
[2022-04-13 21:15:38,547] {taskinstance.py:1239} INFO - Starting attempt 1 of 1
[2022-04-13 21:15:38,547] {taskinstance.py:1240} INFO - 
--------------------------------------------------------------------------------
[2022-04-13 21:15:38,597] {taskinstance.py:1259} INFO - Executing <Task(BashOperator): wget> on 2021-01-02 06:00:00+00:00
[2022-04-13 21:15:38,612] {standard_task_runner.py:52} INFO - Started process 1059 to run task
[2022-04-13 21:15:38,620] {standard_task_runner.py:76} INFO - Running: ['***', 'tasks', 'run', 'LocalIngestionDAG', 'wget', 'scheduled__2021-01-02T06:00:00+00:00', '--job-id', '119', '--raw', '--subdir', 'DAGS_FOLDER/data_ingestion_local.py', '--cfg-path', '/tmp/tmp6xe93n0g', '--error-file', '/tmp/tmpqg1_3p5b']
[2022-04-13 21:15:38,631] {standard_task_runner.py:77} INFO - Job 119: Subtask wget
[2022-04-13 21:15:38,740] {logging_mixin.py:109} INFO - Running <TaskInstance: LocalIngestionDAG.wget scheduled__2021-01-02T06:00:00+00:00 [running]> on host 13db72185839
[2022-04-13 21:15:38,840] {taskinstance.py:1426} INFO - Exporting the following env vars:
AIRFLOW_CTX_DAG_OWNER=***
AIRFLOW_CTX_DAG_ID=LocalIngestionDAG
AIRFLOW_CTX_TASK_ID=wget
AIRFLOW_CTX_EXECUTION_DATE=2021-01-02T06:00:00+00:00
AIRFLOW_CTX_DAG_RUN_ID=scheduled__2021-01-02T06:00:00+00:00
[2022-04-13 21:15:38,841] {subprocess.py:62} INFO - Tmp dir root location: 
 /tmp
[2022-04-13 21:15:38,843] {subprocess.py:74} INFO - Running command: ['bash', '-c', 'echo "hello world"']
[2022-04-13 21:15:38,858] {subprocess.py:85} INFO - Output:
[2022-04-13 21:15:38,862] {subprocess.py:89} INFO - hello world
[2022-04-13 21:15:38,863] {subprocess.py:93} INFO - Command exited with return code 0
[2022-04-13 21:15:38,929] {taskinstance.py:1277} INFO - Marking task as SUCCESS. dag_id=LocalIngestionDAG, task_id=wget, execution_date=20210102T060000, start_date=20220413T211538, end_date=20220413T211538
[2022-04-13 21:15:38,994] {local_task_job.py:154} INFO - Task exited with return code 0
[2022-04-13 21:15:39,188] {local_task_job.py:264} INFO - 0 downstream tasks scheduled from follow-on schedule check
