[2022-04-13 21:16:29,085] {taskinstance.py:1032} INFO - Dependencies all met for <TaskInstance: LocalIngestionDAG.ingest scheduled__2021-02-02T06:00:01+00:00 [queued]>
[2022-04-13 21:16:29,101] {taskinstance.py:1032} INFO - Dependencies all met for <TaskInstance: LocalIngestionDAG.ingest scheduled__2021-02-02T06:00:01+00:00 [queued]>
[2022-04-13 21:16:29,102] {taskinstance.py:1238} INFO - 
--------------------------------------------------------------------------------
[2022-04-13 21:16:29,102] {taskinstance.py:1239} INFO - Starting attempt 1 of 1
[2022-04-13 21:16:29,103] {taskinstance.py:1240} INFO - 
--------------------------------------------------------------------------------
[2022-04-13 21:16:29,120] {taskinstance.py:1259} INFO - Executing <Task(BashOperator): ingest> on 2021-02-02 06:00:01+00:00
[2022-04-13 21:16:29,125] {standard_task_runner.py:52} INFO - Started process 1483 to run task
[2022-04-13 21:16:29,130] {standard_task_runner.py:76} INFO - Running: ['***', 'tasks', 'run', 'LocalIngestionDAG', 'ingest', 'scheduled__2021-02-02T06:00:01+00:00', '--job-id', '246', '--raw', '--subdir', 'DAGS_FOLDER/data_ingestion_local.py', '--cfg-path', '/tmp/tmpfqxg6iob', '--error-file', '/tmp/tmpu6irpx97']
[2022-04-13 21:16:29,131] {standard_task_runner.py:77} INFO - Job 246: Subtask ingest
[2022-04-13 21:16:29,209] {logging_mixin.py:109} INFO - Running <TaskInstance: LocalIngestionDAG.ingest scheduled__2021-02-02T06:00:01+00:00 [running]> on host 13db72185839
[2022-04-13 21:16:29,290] {taskinstance.py:1426} INFO - Exporting the following env vars:
AIRFLOW_CTX_DAG_OWNER=***
AIRFLOW_CTX_DAG_ID=LocalIngestionDAG
AIRFLOW_CTX_TASK_ID=ingest
AIRFLOW_CTX_EXECUTION_DATE=2021-02-02T06:00:01+00:00
AIRFLOW_CTX_DAG_RUN_ID=scheduled__2021-02-02T06:00:01+00:00
[2022-04-13 21:16:29,291] {subprocess.py:62} INFO - Tmp dir root location: 
 /tmp
[2022-04-13 21:16:29,292] {subprocess.py:74} INFO - Running command: ['bash', '-c', 'pwd']
[2022-04-13 21:16:29,299] {subprocess.py:85} INFO - Output:
[2022-04-13 21:16:29,300] {subprocess.py:89} INFO - /tmp/***tmpbieby281
[2022-04-13 21:16:29,300] {subprocess.py:93} INFO - Command exited with return code 0
[2022-04-13 21:16:29,326] {taskinstance.py:1277} INFO - Marking task as SUCCESS. dag_id=LocalIngestionDAG, task_id=ingest, execution_date=20210202T060001, start_date=20220413T211629, end_date=20220413T211629
[2022-04-13 21:16:29,382] {local_task_job.py:154} INFO - Task exited with return code 0
[2022-04-13 21:16:29,430] {local_task_job.py:264} INFO - 0 downstream tasks scheduled from follow-on schedule check
