[2022-04-13 21:23:54,520] {taskinstance.py:1032} INFO - Dependencies all met for <TaskInstance: LocalIngestionDAG.wget scheduled__2021-07-02T06:00:13+00:00 [queued]>
[2022-04-13 21:23:54,575] {taskinstance.py:1032} INFO - Dependencies all met for <TaskInstance: LocalIngestionDAG.wget scheduled__2021-07-02T06:00:13+00:00 [queued]>
[2022-04-13 21:23:54,576] {taskinstance.py:1238} INFO - 
--------------------------------------------------------------------------------
[2022-04-13 21:23:54,577] {taskinstance.py:1239} INFO - Starting attempt 1 of 1
[2022-04-13 21:23:54,577] {taskinstance.py:1240} INFO - 
--------------------------------------------------------------------------------
[2022-04-13 21:23:54,643] {taskinstance.py:1259} INFO - Executing <Task(BashOperator): wget> on 2021-07-02 06:00:13+00:00
[2022-04-13 21:23:54,653] {standard_task_runner.py:52} INFO - Started process 3722 to run task
[2022-04-13 21:23:54,665] {standard_task_runner.py:76} INFO - Running: ['***', 'tasks', 'run', 'LocalIngestionDAG', 'wget', 'scheduled__2021-07-02T06:00:13+00:00', '--job-id', '864', '--raw', '--subdir', 'DAGS_FOLDER/data_ingestion_local.py', '--cfg-path', '/tmp/tmpq1p_8b5a', '--error-file', '/tmp/tmp38qfccsk']
[2022-04-13 21:23:54,667] {standard_task_runner.py:77} INFO - Job 864: Subtask wget
[2022-04-13 21:23:54,964] {logging_mixin.py:109} INFO - Running <TaskInstance: LocalIngestionDAG.wget scheduled__2021-07-02T06:00:13+00:00 [running]> on host 13db72185839
[2022-04-13 21:23:55,119] {taskinstance.py:1426} INFO - Exporting the following env vars:
AIRFLOW_CTX_DAG_OWNER=***
AIRFLOW_CTX_DAG_ID=LocalIngestionDAG
AIRFLOW_CTX_TASK_ID=wget
AIRFLOW_CTX_EXECUTION_DATE=2021-07-02T06:00:13+00:00
AIRFLOW_CTX_DAG_RUN_ID=scheduled__2021-07-02T06:00:13+00:00
[2022-04-13 21:23:55,125] {subprocess.py:62} INFO - Tmp dir root location: 
 /tmp
[2022-04-13 21:23:55,130] {subprocess.py:74} INFO - Running command: ['bash', '-c', 'echo "hello world"']
[2022-04-13 21:23:55,159] {subprocess.py:85} INFO - Output:
[2022-04-13 21:23:55,190] {subprocess.py:89} INFO - hello world
[2022-04-13 21:23:55,192] {subprocess.py:93} INFO - Command exited with return code 0
[2022-04-13 21:23:55,523] {taskinstance.py:1277} INFO - Marking task as SUCCESS. dag_id=LocalIngestionDAG, task_id=wget, execution_date=20210702T060013, start_date=20220413T212354, end_date=20220413T212355
[2022-04-13 21:23:55,619] {local_task_job.py:154} INFO - Task exited with return code 0
[2022-04-13 21:23:55,755] {local_task_job.py:264} INFO - 1 downstream tasks scheduled from follow-on schedule check
