[2022-04-13 21:24:01,687] {taskinstance.py:1032} INFO - Dependencies all met for <TaskInstance: LocalIngestionDAG.ingest scheduled__2021-07-02T06:00:16+00:00 [queued]>
[2022-04-13 21:24:01,751] {taskinstance.py:1032} INFO - Dependencies all met for <TaskInstance: LocalIngestionDAG.ingest scheduled__2021-07-02T06:00:16+00:00 [queued]>
[2022-04-13 21:24:01,752] {taskinstance.py:1238} INFO - 
--------------------------------------------------------------------------------
[2022-04-13 21:24:01,753] {taskinstance.py:1239} INFO - Starting attempt 1 of 1
[2022-04-13 21:24:01,754] {taskinstance.py:1240} INFO - 
--------------------------------------------------------------------------------
[2022-04-13 21:24:01,819] {taskinstance.py:1259} INFO - Executing <Task(BashOperator): ingest> on 2021-07-02 06:00:16+00:00
[2022-04-13 21:24:01,831] {standard_task_runner.py:52} INFO - Started process 3760 to run task
[2022-04-13 21:24:01,848] {standard_task_runner.py:76} INFO - Running: ['***', 'tasks', 'run', 'LocalIngestionDAG', 'ingest', 'scheduled__2021-07-02T06:00:16+00:00', '--job-id', '876', '--raw', '--subdir', 'DAGS_FOLDER/data_ingestion_local.py', '--cfg-path', '/tmp/tmpu8voo_81', '--error-file', '/tmp/tmpv8pvyez3']
[2022-04-13 21:24:01,851] {standard_task_runner.py:77} INFO - Job 876: Subtask ingest
[2022-04-13 21:24:02,062] {logging_mixin.py:109} INFO - Running <TaskInstance: LocalIngestionDAG.ingest scheduled__2021-07-02T06:00:16+00:00 [running]> on host 13db72185839
[2022-04-13 21:24:02,270] {taskinstance.py:1426} INFO - Exporting the following env vars:
AIRFLOW_CTX_DAG_OWNER=***
AIRFLOW_CTX_DAG_ID=LocalIngestionDAG
AIRFLOW_CTX_TASK_ID=ingest
AIRFLOW_CTX_EXECUTION_DATE=2021-07-02T06:00:16+00:00
AIRFLOW_CTX_DAG_RUN_ID=scheduled__2021-07-02T06:00:16+00:00
[2022-04-13 21:24:02,276] {subprocess.py:62} INFO - Tmp dir root location: 
 /tmp
[2022-04-13 21:24:02,278] {subprocess.py:74} INFO - Running command: ['bash', '-c', 'pwd']
[2022-04-13 21:24:02,312] {subprocess.py:85} INFO - Output:
[2022-04-13 21:24:02,317] {subprocess.py:89} INFO - /tmp/***tmpzvxrwd75
[2022-04-13 21:24:02,318] {subprocess.py:93} INFO - Command exited with return code 0
[2022-04-13 21:24:02,428] {taskinstance.py:1277} INFO - Marking task as SUCCESS. dag_id=LocalIngestionDAG, task_id=ingest, execution_date=20210702T060016, start_date=20220413T212401, end_date=20220413T212402
[2022-04-13 21:24:02,528] {local_task_job.py:154} INFO - Task exited with return code 0
[2022-04-13 21:24:03,034] {local_task_job.py:264} INFO - 0 downstream tasks scheduled from follow-on schedule check
