[2022-04-13 21:16:09,181] {taskinstance.py:1032} INFO - Dependencies all met for <TaskInstance: LocalIngestionDAG.ingest scheduled__2021-01-02T06:00:37+00:00 [queued]>
[2022-04-13 21:16:09,211] {taskinstance.py:1032} INFO - Dependencies all met for <TaskInstance: LocalIngestionDAG.ingest scheduled__2021-01-02T06:00:37+00:00 [queued]>
[2022-04-13 21:16:09,213] {taskinstance.py:1238} INFO - 
--------------------------------------------------------------------------------
[2022-04-13 21:16:09,214] {taskinstance.py:1239} INFO - Starting attempt 1 of 1
[2022-04-13 21:16:09,218] {taskinstance.py:1240} INFO - 
--------------------------------------------------------------------------------
[2022-04-13 21:16:09,264] {taskinstance.py:1259} INFO - Executing <Task(BashOperator): ingest> on 2021-01-02 06:00:37+00:00
[2022-04-13 21:16:09,269] {standard_task_runner.py:52} INFO - Started process 1326 to run task
[2022-04-13 21:16:09,278] {standard_task_runner.py:76} INFO - Running: ['***', 'tasks', 'run', 'LocalIngestionDAG', 'ingest', 'scheduled__2021-01-02T06:00:37+00:00', '--job-id', '198', '--raw', '--subdir', 'DAGS_FOLDER/data_ingestion_local.py', '--cfg-path', '/tmp/tmpexv4c8d5', '--error-file', '/tmp/tmp1sppcdkj']
[2022-04-13 21:16:09,281] {standard_task_runner.py:77} INFO - Job 198: Subtask ingest
[2022-04-13 21:16:09,423] {logging_mixin.py:109} INFO - Running <TaskInstance: LocalIngestionDAG.ingest scheduled__2021-01-02T06:00:37+00:00 [running]> on host 13db72185839
[2022-04-13 21:16:09,522] {taskinstance.py:1426} INFO - Exporting the following env vars:
AIRFLOW_CTX_DAG_OWNER=***
AIRFLOW_CTX_DAG_ID=LocalIngestionDAG
AIRFLOW_CTX_TASK_ID=ingest
AIRFLOW_CTX_EXECUTION_DATE=2021-01-02T06:00:37+00:00
AIRFLOW_CTX_DAG_RUN_ID=scheduled__2021-01-02T06:00:37+00:00
[2022-04-13 21:16:09,524] {subprocess.py:62} INFO - Tmp dir root location: 
 /tmp
[2022-04-13 21:16:09,525] {subprocess.py:74} INFO - Running command: ['bash', '-c', 'pwd']
[2022-04-13 21:16:09,533] {subprocess.py:85} INFO - Output:
[2022-04-13 21:16:09,535] {subprocess.py:89} INFO - /tmp/***tmp0q0siclr
[2022-04-13 21:16:09,535] {subprocess.py:93} INFO - Command exited with return code 0
[2022-04-13 21:16:09,562] {taskinstance.py:1277} INFO - Marking task as SUCCESS. dag_id=LocalIngestionDAG, task_id=ingest, execution_date=20210102T060037, start_date=20220413T211609, end_date=20220413T211609
[2022-04-13 21:16:09,617] {local_task_job.py:154} INFO - Task exited with return code 0
[2022-04-13 21:16:09,650] {local_task_job.py:264} INFO - 0 downstream tasks scheduled from follow-on schedule check
