[2022-04-13 21:25:58,130] {taskinstance.py:1032} INFO - Dependencies all met for <TaskInstance: LocalIngestionDAG.ingest scheduled__2021-09-02T06:00:07+00:00 [queued]>
[2022-04-13 21:25:58,155] {taskinstance.py:1032} INFO - Dependencies all met for <TaskInstance: LocalIngestionDAG.ingest scheduled__2021-09-02T06:00:07+00:00 [queued]>
[2022-04-13 21:25:58,157] {taskinstance.py:1238} INFO - 
--------------------------------------------------------------------------------
[2022-04-13 21:25:58,159] {taskinstance.py:1239} INFO - Starting attempt 1 of 1
[2022-04-13 21:25:58,160] {taskinstance.py:1240} INFO - 
--------------------------------------------------------------------------------
[2022-04-13 21:25:58,234] {taskinstance.py:1259} INFO - Executing <Task(BashOperator): ingest> on 2021-09-02 06:00:07+00:00
[2022-04-13 21:25:58,250] {standard_task_runner.py:52} INFO - Started process 4519 to run task
[2022-04-13 21:25:58,269] {standard_task_runner.py:76} INFO - Running: ['***', 'tasks', 'run', 'LocalIngestionDAG', 'ingest', 'scheduled__2021-09-02T06:00:07+00:00', '--job-id', '1098', '--raw', '--subdir', 'DAGS_FOLDER/data_ingestion_local.py', '--cfg-path', '/tmp/tmp5q0a_15j', '--error-file', '/tmp/tmpkd4bpsvc']
[2022-04-13 21:25:58,271] {standard_task_runner.py:77} INFO - Job 1098: Subtask ingest
[2022-04-13 21:25:58,535] {logging_mixin.py:109} INFO - Running <TaskInstance: LocalIngestionDAG.ingest scheduled__2021-09-02T06:00:07+00:00 [running]> on host 13db72185839
[2022-04-13 21:25:58,691] {taskinstance.py:1426} INFO - Exporting the following env vars:
AIRFLOW_CTX_DAG_OWNER=***
AIRFLOW_CTX_DAG_ID=LocalIngestionDAG
AIRFLOW_CTX_TASK_ID=ingest
AIRFLOW_CTX_EXECUTION_DATE=2021-09-02T06:00:07+00:00
AIRFLOW_CTX_DAG_RUN_ID=scheduled__2021-09-02T06:00:07+00:00
[2022-04-13 21:25:58,694] {subprocess.py:62} INFO - Tmp dir root location: 
 /tmp
[2022-04-13 21:25:58,695] {subprocess.py:74} INFO - Running command: ['bash', '-c', 'pwd']
[2022-04-13 21:25:58,708] {subprocess.py:85} INFO - Output:
[2022-04-13 21:25:58,711] {subprocess.py:89} INFO - /tmp/***tmpjggr356e
[2022-04-13 21:25:58,712] {subprocess.py:93} INFO - Command exited with return code 0
[2022-04-13 21:25:58,758] {taskinstance.py:1277} INFO - Marking task as SUCCESS. dag_id=LocalIngestionDAG, task_id=ingest, execution_date=20210902T060007, start_date=20220413T212558, end_date=20220413T212558
[2022-04-13 21:25:58,848] {local_task_job.py:154} INFO - Task exited with return code 0
[2022-04-13 21:25:59,017] {local_task_job.py:264} INFO - 0 downstream tasks scheduled from follow-on schedule check
