[2022-04-13 21:16:40,411] {taskinstance.py:1032} INFO - Dependencies all met for <TaskInstance: LocalIngestionDAG.wget scheduled__2021-02-02T06:00:14+00:00 [queued]>
[2022-04-13 21:16:40,429] {taskinstance.py:1032} INFO - Dependencies all met for <TaskInstance: LocalIngestionDAG.wget scheduled__2021-02-02T06:00:14+00:00 [queued]>
[2022-04-13 21:16:40,430] {taskinstance.py:1238} INFO - 
--------------------------------------------------------------------------------
[2022-04-13 21:16:40,431] {taskinstance.py:1239} INFO - Starting attempt 1 of 1
[2022-04-13 21:16:40,431] {taskinstance.py:1240} INFO - 
--------------------------------------------------------------------------------
[2022-04-13 21:16:40,459] {taskinstance.py:1259} INFO - Executing <Task(BashOperator): wget> on 2021-02-02 06:00:14+00:00
[2022-04-13 21:16:40,466] {standard_task_runner.py:52} INFO - Started process 1562 to run task
[2022-04-13 21:16:40,473] {standard_task_runner.py:76} INFO - Running: ['***', 'tasks', 'run', 'LocalIngestionDAG', 'wget', 'scheduled__2021-02-02T06:00:14+00:00', '--job-id', '268', '--raw', '--subdir', 'DAGS_FOLDER/data_ingestion_local.py', '--cfg-path', '/tmp/tmp55cshmpc', '--error-file', '/tmp/tmp7o0oqrjv']
[2022-04-13 21:16:40,475] {standard_task_runner.py:77} INFO - Job 268: Subtask wget
[2022-04-13 21:16:40,590] {logging_mixin.py:109} INFO - Running <TaskInstance: LocalIngestionDAG.wget scheduled__2021-02-02T06:00:14+00:00 [running]> on host 13db72185839
[2022-04-13 21:16:40,688] {taskinstance.py:1426} INFO - Exporting the following env vars:
AIRFLOW_CTX_DAG_OWNER=***
AIRFLOW_CTX_DAG_ID=LocalIngestionDAG
AIRFLOW_CTX_TASK_ID=wget
AIRFLOW_CTX_EXECUTION_DATE=2021-02-02T06:00:14+00:00
AIRFLOW_CTX_DAG_RUN_ID=scheduled__2021-02-02T06:00:14+00:00
[2022-04-13 21:16:40,691] {subprocess.py:62} INFO - Tmp dir root location: 
 /tmp
[2022-04-13 21:16:40,692] {subprocess.py:74} INFO - Running command: ['bash', '-c', 'echo "hello world"']
[2022-04-13 21:16:40,702] {subprocess.py:85} INFO - Output:
[2022-04-13 21:16:40,705] {subprocess.py:89} INFO - hello world
[2022-04-13 21:16:40,705] {subprocess.py:93} INFO - Command exited with return code 0
[2022-04-13 21:16:40,765] {taskinstance.py:1277} INFO - Marking task as SUCCESS. dag_id=LocalIngestionDAG, task_id=wget, execution_date=20210202T060014, start_date=20220413T211640, end_date=20220413T211640
[2022-04-13 21:16:40,844] {local_task_job.py:154} INFO - Task exited with return code 0
[2022-04-13 21:16:41,030] {local_task_job.py:264} INFO - 0 downstream tasks scheduled from follow-on schedule check
