[2022-04-13 21:21:23,141] {taskinstance.py:1032} INFO - Dependencies all met for <TaskInstance: LocalIngestionDAG.wget scheduled__2021-04-02T06:00:47+00:00 [queued]>
[2022-04-13 21:21:23,181] {taskinstance.py:1032} INFO - Dependencies all met for <TaskInstance: LocalIngestionDAG.wget scheduled__2021-04-02T06:00:47+00:00 [queued]>
[2022-04-13 21:21:23,182] {taskinstance.py:1238} INFO - 
--------------------------------------------------------------------------------
[2022-04-13 21:21:23,182] {taskinstance.py:1239} INFO - Starting attempt 1 of 1
[2022-04-13 21:21:23,184] {taskinstance.py:1240} INFO - 
--------------------------------------------------------------------------------
[2022-04-13 21:21:23,214] {taskinstance.py:1259} INFO - Executing <Task(BashOperator): wget> on 2021-04-02 06:00:47+00:00
[2022-04-13 21:21:23,223] {standard_task_runner.py:52} INFO - Started process 2722 to run task
[2022-04-13 21:21:23,230] {standard_task_runner.py:76} INFO - Running: ['***', 'tasks', 'run', 'LocalIngestionDAG', 'wget', 'scheduled__2021-04-02T06:00:47+00:00', '--job-id', '571', '--raw', '--subdir', 'DAGS_FOLDER/data_ingestion_local.py', '--cfg-path', '/tmp/tmpm0k2j_zh', '--error-file', '/tmp/tmpttv94wsb']
[2022-04-13 21:21:23,232] {standard_task_runner.py:77} INFO - Job 571: Subtask wget
[2022-04-13 21:21:23,437] {logging_mixin.py:109} INFO - Running <TaskInstance: LocalIngestionDAG.wget scheduled__2021-04-02T06:00:47+00:00 [running]> on host 13db72185839
[2022-04-13 21:21:23,593] {taskinstance.py:1426} INFO - Exporting the following env vars:
AIRFLOW_CTX_DAG_OWNER=***
AIRFLOW_CTX_DAG_ID=LocalIngestionDAG
AIRFLOW_CTX_TASK_ID=wget
AIRFLOW_CTX_EXECUTION_DATE=2021-04-02T06:00:47+00:00
AIRFLOW_CTX_DAG_RUN_ID=scheduled__2021-04-02T06:00:47+00:00
[2022-04-13 21:21:23,595] {subprocess.py:62} INFO - Tmp dir root location: 
 /tmp
[2022-04-13 21:21:23,597] {subprocess.py:74} INFO - Running command: ['bash', '-c', 'echo "hello world"']
[2022-04-13 21:21:23,609] {subprocess.py:85} INFO - Output:
[2022-04-13 21:21:23,612] {subprocess.py:89} INFO - hello world
[2022-04-13 21:21:23,613] {subprocess.py:93} INFO - Command exited with return code 0
[2022-04-13 21:21:23,666] {taskinstance.py:1277} INFO - Marking task as SUCCESS. dag_id=LocalIngestionDAG, task_id=wget, execution_date=20210402T060047, start_date=20220413T212123, end_date=20220413T212123
[2022-04-13 21:21:23,775] {local_task_job.py:154} INFO - Task exited with return code 0
[2022-04-13 21:21:23,901] {local_task_job.py:264} INFO - 1 downstream tasks scheduled from follow-on schedule check
