[2022-04-13 21:17:38,629] {taskinstance.py:1032} INFO - Dependencies all met for <TaskInstance: LocalIngestionDAG.wget scheduled__2021-03-02T06:00:19+00:00 [queued]>
[2022-04-13 21:17:38,645] {taskinstance.py:1032} INFO - Dependencies all met for <TaskInstance: LocalIngestionDAG.wget scheduled__2021-03-02T06:00:19+00:00 [queued]>
[2022-04-13 21:17:38,646] {taskinstance.py:1238} INFO - 
--------------------------------------------------------------------------------
[2022-04-13 21:17:38,647] {taskinstance.py:1239} INFO - Starting attempt 1 of 1
[2022-04-13 21:17:38,647] {taskinstance.py:1240} INFO - 
--------------------------------------------------------------------------------
[2022-04-13 21:17:38,675] {taskinstance.py:1259} INFO - Executing <Task(BashOperator): wget> on 2021-03-02 06:00:19+00:00
[2022-04-13 21:17:38,681] {standard_task_runner.py:52} INFO - Started process 2002 to run task
[2022-04-13 21:17:38,686] {standard_task_runner.py:76} INFO - Running: ['***', 'tasks', 'run', 'LocalIngestionDAG', 'wget', 'scheduled__2021-03-02T06:00:19+00:00', '--job-id', '398', '--raw', '--subdir', 'DAGS_FOLDER/data_ingestion_local.py', '--cfg-path', '/tmp/tmpl7drritf', '--error-file', '/tmp/tmpnqhlhd8t']
[2022-04-13 21:17:38,689] {standard_task_runner.py:77} INFO - Job 398: Subtask wget
[2022-04-13 21:17:38,775] {logging_mixin.py:109} INFO - Running <TaskInstance: LocalIngestionDAG.wget scheduled__2021-03-02T06:00:19+00:00 [running]> on host 13db72185839
[2022-04-13 21:17:38,879] {taskinstance.py:1426} INFO - Exporting the following env vars:
AIRFLOW_CTX_DAG_OWNER=***
AIRFLOW_CTX_DAG_ID=LocalIngestionDAG
AIRFLOW_CTX_TASK_ID=wget
AIRFLOW_CTX_EXECUTION_DATE=2021-03-02T06:00:19+00:00
AIRFLOW_CTX_DAG_RUN_ID=scheduled__2021-03-02T06:00:19+00:00
[2022-04-13 21:17:38,881] {subprocess.py:62} INFO - Tmp dir root location: 
 /tmp
[2022-04-13 21:17:38,885] {subprocess.py:74} INFO - Running command: ['bash', '-c', 'echo "hello world"']
[2022-04-13 21:17:38,898] {subprocess.py:85} INFO - Output:
[2022-04-13 21:17:38,901] {subprocess.py:89} INFO - hello world
[2022-04-13 21:17:38,902] {subprocess.py:93} INFO - Command exited with return code 0
[2022-04-13 21:17:38,949] {taskinstance.py:1277} INFO - Marking task as SUCCESS. dag_id=LocalIngestionDAG, task_id=wget, execution_date=20210302T060019, start_date=20220413T211738, end_date=20220413T211738
[2022-04-13 21:17:39,020] {local_task_job.py:154} INFO - Task exited with return code 0
[2022-04-13 21:17:39,117] {local_task_job.py:264} INFO - 0 downstream tasks scheduled from follow-on schedule check
