[2022-04-13 22:30:22,992] {taskinstance.py:1032} INFO - Dependencies all met for <TaskInstance: LocalIngestionDAG.ingest scheduled__2021-12-02T06:00:35+00:00 [queued]>
[2022-04-13 22:30:23,018] {taskinstance.py:1032} INFO - Dependencies all met for <TaskInstance: LocalIngestionDAG.ingest scheduled__2021-12-02T06:00:35+00:00 [queued]>
[2022-04-13 22:30:23,019] {taskinstance.py:1238} INFO - 
--------------------------------------------------------------------------------
[2022-04-13 22:30:23,019] {taskinstance.py:1239} INFO - Starting attempt 1 of 1
[2022-04-13 22:30:23,020] {taskinstance.py:1240} INFO - 
--------------------------------------------------------------------------------
[2022-04-13 22:30:23,072] {taskinstance.py:1259} INFO - Executing <Task(BashOperator): ingest> on 2021-12-02 06:00:35+00:00
[2022-04-13 22:30:23,098] {standard_task_runner.py:52} INFO - Started process 9200 to run task
[2022-04-13 22:30:23,101] {standard_task_runner.py:76} INFO - Running: ['***', 'tasks', 'run', 'LocalIngestionDAG', 'ingest', 'scheduled__2021-12-02T06:00:35+00:00', '--job-id', '1485', '--raw', '--subdir', 'DAGS_FOLDER/data_ingestion_local.py', '--cfg-path', '/tmp/tmpcjll6td4', '--error-file', '/tmp/tmpkzhh97tc']
[2022-04-13 22:30:23,109] {standard_task_runner.py:77} INFO - Job 1485: Subtask ingest
[2022-04-13 22:30:23,283] {logging_mixin.py:109} INFO - Running <TaskInstance: LocalIngestionDAG.ingest scheduled__2021-12-02T06:00:35+00:00 [running]> on host 13db72185839
[2022-04-13 22:30:23,872] {taskinstance.py:1426} INFO - Exporting the following env vars:
AIRFLOW_CTX_DAG_OWNER=***
AIRFLOW_CTX_DAG_ID=LocalIngestionDAG
AIRFLOW_CTX_TASK_ID=ingest
AIRFLOW_CTX_EXECUTION_DATE=2021-12-02T06:00:35+00:00
AIRFLOW_CTX_DAG_RUN_ID=scheduled__2021-12-02T06:00:35+00:00
[2022-04-13 22:30:23,894] {subprocess.py:62} INFO - Tmp dir root location: 
 /tmp
[2022-04-13 22:30:23,920] {subprocess.py:74} INFO - Running command: ['bash', '-c', 'ls /opt/***']
[2022-04-13 22:30:23,945] {subprocess.py:85} INFO - Output:
[2022-04-13 22:30:23,961] {subprocess.py:89} INFO - ***.cfg
[2022-04-13 22:30:23,964] {subprocess.py:89} INFO - dags
[2022-04-13 22:30:23,966] {subprocess.py:89} INFO - logs
[2022-04-13 22:30:23,968] {subprocess.py:89} INFO - output.csv
[2022-04-13 22:30:23,969] {subprocess.py:89} INFO - plugins
[2022-04-13 22:30:23,971] {subprocess.py:89} INFO - requirements.txt
[2022-04-13 22:30:23,976] {subprocess.py:89} INFO - scripts
[2022-04-13 22:30:23,977] {subprocess.py:89} INFO - webserver_config.py
[2022-04-13 22:30:23,983] {subprocess.py:93} INFO - Command exited with return code 0
[2022-04-13 22:30:24,452] {taskinstance.py:1277} INFO - Marking task as SUCCESS. dag_id=LocalIngestionDAG, task_id=ingest, execution_date=20211202T060035, start_date=20220413T223022, end_date=20220413T223024
[2022-04-13 22:30:24,564] {local_task_job.py:154} INFO - Task exited with return code 0
[2022-04-13 22:30:24,721] {local_task_job.py:264} INFO - 0 downstream tasks scheduled from follow-on schedule check
