[2022-04-13 22:34:06,465] {taskinstance.py:1032} INFO - Dependencies all met for <TaskInstance: LocalIngestionDAG.wget scheduled__2022-02-02T06:00:49+00:00 [queued]>
[2022-04-13 22:34:06,510] {taskinstance.py:1032} INFO - Dependencies all met for <TaskInstance: LocalIngestionDAG.wget scheduled__2022-02-02T06:00:49+00:00 [queued]>
[2022-04-13 22:34:06,511] {taskinstance.py:1238} INFO - 
--------------------------------------------------------------------------------
[2022-04-13 22:34:06,512] {taskinstance.py:1239} INFO - Starting attempt 1 of 1
[2022-04-13 22:34:06,512] {taskinstance.py:1240} INFO - 
--------------------------------------------------------------------------------
[2022-04-13 22:34:06,570] {taskinstance.py:1259} INFO - Executing <Task(BashOperator): wget> on 2022-02-02 06:00:49+00:00
[2022-04-13 22:34:06,580] {standard_task_runner.py:52} INFO - Started process 10393 to run task
[2022-04-13 22:34:06,587] {standard_task_runner.py:76} INFO - Running: ['***', 'tasks', 'run', 'LocalIngestionDAG', 'wget', 'scheduled__2022-02-02T06:00:49+00:00', '--job-id', '1746', '--raw', '--subdir', 'DAGS_FOLDER/data_ingestion_local.py', '--cfg-path', '/tmp/tmp42qponr9', '--error-file', '/tmp/tmpdwlppye2']
[2022-04-13 22:34:06,593] {standard_task_runner.py:77} INFO - Job 1746: Subtask wget
[2022-04-13 22:34:06,789] {logging_mixin.py:109} INFO - Running <TaskInstance: LocalIngestionDAG.wget scheduled__2022-02-02T06:00:49+00:00 [running]> on host 13db72185839
[2022-04-13 22:34:06,925] {logging_mixin.py:109} WARNING - /home/***/.local/lib/python3.7/site-packages/***/utils/context.py:152 AirflowContextDeprecationWarning: Accessing 'execution_date' from the template is deprecated and will be removed in a future version. Please use 'data_interval_start' or 'logical_date' instead.
[2022-04-13 22:34:06,982] {taskinstance.py:1426} INFO - Exporting the following env vars:
AIRFLOW_CTX_DAG_OWNER=***
AIRFLOW_CTX_DAG_ID=LocalIngestionDAG
AIRFLOW_CTX_TASK_ID=wget
AIRFLOW_CTX_EXECUTION_DATE=2022-02-02T06:00:49+00:00
AIRFLOW_CTX_DAG_RUN_ID=scheduled__2022-02-02T06:00:49+00:00
[2022-04-13 22:34:06,984] {subprocess.py:62} INFO - Tmp dir root location: 
 /tmp
[2022-04-13 22:34:06,987] {subprocess.py:74} INFO - Running command: ['bash', '-c', 'curl -sSL https://s3.amazonaws.com/nyc-tlc/trip+data/yellow_tripdata_2022-02.csv > /opt/***/output.csv']
[2022-04-13 22:34:07,014] {subprocess.py:85} INFO - Output:
[2022-04-13 22:34:10,967] {subprocess.py:93} INFO - Command exited with return code 0
[2022-04-13 22:34:11,267] {taskinstance.py:1277} INFO - Marking task as SUCCESS. dag_id=LocalIngestionDAG, task_id=wget, execution_date=20220202T060049, start_date=20220413T223406, end_date=20220413T223411
[2022-04-13 22:34:11,448] {local_task_job.py:154} INFO - Task exited with return code 0
[2022-04-13 22:34:11,637] {local_task_job.py:264} INFO - 1 downstream tasks scheduled from follow-on schedule check
