[2022-04-13 21:16:52,055] {taskinstance.py:1032} INFO - Dependencies all met for <TaskInstance: LocalIngestionDAG.wget scheduled__2021-02-02T06:00:26+00:00 [queued]>
[2022-04-13 21:16:52,071] {taskinstance.py:1032} INFO - Dependencies all met for <TaskInstance: LocalIngestionDAG.wget scheduled__2021-02-02T06:00:26+00:00 [queued]>
[2022-04-13 21:16:52,073] {taskinstance.py:1238} INFO - 
--------------------------------------------------------------------------------
[2022-04-13 21:16:52,073] {taskinstance.py:1239} INFO - Starting attempt 1 of 1
[2022-04-13 21:16:52,074] {taskinstance.py:1240} INFO - 
--------------------------------------------------------------------------------
[2022-04-13 21:16:52,096] {taskinstance.py:1259} INFO - Executing <Task(BashOperator): wget> on 2021-02-02 06:00:26+00:00
[2022-04-13 21:16:52,100] {standard_task_runner.py:52} INFO - Started process 1650 to run task
[2022-04-13 21:16:52,104] {standard_task_runner.py:76} INFO - Running: ['***', 'tasks', 'run', 'LocalIngestionDAG', 'wget', 'scheduled__2021-02-02T06:00:26+00:00', '--job-id', '293', '--raw', '--subdir', 'DAGS_FOLDER/data_ingestion_local.py', '--cfg-path', '/tmp/tmp6_ayfyth', '--error-file', '/tmp/tmpy_wvher4']
[2022-04-13 21:16:52,108] {standard_task_runner.py:77} INFO - Job 293: Subtask wget
[2022-04-13 21:16:52,190] {logging_mixin.py:109} INFO - Running <TaskInstance: LocalIngestionDAG.wget scheduled__2021-02-02T06:00:26+00:00 [running]> on host 13db72185839
[2022-04-13 21:16:52,361] {taskinstance.py:1426} INFO - Exporting the following env vars:
AIRFLOW_CTX_DAG_OWNER=***
AIRFLOW_CTX_DAG_ID=LocalIngestionDAG
AIRFLOW_CTX_TASK_ID=wget
AIRFLOW_CTX_EXECUTION_DATE=2021-02-02T06:00:26+00:00
AIRFLOW_CTX_DAG_RUN_ID=scheduled__2021-02-02T06:00:26+00:00
[2022-04-13 21:16:52,363] {subprocess.py:62} INFO - Tmp dir root location: 
 /tmp
[2022-04-13 21:16:52,365] {subprocess.py:74} INFO - Running command: ['bash', '-c', 'echo "hello world"']
[2022-04-13 21:16:52,385] {subprocess.py:85} INFO - Output:
[2022-04-13 21:16:52,394] {subprocess.py:89} INFO - hello world
[2022-04-13 21:16:52,395] {subprocess.py:93} INFO - Command exited with return code 0
[2022-04-13 21:16:52,582] {taskinstance.py:1277} INFO - Marking task as SUCCESS. dag_id=LocalIngestionDAG, task_id=wget, execution_date=20210202T060026, start_date=20220413T211652, end_date=20220413T211652
[2022-04-13 21:16:52,640] {local_task_job.py:154} INFO - Task exited with return code 0
[2022-04-13 21:16:52,730] {local_task_job.py:264} INFO - 1 downstream tasks scheduled from follow-on schedule check
