[2022-04-13 21:26:25,838] {taskinstance.py:1032} INFO - Dependencies all met for <TaskInstance: LocalIngestionDAG.wget scheduled__2021-09-02T06:00:34+00:00 [queued]>
[2022-04-13 21:26:25,886] {taskinstance.py:1032} INFO - Dependencies all met for <TaskInstance: LocalIngestionDAG.wget scheduled__2021-09-02T06:00:34+00:00 [queued]>
[2022-04-13 21:26:25,891] {taskinstance.py:1238} INFO - 
--------------------------------------------------------------------------------
[2022-04-13 21:26:25,893] {taskinstance.py:1239} INFO - Starting attempt 1 of 1
[2022-04-13 21:26:25,906] {taskinstance.py:1240} INFO - 
--------------------------------------------------------------------------------
[2022-04-13 21:26:26,010] {taskinstance.py:1259} INFO - Executing <Task(BashOperator): wget> on 2021-09-02 06:00:34+00:00
[2022-04-13 21:26:26,016] {standard_task_runner.py:52} INFO - Started process 4682 to run task
[2022-04-13 21:26:26,049] {standard_task_runner.py:76} INFO - Running: ['***', 'tasks', 'run', 'LocalIngestionDAG', 'wget', 'scheduled__2021-09-02T06:00:34+00:00', '--job-id', '1146', '--raw', '--subdir', 'DAGS_FOLDER/data_ingestion_local.py', '--cfg-path', '/tmp/tmpzq8ejvc8', '--error-file', '/tmp/tmpxaqd_elc']
[2022-04-13 21:26:26,052] {standard_task_runner.py:77} INFO - Job 1146: Subtask wget
[2022-04-13 21:26:26,321] {logging_mixin.py:109} INFO - Running <TaskInstance: LocalIngestionDAG.wget scheduled__2021-09-02T06:00:34+00:00 [running]> on host 13db72185839
[2022-04-13 21:26:26,579] {taskinstance.py:1426} INFO - Exporting the following env vars:
AIRFLOW_CTX_DAG_OWNER=***
AIRFLOW_CTX_DAG_ID=LocalIngestionDAG
AIRFLOW_CTX_TASK_ID=wget
AIRFLOW_CTX_EXECUTION_DATE=2021-09-02T06:00:34+00:00
AIRFLOW_CTX_DAG_RUN_ID=scheduled__2021-09-02T06:00:34+00:00
[2022-04-13 21:26:26,583] {subprocess.py:62} INFO - Tmp dir root location: 
 /tmp
[2022-04-13 21:26:26,590] {subprocess.py:74} INFO - Running command: ['bash', '-c', 'echo "hello world"']
[2022-04-13 21:26:26,613] {subprocess.py:85} INFO - Output:
[2022-04-13 21:26:26,620] {subprocess.py:89} INFO - hello world
[2022-04-13 21:26:26,621] {subprocess.py:93} INFO - Command exited with return code 0
[2022-04-13 21:26:26,706] {taskinstance.py:1277} INFO - Marking task as SUCCESS. dag_id=LocalIngestionDAG, task_id=wget, execution_date=20210902T060034, start_date=20220413T212625, end_date=20220413T212626
[2022-04-13 21:26:26,810] {local_task_job.py:154} INFO - Task exited with return code 0
[2022-04-13 21:26:26,907] {local_task_job.py:264} INFO - 1 downstream tasks scheduled from follow-on schedule check
