[2022-04-12 15:46:29,520] {taskinstance.py:1032} INFO - Dependencies all met for <TaskInstance: data_ingestion_gcs_dag.format_to_parquet_task scheduled__2022-04-11T00:00:00+00:00 [queued]>
[2022-04-12 15:46:29,542] {taskinstance.py:1032} INFO - Dependencies all met for <TaskInstance: data_ingestion_gcs_dag.format_to_parquet_task scheduled__2022-04-11T00:00:00+00:00 [queued]>
[2022-04-12 15:46:29,542] {taskinstance.py:1238} INFO - 
--------------------------------------------------------------------------------
[2022-04-12 15:46:29,543] {taskinstance.py:1239} INFO - Starting attempt 1 of 2
[2022-04-12 15:46:29,543] {taskinstance.py:1240} INFO - 
--------------------------------------------------------------------------------
[2022-04-12 15:46:29,562] {taskinstance.py:1259} INFO - Executing <Task(PythonOperator): format_to_parquet_task> on 2022-04-11 00:00:00+00:00
[2022-04-12 15:46:29,617] {standard_task_runner.py:52} INFO - Started process 260 to run task
[2022-04-12 15:46:29,631] {standard_task_runner.py:76} INFO - Running: ['***', 'tasks', 'run', 'data_ingestion_gcs_dag', 'format_to_parquet_task', 'scheduled__2022-04-11T00:00:00+00:00', '--job-id', '57', '--raw', '--subdir', 'DAGS_FOLDER/data_ingestion_gcs_dag.py', '--cfg-path', '/tmp/tmplh0ff82z', '--error-file', '/tmp/tmpqyd1ewyv']
[2022-04-12 15:46:29,634] {standard_task_runner.py:77} INFO - Job 57: Subtask format_to_parquet_task
[2022-04-12 15:46:29,805] {logging_mixin.py:109} INFO - Running <TaskInstance: data_ingestion_gcs_dag.format_to_parquet_task scheduled__2022-04-11T00:00:00+00:00 [running]> on host c8926bece071
[2022-04-12 15:46:29,955] {taskinstance.py:1426} INFO - Exporting the following env vars:
AIRFLOW_CTX_DAG_OWNER=***
AIRFLOW_CTX_DAG_ID=data_ingestion_gcs_dag
AIRFLOW_CTX_TASK_ID=format_to_parquet_task
AIRFLOW_CTX_EXECUTION_DATE=2022-04-11T00:00:00+00:00
AIRFLOW_CTX_DAG_RUN_ID=scheduled__2022-04-11T00:00:00+00:00
[2022-04-12 15:46:36,935] {python.py:175} INFO - Done. Returned value was: None
[2022-04-12 15:46:37,069] {taskinstance.py:1277} INFO - Marking task as SUCCESS. dag_id=data_ingestion_gcs_dag, task_id=format_to_parquet_task, execution_date=20220411T000000, start_date=20220412T154629, end_date=20220412T154637
[2022-04-12 15:46:37,176] {local_task_job.py:154} INFO - Task exited with return code 0
[2022-04-12 15:46:37,485] {local_task_job.py:264} INFO - 0 downstream tasks scheduled from follow-on schedule check
