[2022-04-13 21:21:59,127] {taskinstance.py:1032} INFO - Dependencies all met for <TaskInstance: LocalIngestionDAG.ingest scheduled__2021-05-02T06:00:20+00:00 [queued]>
[2022-04-13 21:21:59,150] {taskinstance.py:1032} INFO - Dependencies all met for <TaskInstance: LocalIngestionDAG.ingest scheduled__2021-05-02T06:00:20+00:00 [queued]>
[2022-04-13 21:21:59,151] {taskinstance.py:1238} INFO - 
--------------------------------------------------------------------------------
[2022-04-13 21:21:59,151] {taskinstance.py:1239} INFO - Starting attempt 1 of 1
[2022-04-13 21:21:59,152] {taskinstance.py:1240} INFO - 
--------------------------------------------------------------------------------
[2022-04-13 21:21:59,177] {taskinstance.py:1259} INFO - Executing <Task(BashOperator): ingest> on 2021-05-02 06:00:20+00:00
[2022-04-13 21:21:59,182] {standard_task_runner.py:52} INFO - Started process 2975 to run task
[2022-04-13 21:21:59,195] {standard_task_runner.py:76} INFO - Running: ['***', 'tasks', 'run', 'LocalIngestionDAG', 'ingest', 'scheduled__2021-05-02T06:00:20+00:00', '--job-id', '644', '--raw', '--subdir', 'DAGS_FOLDER/data_ingestion_local.py', '--cfg-path', '/tmp/tmpvfm5eos6', '--error-file', '/tmp/tmpqiort49c']
[2022-04-13 21:21:59,201] {standard_task_runner.py:77} INFO - Job 644: Subtask ingest
[2022-04-13 21:21:59,324] {logging_mixin.py:109} INFO - Running <TaskInstance: LocalIngestionDAG.ingest scheduled__2021-05-02T06:00:20+00:00 [running]> on host 13db72185839
[2022-04-13 21:21:59,442] {taskinstance.py:1426} INFO - Exporting the following env vars:
AIRFLOW_CTX_DAG_OWNER=***
AIRFLOW_CTX_DAG_ID=LocalIngestionDAG
AIRFLOW_CTX_TASK_ID=ingest
AIRFLOW_CTX_EXECUTION_DATE=2021-05-02T06:00:20+00:00
AIRFLOW_CTX_DAG_RUN_ID=scheduled__2021-05-02T06:00:20+00:00
[2022-04-13 21:21:59,444] {subprocess.py:62} INFO - Tmp dir root location: 
 /tmp
[2022-04-13 21:21:59,445] {subprocess.py:74} INFO - Running command: ['bash', '-c', 'pwd']
[2022-04-13 21:21:59,461] {subprocess.py:85} INFO - Output:
[2022-04-13 21:21:59,464] {subprocess.py:89} INFO - /tmp/***tmp0j2o2onz
[2022-04-13 21:21:59,465] {subprocess.py:93} INFO - Command exited with return code 0
[2022-04-13 21:21:59,512] {taskinstance.py:1277} INFO - Marking task as SUCCESS. dag_id=LocalIngestionDAG, task_id=ingest, execution_date=20210502T060020, start_date=20220413T212159, end_date=20220413T212159
[2022-04-13 21:21:59,565] {local_task_job.py:154} INFO - Task exited with return code 0
[2022-04-13 21:21:59,614] {local_task_job.py:264} INFO - 0 downstream tasks scheduled from follow-on schedule check
