[2022-04-13 21:27:37,316] {taskinstance.py:1032} INFO - Dependencies all met for <TaskInstance: LocalIngestionDAG.wget scheduled__2021-10-02T06:00:26+00:00 [queued]>
[2022-04-13 21:27:37,391] {taskinstance.py:1032} INFO - Dependencies all met for <TaskInstance: LocalIngestionDAG.wget scheduled__2021-10-02T06:00:26+00:00 [queued]>
[2022-04-13 21:27:37,394] {taskinstance.py:1238} INFO - 
--------------------------------------------------------------------------------
[2022-04-13 21:27:37,396] {taskinstance.py:1239} INFO - Starting attempt 1 of 1
[2022-04-13 21:27:37,403] {taskinstance.py:1240} INFO - 
--------------------------------------------------------------------------------
[2022-04-13 21:27:37,537] {taskinstance.py:1259} INFO - Executing <Task(BashOperator): wget> on 2021-10-02 06:00:26+00:00
[2022-04-13 21:27:37,564] {standard_task_runner.py:52} INFO - Started process 5046 to run task
[2022-04-13 21:27:37,584] {standard_task_runner.py:76} INFO - Running: ['***', 'tasks', 'run', 'LocalIngestionDAG', 'wget', 'scheduled__2021-10-02T06:00:26+00:00', '--job-id', '1250', '--raw', '--subdir', 'DAGS_FOLDER/data_ingestion_local.py', '--cfg-path', '/tmp/tmplckiiyzk', '--error-file', '/tmp/tmpj8p8zqpm']
[2022-04-13 21:27:37,603] {standard_task_runner.py:77} INFO - Job 1250: Subtask wget
[2022-04-13 21:27:37,993] {logging_mixin.py:109} INFO - Running <TaskInstance: LocalIngestionDAG.wget scheduled__2021-10-02T06:00:26+00:00 [running]> on host 13db72185839
[2022-04-13 21:27:38,404] {taskinstance.py:1426} INFO - Exporting the following env vars:
AIRFLOW_CTX_DAG_OWNER=***
AIRFLOW_CTX_DAG_ID=LocalIngestionDAG
AIRFLOW_CTX_TASK_ID=wget
AIRFLOW_CTX_EXECUTION_DATE=2021-10-02T06:00:26+00:00
AIRFLOW_CTX_DAG_RUN_ID=scheduled__2021-10-02T06:00:26+00:00
[2022-04-13 21:27:38,407] {subprocess.py:62} INFO - Tmp dir root location: 
 /tmp
[2022-04-13 21:27:38,410] {subprocess.py:74} INFO - Running command: ['bash', '-c', 'echo "hello world"']
[2022-04-13 21:27:38,493] {subprocess.py:85} INFO - Output:
[2022-04-13 21:27:38,495] {subprocess.py:89} INFO - hello world
[2022-04-13 21:27:38,499] {subprocess.py:93} INFO - Command exited with return code 0
[2022-04-13 21:27:39,088] {taskinstance.py:1277} INFO - Marking task as SUCCESS. dag_id=LocalIngestionDAG, task_id=wget, execution_date=20211002T060026, start_date=20220413T212737, end_date=20220413T212739
[2022-04-13 21:27:39,192] {local_task_job.py:154} INFO - Task exited with return code 0
[2022-04-13 21:27:39,433] {local_task_job.py:264} INFO - 1 downstream tasks scheduled from follow-on schedule check
