[2022-04-13 21:54:27,436] {taskinstance.py:1032} INFO - Dependencies all met for <TaskInstance: LocalIngestionDAG.wget scheduled__2021-11-02T06:00:14+00:00 [queued]>
[2022-04-13 21:54:27,466] {taskinstance.py:1032} INFO - Dependencies all met for <TaskInstance: LocalIngestionDAG.wget scheduled__2021-11-02T06:00:14+00:00 [queued]>
[2022-04-13 21:54:27,467] {taskinstance.py:1238} INFO - 
--------------------------------------------------------------------------------
[2022-04-13 21:54:27,467] {taskinstance.py:1239} INFO - Starting attempt 1 of 1
[2022-04-13 21:54:27,468] {taskinstance.py:1240} INFO - 
--------------------------------------------------------------------------------
[2022-04-13 21:54:27,505] {taskinstance.py:1259} INFO - Executing <Task(BashOperator): wget> on 2021-11-02 06:00:14+00:00
[2022-04-13 21:54:27,510] {standard_task_runner.py:52} INFO - Started process 6832 to run task
[2022-04-13 21:54:27,520] {standard_task_runner.py:76} INFO - Running: ['***', 'tasks', 'run', 'LocalIngestionDAG', 'wget', 'scheduled__2021-11-02T06:00:14+00:00', '--job-id', '1335', '--raw', '--subdir', 'DAGS_FOLDER/data_ingestion_local.py', '--cfg-path', '/tmp/tmpq0ivle0l', '--error-file', '/tmp/tmpv3lr8q0g']
[2022-04-13 21:54:27,523] {standard_task_runner.py:77} INFO - Job 1335: Subtask wget
[2022-04-13 21:54:27,739] {logging_mixin.py:109} INFO - Running <TaskInstance: LocalIngestionDAG.wget scheduled__2021-11-02T06:00:14+00:00 [running]> on host 13db72185839
[2022-04-13 21:54:27,877] {taskinstance.py:1426} INFO - Exporting the following env vars:
AIRFLOW_CTX_DAG_OWNER=***
AIRFLOW_CTX_DAG_ID=LocalIngestionDAG
AIRFLOW_CTX_TASK_ID=wget
AIRFLOW_CTX_EXECUTION_DATE=2021-11-02T06:00:14+00:00
AIRFLOW_CTX_DAG_RUN_ID=scheduled__2021-11-02T06:00:14+00:00
[2022-04-13 21:54:27,880] {subprocess.py:62} INFO - Tmp dir root location: 
 /tmp
[2022-04-13 21:54:27,883] {subprocess.py:74} INFO - Running command: ['bash', '-c', 'curl -sSL https://s3.amazonaws.com/nyc-tlc/trip+data/yellow_tripdata_2021-01.csv > /opt/***/output.csv']
[2022-04-13 21:54:27,906] {subprocess.py:85} INFO - Output:
[2022-04-13 22:27:22,182] {subprocess.py:93} INFO - Command exited with return code 0
[2022-04-13 22:27:22,743] {taskinstance.py:1277} INFO - Marking task as SUCCESS. dag_id=LocalIngestionDAG, task_id=wget, execution_date=20211102T060014, start_date=20220413T215427, end_date=20220413T222722
[2022-04-13 22:27:22,867] {local_task_job.py:154} INFO - Task exited with return code 0
[2022-04-13 22:27:22,991] {local_task_job.py:264} INFO - 1 downstream tasks scheduled from follow-on schedule check
