[2022-04-11 19:28:38,721] {taskinstance.py:1032} INFO - Dependencies all met for <TaskInstance: data_ingestion_gcs_dag.download_dataset_task manual__2022-04-11T19:28:36.625979+00:00 [queued]>
[2022-04-11 19:28:38,732] {taskinstance.py:1032} INFO - Dependencies all met for <TaskInstance: data_ingestion_gcs_dag.download_dataset_task manual__2022-04-11T19:28:36.625979+00:00 [queued]>
[2022-04-11 19:28:38,733] {taskinstance.py:1238} INFO - 
--------------------------------------------------------------------------------
[2022-04-11 19:28:38,734] {taskinstance.py:1239} INFO - Starting attempt 1 of 2
[2022-04-11 19:28:38,734] {taskinstance.py:1240} INFO - 
--------------------------------------------------------------------------------
[2022-04-11 19:28:38,746] {taskinstance.py:1259} INFO - Executing <Task(BashOperator): download_dataset_task> on 2022-04-11 19:28:36.625979+00:00
[2022-04-11 19:28:38,751] {standard_task_runner.py:52} INFO - Started process 5410 to run task
[2022-04-11 19:28:38,754] {standard_task_runner.py:76} INFO - Running: ['***', 'tasks', 'run', 'data_ingestion_gcs_dag', 'download_dataset_task', 'manual__2022-04-11T19:28:36.625979+00:00', '--job-id', '11', '--raw', '--subdir', 'DAGS_FOLDER/data_ingestion_gcs_dag.py', '--cfg-path', '/tmp/tmpufgtyi5z', '--error-file', '/tmp/tmp35ch4sl_']
[2022-04-11 19:28:38,756] {standard_task_runner.py:77} INFO - Job 11: Subtask download_dataset_task
[2022-04-11 19:28:38,806] {logging_mixin.py:109} INFO - Running <TaskInstance: data_ingestion_gcs_dag.download_dataset_task manual__2022-04-11T19:28:36.625979+00:00 [running]> on host 8d956c578a40
[2022-04-11 19:28:38,862] {taskinstance.py:1426} INFO - Exporting the following env vars:
AIRFLOW_CTX_DAG_OWNER=***
AIRFLOW_CTX_DAG_ID=data_ingestion_gcs_dag
AIRFLOW_CTX_TASK_ID=download_dataset_task
AIRFLOW_CTX_EXECUTION_DATE=2022-04-11T19:28:36.625979+00:00
AIRFLOW_CTX_DAG_RUN_ID=manual__2022-04-11T19:28:36.625979+00:00
[2022-04-11 19:28:38,863] {subprocess.py:62} INFO - Tmp dir root location: 
 /tmp
[2022-04-11 19:28:38,866] {subprocess.py:74} INFO - Running command: ['bash', '-c', 'curl -sSL https://s3.amazonaws.com/nyc-tlc/trip+data/yellow_tripdata_2021-01.csv > /opt/***/yellow_tripdata_2021-01.csv']
[2022-04-11 19:28:38,880] {subprocess.py:85} INFO - Output:
[2022-04-11 19:29:58,852] {subprocess.py:93} INFO - Command exited with return code 0
[2022-04-11 19:29:58,935] {taskinstance.py:1277} INFO - Marking task as SUCCESS. dag_id=data_ingestion_gcs_dag, task_id=download_dataset_task, execution_date=20220411T192836, start_date=20220411T192838, end_date=20220411T192958
[2022-04-11 19:29:58,981] {local_task_job.py:154} INFO - Task exited with return code 0
[2022-04-11 19:29:59,014] {local_task_job.py:264} INFO - 1 downstream tasks scheduled from follow-on schedule check
