[2022-04-16 19:13:59,750] {taskinstance.py:1032} INFO - Dependencies all met for <TaskInstance: live_coded_gcs_2_bg_dag.gcs_2_gcs_task manual__2022-04-16T18:45:04.028564+00:00 [queued]>
[2022-04-16 19:13:59,760] {taskinstance.py:1032} INFO - Dependencies all met for <TaskInstance: live_coded_gcs_2_bg_dag.gcs_2_gcs_task manual__2022-04-16T18:45:04.028564+00:00 [queued]>
[2022-04-16 19:13:59,761] {taskinstance.py:1238} INFO - 
--------------------------------------------------------------------------------
[2022-04-16 19:13:59,761] {taskinstance.py:1239} INFO - Starting attempt 3 of 4
[2022-04-16 19:13:59,762] {taskinstance.py:1240} INFO - 
--------------------------------------------------------------------------------
[2022-04-16 19:13:59,774] {taskinstance.py:1259} INFO - Executing <Task(GCSToGCSOperator): gcs_2_gcs_task> on 2022-04-16 18:45:04.028564+00:00
[2022-04-16 19:13:59,779] {standard_task_runner.py:52} INFO - Started process 4570 to run task
[2022-04-16 19:13:59,783] {standard_task_runner.py:76} INFO - Running: ['***', 'tasks', 'run', 'live_coded_gcs_2_bg_dag', 'gcs_2_gcs_task', 'manual__2022-04-16T18:45:04.028564+00:00', '--job-id', '2234', '--raw', '--subdir', 'DAGS_FOLDER/gcs_2_bq_dag.py', '--cfg-path', '/tmp/tmps0v3ojds', '--error-file', '/tmp/tmpswjzzwep']
[2022-04-16 19:13:59,785] {standard_task_runner.py:77} INFO - Job 2234: Subtask gcs_2_gcs_task
[2022-04-16 19:13:59,863] {logging_mixin.py:109} INFO - Running <TaskInstance: live_coded_gcs_2_bg_dag.gcs_2_gcs_task manual__2022-04-16T18:45:04.028564+00:00 [running]> on host 3e228c3601a1
[2022-04-16 19:13:59,926] {taskinstance.py:1426} INFO - Exporting the following env vars:
AIRFLOW_CTX_DAG_OWNER=***
AIRFLOW_CTX_DAG_ID=live_coded_gcs_2_bg_dag
AIRFLOW_CTX_TASK_ID=gcs_2_gcs_task
AIRFLOW_CTX_EXECUTION_DATE=2022-04-16T18:45:04.028564+00:00
AIRFLOW_CTX_DAG_RUN_ID=manual__2022-04-16T18:45:04.028564+00:00
[2022-04-16 19:13:59,927] {crypto.py:82} WARNING - empty cryptography key - values will not be stored encrypted.
[2022-04-16 19:13:59,928] {gcs_to_gcs.py:346} INFO - Delimiter ignored because wildcard is in prefix
[2022-04-16 19:14:01,254] {taskinstance.py:1277} INFO - Marking task as SUCCESS. dag_id=live_coded_gcs_2_bg_dag, task_id=gcs_2_gcs_task, execution_date=20220416T184504, start_date=20220416T191359, end_date=20220416T191401
[2022-04-16 19:14:01,285] {local_task_job.py:154} INFO - Task exited with return code 0
[2022-04-16 19:14:01,328] {local_task_job.py:264} INFO - 1 downstream tasks scheduled from follow-on schedule check
