[2022-04-13 21:54:18,607] {taskinstance.py:1032} INFO - Dependencies all met for <TaskInstance: LocalIngestionDAG.ingest scheduled__2021-11-02T06:00:09+00:00 [queued]>
[2022-04-13 21:54:18,652] {taskinstance.py:1032} INFO - Dependencies all met for <TaskInstance: LocalIngestionDAG.ingest scheduled__2021-11-02T06:00:09+00:00 [queued]>
[2022-04-13 21:54:18,656] {taskinstance.py:1238} INFO - 
--------------------------------------------------------------------------------
[2022-04-13 21:54:18,657] {taskinstance.py:1239} INFO - Starting attempt 1 of 1
[2022-04-13 21:54:18,658] {taskinstance.py:1240} INFO - 
--------------------------------------------------------------------------------
[2022-04-13 21:54:18,716] {taskinstance.py:1259} INFO - Executing <Task(BashOperator): ingest> on 2021-11-02 06:00:09+00:00
[2022-04-13 21:54:18,729] {standard_task_runner.py:52} INFO - Started process 6811 to run task
[2022-04-13 21:54:18,743] {standard_task_runner.py:76} INFO - Running: ['***', 'tasks', 'run', 'LocalIngestionDAG', 'ingest', 'scheduled__2021-11-02T06:00:09+00:00', '--job-id', '1331', '--raw', '--subdir', 'DAGS_FOLDER/data_ingestion_local.py', '--cfg-path', '/tmp/tmp055wune1', '--error-file', '/tmp/tmp4s9hf8hp']
[2022-04-13 21:54:18,751] {standard_task_runner.py:77} INFO - Job 1331: Subtask ingest
[2022-04-13 21:54:18,912] {logging_mixin.py:109} INFO - Running <TaskInstance: LocalIngestionDAG.ingest scheduled__2021-11-02T06:00:09+00:00 [running]> on host 13db72185839
[2022-04-13 21:54:19,112] {taskinstance.py:1426} INFO - Exporting the following env vars:
AIRFLOW_CTX_DAG_OWNER=***
AIRFLOW_CTX_DAG_ID=LocalIngestionDAG
AIRFLOW_CTX_TASK_ID=ingest
AIRFLOW_CTX_EXECUTION_DATE=2021-11-02T06:00:09+00:00
AIRFLOW_CTX_DAG_RUN_ID=scheduled__2021-11-02T06:00:09+00:00
[2022-04-13 21:54:19,118] {subprocess.py:62} INFO - Tmp dir root location: 
 /tmp
[2022-04-13 21:54:19,121] {subprocess.py:74} INFO - Running command: ['bash', '-c', 'ls /opt/***']
[2022-04-13 21:54:19,146] {subprocess.py:85} INFO - Output:
[2022-04-13 21:54:19,161] {subprocess.py:89} INFO - ***.cfg
[2022-04-13 21:54:19,162] {subprocess.py:89} INFO - dags
[2022-04-13 21:54:19,163] {subprocess.py:89} INFO - logs
[2022-04-13 21:54:19,165] {subprocess.py:89} INFO - output.csv
[2022-04-13 21:54:19,169] {subprocess.py:89} INFO - plugins
[2022-04-13 21:54:19,171] {subprocess.py:89} INFO - requirements.txt
[2022-04-13 21:54:19,173] {subprocess.py:89} INFO - scripts
[2022-04-13 21:54:19,174] {subprocess.py:89} INFO - webserver_config.py
[2022-04-13 21:54:19,175] {subprocess.py:93} INFO - Command exited with return code 0
[2022-04-13 21:54:19,269] {taskinstance.py:1277} INFO - Marking task as SUCCESS. dag_id=LocalIngestionDAG, task_id=ingest, execution_date=20211102T060009, start_date=20220413T215418, end_date=20220413T215419
[2022-04-13 21:54:19,328] {local_task_job.py:154} INFO - Task exited with return code 0
[2022-04-13 21:54:19,395] {local_task_job.py:264} INFO - 0 downstream tasks scheduled from follow-on schedule check
