[2022-04-13 21:26:08,946] {taskinstance.py:1032} INFO - Dependencies all met for <TaskInstance: LocalIngestionDAG.ingest scheduled__2021-09-02T06:00:17+00:00 [queued]>
[2022-04-13 21:26:08,986] {taskinstance.py:1032} INFO - Dependencies all met for <TaskInstance: LocalIngestionDAG.ingest scheduled__2021-09-02T06:00:17+00:00 [queued]>
[2022-04-13 21:26:08,987] {taskinstance.py:1238} INFO - 
--------------------------------------------------------------------------------
[2022-04-13 21:26:08,987] {taskinstance.py:1239} INFO - Starting attempt 1 of 1
[2022-04-13 21:26:08,988] {taskinstance.py:1240} INFO - 
--------------------------------------------------------------------------------
[2022-04-13 21:26:09,032] {taskinstance.py:1259} INFO - Executing <Task(BashOperator): ingest> on 2021-09-02 06:00:17+00:00
[2022-04-13 21:26:09,038] {standard_task_runner.py:52} INFO - Started process 4579 to run task
[2022-04-13 21:26:09,048] {standard_task_runner.py:76} INFO - Running: ['***', 'tasks', 'run', 'LocalIngestionDAG', 'ingest', 'scheduled__2021-09-02T06:00:17+00:00', '--job-id', '1118', '--raw', '--subdir', 'DAGS_FOLDER/data_ingestion_local.py', '--cfg-path', '/tmp/tmplsl4ydks', '--error-file', '/tmp/tmp6x5xasga']
[2022-04-13 21:26:09,051] {standard_task_runner.py:77} INFO - Job 1118: Subtask ingest
[2022-04-13 21:26:09,183] {logging_mixin.py:109} INFO - Running <TaskInstance: LocalIngestionDAG.ingest scheduled__2021-09-02T06:00:17+00:00 [running]> on host 13db72185839
[2022-04-13 21:26:09,314] {taskinstance.py:1426} INFO - Exporting the following env vars:
AIRFLOW_CTX_DAG_OWNER=***
AIRFLOW_CTX_DAG_ID=LocalIngestionDAG
AIRFLOW_CTX_TASK_ID=ingest
AIRFLOW_CTX_EXECUTION_DATE=2021-09-02T06:00:17+00:00
AIRFLOW_CTX_DAG_RUN_ID=scheduled__2021-09-02T06:00:17+00:00
[2022-04-13 21:26:09,315] {subprocess.py:62} INFO - Tmp dir root location: 
 /tmp
[2022-04-13 21:26:09,316] {subprocess.py:74} INFO - Running command: ['bash', '-c', 'pwd']
[2022-04-13 21:26:09,330] {subprocess.py:85} INFO - Output:
[2022-04-13 21:26:09,333] {subprocess.py:89} INFO - /tmp/***tmpxcwc8xdo
[2022-04-13 21:26:09,334] {subprocess.py:93} INFO - Command exited with return code 0
[2022-04-13 21:26:09,374] {taskinstance.py:1277} INFO - Marking task as SUCCESS. dag_id=LocalIngestionDAG, task_id=ingest, execution_date=20210902T060017, start_date=20220413T212608, end_date=20220413T212609
[2022-04-13 21:26:09,421] {local_task_job.py:154} INFO - Task exited with return code 0
[2022-04-13 21:26:09,470] {local_task_job.py:264} INFO - 0 downstream tasks scheduled from follow-on schedule check
