[2022-04-13 22:32:20,020] {taskinstance.py:1032} INFO - Dependencies all met for <TaskInstance: LocalIngestionDAG.wget scheduled__2022-01-02T06:00:29+00:00 [queued]>
[2022-04-13 22:32:20,042] {taskinstance.py:1032} INFO - Dependencies all met for <TaskInstance: LocalIngestionDAG.wget scheduled__2022-01-02T06:00:29+00:00 [queued]>
[2022-04-13 22:32:20,043] {taskinstance.py:1238} INFO - 
--------------------------------------------------------------------------------
[2022-04-13 22:32:20,044] {taskinstance.py:1239} INFO - Starting attempt 1 of 1
[2022-04-13 22:32:20,044] {taskinstance.py:1240} INFO - 
--------------------------------------------------------------------------------
[2022-04-13 22:32:20,074] {taskinstance.py:1259} INFO - Executing <Task(BashOperator): wget> on 2022-01-02 06:00:29+00:00
[2022-04-13 22:32:20,082] {standard_task_runner.py:52} INFO - Started process 9678 to run task
[2022-04-13 22:32:20,092] {standard_task_runner.py:76} INFO - Running: ['***', 'tasks', 'run', 'LocalIngestionDAG', 'wget', 'scheduled__2022-01-02T06:00:29+00:00', '--job-id', '1585', '--raw', '--subdir', 'DAGS_FOLDER/data_ingestion_local.py', '--cfg-path', '/tmp/tmpzb43bds7', '--error-file', '/tmp/tmpzw3c82yw']
[2022-04-13 22:32:20,095] {standard_task_runner.py:77} INFO - Job 1585: Subtask wget
[2022-04-13 22:32:20,296] {logging_mixin.py:109} INFO - Running <TaskInstance: LocalIngestionDAG.wget scheduled__2022-01-02T06:00:29+00:00 [running]> on host 13db72185839
[2022-04-13 22:32:20,384] {logging_mixin.py:109} WARNING - /home/***/.local/lib/python3.7/site-packages/***/utils/context.py:152 AirflowContextDeprecationWarning: Accessing 'execution_date' from the template is deprecated and will be removed in a future version. Please use 'data_interval_start' or 'logical_date' instead.
[2022-04-13 22:32:20,432] {taskinstance.py:1426} INFO - Exporting the following env vars:
AIRFLOW_CTX_DAG_OWNER=***
AIRFLOW_CTX_DAG_ID=LocalIngestionDAG
AIRFLOW_CTX_TASK_ID=wget
AIRFLOW_CTX_EXECUTION_DATE=2022-01-02T06:00:29+00:00
AIRFLOW_CTX_DAG_RUN_ID=scheduled__2022-01-02T06:00:29+00:00
[2022-04-13 22:32:20,434] {subprocess.py:62} INFO - Tmp dir root location: 
 /tmp
[2022-04-13 22:32:20,436] {subprocess.py:74} INFO - Running command: ['bash', '-c', 'curl -sSL https://s3.amazonaws.com/nyc-tlc/trip+data/yellow_tripdata_2022-01.csv > /opt/***/output.csv']
[2022-04-13 22:32:20,450] {subprocess.py:85} INFO - Output:
[2022-04-13 22:32:21,686] {subprocess.py:93} INFO - Command exited with return code 0
[2022-04-13 22:32:22,559] {taskinstance.py:1277} INFO - Marking task as SUCCESS. dag_id=LocalIngestionDAG, task_id=wget, execution_date=20220102T060029, start_date=20220413T223220, end_date=20220413T223222
[2022-04-13 22:32:22,646] {local_task_job.py:154} INFO - Task exited with return code 0
[2022-04-13 22:32:22,902] {local_task_job.py:264} INFO - 1 downstream tasks scheduled from follow-on schedule check
