[2022-04-13 21:16:07,841] {taskinstance.py:1032} INFO - Dependencies all met for <TaskInstance: LocalIngestionDAG.wget scheduled__2021-01-02T06:00:38+00:00 [queued]>
[2022-04-13 21:16:07,870] {taskinstance.py:1032} INFO - Dependencies all met for <TaskInstance: LocalIngestionDAG.wget scheduled__2021-01-02T06:00:38+00:00 [queued]>
[2022-04-13 21:16:07,871] {taskinstance.py:1238} INFO - 
--------------------------------------------------------------------------------
[2022-04-13 21:16:07,873] {taskinstance.py:1239} INFO - Starting attempt 1 of 1
[2022-04-13 21:16:07,874] {taskinstance.py:1240} INFO - 
--------------------------------------------------------------------------------
[2022-04-13 21:16:07,918] {taskinstance.py:1259} INFO - Executing <Task(BashOperator): wget> on 2021-01-02 06:00:38+00:00
[2022-04-13 21:16:07,984] {standard_task_runner.py:52} INFO - Started process 1310 to run task
[2022-04-13 21:16:08,004] {standard_task_runner.py:76} INFO - Running: ['***', 'tasks', 'run', 'LocalIngestionDAG', 'wget', 'scheduled__2021-01-02T06:00:38+00:00', '--job-id', '193', '--raw', '--subdir', 'DAGS_FOLDER/data_ingestion_local.py', '--cfg-path', '/tmp/tmp1sqn32bn', '--error-file', '/tmp/tmphu332vru']
[2022-04-13 21:16:08,006] {standard_task_runner.py:77} INFO - Job 193: Subtask wget
[2022-04-13 21:16:08,200] {logging_mixin.py:109} INFO - Running <TaskInstance: LocalIngestionDAG.wget scheduled__2021-01-02T06:00:38+00:00 [running]> on host 13db72185839
[2022-04-13 21:16:08,338] {taskinstance.py:1426} INFO - Exporting the following env vars:
AIRFLOW_CTX_DAG_OWNER=***
AIRFLOW_CTX_DAG_ID=LocalIngestionDAG
AIRFLOW_CTX_TASK_ID=wget
AIRFLOW_CTX_EXECUTION_DATE=2021-01-02T06:00:38+00:00
AIRFLOW_CTX_DAG_RUN_ID=scheduled__2021-01-02T06:00:38+00:00
[2022-04-13 21:16:08,341] {subprocess.py:62} INFO - Tmp dir root location: 
 /tmp
[2022-04-13 21:16:08,342] {subprocess.py:74} INFO - Running command: ['bash', '-c', 'echo "hello world"']
[2022-04-13 21:16:08,358] {subprocess.py:85} INFO - Output:
[2022-04-13 21:16:08,361] {subprocess.py:89} INFO - hello world
[2022-04-13 21:16:08,362] {subprocess.py:93} INFO - Command exited with return code 0
[2022-04-13 21:16:08,417] {taskinstance.py:1277} INFO - Marking task as SUCCESS. dag_id=LocalIngestionDAG, task_id=wget, execution_date=20210102T060038, start_date=20220413T211607, end_date=20220413T211608
[2022-04-13 21:16:08,501] {local_task_job.py:154} INFO - Task exited with return code 0
[2022-04-13 21:16:08,612] {local_task_job.py:264} INFO - 1 downstream tasks scheduled from follow-on schedule check
