[2022-04-13 21:25:26,182] {taskinstance.py:1032} INFO - Dependencies all met for <TaskInstance: LocalIngestionDAG.ingest scheduled__2021-08-02T06:00:40+00:00 [queued]>
[2022-04-13 21:25:26,232] {taskinstance.py:1032} INFO - Dependencies all met for <TaskInstance: LocalIngestionDAG.ingest scheduled__2021-08-02T06:00:40+00:00 [queued]>
[2022-04-13 21:25:26,233] {taskinstance.py:1238} INFO - 
--------------------------------------------------------------------------------
[2022-04-13 21:25:26,236] {taskinstance.py:1239} INFO - Starting attempt 1 of 1
[2022-04-13 21:25:26,237] {taskinstance.py:1240} INFO - 
--------------------------------------------------------------------------------
[2022-04-13 21:25:26,296] {taskinstance.py:1259} INFO - Executing <Task(BashOperator): ingest> on 2021-08-02 06:00:40+00:00
[2022-04-13 21:25:26,309] {standard_task_runner.py:52} INFO - Started process 4331 to run task
[2022-04-13 21:25:26,323] {standard_task_runner.py:76} INFO - Running: ['***', 'tasks', 'run', 'LocalIngestionDAG', 'ingest', 'scheduled__2021-08-02T06:00:40+00:00', '--job-id', '1044', '--raw', '--subdir', 'DAGS_FOLDER/data_ingestion_local.py', '--cfg-path', '/tmp/tmpsij0lx8r', '--error-file', '/tmp/tmp8bbdy2iy']
[2022-04-13 21:25:26,332] {standard_task_runner.py:77} INFO - Job 1044: Subtask ingest
[2022-04-13 21:25:26,607] {logging_mixin.py:109} INFO - Running <TaskInstance: LocalIngestionDAG.ingest scheduled__2021-08-02T06:00:40+00:00 [running]> on host 13db72185839
[2022-04-13 21:25:26,853] {taskinstance.py:1426} INFO - Exporting the following env vars:
AIRFLOW_CTX_DAG_OWNER=***
AIRFLOW_CTX_DAG_ID=LocalIngestionDAG
AIRFLOW_CTX_TASK_ID=ingest
AIRFLOW_CTX_EXECUTION_DATE=2021-08-02T06:00:40+00:00
AIRFLOW_CTX_DAG_RUN_ID=scheduled__2021-08-02T06:00:40+00:00
[2022-04-13 21:25:26,860] {subprocess.py:62} INFO - Tmp dir root location: 
 /tmp
[2022-04-13 21:25:26,874] {subprocess.py:74} INFO - Running command: ['bash', '-c', 'pwd']
[2022-04-13 21:25:26,901] {subprocess.py:85} INFO - Output:
[2022-04-13 21:25:26,915] {subprocess.py:89} INFO - /tmp/***tmpjh1b7qh7
[2022-04-13 21:25:26,916] {subprocess.py:93} INFO - Command exited with return code 0
[2022-04-13 21:25:27,003] {taskinstance.py:1277} INFO - Marking task as SUCCESS. dag_id=LocalIngestionDAG, task_id=ingest, execution_date=20210802T060040, start_date=20220413T212526, end_date=20220413T212527
[2022-04-13 21:25:27,079] {local_task_job.py:154} INFO - Task exited with return code 0
[2022-04-13 21:25:27,164] {local_task_job.py:264} INFO - 0 downstream tasks scheduled from follow-on schedule check
