[2022-04-13 21:23:55,037] {taskinstance.py:1032} INFO - Dependencies all met for <TaskInstance: LocalIngestionDAG.ingest scheduled__2021-07-02T06:00:10+00:00 [queued]>
[2022-04-13 21:23:55,070] {taskinstance.py:1032} INFO - Dependencies all met for <TaskInstance: LocalIngestionDAG.ingest scheduled__2021-07-02T06:00:10+00:00 [queued]>
[2022-04-13 21:23:55,073] {taskinstance.py:1238} INFO - 
--------------------------------------------------------------------------------
[2022-04-13 21:23:55,073] {taskinstance.py:1239} INFO - Starting attempt 1 of 1
[2022-04-13 21:23:55,074] {taskinstance.py:1240} INFO - 
--------------------------------------------------------------------------------
[2022-04-13 21:23:55,139] {taskinstance.py:1259} INFO - Executing <Task(BashOperator): ingest> on 2021-07-02 06:00:10+00:00
[2022-04-13 21:23:55,160] {standard_task_runner.py:52} INFO - Started process 3726 to run task
[2022-04-13 21:23:55,176] {standard_task_runner.py:76} INFO - Running: ['***', 'tasks', 'run', 'LocalIngestionDAG', 'ingest', 'scheduled__2021-07-02T06:00:10+00:00', '--job-id', '865', '--raw', '--subdir', 'DAGS_FOLDER/data_ingestion_local.py', '--cfg-path', '/tmp/tmpxb5ibtq0', '--error-file', '/tmp/tmpb1vhuyre']
[2022-04-13 21:23:55,180] {standard_task_runner.py:77} INFO - Job 865: Subtask ingest
[2022-04-13 21:23:55,381] {logging_mixin.py:109} INFO - Running <TaskInstance: LocalIngestionDAG.ingest scheduled__2021-07-02T06:00:10+00:00 [running]> on host 13db72185839
[2022-04-13 21:23:55,577] {taskinstance.py:1426} INFO - Exporting the following env vars:
AIRFLOW_CTX_DAG_OWNER=***
AIRFLOW_CTX_DAG_ID=LocalIngestionDAG
AIRFLOW_CTX_TASK_ID=ingest
AIRFLOW_CTX_EXECUTION_DATE=2021-07-02T06:00:10+00:00
AIRFLOW_CTX_DAG_RUN_ID=scheduled__2021-07-02T06:00:10+00:00
[2022-04-13 21:23:55,579] {subprocess.py:62} INFO - Tmp dir root location: 
 /tmp
[2022-04-13 21:23:55,581] {subprocess.py:74} INFO - Running command: ['bash', '-c', 'pwd']
[2022-04-13 21:23:55,605] {subprocess.py:85} INFO - Output:
[2022-04-13 21:23:55,616] {subprocess.py:89} INFO - /tmp/***tmp1ik_urs5
[2022-04-13 21:23:55,618] {subprocess.py:93} INFO - Command exited with return code 0
[2022-04-13 21:23:55,687] {taskinstance.py:1277} INFO - Marking task as SUCCESS. dag_id=LocalIngestionDAG, task_id=ingest, execution_date=20210702T060010, start_date=20220413T212355, end_date=20220413T212355
[2022-04-13 21:23:55,829] {local_task_job.py:154} INFO - Task exited with return code 0
[2022-04-13 21:23:55,930] {local_task_job.py:264} INFO - 0 downstream tasks scheduled from follow-on schedule check
