[2022-04-13 21:23:21,217] {taskinstance.py:1032} INFO - Dependencies all met for <TaskInstance: LocalIngestionDAG.wget scheduled__2021-06-02T06:00:42+00:00 [queued]>
[2022-04-13 21:23:21,254] {taskinstance.py:1032} INFO - Dependencies all met for <TaskInstance: LocalIngestionDAG.wget scheduled__2021-06-02T06:00:42+00:00 [queued]>
[2022-04-13 21:23:21,262] {taskinstance.py:1238} INFO - 
--------------------------------------------------------------------------------
[2022-04-13 21:23:21,274] {taskinstance.py:1239} INFO - Starting attempt 1 of 1
[2022-04-13 21:23:21,276] {taskinstance.py:1240} INFO - 
--------------------------------------------------------------------------------
[2022-04-13 21:23:21,402] {taskinstance.py:1259} INFO - Executing <Task(BashOperator): wget> on 2021-06-02 06:00:42+00:00
[2022-04-13 21:23:21,419] {standard_task_runner.py:52} INFO - Started process 3512 to run task
[2022-04-13 21:23:21,443] {standard_task_runner.py:76} INFO - Running: ['***', 'tasks', 'run', 'LocalIngestionDAG', 'wget', 'scheduled__2021-06-02T06:00:42+00:00', '--job-id', '801', '--raw', '--subdir', 'DAGS_FOLDER/data_ingestion_local.py', '--cfg-path', '/tmp/tmpbsc1_9of', '--error-file', '/tmp/tmp9uoyua5t']
[2022-04-13 21:23:21,447] {standard_task_runner.py:77} INFO - Job 801: Subtask wget
[2022-04-13 21:23:21,705] {logging_mixin.py:109} INFO - Running <TaskInstance: LocalIngestionDAG.wget scheduled__2021-06-02T06:00:42+00:00 [running]> on host 13db72185839
[2022-04-13 21:23:21,999] {taskinstance.py:1426} INFO - Exporting the following env vars:
AIRFLOW_CTX_DAG_OWNER=***
AIRFLOW_CTX_DAG_ID=LocalIngestionDAG
AIRFLOW_CTX_TASK_ID=wget
AIRFLOW_CTX_EXECUTION_DATE=2021-06-02T06:00:42+00:00
AIRFLOW_CTX_DAG_RUN_ID=scheduled__2021-06-02T06:00:42+00:00
[2022-04-13 21:23:22,001] {subprocess.py:62} INFO - Tmp dir root location: 
 /tmp
[2022-04-13 21:23:22,004] {subprocess.py:74} INFO - Running command: ['bash', '-c', 'echo "hello world"']
[2022-04-13 21:23:22,033] {subprocess.py:85} INFO - Output:
[2022-04-13 21:23:22,038] {subprocess.py:89} INFO - hello world
[2022-04-13 21:23:22,040] {subprocess.py:93} INFO - Command exited with return code 0
[2022-04-13 21:23:22,123] {taskinstance.py:1277} INFO - Marking task as SUCCESS. dag_id=LocalIngestionDAG, task_id=wget, execution_date=20210602T060042, start_date=20220413T212321, end_date=20220413T212322
[2022-04-13 21:23:22,242] {local_task_job.py:154} INFO - Task exited with return code 0
[2022-04-13 21:23:22,416] {local_task_job.py:264} INFO - 1 downstream tasks scheduled from follow-on schedule check
