[2022-04-13 21:27:07,820] {taskinstance.py:1032} INFO - Dependencies all met for <TaskInstance: LocalIngestionDAG.wget scheduled__2021-10-02T06:00:09+00:00 [queued]>
[2022-04-13 21:27:07,904] {taskinstance.py:1032} INFO - Dependencies all met for <TaskInstance: LocalIngestionDAG.wget scheduled__2021-10-02T06:00:09+00:00 [queued]>
[2022-04-13 21:27:07,905] {taskinstance.py:1238} INFO - 
--------------------------------------------------------------------------------
[2022-04-13 21:27:07,906] {taskinstance.py:1239} INFO - Starting attempt 1 of 1
[2022-04-13 21:27:07,908] {taskinstance.py:1240} INFO - 
--------------------------------------------------------------------------------
[2022-04-13 21:27:07,988] {taskinstance.py:1259} INFO - Executing <Task(BashOperator): wget> on 2021-10-02 06:00:09+00:00
[2022-04-13 21:27:08,016] {standard_task_runner.py:52} INFO - Started process 4925 to run task
[2022-04-13 21:27:08,057] {standard_task_runner.py:76} INFO - Running: ['***', 'tasks', 'run', 'LocalIngestionDAG', 'wget', 'scheduled__2021-10-02T06:00:09+00:00', '--job-id', '1216', '--raw', '--subdir', 'DAGS_FOLDER/data_ingestion_local.py', '--cfg-path', '/tmp/tmpvo0xbdb7', '--error-file', '/tmp/tmpn6rwij1t']
[2022-04-13 21:27:08,072] {standard_task_runner.py:77} INFO - Job 1216: Subtask wget
[2022-04-13 21:27:08,517] {logging_mixin.py:109} INFO - Running <TaskInstance: LocalIngestionDAG.wget scheduled__2021-10-02T06:00:09+00:00 [running]> on host 13db72185839
[2022-04-13 21:27:08,927] {taskinstance.py:1426} INFO - Exporting the following env vars:
AIRFLOW_CTX_DAG_OWNER=***
AIRFLOW_CTX_DAG_ID=LocalIngestionDAG
AIRFLOW_CTX_TASK_ID=wget
AIRFLOW_CTX_EXECUTION_DATE=2021-10-02T06:00:09+00:00
AIRFLOW_CTX_DAG_RUN_ID=scheduled__2021-10-02T06:00:09+00:00
[2022-04-13 21:27:08,929] {subprocess.py:62} INFO - Tmp dir root location: 
 /tmp
[2022-04-13 21:27:08,934] {subprocess.py:74} INFO - Running command: ['bash', '-c', 'echo "hello world"']
[2022-04-13 21:27:09,009] {subprocess.py:85} INFO - Output:
[2022-04-13 21:27:09,022] {subprocess.py:89} INFO - hello world
[2022-04-13 21:27:09,033] {subprocess.py:93} INFO - Command exited with return code 0
[2022-04-13 21:27:09,230] {taskinstance.py:1277} INFO - Marking task as SUCCESS. dag_id=LocalIngestionDAG, task_id=wget, execution_date=20211002T060009, start_date=20220413T212707, end_date=20220413T212709
[2022-04-13 21:27:09,462] {local_task_job.py:154} INFO - Task exited with return code 0
[2022-04-13 21:27:09,624] {local_task_job.py:264} INFO - 1 downstream tasks scheduled from follow-on schedule check
