[2022-04-12 15:46:39,828] {taskinstance.py:1032} INFO - Dependencies all met for <TaskInstance: data_ingestion_gcs_dag.local_to_gcs_task scheduled__2022-04-11T00:00:00+00:00 [queued]>
[2022-04-12 15:46:39,840] {taskinstance.py:1032} INFO - Dependencies all met for <TaskInstance: data_ingestion_gcs_dag.local_to_gcs_task scheduled__2022-04-11T00:00:00+00:00 [queued]>
[2022-04-12 15:46:39,841] {taskinstance.py:1238} INFO - 
--------------------------------------------------------------------------------
[2022-04-12 15:46:39,841] {taskinstance.py:1239} INFO - Starting attempt 1 of 2
[2022-04-12 15:46:39,842] {taskinstance.py:1240} INFO - 
--------------------------------------------------------------------------------
[2022-04-12 15:46:39,859] {taskinstance.py:1259} INFO - Executing <Task(PythonOperator): local_to_gcs_task> on 2022-04-11 00:00:00+00:00
[2022-04-12 15:46:39,865] {standard_task_runner.py:52} INFO - Started process 292 to run task
[2022-04-12 15:46:39,869] {standard_task_runner.py:76} INFO - Running: ['***', 'tasks', 'run', 'data_ingestion_gcs_dag', 'local_to_gcs_task', 'scheduled__2022-04-11T00:00:00+00:00', '--job-id', '58', '--raw', '--subdir', 'DAGS_FOLDER/data_ingestion_gcs_dag.py', '--cfg-path', '/tmp/tmpw_dvscdj', '--error-file', '/tmp/tmp1ogj6vlw']
[2022-04-12 15:46:39,870] {standard_task_runner.py:77} INFO - Job 58: Subtask local_to_gcs_task
[2022-04-12 15:46:39,927] {logging_mixin.py:109} INFO - Running <TaskInstance: data_ingestion_gcs_dag.local_to_gcs_task scheduled__2022-04-11T00:00:00+00:00 [running]> on host c8926bece071
[2022-04-12 15:46:40,030] {taskinstance.py:1426} INFO - Exporting the following env vars:
AIRFLOW_CTX_DAG_OWNER=***
AIRFLOW_CTX_DAG_ID=data_ingestion_gcs_dag
AIRFLOW_CTX_TASK_ID=local_to_gcs_task
AIRFLOW_CTX_EXECUTION_DATE=2022-04-11T00:00:00+00:00
AIRFLOW_CTX_DAG_RUN_ID=scheduled__2022-04-11T00:00:00+00:00
[2022-04-12 15:47:19,240] {python.py:175} INFO - Done. Returned value was: None
[2022-04-12 15:47:19,253] {taskinstance.py:1277} INFO - Marking task as SUCCESS. dag_id=data_ingestion_gcs_dag, task_id=local_to_gcs_task, execution_date=20220411T000000, start_date=20220412T154639, end_date=20220412T154719
[2022-04-12 15:47:19,287] {local_task_job.py:154} INFO - Task exited with return code 0
[2022-04-12 15:47:19,357] {local_task_job.py:264} INFO - 1 downstream tasks scheduled from follow-on schedule check
