[2022-04-14 01:35:26,704] {taskinstance.py:1032} INFO - Dependencies all met for <TaskInstance: LocalIngestionDAG.ingest scheduled__2021-02-02T06:00:55+00:00 [queued]>
[2022-04-14 01:35:26,715] {taskinstance.py:1032} INFO - Dependencies all met for <TaskInstance: LocalIngestionDAG.ingest scheduled__2021-02-02T06:00:55+00:00 [queued]>
[2022-04-14 01:35:26,716] {taskinstance.py:1238} INFO - 
--------------------------------------------------------------------------------
[2022-04-14 01:35:26,716] {taskinstance.py:1239} INFO - Starting attempt 2 of 2
[2022-04-14 01:35:26,717] {taskinstance.py:1240} INFO - 
--------------------------------------------------------------------------------
[2022-04-14 01:35:26,734] {taskinstance.py:1259} INFO - Executing <Task(PythonOperator): ingest> on 2021-02-02 06:00:55+00:00
[2022-04-14 01:35:26,740] {standard_task_runner.py:52} INFO - Started process 3276 to run task
[2022-04-14 01:35:26,743] {standard_task_runner.py:76} INFO - Running: ['***', 'tasks', 'run', 'LocalIngestionDAG', 'ingest', 'scheduled__2021-02-02T06:00:55+00:00', '--job-id', '2028', '--raw', '--subdir', 'DAGS_FOLDER/data_ingestion_local.py', '--cfg-path', '/tmp/tmp_ukgtalc', '--error-file', '/tmp/tmpx2lw09lh']
[2022-04-14 01:35:26,745] {standard_task_runner.py:77} INFO - Job 2028: Subtask ingest
[2022-04-14 01:35:26,816] {logging_mixin.py:109} INFO - Running <TaskInstance: LocalIngestionDAG.ingest scheduled__2021-02-02T06:00:55+00:00 [running]> on host f13cd06666dc
[2022-04-14 01:35:26,906] {logging_mixin.py:109} WARNING - /home/***/.local/lib/python3.7/site-packages/***/utils/context.py:152 AirflowContextDeprecationWarning: Accessing 'execution_date' from the template is deprecated and will be removed in a future version. Please use 'data_interval_start' or 'logical_date' instead.
[2022-04-14 01:35:26,940] {taskinstance.py:1426} INFO - Exporting the following env vars:
AIRFLOW_CTX_DAG_OWNER=***
AIRFLOW_CTX_DAG_ID=LocalIngestionDAG
AIRFLOW_CTX_TASK_ID=ingest
AIRFLOW_CTX_EXECUTION_DATE=2021-02-02T06:00:55+00:00
AIRFLOW_CTX_DAG_RUN_ID=scheduled__2021-02-02T06:00:55+00:00
[2022-04-14 01:35:26,941] {logging_mixin.py:109} INFO - ??? /opt/***/output_2021-02.csv 2021-02-02T06:00:55+00:00
[2022-04-14 01:35:27,057] {logging_mixin.py:109} INFO - connection established successfully, inserting data...
[2022-04-14 01:36:13,940] {logging_mixin.py:109} INFO - inserted the first chunk, took 46.883 second
[2022-04-14 01:36:59,808] {logging_mixin.py:109} INFO - inserted another chunk, took 45.866 second
[2022-04-14 01:37:47,232] {logging_mixin.py:109} INFO - inserted another chunk, took 47.423 second
[2022-04-14 01:38:36,251] {logging_mixin.py:109} INFO - inserted another chunk, took 49.018 second
[2022-04-14 01:39:23,033] {logging_mixin.py:109} INFO - inserted another chunk, took 46.781 second
[2022-04-14 01:40:11,962] {logging_mixin.py:109} INFO - inserted another chunk, took 48.928 second
[2022-04-14 01:41:00,095] {logging_mixin.py:109} INFO - inserted another chunk, took 48.133 second
[2022-04-14 01:41:46,121] {logging_mixin.py:109} INFO - inserted another chunk, took 46.025 second
[2022-04-14 01:42:29,486] {logging_mixin.py:109} INFO - inserted another chunk, took 43.365 second
[2022-04-14 01:43:11,510] {logging_mixin.py:109} INFO - inserted another chunk, took 42.022 second
[2022-04-14 01:43:55,145] {logging_mixin.py:109} INFO - inserted another chunk, took 43.633 second
[2022-04-14 01:44:38,125] {logging_mixin.py:109} INFO - inserted another chunk, took 42.980 second
[2022-04-14 01:44:38,324] {logging_mixin.py:109} WARNING - /home/***/.local/lib/python3.7/site-packages/***/operators/python.py:174 DtypeWarning: Columns (6) have mixed types.Specify dtype option on import or set low_memory=False.
[2022-04-14 01:45:36,333] {logging_mixin.py:109} INFO - inserted another chunk, took 58.207 second
[2022-04-14 01:46:08,959] {logging_mixin.py:109} INFO - inserted another chunk, took 32.625 second
[2022-04-14 01:46:08,959] {logging_mixin.py:109} INFO - completed
[2022-04-14 01:46:08,961] {python.py:175} INFO - Done. Returned value was: None
[2022-04-14 01:46:08,980] {taskinstance.py:1277} INFO - Marking task as SUCCESS. dag_id=LocalIngestionDAG, task_id=ingest, execution_date=20210202T060055, start_date=20220414T013526, end_date=20220414T014608
[2022-04-14 01:46:09,053] {local_task_job.py:154} INFO - Task exited with return code 0
[2022-04-14 01:46:09,165] {local_task_job.py:264} INFO - 0 downstream tasks scheduled from follow-on schedule check
