[2022-04-13 22:35:07,403] {taskinstance.py:1032} INFO - Dependencies all met for <TaskInstance: LocalIngestionDAG.ingest scheduled__2022-03-02T06:00:29+00:00 [queued]>
[2022-04-13 22:35:07,442] {taskinstance.py:1032} INFO - Dependencies all met for <TaskInstance: LocalIngestionDAG.ingest scheduled__2022-03-02T06:00:29+00:00 [queued]>
[2022-04-13 22:35:07,444] {taskinstance.py:1238} INFO - 
--------------------------------------------------------------------------------
[2022-04-13 22:35:07,446] {taskinstance.py:1239} INFO - Starting attempt 1 of 1
[2022-04-13 22:35:07,447] {taskinstance.py:1240} INFO - 
--------------------------------------------------------------------------------
[2022-04-13 22:35:07,533] {taskinstance.py:1259} INFO - Executing <Task(BashOperator): ingest> on 2022-03-02 06:00:29+00:00
[2022-04-13 22:35:07,544] {standard_task_runner.py:52} INFO - Started process 10809 to run task
[2022-04-13 22:35:07,602] {standard_task_runner.py:76} INFO - Running: ['***', 'tasks', 'run', 'LocalIngestionDAG', 'ingest', 'scheduled__2022-03-02T06:00:29+00:00', '--job-id', '1836', '--raw', '--subdir', 'DAGS_FOLDER/data_ingestion_local.py', '--cfg-path', '/tmp/tmp0x0oosq_', '--error-file', '/tmp/tmpj_ynjg4_']
[2022-04-13 22:35:07,612] {standard_task_runner.py:77} INFO - Job 1836: Subtask ingest
[2022-04-13 22:35:07,921] {logging_mixin.py:109} INFO - Running <TaskInstance: LocalIngestionDAG.ingest scheduled__2022-03-02T06:00:29+00:00 [running]> on host 13db72185839
[2022-04-13 22:35:08,125] {taskinstance.py:1426} INFO - Exporting the following env vars:
AIRFLOW_CTX_DAG_OWNER=***
AIRFLOW_CTX_DAG_ID=LocalIngestionDAG
AIRFLOW_CTX_TASK_ID=ingest
AIRFLOW_CTX_EXECUTION_DATE=2022-03-02T06:00:29+00:00
AIRFLOW_CTX_DAG_RUN_ID=scheduled__2022-03-02T06:00:29+00:00
[2022-04-13 22:35:08,127] {subprocess.py:62} INFO - Tmp dir root location: 
 /tmp
[2022-04-13 22:35:08,129] {subprocess.py:74} INFO - Running command: ['bash', '-c', 'ls /opt/***']
[2022-04-13 22:35:08,151] {subprocess.py:85} INFO - Output:
[2022-04-13 22:35:08,159] {subprocess.py:89} INFO - ***.cfg
[2022-04-13 22:35:08,160] {subprocess.py:89} INFO - dags
[2022-04-13 22:35:08,161] {subprocess.py:89} INFO - logs
[2022-04-13 22:35:08,162] {subprocess.py:89} INFO - output.csv
[2022-04-13 22:35:08,162] {subprocess.py:89} INFO - plugins
[2022-04-13 22:35:08,163] {subprocess.py:89} INFO - requirements.txt
[2022-04-13 22:35:08,163] {subprocess.py:89} INFO - scripts
[2022-04-13 22:35:08,164] {subprocess.py:89} INFO - webserver_config.py
[2022-04-13 22:35:08,165] {subprocess.py:93} INFO - Command exited with return code 0
[2022-04-13 22:35:08,229] {taskinstance.py:1277} INFO - Marking task as SUCCESS. dag_id=LocalIngestionDAG, task_id=ingest, execution_date=20220302T060029, start_date=20220413T223507, end_date=20220413T223508
[2022-04-13 22:35:08,286] {local_task_job.py:154} INFO - Task exited with return code 0
[2022-04-13 22:35:08,410] {local_task_job.py:264} INFO - 0 downstream tasks scheduled from follow-on schedule check
