[2022-04-15 23:33:48,156] {taskinstance.py:1032} INFO - Dependencies all met for <TaskInstance: data_ingestion_gcs_dag.format_to_parquet_task scheduled__2022-04-14T00:00:00+00:00 [queued]>
[2022-04-15 23:33:48,186] {taskinstance.py:1032} INFO - Dependencies all met for <TaskInstance: data_ingestion_gcs_dag.format_to_parquet_task scheduled__2022-04-14T00:00:00+00:00 [queued]>
[2022-04-15 23:33:48,187] {taskinstance.py:1238} INFO - 
--------------------------------------------------------------------------------
[2022-04-15 23:33:48,188] {taskinstance.py:1239} INFO - Starting attempt 1 of 2
[2022-04-15 23:33:48,188] {taskinstance.py:1240} INFO - 
--------------------------------------------------------------------------------
[2022-04-15 23:33:48,207] {taskinstance.py:1259} INFO - Executing <Task(PythonOperator): format_to_parquet_task> on 2022-04-14 00:00:00+00:00
[2022-04-15 23:33:48,216] {standard_task_runner.py:52} INFO - Started process 3154 to run task
[2022-04-15 23:33:48,220] {standard_task_runner.py:76} INFO - Running: ['***', 'tasks', 'run', 'data_ingestion_gcs_dag', 'format_to_parquet_task', 'scheduled__2022-04-14T00:00:00+00:00', '--job-id', '2081', '--raw', '--subdir', 'DAGS_FOLDER/data_ingestion_gcs_dag.py', '--cfg-path', '/tmp/tmpeeedlxas', '--error-file', '/tmp/tmpmfou7hel']
[2022-04-15 23:33:48,221] {standard_task_runner.py:77} INFO - Job 2081: Subtask format_to_parquet_task
[2022-04-15 23:33:48,329] {logging_mixin.py:109} INFO - Running <TaskInstance: data_ingestion_gcs_dag.format_to_parquet_task scheduled__2022-04-14T00:00:00+00:00 [running]> on host fafd9ac351ac
[2022-04-15 23:33:48,410] {taskinstance.py:1426} INFO - Exporting the following env vars:
AIRFLOW_CTX_DAG_OWNER=***
AIRFLOW_CTX_DAG_ID=data_ingestion_gcs_dag
AIRFLOW_CTX_TASK_ID=format_to_parquet_task
AIRFLOW_CTX_EXECUTION_DATE=2022-04-14T00:00:00+00:00
AIRFLOW_CTX_DAG_RUN_ID=scheduled__2022-04-14T00:00:00+00:00
[2022-04-15 23:33:51,445] {python.py:175} INFO - Done. Returned value was: None
[2022-04-15 23:33:51,462] {taskinstance.py:1277} INFO - Marking task as SUCCESS. dag_id=data_ingestion_gcs_dag, task_id=format_to_parquet_task, execution_date=20220414T000000, start_date=20220415T233348, end_date=20220415T233351
[2022-04-15 23:33:51,538] {local_task_job.py:154} INFO - Task exited with return code 0
[2022-04-15 23:33:51,676] {local_task_job.py:264} INFO - 1 downstream tasks scheduled from follow-on schedule check
