[2022-04-13 21:26:23,512] {taskinstance.py:1032} INFO - Dependencies all met for <TaskInstance: LocalIngestionDAG.wget scheduled__2021-09-02T06:00:30+00:00 [queued]>
[2022-04-13 21:26:23,553] {taskinstance.py:1032} INFO - Dependencies all met for <TaskInstance: LocalIngestionDAG.wget scheduled__2021-09-02T06:00:30+00:00 [queued]>
[2022-04-13 21:26:23,565] {taskinstance.py:1238} INFO - 
--------------------------------------------------------------------------------
[2022-04-13 21:26:23,569] {taskinstance.py:1239} INFO - Starting attempt 1 of 1
[2022-04-13 21:26:23,571] {taskinstance.py:1240} INFO - 
--------------------------------------------------------------------------------
[2022-04-13 21:26:23,683] {taskinstance.py:1259} INFO - Executing <Task(BashOperator): wget> on 2021-09-02 06:00:30+00:00
[2022-04-13 21:26:23,715] {standard_task_runner.py:52} INFO - Started process 4662 to run task
[2022-04-13 21:26:23,724] {standard_task_runner.py:76} INFO - Running: ['***', 'tasks', 'run', 'LocalIngestionDAG', 'wget', 'scheduled__2021-09-02T06:00:30+00:00', '--job-id', '1139', '--raw', '--subdir', 'DAGS_FOLDER/data_ingestion_local.py', '--cfg-path', '/tmp/tmph0od6kbj', '--error-file', '/tmp/tmp2wkcz14d']
[2022-04-13 21:26:23,742] {standard_task_runner.py:77} INFO - Job 1139: Subtask wget
[2022-04-13 21:26:24,019] {logging_mixin.py:109} INFO - Running <TaskInstance: LocalIngestionDAG.wget scheduled__2021-09-02T06:00:30+00:00 [running]> on host 13db72185839
[2022-04-13 21:26:24,190] {taskinstance.py:1426} INFO - Exporting the following env vars:
AIRFLOW_CTX_DAG_OWNER=***
AIRFLOW_CTX_DAG_ID=LocalIngestionDAG
AIRFLOW_CTX_TASK_ID=wget
AIRFLOW_CTX_EXECUTION_DATE=2021-09-02T06:00:30+00:00
AIRFLOW_CTX_DAG_RUN_ID=scheduled__2021-09-02T06:00:30+00:00
[2022-04-13 21:26:24,195] {subprocess.py:62} INFO - Tmp dir root location: 
 /tmp
[2022-04-13 21:26:24,198] {subprocess.py:74} INFO - Running command: ['bash', '-c', 'echo "hello world"']
[2022-04-13 21:26:24,220] {subprocess.py:85} INFO - Output:
[2022-04-13 21:26:24,229] {subprocess.py:89} INFO - hello world
[2022-04-13 21:26:24,232] {subprocess.py:93} INFO - Command exited with return code 0
[2022-04-13 21:26:24,352] {taskinstance.py:1277} INFO - Marking task as SUCCESS. dag_id=LocalIngestionDAG, task_id=wget, execution_date=20210902T060030, start_date=20220413T212623, end_date=20220413T212624
[2022-04-13 21:26:24,475] {local_task_job.py:154} INFO - Task exited with return code 0
[2022-04-13 21:26:24,932] {local_task_job.py:264} INFO - 0 downstream tasks scheduled from follow-on schedule check
