[2022-04-13 21:24:18,541] {taskinstance.py:1032} INFO - Dependencies all met for <TaskInstance: LocalIngestionDAG.wget scheduled__2021-07-02T06:00:35+00:00 [queued]>
[2022-04-13 21:24:18,585] {taskinstance.py:1032} INFO - Dependencies all met for <TaskInstance: LocalIngestionDAG.wget scheduled__2021-07-02T06:00:35+00:00 [queued]>
[2022-04-13 21:24:18,586] {taskinstance.py:1238} INFO - 
--------------------------------------------------------------------------------
[2022-04-13 21:24:18,586] {taskinstance.py:1239} INFO - Starting attempt 1 of 1
[2022-04-13 21:24:18,587] {taskinstance.py:1240} INFO - 
--------------------------------------------------------------------------------
[2022-04-13 21:24:18,662] {taskinstance.py:1259} INFO - Executing <Task(BashOperator): wget> on 2021-07-02 06:00:35+00:00
[2022-04-13 21:24:18,682] {standard_task_runner.py:52} INFO - Started process 3876 to run task
[2022-04-13 21:24:18,696] {standard_task_runner.py:76} INFO - Running: ['***', 'tasks', 'run', 'LocalIngestionDAG', 'wget', 'scheduled__2021-07-02T06:00:35+00:00', '--job-id', '909', '--raw', '--subdir', 'DAGS_FOLDER/data_ingestion_local.py', '--cfg-path', '/tmp/tmpe62l4bys', '--error-file', '/tmp/tmp6t2d0tez']
[2022-04-13 21:24:18,699] {standard_task_runner.py:77} INFO - Job 909: Subtask wget
[2022-04-13 21:24:18,918] {logging_mixin.py:109} INFO - Running <TaskInstance: LocalIngestionDAG.wget scheduled__2021-07-02T06:00:35+00:00 [running]> on host 13db72185839
[2022-04-13 21:24:19,143] {taskinstance.py:1426} INFO - Exporting the following env vars:
AIRFLOW_CTX_DAG_OWNER=***
AIRFLOW_CTX_DAG_ID=LocalIngestionDAG
AIRFLOW_CTX_TASK_ID=wget
AIRFLOW_CTX_EXECUTION_DATE=2021-07-02T06:00:35+00:00
AIRFLOW_CTX_DAG_RUN_ID=scheduled__2021-07-02T06:00:35+00:00
[2022-04-13 21:24:19,145] {subprocess.py:62} INFO - Tmp dir root location: 
 /tmp
[2022-04-13 21:24:19,147] {subprocess.py:74} INFO - Running command: ['bash', '-c', 'echo "hello world"']
[2022-04-13 21:24:19,179] {subprocess.py:85} INFO - Output:
[2022-04-13 21:24:19,188] {subprocess.py:89} INFO - hello world
[2022-04-13 21:24:19,192] {subprocess.py:93} INFO - Command exited with return code 0
[2022-04-13 21:24:19,307] {taskinstance.py:1277} INFO - Marking task as SUCCESS. dag_id=LocalIngestionDAG, task_id=wget, execution_date=20210702T060035, start_date=20220413T212418, end_date=20220413T212419
[2022-04-13 21:24:19,416] {local_task_job.py:154} INFO - Task exited with return code 0
[2022-04-13 21:24:19,715] {local_task_job.py:264} INFO - 0 downstream tasks scheduled from follow-on schedule check
