[2022-04-13 21:17:00,300] {taskinstance.py:1032} INFO - Dependencies all met for <TaskInstance: LocalIngestionDAG.wget scheduled__2021-02-02T06:00:37+00:00 [queued]>
[2022-04-13 21:17:00,327] {taskinstance.py:1032} INFO - Dependencies all met for <TaskInstance: LocalIngestionDAG.wget scheduled__2021-02-02T06:00:37+00:00 [queued]>
[2022-04-13 21:17:00,327] {taskinstance.py:1238} INFO - 
--------------------------------------------------------------------------------
[2022-04-13 21:17:00,328] {taskinstance.py:1239} INFO - Starting attempt 1 of 1
[2022-04-13 21:17:00,328] {taskinstance.py:1240} INFO - 
--------------------------------------------------------------------------------
[2022-04-13 21:17:00,383] {taskinstance.py:1259} INFO - Executing <Task(BashOperator): wget> on 2021-02-02 06:00:37+00:00
[2022-04-13 21:17:00,390] {standard_task_runner.py:52} INFO - Started process 1713 to run task
[2022-04-13 21:17:00,396] {standard_task_runner.py:76} INFO - Running: ['***', 'tasks', 'run', 'LocalIngestionDAG', 'wget', 'scheduled__2021-02-02T06:00:37+00:00', '--job-id', '314', '--raw', '--subdir', 'DAGS_FOLDER/data_ingestion_local.py', '--cfg-path', '/tmp/tmpwhkjavwg', '--error-file', '/tmp/tmp4xtmcxej']
[2022-04-13 21:17:00,407] {standard_task_runner.py:77} INFO - Job 314: Subtask wget
[2022-04-13 21:17:00,730] {logging_mixin.py:109} INFO - Running <TaskInstance: LocalIngestionDAG.wget scheduled__2021-02-02T06:00:37+00:00 [running]> on host 13db72185839
[2022-04-13 21:17:00,836] {taskinstance.py:1426} INFO - Exporting the following env vars:
AIRFLOW_CTX_DAG_OWNER=***
AIRFLOW_CTX_DAG_ID=LocalIngestionDAG
AIRFLOW_CTX_TASK_ID=wget
AIRFLOW_CTX_EXECUTION_DATE=2021-02-02T06:00:37+00:00
AIRFLOW_CTX_DAG_RUN_ID=scheduled__2021-02-02T06:00:37+00:00
[2022-04-13 21:17:00,839] {subprocess.py:62} INFO - Tmp dir root location: 
 /tmp
[2022-04-13 21:17:00,840] {subprocess.py:74} INFO - Running command: ['bash', '-c', 'echo "hello world"']
[2022-04-13 21:17:00,852] {subprocess.py:85} INFO - Output:
[2022-04-13 21:17:00,855] {subprocess.py:89} INFO - hello world
[2022-04-13 21:17:00,858] {subprocess.py:93} INFO - Command exited with return code 0
[2022-04-13 21:17:00,937] {taskinstance.py:1277} INFO - Marking task as SUCCESS. dag_id=LocalIngestionDAG, task_id=wget, execution_date=20210202T060037, start_date=20220413T211700, end_date=20220413T211700
[2022-04-13 21:17:01,019] {local_task_job.py:154} INFO - Task exited with return code 0
[2022-04-13 21:17:01,163] {local_task_job.py:264} INFO - 0 downstream tasks scheduled from follow-on schedule check
