[2022-04-13 21:16:46,975] {taskinstance.py:1032} INFO - Dependencies all met for <TaskInstance: LocalIngestionDAG.wget scheduled__2021-02-02T06:00:21+00:00 [queued]>
[2022-04-13 21:16:46,998] {taskinstance.py:1032} INFO - Dependencies all met for <TaskInstance: LocalIngestionDAG.wget scheduled__2021-02-02T06:00:21+00:00 [queued]>
[2022-04-13 21:16:46,999] {taskinstance.py:1238} INFO - 
--------------------------------------------------------------------------------
[2022-04-13 21:16:47,000] {taskinstance.py:1239} INFO - Starting attempt 1 of 1
[2022-04-13 21:16:47,001] {taskinstance.py:1240} INFO - 
--------------------------------------------------------------------------------
[2022-04-13 21:16:47,040] {taskinstance.py:1259} INFO - Executing <Task(BashOperator): wget> on 2021-02-02 06:00:21+00:00
[2022-04-13 21:16:47,050] {standard_task_runner.py:52} INFO - Started process 1610 to run task
[2022-04-13 21:16:47,063] {standard_task_runner.py:76} INFO - Running: ['***', 'tasks', 'run', 'LocalIngestionDAG', 'wget', 'scheduled__2021-02-02T06:00:21+00:00', '--job-id', '283', '--raw', '--subdir', 'DAGS_FOLDER/data_ingestion_local.py', '--cfg-path', '/tmp/tmp_1loek_e', '--error-file', '/tmp/tmpagc1n1bo']
[2022-04-13 21:16:47,065] {standard_task_runner.py:77} INFO - Job 283: Subtask wget
[2022-04-13 21:16:47,224] {logging_mixin.py:109} INFO - Running <TaskInstance: LocalIngestionDAG.wget scheduled__2021-02-02T06:00:21+00:00 [running]> on host 13db72185839
[2022-04-13 21:16:47,307] {taskinstance.py:1426} INFO - Exporting the following env vars:
AIRFLOW_CTX_DAG_OWNER=***
AIRFLOW_CTX_DAG_ID=LocalIngestionDAG
AIRFLOW_CTX_TASK_ID=wget
AIRFLOW_CTX_EXECUTION_DATE=2021-02-02T06:00:21+00:00
AIRFLOW_CTX_DAG_RUN_ID=scheduled__2021-02-02T06:00:21+00:00
[2022-04-13 21:16:47,308] {subprocess.py:62} INFO - Tmp dir root location: 
 /tmp
[2022-04-13 21:16:47,310] {subprocess.py:74} INFO - Running command: ['bash', '-c', 'echo "hello world"']
[2022-04-13 21:16:47,320] {subprocess.py:85} INFO - Output:
[2022-04-13 21:16:47,324] {subprocess.py:89} INFO - hello world
[2022-04-13 21:16:47,325] {subprocess.py:93} INFO - Command exited with return code 0
[2022-04-13 21:16:47,375] {taskinstance.py:1277} INFO - Marking task as SUCCESS. dag_id=LocalIngestionDAG, task_id=wget, execution_date=20210202T060021, start_date=20220413T211646, end_date=20220413T211647
[2022-04-13 21:16:47,434] {local_task_job.py:154} INFO - Task exited with return code 0
[2022-04-13 21:16:47,516] {local_task_job.py:264} INFO - 1 downstream tasks scheduled from follow-on schedule check
