[2022-04-13 21:24:21,319] {taskinstance.py:1032} INFO - Dependencies all met for <TaskInstance: LocalIngestionDAG.ingest scheduled__2021-07-02T06:00:36+00:00 [queued]>
[2022-04-13 21:24:21,436] {taskinstance.py:1032} INFO - Dependencies all met for <TaskInstance: LocalIngestionDAG.ingest scheduled__2021-07-02T06:00:36+00:00 [queued]>
[2022-04-13 21:24:21,437] {taskinstance.py:1238} INFO - 
--------------------------------------------------------------------------------
[2022-04-13 21:24:21,438] {taskinstance.py:1239} INFO - Starting attempt 1 of 1
[2022-04-13 21:24:21,438] {taskinstance.py:1240} INFO - 
--------------------------------------------------------------------------------
[2022-04-13 21:24:21,476] {taskinstance.py:1259} INFO - Executing <Task(BashOperator): ingest> on 2021-07-02 06:00:36+00:00
[2022-04-13 21:24:21,484] {standard_task_runner.py:52} INFO - Started process 3907 to run task
[2022-04-13 21:24:21,500] {standard_task_runner.py:76} INFO - Running: ['***', 'tasks', 'run', 'LocalIngestionDAG', 'ingest', 'scheduled__2021-07-02T06:00:36+00:00', '--job-id', '918', '--raw', '--subdir', 'DAGS_FOLDER/data_ingestion_local.py', '--cfg-path', '/tmp/tmp226_84o2', '--error-file', '/tmp/tmpzwlgwoas']
[2022-04-13 21:24:21,502] {standard_task_runner.py:77} INFO - Job 918: Subtask ingest
[2022-04-13 21:24:21,696] {logging_mixin.py:109} INFO - Running <TaskInstance: LocalIngestionDAG.ingest scheduled__2021-07-02T06:00:36+00:00 [running]> on host 13db72185839
[2022-04-13 21:24:21,957] {taskinstance.py:1426} INFO - Exporting the following env vars:
AIRFLOW_CTX_DAG_OWNER=***
AIRFLOW_CTX_DAG_ID=LocalIngestionDAG
AIRFLOW_CTX_TASK_ID=ingest
AIRFLOW_CTX_EXECUTION_DATE=2021-07-02T06:00:36+00:00
AIRFLOW_CTX_DAG_RUN_ID=scheduled__2021-07-02T06:00:36+00:00
[2022-04-13 21:24:21,960] {subprocess.py:62} INFO - Tmp dir root location: 
 /tmp
[2022-04-13 21:24:21,963] {subprocess.py:74} INFO - Running command: ['bash', '-c', 'pwd']
[2022-04-13 21:24:21,985] {subprocess.py:85} INFO - Output:
[2022-04-13 21:24:21,990] {subprocess.py:89} INFO - /tmp/***tmpp8t4trhm
[2022-04-13 21:24:21,992] {subprocess.py:93} INFO - Command exited with return code 0
[2022-04-13 21:24:22,074] {taskinstance.py:1277} INFO - Marking task as SUCCESS. dag_id=LocalIngestionDAG, task_id=ingest, execution_date=20210702T060036, start_date=20220413T212421, end_date=20220413T212422
[2022-04-13 21:24:22,130] {local_task_job.py:154} INFO - Task exited with return code 0
[2022-04-13 21:24:22,205] {local_task_job.py:264} INFO - 0 downstream tasks scheduled from follow-on schedule check
