[2022-04-13 22:20:21,104] {taskinstance.py:1032} INFO - Dependencies all met for <TaskInstance: LocalIngestionDAG.ingest scheduled__2021-11-02T06:00:11+00:00 [queued]>
[2022-04-13 22:20:21,120] {taskinstance.py:1032} INFO - Dependencies all met for <TaskInstance: LocalIngestionDAG.ingest scheduled__2021-11-02T06:00:11+00:00 [queued]>
[2022-04-13 22:20:21,120] {taskinstance.py:1238} INFO - 
--------------------------------------------------------------------------------
[2022-04-13 22:20:21,121] {taskinstance.py:1239} INFO - Starting attempt 1 of 1
[2022-04-13 22:20:21,121] {taskinstance.py:1240} INFO - 
--------------------------------------------------------------------------------
[2022-04-13 22:20:21,140] {taskinstance.py:1259} INFO - Executing <Task(BashOperator): ingest> on 2021-11-02 06:00:11+00:00
[2022-04-13 22:20:21,144] {standard_task_runner.py:52} INFO - Started process 8392 to run task
[2022-04-13 22:20:21,150] {standard_task_runner.py:76} INFO - Running: ['***', 'tasks', 'run', 'LocalIngestionDAG', 'ingest', 'scheduled__2021-11-02T06:00:11+00:00', '--job-id', '1396', '--raw', '--subdir', 'DAGS_FOLDER/data_ingestion_local.py', '--cfg-path', '/tmp/tmp6w4v27om', '--error-file', '/tmp/tmpfammcq81']
[2022-04-13 22:20:21,152] {standard_task_runner.py:77} INFO - Job 1396: Subtask ingest
[2022-04-13 22:20:21,230] {logging_mixin.py:109} INFO - Running <TaskInstance: LocalIngestionDAG.ingest scheduled__2021-11-02T06:00:11+00:00 [running]> on host 13db72185839
[2022-04-13 22:20:21,311] {taskinstance.py:1426} INFO - Exporting the following env vars:
AIRFLOW_CTX_DAG_OWNER=***
AIRFLOW_CTX_DAG_ID=LocalIngestionDAG
AIRFLOW_CTX_TASK_ID=ingest
AIRFLOW_CTX_EXECUTION_DATE=2021-11-02T06:00:11+00:00
AIRFLOW_CTX_DAG_RUN_ID=scheduled__2021-11-02T06:00:11+00:00
[2022-04-13 22:20:21,313] {subprocess.py:62} INFO - Tmp dir root location: 
 /tmp
[2022-04-13 22:20:21,314] {subprocess.py:74} INFO - Running command: ['bash', '-c', 'ls /opt/***']
[2022-04-13 22:20:21,325] {subprocess.py:85} INFO - Output:
[2022-04-13 22:20:21,328] {subprocess.py:89} INFO - ***.cfg
[2022-04-13 22:20:21,329] {subprocess.py:89} INFO - dags
[2022-04-13 22:20:21,329] {subprocess.py:89} INFO - logs
[2022-04-13 22:20:21,330] {subprocess.py:89} INFO - output.csv
[2022-04-13 22:20:21,330] {subprocess.py:89} INFO - plugins
[2022-04-13 22:20:21,331] {subprocess.py:89} INFO - requirements.txt
[2022-04-13 22:20:21,331] {subprocess.py:89} INFO - scripts
[2022-04-13 22:20:21,331] {subprocess.py:89} INFO - webserver_config.py
[2022-04-13 22:20:21,332] {subprocess.py:93} INFO - Command exited with return code 0
[2022-04-13 22:20:21,366] {taskinstance.py:1277} INFO - Marking task as SUCCESS. dag_id=LocalIngestionDAG, task_id=ingest, execution_date=20211102T060011, start_date=20220413T222021, end_date=20220413T222021
[2022-04-13 22:20:21,401] {local_task_job.py:154} INFO - Task exited with return code 0
[2022-04-13 22:20:21,442] {local_task_job.py:264} INFO - 0 downstream tasks scheduled from follow-on schedule check
