[2022-04-13 21:20:51,751] {taskinstance.py:1032} INFO - Dependencies all met for <TaskInstance: LocalIngestionDAG.wget scheduled__2021-04-02T06:00:14+00:00 [queued]>
[2022-04-13 21:20:51,786] {taskinstance.py:1032} INFO - Dependencies all met for <TaskInstance: LocalIngestionDAG.wget scheduled__2021-04-02T06:00:14+00:00 [queued]>
[2022-04-13 21:20:51,787] {taskinstance.py:1238} INFO - 
--------------------------------------------------------------------------------
[2022-04-13 21:20:51,792] {taskinstance.py:1239} INFO - Starting attempt 1 of 1
[2022-04-13 21:20:51,796] {taskinstance.py:1240} INFO - 
--------------------------------------------------------------------------------
[2022-04-13 21:20:51,815] {taskinstance.py:1259} INFO - Executing <Task(BashOperator): wget> on 2021-04-02 06:00:14+00:00
[2022-04-13 21:20:51,818] {standard_task_runner.py:52} INFO - Started process 2511 to run task
[2022-04-13 21:20:51,826] {standard_task_runner.py:76} INFO - Running: ['***', 'tasks', 'run', 'LocalIngestionDAG', 'wget', 'scheduled__2021-04-02T06:00:14+00:00', '--job-id', '509', '--raw', '--subdir', 'DAGS_FOLDER/data_ingestion_local.py', '--cfg-path', '/tmp/tmph2c0wfe_', '--error-file', '/tmp/tmp2n3mqmna']
[2022-04-13 21:20:51,828] {standard_task_runner.py:77} INFO - Job 509: Subtask wget
[2022-04-13 21:20:51,906] {logging_mixin.py:109} INFO - Running <TaskInstance: LocalIngestionDAG.wget scheduled__2021-04-02T06:00:14+00:00 [running]> on host 13db72185839
[2022-04-13 21:20:51,991] {taskinstance.py:1426} INFO - Exporting the following env vars:
AIRFLOW_CTX_DAG_OWNER=***
AIRFLOW_CTX_DAG_ID=LocalIngestionDAG
AIRFLOW_CTX_TASK_ID=wget
AIRFLOW_CTX_EXECUTION_DATE=2021-04-02T06:00:14+00:00
AIRFLOW_CTX_DAG_RUN_ID=scheduled__2021-04-02T06:00:14+00:00
[2022-04-13 21:20:51,994] {subprocess.py:62} INFO - Tmp dir root location: 
 /tmp
[2022-04-13 21:20:51,996] {subprocess.py:74} INFO - Running command: ['bash', '-c', 'echo "hello world"']
[2022-04-13 21:20:52,012] {subprocess.py:85} INFO - Output:
[2022-04-13 21:20:52,015] {subprocess.py:89} INFO - hello world
[2022-04-13 21:20:52,016] {subprocess.py:93} INFO - Command exited with return code 0
[2022-04-13 21:20:52,060] {taskinstance.py:1277} INFO - Marking task as SUCCESS. dag_id=LocalIngestionDAG, task_id=wget, execution_date=20210402T060014, start_date=20220413T212051, end_date=20220413T212052
[2022-04-13 21:20:52,115] {local_task_job.py:154} INFO - Task exited with return code 0
[2022-04-13 21:20:52,219] {local_task_job.py:264} INFO - 0 downstream tasks scheduled from follow-on schedule check
