[2022-04-13 21:24:27,880] {taskinstance.py:1032} INFO - Dependencies all met for <TaskInstance: LocalIngestionDAG.wget scheduled__2021-07-02T06:00:47+00:00 [queued]>
[2022-04-13 21:24:27,918] {taskinstance.py:1032} INFO - Dependencies all met for <TaskInstance: LocalIngestionDAG.wget scheduled__2021-07-02T06:00:47+00:00 [queued]>
[2022-04-13 21:24:27,919] {taskinstance.py:1238} INFO - 
--------------------------------------------------------------------------------
[2022-04-13 21:24:27,923] {taskinstance.py:1239} INFO - Starting attempt 1 of 1
[2022-04-13 21:24:27,924] {taskinstance.py:1240} INFO - 
--------------------------------------------------------------------------------
[2022-04-13 21:24:28,015] {taskinstance.py:1259} INFO - Executing <Task(BashOperator): wget> on 2021-07-02 06:00:47+00:00
[2022-04-13 21:24:28,035] {standard_task_runner.py:52} INFO - Started process 3946 to run task
[2022-04-13 21:24:28,052] {standard_task_runner.py:76} INFO - Running: ['***', 'tasks', 'run', 'LocalIngestionDAG', 'wget', 'scheduled__2021-07-02T06:00:47+00:00', '--job-id', '931', '--raw', '--subdir', 'DAGS_FOLDER/data_ingestion_local.py', '--cfg-path', '/tmp/tmprhoueji0', '--error-file', '/tmp/tmpj_wk06g1']
[2022-04-13 21:24:28,054] {standard_task_runner.py:77} INFO - Job 931: Subtask wget
[2022-04-13 21:24:28,443] {logging_mixin.py:109} INFO - Running <TaskInstance: LocalIngestionDAG.wget scheduled__2021-07-02T06:00:47+00:00 [running]> on host 13db72185839
[2022-04-13 21:24:28,723] {taskinstance.py:1426} INFO - Exporting the following env vars:
AIRFLOW_CTX_DAG_OWNER=***
AIRFLOW_CTX_DAG_ID=LocalIngestionDAG
AIRFLOW_CTX_TASK_ID=wget
AIRFLOW_CTX_EXECUTION_DATE=2021-07-02T06:00:47+00:00
AIRFLOW_CTX_DAG_RUN_ID=scheduled__2021-07-02T06:00:47+00:00
[2022-04-13 21:24:28,725] {subprocess.py:62} INFO - Tmp dir root location: 
 /tmp
[2022-04-13 21:24:28,726] {subprocess.py:74} INFO - Running command: ['bash', '-c', 'echo "hello world"']
[2022-04-13 21:24:28,754] {subprocess.py:85} INFO - Output:
[2022-04-13 21:24:28,761] {subprocess.py:89} INFO - hello world
[2022-04-13 21:24:28,762] {subprocess.py:93} INFO - Command exited with return code 0
[2022-04-13 21:24:28,960] {taskinstance.py:1277} INFO - Marking task as SUCCESS. dag_id=LocalIngestionDAG, task_id=wget, execution_date=20210702T060047, start_date=20220413T212427, end_date=20220413T212428
[2022-04-13 21:24:29,140] {local_task_job.py:154} INFO - Task exited with return code 0
[2022-04-13 21:24:29,459] {local_task_job.py:264} INFO - 1 downstream tasks scheduled from follow-on schedule check
