[2022-04-13 21:16:41,720] {taskinstance.py:1032} INFO - Dependencies all met for <TaskInstance: LocalIngestionDAG.ingest scheduled__2021-02-02T06:00:14+00:00 [queued]>
[2022-04-13 21:16:41,750] {taskinstance.py:1032} INFO - Dependencies all met for <TaskInstance: LocalIngestionDAG.ingest scheduled__2021-02-02T06:00:14+00:00 [queued]>
[2022-04-13 21:16:41,753] {taskinstance.py:1238} INFO - 
--------------------------------------------------------------------------------
[2022-04-13 21:16:41,757] {taskinstance.py:1239} INFO - Starting attempt 1 of 1
[2022-04-13 21:16:41,759] {taskinstance.py:1240} INFO - 
--------------------------------------------------------------------------------
[2022-04-13 21:16:41,798] {taskinstance.py:1259} INFO - Executing <Task(BashOperator): ingest> on 2021-02-02 06:00:14+00:00
[2022-04-13 21:16:41,804] {standard_task_runner.py:52} INFO - Started process 1578 to run task
[2022-04-13 21:16:41,819] {standard_task_runner.py:76} INFO - Running: ['***', 'tasks', 'run', 'LocalIngestionDAG', 'ingest', 'scheduled__2021-02-02T06:00:14+00:00', '--job-id', '273', '--raw', '--subdir', 'DAGS_FOLDER/data_ingestion_local.py', '--cfg-path', '/tmp/tmpbe65k3uy', '--error-file', '/tmp/tmp6d1qkkxd']
[2022-04-13 21:16:41,824] {standard_task_runner.py:77} INFO - Job 273: Subtask ingest
[2022-04-13 21:16:41,984] {logging_mixin.py:109} INFO - Running <TaskInstance: LocalIngestionDAG.ingest scheduled__2021-02-02T06:00:14+00:00 [running]> on host 13db72185839
[2022-04-13 21:16:42,129] {taskinstance.py:1426} INFO - Exporting the following env vars:
AIRFLOW_CTX_DAG_OWNER=***
AIRFLOW_CTX_DAG_ID=LocalIngestionDAG
AIRFLOW_CTX_TASK_ID=ingest
AIRFLOW_CTX_EXECUTION_DATE=2021-02-02T06:00:14+00:00
AIRFLOW_CTX_DAG_RUN_ID=scheduled__2021-02-02T06:00:14+00:00
[2022-04-13 21:16:42,131] {subprocess.py:62} INFO - Tmp dir root location: 
 /tmp
[2022-04-13 21:16:42,132] {subprocess.py:74} INFO - Running command: ['bash', '-c', 'pwd']
[2022-04-13 21:16:42,144] {subprocess.py:85} INFO - Output:
[2022-04-13 21:16:42,147] {subprocess.py:89} INFO - /tmp/***tmpkmb4eevd
[2022-04-13 21:16:42,148] {subprocess.py:93} INFO - Command exited with return code 0
[2022-04-13 21:16:42,187] {taskinstance.py:1277} INFO - Marking task as SUCCESS. dag_id=LocalIngestionDAG, task_id=ingest, execution_date=20210202T060014, start_date=20220413T211641, end_date=20220413T211642
[2022-04-13 21:16:42,229] {local_task_job.py:154} INFO - Task exited with return code 0
[2022-04-13 21:16:42,274] {local_task_job.py:264} INFO - 0 downstream tasks scheduled from follow-on schedule check
