[2022-04-13 21:23:41,162] {taskinstance.py:1032} INFO - Dependencies all met for <TaskInstance: LocalIngestionDAG.ingest scheduled__2021-06-02T06:00:59+00:00 [queued]>
[2022-04-13 21:23:41,178] {taskinstance.py:1032} INFO - Dependencies all met for <TaskInstance: LocalIngestionDAG.ingest scheduled__2021-06-02T06:00:59+00:00 [queued]>
[2022-04-13 21:23:41,179] {taskinstance.py:1238} INFO - 
--------------------------------------------------------------------------------
[2022-04-13 21:23:41,179] {taskinstance.py:1239} INFO - Starting attempt 1 of 1
[2022-04-13 21:23:41,179] {taskinstance.py:1240} INFO - 
--------------------------------------------------------------------------------
[2022-04-13 21:23:41,196] {taskinstance.py:1259} INFO - Executing <Task(BashOperator): ingest> on 2021-06-02 06:00:59+00:00
[2022-04-13 21:23:41,201] {standard_task_runner.py:52} INFO - Started process 3637 to run task
[2022-04-13 21:23:41,205] {standard_task_runner.py:76} INFO - Running: ['***', 'tasks', 'run', 'LocalIngestionDAG', 'ingest', 'scheduled__2021-06-02T06:00:59+00:00', '--job-id', '842', '--raw', '--subdir', 'DAGS_FOLDER/data_ingestion_local.py', '--cfg-path', '/tmp/tmpqclzt2lh', '--error-file', '/tmp/tmpdknobgqc']
[2022-04-13 21:23:41,207] {standard_task_runner.py:77} INFO - Job 842: Subtask ingest
[2022-04-13 21:23:41,282] {logging_mixin.py:109} INFO - Running <TaskInstance: LocalIngestionDAG.ingest scheduled__2021-06-02T06:00:59+00:00 [running]> on host 13db72185839
[2022-04-13 21:23:41,357] {taskinstance.py:1426} INFO - Exporting the following env vars:
AIRFLOW_CTX_DAG_OWNER=***
AIRFLOW_CTX_DAG_ID=LocalIngestionDAG
AIRFLOW_CTX_TASK_ID=ingest
AIRFLOW_CTX_EXECUTION_DATE=2021-06-02T06:00:59+00:00
AIRFLOW_CTX_DAG_RUN_ID=scheduled__2021-06-02T06:00:59+00:00
[2022-04-13 21:23:41,359] {subprocess.py:62} INFO - Tmp dir root location: 
 /tmp
[2022-04-13 21:23:41,360] {subprocess.py:74} INFO - Running command: ['bash', '-c', 'pwd']
[2022-04-13 21:23:41,369] {subprocess.py:85} INFO - Output:
[2022-04-13 21:23:41,371] {subprocess.py:89} INFO - /tmp/***tmpvc5x7hil
[2022-04-13 21:23:41,372] {subprocess.py:93} INFO - Command exited with return code 0
[2022-04-13 21:23:41,406] {taskinstance.py:1277} INFO - Marking task as SUCCESS. dag_id=LocalIngestionDAG, task_id=ingest, execution_date=20210602T060059, start_date=20220413T212341, end_date=20220413T212341
[2022-04-13 21:23:41,458] {local_task_job.py:154} INFO - Task exited with return code 0
[2022-04-13 21:23:41,497] {local_task_job.py:264} INFO - 0 downstream tasks scheduled from follow-on schedule check
