[2022-04-13 22:14:10,008] {taskinstance.py:1032} INFO - Dependencies all met for <TaskInstance: LocalIngestionDAG.ingest scheduled__2021-11-02T06:00:33+00:00 [queued]>
[2022-04-13 22:14:10,027] {taskinstance.py:1032} INFO - Dependencies all met for <TaskInstance: LocalIngestionDAG.ingest scheduled__2021-11-02T06:00:33+00:00 [queued]>
[2022-04-13 22:14:10,028] {taskinstance.py:1238} INFO - 
--------------------------------------------------------------------------------
[2022-04-13 22:14:10,028] {taskinstance.py:1239} INFO - Starting attempt 1 of 1
[2022-04-13 22:14:10,028] {taskinstance.py:1240} INFO - 
--------------------------------------------------------------------------------
[2022-04-13 22:14:10,048] {taskinstance.py:1259} INFO - Executing <Task(BashOperator): ingest> on 2021-11-02 06:00:33+00:00
[2022-04-13 22:14:10,052] {standard_task_runner.py:52} INFO - Started process 7994 to run task
[2022-04-13 22:14:10,057] {standard_task_runner.py:76} INFO - Running: ['***', 'tasks', 'run', 'LocalIngestionDAG', 'ingest', 'scheduled__2021-11-02T06:00:33+00:00', '--job-id', '1374', '--raw', '--subdir', 'DAGS_FOLDER/data_ingestion_local.py', '--cfg-path', '/tmp/tmp7nuzq1b6', '--error-file', '/tmp/tmpvd22i9z_']
[2022-04-13 22:14:10,058] {standard_task_runner.py:77} INFO - Job 1374: Subtask ingest
[2022-04-13 22:14:10,139] {logging_mixin.py:109} INFO - Running <TaskInstance: LocalIngestionDAG.ingest scheduled__2021-11-02T06:00:33+00:00 [running]> on host 13db72185839
[2022-04-13 22:14:10,242] {taskinstance.py:1426} INFO - Exporting the following env vars:
AIRFLOW_CTX_DAG_OWNER=***
AIRFLOW_CTX_DAG_ID=LocalIngestionDAG
AIRFLOW_CTX_TASK_ID=ingest
AIRFLOW_CTX_EXECUTION_DATE=2021-11-02T06:00:33+00:00
AIRFLOW_CTX_DAG_RUN_ID=scheduled__2021-11-02T06:00:33+00:00
[2022-04-13 22:14:10,244] {subprocess.py:62} INFO - Tmp dir root location: 
 /tmp
[2022-04-13 22:14:10,246] {subprocess.py:74} INFO - Running command: ['bash', '-c', 'ls /opt/***']
[2022-04-13 22:14:10,262] {subprocess.py:85} INFO - Output:
[2022-04-13 22:14:10,273] {subprocess.py:89} INFO - ***.cfg
[2022-04-13 22:14:10,276] {subprocess.py:89} INFO - dags
[2022-04-13 22:14:10,277] {subprocess.py:89} INFO - logs
[2022-04-13 22:14:10,278] {subprocess.py:89} INFO - output.csv
[2022-04-13 22:14:10,280] {subprocess.py:89} INFO - plugins
[2022-04-13 22:14:10,280] {subprocess.py:89} INFO - requirements.txt
[2022-04-13 22:14:10,281] {subprocess.py:89} INFO - scripts
[2022-04-13 22:14:10,282] {subprocess.py:89} INFO - webserver_config.py
[2022-04-13 22:14:10,284] {subprocess.py:93} INFO - Command exited with return code 0
[2022-04-13 22:14:10,358] {taskinstance.py:1277} INFO - Marking task as SUCCESS. dag_id=LocalIngestionDAG, task_id=ingest, execution_date=20211102T060033, start_date=20220413T221410, end_date=20220413T221410
[2022-04-13 22:14:10,430] {local_task_job.py:154} INFO - Task exited with return code 0
[2022-04-13 22:14:10,491] {local_task_job.py:264} INFO - 0 downstream tasks scheduled from follow-on schedule check
