[2022-04-13 21:15:52,961] {taskinstance.py:1032} INFO - Dependencies all met for <TaskInstance: LocalIngestionDAG.wget scheduled__2021-01-02T06:00:19+00:00 [queued]>
[2022-04-13 21:15:52,982] {taskinstance.py:1032} INFO - Dependencies all met for <TaskInstance: LocalIngestionDAG.wget scheduled__2021-01-02T06:00:19+00:00 [queued]>
[2022-04-13 21:15:52,983] {taskinstance.py:1238} INFO - 
--------------------------------------------------------------------------------
[2022-04-13 21:15:52,983] {taskinstance.py:1239} INFO - Starting attempt 1 of 1
[2022-04-13 21:15:52,984] {taskinstance.py:1240} INFO - 
--------------------------------------------------------------------------------
[2022-04-13 21:15:53,015] {taskinstance.py:1259} INFO - Executing <Task(BashOperator): wget> on 2021-01-02 06:00:19+00:00
[2022-04-13 21:15:53,019] {standard_task_runner.py:52} INFO - Started process 1182 to run task
[2022-04-13 21:15:53,026] {standard_task_runner.py:76} INFO - Running: ['***', 'tasks', 'run', 'LocalIngestionDAG', 'wget', 'scheduled__2021-01-02T06:00:19+00:00', '--job-id', '156', '--raw', '--subdir', 'DAGS_FOLDER/data_ingestion_local.py', '--cfg-path', '/tmp/tmpyc21j7mt', '--error-file', '/tmp/tmpsiala8os']
[2022-04-13 21:15:53,030] {standard_task_runner.py:77} INFO - Job 156: Subtask wget
[2022-04-13 21:15:53,145] {logging_mixin.py:109} INFO - Running <TaskInstance: LocalIngestionDAG.wget scheduled__2021-01-02T06:00:19+00:00 [running]> on host 13db72185839
[2022-04-13 21:15:53,293] {taskinstance.py:1426} INFO - Exporting the following env vars:
AIRFLOW_CTX_DAG_OWNER=***
AIRFLOW_CTX_DAG_ID=LocalIngestionDAG
AIRFLOW_CTX_TASK_ID=wget
AIRFLOW_CTX_EXECUTION_DATE=2021-01-02T06:00:19+00:00
AIRFLOW_CTX_DAG_RUN_ID=scheduled__2021-01-02T06:00:19+00:00
[2022-04-13 21:15:53,304] {subprocess.py:62} INFO - Tmp dir root location: 
 /tmp
[2022-04-13 21:15:53,306] {subprocess.py:74} INFO - Running command: ['bash', '-c', 'echo "hello world"']
[2022-04-13 21:15:53,322] {subprocess.py:85} INFO - Output:
[2022-04-13 21:15:53,325] {subprocess.py:89} INFO - hello world
[2022-04-13 21:15:53,326] {subprocess.py:93} INFO - Command exited with return code 0
[2022-04-13 21:15:53,427] {taskinstance.py:1277} INFO - Marking task as SUCCESS. dag_id=LocalIngestionDAG, task_id=wget, execution_date=20210102T060019, start_date=20220413T211552, end_date=20220413T211553
[2022-04-13 21:15:53,489] {local_task_job.py:154} INFO - Task exited with return code 0
[2022-04-13 21:15:53,597] {local_task_job.py:264} INFO - 1 downstream tasks scheduled from follow-on schedule check
