[2022-04-13 21:23:31,733] {taskinstance.py:1032} INFO - Dependencies all met for <TaskInstance: LocalIngestionDAG.ingest scheduled__2021-06-02T06:00:50+00:00 [queued]>
[2022-04-13 21:23:31,766] {taskinstance.py:1032} INFO - Dependencies all met for <TaskInstance: LocalIngestionDAG.ingest scheduled__2021-06-02T06:00:50+00:00 [queued]>
[2022-04-13 21:23:31,767] {taskinstance.py:1238} INFO - 
--------------------------------------------------------------------------------
[2022-04-13 21:23:31,768] {taskinstance.py:1239} INFO - Starting attempt 1 of 1
[2022-04-13 21:23:31,769] {taskinstance.py:1240} INFO - 
--------------------------------------------------------------------------------
[2022-04-13 21:23:31,808] {taskinstance.py:1259} INFO - Executing <Task(BashOperator): ingest> on 2021-06-02 06:00:50+00:00
[2022-04-13 21:23:31,813] {standard_task_runner.py:52} INFO - Started process 3574 to run task
[2022-04-13 21:23:31,820] {standard_task_runner.py:76} INFO - Running: ['***', 'tasks', 'run', 'LocalIngestionDAG', 'ingest', 'scheduled__2021-06-02T06:00:50+00:00', '--job-id', '824', '--raw', '--subdir', 'DAGS_FOLDER/data_ingestion_local.py', '--cfg-path', '/tmp/tmp0ujvhbot', '--error-file', '/tmp/tmp1jls7wrj']
[2022-04-13 21:23:31,824] {standard_task_runner.py:77} INFO - Job 824: Subtask ingest
[2022-04-13 21:23:31,946] {logging_mixin.py:109} INFO - Running <TaskInstance: LocalIngestionDAG.ingest scheduled__2021-06-02T06:00:50+00:00 [running]> on host 13db72185839
[2022-04-13 21:23:32,070] {taskinstance.py:1426} INFO - Exporting the following env vars:
AIRFLOW_CTX_DAG_OWNER=***
AIRFLOW_CTX_DAG_ID=LocalIngestionDAG
AIRFLOW_CTX_TASK_ID=ingest
AIRFLOW_CTX_EXECUTION_DATE=2021-06-02T06:00:50+00:00
AIRFLOW_CTX_DAG_RUN_ID=scheduled__2021-06-02T06:00:50+00:00
[2022-04-13 21:23:32,073] {subprocess.py:62} INFO - Tmp dir root location: 
 /tmp
[2022-04-13 21:23:32,075] {subprocess.py:74} INFO - Running command: ['bash', '-c', 'pwd']
[2022-04-13 21:23:32,088] {subprocess.py:85} INFO - Output:
[2022-04-13 21:23:32,091] {subprocess.py:89} INFO - /tmp/***tmp4ccm90k2
[2022-04-13 21:23:32,092] {subprocess.py:93} INFO - Command exited with return code 0
[2022-04-13 21:23:32,135] {taskinstance.py:1277} INFO - Marking task as SUCCESS. dag_id=LocalIngestionDAG, task_id=ingest, execution_date=20210602T060050, start_date=20220413T212331, end_date=20220413T212332
[2022-04-13 21:23:32,194] {local_task_job.py:154} INFO - Task exited with return code 0
[2022-04-13 21:23:32,250] {local_task_job.py:264} INFO - 0 downstream tasks scheduled from follow-on schedule check
