[2022-04-13 22:33:07,693] {taskinstance.py:1032} INFO - Dependencies all met for <TaskInstance: LocalIngestionDAG.ingest scheduled__2022-02-02T06:00:05+00:00 [queued]>
[2022-04-13 22:33:07,748] {taskinstance.py:1032} INFO - Dependencies all met for <TaskInstance: LocalIngestionDAG.ingest scheduled__2022-02-02T06:00:05+00:00 [queued]>
[2022-04-13 22:33:07,749] {taskinstance.py:1238} INFO - 
--------------------------------------------------------------------------------
[2022-04-13 22:33:07,750] {taskinstance.py:1239} INFO - Starting attempt 1 of 1
[2022-04-13 22:33:07,750] {taskinstance.py:1240} INFO - 
--------------------------------------------------------------------------------
[2022-04-13 22:33:07,813] {taskinstance.py:1259} INFO - Executing <Task(BashOperator): ingest> on 2022-02-02 06:00:05+00:00
[2022-04-13 22:33:07,825] {standard_task_runner.py:52} INFO - Started process 10018 to run task
[2022-04-13 22:33:07,832] {standard_task_runner.py:76} INFO - Running: ['***', 'tasks', 'run', 'LocalIngestionDAG', 'ingest', 'scheduled__2022-02-02T06:00:05+00:00', '--job-id', '1661', '--raw', '--subdir', 'DAGS_FOLDER/data_ingestion_local.py', '--cfg-path', '/tmp/tmpzwn9b3h7', '--error-file', '/tmp/tmpa85nqmfn']
[2022-04-13 22:33:07,835] {standard_task_runner.py:77} INFO - Job 1661: Subtask ingest
[2022-04-13 22:33:07,995] {logging_mixin.py:109} INFO - Running <TaskInstance: LocalIngestionDAG.ingest scheduled__2022-02-02T06:00:05+00:00 [running]> on host 13db72185839
[2022-04-13 22:33:08,242] {taskinstance.py:1426} INFO - Exporting the following env vars:
AIRFLOW_CTX_DAG_OWNER=***
AIRFLOW_CTX_DAG_ID=LocalIngestionDAG
AIRFLOW_CTX_TASK_ID=ingest
AIRFLOW_CTX_EXECUTION_DATE=2022-02-02T06:00:05+00:00
AIRFLOW_CTX_DAG_RUN_ID=scheduled__2022-02-02T06:00:05+00:00
[2022-04-13 22:33:08,245] {subprocess.py:62} INFO - Tmp dir root location: 
 /tmp
[2022-04-13 22:33:08,247] {subprocess.py:74} INFO - Running command: ['bash', '-c', 'ls /opt/***']
[2022-04-13 22:33:08,271] {subprocess.py:85} INFO - Output:
[2022-04-13 22:33:08,286] {subprocess.py:89} INFO - ***.cfg
[2022-04-13 22:33:08,289] {subprocess.py:89} INFO - dags
[2022-04-13 22:33:08,295] {subprocess.py:89} INFO - logs
[2022-04-13 22:33:08,296] {subprocess.py:89} INFO - output.csv
[2022-04-13 22:33:08,299] {subprocess.py:89} INFO - plugins
[2022-04-13 22:33:08,302] {subprocess.py:89} INFO - requirements.txt
[2022-04-13 22:33:08,308] {subprocess.py:89} INFO - scripts
[2022-04-13 22:33:08,309] {subprocess.py:89} INFO - webserver_config.py
[2022-04-13 22:33:08,310] {subprocess.py:93} INFO - Command exited with return code 0
[2022-04-13 22:33:08,382] {taskinstance.py:1277} INFO - Marking task as SUCCESS. dag_id=LocalIngestionDAG, task_id=ingest, execution_date=20220202T060005, start_date=20220413T223307, end_date=20220413T223308
[2022-04-13 22:33:08,492] {local_task_job.py:154} INFO - Task exited with return code 0
[2022-04-13 22:33:08,588] {local_task_job.py:264} INFO - 0 downstream tasks scheduled from follow-on schedule check
