[2022-04-12 15:52:48,711] {taskinstance.py:1032} INFO - Dependencies all met for <TaskInstance: data_ingestion_gcs_dag.local_to_gcs_task manual__2022-04-12T15:51:52.319069+00:00 [queued]>
[2022-04-12 15:52:48,733] {taskinstance.py:1032} INFO - Dependencies all met for <TaskInstance: data_ingestion_gcs_dag.local_to_gcs_task manual__2022-04-12T15:51:52.319069+00:00 [queued]>
[2022-04-12 15:52:48,734] {taskinstance.py:1238} INFO - 
--------------------------------------------------------------------------------
[2022-04-12 15:52:48,734] {taskinstance.py:1239} INFO - Starting attempt 1 of 2
[2022-04-12 15:52:48,734] {taskinstance.py:1240} INFO - 
--------------------------------------------------------------------------------
[2022-04-12 15:52:48,758] {taskinstance.py:1259} INFO - Executing <Task(PythonOperator): local_to_gcs_task> on 2022-04-12 15:51:52.319069+00:00
[2022-04-12 15:52:48,765] {standard_task_runner.py:52} INFO - Started process 778 to run task
[2022-04-12 15:52:48,769] {standard_task_runner.py:76} INFO - Running: ['***', 'tasks', 'run', 'data_ingestion_gcs_dag', 'local_to_gcs_task', 'manual__2022-04-12T15:51:52.319069+00:00', '--job-id', '62', '--raw', '--subdir', 'DAGS_FOLDER/data_ingestion_gcs_dag.py', '--cfg-path', '/tmp/tmp87zvsddr', '--error-file', '/tmp/tmpa1gpalo5']
[2022-04-12 15:52:48,770] {standard_task_runner.py:77} INFO - Job 62: Subtask local_to_gcs_task
[2022-04-12 15:52:48,872] {logging_mixin.py:109} INFO - Running <TaskInstance: data_ingestion_gcs_dag.local_to_gcs_task manual__2022-04-12T15:51:52.319069+00:00 [running]> on host c8926bece071
[2022-04-12 15:52:48,949] {taskinstance.py:1426} INFO - Exporting the following env vars:
AIRFLOW_CTX_DAG_OWNER=***
AIRFLOW_CTX_DAG_ID=data_ingestion_gcs_dag
AIRFLOW_CTX_TASK_ID=local_to_gcs_task
AIRFLOW_CTX_EXECUTION_DATE=2022-04-12T15:51:52.319069+00:00
AIRFLOW_CTX_DAG_RUN_ID=manual__2022-04-12T15:51:52.319069+00:00
[2022-04-12 15:53:29,928] {python.py:175} INFO - Done. Returned value was: None
[2022-04-12 15:53:29,948] {taskinstance.py:1277} INFO - Marking task as SUCCESS. dag_id=data_ingestion_gcs_dag, task_id=local_to_gcs_task, execution_date=20220412T155152, start_date=20220412T155248, end_date=20220412T155329
[2022-04-12 15:53:30,005] {local_task_job.py:154} INFO - Task exited with return code 0
[2022-04-12 15:53:30,064] {local_task_job.py:264} INFO - 0 downstream tasks scheduled from follow-on schedule check
