[2022-04-13 22:33:55,902] {taskinstance.py:1032} INFO - Dependencies all met for <TaskInstance: LocalIngestionDAG.ingest scheduled__2022-02-02T06:00:35+00:00 [queued]>
[2022-04-13 22:33:56,005] {taskinstance.py:1032} INFO - Dependencies all met for <TaskInstance: LocalIngestionDAG.ingest scheduled__2022-02-02T06:00:35+00:00 [queued]>
[2022-04-13 22:33:56,032] {taskinstance.py:1238} INFO - 
--------------------------------------------------------------------------------
[2022-04-13 22:33:56,033] {taskinstance.py:1239} INFO - Starting attempt 1 of 1
[2022-04-13 22:33:56,034] {taskinstance.py:1240} INFO - 
--------------------------------------------------------------------------------
[2022-04-13 22:33:56,113] {taskinstance.py:1259} INFO - Executing <Task(BashOperator): ingest> on 2022-02-02 06:00:35+00:00
[2022-04-13 22:33:56,127] {standard_task_runner.py:52} INFO - Started process 10316 to run task
[2022-04-13 22:33:56,142] {standard_task_runner.py:76} INFO - Running: ['***', 'tasks', 'run', 'LocalIngestionDAG', 'ingest', 'scheduled__2022-02-02T06:00:35+00:00', '--job-id', '1729', '--raw', '--subdir', 'DAGS_FOLDER/data_ingestion_local.py', '--cfg-path', '/tmp/tmp3hipkikb', '--error-file', '/tmp/tmpaccj8pos']
[2022-04-13 22:33:56,157] {standard_task_runner.py:77} INFO - Job 1729: Subtask ingest
[2022-04-13 22:33:56,428] {logging_mixin.py:109} INFO - Running <TaskInstance: LocalIngestionDAG.ingest scheduled__2022-02-02T06:00:35+00:00 [running]> on host 13db72185839
[2022-04-13 22:33:56,606] {taskinstance.py:1426} INFO - Exporting the following env vars:
AIRFLOW_CTX_DAG_OWNER=***
AIRFLOW_CTX_DAG_ID=LocalIngestionDAG
AIRFLOW_CTX_TASK_ID=ingest
AIRFLOW_CTX_EXECUTION_DATE=2022-02-02T06:00:35+00:00
AIRFLOW_CTX_DAG_RUN_ID=scheduled__2022-02-02T06:00:35+00:00
[2022-04-13 22:33:56,608] {subprocess.py:62} INFO - Tmp dir root location: 
 /tmp
[2022-04-13 22:33:56,609] {subprocess.py:74} INFO - Running command: ['bash', '-c', 'ls /opt/***']
[2022-04-13 22:33:56,625] {subprocess.py:85} INFO - Output:
[2022-04-13 22:33:56,632] {subprocess.py:89} INFO - ***.cfg
[2022-04-13 22:33:56,633] {subprocess.py:89} INFO - dags
[2022-04-13 22:33:56,634] {subprocess.py:89} INFO - logs
[2022-04-13 22:33:56,635] {subprocess.py:89} INFO - output.csv
[2022-04-13 22:33:56,636] {subprocess.py:89} INFO - plugins
[2022-04-13 22:33:56,636] {subprocess.py:89} INFO - requirements.txt
[2022-04-13 22:33:56,637] {subprocess.py:89} INFO - scripts
[2022-04-13 22:33:56,638] {subprocess.py:89} INFO - webserver_config.py
[2022-04-13 22:33:56,639] {subprocess.py:93} INFO - Command exited with return code 0
[2022-04-13 22:33:56,710] {taskinstance.py:1277} INFO - Marking task as SUCCESS. dag_id=LocalIngestionDAG, task_id=ingest, execution_date=20220202T060035, start_date=20220413T223355, end_date=20220413T223356
[2022-04-13 22:33:56,766] {local_task_job.py:154} INFO - Task exited with return code 0
[2022-04-13 22:33:56,880] {local_task_job.py:264} INFO - 0 downstream tasks scheduled from follow-on schedule check
