[2022-04-13 21:25:05,125] {taskinstance.py:1032} INFO - Dependencies all met for <TaskInstance: LocalIngestionDAG.wget scheduled__2021-08-02T06:00:21+00:00 [queued]>
[2022-04-13 21:25:05,178] {taskinstance.py:1032} INFO - Dependencies all met for <TaskInstance: LocalIngestionDAG.wget scheduled__2021-08-02T06:00:21+00:00 [queued]>
[2022-04-13 21:25:05,181] {taskinstance.py:1238} INFO - 
--------------------------------------------------------------------------------
[2022-04-13 21:25:05,183] {taskinstance.py:1239} INFO - Starting attempt 1 of 1
[2022-04-13 21:25:05,185] {taskinstance.py:1240} INFO - 
--------------------------------------------------------------------------------
[2022-04-13 21:25:05,279] {taskinstance.py:1259} INFO - Executing <Task(BashOperator): wget> on 2021-08-02 06:00:21+00:00
[2022-04-13 21:25:05,289] {standard_task_runner.py:52} INFO - Started process 4181 to run task
[2022-04-13 21:25:05,323] {standard_task_runner.py:76} INFO - Running: ['***', 'tasks', 'run', 'LocalIngestionDAG', 'wget', 'scheduled__2021-08-02T06:00:21+00:00', '--job-id', '1000', '--raw', '--subdir', 'DAGS_FOLDER/data_ingestion_local.py', '--cfg-path', '/tmp/tmps7kgv3a1', '--error-file', '/tmp/tmpxbnvz5l0']
[2022-04-13 21:25:05,333] {standard_task_runner.py:77} INFO - Job 1000: Subtask wget
[2022-04-13 21:25:05,710] {logging_mixin.py:109} INFO - Running <TaskInstance: LocalIngestionDAG.wget scheduled__2021-08-02T06:00:21+00:00 [running]> on host 13db72185839
[2022-04-13 21:25:05,953] {taskinstance.py:1426} INFO - Exporting the following env vars:
AIRFLOW_CTX_DAG_OWNER=***
AIRFLOW_CTX_DAG_ID=LocalIngestionDAG
AIRFLOW_CTX_TASK_ID=wget
AIRFLOW_CTX_EXECUTION_DATE=2021-08-02T06:00:21+00:00
AIRFLOW_CTX_DAG_RUN_ID=scheduled__2021-08-02T06:00:21+00:00
[2022-04-13 21:25:05,956] {subprocess.py:62} INFO - Tmp dir root location: 
 /tmp
[2022-04-13 21:25:05,959] {subprocess.py:74} INFO - Running command: ['bash', '-c', 'echo "hello world"']
[2022-04-13 21:25:05,975] {subprocess.py:85} INFO - Output:
[2022-04-13 21:25:05,981] {subprocess.py:89} INFO - hello world
[2022-04-13 21:25:05,982] {subprocess.py:93} INFO - Command exited with return code 0
[2022-04-13 21:25:06,049] {taskinstance.py:1277} INFO - Marking task as SUCCESS. dag_id=LocalIngestionDAG, task_id=wget, execution_date=20210802T060021, start_date=20220413T212505, end_date=20220413T212506
[2022-04-13 21:25:06,172] {local_task_job.py:154} INFO - Task exited with return code 0
[2022-04-13 21:25:06,328] {local_task_job.py:264} INFO - 1 downstream tasks scheduled from follow-on schedule check
