[2022-04-13 21:27:25,463] {taskinstance.py:1032} INFO - Dependencies all met for <TaskInstance: LocalIngestionDAG.ingest scheduled__2021-10-02T06:00:17+00:00 [queued]>
[2022-04-13 21:27:25,510] {taskinstance.py:1032} INFO - Dependencies all met for <TaskInstance: LocalIngestionDAG.ingest scheduled__2021-10-02T06:00:17+00:00 [queued]>
[2022-04-13 21:27:25,522] {taskinstance.py:1238} INFO - 
--------------------------------------------------------------------------------
[2022-04-13 21:27:25,535] {taskinstance.py:1239} INFO - Starting attempt 1 of 1
[2022-04-13 21:27:25,541] {taskinstance.py:1240} INFO - 
--------------------------------------------------------------------------------
[2022-04-13 21:27:25,643] {taskinstance.py:1259} INFO - Executing <Task(BashOperator): ingest> on 2021-10-02 06:00:17+00:00
[2022-04-13 21:27:25,649] {standard_task_runner.py:52} INFO - Started process 4992 to run task
[2022-04-13 21:27:25,656] {standard_task_runner.py:76} INFO - Running: ['***', 'tasks', 'run', 'LocalIngestionDAG', 'ingest', 'scheduled__2021-10-02T06:00:17+00:00', '--job-id', '1235', '--raw', '--subdir', 'DAGS_FOLDER/data_ingestion_local.py', '--cfg-path', '/tmp/tmpvv566trp', '--error-file', '/tmp/tmpy1jxk7e7']
[2022-04-13 21:27:25,674] {standard_task_runner.py:77} INFO - Job 1235: Subtask ingest
[2022-04-13 21:27:25,982] {logging_mixin.py:109} INFO - Running <TaskInstance: LocalIngestionDAG.ingest scheduled__2021-10-02T06:00:17+00:00 [running]> on host 13db72185839
[2022-04-13 21:27:26,199] {taskinstance.py:1426} INFO - Exporting the following env vars:
AIRFLOW_CTX_DAG_OWNER=***
AIRFLOW_CTX_DAG_ID=LocalIngestionDAG
AIRFLOW_CTX_TASK_ID=ingest
AIRFLOW_CTX_EXECUTION_DATE=2021-10-02T06:00:17+00:00
AIRFLOW_CTX_DAG_RUN_ID=scheduled__2021-10-02T06:00:17+00:00
[2022-04-13 21:27:26,204] {subprocess.py:62} INFO - Tmp dir root location: 
 /tmp
[2022-04-13 21:27:26,208] {subprocess.py:74} INFO - Running command: ['bash', '-c', 'pwd']
[2022-04-13 21:27:26,247] {subprocess.py:85} INFO - Output:
[2022-04-13 21:27:26,253] {subprocess.py:89} INFO - /tmp/***tmpuu62juo_
[2022-04-13 21:27:26,254] {subprocess.py:93} INFO - Command exited with return code 0
[2022-04-13 21:27:26,372] {taskinstance.py:1277} INFO - Marking task as SUCCESS. dag_id=LocalIngestionDAG, task_id=ingest, execution_date=20211002T060017, start_date=20220413T212725, end_date=20220413T212726
[2022-04-13 21:27:26,596] {local_task_job.py:154} INFO - Task exited with return code 0
[2022-04-13 21:27:27,356] {local_task_job.py:264} INFO - 0 downstream tasks scheduled from follow-on schedule check
