[2022-04-13 21:15:48,691] {taskinstance.py:1032} INFO - Dependencies all met for <TaskInstance: LocalIngestionDAG.wget scheduled__2021-01-02T06:00:15+00:00 [queued]>
[2022-04-13 21:15:48,717] {taskinstance.py:1032} INFO - Dependencies all met for <TaskInstance: LocalIngestionDAG.wget scheduled__2021-01-02T06:00:15+00:00 [queued]>
[2022-04-13 21:15:48,717] {taskinstance.py:1238} INFO - 
--------------------------------------------------------------------------------
[2022-04-13 21:15:48,718] {taskinstance.py:1239} INFO - Starting attempt 1 of 1
[2022-04-13 21:15:48,720] {taskinstance.py:1240} INFO - 
--------------------------------------------------------------------------------
[2022-04-13 21:15:48,780] {taskinstance.py:1259} INFO - Executing <Task(BashOperator): wget> on 2021-01-02 06:00:15+00:00
[2022-04-13 21:15:48,792] {standard_task_runner.py:52} INFO - Started process 1156 to run task
[2022-04-13 21:15:48,805] {standard_task_runner.py:76} INFO - Running: ['***', 'tasks', 'run', 'LocalIngestionDAG', 'wget', 'scheduled__2021-01-02T06:00:15+00:00', '--job-id', '147', '--raw', '--subdir', 'DAGS_FOLDER/data_ingestion_local.py', '--cfg-path', '/tmp/tmpeww27f2o', '--error-file', '/tmp/tmphni4wexj']
[2022-04-13 21:15:48,807] {standard_task_runner.py:77} INFO - Job 147: Subtask wget
[2022-04-13 21:15:48,946] {logging_mixin.py:109} INFO - Running <TaskInstance: LocalIngestionDAG.wget scheduled__2021-01-02T06:00:15+00:00 [running]> on host 13db72185839
[2022-04-13 21:15:49,035] {taskinstance.py:1426} INFO - Exporting the following env vars:
AIRFLOW_CTX_DAG_OWNER=***
AIRFLOW_CTX_DAG_ID=LocalIngestionDAG
AIRFLOW_CTX_TASK_ID=wget
AIRFLOW_CTX_EXECUTION_DATE=2021-01-02T06:00:15+00:00
AIRFLOW_CTX_DAG_RUN_ID=scheduled__2021-01-02T06:00:15+00:00
[2022-04-13 21:15:49,039] {subprocess.py:62} INFO - Tmp dir root location: 
 /tmp
[2022-04-13 21:15:49,041] {subprocess.py:74} INFO - Running command: ['bash', '-c', 'echo "hello world"']
[2022-04-13 21:15:49,055] {subprocess.py:85} INFO - Output:
[2022-04-13 21:15:49,065] {subprocess.py:89} INFO - hello world
[2022-04-13 21:15:49,067] {subprocess.py:93} INFO - Command exited with return code 0
[2022-04-13 21:15:49,130] {taskinstance.py:1277} INFO - Marking task as SUCCESS. dag_id=LocalIngestionDAG, task_id=wget, execution_date=20210102T060015, start_date=20220413T211548, end_date=20220413T211549
[2022-04-13 21:15:49,189] {local_task_job.py:154} INFO - Task exited with return code 0
[2022-04-13 21:15:49,252] {local_task_job.py:264} INFO - 1 downstream tasks scheduled from follow-on schedule check
