[2022-04-13 21:25:18,380] {taskinstance.py:1032} INFO - Dependencies all met for <TaskInstance: LocalIngestionDAG.ingest scheduled__2021-08-02T06:00:31+00:00 [queued]>
[2022-04-13 21:25:18,402] {taskinstance.py:1032} INFO - Dependencies all met for <TaskInstance: LocalIngestionDAG.ingest scheduled__2021-08-02T06:00:31+00:00 [queued]>
[2022-04-13 21:25:18,403] {taskinstance.py:1238} INFO - 
--------------------------------------------------------------------------------
[2022-04-13 21:25:18,403] {taskinstance.py:1239} INFO - Starting attempt 1 of 1
[2022-04-13 21:25:18,404] {taskinstance.py:1240} INFO - 
--------------------------------------------------------------------------------
[2022-04-13 21:25:18,429] {taskinstance.py:1259} INFO - Executing <Task(BashOperator): ingest> on 2021-08-02 06:00:31+00:00
[2022-04-13 21:25:18,434] {standard_task_runner.py:52} INFO - Started process 4268 to run task
[2022-04-13 21:25:18,440] {standard_task_runner.py:76} INFO - Running: ['***', 'tasks', 'run', 'LocalIngestionDAG', 'ingest', 'scheduled__2021-08-02T06:00:31+00:00', '--job-id', '1028', '--raw', '--subdir', 'DAGS_FOLDER/data_ingestion_local.py', '--cfg-path', '/tmp/tmpabbhttaj', '--error-file', '/tmp/tmp0to98oy8']
[2022-04-13 21:25:18,443] {standard_task_runner.py:77} INFO - Job 1028: Subtask ingest
[2022-04-13 21:25:18,547] {logging_mixin.py:109} INFO - Running <TaskInstance: LocalIngestionDAG.ingest scheduled__2021-08-02T06:00:31+00:00 [running]> on host 13db72185839
[2022-04-13 21:25:18,649] {taskinstance.py:1426} INFO - Exporting the following env vars:
AIRFLOW_CTX_DAG_OWNER=***
AIRFLOW_CTX_DAG_ID=LocalIngestionDAG
AIRFLOW_CTX_TASK_ID=ingest
AIRFLOW_CTX_EXECUTION_DATE=2021-08-02T06:00:31+00:00
AIRFLOW_CTX_DAG_RUN_ID=scheduled__2021-08-02T06:00:31+00:00
[2022-04-13 21:25:18,652] {subprocess.py:62} INFO - Tmp dir root location: 
 /tmp
[2022-04-13 21:25:18,654] {subprocess.py:74} INFO - Running command: ['bash', '-c', 'pwd']
[2022-04-13 21:25:18,669] {subprocess.py:85} INFO - Output:
[2022-04-13 21:25:18,673] {subprocess.py:89} INFO - /tmp/***tmp_ydu_a9z
[2022-04-13 21:25:18,674] {subprocess.py:93} INFO - Command exited with return code 0
[2022-04-13 21:25:18,717] {taskinstance.py:1277} INFO - Marking task as SUCCESS. dag_id=LocalIngestionDAG, task_id=ingest, execution_date=20210802T060031, start_date=20220413T212518, end_date=20220413T212518
[2022-04-13 21:25:18,772] {local_task_job.py:154} INFO - Task exited with return code 0
[2022-04-13 21:25:18,816] {local_task_job.py:264} INFO - 0 downstream tasks scheduled from follow-on schedule check
