[2022-04-13 22:33:23,579] {taskinstance.py:1032} INFO - Dependencies all met for <TaskInstance: LocalIngestionDAG.ingest scheduled__2022-02-02T06:00:15+00:00 [queued]>
[2022-04-13 22:33:23,610] {taskinstance.py:1032} INFO - Dependencies all met for <TaskInstance: LocalIngestionDAG.ingest scheduled__2022-02-02T06:00:15+00:00 [queued]>
[2022-04-13 22:33:23,611] {taskinstance.py:1238} INFO - 
--------------------------------------------------------------------------------
[2022-04-13 22:33:23,611] {taskinstance.py:1239} INFO - Starting attempt 1 of 1
[2022-04-13 22:33:23,612] {taskinstance.py:1240} INFO - 
--------------------------------------------------------------------------------
[2022-04-13 22:33:23,639] {taskinstance.py:1259} INFO - Executing <Task(BashOperator): ingest> on 2022-02-02 06:00:15+00:00
[2022-04-13 22:33:23,645] {standard_task_runner.py:52} INFO - Started process 10118 to run task
[2022-04-13 22:33:23,659] {standard_task_runner.py:76} INFO - Running: ['***', 'tasks', 'run', 'LocalIngestionDAG', 'ingest', 'scheduled__2022-02-02T06:00:15+00:00', '--job-id', '1683', '--raw', '--subdir', 'DAGS_FOLDER/data_ingestion_local.py', '--cfg-path', '/tmp/tmpsdxztymk', '--error-file', '/tmp/tmpzn46gz9f']
[2022-04-13 22:33:23,662] {standard_task_runner.py:77} INFO - Job 1683: Subtask ingest
[2022-04-13 22:33:23,813] {logging_mixin.py:109} INFO - Running <TaskInstance: LocalIngestionDAG.ingest scheduled__2022-02-02T06:00:15+00:00 [running]> on host 13db72185839
[2022-04-13 22:33:23,952] {taskinstance.py:1426} INFO - Exporting the following env vars:
AIRFLOW_CTX_DAG_OWNER=***
AIRFLOW_CTX_DAG_ID=LocalIngestionDAG
AIRFLOW_CTX_TASK_ID=ingest
AIRFLOW_CTX_EXECUTION_DATE=2022-02-02T06:00:15+00:00
AIRFLOW_CTX_DAG_RUN_ID=scheduled__2022-02-02T06:00:15+00:00
[2022-04-13 22:33:23,954] {subprocess.py:62} INFO - Tmp dir root location: 
 /tmp
[2022-04-13 22:33:23,955] {subprocess.py:74} INFO - Running command: ['bash', '-c', 'ls /opt/***']
[2022-04-13 22:33:23,970] {subprocess.py:85} INFO - Output:
[2022-04-13 22:33:23,977] {subprocess.py:89} INFO - ***.cfg
[2022-04-13 22:33:23,978] {subprocess.py:89} INFO - dags
[2022-04-13 22:33:23,979] {subprocess.py:89} INFO - logs
[2022-04-13 22:33:23,980] {subprocess.py:89} INFO - output.csv
[2022-04-13 22:33:23,980] {subprocess.py:89} INFO - plugins
[2022-04-13 22:33:23,981] {subprocess.py:89} INFO - requirements.txt
[2022-04-13 22:33:23,982] {subprocess.py:89} INFO - scripts
[2022-04-13 22:33:23,982] {subprocess.py:89} INFO - webserver_config.py
[2022-04-13 22:33:23,983] {subprocess.py:93} INFO - Command exited with return code 0
[2022-04-13 22:33:24,048] {taskinstance.py:1277} INFO - Marking task as SUCCESS. dag_id=LocalIngestionDAG, task_id=ingest, execution_date=20220202T060015, start_date=20220413T223323, end_date=20220413T223324
[2022-04-13 22:33:24,115] {local_task_job.py:154} INFO - Task exited with return code 0
[2022-04-13 22:33:24,187] {local_task_job.py:264} INFO - 0 downstream tasks scheduled from follow-on schedule check
