[2022-04-13 22:33:59,881] {taskinstance.py:1032} INFO - Dependencies all met for <TaskInstance: LocalIngestionDAG.ingest scheduled__2022-02-02T06:00:40+00:00 [queued]>
[2022-04-13 22:33:59,926] {taskinstance.py:1032} INFO - Dependencies all met for <TaskInstance: LocalIngestionDAG.ingest scheduled__2022-02-02T06:00:40+00:00 [queued]>
[2022-04-13 22:33:59,930] {taskinstance.py:1238} INFO - 
--------------------------------------------------------------------------------
[2022-04-13 22:33:59,931] {taskinstance.py:1239} INFO - Starting attempt 1 of 1
[2022-04-13 22:33:59,933] {taskinstance.py:1240} INFO - 
--------------------------------------------------------------------------------
[2022-04-13 22:34:00,005] {taskinstance.py:1259} INFO - Executing <Task(BashOperator): ingest> on 2022-02-02 06:00:40+00:00
[2022-04-13 22:34:00,012] {standard_task_runner.py:52} INFO - Started process 10362 to run task
[2022-04-13 22:34:00,048] {standard_task_runner.py:76} INFO - Running: ['***', 'tasks', 'run', 'LocalIngestionDAG', 'ingest', 'scheduled__2022-02-02T06:00:40+00:00', '--job-id', '1737', '--raw', '--subdir', 'DAGS_FOLDER/data_ingestion_local.py', '--cfg-path', '/tmp/tmpn12wg6w6', '--error-file', '/tmp/tmp97_gamar']
[2022-04-13 22:34:00,060] {standard_task_runner.py:77} INFO - Job 1737: Subtask ingest
[2022-04-13 22:34:00,301] {logging_mixin.py:109} INFO - Running <TaskInstance: LocalIngestionDAG.ingest scheduled__2022-02-02T06:00:40+00:00 [running]> on host 13db72185839
[2022-04-13 22:34:00,525] {taskinstance.py:1426} INFO - Exporting the following env vars:
AIRFLOW_CTX_DAG_OWNER=***
AIRFLOW_CTX_DAG_ID=LocalIngestionDAG
AIRFLOW_CTX_TASK_ID=ingest
AIRFLOW_CTX_EXECUTION_DATE=2022-02-02T06:00:40+00:00
AIRFLOW_CTX_DAG_RUN_ID=scheduled__2022-02-02T06:00:40+00:00
[2022-04-13 22:34:00,529] {subprocess.py:62} INFO - Tmp dir root location: 
 /tmp
[2022-04-13 22:34:00,533] {subprocess.py:74} INFO - Running command: ['bash', '-c', 'ls /opt/***']
[2022-04-13 22:34:00,562] {subprocess.py:85} INFO - Output:
[2022-04-13 22:34:00,577] {subprocess.py:89} INFO - ***.cfg
[2022-04-13 22:34:00,581] {subprocess.py:89} INFO - dags
[2022-04-13 22:34:00,583] {subprocess.py:89} INFO - logs
[2022-04-13 22:34:00,584] {subprocess.py:89} INFO - output.csv
[2022-04-13 22:34:00,585] {subprocess.py:89} INFO - plugins
[2022-04-13 22:34:00,586] {subprocess.py:89} INFO - requirements.txt
[2022-04-13 22:34:00,587] {subprocess.py:89} INFO - scripts
[2022-04-13 22:34:00,591] {subprocess.py:89} INFO - webserver_config.py
[2022-04-13 22:34:00,597] {subprocess.py:93} INFO - Command exited with return code 0
[2022-04-13 22:34:00,680] {taskinstance.py:1277} INFO - Marking task as SUCCESS. dag_id=LocalIngestionDAG, task_id=ingest, execution_date=20220202T060040, start_date=20220413T223359, end_date=20220413T223400
[2022-04-13 22:34:00,748] {local_task_job.py:154} INFO - Task exited with return code 0
[2022-04-13 22:34:00,835] {local_task_job.py:264} INFO - 0 downstream tasks scheduled from follow-on schedule check
