[2022-04-13 22:34:39,302] {taskinstance.py:1032} INFO - Dependencies all met for <TaskInstance: LocalIngestionDAG.ingest scheduled__2022-03-02T06:00:04+00:00 [queued]>
[2022-04-13 22:34:39,352] {taskinstance.py:1032} INFO - Dependencies all met for <TaskInstance: LocalIngestionDAG.ingest scheduled__2022-03-02T06:00:04+00:00 [queued]>
[2022-04-13 22:34:39,363] {taskinstance.py:1238} INFO - 
--------------------------------------------------------------------------------
[2022-04-13 22:34:39,372] {taskinstance.py:1239} INFO - Starting attempt 1 of 1
[2022-04-13 22:34:39,378] {taskinstance.py:1240} INFO - 
--------------------------------------------------------------------------------
[2022-04-13 22:34:39,499] {taskinstance.py:1259} INFO - Executing <Task(BashOperator): ingest> on 2022-03-02 06:00:04+00:00
[2022-04-13 22:34:39,518] {standard_task_runner.py:52} INFO - Started process 10600 to run task
[2022-04-13 22:34:39,531] {standard_task_runner.py:76} INFO - Running: ['***', 'tasks', 'run', 'LocalIngestionDAG', 'ingest', 'scheduled__2022-03-02T06:00:04+00:00', '--job-id', '1791', '--raw', '--subdir', 'DAGS_FOLDER/data_ingestion_local.py', '--cfg-path', '/tmp/tmpnu2526qz', '--error-file', '/tmp/tmpimi5jacj']
[2022-04-13 22:34:39,563] {standard_task_runner.py:77} INFO - Job 1791: Subtask ingest
[2022-04-13 22:34:39,834] {logging_mixin.py:109} INFO - Running <TaskInstance: LocalIngestionDAG.ingest scheduled__2022-03-02T06:00:04+00:00 [running]> on host 13db72185839
[2022-04-13 22:34:40,100] {taskinstance.py:1426} INFO - Exporting the following env vars:
AIRFLOW_CTX_DAG_OWNER=***
AIRFLOW_CTX_DAG_ID=LocalIngestionDAG
AIRFLOW_CTX_TASK_ID=ingest
AIRFLOW_CTX_EXECUTION_DATE=2022-03-02T06:00:04+00:00
AIRFLOW_CTX_DAG_RUN_ID=scheduled__2022-03-02T06:00:04+00:00
[2022-04-13 22:34:40,128] {subprocess.py:62} INFO - Tmp dir root location: 
 /tmp
[2022-04-13 22:34:40,137] {subprocess.py:74} INFO - Running command: ['bash', '-c', 'ls /opt/***']
[2022-04-13 22:34:40,169] {subprocess.py:85} INFO - Output:
[2022-04-13 22:34:40,202] {subprocess.py:89} INFO - ***.cfg
[2022-04-13 22:34:40,223] {subprocess.py:89} INFO - dags
[2022-04-13 22:34:40,226] {subprocess.py:89} INFO - logs
[2022-04-13 22:34:40,228] {subprocess.py:89} INFO - output.csv
[2022-04-13 22:34:40,229] {subprocess.py:89} INFO - plugins
[2022-04-13 22:34:40,233] {subprocess.py:89} INFO - requirements.txt
[2022-04-13 22:34:40,235] {subprocess.py:89} INFO - scripts
[2022-04-13 22:34:40,248] {subprocess.py:89} INFO - webserver_config.py
[2022-04-13 22:34:40,250] {subprocess.py:93} INFO - Command exited with return code 0
[2022-04-13 22:34:40,333] {taskinstance.py:1277} INFO - Marking task as SUCCESS. dag_id=LocalIngestionDAG, task_id=ingest, execution_date=20220302T060004, start_date=20220413T223439, end_date=20220413T223440
[2022-04-13 22:34:40,452] {local_task_job.py:154} INFO - Task exited with return code 0
[2022-04-13 22:34:40,566] {local_task_job.py:264} INFO - 0 downstream tasks scheduled from follow-on schedule check
