[2022-04-13 21:27:15,286] {taskinstance.py:1032} INFO - Dependencies all met for <TaskInstance: LocalIngestionDAG.wget scheduled__2021-10-02T06:00:13+00:00 [queued]>
[2022-04-13 21:27:15,340] {taskinstance.py:1032} INFO - Dependencies all met for <TaskInstance: LocalIngestionDAG.wget scheduled__2021-10-02T06:00:13+00:00 [queued]>
[2022-04-13 21:27:15,355] {taskinstance.py:1238} INFO - 
--------------------------------------------------------------------------------
[2022-04-13 21:27:15,362] {taskinstance.py:1239} INFO - Starting attempt 1 of 1
[2022-04-13 21:27:15,363] {taskinstance.py:1240} INFO - 
--------------------------------------------------------------------------------
[2022-04-13 21:27:15,436] {taskinstance.py:1259} INFO - Executing <Task(BashOperator): wget> on 2021-10-02 06:00:13+00:00
[2022-04-13 21:27:15,461] {standard_task_runner.py:52} INFO - Started process 4954 to run task
[2022-04-13 21:27:15,479] {standard_task_runner.py:76} INFO - Running: ['***', 'tasks', 'run', 'LocalIngestionDAG', 'wget', 'scheduled__2021-10-02T06:00:13+00:00', '--job-id', '1226', '--raw', '--subdir', 'DAGS_FOLDER/data_ingestion_local.py', '--cfg-path', '/tmp/tmpz_oinqo8', '--error-file', '/tmp/tmp0wt3j3a9']
[2022-04-13 21:27:15,488] {standard_task_runner.py:77} INFO - Job 1226: Subtask wget
[2022-04-13 21:27:15,790] {logging_mixin.py:109} INFO - Running <TaskInstance: LocalIngestionDAG.wget scheduled__2021-10-02T06:00:13+00:00 [running]> on host 13db72185839
[2022-04-13 21:27:16,163] {taskinstance.py:1426} INFO - Exporting the following env vars:
AIRFLOW_CTX_DAG_OWNER=***
AIRFLOW_CTX_DAG_ID=LocalIngestionDAG
AIRFLOW_CTX_TASK_ID=wget
AIRFLOW_CTX_EXECUTION_DATE=2021-10-02T06:00:13+00:00
AIRFLOW_CTX_DAG_RUN_ID=scheduled__2021-10-02T06:00:13+00:00
[2022-04-13 21:27:16,190] {subprocess.py:62} INFO - Tmp dir root location: 
 /tmp
[2022-04-13 21:27:16,210] {subprocess.py:74} INFO - Running command: ['bash', '-c', 'echo "hello world"']
[2022-04-13 21:27:16,231] {subprocess.py:85} INFO - Output:
[2022-04-13 21:27:16,247] {subprocess.py:89} INFO - hello world
[2022-04-13 21:27:16,251] {subprocess.py:93} INFO - Command exited with return code 0
[2022-04-13 21:27:16,353] {taskinstance.py:1277} INFO - Marking task as SUCCESS. dag_id=LocalIngestionDAG, task_id=wget, execution_date=20211002T060013, start_date=20220413T212715, end_date=20220413T212716
[2022-04-13 21:27:16,486] {local_task_job.py:154} INFO - Task exited with return code 0
[2022-04-13 21:27:16,738] {local_task_job.py:264} INFO - 0 downstream tasks scheduled from follow-on schedule check
