[2022-04-13 21:24:19,705] {taskinstance.py:1032} INFO - Dependencies all met for <TaskInstance: LocalIngestionDAG.wget scheduled__2021-07-02T06:00:37+00:00 [queued]>
[2022-04-13 21:24:19,740] {taskinstance.py:1032} INFO - Dependencies all met for <TaskInstance: LocalIngestionDAG.wget scheduled__2021-07-02T06:00:37+00:00 [queued]>
[2022-04-13 21:24:19,742] {taskinstance.py:1238} INFO - 
--------------------------------------------------------------------------------
[2022-04-13 21:24:19,744] {taskinstance.py:1239} INFO - Starting attempt 1 of 1
[2022-04-13 21:24:19,746] {taskinstance.py:1240} INFO - 
--------------------------------------------------------------------------------
[2022-04-13 21:24:19,842] {taskinstance.py:1259} INFO - Executing <Task(BashOperator): wget> on 2021-07-02 06:00:37+00:00
[2022-04-13 21:24:19,859] {standard_task_runner.py:52} INFO - Started process 3890 to run task
[2022-04-13 21:24:19,907] {standard_task_runner.py:76} INFO - Running: ['***', 'tasks', 'run', 'LocalIngestionDAG', 'wget', 'scheduled__2021-07-02T06:00:37+00:00', '--job-id', '911', '--raw', '--subdir', 'DAGS_FOLDER/data_ingestion_local.py', '--cfg-path', '/tmp/tmp6metwvbu', '--error-file', '/tmp/tmp9f4x9t4w']
[2022-04-13 21:24:19,930] {standard_task_runner.py:77} INFO - Job 911: Subtask wget
[2022-04-13 21:24:20,144] {logging_mixin.py:109} INFO - Running <TaskInstance: LocalIngestionDAG.wget scheduled__2021-07-02T06:00:37+00:00 [running]> on host 13db72185839
[2022-04-13 21:24:20,333] {taskinstance.py:1426} INFO - Exporting the following env vars:
AIRFLOW_CTX_DAG_OWNER=***
AIRFLOW_CTX_DAG_ID=LocalIngestionDAG
AIRFLOW_CTX_TASK_ID=wget
AIRFLOW_CTX_EXECUTION_DATE=2021-07-02T06:00:37+00:00
AIRFLOW_CTX_DAG_RUN_ID=scheduled__2021-07-02T06:00:37+00:00
[2022-04-13 21:24:20,337] {subprocess.py:62} INFO - Tmp dir root location: 
 /tmp
[2022-04-13 21:24:20,339] {subprocess.py:74} INFO - Running command: ['bash', '-c', 'echo "hello world"']
[2022-04-13 21:24:20,362] {subprocess.py:85} INFO - Output:
[2022-04-13 21:24:20,365] {subprocess.py:89} INFO - hello world
[2022-04-13 21:24:20,367] {subprocess.py:93} INFO - Command exited with return code 0
[2022-04-13 21:24:20,517] {taskinstance.py:1277} INFO - Marking task as SUCCESS. dag_id=LocalIngestionDAG, task_id=wget, execution_date=20210702T060037, start_date=20220413T212419, end_date=20220413T212420
[2022-04-13 21:24:20,593] {local_task_job.py:154} INFO - Task exited with return code 0
[2022-04-13 21:24:20,706] {local_task_job.py:264} INFO - 1 downstream tasks scheduled from follow-on schedule check
