[2022-04-13 22:34:05,528] {taskinstance.py:1032} INFO - Dependencies all met for <TaskInstance: LocalIngestionDAG.ingest scheduled__2022-02-02T06:00:43+00:00 [queued]>
[2022-04-13 22:34:05,558] {taskinstance.py:1032} INFO - Dependencies all met for <TaskInstance: LocalIngestionDAG.ingest scheduled__2022-02-02T06:00:43+00:00 [queued]>
[2022-04-13 22:34:05,559] {taskinstance.py:1238} INFO - 
--------------------------------------------------------------------------------
[2022-04-13 22:34:05,560] {taskinstance.py:1239} INFO - Starting attempt 1 of 1
[2022-04-13 22:34:05,561] {taskinstance.py:1240} INFO - 
--------------------------------------------------------------------------------
[2022-04-13 22:34:05,593] {taskinstance.py:1259} INFO - Executing <Task(BashOperator): ingest> on 2022-02-02 06:00:43+00:00
[2022-04-13 22:34:05,598] {standard_task_runner.py:52} INFO - Started process 10381 to run task
[2022-04-13 22:34:05,608] {standard_task_runner.py:76} INFO - Running: ['***', 'tasks', 'run', 'LocalIngestionDAG', 'ingest', 'scheduled__2022-02-02T06:00:43+00:00', '--job-id', '1743', '--raw', '--subdir', 'DAGS_FOLDER/data_ingestion_local.py', '--cfg-path', '/tmp/tmp1euhzypi', '--error-file', '/tmp/tmplu5o39qk']
[2022-04-13 22:34:05,613] {standard_task_runner.py:77} INFO - Job 1743: Subtask ingest
[2022-04-13 22:34:05,878] {logging_mixin.py:109} INFO - Running <TaskInstance: LocalIngestionDAG.ingest scheduled__2022-02-02T06:00:43+00:00 [running]> on host 13db72185839
[2022-04-13 22:34:06,159] {taskinstance.py:1426} INFO - Exporting the following env vars:
AIRFLOW_CTX_DAG_OWNER=***
AIRFLOW_CTX_DAG_ID=LocalIngestionDAG
AIRFLOW_CTX_TASK_ID=ingest
AIRFLOW_CTX_EXECUTION_DATE=2022-02-02T06:00:43+00:00
AIRFLOW_CTX_DAG_RUN_ID=scheduled__2022-02-02T06:00:43+00:00
[2022-04-13 22:34:06,162] {subprocess.py:62} INFO - Tmp dir root location: 
 /tmp
[2022-04-13 22:34:06,163] {subprocess.py:74} INFO - Running command: ['bash', '-c', 'ls /opt/***']
[2022-04-13 22:34:06,191] {subprocess.py:85} INFO - Output:
[2022-04-13 22:34:06,199] {subprocess.py:89} INFO - ***.cfg
[2022-04-13 22:34:06,200] {subprocess.py:89} INFO - dags
[2022-04-13 22:34:06,201] {subprocess.py:89} INFO - logs
[2022-04-13 22:34:06,202] {subprocess.py:89} INFO - output.csv
[2022-04-13 22:34:06,203] {subprocess.py:89} INFO - plugins
[2022-04-13 22:34:06,204] {subprocess.py:89} INFO - requirements.txt
[2022-04-13 22:34:06,204] {subprocess.py:89} INFO - scripts
[2022-04-13 22:34:06,206] {subprocess.py:89} INFO - webserver_config.py
[2022-04-13 22:34:06,208] {subprocess.py:93} INFO - Command exited with return code 0
[2022-04-13 22:34:06,351] {taskinstance.py:1277} INFO - Marking task as SUCCESS. dag_id=LocalIngestionDAG, task_id=ingest, execution_date=20220202T060043, start_date=20220413T223405, end_date=20220413T223406
[2022-04-13 22:34:06,399] {local_task_job.py:154} INFO - Task exited with return code 0
[2022-04-13 22:34:06,517] {local_task_job.py:264} INFO - 0 downstream tasks scheduled from follow-on schedule check
