[2022-04-13 21:26:14,800] {taskinstance.py:1032} INFO - Dependencies all met for <TaskInstance: LocalIngestionDAG.wget scheduled__2021-09-02T06:00:25+00:00 [queued]>
[2022-04-13 21:26:14,903] {taskinstance.py:1032} INFO - Dependencies all met for <TaskInstance: LocalIngestionDAG.wget scheduled__2021-09-02T06:00:25+00:00 [queued]>
[2022-04-13 21:26:14,915] {taskinstance.py:1238} INFO - 
--------------------------------------------------------------------------------
[2022-04-13 21:26:14,919] {taskinstance.py:1239} INFO - Starting attempt 1 of 1
[2022-04-13 21:26:14,920] {taskinstance.py:1240} INFO - 
--------------------------------------------------------------------------------
[2022-04-13 21:26:15,069] {taskinstance.py:1259} INFO - Executing <Task(BashOperator): wget> on 2021-09-02 06:00:25+00:00
[2022-04-13 21:26:15,087] {standard_task_runner.py:52} INFO - Started process 4622 to run task
[2022-04-13 21:26:15,100] {standard_task_runner.py:76} INFO - Running: ['***', 'tasks', 'run', 'LocalIngestionDAG', 'wget', 'scheduled__2021-09-02T06:00:25+00:00', '--job-id', '1127', '--raw', '--subdir', 'DAGS_FOLDER/data_ingestion_local.py', '--cfg-path', '/tmp/tmp1dlfkup2', '--error-file', '/tmp/tmpsrsqsgpx']
[2022-04-13 21:26:15,106] {standard_task_runner.py:77} INFO - Job 1127: Subtask wget
[2022-04-13 21:26:15,409] {logging_mixin.py:109} INFO - Running <TaskInstance: LocalIngestionDAG.wget scheduled__2021-09-02T06:00:25+00:00 [running]> on host 13db72185839
[2022-04-13 21:26:15,985] {taskinstance.py:1426} INFO - Exporting the following env vars:
AIRFLOW_CTX_DAG_OWNER=***
AIRFLOW_CTX_DAG_ID=LocalIngestionDAG
AIRFLOW_CTX_TASK_ID=wget
AIRFLOW_CTX_EXECUTION_DATE=2021-09-02T06:00:25+00:00
AIRFLOW_CTX_DAG_RUN_ID=scheduled__2021-09-02T06:00:25+00:00
[2022-04-13 21:26:15,998] {subprocess.py:62} INFO - Tmp dir root location: 
 /tmp
[2022-04-13 21:26:16,012] {subprocess.py:74} INFO - Running command: ['bash', '-c', 'echo "hello world"']
[2022-04-13 21:26:16,067] {subprocess.py:85} INFO - Output:
[2022-04-13 21:26:16,089] {subprocess.py:89} INFO - hello world
[2022-04-13 21:26:16,096] {subprocess.py:93} INFO - Command exited with return code 0
[2022-04-13 21:26:16,611] {taskinstance.py:1277} INFO - Marking task as SUCCESS. dag_id=LocalIngestionDAG, task_id=wget, execution_date=20210902T060025, start_date=20220413T212614, end_date=20220413T212616
[2022-04-13 21:26:16,776] {local_task_job.py:154} INFO - Task exited with return code 0
[2022-04-13 21:26:16,929] {local_task_job.py:264} INFO - 1 downstream tasks scheduled from follow-on schedule check
