[2022-04-13 21:27:17,848] {taskinstance.py:1032} INFO - Dependencies all met for <TaskInstance: LocalIngestionDAG.ingest scheduled__2021-10-02T06:00:13+00:00 [queued]>
[2022-04-13 21:27:17,880] {taskinstance.py:1032} INFO - Dependencies all met for <TaskInstance: LocalIngestionDAG.ingest scheduled__2021-10-02T06:00:13+00:00 [queued]>
[2022-04-13 21:27:17,882] {taskinstance.py:1238} INFO - 
--------------------------------------------------------------------------------
[2022-04-13 21:27:17,882] {taskinstance.py:1239} INFO - Starting attempt 1 of 1
[2022-04-13 21:27:17,884] {taskinstance.py:1240} INFO - 
--------------------------------------------------------------------------------
[2022-04-13 21:27:17,922] {taskinstance.py:1259} INFO - Executing <Task(BashOperator): ingest> on 2021-10-02 06:00:13+00:00
[2022-04-13 21:27:17,932] {standard_task_runner.py:52} INFO - Started process 4962 to run task
[2022-04-13 21:27:17,944] {standard_task_runner.py:76} INFO - Running: ['***', 'tasks', 'run', 'LocalIngestionDAG', 'ingest', 'scheduled__2021-10-02T06:00:13+00:00', '--job-id', '1229', '--raw', '--subdir', 'DAGS_FOLDER/data_ingestion_local.py', '--cfg-path', '/tmp/tmpxem5afhx', '--error-file', '/tmp/tmp3ctaj5cn']
[2022-04-13 21:27:17,947] {standard_task_runner.py:77} INFO - Job 1229: Subtask ingest
[2022-04-13 21:27:18,092] {logging_mixin.py:109} INFO - Running <TaskInstance: LocalIngestionDAG.ingest scheduled__2021-10-02T06:00:13+00:00 [running]> on host 13db72185839
[2022-04-13 21:27:18,280] {taskinstance.py:1426} INFO - Exporting the following env vars:
AIRFLOW_CTX_DAG_OWNER=***
AIRFLOW_CTX_DAG_ID=LocalIngestionDAG
AIRFLOW_CTX_TASK_ID=ingest
AIRFLOW_CTX_EXECUTION_DATE=2021-10-02T06:00:13+00:00
AIRFLOW_CTX_DAG_RUN_ID=scheduled__2021-10-02T06:00:13+00:00
[2022-04-13 21:27:18,283] {subprocess.py:62} INFO - Tmp dir root location: 
 /tmp
[2022-04-13 21:27:18,285] {subprocess.py:74} INFO - Running command: ['bash', '-c', 'pwd']
[2022-04-13 21:27:18,300] {subprocess.py:85} INFO - Output:
[2022-04-13 21:27:18,303] {subprocess.py:89} INFO - /tmp/***tmp7eggqy99
[2022-04-13 21:27:18,304] {subprocess.py:93} INFO - Command exited with return code 0
[2022-04-13 21:27:18,347] {taskinstance.py:1277} INFO - Marking task as SUCCESS. dag_id=LocalIngestionDAG, task_id=ingest, execution_date=20211002T060013, start_date=20220413T212717, end_date=20220413T212718
[2022-04-13 21:27:18,401] {local_task_job.py:154} INFO - Task exited with return code 0
[2022-04-13 21:27:18,498] {local_task_job.py:264} INFO - 0 downstream tasks scheduled from follow-on schedule check
