[2022-04-16 17:43:24,529] {taskinstance.py:1032} INFO - Dependencies all met for <TaskInstance: data_ingestion_gcs_dag.download_dataset_task manual__2022-04-16T17:26:09.810558+00:00 [queued]>
[2022-04-16 17:43:24,543] {taskinstance.py:1032} INFO - Dependencies all met for <TaskInstance: data_ingestion_gcs_dag.download_dataset_task manual__2022-04-16T17:26:09.810558+00:00 [queued]>
[2022-04-16 17:43:24,544] {taskinstance.py:1238} INFO - 
--------------------------------------------------------------------------------
[2022-04-16 17:43:24,544] {taskinstance.py:1239} INFO - Starting attempt 4 of 4
[2022-04-16 17:43:24,545] {taskinstance.py:1240} INFO - 
--------------------------------------------------------------------------------
[2022-04-16 17:43:24,563] {taskinstance.py:1259} INFO - Executing <Task(BashOperator): download_dataset_task> on 2022-04-16 17:26:09.810558+00:00
[2022-04-16 17:43:24,571] {standard_task_runner.py:52} INFO - Started process 2009 to run task
[2022-04-16 17:43:24,575] {standard_task_runner.py:76} INFO - Running: ['***', 'tasks', 'run', 'data_ingestion_gcs_dag', 'download_dataset_task', 'manual__2022-04-16T17:26:09.810558+00:00', '--job-id', '2142', '--raw', '--subdir', 'DAGS_FOLDER/data_ingestion_gcs_dag.py', '--cfg-path', '/tmp/tmpyw14q8pv', '--error-file', '/tmp/tmpxmd9u1us']
[2022-04-16 17:43:24,577] {standard_task_runner.py:77} INFO - Job 2142: Subtask download_dataset_task
[2022-04-16 17:43:24,660] {logging_mixin.py:109} INFO - Running <TaskInstance: data_ingestion_gcs_dag.download_dataset_task manual__2022-04-16T17:26:09.810558+00:00 [running]> on host 0f0253b9972c
[2022-04-16 17:43:24,742] {taskinstance.py:1426} INFO - Exporting the following env vars:
AIRFLOW_CTX_DAG_OWNER=***
AIRFLOW_CTX_DAG_ID=data_ingestion_gcs_dag
AIRFLOW_CTX_TASK_ID=download_dataset_task
AIRFLOW_CTX_EXECUTION_DATE=2022-04-16T17:26:09.810558+00:00
AIRFLOW_CTX_DAG_RUN_ID=manual__2022-04-16T17:26:09.810558+00:00
[2022-04-16 17:43:24,744] {subprocess.py:62} INFO - Tmp dir root location: 
 /tmp
[2022-04-16 17:43:24,745] {subprocess.py:74} INFO - Running command: ['bash', '-c', 'curl -sSL https://s3.amazonaws.com/nyc-tlc/trip+data/yellow_tripdata_2021-01.csv > /opt/***/yellow_tripdata_2021-01.csv']
[2022-04-16 17:43:24,758] {subprocess.py:85} INFO - Output:
