[2022-04-13 21:26:45,820] {taskinstance.py:1032} INFO - Dependencies all met for <TaskInstance: LocalIngestionDAG.wget scheduled__2021-09-02T06:00:52+00:00 [queued]>
[2022-04-13 21:26:45,902] {taskinstance.py:1032} INFO - Dependencies all met for <TaskInstance: LocalIngestionDAG.wget scheduled__2021-09-02T06:00:52+00:00 [queued]>
[2022-04-13 21:26:45,910] {taskinstance.py:1238} INFO - 
--------------------------------------------------------------------------------
[2022-04-13 21:26:45,913] {taskinstance.py:1239} INFO - Starting attempt 1 of 1
[2022-04-13 21:26:45,921] {taskinstance.py:1240} INFO - 
--------------------------------------------------------------------------------
[2022-04-13 21:26:46,046] {taskinstance.py:1259} INFO - Executing <Task(BashOperator): wget> on 2021-09-02 06:00:52+00:00
[2022-04-13 21:26:46,075] {standard_task_runner.py:52} INFO - Started process 4799 to run task
[2022-04-13 21:26:46,095] {standard_task_runner.py:76} INFO - Running: ['***', 'tasks', 'run', 'LocalIngestionDAG', 'wget', 'scheduled__2021-09-02T06:00:52+00:00', '--job-id', '1182', '--raw', '--subdir', 'DAGS_FOLDER/data_ingestion_local.py', '--cfg-path', '/tmp/tmpbb2uknrx', '--error-file', '/tmp/tmp6n2g525b']
[2022-04-13 21:26:46,103] {standard_task_runner.py:77} INFO - Job 1182: Subtask wget
[2022-04-13 21:26:46,351] {logging_mixin.py:109} INFO - Running <TaskInstance: LocalIngestionDAG.wget scheduled__2021-09-02T06:00:52+00:00 [running]> on host 13db72185839
[2022-04-13 21:26:46,669] {taskinstance.py:1426} INFO - Exporting the following env vars:
AIRFLOW_CTX_DAG_OWNER=***
AIRFLOW_CTX_DAG_ID=LocalIngestionDAG
AIRFLOW_CTX_TASK_ID=wget
AIRFLOW_CTX_EXECUTION_DATE=2021-09-02T06:00:52+00:00
AIRFLOW_CTX_DAG_RUN_ID=scheduled__2021-09-02T06:00:52+00:00
[2022-04-13 21:26:46,675] {subprocess.py:62} INFO - Tmp dir root location: 
 /tmp
[2022-04-13 21:26:46,677] {subprocess.py:74} INFO - Running command: ['bash', '-c', 'echo "hello world"']
[2022-04-13 21:26:46,712] {subprocess.py:85} INFO - Output:
[2022-04-13 21:26:46,717] {subprocess.py:89} INFO - hello world
[2022-04-13 21:26:46,719] {subprocess.py:93} INFO - Command exited with return code 0
[2022-04-13 21:26:46,908] {taskinstance.py:1277} INFO - Marking task as SUCCESS. dag_id=LocalIngestionDAG, task_id=wget, execution_date=20210902T060052, start_date=20220413T212645, end_date=20220413T212646
[2022-04-13 21:26:46,982] {local_task_job.py:154} INFO - Task exited with return code 0
[2022-04-13 21:26:47,096] {local_task_job.py:264} INFO - 1 downstream tasks scheduled from follow-on schedule check
