[2022-04-13 21:18:08,473] {taskinstance.py:1032} INFO - Dependencies all met for <TaskInstance: LocalIngestionDAG.wget scheduled__2021-03-02T06:00:56+00:00 [queued]>
[2022-04-13 21:18:08,528] {taskinstance.py:1032} INFO - Dependencies all met for <TaskInstance: LocalIngestionDAG.wget scheduled__2021-03-02T06:00:56+00:00 [queued]>
[2022-04-13 21:18:08,530] {taskinstance.py:1238} INFO - 
--------------------------------------------------------------------------------
[2022-04-13 21:18:08,531] {taskinstance.py:1239} INFO - Starting attempt 1 of 1
[2022-04-13 21:18:08,536] {taskinstance.py:1240} INFO - 
--------------------------------------------------------------------------------
[2022-04-13 21:18:08,579] {taskinstance.py:1259} INFO - Executing <Task(BashOperator): wget> on 2021-03-02 06:00:56+00:00
[2022-04-13 21:18:08,586] {standard_task_runner.py:52} INFO - Started process 2239 to run task
[2022-04-13 21:18:08,601] {standard_task_runner.py:76} INFO - Running: ['***', 'tasks', 'run', 'LocalIngestionDAG', 'wget', 'scheduled__2021-03-02T06:00:56+00:00', '--job-id', '470', '--raw', '--subdir', 'DAGS_FOLDER/data_ingestion_local.py', '--cfg-path', '/tmp/tmp3tbgaf3_', '--error-file', '/tmp/tmpgfwt8mw3']
[2022-04-13 21:18:08,605] {standard_task_runner.py:77} INFO - Job 470: Subtask wget
[2022-04-13 21:18:08,774] {logging_mixin.py:109} INFO - Running <TaskInstance: LocalIngestionDAG.wget scheduled__2021-03-02T06:00:56+00:00 [running]> on host 13db72185839
[2022-04-13 21:18:09,018] {taskinstance.py:1426} INFO - Exporting the following env vars:
AIRFLOW_CTX_DAG_OWNER=***
AIRFLOW_CTX_DAG_ID=LocalIngestionDAG
AIRFLOW_CTX_TASK_ID=wget
AIRFLOW_CTX_EXECUTION_DATE=2021-03-02T06:00:56+00:00
AIRFLOW_CTX_DAG_RUN_ID=scheduled__2021-03-02T06:00:56+00:00
[2022-04-13 21:18:09,021] {subprocess.py:62} INFO - Tmp dir root location: 
 /tmp
[2022-04-13 21:18:09,023] {subprocess.py:74} INFO - Running command: ['bash', '-c', 'echo "hello world"']
[2022-04-13 21:18:09,043] {subprocess.py:85} INFO - Output:
[2022-04-13 21:18:09,046] {subprocess.py:89} INFO - hello world
[2022-04-13 21:18:09,049] {subprocess.py:93} INFO - Command exited with return code 0
[2022-04-13 21:18:09,360] {taskinstance.py:1277} INFO - Marking task as SUCCESS. dag_id=LocalIngestionDAG, task_id=wget, execution_date=20210302T060056, start_date=20220413T211808, end_date=20220413T211809
[2022-04-13 21:18:09,438] {local_task_job.py:154} INFO - Task exited with return code 0
[2022-04-13 21:18:09,545] {local_task_job.py:264} INFO - 1 downstream tasks scheduled from follow-on schedule check
