[2022-04-13 22:34:51,394] {taskinstance.py:1032} INFO - Dependencies all met for <TaskInstance: LocalIngestionDAG.ingest scheduled__2022-03-02T06:00:16+00:00 [queued]>
[2022-04-13 22:34:51,458] {taskinstance.py:1032} INFO - Dependencies all met for <TaskInstance: LocalIngestionDAG.ingest scheduled__2022-03-02T06:00:16+00:00 [queued]>
[2022-04-13 22:34:51,470] {taskinstance.py:1238} INFO - 
--------------------------------------------------------------------------------
[2022-04-13 22:34:51,473] {taskinstance.py:1239} INFO - Starting attempt 1 of 1
[2022-04-13 22:34:51,477] {taskinstance.py:1240} INFO - 
--------------------------------------------------------------------------------
[2022-04-13 22:34:51,576] {taskinstance.py:1259} INFO - Executing <Task(BashOperator): ingest> on 2022-03-02 06:00:16+00:00
[2022-04-13 22:34:51,684] {standard_task_runner.py:52} INFO - Started process 10683 to run task
[2022-04-13 22:34:51,710] {standard_task_runner.py:76} INFO - Running: ['***', 'tasks', 'run', 'LocalIngestionDAG', 'ingest', 'scheduled__2022-03-02T06:00:16+00:00', '--job-id', '1808', '--raw', '--subdir', 'DAGS_FOLDER/data_ingestion_local.py', '--cfg-path', '/tmp/tmp_yr3n1n9', '--error-file', '/tmp/tmpoxkdilbj']
[2022-04-13 22:34:51,713] {standard_task_runner.py:77} INFO - Job 1808: Subtask ingest
[2022-04-13 22:34:52,089] {logging_mixin.py:109} INFO - Running <TaskInstance: LocalIngestionDAG.ingest scheduled__2022-03-02T06:00:16+00:00 [running]> on host 13db72185839
[2022-04-13 22:34:52,450] {taskinstance.py:1426} INFO - Exporting the following env vars:
AIRFLOW_CTX_DAG_OWNER=***
AIRFLOW_CTX_DAG_ID=LocalIngestionDAG
AIRFLOW_CTX_TASK_ID=ingest
AIRFLOW_CTX_EXECUTION_DATE=2022-03-02T06:00:16+00:00
AIRFLOW_CTX_DAG_RUN_ID=scheduled__2022-03-02T06:00:16+00:00
[2022-04-13 22:34:52,453] {subprocess.py:62} INFO - Tmp dir root location: 
 /tmp
[2022-04-13 22:34:52,464] {subprocess.py:74} INFO - Running command: ['bash', '-c', 'ls /opt/***']
[2022-04-13 22:34:52,486] {subprocess.py:85} INFO - Output:
[2022-04-13 22:34:52,526] {subprocess.py:89} INFO - ***.cfg
[2022-04-13 22:34:52,529] {subprocess.py:89} INFO - dags
[2022-04-13 22:34:52,535] {subprocess.py:89} INFO - logs
[2022-04-13 22:34:52,550] {subprocess.py:89} INFO - output.csv
[2022-04-13 22:34:52,554] {subprocess.py:89} INFO - plugins
[2022-04-13 22:34:52,554] {subprocess.py:89} INFO - requirements.txt
[2022-04-13 22:34:52,556] {subprocess.py:89} INFO - scripts
[2022-04-13 22:34:52,556] {subprocess.py:89} INFO - webserver_config.py
[2022-04-13 22:34:52,557] {subprocess.py:93} INFO - Command exited with return code 0
[2022-04-13 22:34:52,634] {taskinstance.py:1277} INFO - Marking task as SUCCESS. dag_id=LocalIngestionDAG, task_id=ingest, execution_date=20220302T060016, start_date=20220413T223451, end_date=20220413T223452
[2022-04-13 22:34:52,886] {local_task_job.py:154} INFO - Task exited with return code 0
[2022-04-13 22:34:53,064] {local_task_job.py:264} INFO - 0 downstream tasks scheduled from follow-on schedule check
