[2022-04-13 21:18:12,656] {taskinstance.py:1032} INFO - Dependencies all met for <TaskInstance: LocalIngestionDAG.ingest scheduled__2021-03-02T06:00:59+00:00 [queued]>
[2022-04-13 21:18:12,671] {taskinstance.py:1032} INFO - Dependencies all met for <TaskInstance: LocalIngestionDAG.ingest scheduled__2021-03-02T06:00:59+00:00 [queued]>
[2022-04-13 21:18:12,671] {taskinstance.py:1238} INFO - 
--------------------------------------------------------------------------------
[2022-04-13 21:18:12,672] {taskinstance.py:1239} INFO - Starting attempt 1 of 1
[2022-04-13 21:18:12,673] {taskinstance.py:1240} INFO - 
--------------------------------------------------------------------------------
[2022-04-13 21:18:12,688] {taskinstance.py:1259} INFO - Executing <Task(BashOperator): ingest> on 2021-03-02 06:00:59+00:00
[2022-04-13 21:18:12,691] {standard_task_runner.py:52} INFO - Started process 2275 to run task
[2022-04-13 21:18:12,696] {standard_task_runner.py:76} INFO - Running: ['***', 'tasks', 'run', 'LocalIngestionDAG', 'ingest', 'scheduled__2021-03-02T06:00:59+00:00', '--job-id', '482', '--raw', '--subdir', 'DAGS_FOLDER/data_ingestion_local.py', '--cfg-path', '/tmp/tmpuxqlwjld', '--error-file', '/tmp/tmpbfwnwcnc']
[2022-04-13 21:18:12,698] {standard_task_runner.py:77} INFO - Job 482: Subtask ingest
[2022-04-13 21:18:12,762] {logging_mixin.py:109} INFO - Running <TaskInstance: LocalIngestionDAG.ingest scheduled__2021-03-02T06:00:59+00:00 [running]> on host 13db72185839
[2022-04-13 21:18:12,838] {taskinstance.py:1426} INFO - Exporting the following env vars:
AIRFLOW_CTX_DAG_OWNER=***
AIRFLOW_CTX_DAG_ID=LocalIngestionDAG
AIRFLOW_CTX_TASK_ID=ingest
AIRFLOW_CTX_EXECUTION_DATE=2021-03-02T06:00:59+00:00
AIRFLOW_CTX_DAG_RUN_ID=scheduled__2021-03-02T06:00:59+00:00
[2022-04-13 21:18:12,840] {subprocess.py:62} INFO - Tmp dir root location: 
 /tmp
[2022-04-13 21:18:12,841] {subprocess.py:74} INFO - Running command: ['bash', '-c', 'pwd']
[2022-04-13 21:18:12,849] {subprocess.py:85} INFO - Output:
[2022-04-13 21:18:12,850] {subprocess.py:89} INFO - /tmp/***tmpuexmktv2
[2022-04-13 21:18:12,851] {subprocess.py:93} INFO - Command exited with return code 0
[2022-04-13 21:18:12,885] {taskinstance.py:1277} INFO - Marking task as SUCCESS. dag_id=LocalIngestionDAG, task_id=ingest, execution_date=20210302T060059, start_date=20220413T211812, end_date=20220413T211812
[2022-04-13 21:18:13,027] {local_task_job.py:154} INFO - Task exited with return code 0
[2022-04-13 21:18:13,073] {local_task_job.py:264} INFO - 0 downstream tasks scheduled from follow-on schedule check
