[2022-04-13 21:26:18,877] {taskinstance.py:1032} INFO - Dependencies all met for <TaskInstance: LocalIngestionDAG.ingest scheduled__2021-09-02T06:00:27+00:00 [queued]>
[2022-04-13 21:26:18,913] {taskinstance.py:1032} INFO - Dependencies all met for <TaskInstance: LocalIngestionDAG.ingest scheduled__2021-09-02T06:00:27+00:00 [queued]>
[2022-04-13 21:26:18,914] {taskinstance.py:1238} INFO - 
--------------------------------------------------------------------------------
[2022-04-13 21:26:18,915] {taskinstance.py:1239} INFO - Starting attempt 1 of 1
[2022-04-13 21:26:18,915] {taskinstance.py:1240} INFO - 
--------------------------------------------------------------------------------
[2022-04-13 21:26:18,957] {taskinstance.py:1259} INFO - Executing <Task(BashOperator): ingest> on 2021-09-02 06:00:27+00:00
[2022-04-13 21:26:18,963] {standard_task_runner.py:52} INFO - Started process 4642 to run task
[2022-04-13 21:26:18,975] {standard_task_runner.py:76} INFO - Running: ['***', 'tasks', 'run', 'LocalIngestionDAG', 'ingest', 'scheduled__2021-09-02T06:00:27+00:00', '--job-id', '1135', '--raw', '--subdir', 'DAGS_FOLDER/data_ingestion_local.py', '--cfg-path', '/tmp/tmp4kq8bsay', '--error-file', '/tmp/tmp_mrts4y6']
[2022-04-13 21:26:18,980] {standard_task_runner.py:77} INFO - Job 1135: Subtask ingest
[2022-04-13 21:26:19,116] {logging_mixin.py:109} INFO - Running <TaskInstance: LocalIngestionDAG.ingest scheduled__2021-09-02T06:00:27+00:00 [running]> on host 13db72185839
[2022-04-13 21:26:19,318] {taskinstance.py:1426} INFO - Exporting the following env vars:
AIRFLOW_CTX_DAG_OWNER=***
AIRFLOW_CTX_DAG_ID=LocalIngestionDAG
AIRFLOW_CTX_TASK_ID=ingest
AIRFLOW_CTX_EXECUTION_DATE=2021-09-02T06:00:27+00:00
AIRFLOW_CTX_DAG_RUN_ID=scheduled__2021-09-02T06:00:27+00:00
[2022-04-13 21:26:19,320] {subprocess.py:62} INFO - Tmp dir root location: 
 /tmp
[2022-04-13 21:26:19,330] {subprocess.py:74} INFO - Running command: ['bash', '-c', 'pwd']
[2022-04-13 21:26:19,349] {subprocess.py:85} INFO - Output:
[2022-04-13 21:26:19,354] {subprocess.py:89} INFO - /tmp/***tmpe0hqnins
[2022-04-13 21:26:19,356] {subprocess.py:93} INFO - Command exited with return code 0
[2022-04-13 21:26:19,448] {taskinstance.py:1277} INFO - Marking task as SUCCESS. dag_id=LocalIngestionDAG, task_id=ingest, execution_date=20210902T060027, start_date=20220413T212618, end_date=20220413T212619
[2022-04-13 21:26:19,513] {local_task_job.py:154} INFO - Task exited with return code 0
[2022-04-13 21:26:19,576] {local_task_job.py:264} INFO - 0 downstream tasks scheduled from follow-on schedule check
