[2022-04-13 21:23:41,162] {taskinstance.py:1032} INFO - Dependencies all met for <TaskInstance: LocalIngestionDAG.ingest scheduled__2021-07-02T06:00:00+00:00 [queued]>
[2022-04-13 21:23:41,178] {taskinstance.py:1032} INFO - Dependencies all met for <TaskInstance: LocalIngestionDAG.ingest scheduled__2021-07-02T06:00:00+00:00 [queued]>
[2022-04-13 21:23:41,179] {taskinstance.py:1238} INFO - 
--------------------------------------------------------------------------------
[2022-04-13 21:23:41,179] {taskinstance.py:1239} INFO - Starting attempt 1 of 1
[2022-04-13 21:23:41,179] {taskinstance.py:1240} INFO - 
--------------------------------------------------------------------------------
[2022-04-13 21:23:41,198] {taskinstance.py:1259} INFO - Executing <Task(BashOperator): ingest> on 2021-07-02 06:00:00+00:00
[2022-04-13 21:23:41,202] {standard_task_runner.py:52} INFO - Started process 3638 to run task
[2022-04-13 21:23:41,208] {standard_task_runner.py:76} INFO - Running: ['***', 'tasks', 'run', 'LocalIngestionDAG', 'ingest', 'scheduled__2021-07-02T06:00:00+00:00', '--job-id', '841', '--raw', '--subdir', 'DAGS_FOLDER/data_ingestion_local.py', '--cfg-path', '/tmp/tmplmxf539d', '--error-file', '/tmp/tmpeqt8ogfz']
[2022-04-13 21:23:41,210] {standard_task_runner.py:77} INFO - Job 841: Subtask ingest
[2022-04-13 21:23:41,286] {logging_mixin.py:109} INFO - Running <TaskInstance: LocalIngestionDAG.ingest scheduled__2021-07-02T06:00:00+00:00 [running]> on host 13db72185839
[2022-04-13 21:23:41,362] {taskinstance.py:1426} INFO - Exporting the following env vars:
AIRFLOW_CTX_DAG_OWNER=***
AIRFLOW_CTX_DAG_ID=LocalIngestionDAG
AIRFLOW_CTX_TASK_ID=ingest
AIRFLOW_CTX_EXECUTION_DATE=2021-07-02T06:00:00+00:00
AIRFLOW_CTX_DAG_RUN_ID=scheduled__2021-07-02T06:00:00+00:00
[2022-04-13 21:23:41,364] {subprocess.py:62} INFO - Tmp dir root location: 
 /tmp
[2022-04-13 21:23:41,365] {subprocess.py:74} INFO - Running command: ['bash', '-c', 'pwd']
[2022-04-13 21:23:41,375] {subprocess.py:85} INFO - Output:
[2022-04-13 21:23:41,377] {subprocess.py:89} INFO - /tmp/***tmp0mz5vjel
[2022-04-13 21:23:41,378] {subprocess.py:93} INFO - Command exited with return code 0
[2022-04-13 21:23:41,409] {taskinstance.py:1277} INFO - Marking task as SUCCESS. dag_id=LocalIngestionDAG, task_id=ingest, execution_date=20210702T060000, start_date=20220413T212341, end_date=20220413T212341
[2022-04-13 21:23:41,458] {local_task_job.py:154} INFO - Task exited with return code 0
[2022-04-13 21:23:41,498] {local_task_job.py:264} INFO - 0 downstream tasks scheduled from follow-on schedule check
