[2022-04-13 21:27:09,725] {taskinstance.py:1032} INFO - Dependencies all met for <TaskInstance: LocalIngestionDAG.wget scheduled__2021-10-02T06:00:11+00:00 [queued]>
[2022-04-13 21:27:09,791] {taskinstance.py:1032} INFO - Dependencies all met for <TaskInstance: LocalIngestionDAG.wget scheduled__2021-10-02T06:00:11+00:00 [queued]>
[2022-04-13 21:27:09,809] {taskinstance.py:1238} INFO - 
--------------------------------------------------------------------------------
[2022-04-13 21:27:09,817] {taskinstance.py:1239} INFO - Starting attempt 1 of 1
[2022-04-13 21:27:09,818] {taskinstance.py:1240} INFO - 
--------------------------------------------------------------------------------
[2022-04-13 21:27:09,889] {taskinstance.py:1259} INFO - Executing <Task(BashOperator): wget> on 2021-10-02 06:00:11+00:00
[2022-04-13 21:27:09,913] {standard_task_runner.py:52} INFO - Started process 4937 to run task
[2022-04-13 21:27:09,932] {standard_task_runner.py:76} INFO - Running: ['***', 'tasks', 'run', 'LocalIngestionDAG', 'wget', 'scheduled__2021-10-02T06:00:11+00:00', '--job-id', '1219', '--raw', '--subdir', 'DAGS_FOLDER/data_ingestion_local.py', '--cfg-path', '/tmp/tmpxvqb6gj0', '--error-file', '/tmp/tmp737pwbxo']
[2022-04-13 21:27:09,949] {standard_task_runner.py:77} INFO - Job 1219: Subtask wget
[2022-04-13 21:27:10,427] {logging_mixin.py:109} INFO - Running <TaskInstance: LocalIngestionDAG.wget scheduled__2021-10-02T06:00:11+00:00 [running]> on host 13db72185839
[2022-04-13 21:27:10,743] {taskinstance.py:1426} INFO - Exporting the following env vars:
AIRFLOW_CTX_DAG_OWNER=***
AIRFLOW_CTX_DAG_ID=LocalIngestionDAG
AIRFLOW_CTX_TASK_ID=wget
AIRFLOW_CTX_EXECUTION_DATE=2021-10-02T06:00:11+00:00
AIRFLOW_CTX_DAG_RUN_ID=scheduled__2021-10-02T06:00:11+00:00
[2022-04-13 21:27:10,749] {subprocess.py:62} INFO - Tmp dir root location: 
 /tmp
[2022-04-13 21:27:10,768] {subprocess.py:74} INFO - Running command: ['bash', '-c', 'echo "hello world"']
[2022-04-13 21:27:10,821] {subprocess.py:85} INFO - Output:
[2022-04-13 21:27:10,828] {subprocess.py:89} INFO - hello world
[2022-04-13 21:27:10,845] {subprocess.py:93} INFO - Command exited with return code 0
[2022-04-13 21:27:11,238] {taskinstance.py:1277} INFO - Marking task as SUCCESS. dag_id=LocalIngestionDAG, task_id=wget, execution_date=20211002T060011, start_date=20220413T212709, end_date=20220413T212711
[2022-04-13 21:27:11,330] {local_task_job.py:154} INFO - Task exited with return code 0
[2022-04-13 21:27:11,452] {local_task_job.py:264} INFO - 1 downstream tasks scheduled from follow-on schedule check
