[2022-04-13 21:17:52,701] {taskinstance.py:1032} INFO - Dependencies all met for <TaskInstance: LocalIngestionDAG.wget scheduled__2021-03-02T06:00:36+00:00 [queued]>
[2022-04-13 21:17:52,720] {taskinstance.py:1032} INFO - Dependencies all met for <TaskInstance: LocalIngestionDAG.wget scheduled__2021-03-02T06:00:36+00:00 [queued]>
[2022-04-13 21:17:52,721] {taskinstance.py:1238} INFO - 
--------------------------------------------------------------------------------
[2022-04-13 21:17:52,722] {taskinstance.py:1239} INFO - Starting attempt 1 of 1
[2022-04-13 21:17:52,722] {taskinstance.py:1240} INFO - 
--------------------------------------------------------------------------------
[2022-04-13 21:17:52,782] {taskinstance.py:1259} INFO - Executing <Task(BashOperator): wget> on 2021-03-02 06:00:36+00:00
[2022-04-13 21:17:52,811] {standard_task_runner.py:52} INFO - Started process 2116 to run task
[2022-04-13 21:17:52,825] {standard_task_runner.py:76} INFO - Running: ['***', 'tasks', 'run', 'LocalIngestionDAG', 'wget', 'scheduled__2021-03-02T06:00:36+00:00', '--job-id', '431', '--raw', '--subdir', 'DAGS_FOLDER/data_ingestion_local.py', '--cfg-path', '/tmp/tmp20kcgqqk', '--error-file', '/tmp/tmpdgecptaq']
[2022-04-13 21:17:52,828] {standard_task_runner.py:77} INFO - Job 431: Subtask wget
[2022-04-13 21:17:52,995] {logging_mixin.py:109} INFO - Running <TaskInstance: LocalIngestionDAG.wget scheduled__2021-03-02T06:00:36+00:00 [running]> on host 13db72185839
[2022-04-13 21:17:53,105] {taskinstance.py:1426} INFO - Exporting the following env vars:
AIRFLOW_CTX_DAG_OWNER=***
AIRFLOW_CTX_DAG_ID=LocalIngestionDAG
AIRFLOW_CTX_TASK_ID=wget
AIRFLOW_CTX_EXECUTION_DATE=2021-03-02T06:00:36+00:00
AIRFLOW_CTX_DAG_RUN_ID=scheduled__2021-03-02T06:00:36+00:00
[2022-04-13 21:17:53,107] {subprocess.py:62} INFO - Tmp dir root location: 
 /tmp
[2022-04-13 21:17:53,108] {subprocess.py:74} INFO - Running command: ['bash', '-c', 'echo "hello world"']
[2022-04-13 21:17:53,123] {subprocess.py:85} INFO - Output:
[2022-04-13 21:17:53,125] {subprocess.py:89} INFO - hello world
[2022-04-13 21:17:53,127] {subprocess.py:93} INFO - Command exited with return code 0
[2022-04-13 21:17:53,232] {taskinstance.py:1277} INFO - Marking task as SUCCESS. dag_id=LocalIngestionDAG, task_id=wget, execution_date=20210302T060036, start_date=20220413T211752, end_date=20220413T211753
[2022-04-13 21:17:53,288] {local_task_job.py:154} INFO - Task exited with return code 0
[2022-04-13 21:17:53,506] {local_task_job.py:264} INFO - 0 downstream tasks scheduled from follow-on schedule check
