[2022-04-13 21:16:27,540] {taskinstance.py:1032} INFO - Dependencies all met for <TaskInstance: LocalIngestionDAG.ingest scheduled__2021-01-02T06:00:57+00:00 [queued]>
[2022-04-13 21:16:27,597] {taskinstance.py:1032} INFO - Dependencies all met for <TaskInstance: LocalIngestionDAG.ingest scheduled__2021-01-02T06:00:57+00:00 [queued]>
[2022-04-13 21:16:27,606] {taskinstance.py:1238} INFO - 
--------------------------------------------------------------------------------
[2022-04-13 21:16:27,611] {taskinstance.py:1239} INFO - Starting attempt 1 of 1
[2022-04-13 21:16:27,612] {taskinstance.py:1240} INFO - 
--------------------------------------------------------------------------------
[2022-04-13 21:16:27,665] {taskinstance.py:1259} INFO - Executing <Task(BashOperator): ingest> on 2021-01-02 06:00:57+00:00
[2022-04-13 21:16:27,676] {standard_task_runner.py:52} INFO - Started process 1466 to run task
[2022-04-13 21:16:27,699] {standard_task_runner.py:76} INFO - Running: ['***', 'tasks', 'run', 'LocalIngestionDAG', 'ingest', 'scheduled__2021-01-02T06:00:57+00:00', '--job-id', '240', '--raw', '--subdir', 'DAGS_FOLDER/data_ingestion_local.py', '--cfg-path', '/tmp/tmplm86qna1', '--error-file', '/tmp/tmpmvfl2wux']
[2022-04-13 21:16:27,703] {standard_task_runner.py:77} INFO - Job 240: Subtask ingest
[2022-04-13 21:16:27,957] {logging_mixin.py:109} INFO - Running <TaskInstance: LocalIngestionDAG.ingest scheduled__2021-01-02T06:00:57+00:00 [running]> on host 13db72185839
[2022-04-13 21:16:28,077] {taskinstance.py:1426} INFO - Exporting the following env vars:
AIRFLOW_CTX_DAG_OWNER=***
AIRFLOW_CTX_DAG_ID=LocalIngestionDAG
AIRFLOW_CTX_TASK_ID=ingest
AIRFLOW_CTX_EXECUTION_DATE=2021-01-02T06:00:57+00:00
AIRFLOW_CTX_DAG_RUN_ID=scheduled__2021-01-02T06:00:57+00:00
[2022-04-13 21:16:28,078] {subprocess.py:62} INFO - Tmp dir root location: 
 /tmp
[2022-04-13 21:16:28,080] {subprocess.py:74} INFO - Running command: ['bash', '-c', 'pwd']
[2022-04-13 21:16:28,110] {subprocess.py:85} INFO - Output:
[2022-04-13 21:16:28,116] {subprocess.py:89} INFO - /tmp/***tmp5uzenhbx
[2022-04-13 21:16:28,155] {subprocess.py:93} INFO - Command exited with return code 0
[2022-04-13 21:16:28,285] {taskinstance.py:1277} INFO - Marking task as SUCCESS. dag_id=LocalIngestionDAG, task_id=ingest, execution_date=20210102T060057, start_date=20220413T211627, end_date=20220413T211628
[2022-04-13 21:16:28,384] {local_task_job.py:154} INFO - Task exited with return code 0
[2022-04-13 21:16:28,472] {local_task_job.py:264} INFO - 0 downstream tasks scheduled from follow-on schedule check
