[2022-04-13 21:24:13,362] {taskinstance.py:1032} INFO - Dependencies all met for <TaskInstance: LocalIngestionDAG.ingest scheduled__2021-07-02T06:00:28+00:00 [queued]>
[2022-04-13 21:24:13,453] {taskinstance.py:1032} INFO - Dependencies all met for <TaskInstance: LocalIngestionDAG.ingest scheduled__2021-07-02T06:00:28+00:00 [queued]>
[2022-04-13 21:24:13,454] {taskinstance.py:1238} INFO - 
--------------------------------------------------------------------------------
[2022-04-13 21:24:13,457] {taskinstance.py:1239} INFO - Starting attempt 1 of 1
[2022-04-13 21:24:13,458] {taskinstance.py:1240} INFO - 
--------------------------------------------------------------------------------
[2022-04-13 21:24:13,515] {taskinstance.py:1259} INFO - Executing <Task(BashOperator): ingest> on 2021-07-02 06:00:28+00:00
[2022-04-13 21:24:13,523] {standard_task_runner.py:52} INFO - Started process 3843 to run task
[2022-04-13 21:24:13,538] {standard_task_runner.py:76} INFO - Running: ['***', 'tasks', 'run', 'LocalIngestionDAG', 'ingest', 'scheduled__2021-07-02T06:00:28+00:00', '--job-id', '902', '--raw', '--subdir', 'DAGS_FOLDER/data_ingestion_local.py', '--cfg-path', '/tmp/tmpr3i_dzxs', '--error-file', '/tmp/tmplcpvcoki']
[2022-04-13 21:24:13,544] {standard_task_runner.py:77} INFO - Job 902: Subtask ingest
[2022-04-13 21:24:13,725] {logging_mixin.py:109} INFO - Running <TaskInstance: LocalIngestionDAG.ingest scheduled__2021-07-02T06:00:28+00:00 [running]> on host 13db72185839
[2022-04-13 21:24:13,881] {taskinstance.py:1426} INFO - Exporting the following env vars:
AIRFLOW_CTX_DAG_OWNER=***
AIRFLOW_CTX_DAG_ID=LocalIngestionDAG
AIRFLOW_CTX_TASK_ID=ingest
AIRFLOW_CTX_EXECUTION_DATE=2021-07-02T06:00:28+00:00
AIRFLOW_CTX_DAG_RUN_ID=scheduled__2021-07-02T06:00:28+00:00
[2022-04-13 21:24:13,885] {subprocess.py:62} INFO - Tmp dir root location: 
 /tmp
[2022-04-13 21:24:13,888] {subprocess.py:74} INFO - Running command: ['bash', '-c', 'pwd']
[2022-04-13 21:24:13,903] {subprocess.py:85} INFO - Output:
[2022-04-13 21:24:13,911] {subprocess.py:89} INFO - /tmp/***tmpr5s5_427
[2022-04-13 21:24:13,915] {subprocess.py:93} INFO - Command exited with return code 0
[2022-04-13 21:24:13,984] {taskinstance.py:1277} INFO - Marking task as SUCCESS. dag_id=LocalIngestionDAG, task_id=ingest, execution_date=20210702T060028, start_date=20220413T212413, end_date=20220413T212413
[2022-04-13 21:24:14,037] {local_task_job.py:154} INFO - Task exited with return code 0
[2022-04-13 21:24:14,100] {local_task_job.py:264} INFO - 0 downstream tasks scheduled from follow-on schedule check
