[2022-04-13 21:24:00,052] {taskinstance.py:1032} INFO - Dependencies all met for <TaskInstance: LocalIngestionDAG.wget scheduled__2021-07-02T06:00:16+00:00 [queued]>
[2022-04-13 21:24:00,079] {taskinstance.py:1032} INFO - Dependencies all met for <TaskInstance: LocalIngestionDAG.wget scheduled__2021-07-02T06:00:16+00:00 [queued]>
[2022-04-13 21:24:00,080] {taskinstance.py:1238} INFO - 
--------------------------------------------------------------------------------
[2022-04-13 21:24:00,083] {taskinstance.py:1239} INFO - Starting attempt 1 of 1
[2022-04-13 21:24:00,084] {taskinstance.py:1240} INFO - 
--------------------------------------------------------------------------------
[2022-04-13 21:24:00,153] {taskinstance.py:1259} INFO - Executing <Task(BashOperator): wget> on 2021-07-02 06:00:16+00:00
[2022-04-13 21:24:00,162] {standard_task_runner.py:52} INFO - Started process 3744 to run task
[2022-04-13 21:24:00,167] {standard_task_runner.py:76} INFO - Running: ['***', 'tasks', 'run', 'LocalIngestionDAG', 'wget', 'scheduled__2021-07-02T06:00:16+00:00', '--job-id', '872', '--raw', '--subdir', 'DAGS_FOLDER/data_ingestion_local.py', '--cfg-path', '/tmp/tmpcbavvdvi', '--error-file', '/tmp/tmpaqj49wwr']
[2022-04-13 21:24:00,180] {standard_task_runner.py:77} INFO - Job 872: Subtask wget
[2022-04-13 21:24:00,310] {logging_mixin.py:109} INFO - Running <TaskInstance: LocalIngestionDAG.wget scheduled__2021-07-02T06:00:16+00:00 [running]> on host 13db72185839
[2022-04-13 21:24:00,409] {taskinstance.py:1426} INFO - Exporting the following env vars:
AIRFLOW_CTX_DAG_OWNER=***
AIRFLOW_CTX_DAG_ID=LocalIngestionDAG
AIRFLOW_CTX_TASK_ID=wget
AIRFLOW_CTX_EXECUTION_DATE=2021-07-02T06:00:16+00:00
AIRFLOW_CTX_DAG_RUN_ID=scheduled__2021-07-02T06:00:16+00:00
[2022-04-13 21:24:00,411] {subprocess.py:62} INFO - Tmp dir root location: 
 /tmp
[2022-04-13 21:24:00,412] {subprocess.py:74} INFO - Running command: ['bash', '-c', 'echo "hello world"']
[2022-04-13 21:24:00,422] {subprocess.py:85} INFO - Output:
[2022-04-13 21:24:00,426] {subprocess.py:89} INFO - hello world
[2022-04-13 21:24:00,426] {subprocess.py:93} INFO - Command exited with return code 0
[2022-04-13 21:24:00,476] {taskinstance.py:1277} INFO - Marking task as SUCCESS. dag_id=LocalIngestionDAG, task_id=wget, execution_date=20210702T060016, start_date=20220413T212400, end_date=20220413T212400
[2022-04-13 21:24:00,552] {local_task_job.py:154} INFO - Task exited with return code 0
[2022-04-13 21:24:00,771] {local_task_job.py:264} INFO - 0 downstream tasks scheduled from follow-on schedule check
