[2022-04-12 15:52:42,646] {taskinstance.py:1032} INFO - Dependencies all met for <TaskInstance: data_ingestion_gcs_dag.format_to_parquet_task manual__2022-04-12T15:51:52.319069+00:00 [queued]>
[2022-04-12 15:52:42,668] {taskinstance.py:1032} INFO - Dependencies all met for <TaskInstance: data_ingestion_gcs_dag.format_to_parquet_task manual__2022-04-12T15:51:52.319069+00:00 [queued]>
[2022-04-12 15:52:42,668] {taskinstance.py:1238} INFO - 
--------------------------------------------------------------------------------
[2022-04-12 15:52:42,669] {taskinstance.py:1239} INFO - Starting attempt 1 of 2
[2022-04-12 15:52:42,669] {taskinstance.py:1240} INFO - 
--------------------------------------------------------------------------------
[2022-04-12 15:52:42,693] {taskinstance.py:1259} INFO - Executing <Task(PythonOperator): format_to_parquet_task> on 2022-04-12 15:51:52.319069+00:00
[2022-04-12 15:52:42,702] {standard_task_runner.py:52} INFO - Started process 749 to run task
[2022-04-12 15:52:42,707] {standard_task_runner.py:76} INFO - Running: ['***', 'tasks', 'run', 'data_ingestion_gcs_dag', 'format_to_parquet_task', 'manual__2022-04-12T15:51:52.319069+00:00', '--job-id', '61', '--raw', '--subdir', 'DAGS_FOLDER/data_ingestion_gcs_dag.py', '--cfg-path', '/tmp/tmp74qn1_td', '--error-file', '/tmp/tmp32qgasum']
[2022-04-12 15:52:42,709] {standard_task_runner.py:77} INFO - Job 61: Subtask format_to_parquet_task
[2022-04-12 15:52:42,790] {logging_mixin.py:109} INFO - Running <TaskInstance: data_ingestion_gcs_dag.format_to_parquet_task manual__2022-04-12T15:51:52.319069+00:00 [running]> on host c8926bece071
[2022-04-12 15:52:42,943] {taskinstance.py:1426} INFO - Exporting the following env vars:
AIRFLOW_CTX_DAG_OWNER=***
AIRFLOW_CTX_DAG_ID=data_ingestion_gcs_dag
AIRFLOW_CTX_TASK_ID=format_to_parquet_task
AIRFLOW_CTX_EXECUTION_DATE=2022-04-12T15:51:52.319069+00:00
AIRFLOW_CTX_DAG_RUN_ID=manual__2022-04-12T15:51:52.319069+00:00
[2022-04-12 15:52:45,461] {python.py:175} INFO - Done. Returned value was: None
[2022-04-12 15:52:45,487] {taskinstance.py:1277} INFO - Marking task as SUCCESS. dag_id=data_ingestion_gcs_dag, task_id=format_to_parquet_task, execution_date=20220412T155152, start_date=20220412T155242, end_date=20220412T155245
[2022-04-12 15:52:45,597] {local_task_job.py:154} INFO - Task exited with return code 0
[2022-04-12 15:52:45,701] {local_task_job.py:264} INFO - 1 downstream tasks scheduled from follow-on schedule check
