[2022-04-13 21:21:54,582] {taskinstance.py:1032} INFO - Dependencies all met for <TaskInstance: LocalIngestionDAG.wget scheduled__2021-05-02T06:00:18+00:00 [queued]>
[2022-04-13 21:21:54,635] {taskinstance.py:1032} INFO - Dependencies all met for <TaskInstance: LocalIngestionDAG.wget scheduled__2021-05-02T06:00:18+00:00 [queued]>
[2022-04-13 21:21:54,636] {taskinstance.py:1238} INFO - 
--------------------------------------------------------------------------------
[2022-04-13 21:21:54,637] {taskinstance.py:1239} INFO - Starting attempt 1 of 1
[2022-04-13 21:21:54,639] {taskinstance.py:1240} INFO - 
--------------------------------------------------------------------------------
[2022-04-13 21:21:54,664] {taskinstance.py:1259} INFO - Executing <Task(BashOperator): wget> on 2021-05-02 06:00:18+00:00
[2022-04-13 21:21:54,668] {standard_task_runner.py:52} INFO - Started process 2940 to run task
[2022-04-13 21:21:54,674] {standard_task_runner.py:76} INFO - Running: ['***', 'tasks', 'run', 'LocalIngestionDAG', 'wget', 'scheduled__2021-05-02T06:00:18+00:00', '--job-id', '636', '--raw', '--subdir', 'DAGS_FOLDER/data_ingestion_local.py', '--cfg-path', '/tmp/tmp97gjvb2t', '--error-file', '/tmp/tmpdzyu_9ua']
[2022-04-13 21:21:54,676] {standard_task_runner.py:77} INFO - Job 636: Subtask wget
[2022-04-13 21:21:54,767] {logging_mixin.py:109} INFO - Running <TaskInstance: LocalIngestionDAG.wget scheduled__2021-05-02T06:00:18+00:00 [running]> on host 13db72185839
[2022-04-13 21:21:54,856] {taskinstance.py:1426} INFO - Exporting the following env vars:
AIRFLOW_CTX_DAG_OWNER=***
AIRFLOW_CTX_DAG_ID=LocalIngestionDAG
AIRFLOW_CTX_TASK_ID=wget
AIRFLOW_CTX_EXECUTION_DATE=2021-05-02T06:00:18+00:00
AIRFLOW_CTX_DAG_RUN_ID=scheduled__2021-05-02T06:00:18+00:00
[2022-04-13 21:21:54,859] {subprocess.py:62} INFO - Tmp dir root location: 
 /tmp
[2022-04-13 21:21:54,860] {subprocess.py:74} INFO - Running command: ['bash', '-c', 'echo "hello world"']
[2022-04-13 21:21:54,876] {subprocess.py:85} INFO - Output:
[2022-04-13 21:21:54,879] {subprocess.py:89} INFO - hello world
[2022-04-13 21:21:54,880] {subprocess.py:93} INFO - Command exited with return code 0
[2022-04-13 21:21:54,978] {taskinstance.py:1277} INFO - Marking task as SUCCESS. dag_id=LocalIngestionDAG, task_id=wget, execution_date=20210502T060018, start_date=20220413T212154, end_date=20220413T212154
[2022-04-13 21:21:55,046] {local_task_job.py:154} INFO - Task exited with return code 0
[2022-04-13 21:21:55,142] {local_task_job.py:264} INFO - 1 downstream tasks scheduled from follow-on schedule check
