[2022-04-13 21:17:20,964] {taskinstance.py:1032} INFO - Dependencies all met for <TaskInstance: LocalIngestionDAG.wget scheduled__2021-03-02T06:00:01+00:00 [queued]>
[2022-04-13 21:17:20,994] {taskinstance.py:1032} INFO - Dependencies all met for <TaskInstance: LocalIngestionDAG.wget scheduled__2021-03-02T06:00:01+00:00 [queued]>
[2022-04-13 21:17:20,994] {taskinstance.py:1238} INFO - 
--------------------------------------------------------------------------------
[2022-04-13 21:17:20,995] {taskinstance.py:1239} INFO - Starting attempt 1 of 1
[2022-04-13 21:17:20,995] {taskinstance.py:1240} INFO - 
--------------------------------------------------------------------------------
[2022-04-13 21:17:21,037] {taskinstance.py:1259} INFO - Executing <Task(BashOperator): wget> on 2021-03-02 06:00:01+00:00
[2022-04-13 21:17:21,051] {standard_task_runner.py:52} INFO - Started process 1871 to run task
[2022-04-13 21:17:21,058] {standard_task_runner.py:76} INFO - Running: ['***', 'tasks', 'run', 'LocalIngestionDAG', 'wget', 'scheduled__2021-03-02T06:00:01+00:00', '--job-id', '359', '--raw', '--subdir', 'DAGS_FOLDER/data_ingestion_local.py', '--cfg-path', '/tmp/tmpa59jn0bg', '--error-file', '/tmp/tmp3ifnhgf_']
[2022-04-13 21:17:21,069] {standard_task_runner.py:77} INFO - Job 359: Subtask wget
[2022-04-13 21:17:21,284] {logging_mixin.py:109} INFO - Running <TaskInstance: LocalIngestionDAG.wget scheduled__2021-03-02T06:00:01+00:00 [running]> on host 13db72185839
[2022-04-13 21:17:21,441] {taskinstance.py:1426} INFO - Exporting the following env vars:
AIRFLOW_CTX_DAG_OWNER=***
AIRFLOW_CTX_DAG_ID=LocalIngestionDAG
AIRFLOW_CTX_TASK_ID=wget
AIRFLOW_CTX_EXECUTION_DATE=2021-03-02T06:00:01+00:00
AIRFLOW_CTX_DAG_RUN_ID=scheduled__2021-03-02T06:00:01+00:00
[2022-04-13 21:17:21,443] {subprocess.py:62} INFO - Tmp dir root location: 
 /tmp
[2022-04-13 21:17:21,445] {subprocess.py:74} INFO - Running command: ['bash', '-c', 'echo "hello world"']
[2022-04-13 21:17:21,460] {subprocess.py:85} INFO - Output:
[2022-04-13 21:17:21,462] {subprocess.py:89} INFO - hello world
[2022-04-13 21:17:21,463] {subprocess.py:93} INFO - Command exited with return code 0
[2022-04-13 21:17:21,535] {taskinstance.py:1277} INFO - Marking task as SUCCESS. dag_id=LocalIngestionDAG, task_id=wget, execution_date=20210302T060001, start_date=20220413T211720, end_date=20220413T211721
[2022-04-13 21:17:21,606] {local_task_job.py:154} INFO - Task exited with return code 0
[2022-04-13 21:17:21,787] {local_task_job.py:264} INFO - 0 downstream tasks scheduled from follow-on schedule check
