[2022-04-13 21:42:58,624] {taskinstance.py:1032} INFO - Dependencies all met for <TaskInstance: LocalIngestionDAG.wget scheduled__2021-11-02T06:00:09+00:00 [queued]>
[2022-04-13 21:42:58,665] {taskinstance.py:1032} INFO - Dependencies all met for <TaskInstance: LocalIngestionDAG.wget scheduled__2021-11-02T06:00:09+00:00 [queued]>
[2022-04-13 21:42:58,666] {taskinstance.py:1238} INFO - 
--------------------------------------------------------------------------------
[2022-04-13 21:42:58,666] {taskinstance.py:1239} INFO - Starting attempt 1 of 1
[2022-04-13 21:42:58,667] {taskinstance.py:1240} INFO - 
--------------------------------------------------------------------------------
[2022-04-13 21:42:58,718] {taskinstance.py:1259} INFO - Executing <Task(BashOperator): wget> on 2021-11-02 06:00:09+00:00
[2022-04-13 21:42:58,735] {standard_task_runner.py:52} INFO - Started process 6176 to run task
[2022-04-13 21:42:58,740] {standard_task_runner.py:76} INFO - Running: ['***', 'tasks', 'run', 'LocalIngestionDAG', 'wget', 'scheduled__2021-11-02T06:00:09+00:00', '--job-id', '1321', '--raw', '--subdir', 'DAGS_FOLDER/data_ingestion_local.py', '--cfg-path', '/tmp/tmp911ndla0', '--error-file', '/tmp/tmpaxngcpsu']
[2022-04-13 21:42:58,742] {standard_task_runner.py:77} INFO - Job 1321: Subtask wget
[2022-04-13 21:42:58,934] {logging_mixin.py:109} INFO - Running <TaskInstance: LocalIngestionDAG.wget scheduled__2021-11-02T06:00:09+00:00 [running]> on host 13db72185839
[2022-04-13 21:42:59,152] {taskinstance.py:1426} INFO - Exporting the following env vars:
AIRFLOW_CTX_DAG_OWNER=***
AIRFLOW_CTX_DAG_ID=LocalIngestionDAG
AIRFLOW_CTX_TASK_ID=wget
AIRFLOW_CTX_EXECUTION_DATE=2021-11-02T06:00:09+00:00
AIRFLOW_CTX_DAG_RUN_ID=scheduled__2021-11-02T06:00:09+00:00
[2022-04-13 21:42:59,154] {subprocess.py:62} INFO - Tmp dir root location: 
 /tmp
[2022-04-13 21:42:59,155] {subprocess.py:74} INFO - Running command: ['bash', '-c', 'curl -sSL https://s3.amazonaws.com/nyc-tlc/trip+data/yellow_tripdata_2021-01.csv > /opt/***/output.csv']
[2022-04-13 21:42:59,190] {subprocess.py:85} INFO - Output:
[2022-04-13 21:54:16,160] {subprocess.py:93} INFO - Command exited with return code 0
[2022-04-13 21:54:16,233] {taskinstance.py:1277} INFO - Marking task as SUCCESS. dag_id=LocalIngestionDAG, task_id=wget, execution_date=20211102T060009, start_date=20220413T214258, end_date=20220413T215416
[2022-04-13 21:54:16,288] {local_task_job.py:154} INFO - Task exited with return code 0
[2022-04-13 21:54:16,443] {local_task_job.py:264} INFO - 1 downstream tasks scheduled from follow-on schedule check
