[2022-04-13 21:53:34,094] {taskinstance.py:1032} INFO - Dependencies all met for <TaskInstance: LocalIngestionDAG.ingest scheduled__2021-10-02T06:00:57+00:00 [queued]>
[2022-04-13 21:53:34,116] {taskinstance.py:1032} INFO - Dependencies all met for <TaskInstance: LocalIngestionDAG.ingest scheduled__2021-10-02T06:00:57+00:00 [queued]>
[2022-04-13 21:53:34,117] {taskinstance.py:1238} INFO - 
--------------------------------------------------------------------------------
[2022-04-13 21:53:34,118] {taskinstance.py:1239} INFO - Starting attempt 1 of 1
[2022-04-13 21:53:34,118] {taskinstance.py:1240} INFO - 
--------------------------------------------------------------------------------
[2022-04-13 21:53:34,141] {taskinstance.py:1259} INFO - Executing <Task(BashOperator): ingest> on 2021-10-02 06:00:57+00:00
[2022-04-13 21:53:34,203] {standard_task_runner.py:52} INFO - Started process 6756 to run task
[2022-04-13 21:53:34,210] {standard_task_runner.py:76} INFO - Running: ['***', 'tasks', 'run', 'LocalIngestionDAG', 'ingest', 'scheduled__2021-10-02T06:00:57+00:00', '--job-id', '1325', '--raw', '--subdir', 'DAGS_FOLDER/data_ingestion_local.py', '--cfg-path', '/tmp/tmpof6_siuy', '--error-file', '/tmp/tmpbvbwwqdm']
[2022-04-13 21:53:34,218] {standard_task_runner.py:77} INFO - Job 1325: Subtask ingest
[2022-04-13 21:53:34,405] {logging_mixin.py:109} INFO - Running <TaskInstance: LocalIngestionDAG.ingest scheduled__2021-10-02T06:00:57+00:00 [running]> on host 13db72185839
[2022-04-13 21:53:34,592] {taskinstance.py:1426} INFO - Exporting the following env vars:
AIRFLOW_CTX_DAG_OWNER=***
AIRFLOW_CTX_DAG_ID=LocalIngestionDAG
AIRFLOW_CTX_TASK_ID=ingest
AIRFLOW_CTX_EXECUTION_DATE=2021-10-02T06:00:57+00:00
AIRFLOW_CTX_DAG_RUN_ID=scheduled__2021-10-02T06:00:57+00:00
[2022-04-13 21:53:34,596] {subprocess.py:62} INFO - Tmp dir root location: 
 /tmp
[2022-04-13 21:53:34,599] {subprocess.py:74} INFO - Running command: ['bash', '-c', 'ls /opt/***']
[2022-04-13 21:53:34,626] {subprocess.py:85} INFO - Output:
[2022-04-13 21:53:34,632] {subprocess.py:89} INFO - ***.cfg
[2022-04-13 21:53:34,633] {subprocess.py:89} INFO - dags
[2022-04-13 21:53:34,634] {subprocess.py:89} INFO - logs
[2022-04-13 21:53:34,634] {subprocess.py:89} INFO - output.csv
[2022-04-13 21:53:34,635] {subprocess.py:89} INFO - plugins
[2022-04-13 21:53:34,635] {subprocess.py:89} INFO - requirements.txt
[2022-04-13 21:53:34,636] {subprocess.py:89} INFO - scripts
[2022-04-13 21:53:34,636] {subprocess.py:89} INFO - webserver_config.py
[2022-04-13 21:53:34,637] {subprocess.py:93} INFO - Command exited with return code 0
[2022-04-13 21:53:34,695] {taskinstance.py:1277} INFO - Marking task as SUCCESS. dag_id=LocalIngestionDAG, task_id=ingest, execution_date=20211002T060057, start_date=20220413T215334, end_date=20220413T215334
[2022-04-13 21:53:34,788] {local_task_job.py:154} INFO - Task exited with return code 0
[2022-04-13 21:53:34,844] {local_task_job.py:264} INFO - 0 downstream tasks scheduled from follow-on schedule check
