[2022-04-13 21:22:44,048] {taskinstance.py:1032} INFO - Dependencies all met for <TaskInstance: LocalIngestionDAG.ingest scheduled__2021-06-02T06:00:04+00:00 [queued]>
[2022-04-13 21:22:44,122] {taskinstance.py:1032} INFO - Dependencies all met for <TaskInstance: LocalIngestionDAG.ingest scheduled__2021-06-02T06:00:04+00:00 [queued]>
[2022-04-13 21:22:44,124] {taskinstance.py:1238} INFO - 
--------------------------------------------------------------------------------
[2022-04-13 21:22:44,126] {taskinstance.py:1239} INFO - Starting attempt 1 of 1
[2022-04-13 21:22:44,126] {taskinstance.py:1240} INFO - 
--------------------------------------------------------------------------------
[2022-04-13 21:22:44,218] {taskinstance.py:1259} INFO - Executing <Task(BashOperator): ingest> on 2021-06-02 06:00:04+00:00
[2022-04-13 21:22:44,235] {standard_task_runner.py:52} INFO - Started process 3275 to run task
[2022-04-13 21:22:44,250] {standard_task_runner.py:76} INFO - Running: ['***', 'tasks', 'run', 'LocalIngestionDAG', 'ingest', 'scheduled__2021-06-02T06:00:04+00:00', '--job-id', '734', '--raw', '--subdir', 'DAGS_FOLDER/data_ingestion_local.py', '--cfg-path', '/tmp/tmp_ze278fc', '--error-file', '/tmp/tmpmbdgaisk']
[2022-04-13 21:22:44,252] {standard_task_runner.py:77} INFO - Job 734: Subtask ingest
[2022-04-13 21:22:44,492] {logging_mixin.py:109} INFO - Running <TaskInstance: LocalIngestionDAG.ingest scheduled__2021-06-02T06:00:04+00:00 [running]> on host 13db72185839
[2022-04-13 21:22:44,723] {taskinstance.py:1426} INFO - Exporting the following env vars:
AIRFLOW_CTX_DAG_OWNER=***
AIRFLOW_CTX_DAG_ID=LocalIngestionDAG
AIRFLOW_CTX_TASK_ID=ingest
AIRFLOW_CTX_EXECUTION_DATE=2021-06-02T06:00:04+00:00
AIRFLOW_CTX_DAG_RUN_ID=scheduled__2021-06-02T06:00:04+00:00
[2022-04-13 21:22:44,728] {subprocess.py:62} INFO - Tmp dir root location: 
 /tmp
[2022-04-13 21:22:44,730] {subprocess.py:74} INFO - Running command: ['bash', '-c', 'pwd']
[2022-04-13 21:22:44,749] {subprocess.py:85} INFO - Output:
[2022-04-13 21:22:44,757] {subprocess.py:89} INFO - /tmp/***tmpn2edpb1g
[2022-04-13 21:22:44,759] {subprocess.py:93} INFO - Command exited with return code 0
[2022-04-13 21:22:44,901] {taskinstance.py:1277} INFO - Marking task as SUCCESS. dag_id=LocalIngestionDAG, task_id=ingest, execution_date=20210602T060004, start_date=20220413T212244, end_date=20220413T212244
[2022-04-13 21:22:45,116] {local_task_job.py:154} INFO - Task exited with return code 0
[2022-04-13 21:22:45,423] {local_task_job.py:264} INFO - 0 downstream tasks scheduled from follow-on schedule check
