[2022-04-13 22:33:00,775] {taskinstance.py:1032} INFO - Dependencies all met for <TaskInstance: LocalIngestionDAG.ingest scheduled__2022-01-02T06:00:56+00:00 [queued]>
[2022-04-13 22:33:00,809] {taskinstance.py:1032} INFO - Dependencies all met for <TaskInstance: LocalIngestionDAG.ingest scheduled__2022-01-02T06:00:56+00:00 [queued]>
[2022-04-13 22:33:00,810] {taskinstance.py:1238} INFO - 
--------------------------------------------------------------------------------
[2022-04-13 22:33:00,813] {taskinstance.py:1239} INFO - Starting attempt 1 of 1
[2022-04-13 22:33:00,814] {taskinstance.py:1240} INFO - 
--------------------------------------------------------------------------------
[2022-04-13 22:33:00,871] {taskinstance.py:1259} INFO - Executing <Task(BashOperator): ingest> on 2022-01-02 06:00:56+00:00
[2022-04-13 22:33:00,880] {standard_task_runner.py:52} INFO - Started process 9967 to run task
[2022-04-13 22:33:00,895] {standard_task_runner.py:76} INFO - Running: ['***', 'tasks', 'run', 'LocalIngestionDAG', 'ingest', 'scheduled__2022-01-02T06:00:56+00:00', '--job-id', '1651', '--raw', '--subdir', 'DAGS_FOLDER/data_ingestion_local.py', '--cfg-path', '/tmp/tmpsuc4g3wq', '--error-file', '/tmp/tmp6fuh_pt3']
[2022-04-13 22:33:00,898] {standard_task_runner.py:77} INFO - Job 1651: Subtask ingest
[2022-04-13 22:33:01,064] {logging_mixin.py:109} INFO - Running <TaskInstance: LocalIngestionDAG.ingest scheduled__2022-01-02T06:00:56+00:00 [running]> on host 13db72185839
[2022-04-13 22:33:01,259] {taskinstance.py:1426} INFO - Exporting the following env vars:
AIRFLOW_CTX_DAG_OWNER=***
AIRFLOW_CTX_DAG_ID=LocalIngestionDAG
AIRFLOW_CTX_TASK_ID=ingest
AIRFLOW_CTX_EXECUTION_DATE=2022-01-02T06:00:56+00:00
AIRFLOW_CTX_DAG_RUN_ID=scheduled__2022-01-02T06:00:56+00:00
[2022-04-13 22:33:01,261] {subprocess.py:62} INFO - Tmp dir root location: 
 /tmp
[2022-04-13 22:33:01,263] {subprocess.py:74} INFO - Running command: ['bash', '-c', 'ls /opt/***']
[2022-04-13 22:33:01,280] {subprocess.py:85} INFO - Output:
[2022-04-13 22:33:01,288] {subprocess.py:89} INFO - ***.cfg
[2022-04-13 22:33:01,290] {subprocess.py:89} INFO - dags
[2022-04-13 22:33:01,291] {subprocess.py:89} INFO - logs
[2022-04-13 22:33:01,291] {subprocess.py:89} INFO - output.csv
[2022-04-13 22:33:01,292] {subprocess.py:89} INFO - plugins
[2022-04-13 22:33:01,296] {subprocess.py:89} INFO - requirements.txt
[2022-04-13 22:33:01,298] {subprocess.py:89} INFO - scripts
[2022-04-13 22:33:01,299] {subprocess.py:89} INFO - webserver_config.py
[2022-04-13 22:33:01,301] {subprocess.py:93} INFO - Command exited with return code 0
[2022-04-13 22:33:01,451] {taskinstance.py:1277} INFO - Marking task as SUCCESS. dag_id=LocalIngestionDAG, task_id=ingest, execution_date=20220102T060056, start_date=20220413T223300, end_date=20220413T223301
[2022-04-13 22:33:01,510] {local_task_job.py:154} INFO - Task exited with return code 0
[2022-04-13 22:33:01,997] {local_task_job.py:264} INFO - 0 downstream tasks scheduled from follow-on schedule check
