[2022-04-13 21:27:03,653] {taskinstance.py:1032} INFO - Dependencies all met for <TaskInstance: LocalIngestionDAG.wget scheduled__2021-10-02T06:00:05+00:00 [queued]>
[2022-04-13 21:27:03,698] {taskinstance.py:1032} INFO - Dependencies all met for <TaskInstance: LocalIngestionDAG.wget scheduled__2021-10-02T06:00:05+00:00 [queued]>
[2022-04-13 21:27:03,700] {taskinstance.py:1238} INFO - 
--------------------------------------------------------------------------------
[2022-04-13 21:27:03,702] {taskinstance.py:1239} INFO - Starting attempt 1 of 1
[2022-04-13 21:27:03,703] {taskinstance.py:1240} INFO - 
--------------------------------------------------------------------------------
[2022-04-13 21:27:03,751] {taskinstance.py:1259} INFO - Executing <Task(BashOperator): wget> on 2021-10-02 06:00:05+00:00
[2022-04-13 21:27:03,758] {standard_task_runner.py:52} INFO - Started process 4894 to run task
[2022-04-13 21:27:03,775] {standard_task_runner.py:76} INFO - Running: ['***', 'tasks', 'run', 'LocalIngestionDAG', 'wget', 'scheduled__2021-10-02T06:00:05+00:00', '--job-id', '1209', '--raw', '--subdir', 'DAGS_FOLDER/data_ingestion_local.py', '--cfg-path', '/tmp/tmpdthfs3a5', '--error-file', '/tmp/tmp4sgg6049']
[2022-04-13 21:27:03,779] {standard_task_runner.py:77} INFO - Job 1209: Subtask wget
[2022-04-13 21:27:04,034] {logging_mixin.py:109} INFO - Running <TaskInstance: LocalIngestionDAG.wget scheduled__2021-10-02T06:00:05+00:00 [running]> on host 13db72185839
[2022-04-13 21:27:04,364] {taskinstance.py:1426} INFO - Exporting the following env vars:
AIRFLOW_CTX_DAG_OWNER=***
AIRFLOW_CTX_DAG_ID=LocalIngestionDAG
AIRFLOW_CTX_TASK_ID=wget
AIRFLOW_CTX_EXECUTION_DATE=2021-10-02T06:00:05+00:00
AIRFLOW_CTX_DAG_RUN_ID=scheduled__2021-10-02T06:00:05+00:00
[2022-04-13 21:27:04,374] {subprocess.py:62} INFO - Tmp dir root location: 
 /tmp
[2022-04-13 21:27:04,377] {subprocess.py:74} INFO - Running command: ['bash', '-c', 'echo "hello world"']
[2022-04-13 21:27:04,414] {subprocess.py:85} INFO - Output:
[2022-04-13 21:27:04,434] {subprocess.py:89} INFO - hello world
[2022-04-13 21:27:04,442] {subprocess.py:93} INFO - Command exited with return code 0
[2022-04-13 21:27:04,636] {taskinstance.py:1277} INFO - Marking task as SUCCESS. dag_id=LocalIngestionDAG, task_id=wget, execution_date=20211002T060005, start_date=20220413T212703, end_date=20220413T212704
[2022-04-13 21:27:04,765] {local_task_job.py:154} INFO - Task exited with return code 0
[2022-04-13 21:27:05,027] {local_task_job.py:264} INFO - 1 downstream tasks scheduled from follow-on schedule check
