[2022-04-13 21:23:53,869] {taskinstance.py:1032} INFO - Dependencies all met for <TaskInstance: LocalIngestionDAG.wget scheduled__2021-07-02T06:00:12+00:00 [queued]>
[2022-04-13 21:23:53,895] {taskinstance.py:1032} INFO - Dependencies all met for <TaskInstance: LocalIngestionDAG.wget scheduled__2021-07-02T06:00:12+00:00 [queued]>
[2022-04-13 21:23:53,896] {taskinstance.py:1238} INFO - 
--------------------------------------------------------------------------------
[2022-04-13 21:23:53,897] {taskinstance.py:1239} INFO - Starting attempt 1 of 1
[2022-04-13 21:23:53,898] {taskinstance.py:1240} INFO - 
--------------------------------------------------------------------------------
[2022-04-13 21:23:53,925] {taskinstance.py:1259} INFO - Executing <Task(BashOperator): wget> on 2021-07-02 06:00:12+00:00
[2022-04-13 21:23:53,930] {standard_task_runner.py:52} INFO - Started process 3716 to run task
[2022-04-13 21:23:53,940] {standard_task_runner.py:76} INFO - Running: ['***', 'tasks', 'run', 'LocalIngestionDAG', 'wget', 'scheduled__2021-07-02T06:00:12+00:00', '--job-id', '863', '--raw', '--subdir', 'DAGS_FOLDER/data_ingestion_local.py', '--cfg-path', '/tmp/tmpcbdzl5lf', '--error-file', '/tmp/tmpwapg10tk']
[2022-04-13 21:23:53,943] {standard_task_runner.py:77} INFO - Job 863: Subtask wget
[2022-04-13 21:23:54,114] {logging_mixin.py:109} INFO - Running <TaskInstance: LocalIngestionDAG.wget scheduled__2021-07-02T06:00:12+00:00 [running]> on host 13db72185839
[2022-04-13 21:23:54,364] {taskinstance.py:1426} INFO - Exporting the following env vars:
AIRFLOW_CTX_DAG_OWNER=***
AIRFLOW_CTX_DAG_ID=LocalIngestionDAG
AIRFLOW_CTX_TASK_ID=wget
AIRFLOW_CTX_EXECUTION_DATE=2021-07-02T06:00:12+00:00
AIRFLOW_CTX_DAG_RUN_ID=scheduled__2021-07-02T06:00:12+00:00
[2022-04-13 21:23:54,366] {subprocess.py:62} INFO - Tmp dir root location: 
 /tmp
[2022-04-13 21:23:54,367] {subprocess.py:74} INFO - Running command: ['bash', '-c', 'echo "hello world"']
[2022-04-13 21:23:54,378] {subprocess.py:85} INFO - Output:
[2022-04-13 21:23:54,382] {subprocess.py:89} INFO - hello world
[2022-04-13 21:23:54,383] {subprocess.py:93} INFO - Command exited with return code 0
[2022-04-13 21:23:54,500] {taskinstance.py:1277} INFO - Marking task as SUCCESS. dag_id=LocalIngestionDAG, task_id=wget, execution_date=20210702T060012, start_date=20220413T212353, end_date=20220413T212354
[2022-04-13 21:23:54,571] {local_task_job.py:154} INFO - Task exited with return code 0
[2022-04-13 21:23:54,690] {local_task_job.py:264} INFO - 1 downstream tasks scheduled from follow-on schedule check
