[2022-04-12 15:53:31,069] {taskinstance.py:1032} INFO - Dependencies all met for <TaskInstance: data_ingestion_gcs_dag.bigquery_external_table_task manual__2022-04-12T15:51:52.319069+00:00 [queued]>
[2022-04-12 15:53:31,083] {taskinstance.py:1032} INFO - Dependencies all met for <TaskInstance: data_ingestion_gcs_dag.bigquery_external_table_task manual__2022-04-12T15:51:52.319069+00:00 [queued]>
[2022-04-12 15:53:31,084] {taskinstance.py:1238} INFO - 
--------------------------------------------------------------------------------
[2022-04-12 15:53:31,085] {taskinstance.py:1239} INFO - Starting attempt 1 of 2
[2022-04-12 15:53:31,086] {taskinstance.py:1240} INFO - 
--------------------------------------------------------------------------------
[2022-04-12 15:53:31,105] {taskinstance.py:1259} INFO - Executing <Task(BigQueryCreateExternalTableOperator): bigquery_external_table_task> on 2022-04-12 15:51:52.319069+00:00
[2022-04-12 15:53:31,112] {standard_task_runner.py:52} INFO - Started process 843 to run task
[2022-04-12 15:53:31,115] {standard_task_runner.py:76} INFO - Running: ['***', 'tasks', 'run', 'data_ingestion_gcs_dag', 'bigquery_external_table_task', 'manual__2022-04-12T15:51:52.319069+00:00', '--job-id', '63', '--raw', '--subdir', 'DAGS_FOLDER/data_ingestion_gcs_dag.py', '--cfg-path', '/tmp/tmp5rr3wuy_', '--error-file', '/tmp/tmp3gvkv_sm']
[2022-04-12 15:53:31,117] {standard_task_runner.py:77} INFO - Job 63: Subtask bigquery_external_table_task
[2022-04-12 15:53:31,188] {logging_mixin.py:109} INFO - Running <TaskInstance: data_ingestion_gcs_dag.bigquery_external_table_task manual__2022-04-12T15:51:52.319069+00:00 [running]> on host c8926bece071
[2022-04-12 15:53:31,269] {taskinstance.py:1426} INFO - Exporting the following env vars:
AIRFLOW_CTX_DAG_OWNER=***
AIRFLOW_CTX_DAG_ID=data_ingestion_gcs_dag
AIRFLOW_CTX_TASK_ID=bigquery_external_table_task
AIRFLOW_CTX_EXECUTION_DATE=2022-04-12T15:51:52.319069+00:00
AIRFLOW_CTX_DAG_RUN_ID=manual__2022-04-12T15:51:52.319069+00:00
[2022-04-12 15:53:31,271] {crypto.py:82} WARNING - empty cryptography key - values will not be stored encrypted.
[2022-04-12 15:53:34,004] {taskinstance.py:1277} INFO - Marking task as SUCCESS. dag_id=data_ingestion_gcs_dag, task_id=bigquery_external_table_task, execution_date=20220412T155152, start_date=20220412T155331, end_date=20220412T155334
[2022-04-12 15:53:34,029] {local_task_job.py:154} INFO - Task exited with return code 0
[2022-04-12 15:53:34,057] {local_task_job.py:264} INFO - 0 downstream tasks scheduled from follow-on schedule check
