[2022-04-13 21:24:02,320] {taskinstance.py:1032} INFO - Dependencies all met for <TaskInstance: LocalIngestionDAG.wget scheduled__2021-07-02T06:00:21+00:00 [queued]>
[2022-04-13 21:24:02,370] {taskinstance.py:1032} INFO - Dependencies all met for <TaskInstance: LocalIngestionDAG.wget scheduled__2021-07-02T06:00:21+00:00 [queued]>
[2022-04-13 21:24:02,371] {taskinstance.py:1238} INFO - 
--------------------------------------------------------------------------------
[2022-04-13 21:24:02,372] {taskinstance.py:1239} INFO - Starting attempt 1 of 1
[2022-04-13 21:24:02,381] {taskinstance.py:1240} INFO - 
--------------------------------------------------------------------------------
[2022-04-13 21:24:02,438] {taskinstance.py:1259} INFO - Executing <Task(BashOperator): wget> on 2021-07-02 06:00:21+00:00
[2022-04-13 21:24:02,449] {standard_task_runner.py:52} INFO - Started process 3767 to run task
[2022-04-13 21:24:02,468] {standard_task_runner.py:76} INFO - Running: ['***', 'tasks', 'run', 'LocalIngestionDAG', 'wget', 'scheduled__2021-07-02T06:00:21+00:00', '--job-id', '880', '--raw', '--subdir', 'DAGS_FOLDER/data_ingestion_local.py', '--cfg-path', '/tmp/tmpvmqykdq2', '--error-file', '/tmp/tmp_xdma7f9']
[2022-04-13 21:24:02,470] {standard_task_runner.py:77} INFO - Job 880: Subtask wget
[2022-04-13 21:24:02,724] {logging_mixin.py:109} INFO - Running <TaskInstance: LocalIngestionDAG.wget scheduled__2021-07-02T06:00:21+00:00 [running]> on host 13db72185839
[2022-04-13 21:24:02,942] {taskinstance.py:1426} INFO - Exporting the following env vars:
AIRFLOW_CTX_DAG_OWNER=***
AIRFLOW_CTX_DAG_ID=LocalIngestionDAG
AIRFLOW_CTX_TASK_ID=wget
AIRFLOW_CTX_EXECUTION_DATE=2021-07-02T06:00:21+00:00
AIRFLOW_CTX_DAG_RUN_ID=scheduled__2021-07-02T06:00:21+00:00
[2022-04-13 21:24:02,947] {subprocess.py:62} INFO - Tmp dir root location: 
 /tmp
[2022-04-13 21:24:02,949] {subprocess.py:74} INFO - Running command: ['bash', '-c', 'echo "hello world"']
[2022-04-13 21:24:02,970] {subprocess.py:85} INFO - Output:
[2022-04-13 21:24:02,975] {subprocess.py:89} INFO - hello world
[2022-04-13 21:24:02,976] {subprocess.py:93} INFO - Command exited with return code 0
[2022-04-13 21:24:03,096] {taskinstance.py:1277} INFO - Marking task as SUCCESS. dag_id=LocalIngestionDAG, task_id=wget, execution_date=20210702T060021, start_date=20220413T212402, end_date=20220413T212403
[2022-04-13 21:24:03,319] {local_task_job.py:154} INFO - Task exited with return code 0
[2022-04-13 21:24:03,848] {local_task_job.py:264} INFO - 0 downstream tasks scheduled from follow-on schedule check
