[2022-04-13 21:22:55,166] {taskinstance.py:1032} INFO - Dependencies all met for <TaskInstance: LocalIngestionDAG.ingest scheduled__2021-06-02T06:00:15+00:00 [queued]>
[2022-04-13 21:22:55,191] {taskinstance.py:1032} INFO - Dependencies all met for <TaskInstance: LocalIngestionDAG.ingest scheduled__2021-06-02T06:00:15+00:00 [queued]>
[2022-04-13 21:22:55,192] {taskinstance.py:1238} INFO - 
--------------------------------------------------------------------------------
[2022-04-13 21:22:55,193] {taskinstance.py:1239} INFO - Starting attempt 1 of 1
[2022-04-13 21:22:55,193] {taskinstance.py:1240} INFO - 
--------------------------------------------------------------------------------
[2022-04-13 21:22:55,233] {taskinstance.py:1259} INFO - Executing <Task(BashOperator): ingest> on 2021-06-02 06:00:15+00:00
[2022-04-13 21:22:55,243] {standard_task_runner.py:52} INFO - Started process 3341 to run task
[2022-04-13 21:22:55,254] {standard_task_runner.py:76} INFO - Running: ['***', 'tasks', 'run', 'LocalIngestionDAG', 'ingest', 'scheduled__2021-06-02T06:00:15+00:00', '--job-id', '754', '--raw', '--subdir', 'DAGS_FOLDER/data_ingestion_local.py', '--cfg-path', '/tmp/tmpciiwuzcu', '--error-file', '/tmp/tmps11hjkpf']
[2022-04-13 21:22:55,259] {standard_task_runner.py:77} INFO - Job 754: Subtask ingest
[2022-04-13 21:22:55,396] {logging_mixin.py:109} INFO - Running <TaskInstance: LocalIngestionDAG.ingest scheduled__2021-06-02T06:00:15+00:00 [running]> on host 13db72185839
[2022-04-13 21:22:55,500] {taskinstance.py:1426} INFO - Exporting the following env vars:
AIRFLOW_CTX_DAG_OWNER=***
AIRFLOW_CTX_DAG_ID=LocalIngestionDAG
AIRFLOW_CTX_TASK_ID=ingest
AIRFLOW_CTX_EXECUTION_DATE=2021-06-02T06:00:15+00:00
AIRFLOW_CTX_DAG_RUN_ID=scheduled__2021-06-02T06:00:15+00:00
[2022-04-13 21:22:55,502] {subprocess.py:62} INFO - Tmp dir root location: 
 /tmp
[2022-04-13 21:22:55,503] {subprocess.py:74} INFO - Running command: ['bash', '-c', 'pwd']
[2022-04-13 21:22:55,516] {subprocess.py:85} INFO - Output:
[2022-04-13 21:22:55,519] {subprocess.py:89} INFO - /tmp/***tmpp42njxgs
[2022-04-13 21:22:55,520] {subprocess.py:93} INFO - Command exited with return code 0
[2022-04-13 21:22:55,566] {taskinstance.py:1277} INFO - Marking task as SUCCESS. dag_id=LocalIngestionDAG, task_id=ingest, execution_date=20210602T060015, start_date=20220413T212255, end_date=20220413T212255
[2022-04-13 21:22:55,629] {local_task_job.py:154} INFO - Task exited with return code 0
[2022-04-13 21:22:55,666] {local_task_job.py:264} INFO - 0 downstream tasks scheduled from follow-on schedule check
