[2022-04-13 21:16:52,733] {taskinstance.py:1032} INFO - Dependencies all met for <TaskInstance: LocalIngestionDAG.wget scheduled__2021-02-02T06:00:29+00:00 [queued]>
[2022-04-13 21:16:52,768] {taskinstance.py:1032} INFO - Dependencies all met for <TaskInstance: LocalIngestionDAG.wget scheduled__2021-02-02T06:00:29+00:00 [queued]>
[2022-04-13 21:16:52,769] {taskinstance.py:1238} INFO - 
--------------------------------------------------------------------------------
[2022-04-13 21:16:52,771] {taskinstance.py:1239} INFO - Starting attempt 1 of 1
[2022-04-13 21:16:52,774] {taskinstance.py:1240} INFO - 
--------------------------------------------------------------------------------
[2022-04-13 21:16:52,800] {taskinstance.py:1259} INFO - Executing <Task(BashOperator): wget> on 2021-02-02 06:00:29+00:00
[2022-04-13 21:16:52,819] {standard_task_runner.py:52} INFO - Started process 1657 to run task
[2022-04-13 21:16:52,833] {standard_task_runner.py:76} INFO - Running: ['***', 'tasks', 'run', 'LocalIngestionDAG', 'wget', 'scheduled__2021-02-02T06:00:29+00:00', '--job-id', '296', '--raw', '--subdir', 'DAGS_FOLDER/data_ingestion_local.py', '--cfg-path', '/tmp/tmpzmy8d7_a', '--error-file', '/tmp/tmpi68pnbk4']
[2022-04-13 21:16:52,836] {standard_task_runner.py:77} INFO - Job 296: Subtask wget
[2022-04-13 21:16:52,988] {logging_mixin.py:109} INFO - Running <TaskInstance: LocalIngestionDAG.wget scheduled__2021-02-02T06:00:29+00:00 [running]> on host 13db72185839
[2022-04-13 21:16:53,165] {taskinstance.py:1426} INFO - Exporting the following env vars:
AIRFLOW_CTX_DAG_OWNER=***
AIRFLOW_CTX_DAG_ID=LocalIngestionDAG
AIRFLOW_CTX_TASK_ID=wget
AIRFLOW_CTX_EXECUTION_DATE=2021-02-02T06:00:29+00:00
AIRFLOW_CTX_DAG_RUN_ID=scheduled__2021-02-02T06:00:29+00:00
[2022-04-13 21:16:53,166] {subprocess.py:62} INFO - Tmp dir root location: 
 /tmp
[2022-04-13 21:16:53,168] {subprocess.py:74} INFO - Running command: ['bash', '-c', 'echo "hello world"']
[2022-04-13 21:16:53,189] {subprocess.py:85} INFO - Output:
[2022-04-13 21:16:53,196] {subprocess.py:89} INFO - hello world
[2022-04-13 21:16:53,197] {subprocess.py:93} INFO - Command exited with return code 0
[2022-04-13 21:16:53,469] {taskinstance.py:1277} INFO - Marking task as SUCCESS. dag_id=LocalIngestionDAG, task_id=wget, execution_date=20210202T060029, start_date=20220413T211652, end_date=20220413T211653
[2022-04-13 21:16:53,541] {local_task_job.py:154} INFO - Task exited with return code 0
[2022-04-13 21:16:53,650] {local_task_job.py:264} INFO - 1 downstream tasks scheduled from follow-on schedule check
