[2022-04-13 21:24:48,420] {taskinstance.py:1032} INFO - Dependencies all met for <TaskInstance: LocalIngestionDAG.wget scheduled__2021-08-02T06:00:08+00:00 [queued]>
[2022-04-13 21:24:48,462] {taskinstance.py:1032} INFO - Dependencies all met for <TaskInstance: LocalIngestionDAG.wget scheduled__2021-08-02T06:00:08+00:00 [queued]>
[2022-04-13 21:24:48,465] {taskinstance.py:1238} INFO - 
--------------------------------------------------------------------------------
[2022-04-13 21:24:48,468] {taskinstance.py:1239} INFO - Starting attempt 1 of 1
[2022-04-13 21:24:48,469] {taskinstance.py:1240} INFO - 
--------------------------------------------------------------------------------
[2022-04-13 21:24:48,505] {taskinstance.py:1259} INFO - Executing <Task(BashOperator): wget> on 2021-08-02 06:00:08+00:00
[2022-04-13 21:24:48,518] {standard_task_runner.py:52} INFO - Started process 4082 to run task
[2022-04-13 21:24:48,527] {standard_task_runner.py:76} INFO - Running: ['***', 'tasks', 'run', 'LocalIngestionDAG', 'wget', 'scheduled__2021-08-02T06:00:08+00:00', '--job-id', '974', '--raw', '--subdir', 'DAGS_FOLDER/data_ingestion_local.py', '--cfg-path', '/tmp/tmpknlsb903', '--error-file', '/tmp/tmpl63k00wh']
[2022-04-13 21:24:48,534] {standard_task_runner.py:77} INFO - Job 974: Subtask wget
[2022-04-13 21:24:48,748] {logging_mixin.py:109} INFO - Running <TaskInstance: LocalIngestionDAG.wget scheduled__2021-08-02T06:00:08+00:00 [running]> on host 13db72185839
[2022-04-13 21:24:48,978] {taskinstance.py:1426} INFO - Exporting the following env vars:
AIRFLOW_CTX_DAG_OWNER=***
AIRFLOW_CTX_DAG_ID=LocalIngestionDAG
AIRFLOW_CTX_TASK_ID=wget
AIRFLOW_CTX_EXECUTION_DATE=2021-08-02T06:00:08+00:00
AIRFLOW_CTX_DAG_RUN_ID=scheduled__2021-08-02T06:00:08+00:00
[2022-04-13 21:24:48,981] {subprocess.py:62} INFO - Tmp dir root location: 
 /tmp
[2022-04-13 21:24:48,983] {subprocess.py:74} INFO - Running command: ['bash', '-c', 'echo "hello world"']
[2022-04-13 21:24:49,003] {subprocess.py:85} INFO - Output:
[2022-04-13 21:24:49,010] {subprocess.py:89} INFO - hello world
[2022-04-13 21:24:49,011] {subprocess.py:93} INFO - Command exited with return code 0
[2022-04-13 21:24:49,065] {taskinstance.py:1277} INFO - Marking task as SUCCESS. dag_id=LocalIngestionDAG, task_id=wget, execution_date=20210802T060008, start_date=20220413T212448, end_date=20220413T212449
[2022-04-13 21:24:49,108] {local_task_job.py:154} INFO - Task exited with return code 0
[2022-04-13 21:24:49,260] {local_task_job.py:264} INFO - 1 downstream tasks scheduled from follow-on schedule check
