[2022-04-13 21:22:30,578] {taskinstance.py:1032} INFO - Dependencies all met for <TaskInstance: LocalIngestionDAG.ingest scheduled__2021-05-02T06:00:52+00:00 [queued]>
[2022-04-13 21:22:30,613] {taskinstance.py:1032} INFO - Dependencies all met for <TaskInstance: LocalIngestionDAG.ingest scheduled__2021-05-02T06:00:52+00:00 [queued]>
[2022-04-13 21:22:30,614] {taskinstance.py:1238} INFO - 
--------------------------------------------------------------------------------
[2022-04-13 21:22:30,615] {taskinstance.py:1239} INFO - Starting attempt 1 of 1
[2022-04-13 21:22:30,616] {taskinstance.py:1240} INFO - 
--------------------------------------------------------------------------------
[2022-04-13 21:22:30,699] {taskinstance.py:1259} INFO - Executing <Task(BashOperator): ingest> on 2021-05-02 06:00:52+00:00
[2022-04-13 21:22:30,705] {standard_task_runner.py:52} INFO - Started process 3193 to run task
[2022-04-13 21:22:30,745] {standard_task_runner.py:76} INFO - Running: ['***', 'tasks', 'run', 'LocalIngestionDAG', 'ingest', 'scheduled__2021-05-02T06:00:52+00:00', '--job-id', '709', '--raw', '--subdir', 'DAGS_FOLDER/data_ingestion_local.py', '--cfg-path', '/tmp/tmp4kjen5dh', '--error-file', '/tmp/tmpno8zluhh']
[2022-04-13 21:22:30,763] {standard_task_runner.py:77} INFO - Job 709: Subtask ingest
[2022-04-13 21:22:30,947] {logging_mixin.py:109} INFO - Running <TaskInstance: LocalIngestionDAG.ingest scheduled__2021-05-02T06:00:52+00:00 [running]> on host 13db72185839
[2022-04-13 21:22:31,071] {taskinstance.py:1426} INFO - Exporting the following env vars:
AIRFLOW_CTX_DAG_OWNER=***
AIRFLOW_CTX_DAG_ID=LocalIngestionDAG
AIRFLOW_CTX_TASK_ID=ingest
AIRFLOW_CTX_EXECUTION_DATE=2021-05-02T06:00:52+00:00
AIRFLOW_CTX_DAG_RUN_ID=scheduled__2021-05-02T06:00:52+00:00
[2022-04-13 21:22:31,073] {subprocess.py:62} INFO - Tmp dir root location: 
 /tmp
[2022-04-13 21:22:31,074] {subprocess.py:74} INFO - Running command: ['bash', '-c', 'pwd']
[2022-04-13 21:22:31,083] {subprocess.py:85} INFO - Output:
[2022-04-13 21:22:31,086] {subprocess.py:89} INFO - /tmp/***tmpzutu7y7_
[2022-04-13 21:22:31,088] {subprocess.py:93} INFO - Command exited with return code 0
[2022-04-13 21:22:31,136] {taskinstance.py:1277} INFO - Marking task as SUCCESS. dag_id=LocalIngestionDAG, task_id=ingest, execution_date=20210502T060052, start_date=20220413T212230, end_date=20220413T212231
[2022-04-13 21:22:31,225] {local_task_job.py:154} INFO - Task exited with return code 0
[2022-04-13 21:22:31,318] {local_task_job.py:264} INFO - 0 downstream tasks scheduled from follow-on schedule check
