[2022-04-13 21:21:53,644] {taskinstance.py:1032} INFO - Dependencies all met for <TaskInstance: LocalIngestionDAG.ingest scheduled__2021-05-02T06:00:16+00:00 [queued]>
[2022-04-13 21:21:53,672] {taskinstance.py:1032} INFO - Dependencies all met for <TaskInstance: LocalIngestionDAG.ingest scheduled__2021-05-02T06:00:16+00:00 [queued]>
[2022-04-13 21:21:53,673] {taskinstance.py:1238} INFO - 
--------------------------------------------------------------------------------
[2022-04-13 21:21:53,674] {taskinstance.py:1239} INFO - Starting attempt 1 of 1
[2022-04-13 21:21:53,675] {taskinstance.py:1240} INFO - 
--------------------------------------------------------------------------------
[2022-04-13 21:21:53,702] {taskinstance.py:1259} INFO - Executing <Task(BashOperator): ingest> on 2021-05-02 06:00:16+00:00
[2022-04-13 21:21:53,711] {standard_task_runner.py:52} INFO - Started process 2934 to run task
[2022-04-13 21:21:53,717] {standard_task_runner.py:76} INFO - Running: ['***', 'tasks', 'run', 'LocalIngestionDAG', 'ingest', 'scheduled__2021-05-02T06:00:16+00:00', '--job-id', '634', '--raw', '--subdir', 'DAGS_FOLDER/data_ingestion_local.py', '--cfg-path', '/tmp/tmp620nx9on', '--error-file', '/tmp/tmpev5jzx99']
[2022-04-13 21:21:53,718] {standard_task_runner.py:77} INFO - Job 634: Subtask ingest
[2022-04-13 21:21:53,860] {logging_mixin.py:109} INFO - Running <TaskInstance: LocalIngestionDAG.ingest scheduled__2021-05-02T06:00:16+00:00 [running]> on host 13db72185839
[2022-04-13 21:21:53,975] {taskinstance.py:1426} INFO - Exporting the following env vars:
AIRFLOW_CTX_DAG_OWNER=***
AIRFLOW_CTX_DAG_ID=LocalIngestionDAG
AIRFLOW_CTX_TASK_ID=ingest
AIRFLOW_CTX_EXECUTION_DATE=2021-05-02T06:00:16+00:00
AIRFLOW_CTX_DAG_RUN_ID=scheduled__2021-05-02T06:00:16+00:00
[2022-04-13 21:21:53,976] {subprocess.py:62} INFO - Tmp dir root location: 
 /tmp
[2022-04-13 21:21:53,977] {subprocess.py:74} INFO - Running command: ['bash', '-c', 'pwd']
[2022-04-13 21:21:53,986] {subprocess.py:85} INFO - Output:
[2022-04-13 21:21:53,992] {subprocess.py:89} INFO - /tmp/***tmpjlnn40a7
[2022-04-13 21:21:53,993] {subprocess.py:93} INFO - Command exited with return code 0
[2022-04-13 21:21:54,047] {taskinstance.py:1277} INFO - Marking task as SUCCESS. dag_id=LocalIngestionDAG, task_id=ingest, execution_date=20210502T060016, start_date=20220413T212153, end_date=20220413T212154
[2022-04-13 21:21:54,090] {local_task_job.py:154} INFO - Task exited with return code 0
[2022-04-13 21:21:54,243] {local_task_job.py:264} INFO - 0 downstream tasks scheduled from follow-on schedule check
