[2022-04-13 21:15:53,558] {taskinstance.py:1032} INFO - Dependencies all met for <TaskInstance: LocalIngestionDAG.wget scheduled__2021-01-02T06:00:21+00:00 [queued]>
[2022-04-13 21:15:53,601] {taskinstance.py:1032} INFO - Dependencies all met for <TaskInstance: LocalIngestionDAG.wget scheduled__2021-01-02T06:00:21+00:00 [queued]>
[2022-04-13 21:15:53,602] {taskinstance.py:1238} INFO - 
--------------------------------------------------------------------------------
[2022-04-13 21:15:53,605] {taskinstance.py:1239} INFO - Starting attempt 1 of 1
[2022-04-13 21:15:53,606] {taskinstance.py:1240} INFO - 
--------------------------------------------------------------------------------
[2022-04-13 21:15:53,639] {taskinstance.py:1259} INFO - Executing <Task(BashOperator): wget> on 2021-01-02 06:00:21+00:00
[2022-04-13 21:15:53,647] {standard_task_runner.py:52} INFO - Started process 1193 to run task
[2022-04-13 21:15:53,658] {standard_task_runner.py:76} INFO - Running: ['***', 'tasks', 'run', 'LocalIngestionDAG', 'wget', 'scheduled__2021-01-02T06:00:21+00:00', '--job-id', '160', '--raw', '--subdir', 'DAGS_FOLDER/data_ingestion_local.py', '--cfg-path', '/tmp/tmpubbtner6', '--error-file', '/tmp/tmpwhr5jzfn']
[2022-04-13 21:15:53,661] {standard_task_runner.py:77} INFO - Job 160: Subtask wget
[2022-04-13 21:15:53,759] {logging_mixin.py:109} INFO - Running <TaskInstance: LocalIngestionDAG.wget scheduled__2021-01-02T06:00:21+00:00 [running]> on host 13db72185839
[2022-04-13 21:15:53,919] {taskinstance.py:1426} INFO - Exporting the following env vars:
AIRFLOW_CTX_DAG_OWNER=***
AIRFLOW_CTX_DAG_ID=LocalIngestionDAG
AIRFLOW_CTX_TASK_ID=wget
AIRFLOW_CTX_EXECUTION_DATE=2021-01-02T06:00:21+00:00
AIRFLOW_CTX_DAG_RUN_ID=scheduled__2021-01-02T06:00:21+00:00
[2022-04-13 21:15:53,925] {subprocess.py:62} INFO - Tmp dir root location: 
 /tmp
[2022-04-13 21:15:53,929] {subprocess.py:74} INFO - Running command: ['bash', '-c', 'echo "hello world"']
[2022-04-13 21:15:53,950] {subprocess.py:85} INFO - Output:
[2022-04-13 21:15:53,955] {subprocess.py:89} INFO - hello world
[2022-04-13 21:15:53,956] {subprocess.py:93} INFO - Command exited with return code 0
[2022-04-13 21:15:54,050] {taskinstance.py:1277} INFO - Marking task as SUCCESS. dag_id=LocalIngestionDAG, task_id=wget, execution_date=20210102T060021, start_date=20220413T211553, end_date=20220413T211554
[2022-04-13 21:15:54,111] {local_task_job.py:154} INFO - Task exited with return code 0
[2022-04-13 21:15:54,183] {local_task_job.py:264} INFO - 1 downstream tasks scheduled from follow-on schedule check
