[2022-04-13 21:54:09,322] {taskinstance.py:1032} INFO - Dependencies all met for <TaskInstance: LocalIngestionDAG.ingest scheduled__2021-10-02T06:00:58+00:00 [queued]>
[2022-04-13 21:54:09,345] {taskinstance.py:1032} INFO - Dependencies all met for <TaskInstance: LocalIngestionDAG.ingest scheduled__2021-10-02T06:00:58+00:00 [queued]>
[2022-04-13 21:54:09,346] {taskinstance.py:1238} INFO - 
--------------------------------------------------------------------------------
[2022-04-13 21:54:09,347] {taskinstance.py:1239} INFO - Starting attempt 1 of 1
[2022-04-13 21:54:09,347] {taskinstance.py:1240} INFO - 
--------------------------------------------------------------------------------
[2022-04-13 21:54:09,391] {taskinstance.py:1259} INFO - Executing <Task(BashOperator): ingest> on 2021-10-02 06:00:58+00:00
[2022-04-13 21:54:09,400] {standard_task_runner.py:52} INFO - Started process 6795 to run task
[2022-04-13 21:54:09,418] {standard_task_runner.py:76} INFO - Running: ['***', 'tasks', 'run', 'LocalIngestionDAG', 'ingest', 'scheduled__2021-10-02T06:00:58+00:00', '--job-id', '1329', '--raw', '--subdir', 'DAGS_FOLDER/data_ingestion_local.py', '--cfg-path', '/tmp/tmpd7gzbmox', '--error-file', '/tmp/tmpvkl94yx2']
[2022-04-13 21:54:09,423] {standard_task_runner.py:77} INFO - Job 1329: Subtask ingest
[2022-04-13 21:54:09,720] {logging_mixin.py:109} INFO - Running <TaskInstance: LocalIngestionDAG.ingest scheduled__2021-10-02T06:00:58+00:00 [running]> on host 13db72185839
[2022-04-13 21:54:09,875] {taskinstance.py:1426} INFO - Exporting the following env vars:
AIRFLOW_CTX_DAG_OWNER=***
AIRFLOW_CTX_DAG_ID=LocalIngestionDAG
AIRFLOW_CTX_TASK_ID=ingest
AIRFLOW_CTX_EXECUTION_DATE=2021-10-02T06:00:58+00:00
AIRFLOW_CTX_DAG_RUN_ID=scheduled__2021-10-02T06:00:58+00:00
[2022-04-13 21:54:09,877] {subprocess.py:62} INFO - Tmp dir root location: 
 /tmp
[2022-04-13 21:54:09,882] {subprocess.py:74} INFO - Running command: ['bash', '-c', 'ls /opt/***']
[2022-04-13 21:54:09,908] {subprocess.py:85} INFO - Output:
[2022-04-13 21:54:09,915] {subprocess.py:89} INFO - ***.cfg
[2022-04-13 21:54:09,918] {subprocess.py:89} INFO - dags
[2022-04-13 21:54:09,921] {subprocess.py:89} INFO - logs
[2022-04-13 21:54:09,922] {subprocess.py:89} INFO - output.csv
[2022-04-13 21:54:09,924] {subprocess.py:89} INFO - plugins
[2022-04-13 21:54:09,925] {subprocess.py:89} INFO - requirements.txt
[2022-04-13 21:54:09,926] {subprocess.py:89} INFO - scripts
[2022-04-13 21:54:09,937] {subprocess.py:89} INFO - webserver_config.py
[2022-04-13 21:54:09,950] {subprocess.py:93} INFO - Command exited with return code 0
[2022-04-13 21:54:10,044] {taskinstance.py:1277} INFO - Marking task as SUCCESS. dag_id=LocalIngestionDAG, task_id=ingest, execution_date=20211002T060058, start_date=20220413T215409, end_date=20220413T215410
[2022-04-13 21:54:10,113] {local_task_job.py:154} INFO - Task exited with return code 0
[2022-04-13 21:54:10,188] {local_task_job.py:264} INFO - 0 downstream tasks scheduled from follow-on schedule check
