[2022-04-13 21:24:48,264] {taskinstance.py:1032} INFO - Dependencies all met for <TaskInstance: LocalIngestionDAG.ingest scheduled__2021-08-02T06:00:03+00:00 [queued]>
[2022-04-13 21:24:48,307] {taskinstance.py:1032} INFO - Dependencies all met for <TaskInstance: LocalIngestionDAG.ingest scheduled__2021-08-02T06:00:03+00:00 [queued]>
[2022-04-13 21:24:48,310] {taskinstance.py:1238} INFO - 
--------------------------------------------------------------------------------
[2022-04-13 21:24:48,312] {taskinstance.py:1239} INFO - Starting attempt 1 of 1
[2022-04-13 21:24:48,313] {taskinstance.py:1240} INFO - 
--------------------------------------------------------------------------------
[2022-04-13 21:24:48,386] {taskinstance.py:1259} INFO - Executing <Task(BashOperator): ingest> on 2021-08-02 06:00:03+00:00
[2022-04-13 21:24:48,405] {standard_task_runner.py:52} INFO - Started process 4081 to run task
[2022-04-13 21:24:48,422] {standard_task_runner.py:76} INFO - Running: ['***', 'tasks', 'run', 'LocalIngestionDAG', 'ingest', 'scheduled__2021-08-02T06:00:03+00:00', '--job-id', '973', '--raw', '--subdir', 'DAGS_FOLDER/data_ingestion_local.py', '--cfg-path', '/tmp/tmpddlrj8zm', '--error-file', '/tmp/tmpe8c_hdkc']
[2022-04-13 21:24:48,426] {standard_task_runner.py:77} INFO - Job 973: Subtask ingest
[2022-04-13 21:24:48,618] {logging_mixin.py:109} INFO - Running <TaskInstance: LocalIngestionDAG.ingest scheduled__2021-08-02T06:00:03+00:00 [running]> on host 13db72185839
[2022-04-13 21:24:48,858] {taskinstance.py:1426} INFO - Exporting the following env vars:
AIRFLOW_CTX_DAG_OWNER=***
AIRFLOW_CTX_DAG_ID=LocalIngestionDAG
AIRFLOW_CTX_TASK_ID=ingest
AIRFLOW_CTX_EXECUTION_DATE=2021-08-02T06:00:03+00:00
AIRFLOW_CTX_DAG_RUN_ID=scheduled__2021-08-02T06:00:03+00:00
[2022-04-13 21:24:48,861] {subprocess.py:62} INFO - Tmp dir root location: 
 /tmp
[2022-04-13 21:24:48,867] {subprocess.py:74} INFO - Running command: ['bash', '-c', 'pwd']
[2022-04-13 21:24:48,896] {subprocess.py:85} INFO - Output:
[2022-04-13 21:24:48,900] {subprocess.py:89} INFO - /tmp/***tmp2loi4wl6
[2022-04-13 21:24:48,902] {subprocess.py:93} INFO - Command exited with return code 0
[2022-04-13 21:24:48,981] {taskinstance.py:1277} INFO - Marking task as SUCCESS. dag_id=LocalIngestionDAG, task_id=ingest, execution_date=20210802T060003, start_date=20220413T212448, end_date=20220413T212448
[2022-04-13 21:24:49,053] {local_task_job.py:154} INFO - Task exited with return code 0
[2022-04-13 21:24:49,132] {local_task_job.py:264} INFO - 0 downstream tasks scheduled from follow-on schedule check
