[2022-04-13 21:24:36,931] {taskinstance.py:1032} INFO - Dependencies all met for <TaskInstance: LocalIngestionDAG.ingest scheduled__2021-07-02T06:00:52+00:00 [queued]>
[2022-04-13 21:24:36,973] {taskinstance.py:1032} INFO - Dependencies all met for <TaskInstance: LocalIngestionDAG.ingest scheduled__2021-07-02T06:00:52+00:00 [queued]>
[2022-04-13 21:24:36,976] {taskinstance.py:1238} INFO - 
--------------------------------------------------------------------------------
[2022-04-13 21:24:36,980] {taskinstance.py:1239} INFO - Starting attempt 1 of 1
[2022-04-13 21:24:36,981] {taskinstance.py:1240} INFO - 
--------------------------------------------------------------------------------
[2022-04-13 21:24:37,030] {taskinstance.py:1259} INFO - Executing <Task(BashOperator): ingest> on 2021-07-02 06:00:52+00:00
[2022-04-13 21:24:37,053] {standard_task_runner.py:52} INFO - Started process 4011 to run task
[2022-04-13 21:24:37,066] {standard_task_runner.py:76} INFO - Running: ['***', 'tasks', 'run', 'LocalIngestionDAG', 'ingest', 'scheduled__2021-07-02T06:00:52+00:00', '--job-id', '950', '--raw', '--subdir', 'DAGS_FOLDER/data_ingestion_local.py', '--cfg-path', '/tmp/tmpq7shgq0o', '--error-file', '/tmp/tmpom4_2wsh']
[2022-04-13 21:24:37,069] {standard_task_runner.py:77} INFO - Job 950: Subtask ingest
[2022-04-13 21:24:37,258] {logging_mixin.py:109} INFO - Running <TaskInstance: LocalIngestionDAG.ingest scheduled__2021-07-02T06:00:52+00:00 [running]> on host 13db72185839
[2022-04-13 21:24:37,557] {taskinstance.py:1426} INFO - Exporting the following env vars:
AIRFLOW_CTX_DAG_OWNER=***
AIRFLOW_CTX_DAG_ID=LocalIngestionDAG
AIRFLOW_CTX_TASK_ID=ingest
AIRFLOW_CTX_EXECUTION_DATE=2021-07-02T06:00:52+00:00
AIRFLOW_CTX_DAG_RUN_ID=scheduled__2021-07-02T06:00:52+00:00
[2022-04-13 21:24:37,561] {subprocess.py:62} INFO - Tmp dir root location: 
 /tmp
[2022-04-13 21:24:37,564] {subprocess.py:74} INFO - Running command: ['bash', '-c', 'pwd']
[2022-04-13 21:24:37,593] {subprocess.py:85} INFO - Output:
[2022-04-13 21:24:37,599] {subprocess.py:89} INFO - /tmp/***tmpu2zf7lge
[2022-04-13 21:24:37,600] {subprocess.py:93} INFO - Command exited with return code 0
[2022-04-13 21:24:37,951] {taskinstance.py:1277} INFO - Marking task as SUCCESS. dag_id=LocalIngestionDAG, task_id=ingest, execution_date=20210702T060052, start_date=20220413T212436, end_date=20220413T212437
[2022-04-13 21:24:38,025] {local_task_job.py:154} INFO - Task exited with return code 0
[2022-04-13 21:24:38,277] {local_task_job.py:264} INFO - 0 downstream tasks scheduled from follow-on schedule check
