[2022-04-13 21:21:06,256] {taskinstance.py:1032} INFO - Dependencies all met for <TaskInstance: LocalIngestionDAG.wget scheduled__2021-04-02T06:00:31+00:00 [queued]>
[2022-04-13 21:21:06,285] {taskinstance.py:1032} INFO - Dependencies all met for <TaskInstance: LocalIngestionDAG.wget scheduled__2021-04-02T06:00:31+00:00 [queued]>
[2022-04-13 21:21:06,286] {taskinstance.py:1238} INFO - 
--------------------------------------------------------------------------------
[2022-04-13 21:21:06,287] {taskinstance.py:1239} INFO - Starting attempt 1 of 1
[2022-04-13 21:21:06,289] {taskinstance.py:1240} INFO - 
--------------------------------------------------------------------------------
[2022-04-13 21:21:06,354] {taskinstance.py:1259} INFO - Executing <Task(BashOperator): wget> on 2021-04-02 06:00:31+00:00
[2022-04-13 21:21:06,371] {standard_task_runner.py:52} INFO - Started process 2617 to run task
[2022-04-13 21:21:06,379] {standard_task_runner.py:76} INFO - Running: ['***', 'tasks', 'run', 'LocalIngestionDAG', 'wget', 'scheduled__2021-04-02T06:00:31+00:00', '--job-id', '540', '--raw', '--subdir', 'DAGS_FOLDER/data_ingestion_local.py', '--cfg-path', '/tmp/tmpv01q28uk', '--error-file', '/tmp/tmptsh41n59']
[2022-04-13 21:21:06,395] {standard_task_runner.py:77} INFO - Job 540: Subtask wget
[2022-04-13 21:21:06,609] {logging_mixin.py:109} INFO - Running <TaskInstance: LocalIngestionDAG.wget scheduled__2021-04-02T06:00:31+00:00 [running]> on host 13db72185839
[2022-04-13 21:21:06,816] {taskinstance.py:1426} INFO - Exporting the following env vars:
AIRFLOW_CTX_DAG_OWNER=***
AIRFLOW_CTX_DAG_ID=LocalIngestionDAG
AIRFLOW_CTX_TASK_ID=wget
AIRFLOW_CTX_EXECUTION_DATE=2021-04-02T06:00:31+00:00
AIRFLOW_CTX_DAG_RUN_ID=scheduled__2021-04-02T06:00:31+00:00
[2022-04-13 21:21:06,822] {subprocess.py:62} INFO - Tmp dir root location: 
 /tmp
[2022-04-13 21:21:06,837] {subprocess.py:74} INFO - Running command: ['bash', '-c', 'echo "hello world"']
[2022-04-13 21:21:06,895] {subprocess.py:85} INFO - Output:
[2022-04-13 21:21:06,917] {subprocess.py:89} INFO - hello world
[2022-04-13 21:21:06,964] {subprocess.py:93} INFO - Command exited with return code 0
[2022-04-13 21:21:07,160] {taskinstance.py:1277} INFO - Marking task as SUCCESS. dag_id=LocalIngestionDAG, task_id=wget, execution_date=20210402T060031, start_date=20220413T212106, end_date=20220413T212107
[2022-04-13 21:21:07,286] {local_task_job.py:154} INFO - Task exited with return code 0
[2022-04-13 21:21:07,768] {local_task_job.py:264} INFO - 0 downstream tasks scheduled from follow-on schedule check
