[2022-04-13 21:53:56,347] {taskinstance.py:1032} INFO - Dependencies all met for <TaskInstance: LocalIngestionDAG.ingest scheduled__2021-11-02T06:00:03+00:00 [queued]>
[2022-04-13 21:53:56,373] {taskinstance.py:1032} INFO - Dependencies all met for <TaskInstance: LocalIngestionDAG.ingest scheduled__2021-11-02T06:00:03+00:00 [queued]>
[2022-04-13 21:53:56,373] {taskinstance.py:1238} INFO - 
--------------------------------------------------------------------------------
[2022-04-13 21:53:56,374] {taskinstance.py:1239} INFO - Starting attempt 1 of 1
[2022-04-13 21:53:56,374] {taskinstance.py:1240} INFO - 
--------------------------------------------------------------------------------
[2022-04-13 21:53:56,406] {taskinstance.py:1259} INFO - Executing <Task(BashOperator): ingest> on 2021-11-02 06:00:03+00:00
[2022-04-13 21:53:56,414] {standard_task_runner.py:52} INFO - Started process 6785 to run task
[2022-04-13 21:53:56,422] {standard_task_runner.py:76} INFO - Running: ['***', 'tasks', 'run', 'LocalIngestionDAG', 'ingest', 'scheduled__2021-11-02T06:00:03+00:00', '--job-id', '1327', '--raw', '--subdir', 'DAGS_FOLDER/data_ingestion_local.py', '--cfg-path', '/tmp/tmpnbltfs0a', '--error-file', '/tmp/tmp7g9a37kr']
[2022-04-13 21:53:56,424] {standard_task_runner.py:77} INFO - Job 1327: Subtask ingest
[2022-04-13 21:53:56,548] {logging_mixin.py:109} INFO - Running <TaskInstance: LocalIngestionDAG.ingest scheduled__2021-11-02T06:00:03+00:00 [running]> on host 13db72185839
[2022-04-13 21:53:56,679] {taskinstance.py:1426} INFO - Exporting the following env vars:
AIRFLOW_CTX_DAG_OWNER=***
AIRFLOW_CTX_DAG_ID=LocalIngestionDAG
AIRFLOW_CTX_TASK_ID=ingest
AIRFLOW_CTX_EXECUTION_DATE=2021-11-02T06:00:03+00:00
AIRFLOW_CTX_DAG_RUN_ID=scheduled__2021-11-02T06:00:03+00:00
[2022-04-13 21:53:56,681] {subprocess.py:62} INFO - Tmp dir root location: 
 /tmp
[2022-04-13 21:53:56,686] {subprocess.py:74} INFO - Running command: ['bash', '-c', 'ls /opt/***']
[2022-04-13 21:53:56,699] {subprocess.py:85} INFO - Output:
[2022-04-13 21:53:56,713] {subprocess.py:89} INFO - ***.cfg
[2022-04-13 21:53:56,714] {subprocess.py:89} INFO - dags
[2022-04-13 21:53:56,715] {subprocess.py:89} INFO - logs
[2022-04-13 21:53:56,715] {subprocess.py:89} INFO - output.csv
[2022-04-13 21:53:56,715] {subprocess.py:89} INFO - plugins
[2022-04-13 21:53:56,716] {subprocess.py:89} INFO - requirements.txt
[2022-04-13 21:53:56,716] {subprocess.py:89} INFO - scripts
[2022-04-13 21:53:56,717] {subprocess.py:89} INFO - webserver_config.py
[2022-04-13 21:53:56,718] {subprocess.py:93} INFO - Command exited with return code 0
[2022-04-13 21:53:56,766] {taskinstance.py:1277} INFO - Marking task as SUCCESS. dag_id=LocalIngestionDAG, task_id=ingest, execution_date=20211102T060003, start_date=20220413T215356, end_date=20220413T215356
[2022-04-13 21:53:56,836] {local_task_job.py:154} INFO - Task exited with return code 0
[2022-04-13 21:53:56,888] {local_task_job.py:264} INFO - 0 downstream tasks scheduled from follow-on schedule check
