[2022-04-13 21:27:38,546] {taskinstance.py:1032} INFO - Dependencies all met for <TaskInstance: LocalIngestionDAG.ingest scheduled__2021-10-02T06:00:24+00:00 [queued]>
[2022-04-13 21:27:38,612] {taskinstance.py:1032} INFO - Dependencies all met for <TaskInstance: LocalIngestionDAG.ingest scheduled__2021-10-02T06:00:24+00:00 [queued]>
[2022-04-13 21:27:38,614] {taskinstance.py:1238} INFO - 
--------------------------------------------------------------------------------
[2022-04-13 21:27:38,618] {taskinstance.py:1239} INFO - Starting attempt 1 of 1
[2022-04-13 21:27:38,620] {taskinstance.py:1240} INFO - 
--------------------------------------------------------------------------------
[2022-04-13 21:27:38,731] {taskinstance.py:1259} INFO - Executing <Task(BashOperator): ingest> on 2021-10-02 06:00:24+00:00
[2022-04-13 21:27:38,755] {standard_task_runner.py:52} INFO - Started process 5054 to run task
[2022-04-13 21:27:38,775] {standard_task_runner.py:76} INFO - Running: ['***', 'tasks', 'run', 'LocalIngestionDAG', 'ingest', 'scheduled__2021-10-02T06:00:24+00:00', '--job-id', '1253', '--raw', '--subdir', 'DAGS_FOLDER/data_ingestion_local.py', '--cfg-path', '/tmp/tmph1fdvkqn', '--error-file', '/tmp/tmpexdp9nxb']
[2022-04-13 21:27:38,801] {standard_task_runner.py:77} INFO - Job 1253: Subtask ingest
[2022-04-13 21:27:39,001] {logging_mixin.py:109} INFO - Running <TaskInstance: LocalIngestionDAG.ingest scheduled__2021-10-02T06:00:24+00:00 [running]> on host 13db72185839
[2022-04-13 21:27:39,254] {taskinstance.py:1426} INFO - Exporting the following env vars:
AIRFLOW_CTX_DAG_OWNER=***
AIRFLOW_CTX_DAG_ID=LocalIngestionDAG
AIRFLOW_CTX_TASK_ID=ingest
AIRFLOW_CTX_EXECUTION_DATE=2021-10-02T06:00:24+00:00
AIRFLOW_CTX_DAG_RUN_ID=scheduled__2021-10-02T06:00:24+00:00
[2022-04-13 21:27:39,273] {subprocess.py:62} INFO - Tmp dir root location: 
 /tmp
[2022-04-13 21:27:39,299] {subprocess.py:74} INFO - Running command: ['bash', '-c', 'pwd']
[2022-04-13 21:27:39,345] {subprocess.py:85} INFO - Output:
[2022-04-13 21:27:39,352] {subprocess.py:89} INFO - /tmp/***tmpcp2ygni2
[2022-04-13 21:27:39,356] {subprocess.py:93} INFO - Command exited with return code 0
[2022-04-13 21:27:40,018] {taskinstance.py:1277} INFO - Marking task as SUCCESS. dag_id=LocalIngestionDAG, task_id=ingest, execution_date=20211002T060024, start_date=20220413T212738, end_date=20220413T212740
[2022-04-13 21:27:40,064] {local_task_job.py:154} INFO - Task exited with return code 0
[2022-04-13 21:27:40,269] {local_task_job.py:264} INFO - 0 downstream tasks scheduled from follow-on schedule check
