[2022-04-13 21:16:55,266] {taskinstance.py:1032} INFO - Dependencies all met for <TaskInstance: LocalIngestionDAG.wget scheduled__2021-02-02T06:00:34+00:00 [queued]>
[2022-04-13 21:16:55,290] {taskinstance.py:1032} INFO - Dependencies all met for <TaskInstance: LocalIngestionDAG.wget scheduled__2021-02-02T06:00:34+00:00 [queued]>
[2022-04-13 21:16:55,292] {taskinstance.py:1238} INFO - 
--------------------------------------------------------------------------------
[2022-04-13 21:16:55,293] {taskinstance.py:1239} INFO - Starting attempt 1 of 1
[2022-04-13 21:16:55,294] {taskinstance.py:1240} INFO - 
--------------------------------------------------------------------------------
[2022-04-13 21:16:55,334] {taskinstance.py:1259} INFO - Executing <Task(BashOperator): wget> on 2021-02-02 06:00:34+00:00
[2022-04-13 21:16:55,346] {standard_task_runner.py:52} INFO - Started process 1689 to run task
[2022-04-13 21:16:55,351] {standard_task_runner.py:76} INFO - Running: ['***', 'tasks', 'run', 'LocalIngestionDAG', 'wget', 'scheduled__2021-02-02T06:00:34+00:00', '--job-id', '306', '--raw', '--subdir', 'DAGS_FOLDER/data_ingestion_local.py', '--cfg-path', '/tmp/tmp9xu1l72p', '--error-file', '/tmp/tmpt7wnkpgb']
[2022-04-13 21:16:55,394] {standard_task_runner.py:77} INFO - Job 306: Subtask wget
[2022-04-13 21:16:55,577] {logging_mixin.py:109} INFO - Running <TaskInstance: LocalIngestionDAG.wget scheduled__2021-02-02T06:00:34+00:00 [running]> on host 13db72185839
[2022-04-13 21:16:55,712] {taskinstance.py:1426} INFO - Exporting the following env vars:
AIRFLOW_CTX_DAG_OWNER=***
AIRFLOW_CTX_DAG_ID=LocalIngestionDAG
AIRFLOW_CTX_TASK_ID=wget
AIRFLOW_CTX_EXECUTION_DATE=2021-02-02T06:00:34+00:00
AIRFLOW_CTX_DAG_RUN_ID=scheduled__2021-02-02T06:00:34+00:00
[2022-04-13 21:16:55,714] {subprocess.py:62} INFO - Tmp dir root location: 
 /tmp
[2022-04-13 21:16:55,715] {subprocess.py:74} INFO - Running command: ['bash', '-c', 'echo "hello world"']
[2022-04-13 21:16:55,728] {subprocess.py:85} INFO - Output:
[2022-04-13 21:16:55,731] {subprocess.py:89} INFO - hello world
[2022-04-13 21:16:55,732] {subprocess.py:93} INFO - Command exited with return code 0
[2022-04-13 21:16:55,773] {taskinstance.py:1277} INFO - Marking task as SUCCESS. dag_id=LocalIngestionDAG, task_id=wget, execution_date=20210202T060034, start_date=20220413T211655, end_date=20220413T211655
[2022-04-13 21:16:55,814] {local_task_job.py:154} INFO - Task exited with return code 0
[2022-04-13 21:16:55,868] {local_task_job.py:264} INFO - 1 downstream tasks scheduled from follow-on schedule check
