[2022-04-13 22:35:40,975] {taskinstance.py:1032} INFO - Dependencies all met for <TaskInstance: LocalIngestionDAG.ingest scheduled__2022-04-02T06:00:00+00:00 [queued]>
[2022-04-13 22:35:41,002] {taskinstance.py:1032} INFO - Dependencies all met for <TaskInstance: LocalIngestionDAG.ingest scheduled__2022-04-02T06:00:00+00:00 [queued]>
[2022-04-13 22:35:41,003] {taskinstance.py:1238} INFO - 
--------------------------------------------------------------------------------
[2022-04-13 22:35:41,004] {taskinstance.py:1239} INFO - Starting attempt 1 of 1
[2022-04-13 22:35:41,005] {taskinstance.py:1240} INFO - 
--------------------------------------------------------------------------------
[2022-04-13 22:35:41,046] {taskinstance.py:1259} INFO - Executing <Task(BashOperator): ingest> on 2022-04-02 06:00:00+00:00
[2022-04-13 22:35:41,059] {standard_task_runner.py:52} INFO - Started process 11087 to run task
[2022-04-13 22:35:41,074] {standard_task_runner.py:76} INFO - Running: ['***', 'tasks', 'run', 'LocalIngestionDAG', 'ingest', 'scheduled__2022-04-02T06:00:00+00:00', '--job-id', '1900', '--raw', '--subdir', 'DAGS_FOLDER/data_ingestion_local.py', '--cfg-path', '/tmp/tmp3t340qro', '--error-file', '/tmp/tmp9pizdv9_']
[2022-04-13 22:35:41,078] {standard_task_runner.py:77} INFO - Job 1900: Subtask ingest
[2022-04-13 22:35:41,479] {logging_mixin.py:109} INFO - Running <TaskInstance: LocalIngestionDAG.ingest scheduled__2022-04-02T06:00:00+00:00 [running]> on host 13db72185839
[2022-04-13 22:35:41,784] {taskinstance.py:1426} INFO - Exporting the following env vars:
AIRFLOW_CTX_DAG_OWNER=***
AIRFLOW_CTX_DAG_ID=LocalIngestionDAG
AIRFLOW_CTX_TASK_ID=ingest
AIRFLOW_CTX_EXECUTION_DATE=2022-04-02T06:00:00+00:00
AIRFLOW_CTX_DAG_RUN_ID=scheduled__2022-04-02T06:00:00+00:00
[2022-04-13 22:35:41,786] {subprocess.py:62} INFO - Tmp dir root location: 
 /tmp
[2022-04-13 22:35:41,791] {subprocess.py:74} INFO - Running command: ['bash', '-c', 'ls /opt/***']
[2022-04-13 22:35:41,809] {subprocess.py:85} INFO - Output:
[2022-04-13 22:35:41,816] {subprocess.py:89} INFO - ***.cfg
[2022-04-13 22:35:41,817] {subprocess.py:89} INFO - dags
[2022-04-13 22:35:41,818] {subprocess.py:89} INFO - logs
[2022-04-13 22:35:41,818] {subprocess.py:89} INFO - output.csv
[2022-04-13 22:35:41,821] {subprocess.py:89} INFO - output_2022-03.csv
[2022-04-13 22:35:41,822] {subprocess.py:89} INFO - output_2022-04.csv
[2022-04-13 22:35:41,824] {subprocess.py:89} INFO - plugins
[2022-04-13 22:35:41,827] {subprocess.py:89} INFO - requirements.txt
[2022-04-13 22:35:41,828] {subprocess.py:89} INFO - scripts
[2022-04-13 22:35:41,831] {subprocess.py:89} INFO - webserver_config.py
[2022-04-13 22:35:41,835] {subprocess.py:93} INFO - Command exited with return code 0
[2022-04-13 22:35:42,019] {taskinstance.py:1277} INFO - Marking task as SUCCESS. dag_id=LocalIngestionDAG, task_id=ingest, execution_date=20220402T060000, start_date=20220413T223540, end_date=20220413T223542
[2022-04-13 22:35:42,083] {local_task_job.py:154} INFO - Task exited with return code 0
[2022-04-13 22:35:42,315] {local_task_job.py:264} INFO - 0 downstream tasks scheduled from follow-on schedule check
