[2022-04-13 21:25:58,800] {taskinstance.py:1032} INFO - Dependencies all met for <TaskInstance: LocalIngestionDAG.wget scheduled__2021-09-02T06:00:11+00:00 [queued]>
[2022-04-13 21:25:58,852] {taskinstance.py:1032} INFO - Dependencies all met for <TaskInstance: LocalIngestionDAG.wget scheduled__2021-09-02T06:00:11+00:00 [queued]>
[2022-04-13 21:25:58,870] {taskinstance.py:1238} INFO - 
--------------------------------------------------------------------------------
[2022-04-13 21:25:58,871] {taskinstance.py:1239} INFO - Starting attempt 1 of 1
[2022-04-13 21:25:58,879] {taskinstance.py:1240} INFO - 
--------------------------------------------------------------------------------
[2022-04-13 21:25:58,948] {taskinstance.py:1259} INFO - Executing <Task(BashOperator): wget> on 2021-09-02 06:00:11+00:00
[2022-04-13 21:25:58,964] {standard_task_runner.py:52} INFO - Started process 4525 to run task
[2022-04-13 21:25:58,981] {standard_task_runner.py:76} INFO - Running: ['***', 'tasks', 'run', 'LocalIngestionDAG', 'wget', 'scheduled__2021-09-02T06:00:11+00:00', '--job-id', '1100', '--raw', '--subdir', 'DAGS_FOLDER/data_ingestion_local.py', '--cfg-path', '/tmp/tmpuagj67md', '--error-file', '/tmp/tmp8egvtb9o']
[2022-04-13 21:25:58,994] {standard_task_runner.py:77} INFO - Job 1100: Subtask wget
[2022-04-13 21:25:59,263] {logging_mixin.py:109} INFO - Running <TaskInstance: LocalIngestionDAG.wget scheduled__2021-09-02T06:00:11+00:00 [running]> on host 13db72185839
[2022-04-13 21:25:59,584] {taskinstance.py:1426} INFO - Exporting the following env vars:
AIRFLOW_CTX_DAG_OWNER=***
AIRFLOW_CTX_DAG_ID=LocalIngestionDAG
AIRFLOW_CTX_TASK_ID=wget
AIRFLOW_CTX_EXECUTION_DATE=2021-09-02T06:00:11+00:00
AIRFLOW_CTX_DAG_RUN_ID=scheduled__2021-09-02T06:00:11+00:00
[2022-04-13 21:25:59,595] {subprocess.py:62} INFO - Tmp dir root location: 
 /tmp
[2022-04-13 21:25:59,598] {subprocess.py:74} INFO - Running command: ['bash', '-c', 'echo "hello world"']
[2022-04-13 21:25:59,641] {subprocess.py:85} INFO - Output:
[2022-04-13 21:25:59,647] {subprocess.py:89} INFO - hello world
[2022-04-13 21:25:59,648] {subprocess.py:93} INFO - Command exited with return code 0
[2022-04-13 21:26:00,132] {taskinstance.py:1277} INFO - Marking task as SUCCESS. dag_id=LocalIngestionDAG, task_id=wget, execution_date=20210902T060011, start_date=20220413T212558, end_date=20220413T212600
[2022-04-13 21:26:00,206] {local_task_job.py:154} INFO - Task exited with return code 0
[2022-04-13 21:26:00,398] {local_task_job.py:264} INFO - 1 downstream tasks scheduled from follow-on schedule check
