[2022-04-13 21:24:26,403] {taskinstance.py:1032} INFO - Dependencies all met for <TaskInstance: LocalIngestionDAG.wget scheduled__2021-07-02T06:00:44+00:00 [queued]>
[2022-04-13 21:24:26,454] {taskinstance.py:1032} INFO - Dependencies all met for <TaskInstance: LocalIngestionDAG.wget scheduled__2021-07-02T06:00:44+00:00 [queued]>
[2022-04-13 21:24:26,461] {taskinstance.py:1238} INFO - 
--------------------------------------------------------------------------------
[2022-04-13 21:24:26,464] {taskinstance.py:1239} INFO - Starting attempt 1 of 1
[2022-04-13 21:24:26,468] {taskinstance.py:1240} INFO - 
--------------------------------------------------------------------------------
[2022-04-13 21:24:26,527] {taskinstance.py:1259} INFO - Executing <Task(BashOperator): wget> on 2021-07-02 06:00:44+00:00
[2022-04-13 21:24:26,544] {standard_task_runner.py:52} INFO - Started process 3936 to run task
[2022-04-13 21:24:26,553] {standard_task_runner.py:76} INFO - Running: ['***', 'tasks', 'run', 'LocalIngestionDAG', 'wget', 'scheduled__2021-07-02T06:00:44+00:00', '--job-id', '927', '--raw', '--subdir', 'DAGS_FOLDER/data_ingestion_local.py', '--cfg-path', '/tmp/tmp94_vrdur', '--error-file', '/tmp/tmp11k4dwgm']
[2022-04-13 21:24:26,560] {standard_task_runner.py:77} INFO - Job 927: Subtask wget
[2022-04-13 21:24:26,833] {logging_mixin.py:109} INFO - Running <TaskInstance: LocalIngestionDAG.wget scheduled__2021-07-02T06:00:44+00:00 [running]> on host 13db72185839
[2022-04-13 21:24:27,135] {taskinstance.py:1426} INFO - Exporting the following env vars:
AIRFLOW_CTX_DAG_OWNER=***
AIRFLOW_CTX_DAG_ID=LocalIngestionDAG
AIRFLOW_CTX_TASK_ID=wget
AIRFLOW_CTX_EXECUTION_DATE=2021-07-02T06:00:44+00:00
AIRFLOW_CTX_DAG_RUN_ID=scheduled__2021-07-02T06:00:44+00:00
[2022-04-13 21:24:27,145] {subprocess.py:62} INFO - Tmp dir root location: 
 /tmp
[2022-04-13 21:24:27,170] {subprocess.py:74} INFO - Running command: ['bash', '-c', 'echo "hello world"']
[2022-04-13 21:24:27,225] {subprocess.py:85} INFO - Output:
[2022-04-13 21:24:27,229] {subprocess.py:89} INFO - hello world
[2022-04-13 21:24:27,231] {subprocess.py:93} INFO - Command exited with return code 0
[2022-04-13 21:24:27,368] {taskinstance.py:1277} INFO - Marking task as SUCCESS. dag_id=LocalIngestionDAG, task_id=wget, execution_date=20210702T060044, start_date=20220413T212426, end_date=20220413T212427
[2022-04-13 21:24:27,438] {local_task_job.py:154} INFO - Task exited with return code 0
[2022-04-13 21:24:27,554] {local_task_job.py:264} INFO - 1 downstream tasks scheduled from follow-on schedule check
