[2022-04-13 21:25:16,872] {taskinstance.py:1032} INFO - Dependencies all met for <TaskInstance: LocalIngestionDAG.wget scheduled__2021-08-02T06:00:33+00:00 [queued]>
[2022-04-13 21:25:16,912] {taskinstance.py:1032} INFO - Dependencies all met for <TaskInstance: LocalIngestionDAG.wget scheduled__2021-08-02T06:00:33+00:00 [queued]>
[2022-04-13 21:25:16,914] {taskinstance.py:1238} INFO - 
--------------------------------------------------------------------------------
[2022-04-13 21:25:16,916] {taskinstance.py:1239} INFO - Starting attempt 1 of 1
[2022-04-13 21:25:16,918] {taskinstance.py:1240} INFO - 
--------------------------------------------------------------------------------
[2022-04-13 21:25:16,958] {taskinstance.py:1259} INFO - Executing <Task(BashOperator): wget> on 2021-08-02 06:00:33+00:00
[2022-04-13 21:25:16,970] {standard_task_runner.py:52} INFO - Started process 4259 to run task
[2022-04-13 21:25:16,980] {standard_task_runner.py:76} INFO - Running: ['***', 'tasks', 'run', 'LocalIngestionDAG', 'wget', 'scheduled__2021-08-02T06:00:33+00:00', '--job-id', '1025', '--raw', '--subdir', 'DAGS_FOLDER/data_ingestion_local.py', '--cfg-path', '/tmp/tmpun5bercw', '--error-file', '/tmp/tmpa0184nyt']
[2022-04-13 21:25:16,983] {standard_task_runner.py:77} INFO - Job 1025: Subtask wget
[2022-04-13 21:25:17,155] {logging_mixin.py:109} INFO - Running <TaskInstance: LocalIngestionDAG.wget scheduled__2021-08-02T06:00:33+00:00 [running]> on host 13db72185839
[2022-04-13 21:25:17,311] {taskinstance.py:1426} INFO - Exporting the following env vars:
AIRFLOW_CTX_DAG_OWNER=***
AIRFLOW_CTX_DAG_ID=LocalIngestionDAG
AIRFLOW_CTX_TASK_ID=wget
AIRFLOW_CTX_EXECUTION_DATE=2021-08-02T06:00:33+00:00
AIRFLOW_CTX_DAG_RUN_ID=scheduled__2021-08-02T06:00:33+00:00
[2022-04-13 21:25:17,313] {subprocess.py:62} INFO - Tmp dir root location: 
 /tmp
[2022-04-13 21:25:17,314] {subprocess.py:74} INFO - Running command: ['bash', '-c', 'echo "hello world"']
[2022-04-13 21:25:17,332] {subprocess.py:85} INFO - Output:
[2022-04-13 21:25:17,335] {subprocess.py:89} INFO - hello world
[2022-04-13 21:25:17,336] {subprocess.py:93} INFO - Command exited with return code 0
[2022-04-13 21:25:17,397] {taskinstance.py:1277} INFO - Marking task as SUCCESS. dag_id=LocalIngestionDAG, task_id=wget, execution_date=20210802T060033, start_date=20220413T212516, end_date=20220413T212517
[2022-04-13 21:25:17,473] {local_task_job.py:154} INFO - Task exited with return code 0
[2022-04-13 21:25:17,561] {local_task_job.py:264} INFO - 1 downstream tasks scheduled from follow-on schedule check
