[2022-04-13 21:24:19,102] {taskinstance.py:1032} INFO - Dependencies all met for <TaskInstance: LocalIngestionDAG.wget scheduled__2021-07-02T06:00:36+00:00 [queued]>
[2022-04-13 21:24:19,142] {taskinstance.py:1032} INFO - Dependencies all met for <TaskInstance: LocalIngestionDAG.wget scheduled__2021-07-02T06:00:36+00:00 [queued]>
[2022-04-13 21:24:19,144] {taskinstance.py:1238} INFO - 
--------------------------------------------------------------------------------
[2022-04-13 21:24:19,144] {taskinstance.py:1239} INFO - Starting attempt 1 of 1
[2022-04-13 21:24:19,145] {taskinstance.py:1240} INFO - 
--------------------------------------------------------------------------------
[2022-04-13 21:24:19,228] {taskinstance.py:1259} INFO - Executing <Task(BashOperator): wget> on 2021-07-02 06:00:36+00:00
[2022-04-13 21:24:19,247] {standard_task_runner.py:52} INFO - Started process 3886 to run task
[2022-04-13 21:24:19,268] {standard_task_runner.py:76} INFO - Running: ['***', 'tasks', 'run', 'LocalIngestionDAG', 'wget', 'scheduled__2021-07-02T06:00:36+00:00', '--job-id', '910', '--raw', '--subdir', 'DAGS_FOLDER/data_ingestion_local.py', '--cfg-path', '/tmp/tmp5bxoa7rs', '--error-file', '/tmp/tmps_impnhx']
[2022-04-13 21:24:19,272] {standard_task_runner.py:77} INFO - Job 910: Subtask wget
[2022-04-13 21:24:19,470] {logging_mixin.py:109} INFO - Running <TaskInstance: LocalIngestionDAG.wget scheduled__2021-07-02T06:00:36+00:00 [running]> on host 13db72185839
[2022-04-13 21:24:19,624] {taskinstance.py:1426} INFO - Exporting the following env vars:
AIRFLOW_CTX_DAG_OWNER=***
AIRFLOW_CTX_DAG_ID=LocalIngestionDAG
AIRFLOW_CTX_TASK_ID=wget
AIRFLOW_CTX_EXECUTION_DATE=2021-07-02T06:00:36+00:00
AIRFLOW_CTX_DAG_RUN_ID=scheduled__2021-07-02T06:00:36+00:00
[2022-04-13 21:24:19,627] {subprocess.py:62} INFO - Tmp dir root location: 
 /tmp
[2022-04-13 21:24:19,628] {subprocess.py:74} INFO - Running command: ['bash', '-c', 'echo "hello world"']
[2022-04-13 21:24:19,642] {subprocess.py:85} INFO - Output:
[2022-04-13 21:24:19,645] {subprocess.py:89} INFO - hello world
[2022-04-13 21:24:19,645] {subprocess.py:93} INFO - Command exited with return code 0
[2022-04-13 21:24:19,699] {taskinstance.py:1277} INFO - Marking task as SUCCESS. dag_id=LocalIngestionDAG, task_id=wget, execution_date=20210702T060036, start_date=20220413T212419, end_date=20220413T212419
[2022-04-13 21:24:19,796] {local_task_job.py:154} INFO - Task exited with return code 0
[2022-04-13 21:24:20,003] {local_task_job.py:264} INFO - 1 downstream tasks scheduled from follow-on schedule check
