[2022-04-13 21:26:10,689] {taskinstance.py:1032} INFO - Dependencies all met for <TaskInstance: LocalIngestionDAG.ingest scheduled__2021-09-02T06:00:19+00:00 [queued]>
[2022-04-13 21:26:10,721] {taskinstance.py:1032} INFO - Dependencies all met for <TaskInstance: LocalIngestionDAG.ingest scheduled__2021-09-02T06:00:19+00:00 [queued]>
[2022-04-13 21:26:10,723] {taskinstance.py:1238} INFO - 
--------------------------------------------------------------------------------
[2022-04-13 21:26:10,724] {taskinstance.py:1239} INFO - Starting attempt 1 of 1
[2022-04-13 21:26:10,725] {taskinstance.py:1240} INFO - 
--------------------------------------------------------------------------------
[2022-04-13 21:26:10,749] {taskinstance.py:1259} INFO - Executing <Task(BashOperator): ingest> on 2021-09-02 06:00:19+00:00
[2022-04-13 21:26:10,755] {standard_task_runner.py:52} INFO - Started process 4584 to run task
[2022-04-13 21:26:10,762] {standard_task_runner.py:76} INFO - Running: ['***', 'tasks', 'run', 'LocalIngestionDAG', 'ingest', 'scheduled__2021-09-02T06:00:19+00:00', '--job-id', '1120', '--raw', '--subdir', 'DAGS_FOLDER/data_ingestion_local.py', '--cfg-path', '/tmp/tmpwrkyiu4n', '--error-file', '/tmp/tmprzfvgx9n']
[2022-04-13 21:26:10,765] {standard_task_runner.py:77} INFO - Job 1120: Subtask ingest
[2022-04-13 21:26:10,847] {logging_mixin.py:109} INFO - Running <TaskInstance: LocalIngestionDAG.ingest scheduled__2021-09-02T06:00:19+00:00 [running]> on host 13db72185839
[2022-04-13 21:26:10,929] {taskinstance.py:1426} INFO - Exporting the following env vars:
AIRFLOW_CTX_DAG_OWNER=***
AIRFLOW_CTX_DAG_ID=LocalIngestionDAG
AIRFLOW_CTX_TASK_ID=ingest
AIRFLOW_CTX_EXECUTION_DATE=2021-09-02T06:00:19+00:00
AIRFLOW_CTX_DAG_RUN_ID=scheduled__2021-09-02T06:00:19+00:00
[2022-04-13 21:26:10,934] {subprocess.py:62} INFO - Tmp dir root location: 
 /tmp
[2022-04-13 21:26:10,936] {subprocess.py:74} INFO - Running command: ['bash', '-c', 'pwd']
[2022-04-13 21:26:10,946] {subprocess.py:85} INFO - Output:
[2022-04-13 21:26:10,947] {subprocess.py:89} INFO - /tmp/***tmpdwa841m3
[2022-04-13 21:26:10,948] {subprocess.py:93} INFO - Command exited with return code 0
[2022-04-13 21:26:10,976] {taskinstance.py:1277} INFO - Marking task as SUCCESS. dag_id=LocalIngestionDAG, task_id=ingest, execution_date=20210902T060019, start_date=20220413T212610, end_date=20220413T212610
[2022-04-13 21:26:11,013] {local_task_job.py:154} INFO - Task exited with return code 0
[2022-04-13 21:26:11,062] {local_task_job.py:264} INFO - 0 downstream tasks scheduled from follow-on schedule check
