[2022-04-13 21:25:32,282] {taskinstance.py:1032} INFO - Dependencies all met for <TaskInstance: LocalIngestionDAG.wget scheduled__2021-08-02T06:00:47+00:00 [queued]>
[2022-04-13 21:25:32,354] {taskinstance.py:1032} INFO - Dependencies all met for <TaskInstance: LocalIngestionDAG.wget scheduled__2021-08-02T06:00:47+00:00 [queued]>
[2022-04-13 21:25:32,358] {taskinstance.py:1238} INFO - 
--------------------------------------------------------------------------------
[2022-04-13 21:25:32,366] {taskinstance.py:1239} INFO - Starting attempt 1 of 1
[2022-04-13 21:25:32,367] {taskinstance.py:1240} INFO - 
--------------------------------------------------------------------------------
[2022-04-13 21:25:32,460] {taskinstance.py:1259} INFO - Executing <Task(BashOperator): wget> on 2021-08-02 06:00:47+00:00
[2022-04-13 21:25:32,471] {standard_task_runner.py:52} INFO - Started process 4356 to run task
[2022-04-13 21:25:32,483] {standard_task_runner.py:76} INFO - Running: ['***', 'tasks', 'run', 'LocalIngestionDAG', 'wget', 'scheduled__2021-08-02T06:00:47+00:00', '--job-id', '1051', '--raw', '--subdir', 'DAGS_FOLDER/data_ingestion_local.py', '--cfg-path', '/tmp/tmpra2nhr28', '--error-file', '/tmp/tmpvew0f05p']
[2022-04-13 21:25:32,487] {standard_task_runner.py:77} INFO - Job 1051: Subtask wget
[2022-04-13 21:25:32,681] {logging_mixin.py:109} INFO - Running <TaskInstance: LocalIngestionDAG.wget scheduled__2021-08-02T06:00:47+00:00 [running]> on host 13db72185839
[2022-04-13 21:25:32,824] {taskinstance.py:1426} INFO - Exporting the following env vars:
AIRFLOW_CTX_DAG_OWNER=***
AIRFLOW_CTX_DAG_ID=LocalIngestionDAG
AIRFLOW_CTX_TASK_ID=wget
AIRFLOW_CTX_EXECUTION_DATE=2021-08-02T06:00:47+00:00
AIRFLOW_CTX_DAG_RUN_ID=scheduled__2021-08-02T06:00:47+00:00
[2022-04-13 21:25:32,826] {subprocess.py:62} INFO - Tmp dir root location: 
 /tmp
[2022-04-13 21:25:32,830] {subprocess.py:74} INFO - Running command: ['bash', '-c', 'echo "hello world"']
[2022-04-13 21:25:32,848] {subprocess.py:85} INFO - Output:
[2022-04-13 21:25:32,860] {subprocess.py:89} INFO - hello world
[2022-04-13 21:25:32,864] {subprocess.py:93} INFO - Command exited with return code 0
[2022-04-13 21:25:32,997] {taskinstance.py:1277} INFO - Marking task as SUCCESS. dag_id=LocalIngestionDAG, task_id=wget, execution_date=20210802T060047, start_date=20220413T212532, end_date=20220413T212532
[2022-04-13 21:25:33,108] {local_task_job.py:154} INFO - Task exited with return code 0
[2022-04-13 21:25:33,602] {local_task_job.py:264} INFO - 0 downstream tasks scheduled from follow-on schedule check
