[2022-04-13 22:32:00,776] {taskinstance.py:1032} INFO - Dependencies all met for <TaskInstance: LocalIngestionDAG.ingest scheduled__2022-01-02T06:00:09+00:00 [queued]>
[2022-04-13 22:32:00,819] {taskinstance.py:1032} INFO - Dependencies all met for <TaskInstance: LocalIngestionDAG.ingest scheduled__2022-01-02T06:00:09+00:00 [queued]>
[2022-04-13 22:32:00,824] {taskinstance.py:1238} INFO - 
--------------------------------------------------------------------------------
[2022-04-13 22:32:00,828] {taskinstance.py:1239} INFO - Starting attempt 1 of 1
[2022-04-13 22:32:00,829] {taskinstance.py:1240} INFO - 
--------------------------------------------------------------------------------
[2022-04-13 22:32:00,869] {taskinstance.py:1259} INFO - Executing <Task(BashOperator): ingest> on 2022-01-02 06:00:09+00:00
[2022-04-13 22:32:00,875] {standard_task_runner.py:52} INFO - Started process 9541 to run task
[2022-04-13 22:32:00,889] {standard_task_runner.py:76} INFO - Running: ['***', 'tasks', 'run', 'LocalIngestionDAG', 'ingest', 'scheduled__2022-01-02T06:00:09+00:00', '--job-id', '1554', '--raw', '--subdir', 'DAGS_FOLDER/data_ingestion_local.py', '--cfg-path', '/tmp/tmpuf19xrgc', '--error-file', '/tmp/tmp4anfjy12']
[2022-04-13 22:32:00,891] {standard_task_runner.py:77} INFO - Job 1554: Subtask ingest
[2022-04-13 22:32:01,018] {logging_mixin.py:109} INFO - Running <TaskInstance: LocalIngestionDAG.ingest scheduled__2022-01-02T06:00:09+00:00 [running]> on host 13db72185839
[2022-04-13 22:32:01,186] {taskinstance.py:1426} INFO - Exporting the following env vars:
AIRFLOW_CTX_DAG_OWNER=***
AIRFLOW_CTX_DAG_ID=LocalIngestionDAG
AIRFLOW_CTX_TASK_ID=ingest
AIRFLOW_CTX_EXECUTION_DATE=2022-01-02T06:00:09+00:00
AIRFLOW_CTX_DAG_RUN_ID=scheduled__2022-01-02T06:00:09+00:00
[2022-04-13 22:32:01,188] {subprocess.py:62} INFO - Tmp dir root location: 
 /tmp
[2022-04-13 22:32:01,190] {subprocess.py:74} INFO - Running command: ['bash', '-c', 'ls /opt/***']
[2022-04-13 22:32:01,202] {subprocess.py:85} INFO - Output:
[2022-04-13 22:32:01,208] {subprocess.py:89} INFO - ***.cfg
[2022-04-13 22:32:01,208] {subprocess.py:89} INFO - dags
[2022-04-13 22:32:01,209] {subprocess.py:89} INFO - logs
[2022-04-13 22:32:01,209] {subprocess.py:89} INFO - output.csv
[2022-04-13 22:32:01,210] {subprocess.py:89} INFO - plugins
[2022-04-13 22:32:01,211] {subprocess.py:89} INFO - requirements.txt
[2022-04-13 22:32:01,212] {subprocess.py:89} INFO - scripts
[2022-04-13 22:32:01,212] {subprocess.py:89} INFO - webserver_config.py
[2022-04-13 22:32:01,213] {subprocess.py:93} INFO - Command exited with return code 0
[2022-04-13 22:32:01,272] {taskinstance.py:1277} INFO - Marking task as SUCCESS. dag_id=LocalIngestionDAG, task_id=ingest, execution_date=20220102T060009, start_date=20220413T223200, end_date=20220413T223201
[2022-04-13 22:32:01,349] {local_task_job.py:154} INFO - Task exited with return code 0
[2022-04-13 22:32:01,417] {local_task_job.py:264} INFO - 0 downstream tasks scheduled from follow-on schedule check
