[2022-04-13 22:35:30,169] {taskinstance.py:1032} INFO - Dependencies all met for <TaskInstance: LocalIngestionDAG.ingest scheduled__2022-03-02T06:00:49+00:00 [queued]>
[2022-04-13 22:35:30,200] {taskinstance.py:1032} INFO - Dependencies all met for <TaskInstance: LocalIngestionDAG.ingest scheduled__2022-03-02T06:00:49+00:00 [queued]>
[2022-04-13 22:35:30,202] {taskinstance.py:1238} INFO - 
--------------------------------------------------------------------------------
[2022-04-13 22:35:30,203] {taskinstance.py:1239} INFO - Starting attempt 1 of 1
[2022-04-13 22:35:30,204] {taskinstance.py:1240} INFO - 
--------------------------------------------------------------------------------
[2022-04-13 22:35:30,296] {taskinstance.py:1259} INFO - Executing <Task(BashOperator): ingest> on 2022-03-02 06:00:49+00:00
[2022-04-13 22:35:30,313] {standard_task_runner.py:52} INFO - Started process 10998 to run task
[2022-04-13 22:35:30,370] {standard_task_runner.py:76} INFO - Running: ['***', 'tasks', 'run', 'LocalIngestionDAG', 'ingest', 'scheduled__2022-03-02T06:00:49+00:00', '--job-id', '1878', '--raw', '--subdir', 'DAGS_FOLDER/data_ingestion_local.py', '--cfg-path', '/tmp/tmpvn56z7d8', '--error-file', '/tmp/tmp0lsul4w1']
[2022-04-13 22:35:30,378] {standard_task_runner.py:77} INFO - Job 1878: Subtask ingest
[2022-04-13 22:35:30,713] {logging_mixin.py:109} INFO - Running <TaskInstance: LocalIngestionDAG.ingest scheduled__2022-03-02T06:00:49+00:00 [running]> on host 13db72185839
[2022-04-13 22:35:30,911] {taskinstance.py:1426} INFO - Exporting the following env vars:
AIRFLOW_CTX_DAG_OWNER=***
AIRFLOW_CTX_DAG_ID=LocalIngestionDAG
AIRFLOW_CTX_TASK_ID=ingest
AIRFLOW_CTX_EXECUTION_DATE=2022-03-02T06:00:49+00:00
AIRFLOW_CTX_DAG_RUN_ID=scheduled__2022-03-02T06:00:49+00:00
[2022-04-13 22:35:30,915] {subprocess.py:62} INFO - Tmp dir root location: 
 /tmp
[2022-04-13 22:35:30,919] {subprocess.py:74} INFO - Running command: ['bash', '-c', 'ls /opt/***']
[2022-04-13 22:35:30,941] {subprocess.py:85} INFO - Output:
[2022-04-13 22:35:30,950] {subprocess.py:89} INFO - ***.cfg
[2022-04-13 22:35:30,953] {subprocess.py:89} INFO - dags
[2022-04-13 22:35:30,962] {subprocess.py:89} INFO - logs
[2022-04-13 22:35:30,965] {subprocess.py:89} INFO - output.csv
[2022-04-13 22:35:30,966] {subprocess.py:89} INFO - output_2022-03.csv
[2022-04-13 22:35:30,967] {subprocess.py:89} INFO - plugins
[2022-04-13 22:35:30,968] {subprocess.py:89} INFO - requirements.txt
[2022-04-13 22:35:30,968] {subprocess.py:89} INFO - scripts
[2022-04-13 22:35:30,969] {subprocess.py:89} INFO - webserver_config.py
[2022-04-13 22:35:30,970] {subprocess.py:93} INFO - Command exited with return code 0
[2022-04-13 22:35:31,036] {taskinstance.py:1277} INFO - Marking task as SUCCESS. dag_id=LocalIngestionDAG, task_id=ingest, execution_date=20220302T060049, start_date=20220413T223530, end_date=20220413T223531
[2022-04-13 22:35:31,127] {local_task_job.py:154} INFO - Task exited with return code 0
[2022-04-13 22:35:31,254] {local_task_job.py:264} INFO - 0 downstream tasks scheduled from follow-on schedule check
