[2022-04-13 21:22:27,884] {taskinstance.py:1032} INFO - Dependencies all met for <TaskInstance: LocalIngestionDAG.wget scheduled__2021-05-02T06:00:51+00:00 [queued]>
[2022-04-13 21:22:27,910] {taskinstance.py:1032} INFO - Dependencies all met for <TaskInstance: LocalIngestionDAG.wget scheduled__2021-05-02T06:00:51+00:00 [queued]>
[2022-04-13 21:22:27,911] {taskinstance.py:1238} INFO - 
--------------------------------------------------------------------------------
[2022-04-13 21:22:27,912] {taskinstance.py:1239} INFO - Starting attempt 1 of 1
[2022-04-13 21:22:27,912] {taskinstance.py:1240} INFO - 
--------------------------------------------------------------------------------
[2022-04-13 21:22:27,950] {taskinstance.py:1259} INFO - Executing <Task(BashOperator): wget> on 2021-05-02 06:00:51+00:00
[2022-04-13 21:22:27,957] {standard_task_runner.py:52} INFO - Started process 3158 to run task
[2022-04-13 21:22:27,966] {standard_task_runner.py:76} INFO - Running: ['***', 'tasks', 'run', 'LocalIngestionDAG', 'wget', 'scheduled__2021-05-02T06:00:51+00:00', '--job-id', '700', '--raw', '--subdir', 'DAGS_FOLDER/data_ingestion_local.py', '--cfg-path', '/tmp/tmpdnpz2std', '--error-file', '/tmp/tmpivu6i3mo']
[2022-04-13 21:22:27,968] {standard_task_runner.py:77} INFO - Job 700: Subtask wget
[2022-04-13 21:22:28,072] {logging_mixin.py:109} INFO - Running <TaskInstance: LocalIngestionDAG.wget scheduled__2021-05-02T06:00:51+00:00 [running]> on host 13db72185839
[2022-04-13 21:22:28,281] {taskinstance.py:1426} INFO - Exporting the following env vars:
AIRFLOW_CTX_DAG_OWNER=***
AIRFLOW_CTX_DAG_ID=LocalIngestionDAG
AIRFLOW_CTX_TASK_ID=wget
AIRFLOW_CTX_EXECUTION_DATE=2021-05-02T06:00:51+00:00
AIRFLOW_CTX_DAG_RUN_ID=scheduled__2021-05-02T06:00:51+00:00
[2022-04-13 21:22:28,283] {subprocess.py:62} INFO - Tmp dir root location: 
 /tmp
[2022-04-13 21:22:28,285] {subprocess.py:74} INFO - Running command: ['bash', '-c', 'echo "hello world"']
[2022-04-13 21:22:28,313] {subprocess.py:85} INFO - Output:
[2022-04-13 21:22:28,316] {subprocess.py:89} INFO - hello world
[2022-04-13 21:22:28,318] {subprocess.py:93} INFO - Command exited with return code 0
[2022-04-13 21:22:28,609] {taskinstance.py:1277} INFO - Marking task as SUCCESS. dag_id=LocalIngestionDAG, task_id=wget, execution_date=20210502T060051, start_date=20220413T212227, end_date=20220413T212228
[2022-04-13 21:22:28,667] {local_task_job.py:154} INFO - Task exited with return code 0
[2022-04-13 21:22:28,787] {local_task_job.py:264} INFO - 1 downstream tasks scheduled from follow-on schedule check
