[2022-04-13 21:23:18,720] {taskinstance.py:1032} INFO - Dependencies all met for <TaskInstance: LocalIngestionDAG.wget scheduled__2021-06-02T06:00:37+00:00 [queued]>
[2022-04-13 21:23:18,748] {taskinstance.py:1032} INFO - Dependencies all met for <TaskInstance: LocalIngestionDAG.wget scheduled__2021-06-02T06:00:37+00:00 [queued]>
[2022-04-13 21:23:18,749] {taskinstance.py:1238} INFO - 
--------------------------------------------------------------------------------
[2022-04-13 21:23:18,751] {taskinstance.py:1239} INFO - Starting attempt 1 of 1
[2022-04-13 21:23:18,751] {taskinstance.py:1240} INFO - 
--------------------------------------------------------------------------------
[2022-04-13 21:23:18,796] {taskinstance.py:1259} INFO - Executing <Task(BashOperator): wget> on 2021-06-02 06:00:37+00:00
[2022-04-13 21:23:18,802] {standard_task_runner.py:52} INFO - Started process 3487 to run task
[2022-04-13 21:23:18,816] {standard_task_runner.py:76} INFO - Running: ['***', 'tasks', 'run', 'LocalIngestionDAG', 'wget', 'scheduled__2021-06-02T06:00:37+00:00', '--job-id', '794', '--raw', '--subdir', 'DAGS_FOLDER/data_ingestion_local.py', '--cfg-path', '/tmp/tmpray35j__', '--error-file', '/tmp/tmpw5r7nusb']
[2022-04-13 21:23:18,819] {standard_task_runner.py:77} INFO - Job 794: Subtask wget
[2022-04-13 21:23:18,951] {logging_mixin.py:109} INFO - Running <TaskInstance: LocalIngestionDAG.wget scheduled__2021-06-02T06:00:37+00:00 [running]> on host 13db72185839
[2022-04-13 21:23:19,086] {taskinstance.py:1426} INFO - Exporting the following env vars:
AIRFLOW_CTX_DAG_OWNER=***
AIRFLOW_CTX_DAG_ID=LocalIngestionDAG
AIRFLOW_CTX_TASK_ID=wget
AIRFLOW_CTX_EXECUTION_DATE=2021-06-02T06:00:37+00:00
AIRFLOW_CTX_DAG_RUN_ID=scheduled__2021-06-02T06:00:37+00:00
[2022-04-13 21:23:19,091] {subprocess.py:62} INFO - Tmp dir root location: 
 /tmp
[2022-04-13 21:23:19,093] {subprocess.py:74} INFO - Running command: ['bash', '-c', 'echo "hello world"']
[2022-04-13 21:23:19,108] {subprocess.py:85} INFO - Output:
[2022-04-13 21:23:19,113] {subprocess.py:89} INFO - hello world
[2022-04-13 21:23:19,116] {subprocess.py:93} INFO - Command exited with return code 0
[2022-04-13 21:23:19,202] {taskinstance.py:1277} INFO - Marking task as SUCCESS. dag_id=LocalIngestionDAG, task_id=wget, execution_date=20210602T060037, start_date=20220413T212318, end_date=20220413T212319
[2022-04-13 21:23:19,275] {local_task_job.py:154} INFO - Task exited with return code 0
[2022-04-13 21:23:19,564] {local_task_job.py:264} INFO - 0 downstream tasks scheduled from follow-on schedule check
