[2022-04-13 21:15:39,853] {taskinstance.py:1032} INFO - Dependencies all met for <TaskInstance: LocalIngestionDAG.ingest manual__2022-04-13T21:15:36.839665+00:00 [queued]>
[2022-04-13 21:15:39,961] {taskinstance.py:1032} INFO - Dependencies all met for <TaskInstance: LocalIngestionDAG.ingest manual__2022-04-13T21:15:36.839665+00:00 [queued]>
[2022-04-13 21:15:39,974] {taskinstance.py:1238} INFO - 
--------------------------------------------------------------------------------
[2022-04-13 21:15:39,988] {taskinstance.py:1239} INFO - Starting attempt 1 of 1
[2022-04-13 21:15:39,993] {taskinstance.py:1240} INFO - 
--------------------------------------------------------------------------------
[2022-04-13 21:15:40,055] {taskinstance.py:1259} INFO - Executing <Task(BashOperator): ingest> on 2022-04-13 21:15:36.839665+00:00
[2022-04-13 21:15:40,074] {standard_task_runner.py:52} INFO - Started process 1079 to run task
[2022-04-13 21:15:40,085] {standard_task_runner.py:76} INFO - Running: ['***', 'tasks', 'run', 'LocalIngestionDAG', 'ingest', 'manual__2022-04-13T21:15:36.839665+00:00', '--job-id', '126', '--raw', '--subdir', 'DAGS_FOLDER/data_ingestion_local.py', '--cfg-path', '/tmp/tmpr_5wjitx', '--error-file', '/tmp/tmpz7vtzs12']
[2022-04-13 21:15:40,090] {standard_task_runner.py:77} INFO - Job 126: Subtask ingest
[2022-04-13 21:15:40,234] {logging_mixin.py:109} INFO - Running <TaskInstance: LocalIngestionDAG.ingest manual__2022-04-13T21:15:36.839665+00:00 [running]> on host 13db72185839
[2022-04-13 21:15:40,449] {taskinstance.py:1426} INFO - Exporting the following env vars:
AIRFLOW_CTX_DAG_OWNER=***
AIRFLOW_CTX_DAG_ID=LocalIngestionDAG
AIRFLOW_CTX_TASK_ID=ingest
AIRFLOW_CTX_EXECUTION_DATE=2022-04-13T21:15:36.839665+00:00
AIRFLOW_CTX_DAG_RUN_ID=manual__2022-04-13T21:15:36.839665+00:00
[2022-04-13 21:15:40,455] {subprocess.py:62} INFO - Tmp dir root location: 
 /tmp
[2022-04-13 21:15:40,457] {subprocess.py:74} INFO - Running command: ['bash', '-c', 'pwd']
[2022-04-13 21:15:40,517] {subprocess.py:85} INFO - Output:
[2022-04-13 21:15:40,526] {subprocess.py:89} INFO - /tmp/***tmpp56hm6u8
[2022-04-13 21:15:40,529] {subprocess.py:93} INFO - Command exited with return code 0
[2022-04-13 21:15:40,666] {taskinstance.py:1277} INFO - Marking task as SUCCESS. dag_id=LocalIngestionDAG, task_id=ingest, execution_date=20220413T211536, start_date=20220413T211539, end_date=20220413T211540
[2022-04-13 21:15:40,812] {local_task_job.py:154} INFO - Task exited with return code 0
[2022-04-13 21:15:41,174] {local_task_job.py:264} INFO - 0 downstream tasks scheduled from follow-on schedule check
