[2022-04-13 21:21:18,021] {taskinstance.py:1032} INFO - Dependencies all met for <TaskInstance: LocalIngestionDAG.ingest scheduled__2021-04-02T06:00:41+00:00 [queued]>
[2022-04-13 21:21:18,102] {taskinstance.py:1032} INFO - Dependencies all met for <TaskInstance: LocalIngestionDAG.ingest scheduled__2021-04-02T06:00:41+00:00 [queued]>
[2022-04-13 21:21:18,106] {taskinstance.py:1238} INFO - 
--------------------------------------------------------------------------------
[2022-04-13 21:21:18,108] {taskinstance.py:1239} INFO - Starting attempt 1 of 1
[2022-04-13 21:21:18,110] {taskinstance.py:1240} INFO - 
--------------------------------------------------------------------------------
[2022-04-13 21:21:18,163] {taskinstance.py:1259} INFO - Executing <Task(BashOperator): ingest> on 2021-04-02 06:00:41+00:00
[2022-04-13 21:21:18,169] {standard_task_runner.py:52} INFO - Started process 2701 to run task
[2022-04-13 21:21:18,178] {standard_task_runner.py:76} INFO - Running: ['***', 'tasks', 'run', 'LocalIngestionDAG', 'ingest', 'scheduled__2021-04-02T06:00:41+00:00', '--job-id', '565', '--raw', '--subdir', 'DAGS_FOLDER/data_ingestion_local.py', '--cfg-path', '/tmp/tmpec4mjrms', '--error-file', '/tmp/tmp144urvjd']
[2022-04-13 21:21:18,191] {standard_task_runner.py:77} INFO - Job 565: Subtask ingest
[2022-04-13 21:21:18,450] {logging_mixin.py:109} INFO - Running <TaskInstance: LocalIngestionDAG.ingest scheduled__2021-04-02T06:00:41+00:00 [running]> on host 13db72185839
[2022-04-13 21:21:18,704] {taskinstance.py:1426} INFO - Exporting the following env vars:
AIRFLOW_CTX_DAG_OWNER=***
AIRFLOW_CTX_DAG_ID=LocalIngestionDAG
AIRFLOW_CTX_TASK_ID=ingest
AIRFLOW_CTX_EXECUTION_DATE=2021-04-02T06:00:41+00:00
AIRFLOW_CTX_DAG_RUN_ID=scheduled__2021-04-02T06:00:41+00:00
[2022-04-13 21:21:18,712] {subprocess.py:62} INFO - Tmp dir root location: 
 /tmp
[2022-04-13 21:21:18,715] {subprocess.py:74} INFO - Running command: ['bash', '-c', 'pwd']
[2022-04-13 21:21:18,735] {subprocess.py:85} INFO - Output:
[2022-04-13 21:21:18,744] {subprocess.py:89} INFO - /tmp/***tmpjuh8rd5f
[2022-04-13 21:21:18,746] {subprocess.py:93} INFO - Command exited with return code 0
[2022-04-13 21:21:18,817] {taskinstance.py:1277} INFO - Marking task as SUCCESS. dag_id=LocalIngestionDAG, task_id=ingest, execution_date=20210402T060041, start_date=20220413T212118, end_date=20220413T212118
[2022-04-13 21:21:18,919] {local_task_job.py:154} INFO - Task exited with return code 0
[2022-04-13 21:21:18,982] {local_task_job.py:264} INFO - 0 downstream tasks scheduled from follow-on schedule check
