[2022-04-13 21:18:17,730] {taskinstance.py:1032} INFO - Dependencies all met for <TaskInstance: LocalIngestionDAG.ingest scheduled__2021-04-02T06:00:02+00:00 [queued]>
[2022-04-13 21:18:17,770] {taskinstance.py:1032} INFO - Dependencies all met for <TaskInstance: LocalIngestionDAG.ingest scheduled__2021-04-02T06:00:02+00:00 [queued]>
[2022-04-13 21:18:17,776] {taskinstance.py:1238} INFO - 
--------------------------------------------------------------------------------
[2022-04-13 21:18:17,777] {taskinstance.py:1239} INFO - Starting attempt 1 of 1
[2022-04-13 21:18:17,779] {taskinstance.py:1240} INFO - 
--------------------------------------------------------------------------------
[2022-04-13 21:18:17,852] {taskinstance.py:1259} INFO - Executing <Task(BashOperator): ingest> on 2021-04-02 06:00:02+00:00
[2022-04-13 21:18:17,885] {standard_task_runner.py:52} INFO - Started process 2318 to run task
[2022-04-13 21:18:17,928] {standard_task_runner.py:76} INFO - Running: ['***', 'tasks', 'run', 'LocalIngestionDAG', 'ingest', 'scheduled__2021-04-02T06:00:02+00:00', '--job-id', '490', '--raw', '--subdir', 'DAGS_FOLDER/data_ingestion_local.py', '--cfg-path', '/tmp/tmp2w4dwyk_', '--error-file', '/tmp/tmpz_6pe4a8']
[2022-04-13 21:18:17,950] {standard_task_runner.py:77} INFO - Job 490: Subtask ingest
[2022-04-13 21:18:18,245] {logging_mixin.py:109} INFO - Running <TaskInstance: LocalIngestionDAG.ingest scheduled__2021-04-02T06:00:02+00:00 [running]> on host 13db72185839
[2022-04-13 21:18:18,542] {taskinstance.py:1426} INFO - Exporting the following env vars:
AIRFLOW_CTX_DAG_OWNER=***
AIRFLOW_CTX_DAG_ID=LocalIngestionDAG
AIRFLOW_CTX_TASK_ID=ingest
AIRFLOW_CTX_EXECUTION_DATE=2021-04-02T06:00:02+00:00
AIRFLOW_CTX_DAG_RUN_ID=scheduled__2021-04-02T06:00:02+00:00
[2022-04-13 21:18:18,546] {subprocess.py:62} INFO - Tmp dir root location: 
 /tmp
[2022-04-13 21:18:18,548] {subprocess.py:74} INFO - Running command: ['bash', '-c', 'pwd']
[2022-04-13 21:18:18,592] {subprocess.py:85} INFO - Output:
[2022-04-13 21:18:18,597] {subprocess.py:89} INFO - /tmp/***tmp0k3f5v44
[2022-04-13 21:18:18,598] {subprocess.py:93} INFO - Command exited with return code 0
[2022-04-13 21:18:18,652] {taskinstance.py:1277} INFO - Marking task as SUCCESS. dag_id=LocalIngestionDAG, task_id=ingest, execution_date=20210402T060002, start_date=20220413T211817, end_date=20220413T211818
[2022-04-13 21:18:18,736] {local_task_job.py:154} INFO - Task exited with return code 0
[2022-04-13 21:18:18,818] {local_task_job.py:264} INFO - 0 downstream tasks scheduled from follow-on schedule check
[2022-04-13 21:18:18,875] {dagrun.py:545} INFO - Marking run <DagRun LocalIngestionDAG @ 2021-04-02 06:00:02+00:00: scheduled__2021-04-02T06:00:02+00:00, externally triggered: False> successful
[2022-04-13 21:18:18,877] {dagrun.py:605} INFO - DagRun Finished: dag_id=LocalIngestionDAG, execution_date=2021-04-02 06:00:02+00:00, run_id=scheduled__2021-04-02T06:00:02+00:00, run_start_date=2022-04-13 21:18:14.748192+00:00, run_end_date=2022-04-13 21:18:18.876729+00:00, run_duration=4.128537, state=success, external_trigger=False, run_type=scheduled, data_interval_start=2021-04-02 06:00:02+00:00, data_interval_end=2021-04-02 06:00:03+00:00, dag_hash=e1f1b4eb67bf00e284b5a574896345e1
