[2022-04-13 21:21:31,209] {taskinstance.py:1032} INFO - Dependencies all met for <TaskInstance: LocalIngestionDAG.wget scheduled__2021-04-02T06:00:54+00:00 [queued]>
[2022-04-13 21:21:31,238] {taskinstance.py:1032} INFO - Dependencies all met for <TaskInstance: LocalIngestionDAG.wget scheduled__2021-04-02T06:00:54+00:00 [queued]>
[2022-04-13 21:21:31,239] {taskinstance.py:1238} INFO - 
--------------------------------------------------------------------------------
[2022-04-13 21:21:31,240] {taskinstance.py:1239} INFO - Starting attempt 1 of 1
[2022-04-13 21:21:31,241] {taskinstance.py:1240} INFO - 
--------------------------------------------------------------------------------
[2022-04-13 21:21:31,309] {taskinstance.py:1259} INFO - Executing <Task(BashOperator): wget> on 2021-04-02 06:00:54+00:00
[2022-04-13 21:21:31,317] {standard_task_runner.py:52} INFO - Started process 2781 to run task
[2022-04-13 21:21:31,327] {standard_task_runner.py:76} INFO - Running: ['***', 'tasks', 'run', 'LocalIngestionDAG', 'wget', 'scheduled__2021-04-02T06:00:54+00:00', '--job-id', '588', '--raw', '--subdir', 'DAGS_FOLDER/data_ingestion_local.py', '--cfg-path', '/tmp/tmp8m36f4id', '--error-file', '/tmp/tmp5_snzwf8']
[2022-04-13 21:21:31,333] {standard_task_runner.py:77} INFO - Job 588: Subtask wget
[2022-04-13 21:21:31,508] {logging_mixin.py:109} INFO - Running <TaskInstance: LocalIngestionDAG.wget scheduled__2021-04-02T06:00:54+00:00 [running]> on host 13db72185839
[2022-04-13 21:21:31,601] {taskinstance.py:1426} INFO - Exporting the following env vars:
AIRFLOW_CTX_DAG_OWNER=***
AIRFLOW_CTX_DAG_ID=LocalIngestionDAG
AIRFLOW_CTX_TASK_ID=wget
AIRFLOW_CTX_EXECUTION_DATE=2021-04-02T06:00:54+00:00
AIRFLOW_CTX_DAG_RUN_ID=scheduled__2021-04-02T06:00:54+00:00
[2022-04-13 21:21:31,603] {subprocess.py:62} INFO - Tmp dir root location: 
 /tmp
[2022-04-13 21:21:31,604] {subprocess.py:74} INFO - Running command: ['bash', '-c', 'echo "hello world"']
[2022-04-13 21:21:31,615] {subprocess.py:85} INFO - Output:
[2022-04-13 21:21:31,618] {subprocess.py:89} INFO - hello world
[2022-04-13 21:21:31,619] {subprocess.py:93} INFO - Command exited with return code 0
[2022-04-13 21:21:31,666] {taskinstance.py:1277} INFO - Marking task as SUCCESS. dag_id=LocalIngestionDAG, task_id=wget, execution_date=20210402T060054, start_date=20220413T212131, end_date=20220413T212131
[2022-04-13 21:21:31,749] {local_task_job.py:154} INFO - Task exited with return code 0
[2022-04-13 21:21:31,874] {local_task_job.py:264} INFO - 1 downstream tasks scheduled from follow-on schedule check
