[2022-04-16 18:18:42,498] {taskinstance.py:1032} INFO - Dependencies all met for <TaskInstance: data_ingestion_gcs_dag.local_to_gcs_task manual__2022-04-16T17:57:26.581187+00:00 [queued]>
[2022-04-16 18:18:42,513] {taskinstance.py:1032} INFO - Dependencies all met for <TaskInstance: data_ingestion_gcs_dag.local_to_gcs_task manual__2022-04-16T17:57:26.581187+00:00 [queued]>
[2022-04-16 18:18:42,513] {taskinstance.py:1238} INFO - 
--------------------------------------------------------------------------------
[2022-04-16 18:18:42,514] {taskinstance.py:1239} INFO - Starting attempt 1 of 2
[2022-04-16 18:18:42,515] {taskinstance.py:1240} INFO - 
--------------------------------------------------------------------------------
[2022-04-16 18:18:42,531] {taskinstance.py:1259} INFO - Executing <Task(PythonOperator): local_to_gcs_task> on 2022-04-16 17:57:26.581187+00:00
[2022-04-16 18:18:42,539] {standard_task_runner.py:52} INFO - Started process 332 to run task
[2022-04-16 18:18:42,544] {standard_task_runner.py:76} INFO - Running: ['***', 'tasks', 'run', 'data_ingestion_gcs_dag', 'local_to_gcs_task', 'manual__2022-04-16T17:57:26.581187+00:00', '--job-id', '2183', '--raw', '--subdir', 'DAGS_FOLDER/data_ingestion_gcs_dag.py', '--cfg-path', '/tmp/tmpc478nxii', '--error-file', '/tmp/tmpvjtheaur']
[2022-04-16 18:18:42,546] {standard_task_runner.py:77} INFO - Job 2183: Subtask local_to_gcs_task
[2022-04-16 18:18:42,668] {logging_mixin.py:109} INFO - Running <TaskInstance: data_ingestion_gcs_dag.local_to_gcs_task manual__2022-04-16T17:57:26.581187+00:00 [running]> on host 3e228c3601a1
[2022-04-16 18:18:42,751] {taskinstance.py:1426} INFO - Exporting the following env vars:
AIRFLOW_CTX_DAG_OWNER=***
AIRFLOW_CTX_DAG_ID=data_ingestion_gcs_dag
AIRFLOW_CTX_TASK_ID=local_to_gcs_task
AIRFLOW_CTX_EXECUTION_DATE=2022-04-16T17:57:26.581187+00:00
AIRFLOW_CTX_DAG_RUN_ID=manual__2022-04-16T17:57:26.581187+00:00
[2022-04-16 18:19:05,542] {python.py:175} INFO - Done. Returned value was: None
[2022-04-16 18:19:05,552] {taskinstance.py:1277} INFO - Marking task as SUCCESS. dag_id=data_ingestion_gcs_dag, task_id=local_to_gcs_task, execution_date=20220416T175726, start_date=20220416T181842, end_date=20220416T181905
[2022-04-16 18:19:05,577] {local_task_job.py:154} INFO - Task exited with return code 0
[2022-04-16 18:19:05,607] {local_task_job.py:264} INFO - 1 downstream tasks scheduled from follow-on schedule check
