[2022-04-13 21:17:59,969] {taskinstance.py:1032} INFO - Dependencies all met for <TaskInstance: LocalIngestionDAG.wget scheduled__2021-03-02T06:00:45+00:00 [queued]>
[2022-04-13 21:18:00,001] {taskinstance.py:1032} INFO - Dependencies all met for <TaskInstance: LocalIngestionDAG.wget scheduled__2021-03-02T06:00:45+00:00 [queued]>
[2022-04-13 21:18:00,002] {taskinstance.py:1238} INFO - 
--------------------------------------------------------------------------------
[2022-04-13 21:18:00,002] {taskinstance.py:1239} INFO - Starting attempt 1 of 1
[2022-04-13 21:18:00,003] {taskinstance.py:1240} INFO - 
--------------------------------------------------------------------------------
[2022-04-13 21:18:00,065] {taskinstance.py:1259} INFO - Executing <Task(BashOperator): wget> on 2021-03-02 06:00:45+00:00
[2022-04-13 21:18:00,134] {standard_task_runner.py:52} INFO - Started process 2180 to run task
[2022-04-13 21:18:00,145] {standard_task_runner.py:76} INFO - Running: ['***', 'tasks', 'run', 'LocalIngestionDAG', 'wget', 'scheduled__2021-03-02T06:00:45+00:00', '--job-id', '449', '--raw', '--subdir', 'DAGS_FOLDER/data_ingestion_local.py', '--cfg-path', '/tmp/tmps3oen8fi', '--error-file', '/tmp/tmpuou9fpnc']
[2022-04-13 21:18:00,147] {standard_task_runner.py:77} INFO - Job 449: Subtask wget
[2022-04-13 21:18:00,364] {logging_mixin.py:109} INFO - Running <TaskInstance: LocalIngestionDAG.wget scheduled__2021-03-02T06:00:45+00:00 [running]> on host 13db72185839
[2022-04-13 21:18:00,490] {taskinstance.py:1426} INFO - Exporting the following env vars:
AIRFLOW_CTX_DAG_OWNER=***
AIRFLOW_CTX_DAG_ID=LocalIngestionDAG
AIRFLOW_CTX_TASK_ID=wget
AIRFLOW_CTX_EXECUTION_DATE=2021-03-02T06:00:45+00:00
AIRFLOW_CTX_DAG_RUN_ID=scheduled__2021-03-02T06:00:45+00:00
[2022-04-13 21:18:00,492] {subprocess.py:62} INFO - Tmp dir root location: 
 /tmp
[2022-04-13 21:18:00,494] {subprocess.py:74} INFO - Running command: ['bash', '-c', 'echo "hello world"']
[2022-04-13 21:18:00,560] {subprocess.py:85} INFO - Output:
[2022-04-13 21:18:00,564] {subprocess.py:89} INFO - hello world
[2022-04-13 21:18:00,566] {subprocess.py:93} INFO - Command exited with return code 0
[2022-04-13 21:18:00,676] {taskinstance.py:1277} INFO - Marking task as SUCCESS. dag_id=LocalIngestionDAG, task_id=wget, execution_date=20210302T060045, start_date=20220413T211759, end_date=20220413T211800
[2022-04-13 21:18:00,744] {local_task_job.py:154} INFO - Task exited with return code 0
[2022-04-13 21:18:01,057] {local_task_job.py:264} INFO - 0 downstream tasks scheduled from follow-on schedule check
