[2022-04-13 21:16:00,957] {taskinstance.py:1032} INFO - Dependencies all met for <TaskInstance: LocalIngestionDAG.wget scheduled__2021-01-02T06:00:30+00:00 [queued]>
[2022-04-13 21:16:00,975] {taskinstance.py:1032} INFO - Dependencies all met for <TaskInstance: LocalIngestionDAG.wget scheduled__2021-01-02T06:00:30+00:00 [queued]>
[2022-04-13 21:16:00,976] {taskinstance.py:1238} INFO - 
--------------------------------------------------------------------------------
[2022-04-13 21:16:00,976] {taskinstance.py:1239} INFO - Starting attempt 1 of 1
[2022-04-13 21:16:00,977] {taskinstance.py:1240} INFO - 
--------------------------------------------------------------------------------
[2022-04-13 21:16:01,000] {taskinstance.py:1259} INFO - Executing <Task(BashOperator): wget> on 2021-01-02 06:00:30+00:00
[2022-04-13 21:16:01,010] {standard_task_runner.py:52} INFO - Started process 1253 to run task
[2022-04-13 21:16:01,017] {standard_task_runner.py:76} INFO - Running: ['***', 'tasks', 'run', 'LocalIngestionDAG', 'wget', 'scheduled__2021-01-02T06:00:30+00:00', '--job-id', '177', '--raw', '--subdir', 'DAGS_FOLDER/data_ingestion_local.py', '--cfg-path', '/tmp/tmpk4k2encp', '--error-file', '/tmp/tmptuscl_z_']
[2022-04-13 21:16:01,022] {standard_task_runner.py:77} INFO - Job 177: Subtask wget
[2022-04-13 21:16:01,101] {logging_mixin.py:109} INFO - Running <TaskInstance: LocalIngestionDAG.wget scheduled__2021-01-02T06:00:30+00:00 [running]> on host 13db72185839
[2022-04-13 21:16:01,176] {taskinstance.py:1426} INFO - Exporting the following env vars:
AIRFLOW_CTX_DAG_OWNER=***
AIRFLOW_CTX_DAG_ID=LocalIngestionDAG
AIRFLOW_CTX_TASK_ID=wget
AIRFLOW_CTX_EXECUTION_DATE=2021-01-02T06:00:30+00:00
AIRFLOW_CTX_DAG_RUN_ID=scheduled__2021-01-02T06:00:30+00:00
[2022-04-13 21:16:01,178] {subprocess.py:62} INFO - Tmp dir root location: 
 /tmp
[2022-04-13 21:16:01,179] {subprocess.py:74} INFO - Running command: ['bash', '-c', 'echo "hello world"']
[2022-04-13 21:16:01,190] {subprocess.py:85} INFO - Output:
[2022-04-13 21:16:01,191] {subprocess.py:89} INFO - hello world
[2022-04-13 21:16:01,192] {subprocess.py:93} INFO - Command exited with return code 0
[2022-04-13 21:16:01,215] {taskinstance.py:1277} INFO - Marking task as SUCCESS. dag_id=LocalIngestionDAG, task_id=wget, execution_date=20210102T060030, start_date=20220413T211600, end_date=20220413T211601
[2022-04-13 21:16:01,235] {local_task_job.py:154} INFO - Task exited with return code 0
[2022-04-13 21:16:01,271] {local_task_job.py:264} INFO - 1 downstream tasks scheduled from follow-on schedule check
