[2022-04-13 21:24:09,680] {taskinstance.py:1032} INFO - Dependencies all met for <TaskInstance: LocalIngestionDAG.wget scheduled__2021-07-02T06:00:26+00:00 [queued]>
[2022-04-13 21:24:09,702] {taskinstance.py:1032} INFO - Dependencies all met for <TaskInstance: LocalIngestionDAG.wget scheduled__2021-07-02T06:00:26+00:00 [queued]>
[2022-04-13 21:24:09,703] {taskinstance.py:1238} INFO - 
--------------------------------------------------------------------------------
[2022-04-13 21:24:09,704] {taskinstance.py:1239} INFO - Starting attempt 1 of 1
[2022-04-13 21:24:09,705] {taskinstance.py:1240} INFO - 
--------------------------------------------------------------------------------
[2022-04-13 21:24:09,749] {taskinstance.py:1259} INFO - Executing <Task(BashOperator): wget> on 2021-07-02 06:00:26+00:00
[2022-04-13 21:24:09,762] {standard_task_runner.py:52} INFO - Started process 3813 to run task
[2022-04-13 21:24:09,769] {standard_task_runner.py:76} INFO - Running: ['***', 'tasks', 'run', 'LocalIngestionDAG', 'wget', 'scheduled__2021-07-02T06:00:26+00:00', '--job-id', '891', '--raw', '--subdir', 'DAGS_FOLDER/data_ingestion_local.py', '--cfg-path', '/tmp/tmpkp8af7_n', '--error-file', '/tmp/tmpus919swv']
[2022-04-13 21:24:09,774] {standard_task_runner.py:77} INFO - Job 891: Subtask wget
[2022-04-13 21:24:09,933] {logging_mixin.py:109} INFO - Running <TaskInstance: LocalIngestionDAG.wget scheduled__2021-07-02T06:00:26+00:00 [running]> on host 13db72185839
[2022-04-13 21:24:10,076] {taskinstance.py:1426} INFO - Exporting the following env vars:
AIRFLOW_CTX_DAG_OWNER=***
AIRFLOW_CTX_DAG_ID=LocalIngestionDAG
AIRFLOW_CTX_TASK_ID=wget
AIRFLOW_CTX_EXECUTION_DATE=2021-07-02T06:00:26+00:00
AIRFLOW_CTX_DAG_RUN_ID=scheduled__2021-07-02T06:00:26+00:00
[2022-04-13 21:24:10,078] {subprocess.py:62} INFO - Tmp dir root location: 
 /tmp
[2022-04-13 21:24:10,079] {subprocess.py:74} INFO - Running command: ['bash', '-c', 'echo "hello world"']
[2022-04-13 21:24:10,095] {subprocess.py:85} INFO - Output:
[2022-04-13 21:24:10,100] {subprocess.py:89} INFO - hello world
[2022-04-13 21:24:10,101] {subprocess.py:93} INFO - Command exited with return code 0
[2022-04-13 21:24:10,189] {taskinstance.py:1277} INFO - Marking task as SUCCESS. dag_id=LocalIngestionDAG, task_id=wget, execution_date=20210702T060026, start_date=20220413T212409, end_date=20220413T212410
[2022-04-13 21:24:10,274] {local_task_job.py:154} INFO - Task exited with return code 0
[2022-04-13 21:24:10,360] {local_task_job.py:264} INFO - 1 downstream tasks scheduled from follow-on schedule check
