[2022-04-13 21:26:53,982] {taskinstance.py:1032} INFO - Dependencies all met for <TaskInstance: LocalIngestionDAG.ingest scheduled__2021-09-02T06:00:54+00:00 [queued]>
[2022-04-13 21:26:54,024] {taskinstance.py:1032} INFO - Dependencies all met for <TaskInstance: LocalIngestionDAG.ingest scheduled__2021-09-02T06:00:54+00:00 [queued]>
[2022-04-13 21:26:54,026] {taskinstance.py:1238} INFO - 
--------------------------------------------------------------------------------
[2022-04-13 21:26:54,029] {taskinstance.py:1239} INFO - Starting attempt 1 of 1
[2022-04-13 21:26:54,031] {taskinstance.py:1240} INFO - 
--------------------------------------------------------------------------------
[2022-04-13 21:26:54,111] {taskinstance.py:1259} INFO - Executing <Task(BashOperator): ingest> on 2021-09-02 06:00:54+00:00
[2022-04-13 21:26:54,127] {standard_task_runner.py:52} INFO - Started process 4847 to run task
[2022-04-13 21:26:54,149] {standard_task_runner.py:76} INFO - Running: ['***', 'tasks', 'run', 'LocalIngestionDAG', 'ingest', 'scheduled__2021-09-02T06:00:54+00:00', '--job-id', '1194', '--raw', '--subdir', 'DAGS_FOLDER/data_ingestion_local.py', '--cfg-path', '/tmp/tmpg05istms', '--error-file', '/tmp/tmprf65ekb2']
[2022-04-13 21:26:54,164] {standard_task_runner.py:77} INFO - Job 1194: Subtask ingest
[2022-04-13 21:26:54,468] {logging_mixin.py:109} INFO - Running <TaskInstance: LocalIngestionDAG.ingest scheduled__2021-09-02T06:00:54+00:00 [running]> on host 13db72185839
[2022-04-13 21:26:54,786] {taskinstance.py:1426} INFO - Exporting the following env vars:
AIRFLOW_CTX_DAG_OWNER=***
AIRFLOW_CTX_DAG_ID=LocalIngestionDAG
AIRFLOW_CTX_TASK_ID=ingest
AIRFLOW_CTX_EXECUTION_DATE=2021-09-02T06:00:54+00:00
AIRFLOW_CTX_DAG_RUN_ID=scheduled__2021-09-02T06:00:54+00:00
[2022-04-13 21:26:54,794] {subprocess.py:62} INFO - Tmp dir root location: 
 /tmp
[2022-04-13 21:26:54,798] {subprocess.py:74} INFO - Running command: ['bash', '-c', 'pwd']
[2022-04-13 21:26:54,815] {subprocess.py:85} INFO - Output:
[2022-04-13 21:26:54,819] {subprocess.py:89} INFO - /tmp/***tmp14n4v9vb
[2022-04-13 21:26:54,821] {subprocess.py:93} INFO - Command exited with return code 0
[2022-04-13 21:26:55,167] {taskinstance.py:1277} INFO - Marking task as SUCCESS. dag_id=LocalIngestionDAG, task_id=ingest, execution_date=20210902T060054, start_date=20220413T212653, end_date=20220413T212655
[2022-04-13 21:26:55,228] {local_task_job.py:154} INFO - Task exited with return code 0
[2022-04-13 21:26:55,386] {local_task_job.py:264} INFO - 0 downstream tasks scheduled from follow-on schedule check
