[2022-04-13 22:32:12,817] {taskinstance.py:1032} INFO - Dependencies all met for <TaskInstance: LocalIngestionDAG.ingest scheduled__2022-01-02T06:00:20+00:00 [queued]>
[2022-04-13 22:32:12,883] {taskinstance.py:1032} INFO - Dependencies all met for <TaskInstance: LocalIngestionDAG.ingest scheduled__2022-01-02T06:00:20+00:00 [queued]>
[2022-04-13 22:32:12,898] {taskinstance.py:1238} INFO - 
--------------------------------------------------------------------------------
[2022-04-13 22:32:12,905] {taskinstance.py:1239} INFO - Starting attempt 1 of 1
[2022-04-13 22:32:12,907] {taskinstance.py:1240} INFO - 
--------------------------------------------------------------------------------
[2022-04-13 22:32:12,998] {taskinstance.py:1259} INFO - Executing <Task(BashOperator): ingest> on 2022-01-02 06:00:20+00:00
[2022-04-13 22:32:13,018] {standard_task_runner.py:52} INFO - Started process 9636 to run task
[2022-04-13 22:32:13,033] {standard_task_runner.py:76} INFO - Running: ['***', 'tasks', 'run', 'LocalIngestionDAG', 'ingest', 'scheduled__2022-01-02T06:00:20+00:00', '--job-id', '1576', '--raw', '--subdir', 'DAGS_FOLDER/data_ingestion_local.py', '--cfg-path', '/tmp/tmpoxgnxxso', '--error-file', '/tmp/tmp4pebkeb3']
[2022-04-13 22:32:13,046] {standard_task_runner.py:77} INFO - Job 1576: Subtask ingest
[2022-04-13 22:32:13,327] {logging_mixin.py:109} INFO - Running <TaskInstance: LocalIngestionDAG.ingest scheduled__2022-01-02T06:00:20+00:00 [running]> on host 13db72185839
[2022-04-13 22:32:13,537] {taskinstance.py:1426} INFO - Exporting the following env vars:
AIRFLOW_CTX_DAG_OWNER=***
AIRFLOW_CTX_DAG_ID=LocalIngestionDAG
AIRFLOW_CTX_TASK_ID=ingest
AIRFLOW_CTX_EXECUTION_DATE=2022-01-02T06:00:20+00:00
AIRFLOW_CTX_DAG_RUN_ID=scheduled__2022-01-02T06:00:20+00:00
[2022-04-13 22:32:13,541] {subprocess.py:62} INFO - Tmp dir root location: 
 /tmp
[2022-04-13 22:32:13,543] {subprocess.py:74} INFO - Running command: ['bash', '-c', 'ls /opt/***']
[2022-04-13 22:32:13,559] {subprocess.py:85} INFO - Output:
[2022-04-13 22:32:13,567] {subprocess.py:89} INFO - ***.cfg
[2022-04-13 22:32:13,568] {subprocess.py:89} INFO - dags
[2022-04-13 22:32:13,569] {subprocess.py:89} INFO - logs
[2022-04-13 22:32:13,570] {subprocess.py:89} INFO - output.csv
[2022-04-13 22:32:13,570] {subprocess.py:89} INFO - plugins
[2022-04-13 22:32:13,571] {subprocess.py:89} INFO - requirements.txt
[2022-04-13 22:32:13,571] {subprocess.py:89} INFO - scripts
[2022-04-13 22:32:13,572] {subprocess.py:89} INFO - webserver_config.py
[2022-04-13 22:32:13,573] {subprocess.py:93} INFO - Command exited with return code 0
[2022-04-13 22:32:13,635] {taskinstance.py:1277} INFO - Marking task as SUCCESS. dag_id=LocalIngestionDAG, task_id=ingest, execution_date=20220102T060020, start_date=20220413T223212, end_date=20220413T223213
[2022-04-13 22:32:13,716] {local_task_job.py:154} INFO - Task exited with return code 0
[2022-04-13 22:32:13,789] {local_task_job.py:264} INFO - 0 downstream tasks scheduled from follow-on schedule check
