[2022-04-13 21:15:55,021] {taskinstance.py:1032} INFO - Dependencies all met for <TaskInstance: LocalIngestionDAG.ingest scheduled__2021-01-02T06:00:20+00:00 [queued]>
[2022-04-13 21:15:55,049] {taskinstance.py:1032} INFO - Dependencies all met for <TaskInstance: LocalIngestionDAG.ingest scheduled__2021-01-02T06:00:20+00:00 [queued]>
[2022-04-13 21:15:55,050] {taskinstance.py:1238} INFO - 
--------------------------------------------------------------------------------
[2022-04-13 21:15:55,051] {taskinstance.py:1239} INFO - Starting attempt 1 of 1
[2022-04-13 21:15:55,051] {taskinstance.py:1240} INFO - 
--------------------------------------------------------------------------------
[2022-04-13 21:15:55,087] {taskinstance.py:1259} INFO - Executing <Task(BashOperator): ingest> on 2021-01-02 06:00:20+00:00
[2022-04-13 21:15:55,105] {standard_task_runner.py:52} INFO - Started process 1220 to run task
[2022-04-13 21:15:55,112] {standard_task_runner.py:76} INFO - Running: ['***', 'tasks', 'run', 'LocalIngestionDAG', 'ingest', 'scheduled__2021-01-02T06:00:20+00:00', '--job-id', '166', '--raw', '--subdir', 'DAGS_FOLDER/data_ingestion_local.py', '--cfg-path', '/tmp/tmp_qz63jtu', '--error-file', '/tmp/tmpei4tugzk']
[2022-04-13 21:15:55,116] {standard_task_runner.py:77} INFO - Job 166: Subtask ingest
[2022-04-13 21:15:55,388] {logging_mixin.py:109} INFO - Running <TaskInstance: LocalIngestionDAG.ingest scheduled__2021-01-02T06:00:20+00:00 [running]> on host 13db72185839
[2022-04-13 21:15:55,601] {taskinstance.py:1426} INFO - Exporting the following env vars:
AIRFLOW_CTX_DAG_OWNER=***
AIRFLOW_CTX_DAG_ID=LocalIngestionDAG
AIRFLOW_CTX_TASK_ID=ingest
AIRFLOW_CTX_EXECUTION_DATE=2021-01-02T06:00:20+00:00
AIRFLOW_CTX_DAG_RUN_ID=scheduled__2021-01-02T06:00:20+00:00
[2022-04-13 21:15:55,608] {subprocess.py:62} INFO - Tmp dir root location: 
 /tmp
[2022-04-13 21:15:55,609] {subprocess.py:74} INFO - Running command: ['bash', '-c', 'pwd']
[2022-04-13 21:15:55,626] {subprocess.py:85} INFO - Output:
[2022-04-13 21:15:55,630] {subprocess.py:89} INFO - /tmp/***tmpsgxp6nlp
[2022-04-13 21:15:55,633] {subprocess.py:93} INFO - Command exited with return code 0
[2022-04-13 21:15:55,725] {taskinstance.py:1277} INFO - Marking task as SUCCESS. dag_id=LocalIngestionDAG, task_id=ingest, execution_date=20210102T060020, start_date=20220413T211555, end_date=20220413T211555
[2022-04-13 21:15:55,791] {local_task_job.py:154} INFO - Task exited with return code 0
[2022-04-13 21:15:55,878] {local_task_job.py:264} INFO - 0 downstream tasks scheduled from follow-on schedule check
