[2022-04-13 22:31:50,624] {taskinstance.py:1032} INFO - Dependencies all met for <TaskInstance: LocalIngestionDAG.ingest scheduled__2022-01-02T06:00:05+00:00 [queued]>
[2022-04-13 22:31:50,663] {taskinstance.py:1032} INFO - Dependencies all met for <TaskInstance: LocalIngestionDAG.ingest scheduled__2022-01-02T06:00:05+00:00 [queued]>
[2022-04-13 22:31:50,664] {taskinstance.py:1238} INFO - 
--------------------------------------------------------------------------------
[2022-04-13 22:31:50,664] {taskinstance.py:1239} INFO - Starting attempt 1 of 1
[2022-04-13 22:31:50,665] {taskinstance.py:1240} INFO - 
--------------------------------------------------------------------------------
[2022-04-13 22:31:50,713] {taskinstance.py:1259} INFO - Executing <Task(BashOperator): ingest> on 2022-01-02 06:00:05+00:00
[2022-04-13 22:31:50,720] {standard_task_runner.py:52} INFO - Started process 9491 to run task
[2022-04-13 22:31:50,744] {standard_task_runner.py:76} INFO - Running: ['***', 'tasks', 'run', 'LocalIngestionDAG', 'ingest', 'scheduled__2022-01-02T06:00:05+00:00', '--job-id', '1543', '--raw', '--subdir', 'DAGS_FOLDER/data_ingestion_local.py', '--cfg-path', '/tmp/tmp7oa6khoo', '--error-file', '/tmp/tmpscyiyiut']
[2022-04-13 22:31:50,748] {standard_task_runner.py:77} INFO - Job 1543: Subtask ingest
[2022-04-13 22:31:50,988] {logging_mixin.py:109} INFO - Running <TaskInstance: LocalIngestionDAG.ingest scheduled__2022-01-02T06:00:05+00:00 [running]> on host 13db72185839
[2022-04-13 22:31:51,180] {taskinstance.py:1426} INFO - Exporting the following env vars:
AIRFLOW_CTX_DAG_OWNER=***
AIRFLOW_CTX_DAG_ID=LocalIngestionDAG
AIRFLOW_CTX_TASK_ID=ingest
AIRFLOW_CTX_EXECUTION_DATE=2022-01-02T06:00:05+00:00
AIRFLOW_CTX_DAG_RUN_ID=scheduled__2022-01-02T06:00:05+00:00
[2022-04-13 22:31:51,183] {subprocess.py:62} INFO - Tmp dir root location: 
 /tmp
[2022-04-13 22:31:51,185] {subprocess.py:74} INFO - Running command: ['bash', '-c', 'ls /opt/***']
[2022-04-13 22:31:51,206] {subprocess.py:85} INFO - Output:
[2022-04-13 22:31:51,220] {subprocess.py:89} INFO - ***.cfg
[2022-04-13 22:31:51,221] {subprocess.py:89} INFO - dags
[2022-04-13 22:31:51,223] {subprocess.py:89} INFO - logs
[2022-04-13 22:31:51,224] {subprocess.py:89} INFO - output.csv
[2022-04-13 22:31:51,224] {subprocess.py:89} INFO - plugins
[2022-04-13 22:31:51,225] {subprocess.py:89} INFO - requirements.txt
[2022-04-13 22:31:51,226] {subprocess.py:89} INFO - scripts
[2022-04-13 22:31:51,226] {subprocess.py:89} INFO - webserver_config.py
[2022-04-13 22:31:51,227] {subprocess.py:93} INFO - Command exited with return code 0
[2022-04-13 22:31:51,327] {taskinstance.py:1277} INFO - Marking task as SUCCESS. dag_id=LocalIngestionDAG, task_id=ingest, execution_date=20220102T060005, start_date=20220413T223150, end_date=20220413T223151
[2022-04-13 22:31:51,440] {local_task_job.py:154} INFO - Task exited with return code 0
[2022-04-13 22:31:51,547] {local_task_job.py:264} INFO - 0 downstream tasks scheduled from follow-on schedule check
