[2022-04-13 21:26:51,633] {taskinstance.py:1032} INFO - Dependencies all met for <TaskInstance: LocalIngestionDAG.wget scheduled__2021-09-02T06:00:54+00:00 [queued]>
[2022-04-13 21:26:51,664] {taskinstance.py:1032} INFO - Dependencies all met for <TaskInstance: LocalIngestionDAG.wget scheduled__2021-09-02T06:00:54+00:00 [queued]>
[2022-04-13 21:26:51,665] {taskinstance.py:1238} INFO - 
--------------------------------------------------------------------------------
[2022-04-13 21:26:51,666] {taskinstance.py:1239} INFO - Starting attempt 1 of 1
[2022-04-13 21:26:51,669] {taskinstance.py:1240} INFO - 
--------------------------------------------------------------------------------
[2022-04-13 21:26:51,755] {taskinstance.py:1259} INFO - Executing <Task(BashOperator): wget> on 2021-09-02 06:00:54+00:00
[2022-04-13 21:26:51,773] {standard_task_runner.py:52} INFO - Started process 4834 to run task
[2022-04-13 21:26:51,792] {standard_task_runner.py:76} INFO - Running: ['***', 'tasks', 'run', 'LocalIngestionDAG', 'wget', 'scheduled__2021-09-02T06:00:54+00:00', '--job-id', '1189', '--raw', '--subdir', 'DAGS_FOLDER/data_ingestion_local.py', '--cfg-path', '/tmp/tmpdyuecz5x', '--error-file', '/tmp/tmpcktseo9l']
[2022-04-13 21:26:51,795] {standard_task_runner.py:77} INFO - Job 1189: Subtask wget
[2022-04-13 21:26:52,001] {logging_mixin.py:109} INFO - Running <TaskInstance: LocalIngestionDAG.wget scheduled__2021-09-02T06:00:54+00:00 [running]> on host 13db72185839
[2022-04-13 21:26:52,179] {taskinstance.py:1426} INFO - Exporting the following env vars:
AIRFLOW_CTX_DAG_OWNER=***
AIRFLOW_CTX_DAG_ID=LocalIngestionDAG
AIRFLOW_CTX_TASK_ID=wget
AIRFLOW_CTX_EXECUTION_DATE=2021-09-02T06:00:54+00:00
AIRFLOW_CTX_DAG_RUN_ID=scheduled__2021-09-02T06:00:54+00:00
[2022-04-13 21:26:52,181] {subprocess.py:62} INFO - Tmp dir root location: 
 /tmp
[2022-04-13 21:26:52,183] {subprocess.py:74} INFO - Running command: ['bash', '-c', 'echo "hello world"']
[2022-04-13 21:26:52,207] {subprocess.py:85} INFO - Output:
[2022-04-13 21:26:52,217] {subprocess.py:89} INFO - hello world
[2022-04-13 21:26:52,218] {subprocess.py:93} INFO - Command exited with return code 0
[2022-04-13 21:26:52,335] {taskinstance.py:1277} INFO - Marking task as SUCCESS. dag_id=LocalIngestionDAG, task_id=wget, execution_date=20210902T060054, start_date=20220413T212651, end_date=20220413T212652
[2022-04-13 21:26:52,445] {local_task_job.py:154} INFO - Task exited with return code 0
[2022-04-13 21:26:52,875] {local_task_job.py:264} INFO - 0 downstream tasks scheduled from follow-on schedule check
