[2022-04-13 21:42:52,407] {taskinstance.py:1032} INFO - Dependencies all met for <TaskInstance: LocalIngestionDAG.wget scheduled__2021-11-02T06:00:03+00:00 [queued]>
[2022-04-13 21:42:52,421] {taskinstance.py:1032} INFO - Dependencies all met for <TaskInstance: LocalIngestionDAG.wget scheduled__2021-11-02T06:00:03+00:00 [queued]>
[2022-04-13 21:42:52,423] {taskinstance.py:1238} INFO - 
--------------------------------------------------------------------------------
[2022-04-13 21:42:52,426] {taskinstance.py:1239} INFO - Starting attempt 1 of 1
[2022-04-13 21:42:52,430] {taskinstance.py:1240} INFO - 
--------------------------------------------------------------------------------
[2022-04-13 21:42:52,478] {taskinstance.py:1259} INFO - Executing <Task(BashOperator): wget> on 2021-11-02 06:00:03+00:00
[2022-04-13 21:42:52,485] {standard_task_runner.py:52} INFO - Started process 6147 to run task
[2022-04-13 21:42:52,491] {standard_task_runner.py:76} INFO - Running: ['***', 'tasks', 'run', 'LocalIngestionDAG', 'wget', 'scheduled__2021-11-02T06:00:03+00:00', '--job-id', '1315', '--raw', '--subdir', 'DAGS_FOLDER/data_ingestion_local.py', '--cfg-path', '/tmp/tmp0qwk6swh', '--error-file', '/tmp/tmphs7kt85_']
[2022-04-13 21:42:52,493] {standard_task_runner.py:77} INFO - Job 1315: Subtask wget
[2022-04-13 21:42:52,622] {logging_mixin.py:109} INFO - Running <TaskInstance: LocalIngestionDAG.wget scheduled__2021-11-02T06:00:03+00:00 [running]> on host 13db72185839
[2022-04-13 21:42:52,741] {taskinstance.py:1426} INFO - Exporting the following env vars:
AIRFLOW_CTX_DAG_OWNER=***
AIRFLOW_CTX_DAG_ID=LocalIngestionDAG
AIRFLOW_CTX_TASK_ID=wget
AIRFLOW_CTX_EXECUTION_DATE=2021-11-02T06:00:03+00:00
AIRFLOW_CTX_DAG_RUN_ID=scheduled__2021-11-02T06:00:03+00:00
[2022-04-13 21:42:52,743] {subprocess.py:62} INFO - Tmp dir root location: 
 /tmp
[2022-04-13 21:42:52,744] {subprocess.py:74} INFO - Running command: ['bash', '-c', 'curl -sSL https://s3.amazonaws.com/nyc-tlc/trip+data/yellow_tripdata_2021-01.csv > /opt/***/output.csv']
[2022-04-13 21:42:52,757] {subprocess.py:85} INFO - Output:
[2022-04-13 21:53:54,153] {subprocess.py:93} INFO - Command exited with return code 0
[2022-04-13 21:53:54,269] {taskinstance.py:1277} INFO - Marking task as SUCCESS. dag_id=LocalIngestionDAG, task_id=wget, execution_date=20211102T060003, start_date=20220413T214252, end_date=20220413T215354
[2022-04-13 21:53:54,333] {local_task_job.py:154} INFO - Task exited with return code 0
[2022-04-13 21:53:54,392] {local_task_job.py:264} INFO - 1 downstream tasks scheduled from follow-on schedule check
