[2022-04-13 21:16:41,998] {taskinstance.py:1032} INFO - Dependencies all met for <TaskInstance: LocalIngestionDAG.ingest scheduled__2021-02-02T06:00:15+00:00 [queued]>
[2022-04-13 21:16:42,047] {taskinstance.py:1032} INFO - Dependencies all met for <TaskInstance: LocalIngestionDAG.ingest scheduled__2021-02-02T06:00:15+00:00 [queued]>
[2022-04-13 21:16:42,048] {taskinstance.py:1238} INFO - 
--------------------------------------------------------------------------------
[2022-04-13 21:16:42,049] {taskinstance.py:1239} INFO - Starting attempt 1 of 1
[2022-04-13 21:16:42,050] {taskinstance.py:1240} INFO - 
--------------------------------------------------------------------------------
[2022-04-13 21:16:42,076] {taskinstance.py:1259} INFO - Executing <Task(BashOperator): ingest> on 2021-02-02 06:00:15+00:00
[2022-04-13 21:16:42,081] {standard_task_runner.py:52} INFO - Started process 1580 to run task
[2022-04-13 21:16:42,087] {standard_task_runner.py:76} INFO - Running: ['***', 'tasks', 'run', 'LocalIngestionDAG', 'ingest', 'scheduled__2021-02-02T06:00:15+00:00', '--job-id', '275', '--raw', '--subdir', 'DAGS_FOLDER/data_ingestion_local.py', '--cfg-path', '/tmp/tmpkzkvvs37', '--error-file', '/tmp/tmp64l37prt']
[2022-04-13 21:16:42,090] {standard_task_runner.py:77} INFO - Job 275: Subtask ingest
[2022-04-13 21:16:42,192] {logging_mixin.py:109} INFO - Running <TaskInstance: LocalIngestionDAG.ingest scheduled__2021-02-02T06:00:15+00:00 [running]> on host 13db72185839
[2022-04-13 21:16:42,283] {taskinstance.py:1426} INFO - Exporting the following env vars:
AIRFLOW_CTX_DAG_OWNER=***
AIRFLOW_CTX_DAG_ID=LocalIngestionDAG
AIRFLOW_CTX_TASK_ID=ingest
AIRFLOW_CTX_EXECUTION_DATE=2021-02-02T06:00:15+00:00
AIRFLOW_CTX_DAG_RUN_ID=scheduled__2021-02-02T06:00:15+00:00
[2022-04-13 21:16:42,284] {subprocess.py:62} INFO - Tmp dir root location: 
 /tmp
[2022-04-13 21:16:42,285] {subprocess.py:74} INFO - Running command: ['bash', '-c', 'pwd']
[2022-04-13 21:16:42,345] {subprocess.py:85} INFO - Output:
[2022-04-13 21:16:42,349] {subprocess.py:89} INFO - /tmp/***tmpb3b67yy3
[2022-04-13 21:16:42,350] {subprocess.py:93} INFO - Command exited with return code 0
[2022-04-13 21:16:42,395] {taskinstance.py:1277} INFO - Marking task as SUCCESS. dag_id=LocalIngestionDAG, task_id=ingest, execution_date=20210202T060015, start_date=20220413T211642, end_date=20220413T211642
[2022-04-13 21:16:42,421] {local_task_job.py:154} INFO - Task exited with return code 0
[2022-04-13 21:16:42,457] {local_task_job.py:264} INFO - 0 downstream tasks scheduled from follow-on schedule check
