[2022-04-13 21:23:01,272] {taskinstance.py:1032} INFO - Dependencies all met for <TaskInstance: LocalIngestionDAG.ingest scheduled__2021-06-02T06:00:20+00:00 [queued]>
[2022-04-13 21:23:01,343] {taskinstance.py:1032} INFO - Dependencies all met for <TaskInstance: LocalIngestionDAG.ingest scheduled__2021-06-02T06:00:20+00:00 [queued]>
[2022-04-13 21:23:01,357] {taskinstance.py:1238} INFO - 
--------------------------------------------------------------------------------
[2022-04-13 21:23:01,359] {taskinstance.py:1239} INFO - Starting attempt 1 of 1
[2022-04-13 21:23:01,360] {taskinstance.py:1240} INFO - 
--------------------------------------------------------------------------------
[2022-04-13 21:23:01,483] {taskinstance.py:1259} INFO - Executing <Task(BashOperator): ingest> on 2021-06-02 06:00:20+00:00
[2022-04-13 21:23:01,500] {standard_task_runner.py:52} INFO - Started process 3389 to run task
[2022-04-13 21:23:01,539] {standard_task_runner.py:76} INFO - Running: ['***', 'tasks', 'run', 'LocalIngestionDAG', 'ingest', 'scheduled__2021-06-02T06:00:20+00:00', '--job-id', '765', '--raw', '--subdir', 'DAGS_FOLDER/data_ingestion_local.py', '--cfg-path', '/tmp/tmpr76sy9vn', '--error-file', '/tmp/tmpdfit4gi9']
[2022-04-13 21:23:01,545] {standard_task_runner.py:77} INFO - Job 765: Subtask ingest
[2022-04-13 21:23:01,946] {logging_mixin.py:109} INFO - Running <TaskInstance: LocalIngestionDAG.ingest scheduled__2021-06-02T06:00:20+00:00 [running]> on host 13db72185839
[2022-04-13 21:23:02,238] {taskinstance.py:1426} INFO - Exporting the following env vars:
AIRFLOW_CTX_DAG_OWNER=***
AIRFLOW_CTX_DAG_ID=LocalIngestionDAG
AIRFLOW_CTX_TASK_ID=ingest
AIRFLOW_CTX_EXECUTION_DATE=2021-06-02T06:00:20+00:00
AIRFLOW_CTX_DAG_RUN_ID=scheduled__2021-06-02T06:00:20+00:00
[2022-04-13 21:23:02,268] {subprocess.py:62} INFO - Tmp dir root location: 
 /tmp
[2022-04-13 21:23:02,288] {subprocess.py:74} INFO - Running command: ['bash', '-c', 'pwd']
[2022-04-13 21:23:02,332] {subprocess.py:85} INFO - Output:
[2022-04-13 21:23:02,347] {subprocess.py:89} INFO - /tmp/***tmp7klg0nmy
[2022-04-13 21:23:02,352] {subprocess.py:93} INFO - Command exited with return code 0
[2022-04-13 21:23:02,702] {taskinstance.py:1277} INFO - Marking task as SUCCESS. dag_id=LocalIngestionDAG, task_id=ingest, execution_date=20210602T060020, start_date=20220413T212301, end_date=20220413T212302
[2022-04-13 21:23:02,838] {local_task_job.py:154} INFO - Task exited with return code 0
[2022-04-13 21:23:03,028] {local_task_job.py:264} INFO - 0 downstream tasks scheduled from follow-on schedule check
