[2022-04-13 21:28:04,033] {taskinstance.py:1032} INFO - Dependencies all met for <TaskInstance: LocalIngestionDAG.wget scheduled__2021-10-02T06:00:47+00:00 [queued]>
[2022-04-13 21:28:04,075] {taskinstance.py:1032} INFO - Dependencies all met for <TaskInstance: LocalIngestionDAG.wget scheduled__2021-10-02T06:00:47+00:00 [queued]>
[2022-04-13 21:28:04,079] {taskinstance.py:1238} INFO - 
--------------------------------------------------------------------------------
[2022-04-13 21:28:04,083] {taskinstance.py:1239} INFO - Starting attempt 1 of 1
[2022-04-13 21:28:04,088] {taskinstance.py:1240} INFO - 
--------------------------------------------------------------------------------
[2022-04-13 21:28:04,169] {taskinstance.py:1259} INFO - Executing <Task(BashOperator): wget> on 2021-10-02 06:00:47+00:00
[2022-04-13 21:28:04,199] {standard_task_runner.py:52} INFO - Started process 5190 to run task
[2022-04-13 21:28:04,242] {standard_task_runner.py:76} INFO - Running: ['***', 'tasks', 'run', 'LocalIngestionDAG', 'wget', 'scheduled__2021-10-02T06:00:47+00:00', '--job-id', '1292', '--raw', '--subdir', 'DAGS_FOLDER/data_ingestion_local.py', '--cfg-path', '/tmp/tmpr3z1bbp9', '--error-file', '/tmp/tmp0jd_6q0p']
[2022-04-13 21:28:04,271] {standard_task_runner.py:77} INFO - Job 1292: Subtask wget
[2022-04-13 21:28:04,667] {logging_mixin.py:109} INFO - Running <TaskInstance: LocalIngestionDAG.wget scheduled__2021-10-02T06:00:47+00:00 [running]> on host 13db72185839
[2022-04-13 21:28:05,118] {taskinstance.py:1426} INFO - Exporting the following env vars:
AIRFLOW_CTX_DAG_OWNER=***
AIRFLOW_CTX_DAG_ID=LocalIngestionDAG
AIRFLOW_CTX_TASK_ID=wget
AIRFLOW_CTX_EXECUTION_DATE=2021-10-02T06:00:47+00:00
AIRFLOW_CTX_DAG_RUN_ID=scheduled__2021-10-02T06:00:47+00:00
[2022-04-13 21:28:05,124] {subprocess.py:62} INFO - Tmp dir root location: 
 /tmp
[2022-04-13 21:28:05,130] {subprocess.py:74} INFO - Running command: ['bash', '-c', 'echo "hello world"']
[2022-04-13 21:28:05,180] {subprocess.py:85} INFO - Output:
[2022-04-13 21:28:05,209] {subprocess.py:89} INFO - hello world
[2022-04-13 21:28:05,224] {subprocess.py:93} INFO - Command exited with return code 0
[2022-04-13 21:28:05,355] {taskinstance.py:1277} INFO - Marking task as SUCCESS. dag_id=LocalIngestionDAG, task_id=wget, execution_date=20211002T060047, start_date=20220413T212804, end_date=20220413T212805
[2022-04-13 21:28:05,559] {local_task_job.py:154} INFO - Task exited with return code 0
[2022-04-13 21:28:06,256] {local_task_job.py:264} INFO - 0 downstream tasks scheduled from follow-on schedule check
