[2022-04-13 22:35:04,472] {taskinstance.py:1032} INFO - Dependencies all met for <TaskInstance: LocalIngestionDAG.ingest scheduled__2022-03-02T06:00:25+00:00 [queued]>
[2022-04-13 22:35:04,534] {taskinstance.py:1032} INFO - Dependencies all met for <TaskInstance: LocalIngestionDAG.ingest scheduled__2022-03-02T06:00:25+00:00 [queued]>
[2022-04-13 22:35:04,535] {taskinstance.py:1238} INFO - 
--------------------------------------------------------------------------------
[2022-04-13 22:35:04,536] {taskinstance.py:1239} INFO - Starting attempt 1 of 1
[2022-04-13 22:35:04,537] {taskinstance.py:1240} INFO - 
--------------------------------------------------------------------------------
[2022-04-13 22:35:04,598] {taskinstance.py:1259} INFO - Executing <Task(BashOperator): ingest> on 2022-03-02 06:00:25+00:00
[2022-04-13 22:35:04,611] {standard_task_runner.py:52} INFO - Started process 10781 to run task
[2022-04-13 22:35:04,624] {standard_task_runner.py:76} INFO - Running: ['***', 'tasks', 'run', 'LocalIngestionDAG', 'ingest', 'scheduled__2022-03-02T06:00:25+00:00', '--job-id', '1830', '--raw', '--subdir', 'DAGS_FOLDER/data_ingestion_local.py', '--cfg-path', '/tmp/tmp7oyf5w98', '--error-file', '/tmp/tmpyweu7jm4']
[2022-04-13 22:35:04,628] {standard_task_runner.py:77} INFO - Job 1830: Subtask ingest
[2022-04-13 22:35:04,850] {logging_mixin.py:109} INFO - Running <TaskInstance: LocalIngestionDAG.ingest scheduled__2022-03-02T06:00:25+00:00 [running]> on host 13db72185839
[2022-04-13 22:35:05,037] {taskinstance.py:1426} INFO - Exporting the following env vars:
AIRFLOW_CTX_DAG_OWNER=***
AIRFLOW_CTX_DAG_ID=LocalIngestionDAG
AIRFLOW_CTX_TASK_ID=ingest
AIRFLOW_CTX_EXECUTION_DATE=2022-03-02T06:00:25+00:00
AIRFLOW_CTX_DAG_RUN_ID=scheduled__2022-03-02T06:00:25+00:00
[2022-04-13 22:35:05,041] {subprocess.py:62} INFO - Tmp dir root location: 
 /tmp
[2022-04-13 22:35:05,044] {subprocess.py:74} INFO - Running command: ['bash', '-c', 'ls /opt/***']
[2022-04-13 22:35:05,060] {subprocess.py:85} INFO - Output:
[2022-04-13 22:35:05,072] {subprocess.py:89} INFO - ***.cfg
[2022-04-13 22:35:05,073] {subprocess.py:89} INFO - dags
[2022-04-13 22:35:05,073] {subprocess.py:89} INFO - logs
[2022-04-13 22:35:05,075] {subprocess.py:89} INFO - output.csv
[2022-04-13 22:35:05,075] {subprocess.py:89} INFO - plugins
[2022-04-13 22:35:05,077] {subprocess.py:89} INFO - requirements.txt
[2022-04-13 22:35:05,078] {subprocess.py:89} INFO - scripts
[2022-04-13 22:35:05,078] {subprocess.py:89} INFO - webserver_config.py
[2022-04-13 22:35:05,079] {subprocess.py:93} INFO - Command exited with return code 0
[2022-04-13 22:35:05,185] {taskinstance.py:1277} INFO - Marking task as SUCCESS. dag_id=LocalIngestionDAG, task_id=ingest, execution_date=20220302T060025, start_date=20220413T223504, end_date=20220413T223505
[2022-04-13 22:35:05,239] {local_task_job.py:154} INFO - Task exited with return code 0
[2022-04-13 22:35:05,417] {local_task_job.py:264} INFO - 0 downstream tasks scheduled from follow-on schedule check
