[2022-04-13 21:25:37,729] {taskinstance.py:1032} INFO - Dependencies all met for <TaskInstance: LocalIngestionDAG.wget scheduled__2021-08-02T06:00:51+00:00 [queued]>
[2022-04-13 21:25:37,749] {taskinstance.py:1032} INFO - Dependencies all met for <TaskInstance: LocalIngestionDAG.wget scheduled__2021-08-02T06:00:51+00:00 [queued]>
[2022-04-13 21:25:37,750] {taskinstance.py:1238} INFO - 
--------------------------------------------------------------------------------
[2022-04-13 21:25:37,750] {taskinstance.py:1239} INFO - Starting attempt 1 of 1
[2022-04-13 21:25:37,751] {taskinstance.py:1240} INFO - 
--------------------------------------------------------------------------------
[2022-04-13 21:25:37,769] {taskinstance.py:1259} INFO - Executing <Task(BashOperator): wget> on 2021-08-02 06:00:51+00:00
[2022-04-13 21:25:37,814] {standard_task_runner.py:52} INFO - Started process 4389 to run task
[2022-04-13 21:25:37,819] {standard_task_runner.py:76} INFO - Running: ['***', 'tasks', 'run', 'LocalIngestionDAG', 'wget', 'scheduled__2021-08-02T06:00:51+00:00', '--job-id', '1063', '--raw', '--subdir', 'DAGS_FOLDER/data_ingestion_local.py', '--cfg-path', '/tmp/tmpvut_k7me', '--error-file', '/tmp/tmpowat4v2s']
[2022-04-13 21:25:37,821] {standard_task_runner.py:77} INFO - Job 1063: Subtask wget
[2022-04-13 21:25:37,917] {logging_mixin.py:109} INFO - Running <TaskInstance: LocalIngestionDAG.wget scheduled__2021-08-02T06:00:51+00:00 [running]> on host 13db72185839
[2022-04-13 21:25:38,008] {taskinstance.py:1426} INFO - Exporting the following env vars:
AIRFLOW_CTX_DAG_OWNER=***
AIRFLOW_CTX_DAG_ID=LocalIngestionDAG
AIRFLOW_CTX_TASK_ID=wget
AIRFLOW_CTX_EXECUTION_DATE=2021-08-02T06:00:51+00:00
AIRFLOW_CTX_DAG_RUN_ID=scheduled__2021-08-02T06:00:51+00:00
[2022-04-13 21:25:38,010] {subprocess.py:62} INFO - Tmp dir root location: 
 /tmp
[2022-04-13 21:25:38,012] {subprocess.py:74} INFO - Running command: ['bash', '-c', 'echo "hello world"']
[2022-04-13 21:25:38,023] {subprocess.py:85} INFO - Output:
[2022-04-13 21:25:38,025] {subprocess.py:89} INFO - hello world
[2022-04-13 21:25:38,027] {subprocess.py:93} INFO - Command exited with return code 0
[2022-04-13 21:25:38,057] {taskinstance.py:1277} INFO - Marking task as SUCCESS. dag_id=LocalIngestionDAG, task_id=wget, execution_date=20210802T060051, start_date=20220413T212537, end_date=20220413T212538
[2022-04-13 21:25:38,111] {local_task_job.py:154} INFO - Task exited with return code 0
[2022-04-13 21:25:38,187] {local_task_job.py:264} INFO - 1 downstream tasks scheduled from follow-on schedule check
