[2022-04-13 21:27:23,249] {taskinstance.py:1032} INFO - Dependencies all met for <TaskInstance: LocalIngestionDAG.wget scheduled__2021-10-02T06:00:17+00:00 [queued]>
[2022-04-13 21:27:23,295] {taskinstance.py:1032} INFO - Dependencies all met for <TaskInstance: LocalIngestionDAG.wget scheduled__2021-10-02T06:00:17+00:00 [queued]>
[2022-04-13 21:27:23,296] {taskinstance.py:1238} INFO - 
--------------------------------------------------------------------------------
[2022-04-13 21:27:23,300] {taskinstance.py:1239} INFO - Starting attempt 1 of 1
[2022-04-13 21:27:23,301] {taskinstance.py:1240} INFO - 
--------------------------------------------------------------------------------
[2022-04-13 21:27:23,345] {taskinstance.py:1259} INFO - Executing <Task(BashOperator): wget> on 2021-10-02 06:00:17+00:00
[2022-04-13 21:27:23,374] {standard_task_runner.py:52} INFO - Started process 4982 to run task
[2022-04-13 21:27:23,380] {standard_task_runner.py:76} INFO - Running: ['***', 'tasks', 'run', 'LocalIngestionDAG', 'wget', 'scheduled__2021-10-02T06:00:17+00:00', '--job-id', '1234', '--raw', '--subdir', 'DAGS_FOLDER/data_ingestion_local.py', '--cfg-path', '/tmp/tmp36d17xf8', '--error-file', '/tmp/tmpq90hab6k']
[2022-04-13 21:27:23,384] {standard_task_runner.py:77} INFO - Job 1234: Subtask wget
[2022-04-13 21:27:23,552] {logging_mixin.py:109} INFO - Running <TaskInstance: LocalIngestionDAG.wget scheduled__2021-10-02T06:00:17+00:00 [running]> on host 13db72185839
[2022-04-13 21:27:23,732] {taskinstance.py:1426} INFO - Exporting the following env vars:
AIRFLOW_CTX_DAG_OWNER=***
AIRFLOW_CTX_DAG_ID=LocalIngestionDAG
AIRFLOW_CTX_TASK_ID=wget
AIRFLOW_CTX_EXECUTION_DATE=2021-10-02T06:00:17+00:00
AIRFLOW_CTX_DAG_RUN_ID=scheduled__2021-10-02T06:00:17+00:00
[2022-04-13 21:27:23,735] {subprocess.py:62} INFO - Tmp dir root location: 
 /tmp
[2022-04-13 21:27:23,737] {subprocess.py:74} INFO - Running command: ['bash', '-c', 'echo "hello world"']
[2022-04-13 21:27:23,758] {subprocess.py:85} INFO - Output:
[2022-04-13 21:27:23,771] {subprocess.py:89} INFO - hello world
[2022-04-13 21:27:23,780] {subprocess.py:93} INFO - Command exited with return code 0
[2022-04-13 21:27:23,871] {taskinstance.py:1277} INFO - Marking task as SUCCESS. dag_id=LocalIngestionDAG, task_id=wget, execution_date=20211002T060017, start_date=20220413T212723, end_date=20220413T212723
[2022-04-13 21:27:23,957] {local_task_job.py:154} INFO - Task exited with return code 0
[2022-04-13 21:27:24,050] {local_task_job.py:264} INFO - 1 downstream tasks scheduled from follow-on schedule check
