[2022-04-13 22:34:00,495] {taskinstance.py:1032} INFO - Dependencies all met for <TaskInstance: LocalIngestionDAG.ingest scheduled__2022-02-02T06:00:41+00:00 [queued]>
[2022-04-13 22:34:00,540] {taskinstance.py:1032} INFO - Dependencies all met for <TaskInstance: LocalIngestionDAG.ingest scheduled__2022-02-02T06:00:41+00:00 [queued]>
[2022-04-13 22:34:00,553] {taskinstance.py:1238} INFO - 
--------------------------------------------------------------------------------
[2022-04-13 22:34:00,571] {taskinstance.py:1239} INFO - Starting attempt 1 of 1
[2022-04-13 22:34:00,577] {taskinstance.py:1240} INFO - 
--------------------------------------------------------------------------------
[2022-04-13 22:34:00,641] {taskinstance.py:1259} INFO - Executing <Task(BashOperator): ingest> on 2022-02-02 06:00:41+00:00
[2022-04-13 22:34:00,650] {standard_task_runner.py:52} INFO - Started process 10364 to run task
[2022-04-13 22:34:00,661] {standard_task_runner.py:76} INFO - Running: ['***', 'tasks', 'run', 'LocalIngestionDAG', 'ingest', 'scheduled__2022-02-02T06:00:41+00:00', '--job-id', '1738', '--raw', '--subdir', 'DAGS_FOLDER/data_ingestion_local.py', '--cfg-path', '/tmp/tmpo5thjbrh', '--error-file', '/tmp/tmpo8cnndoe']
[2022-04-13 22:34:00,665] {standard_task_runner.py:77} INFO - Job 1738: Subtask ingest
[2022-04-13 22:34:00,833] {logging_mixin.py:109} INFO - Running <TaskInstance: LocalIngestionDAG.ingest scheduled__2022-02-02T06:00:41+00:00 [running]> on host 13db72185839
[2022-04-13 22:34:00,975] {taskinstance.py:1426} INFO - Exporting the following env vars:
AIRFLOW_CTX_DAG_OWNER=***
AIRFLOW_CTX_DAG_ID=LocalIngestionDAG
AIRFLOW_CTX_TASK_ID=ingest
AIRFLOW_CTX_EXECUTION_DATE=2022-02-02T06:00:41+00:00
AIRFLOW_CTX_DAG_RUN_ID=scheduled__2022-02-02T06:00:41+00:00
[2022-04-13 22:34:00,977] {subprocess.py:62} INFO - Tmp dir root location: 
 /tmp
[2022-04-13 22:34:00,979] {subprocess.py:74} INFO - Running command: ['bash', '-c', 'ls /opt/***']
[2022-04-13 22:34:00,991] {subprocess.py:85} INFO - Output:
[2022-04-13 22:34:00,997] {subprocess.py:89} INFO - ***.cfg
[2022-04-13 22:34:00,998] {subprocess.py:89} INFO - dags
[2022-04-13 22:34:00,998] {subprocess.py:89} INFO - logs
[2022-04-13 22:34:00,999] {subprocess.py:89} INFO - output.csv
[2022-04-13 22:34:00,999] {subprocess.py:89} INFO - plugins
[2022-04-13 22:34:01,000] {subprocess.py:89} INFO - requirements.txt
[2022-04-13 22:34:01,000] {subprocess.py:89} INFO - scripts
[2022-04-13 22:34:01,000] {subprocess.py:89} INFO - webserver_config.py
[2022-04-13 22:34:01,001] {subprocess.py:93} INFO - Command exited with return code 0
[2022-04-13 22:34:01,040] {taskinstance.py:1277} INFO - Marking task as SUCCESS. dag_id=LocalIngestionDAG, task_id=ingest, execution_date=20220202T060041, start_date=20220413T223400, end_date=20220413T223401
[2022-04-13 22:34:01,074] {local_task_job.py:154} INFO - Task exited with return code 0
[2022-04-13 22:34:01,138] {local_task_job.py:264} INFO - 0 downstream tasks scheduled from follow-on schedule check
