[2022-04-13 21:16:37,716] {taskinstance.py:1032} INFO - Dependencies all met for <TaskInstance: LocalIngestionDAG.ingest scheduled__2021-02-02T06:00:12+00:00 [queued]>
[2022-04-13 21:16:37,730] {taskinstance.py:1032} INFO - Dependencies all met for <TaskInstance: LocalIngestionDAG.ingest scheduled__2021-02-02T06:00:12+00:00 [queued]>
[2022-04-13 21:16:37,731] {taskinstance.py:1238} INFO - 
--------------------------------------------------------------------------------
[2022-04-13 21:16:37,731] {taskinstance.py:1239} INFO - Starting attempt 1 of 1
[2022-04-13 21:16:37,731] {taskinstance.py:1240} INFO - 
--------------------------------------------------------------------------------
[2022-04-13 21:16:37,749] {taskinstance.py:1259} INFO - Executing <Task(BashOperator): ingest> on 2021-02-02 06:00:12+00:00
[2022-04-13 21:16:37,754] {standard_task_runner.py:52} INFO - Started process 1553 to run task
[2022-04-13 21:16:37,758] {standard_task_runner.py:76} INFO - Running: ['***', 'tasks', 'run', 'LocalIngestionDAG', 'ingest', 'scheduled__2021-02-02T06:00:12+00:00', '--job-id', '266', '--raw', '--subdir', 'DAGS_FOLDER/data_ingestion_local.py', '--cfg-path', '/tmp/tmpaloie2rb', '--error-file', '/tmp/tmp4ptu3ji6']
[2022-04-13 21:16:37,759] {standard_task_runner.py:77} INFO - Job 266: Subtask ingest
[2022-04-13 21:16:37,823] {logging_mixin.py:109} INFO - Running <TaskInstance: LocalIngestionDAG.ingest scheduled__2021-02-02T06:00:12+00:00 [running]> on host 13db72185839
[2022-04-13 21:16:37,895] {taskinstance.py:1426} INFO - Exporting the following env vars:
AIRFLOW_CTX_DAG_OWNER=***
AIRFLOW_CTX_DAG_ID=LocalIngestionDAG
AIRFLOW_CTX_TASK_ID=ingest
AIRFLOW_CTX_EXECUTION_DATE=2021-02-02T06:00:12+00:00
AIRFLOW_CTX_DAG_RUN_ID=scheduled__2021-02-02T06:00:12+00:00
[2022-04-13 21:16:37,896] {subprocess.py:62} INFO - Tmp dir root location: 
 /tmp
[2022-04-13 21:16:37,897] {subprocess.py:74} INFO - Running command: ['bash', '-c', 'pwd']
[2022-04-13 21:16:37,904] {subprocess.py:85} INFO - Output:
[2022-04-13 21:16:37,905] {subprocess.py:89} INFO - /tmp/***tmpmot2_w2j
[2022-04-13 21:16:37,906] {subprocess.py:93} INFO - Command exited with return code 0
[2022-04-13 21:16:37,934] {taskinstance.py:1277} INFO - Marking task as SUCCESS. dag_id=LocalIngestionDAG, task_id=ingest, execution_date=20210202T060012, start_date=20220413T211637, end_date=20220413T211637
[2022-04-13 21:16:37,971] {local_task_job.py:154} INFO - Task exited with return code 0
[2022-04-13 21:16:38,072] {local_task_job.py:264} INFO - 0 downstream tasks scheduled from follow-on schedule check
