[2022-04-13 21:16:36,313] {taskinstance.py:1032} INFO - Dependencies all met for <TaskInstance: LocalIngestionDAG.ingest scheduled__2021-02-02T06:00:11+00:00 [queued]>
[2022-04-13 21:16:36,333] {taskinstance.py:1032} INFO - Dependencies all met for <TaskInstance: LocalIngestionDAG.ingest scheduled__2021-02-02T06:00:11+00:00 [queued]>
[2022-04-13 21:16:36,333] {taskinstance.py:1238} INFO - 
--------------------------------------------------------------------------------
[2022-04-13 21:16:36,334] {taskinstance.py:1239} INFO - Starting attempt 1 of 1
[2022-04-13 21:16:36,334] {taskinstance.py:1240} INFO - 
--------------------------------------------------------------------------------
[2022-04-13 21:16:36,355] {taskinstance.py:1259} INFO - Executing <Task(BashOperator): ingest> on 2021-02-02 06:00:11+00:00
[2022-04-13 21:16:36,358] {standard_task_runner.py:52} INFO - Started process 1549 to run task
[2022-04-13 21:16:36,362] {standard_task_runner.py:76} INFO - Running: ['***', 'tasks', 'run', 'LocalIngestionDAG', 'ingest', 'scheduled__2021-02-02T06:00:11+00:00', '--job-id', '265', '--raw', '--subdir', 'DAGS_FOLDER/data_ingestion_local.py', '--cfg-path', '/tmp/tmpkc5tv3ih', '--error-file', '/tmp/tmptsvokt34']
[2022-04-13 21:16:36,364] {standard_task_runner.py:77} INFO - Job 265: Subtask ingest
[2022-04-13 21:16:36,442] {logging_mixin.py:109} INFO - Running <TaskInstance: LocalIngestionDAG.ingest scheduled__2021-02-02T06:00:11+00:00 [running]> on host 13db72185839
[2022-04-13 21:16:36,536] {taskinstance.py:1426} INFO - Exporting the following env vars:
AIRFLOW_CTX_DAG_OWNER=***
AIRFLOW_CTX_DAG_ID=LocalIngestionDAG
AIRFLOW_CTX_TASK_ID=ingest
AIRFLOW_CTX_EXECUTION_DATE=2021-02-02T06:00:11+00:00
AIRFLOW_CTX_DAG_RUN_ID=scheduled__2021-02-02T06:00:11+00:00
[2022-04-13 21:16:36,541] {subprocess.py:62} INFO - Tmp dir root location: 
 /tmp
[2022-04-13 21:16:36,542] {subprocess.py:74} INFO - Running command: ['bash', '-c', 'pwd']
[2022-04-13 21:16:36,552] {subprocess.py:85} INFO - Output:
[2022-04-13 21:16:36,555] {subprocess.py:89} INFO - /tmp/***tmpu9cjlohs
[2022-04-13 21:16:36,556] {subprocess.py:93} INFO - Command exited with return code 0
[2022-04-13 21:16:36,601] {taskinstance.py:1277} INFO - Marking task as SUCCESS. dag_id=LocalIngestionDAG, task_id=ingest, execution_date=20210202T060011, start_date=20220413T211636, end_date=20220413T211636
[2022-04-13 21:16:36,655] {local_task_job.py:154} INFO - Task exited with return code 0
[2022-04-13 21:16:36,697] {local_task_job.py:264} INFO - 0 downstream tasks scheduled from follow-on schedule check
