[2022-04-13 21:18:15,781] {taskinstance.py:1032} INFO - Dependencies all met for <TaskInstance: LocalIngestionDAG.wget scheduled__2021-04-02T06:00:03+00:00 [queued]>
[2022-04-13 21:18:15,807] {taskinstance.py:1032} INFO - Dependencies all met for <TaskInstance: LocalIngestionDAG.wget scheduled__2021-04-02T06:00:03+00:00 [queued]>
[2022-04-13 21:18:15,808] {taskinstance.py:1238} INFO - 
--------------------------------------------------------------------------------
[2022-04-13 21:18:15,809] {taskinstance.py:1239} INFO - Starting attempt 1 of 1
[2022-04-13 21:18:15,809] {taskinstance.py:1240} INFO - 
--------------------------------------------------------------------------------
[2022-04-13 21:18:15,872] {taskinstance.py:1259} INFO - Executing <Task(BashOperator): wget> on 2021-04-02 06:00:03+00:00
[2022-04-13 21:18:15,879] {standard_task_runner.py:52} INFO - Started process 2303 to run task
[2022-04-13 21:18:15,890] {standard_task_runner.py:76} INFO - Running: ['***', 'tasks', 'run', 'LocalIngestionDAG', 'wget', 'scheduled__2021-04-02T06:00:03+00:00', '--job-id', '485', '--raw', '--subdir', 'DAGS_FOLDER/data_ingestion_local.py', '--cfg-path', '/tmp/tmp3_yep1hq', '--error-file', '/tmp/tmps81b437b']
[2022-04-13 21:18:15,893] {standard_task_runner.py:77} INFO - Job 485: Subtask wget
[2022-04-13 21:18:16,152] {logging_mixin.py:109} INFO - Running <TaskInstance: LocalIngestionDAG.wget scheduled__2021-04-02T06:00:03+00:00 [running]> on host 13db72185839
[2022-04-13 21:18:16,359] {taskinstance.py:1426} INFO - Exporting the following env vars:
AIRFLOW_CTX_DAG_OWNER=***
AIRFLOW_CTX_DAG_ID=LocalIngestionDAG
AIRFLOW_CTX_TASK_ID=wget
AIRFLOW_CTX_EXECUTION_DATE=2021-04-02T06:00:03+00:00
AIRFLOW_CTX_DAG_RUN_ID=scheduled__2021-04-02T06:00:03+00:00
[2022-04-13 21:18:16,362] {subprocess.py:62} INFO - Tmp dir root location: 
 /tmp
[2022-04-13 21:18:16,364] {subprocess.py:74} INFO - Running command: ['bash', '-c', 'echo "hello world"']
[2022-04-13 21:18:16,394] {subprocess.py:85} INFO - Output:
[2022-04-13 21:18:16,398] {subprocess.py:89} INFO - hello world
[2022-04-13 21:18:16,401] {subprocess.py:93} INFO - Command exited with return code 0
[2022-04-13 21:18:16,499] {taskinstance.py:1277} INFO - Marking task as SUCCESS. dag_id=LocalIngestionDAG, task_id=wget, execution_date=20210402T060003, start_date=20220413T211815, end_date=20220413T211816
[2022-04-13 21:18:16,617] {local_task_job.py:154} INFO - Task exited with return code 0
[2022-04-13 21:18:16,731] {local_task_job.py:264} INFO - 1 downstream tasks scheduled from follow-on schedule check
