[2022-04-11 19:16:11,444] {taskinstance.py:1032} INFO - Dependencies all met for <TaskInstance: data_ingestion_gcs_dag.format_to_parquet_task manual__2022-04-11T19:14:25.626988+00:00 [queued]>
[2022-04-11 19:16:11,452] {taskinstance.py:1032} INFO - Dependencies all met for <TaskInstance: data_ingestion_gcs_dag.format_to_parquet_task manual__2022-04-11T19:14:25.626988+00:00 [queued]>
[2022-04-11 19:16:11,453] {taskinstance.py:1238} INFO - 
--------------------------------------------------------------------------------
[2022-04-11 19:16:11,453] {taskinstance.py:1239} INFO - Starting attempt 1 of 2
[2022-04-11 19:16:11,454] {taskinstance.py:1240} INFO - 
--------------------------------------------------------------------------------
[2022-04-11 19:16:11,468] {taskinstance.py:1259} INFO - Executing <Task(PythonOperator): format_to_parquet_task> on 2022-04-11 19:14:25.626988+00:00
[2022-04-11 19:16:11,475] {standard_task_runner.py:52} INFO - Started process 4450 to run task
[2022-04-11 19:16:11,478] {standard_task_runner.py:76} INFO - Running: ['***', 'tasks', 'run', 'data_ingestion_gcs_dag', 'format_to_parquet_task', 'manual__2022-04-11T19:14:25.626988+00:00', '--job-id', '7', '--raw', '--subdir', 'DAGS_FOLDER/data_ingestion_gcs_dag.py', '--cfg-path', '/tmp/tmpyil57d0g', '--error-file', '/tmp/tmph8ue89uu']
[2022-04-11 19:16:11,479] {standard_task_runner.py:77} INFO - Job 7: Subtask format_to_parquet_task
[2022-04-11 19:16:11,530] {logging_mixin.py:109} INFO - Running <TaskInstance: data_ingestion_gcs_dag.format_to_parquet_task manual__2022-04-11T19:14:25.626988+00:00 [running]> on host 8d956c578a40
[2022-04-11 19:16:11,580] {taskinstance.py:1426} INFO - Exporting the following env vars:
AIRFLOW_CTX_DAG_OWNER=***
AIRFLOW_CTX_DAG_ID=data_ingestion_gcs_dag
AIRFLOW_CTX_TASK_ID=format_to_parquet_task
AIRFLOW_CTX_EXECUTION_DATE=2022-04-11T19:14:25.626988+00:00
AIRFLOW_CTX_DAG_RUN_ID=manual__2022-04-11T19:14:25.626988+00:00
[2022-04-11 19:16:14,458] {python.py:175} INFO - Done. Returned value was: None
[2022-04-11 19:16:14,505] {taskinstance.py:1277} INFO - Marking task as SUCCESS. dag_id=data_ingestion_gcs_dag, task_id=format_to_parquet_task, execution_date=20220411T191425, start_date=20220411T191611, end_date=20220411T191614
[2022-04-11 19:16:14,549] {local_task_job.py:154} INFO - Task exited with return code 0
[2022-04-11 19:16:14,627] {local_task_job.py:264} INFO - 1 downstream tasks scheduled from follow-on schedule check
