[2022-04-13 21:26:44,365] {taskinstance.py:1032} INFO - Dependencies all met for <TaskInstance: LocalIngestionDAG.wget scheduled__2021-09-02T06:00:50+00:00 [queued]>
[2022-04-13 21:26:44,404] {taskinstance.py:1032} INFO - Dependencies all met for <TaskInstance: LocalIngestionDAG.wget scheduled__2021-09-02T06:00:50+00:00 [queued]>
[2022-04-13 21:26:44,407] {taskinstance.py:1238} INFO - 
--------------------------------------------------------------------------------
[2022-04-13 21:26:44,410] {taskinstance.py:1239} INFO - Starting attempt 1 of 1
[2022-04-13 21:26:44,413] {taskinstance.py:1240} INFO - 
--------------------------------------------------------------------------------
[2022-04-13 21:26:44,499] {taskinstance.py:1259} INFO - Executing <Task(BashOperator): wget> on 2021-09-02 06:00:50+00:00
[2022-04-13 21:26:44,505] {standard_task_runner.py:52} INFO - Started process 4786 to run task
[2022-04-13 21:26:44,514] {standard_task_runner.py:76} INFO - Running: ['***', 'tasks', 'run', 'LocalIngestionDAG', 'wget', 'scheduled__2021-09-02T06:00:50+00:00', '--job-id', '1178', '--raw', '--subdir', 'DAGS_FOLDER/data_ingestion_local.py', '--cfg-path', '/tmp/tmph1wxg_3d', '--error-file', '/tmp/tmpmpcbh6m9']
[2022-04-13 21:26:44,522] {standard_task_runner.py:77} INFO - Job 1178: Subtask wget
[2022-04-13 21:26:44,809] {logging_mixin.py:109} INFO - Running <TaskInstance: LocalIngestionDAG.wget scheduled__2021-09-02T06:00:50+00:00 [running]> on host 13db72185839
[2022-04-13 21:26:45,242] {taskinstance.py:1426} INFO - Exporting the following env vars:
AIRFLOW_CTX_DAG_OWNER=***
AIRFLOW_CTX_DAG_ID=LocalIngestionDAG
AIRFLOW_CTX_TASK_ID=wget
AIRFLOW_CTX_EXECUTION_DATE=2021-09-02T06:00:50+00:00
AIRFLOW_CTX_DAG_RUN_ID=scheduled__2021-09-02T06:00:50+00:00
[2022-04-13 21:26:45,262] {subprocess.py:62} INFO - Tmp dir root location: 
 /tmp
[2022-04-13 21:26:45,265] {subprocess.py:74} INFO - Running command: ['bash', '-c', 'echo "hello world"']
[2022-04-13 21:26:45,302] {subprocess.py:85} INFO - Output:
[2022-04-13 21:26:45,305] {subprocess.py:89} INFO - hello world
[2022-04-13 21:26:45,317] {subprocess.py:93} INFO - Command exited with return code 0
[2022-04-13 21:26:45,649] {taskinstance.py:1277} INFO - Marking task as SUCCESS. dag_id=LocalIngestionDAG, task_id=wget, execution_date=20210902T060050, start_date=20220413T212644, end_date=20220413T212645
[2022-04-13 21:26:45,760] {local_task_job.py:154} INFO - Task exited with return code 0
[2022-04-13 21:26:46,014] {local_task_job.py:264} INFO - 1 downstream tasks scheduled from follow-on schedule check
