[2022-04-13 21:16:43,563] {taskinstance.py:1032} INFO - Dependencies all met for <TaskInstance: LocalIngestionDAG.wget scheduled__2021-02-02T06:00:19+00:00 [queued]>
[2022-04-13 21:16:43,573] {taskinstance.py:1032} INFO - Dependencies all met for <TaskInstance: LocalIngestionDAG.wget scheduled__2021-02-02T06:00:19+00:00 [queued]>
[2022-04-13 21:16:43,574] {taskinstance.py:1238} INFO - 
--------------------------------------------------------------------------------
[2022-04-13 21:16:43,574] {taskinstance.py:1239} INFO - Starting attempt 1 of 1
[2022-04-13 21:16:43,574] {taskinstance.py:1240} INFO - 
--------------------------------------------------------------------------------
[2022-04-13 21:16:43,585] {taskinstance.py:1259} INFO - Executing <Task(BashOperator): wget> on 2021-02-02 06:00:19+00:00
[2022-04-13 21:16:43,589] {standard_task_runner.py:52} INFO - Started process 1593 to run task
[2022-04-13 21:16:43,593] {standard_task_runner.py:76} INFO - Running: ['***', 'tasks', 'run', 'LocalIngestionDAG', 'wget', 'scheduled__2021-02-02T06:00:19+00:00', '--job-id', '279', '--raw', '--subdir', 'DAGS_FOLDER/data_ingestion_local.py', '--cfg-path', '/tmp/tmpa0pf377s', '--error-file', '/tmp/tmpcyinhdjc']
[2022-04-13 21:16:43,594] {standard_task_runner.py:77} INFO - Job 279: Subtask wget
[2022-04-13 21:16:43,652] {logging_mixin.py:109} INFO - Running <TaskInstance: LocalIngestionDAG.wget scheduled__2021-02-02T06:00:19+00:00 [running]> on host 13db72185839
[2022-04-13 21:16:43,735] {taskinstance.py:1426} INFO - Exporting the following env vars:
AIRFLOW_CTX_DAG_OWNER=***
AIRFLOW_CTX_DAG_ID=LocalIngestionDAG
AIRFLOW_CTX_TASK_ID=wget
AIRFLOW_CTX_EXECUTION_DATE=2021-02-02T06:00:19+00:00
AIRFLOW_CTX_DAG_RUN_ID=scheduled__2021-02-02T06:00:19+00:00
[2022-04-13 21:16:43,736] {subprocess.py:62} INFO - Tmp dir root location: 
 /tmp
[2022-04-13 21:16:43,739] {subprocess.py:74} INFO - Running command: ['bash', '-c', 'echo "hello world"']
[2022-04-13 21:16:43,748] {subprocess.py:85} INFO - Output:
[2022-04-13 21:16:43,750] {subprocess.py:89} INFO - hello world
[2022-04-13 21:16:43,750] {subprocess.py:93} INFO - Command exited with return code 0
[2022-04-13 21:16:43,784] {taskinstance.py:1277} INFO - Marking task as SUCCESS. dag_id=LocalIngestionDAG, task_id=wget, execution_date=20210202T060019, start_date=20220413T211643, end_date=20220413T211643
[2022-04-13 21:16:43,805] {local_task_job.py:154} INFO - Task exited with return code 0
[2022-04-13 21:16:43,844] {local_task_job.py:264} INFO - 1 downstream tasks scheduled from follow-on schedule check
