[2022-04-15 23:22:22,842] {taskinstance.py:1032} INFO - Dependencies all met for <TaskInstance: live_coded_gcs_2_bg_dag.gcs_2_bq_ext_task manual__2022-04-15T21:45:28.114702+00:00 [queued]>
[2022-04-15 23:22:22,858] {taskinstance.py:1032} INFO - Dependencies all met for <TaskInstance: live_coded_gcs_2_bg_dag.gcs_2_bq_ext_task manual__2022-04-15T21:45:28.114702+00:00 [queued]>
[2022-04-15 23:22:22,859] {taskinstance.py:1238} INFO - 
--------------------------------------------------------------------------------
[2022-04-15 23:22:22,859] {taskinstance.py:1239} INFO - Starting attempt 1 of 2
[2022-04-15 23:22:22,860] {taskinstance.py:1240} INFO - 
--------------------------------------------------------------------------------
[2022-04-15 23:22:22,900] {taskinstance.py:1259} INFO - Executing <Task(BigQueryCreateExternalTableOperator): gcs_2_bq_ext_task> on 2022-04-15 21:45:28.114702+00:00
[2022-04-15 23:22:22,912] {standard_task_runner.py:52} INFO - Started process 1993 to run task
[2022-04-15 23:22:22,920] {standard_task_runner.py:76} INFO - Running: ['***', 'tasks', 'run', 'live_coded_gcs_2_bg_dag', 'gcs_2_bq_ext_task', 'manual__2022-04-15T21:45:28.114702+00:00', '--job-id', '2072', '--raw', '--subdir', 'DAGS_FOLDER/gcs_2_bq_dag.py', '--cfg-path', '/tmp/tmpp35s8cf4', '--error-file', '/tmp/tmps83nc5q7']
[2022-04-15 23:22:22,925] {standard_task_runner.py:77} INFO - Job 2072: Subtask gcs_2_bq_ext_task
[2022-04-15 23:22:23,033] {logging_mixin.py:109} INFO - Running <TaskInstance: live_coded_gcs_2_bg_dag.gcs_2_bq_ext_task manual__2022-04-15T21:45:28.114702+00:00 [running]> on host fafd9ac351ac
[2022-04-15 23:22:23,144] {taskinstance.py:1426} INFO - Exporting the following env vars:
AIRFLOW_CTX_DAG_OWNER=***
AIRFLOW_CTX_DAG_ID=live_coded_gcs_2_bg_dag
AIRFLOW_CTX_TASK_ID=gcs_2_bq_ext_task
AIRFLOW_CTX_EXECUTION_DATE=2022-04-15T21:45:28.114702+00:00
AIRFLOW_CTX_DAG_RUN_ID=manual__2022-04-15T21:45:28.114702+00:00
[2022-04-15 23:22:23,148] {crypto.py:82} WARNING - empty cryptography key - values will not be stored encrypted.
[2022-04-15 23:22:25,632] {taskinstance.py:1277} INFO - Marking task as SUCCESS. dag_id=live_coded_gcs_2_bg_dag, task_id=gcs_2_bq_ext_task, execution_date=20220415T214528, start_date=20220415T232222, end_date=20220415T232225
[2022-04-15 23:22:25,671] {local_task_job.py:154} INFO - Task exited with return code 0
[2022-04-15 23:22:25,730] {local_task_job.py:264} INFO - 1 downstream tasks scheduled from follow-on schedule check
