[2022-04-12 15:51:54,005] {taskinstance.py:1032} INFO - Dependencies all met for <TaskInstance: data_ingestion_gcs_dag.download_dataset_task manual__2022-04-12T15:51:52.319069+00:00 [queued]>
[2022-04-12 15:51:54,022] {taskinstance.py:1032} INFO - Dependencies all met for <TaskInstance: data_ingestion_gcs_dag.download_dataset_task manual__2022-04-12T15:51:52.319069+00:00 [queued]>
[2022-04-12 15:51:54,022] {taskinstance.py:1238} INFO - 
--------------------------------------------------------------------------------
[2022-04-12 15:51:54,023] {taskinstance.py:1239} INFO - Starting attempt 1 of 2
[2022-04-12 15:51:54,023] {taskinstance.py:1240} INFO - 
--------------------------------------------------------------------------------
[2022-04-12 15:51:54,038] {taskinstance.py:1259} INFO - Executing <Task(BashOperator): download_dataset_task> on 2022-04-12 15:51:52.319069+00:00
[2022-04-12 15:51:54,044] {standard_task_runner.py:52} INFO - Started process 693 to run task
[2022-04-12 15:51:54,049] {standard_task_runner.py:76} INFO - Running: ['***', 'tasks', 'run', 'data_ingestion_gcs_dag', 'download_dataset_task', 'manual__2022-04-12T15:51:52.319069+00:00', '--job-id', '60', '--raw', '--subdir', 'DAGS_FOLDER/data_ingestion_gcs_dag.py', '--cfg-path', '/tmp/tmpsutfatl2', '--error-file', '/tmp/tmpi115qqin']
[2022-04-12 15:51:54,050] {standard_task_runner.py:77} INFO - Job 60: Subtask download_dataset_task
[2022-04-12 15:51:54,112] {logging_mixin.py:109} INFO - Running <TaskInstance: data_ingestion_gcs_dag.download_dataset_task manual__2022-04-12T15:51:52.319069+00:00 [running]> on host c8926bece071
[2022-04-12 15:51:54,167] {taskinstance.py:1426} INFO - Exporting the following env vars:
AIRFLOW_CTX_DAG_OWNER=***
AIRFLOW_CTX_DAG_ID=data_ingestion_gcs_dag
AIRFLOW_CTX_TASK_ID=download_dataset_task
AIRFLOW_CTX_EXECUTION_DATE=2022-04-12T15:51:52.319069+00:00
AIRFLOW_CTX_DAG_RUN_ID=manual__2022-04-12T15:51:52.319069+00:00
[2022-04-12 15:51:54,168] {subprocess.py:62} INFO - Tmp dir root location: 
 /tmp
[2022-04-12 15:51:54,169] {subprocess.py:74} INFO - Running command: ['bash', '-c', 'curl -sSL https://s3.amazonaws.com/nyc-tlc/trip+data/yellow_tripdata_2021-01.csv > /opt/***/yellow_tripdata_2021-01.csv']
[2022-04-12 15:51:54,178] {subprocess.py:85} INFO - Output:
[2022-04-12 15:52:40,010] {subprocess.py:93} INFO - Command exited with return code 0
[2022-04-12 15:52:40,076] {taskinstance.py:1277} INFO - Marking task as SUCCESS. dag_id=data_ingestion_gcs_dag, task_id=download_dataset_task, execution_date=20220412T155152, start_date=20220412T155154, end_date=20220412T155240
[2022-04-12 15:52:40,193] {local_task_job.py:154} INFO - Task exited with return code 0
[2022-04-12 15:52:40,232] {local_task_job.py:264} INFO - 1 downstream tasks scheduled from follow-on schedule check
