[2022-04-13 21:24:12,418] {taskinstance.py:1032} INFO - Dependencies all met for <TaskInstance: LocalIngestionDAG.wget scheduled__2021-07-02T06:00:31+00:00 [queued]>
[2022-04-13 21:24:12,469] {taskinstance.py:1032} INFO - Dependencies all met for <TaskInstance: LocalIngestionDAG.wget scheduled__2021-07-02T06:00:31+00:00 [queued]>
[2022-04-13 21:24:12,470] {taskinstance.py:1238} INFO - 
--------------------------------------------------------------------------------
[2022-04-13 21:24:12,471] {taskinstance.py:1239} INFO - Starting attempt 1 of 1
[2022-04-13 21:24:12,482] {taskinstance.py:1240} INFO - 
--------------------------------------------------------------------------------
[2022-04-13 21:24:12,583] {taskinstance.py:1259} INFO - Executing <Task(BashOperator): wget> on 2021-07-02 06:00:31+00:00
[2022-04-13 21:24:12,603] {standard_task_runner.py:52} INFO - Started process 3838 to run task
[2022-04-13 21:24:12,620] {standard_task_runner.py:76} INFO - Running: ['***', 'tasks', 'run', 'LocalIngestionDAG', 'wget', 'scheduled__2021-07-02T06:00:31+00:00', '--job-id', '900', '--raw', '--subdir', 'DAGS_FOLDER/data_ingestion_local.py', '--cfg-path', '/tmp/tmp7qlj_nxi', '--error-file', '/tmp/tmp89c31w1x']
[2022-04-13 21:24:12,632] {standard_task_runner.py:77} INFO - Job 900: Subtask wget
[2022-04-13 21:24:12,930] {logging_mixin.py:109} INFO - Running <TaskInstance: LocalIngestionDAG.wget scheduled__2021-07-02T06:00:31+00:00 [running]> on host 13db72185839
[2022-04-13 21:24:13,068] {taskinstance.py:1426} INFO - Exporting the following env vars:
AIRFLOW_CTX_DAG_OWNER=***
AIRFLOW_CTX_DAG_ID=LocalIngestionDAG
AIRFLOW_CTX_TASK_ID=wget
AIRFLOW_CTX_EXECUTION_DATE=2021-07-02T06:00:31+00:00
AIRFLOW_CTX_DAG_RUN_ID=scheduled__2021-07-02T06:00:31+00:00
[2022-04-13 21:24:13,080] {subprocess.py:62} INFO - Tmp dir root location: 
 /tmp
[2022-04-13 21:24:13,096] {subprocess.py:74} INFO - Running command: ['bash', '-c', 'echo "hello world"']
[2022-04-13 21:24:13,150] {subprocess.py:85} INFO - Output:
[2022-04-13 21:24:13,158] {subprocess.py:89} INFO - hello world
[2022-04-13 21:24:13,160] {subprocess.py:93} INFO - Command exited with return code 0
[2022-04-13 21:24:13,302] {taskinstance.py:1277} INFO - Marking task as SUCCESS. dag_id=LocalIngestionDAG, task_id=wget, execution_date=20210702T060031, start_date=20220413T212412, end_date=20220413T212413
[2022-04-13 21:24:13,480] {local_task_job.py:154} INFO - Task exited with return code 0
[2022-04-13 21:24:13,586] {local_task_job.py:264} INFO - 1 downstream tasks scheduled from follow-on schedule check
