[2022-04-13 21:23:46,410] {taskinstance.py:1032} INFO - Dependencies all met for <TaskInstance: LocalIngestionDAG.ingest scheduled__2021-07-02T06:00:03+00:00 [queued]>
[2022-04-13 21:23:46,454] {taskinstance.py:1032} INFO - Dependencies all met for <TaskInstance: LocalIngestionDAG.ingest scheduled__2021-07-02T06:00:03+00:00 [queued]>
[2022-04-13 21:23:46,486] {taskinstance.py:1238} INFO - 
--------------------------------------------------------------------------------
[2022-04-13 21:23:46,518] {taskinstance.py:1239} INFO - Starting attempt 1 of 1
[2022-04-13 21:23:46,521] {taskinstance.py:1240} INFO - 
--------------------------------------------------------------------------------
[2022-04-13 21:23:46,611] {taskinstance.py:1259} INFO - Executing <Task(BashOperator): ingest> on 2021-07-02 06:00:03+00:00
[2022-04-13 21:23:46,694] {standard_task_runner.py:52} INFO - Started process 3670 to run task
[2022-04-13 21:23:46,714] {standard_task_runner.py:76} INFO - Running: ['***', 'tasks', 'run', 'LocalIngestionDAG', 'ingest', 'scheduled__2021-07-02T06:00:03+00:00', '--job-id', '852', '--raw', '--subdir', 'DAGS_FOLDER/data_ingestion_local.py', '--cfg-path', '/tmp/tmp7_zabqp2', '--error-file', '/tmp/tmpc2kw3avn']
[2022-04-13 21:23:46,727] {standard_task_runner.py:77} INFO - Job 852: Subtask ingest
[2022-04-13 21:23:47,015] {logging_mixin.py:109} INFO - Running <TaskInstance: LocalIngestionDAG.ingest scheduled__2021-07-02T06:00:03+00:00 [running]> on host 13db72185839
[2022-04-13 21:23:47,277] {taskinstance.py:1426} INFO - Exporting the following env vars:
AIRFLOW_CTX_DAG_OWNER=***
AIRFLOW_CTX_DAG_ID=LocalIngestionDAG
AIRFLOW_CTX_TASK_ID=ingest
AIRFLOW_CTX_EXECUTION_DATE=2021-07-02T06:00:03+00:00
AIRFLOW_CTX_DAG_RUN_ID=scheduled__2021-07-02T06:00:03+00:00
[2022-04-13 21:23:47,279] {subprocess.py:62} INFO - Tmp dir root location: 
 /tmp
[2022-04-13 21:23:47,281] {subprocess.py:74} INFO - Running command: ['bash', '-c', 'pwd']
[2022-04-13 21:23:47,301] {subprocess.py:85} INFO - Output:
[2022-04-13 21:23:47,314] {subprocess.py:89} INFO - /tmp/***tmp7uci3w38
[2022-04-13 21:23:47,315] {subprocess.py:93} INFO - Command exited with return code 0
[2022-04-13 21:23:47,433] {taskinstance.py:1277} INFO - Marking task as SUCCESS. dag_id=LocalIngestionDAG, task_id=ingest, execution_date=20210702T060003, start_date=20220413T212346, end_date=20220413T212347
[2022-04-13 21:23:47,550] {local_task_job.py:154} INFO - Task exited with return code 0
[2022-04-13 21:23:47,723] {local_task_job.py:264} INFO - 0 downstream tasks scheduled from follow-on schedule check
