[2022-04-13 21:22:05,766] {taskinstance.py:1032} INFO - Dependencies all met for <TaskInstance: LocalIngestionDAG.wget scheduled__2021-05-02T06:00:31+00:00 [queued]>
[2022-04-13 21:22:05,808] {taskinstance.py:1032} INFO - Dependencies all met for <TaskInstance: LocalIngestionDAG.wget scheduled__2021-05-02T06:00:31+00:00 [queued]>
[2022-04-13 21:22:05,812] {taskinstance.py:1238} INFO - 
--------------------------------------------------------------------------------
[2022-04-13 21:22:05,815] {taskinstance.py:1239} INFO - Starting attempt 1 of 1
[2022-04-13 21:22:05,816] {taskinstance.py:1240} INFO - 
--------------------------------------------------------------------------------
[2022-04-13 21:22:05,878] {taskinstance.py:1259} INFO - Executing <Task(BashOperator): wget> on 2021-05-02 06:00:31+00:00
[2022-04-13 21:22:05,885] {standard_task_runner.py:52} INFO - Started process 3019 to run task
[2022-04-13 21:22:05,898] {standard_task_runner.py:76} INFO - Running: ['***', 'tasks', 'run', 'LocalIngestionDAG', 'wget', 'scheduled__2021-05-02T06:00:31+00:00', '--job-id', '658', '--raw', '--subdir', 'DAGS_FOLDER/data_ingestion_local.py', '--cfg-path', '/tmp/tmpj51i8hgb', '--error-file', '/tmp/tmp_ugh3e54']
[2022-04-13 21:22:05,900] {standard_task_runner.py:77} INFO - Job 658: Subtask wget
[2022-04-13 21:22:06,154] {logging_mixin.py:109} INFO - Running <TaskInstance: LocalIngestionDAG.wget scheduled__2021-05-02T06:00:31+00:00 [running]> on host 13db72185839
[2022-04-13 21:22:06,380] {taskinstance.py:1426} INFO - Exporting the following env vars:
AIRFLOW_CTX_DAG_OWNER=***
AIRFLOW_CTX_DAG_ID=LocalIngestionDAG
AIRFLOW_CTX_TASK_ID=wget
AIRFLOW_CTX_EXECUTION_DATE=2021-05-02T06:00:31+00:00
AIRFLOW_CTX_DAG_RUN_ID=scheduled__2021-05-02T06:00:31+00:00
[2022-04-13 21:22:06,385] {subprocess.py:62} INFO - Tmp dir root location: 
 /tmp
[2022-04-13 21:22:06,387] {subprocess.py:74} INFO - Running command: ['bash', '-c', 'echo "hello world"']
[2022-04-13 21:22:06,405] {subprocess.py:85} INFO - Output:
[2022-04-13 21:22:06,408] {subprocess.py:89} INFO - hello world
[2022-04-13 21:22:06,409] {subprocess.py:93} INFO - Command exited with return code 0
[2022-04-13 21:22:06,477] {taskinstance.py:1277} INFO - Marking task as SUCCESS. dag_id=LocalIngestionDAG, task_id=wget, execution_date=20210502T060031, start_date=20220413T212205, end_date=20220413T212206
[2022-04-13 21:22:06,545] {local_task_job.py:154} INFO - Task exited with return code 0
[2022-04-13 21:22:06,713] {local_task_job.py:264} INFO - 1 downstream tasks scheduled from follow-on schedule check
