[2022-04-14 02:49:39,077] {taskinstance.py:1032} INFO - Dependencies all met for <TaskInstance: LocalIngestionDAG.wget scheduled__2022-04-02T06:00:35+00:00 [queued]>
[2022-04-14 02:49:39,099] {taskinstance.py:1032} INFO - Dependencies all met for <TaskInstance: LocalIngestionDAG.wget scheduled__2022-04-02T06:00:35+00:00 [queued]>
[2022-04-14 02:49:39,100] {taskinstance.py:1238} INFO - 
--------------------------------------------------------------------------------
[2022-04-14 02:49:39,101] {taskinstance.py:1239} INFO - Starting attempt 13 of 13
[2022-04-14 02:49:39,101] {taskinstance.py:1240} INFO - 
--------------------------------------------------------------------------------
[2022-04-14 02:49:39,120] {taskinstance.py:1259} INFO - Executing <Task(BashOperator): wget> on 2022-04-02 06:00:35+00:00
[2022-04-14 02:49:39,127] {standard_task_runner.py:52} INFO - Started process 8882 to run task
[2022-04-14 02:49:39,133] {standard_task_runner.py:76} INFO - Running: ['***', 'tasks', 'run', 'LocalIngestionDAG', 'wget', 'scheduled__2022-04-02T06:00:35+00:00', '--job-id', '2052', '--raw', '--subdir', 'DAGS_FOLDER/data_ingestion_local.py', '--cfg-path', '/tmp/tmpspfvypek', '--error-file', '/tmp/tmpwvi1au5y']
[2022-04-14 02:49:39,136] {standard_task_runner.py:77} INFO - Job 2052: Subtask wget
[2022-04-14 02:49:39,216] {logging_mixin.py:109} INFO - Running <TaskInstance: LocalIngestionDAG.wget scheduled__2022-04-02T06:00:35+00:00 [running]> on host f13cd06666dc
[2022-04-14 02:49:39,272] {logging_mixin.py:109} WARNING - /home/***/.local/lib/python3.7/site-packages/***/utils/context.py:152 AirflowContextDeprecationWarning: Accessing 'execution_date' from the template is deprecated and will be removed in a future version. Please use 'data_interval_start' or 'logical_date' instead.
[2022-04-14 02:49:39,292] {taskinstance.py:1426} INFO - Exporting the following env vars:
AIRFLOW_CTX_DAG_OWNER=***
AIRFLOW_CTX_DAG_ID=LocalIngestionDAG
AIRFLOW_CTX_TASK_ID=wget
AIRFLOW_CTX_EXECUTION_DATE=2022-04-02T06:00:35+00:00
AIRFLOW_CTX_DAG_RUN_ID=scheduled__2022-04-02T06:00:35+00:00
[2022-04-14 02:49:39,293] {subprocess.py:62} INFO - Tmp dir root location: 
 /tmp
[2022-04-14 02:49:39,295] {subprocess.py:74} INFO - Running command: ['bash', '-c', 'curl -sSL https://s3.amazonaws.com/nyc-tlc/trip+data/yellow_tripdata_2022-04.csv > /opt/***/output_2022-04.csv']
[2022-04-14 02:49:39,331] {subprocess.py:85} INFO - Output:
[2022-04-14 02:49:40,570] {subprocess.py:93} INFO - Command exited with return code 0
[2022-04-14 02:49:40,606] {taskinstance.py:1277} INFO - Marking task as SUCCESS. dag_id=LocalIngestionDAG, task_id=wget, execution_date=20220402T060035, start_date=20220414T024939, end_date=20220414T024940
[2022-04-14 02:49:40,676] {local_task_job.py:154} INFO - Task exited with return code 0
[2022-04-14 02:49:40,715] {local_task_job.py:264} INFO - 1 downstream tasks scheduled from follow-on schedule check
