[2022-04-14 01:45:14,093] {taskinstance.py:1032} INFO - Dependencies all met for <TaskInstance: LocalIngestionDAG.wget scheduled__2022-04-02T06:00:35+00:00 [queued]>
[2022-04-14 01:45:14,117] {taskinstance.py:1032} INFO - Dependencies all met for <TaskInstance: LocalIngestionDAG.wget scheduled__2022-04-02T06:00:35+00:00 [queued]>
[2022-04-14 01:45:14,118] {taskinstance.py:1238} INFO - 
--------------------------------------------------------------------------------
[2022-04-14 01:45:14,119] {taskinstance.py:1239} INFO - Starting attempt 3 of 3
[2022-04-14 01:45:14,119] {taskinstance.py:1240} INFO - 
--------------------------------------------------------------------------------
[2022-04-14 01:45:14,145] {taskinstance.py:1259} INFO - Executing <Task(BashOperator): wget> on 2022-04-02 06:00:35+00:00
[2022-04-14 01:45:14,155] {standard_task_runner.py:52} INFO - Started process 3956 to run task
[2022-04-14 01:45:14,160] {standard_task_runner.py:76} INFO - Running: ['***', 'tasks', 'run', 'LocalIngestionDAG', 'wget', 'scheduled__2022-04-02T06:00:35+00:00', '--job-id', '2029', '--raw', '--subdir', 'DAGS_FOLDER/data_ingestion_local.py', '--cfg-path', '/tmp/tmp04vxzs66', '--error-file', '/tmp/tmpja00htfh']
[2022-04-14 01:45:14,162] {standard_task_runner.py:77} INFO - Job 2029: Subtask wget
[2022-04-14 01:45:14,335] {logging_mixin.py:109} INFO - Running <TaskInstance: LocalIngestionDAG.wget scheduled__2022-04-02T06:00:35+00:00 [running]> on host f13cd06666dc
[2022-04-14 01:45:14,426] {logging_mixin.py:109} WARNING - /home/***/.local/lib/python3.7/site-packages/***/utils/context.py:152 AirflowContextDeprecationWarning: Accessing 'execution_date' from the template is deprecated and will be removed in a future version. Please use 'data_interval_start' or 'logical_date' instead.
[2022-04-14 01:45:14,452] {taskinstance.py:1426} INFO - Exporting the following env vars:
AIRFLOW_CTX_DAG_OWNER=***
AIRFLOW_CTX_DAG_ID=LocalIngestionDAG
AIRFLOW_CTX_TASK_ID=wget
AIRFLOW_CTX_EXECUTION_DATE=2022-04-02T06:00:35+00:00
AIRFLOW_CTX_DAG_RUN_ID=scheduled__2022-04-02T06:00:35+00:00
[2022-04-14 01:45:14,453] {subprocess.py:62} INFO - Tmp dir root location: 
 /tmp
[2022-04-14 01:45:14,455] {subprocess.py:74} INFO - Running command: ['bash', '-c', 'curl -sSL https://s3.amazonaws.com/nyc-tlc/trip+data/yellow_tripdata_2022-04.csv > /opt/***/output_2022-04.csv']
[2022-04-14 01:45:14,496] {subprocess.py:85} INFO - Output:
[2022-04-14 01:45:16,853] {subprocess.py:93} INFO - Command exited with return code 0
[2022-04-14 01:45:16,916] {taskinstance.py:1277} INFO - Marking task as SUCCESS. dag_id=LocalIngestionDAG, task_id=wget, execution_date=20220402T060035, start_date=20220414T014514, end_date=20220414T014516
[2022-04-14 01:45:17,005] {local_task_job.py:154} INFO - Task exited with return code 0
[2022-04-14 01:45:17,058] {local_task_job.py:264} INFO - 1 downstream tasks scheduled from follow-on schedule check
