[2022-04-13 21:21:26,819] {taskinstance.py:1032} INFO - Dependencies all met for <TaskInstance: LocalIngestionDAG.ingest scheduled__2021-04-02T06:00:49+00:00 [queued]>
[2022-04-13 21:21:26,872] {taskinstance.py:1032} INFO - Dependencies all met for <TaskInstance: LocalIngestionDAG.ingest scheduled__2021-04-02T06:00:49+00:00 [queued]>
[2022-04-13 21:21:26,876] {taskinstance.py:1238} INFO - 
--------------------------------------------------------------------------------
[2022-04-13 21:21:26,877] {taskinstance.py:1239} INFO - Starting attempt 1 of 1
[2022-04-13 21:21:26,878] {taskinstance.py:1240} INFO - 
--------------------------------------------------------------------------------
[2022-04-13 21:21:26,937] {taskinstance.py:1259} INFO - Executing <Task(BashOperator): ingest> on 2021-04-02 06:00:49+00:00
[2022-04-13 21:21:26,948] {standard_task_runner.py:52} INFO - Started process 2763 to run task
[2022-04-13 21:21:26,963] {standard_task_runner.py:76} INFO - Running: ['***', 'tasks', 'run', 'LocalIngestionDAG', 'ingest', 'scheduled__2021-04-02T06:00:49+00:00', '--job-id', '582', '--raw', '--subdir', 'DAGS_FOLDER/data_ingestion_local.py', '--cfg-path', '/tmp/tmppi45nhf7', '--error-file', '/tmp/tmpty3ttiql']
[2022-04-13 21:21:26,975] {standard_task_runner.py:77} INFO - Job 582: Subtask ingest
[2022-04-13 21:21:27,347] {logging_mixin.py:109} INFO - Running <TaskInstance: LocalIngestionDAG.ingest scheduled__2021-04-02T06:00:49+00:00 [running]> on host 13db72185839
[2022-04-13 21:21:27,566] {taskinstance.py:1426} INFO - Exporting the following env vars:
AIRFLOW_CTX_DAG_OWNER=***
AIRFLOW_CTX_DAG_ID=LocalIngestionDAG
AIRFLOW_CTX_TASK_ID=ingest
AIRFLOW_CTX_EXECUTION_DATE=2021-04-02T06:00:49+00:00
AIRFLOW_CTX_DAG_RUN_ID=scheduled__2021-04-02T06:00:49+00:00
[2022-04-13 21:21:27,568] {subprocess.py:62} INFO - Tmp dir root location: 
 /tmp
[2022-04-13 21:21:27,570] {subprocess.py:74} INFO - Running command: ['bash', '-c', 'pwd']
[2022-04-13 21:21:27,584] {subprocess.py:85} INFO - Output:
[2022-04-13 21:21:27,587] {subprocess.py:89} INFO - /tmp/***tmpqmkc2p7s
[2022-04-13 21:21:27,588] {subprocess.py:93} INFO - Command exited with return code 0
[2022-04-13 21:21:27,638] {taskinstance.py:1277} INFO - Marking task as SUCCESS. dag_id=LocalIngestionDAG, task_id=ingest, execution_date=20210402T060049, start_date=20220413T212126, end_date=20220413T212127
[2022-04-13 21:21:27,717] {local_task_job.py:154} INFO - Task exited with return code 0
[2022-04-13 21:21:27,778] {local_task_job.py:264} INFO - 0 downstream tasks scheduled from follow-on schedule check
