[2022-04-13 21:21:39,081] {taskinstance.py:1032} INFO - Dependencies all met for <TaskInstance: LocalIngestionDAG.wget scheduled__2021-05-02T06:00:03+00:00 [queued]>
[2022-04-13 21:21:39,120] {taskinstance.py:1032} INFO - Dependencies all met for <TaskInstance: LocalIngestionDAG.wget scheduled__2021-05-02T06:00:03+00:00 [queued]>
[2022-04-13 21:21:39,122] {taskinstance.py:1238} INFO - 
--------------------------------------------------------------------------------
[2022-04-13 21:21:39,126] {taskinstance.py:1239} INFO - Starting attempt 1 of 1
[2022-04-13 21:21:39,127] {taskinstance.py:1240} INFO - 
--------------------------------------------------------------------------------
[2022-04-13 21:21:39,166] {taskinstance.py:1259} INFO - Executing <Task(BashOperator): wget> on 2021-05-02 06:00:03+00:00
[2022-04-13 21:21:39,173] {standard_task_runner.py:52} INFO - Started process 2828 to run task
[2022-04-13 21:21:39,185] {standard_task_runner.py:76} INFO - Running: ['***', 'tasks', 'run', 'LocalIngestionDAG', 'wget', 'scheduled__2021-05-02T06:00:03+00:00', '--job-id', '603', '--raw', '--subdir', 'DAGS_FOLDER/data_ingestion_local.py', '--cfg-path', '/tmp/tmpfeu0s__8', '--error-file', '/tmp/tmps3thav8f']
[2022-04-13 21:21:39,189] {standard_task_runner.py:77} INFO - Job 603: Subtask wget
[2022-04-13 21:21:39,341] {logging_mixin.py:109} INFO - Running <TaskInstance: LocalIngestionDAG.wget scheduled__2021-05-02T06:00:03+00:00 [running]> on host 13db72185839
[2022-04-13 21:21:39,539] {taskinstance.py:1426} INFO - Exporting the following env vars:
AIRFLOW_CTX_DAG_OWNER=***
AIRFLOW_CTX_DAG_ID=LocalIngestionDAG
AIRFLOW_CTX_TASK_ID=wget
AIRFLOW_CTX_EXECUTION_DATE=2021-05-02T06:00:03+00:00
AIRFLOW_CTX_DAG_RUN_ID=scheduled__2021-05-02T06:00:03+00:00
[2022-04-13 21:21:39,543] {subprocess.py:62} INFO - Tmp dir root location: 
 /tmp
[2022-04-13 21:21:39,544] {subprocess.py:74} INFO - Running command: ['bash', '-c', 'echo "hello world"']
[2022-04-13 21:21:39,570] {subprocess.py:85} INFO - Output:
[2022-04-13 21:21:39,574] {subprocess.py:89} INFO - hello world
[2022-04-13 21:21:39,575] {subprocess.py:93} INFO - Command exited with return code 0
[2022-04-13 21:21:39,675] {taskinstance.py:1277} INFO - Marking task as SUCCESS. dag_id=LocalIngestionDAG, task_id=wget, execution_date=20210502T060003, start_date=20220413T212139, end_date=20220413T212139
[2022-04-13 21:21:39,771] {local_task_job.py:154} INFO - Task exited with return code 0
[2022-04-13 21:21:39,853] {local_task_job.py:264} INFO - 1 downstream tasks scheduled from follow-on schedule check
