[2022-04-13 15:15:48,150] {taskinstance.py:1032} INFO - Dependencies all met for <TaskInstance: data_ingestion_gcs_dag.local_to_gcs_task manual__2022-04-13T15:13:42.620200+00:00 [queued]>
[2022-04-13 15:15:48,171] {taskinstance.py:1032} INFO - Dependencies all met for <TaskInstance: data_ingestion_gcs_dag.local_to_gcs_task manual__2022-04-13T15:13:42.620200+00:00 [queued]>
[2022-04-13 15:15:48,172] {taskinstance.py:1238} INFO - 
--------------------------------------------------------------------------------
[2022-04-13 15:15:48,172] {taskinstance.py:1239} INFO - Starting attempt 1 of 2
[2022-04-13 15:15:48,173] {taskinstance.py:1240} INFO - 
--------------------------------------------------------------------------------
[2022-04-13 15:15:48,196] {taskinstance.py:1259} INFO - Executing <Task(PythonOperator): local_to_gcs_task> on 2022-04-13 15:13:42.620200+00:00
[2022-04-13 15:15:48,205] {standard_task_runner.py:52} INFO - Started process 492 to run task
[2022-04-13 15:15:48,211] {standard_task_runner.py:76} INFO - Running: ['***', 'tasks', 'run', 'data_ingestion_gcs_dag', 'local_to_gcs_task', 'manual__2022-04-13T15:13:42.620200+00:00', '--job-id', '82', '--raw', '--subdir', 'DAGS_FOLDER/data_ingestion_gcs_dag.py', '--cfg-path', '/tmp/tmp_sd4uxzw', '--error-file', '/tmp/tmpeynqt0dk']
[2022-04-13 15:15:48,214] {standard_task_runner.py:77} INFO - Job 82: Subtask local_to_gcs_task
[2022-04-13 15:15:48,320] {logging_mixin.py:109} INFO - Running <TaskInstance: data_ingestion_gcs_dag.local_to_gcs_task manual__2022-04-13T15:13:42.620200+00:00 [running]> on host b8725b2c61af
[2022-04-13 15:15:48,419] {taskinstance.py:1426} INFO - Exporting the following env vars:
AIRFLOW_CTX_DAG_OWNER=***
AIRFLOW_CTX_DAG_ID=data_ingestion_gcs_dag
AIRFLOW_CTX_TASK_ID=local_to_gcs_task
AIRFLOW_CTX_EXECUTION_DATE=2022-04-13T15:13:42.620200+00:00
AIRFLOW_CTX_DAG_RUN_ID=manual__2022-04-13T15:13:42.620200+00:00
[2022-04-13 15:16:06,857] {python.py:175} INFO - Done. Returned value was: None
[2022-04-13 15:16:06,881] {taskinstance.py:1277} INFO - Marking task as SUCCESS. dag_id=data_ingestion_gcs_dag, task_id=local_to_gcs_task, execution_date=20220413T151342, start_date=20220413T151548, end_date=20220413T151606
[2022-04-13 15:16:06,918] {local_task_job.py:154} INFO - Task exited with return code 0
[2022-04-13 15:16:06,966] {local_task_job.py:264} INFO - 1 downstream tasks scheduled from follow-on schedule check
