[2022-04-13 21:18:18,682] {taskinstance.py:1032} INFO - Dependencies all met for <TaskInstance: LocalIngestionDAG.ingest scheduled__2021-04-02T06:00:04+00:00 [queued]>
[2022-04-13 21:18:18,715] {taskinstance.py:1032} INFO - Dependencies all met for <TaskInstance: LocalIngestionDAG.ingest scheduled__2021-04-02T06:00:04+00:00 [queued]>
[2022-04-13 21:18:18,716] {taskinstance.py:1238} INFO - 
--------------------------------------------------------------------------------
[2022-04-13 21:18:18,717] {taskinstance.py:1239} INFO - Starting attempt 1 of 1
[2022-04-13 21:18:18,717] {taskinstance.py:1240} INFO - 
--------------------------------------------------------------------------------
[2022-04-13 21:18:18,749] {taskinstance.py:1259} INFO - Executing <Task(BashOperator): ingest> on 2021-04-02 06:00:04+00:00
[2022-04-13 21:18:18,764] {standard_task_runner.py:52} INFO - Started process 2326 to run task
[2022-04-13 21:18:18,771] {standard_task_runner.py:76} INFO - Running: ['***', 'tasks', 'run', 'LocalIngestionDAG', 'ingest', 'scheduled__2021-04-02T06:00:04+00:00', '--job-id', '494', '--raw', '--subdir', 'DAGS_FOLDER/data_ingestion_local.py', '--cfg-path', '/tmp/tmptpdgrnuh', '--error-file', '/tmp/tmp1fxei8dt']
[2022-04-13 21:18:18,778] {standard_task_runner.py:77} INFO - Job 494: Subtask ingest
[2022-04-13 21:18:18,958] {logging_mixin.py:109} INFO - Running <TaskInstance: LocalIngestionDAG.ingest scheduled__2021-04-02T06:00:04+00:00 [running]> on host 13db72185839
[2022-04-13 21:18:19,053] {taskinstance.py:1426} INFO - Exporting the following env vars:
AIRFLOW_CTX_DAG_OWNER=***
AIRFLOW_CTX_DAG_ID=LocalIngestionDAG
AIRFLOW_CTX_TASK_ID=ingest
AIRFLOW_CTX_EXECUTION_DATE=2021-04-02T06:00:04+00:00
AIRFLOW_CTX_DAG_RUN_ID=scheduled__2021-04-02T06:00:04+00:00
[2022-04-13 21:18:19,055] {subprocess.py:62} INFO - Tmp dir root location: 
 /tmp
[2022-04-13 21:18:19,056] {subprocess.py:74} INFO - Running command: ['bash', '-c', 'pwd']
[2022-04-13 21:18:19,066] {subprocess.py:85} INFO - Output:
[2022-04-13 21:18:19,068] {subprocess.py:89} INFO - /tmp/***tmph5pt7cja
[2022-04-13 21:18:19,069] {subprocess.py:93} INFO - Command exited with return code 0
[2022-04-13 21:18:19,104] {taskinstance.py:1277} INFO - Marking task as SUCCESS. dag_id=LocalIngestionDAG, task_id=ingest, execution_date=20210402T060004, start_date=20220413T211818, end_date=20220413T211819
[2022-04-13 21:18:19,148] {local_task_job.py:154} INFO - Task exited with return code 0
[2022-04-13 21:18:19,219] {local_task_job.py:264} INFO - 0 downstream tasks scheduled from follow-on schedule check
[2022-04-13 21:18:19,269] {dagrun.py:545} INFO - Marking run <DagRun LocalIngestionDAG @ 2021-04-02 06:00:04+00:00: scheduled__2021-04-02T06:00:04+00:00, externally triggered: False> successful
[2022-04-13 21:18:19,271] {dagrun.py:605} INFO - DagRun Finished: dag_id=LocalIngestionDAG, execution_date=2021-04-02 06:00:04+00:00, run_id=scheduled__2021-04-02T06:00:04+00:00, run_start_date=2022-04-13 21:18:15.220893+00:00, run_end_date=2022-04-13 21:18:19.271616+00:00, run_duration=4.050723, state=success, external_trigger=False, run_type=scheduled, data_interval_start=2021-04-02 06:00:04+00:00, data_interval_end=2021-04-02 06:00:05+00:00, dag_hash=e1f1b4eb67bf00e284b5a574896345e1
