[2022-04-13 21:26:00,153] {taskinstance.py:1032} INFO - Dependencies all met for <TaskInstance: LocalIngestionDAG.ingest scheduled__2021-09-02T06:00:08+00:00 [queued]>
[2022-04-13 21:26:00,195] {taskinstance.py:1032} INFO - Dependencies all met for <TaskInstance: LocalIngestionDAG.ingest scheduled__2021-09-02T06:00:08+00:00 [queued]>
[2022-04-13 21:26:00,197] {taskinstance.py:1238} INFO - 
--------------------------------------------------------------------------------
[2022-04-13 21:26:00,199] {taskinstance.py:1239} INFO - Starting attempt 1 of 1
[2022-04-13 21:26:00,200] {taskinstance.py:1240} INFO - 
--------------------------------------------------------------------------------
[2022-04-13 21:26:00,275] {taskinstance.py:1259} INFO - Executing <Task(BashOperator): ingest> on 2021-09-02 06:00:08+00:00
[2022-04-13 21:26:00,300] {standard_task_runner.py:52} INFO - Started process 4531 to run task
[2022-04-13 21:26:00,335] {standard_task_runner.py:76} INFO - Running: ['***', 'tasks', 'run', 'LocalIngestionDAG', 'ingest', 'scheduled__2021-09-02T06:00:08+00:00', '--job-id', '1102', '--raw', '--subdir', 'DAGS_FOLDER/data_ingestion_local.py', '--cfg-path', '/tmp/tmpx8umdrtw', '--error-file', '/tmp/tmp8emvg2cf']
[2022-04-13 21:26:00,342] {standard_task_runner.py:77} INFO - Job 1102: Subtask ingest
[2022-04-13 21:26:00,517] {logging_mixin.py:109} INFO - Running <TaskInstance: LocalIngestionDAG.ingest scheduled__2021-09-02T06:00:08+00:00 [running]> on host 13db72185839
[2022-04-13 21:26:00,690] {taskinstance.py:1426} INFO - Exporting the following env vars:
AIRFLOW_CTX_DAG_OWNER=***
AIRFLOW_CTX_DAG_ID=LocalIngestionDAG
AIRFLOW_CTX_TASK_ID=ingest
AIRFLOW_CTX_EXECUTION_DATE=2021-09-02T06:00:08+00:00
AIRFLOW_CTX_DAG_RUN_ID=scheduled__2021-09-02T06:00:08+00:00
[2022-04-13 21:26:00,695] {subprocess.py:62} INFO - Tmp dir root location: 
 /tmp
[2022-04-13 21:26:00,697] {subprocess.py:74} INFO - Running command: ['bash', '-c', 'pwd']
[2022-04-13 21:26:00,711] {subprocess.py:85} INFO - Output:
[2022-04-13 21:26:00,714] {subprocess.py:89} INFO - /tmp/***tmpo2fjsm0d
[2022-04-13 21:26:00,716] {subprocess.py:93} INFO - Command exited with return code 0
[2022-04-13 21:26:00,797] {taskinstance.py:1277} INFO - Marking task as SUCCESS. dag_id=LocalIngestionDAG, task_id=ingest, execution_date=20210902T060008, start_date=20220413T212600, end_date=20220413T212600
[2022-04-13 21:26:00,873] {local_task_job.py:154} INFO - Task exited with return code 0
[2022-04-13 21:26:00,966] {local_task_job.py:264} INFO - 0 downstream tasks scheduled from follow-on schedule check
