[2022-04-13 21:15:53,266] {taskinstance.py:1032} INFO - Dependencies all met for <TaskInstance: LocalIngestionDAG.ingest scheduled__2021-01-02T06:00:16+00:00 [queued]>
[2022-04-13 21:15:53,290] {taskinstance.py:1032} INFO - Dependencies all met for <TaskInstance: LocalIngestionDAG.ingest scheduled__2021-01-02T06:00:16+00:00 [queued]>
[2022-04-13 21:15:53,290] {taskinstance.py:1238} INFO - 
--------------------------------------------------------------------------------
[2022-04-13 21:15:53,292] {taskinstance.py:1239} INFO - Starting attempt 1 of 1
[2022-04-13 21:15:53,293] {taskinstance.py:1240} INFO - 
--------------------------------------------------------------------------------
[2022-04-13 21:15:53,322] {taskinstance.py:1259} INFO - Executing <Task(BashOperator): ingest> on 2021-01-02 06:00:16+00:00
[2022-04-13 21:15:53,327] {standard_task_runner.py:52} INFO - Started process 1188 to run task
[2022-04-13 21:15:53,331] {standard_task_runner.py:76} INFO - Running: ['***', 'tasks', 'run', 'LocalIngestionDAG', 'ingest', 'scheduled__2021-01-02T06:00:16+00:00', '--job-id', '158', '--raw', '--subdir', 'DAGS_FOLDER/data_ingestion_local.py', '--cfg-path', '/tmp/tmpooswtq_q', '--error-file', '/tmp/tmp5g2v5cfs']
[2022-04-13 21:15:53,332] {standard_task_runner.py:77} INFO - Job 158: Subtask ingest
[2022-04-13 21:15:53,420] {logging_mixin.py:109} INFO - Running <TaskInstance: LocalIngestionDAG.ingest scheduled__2021-01-02T06:00:16+00:00 [running]> on host 13db72185839
[2022-04-13 21:15:53,566] {taskinstance.py:1426} INFO - Exporting the following env vars:
AIRFLOW_CTX_DAG_OWNER=***
AIRFLOW_CTX_DAG_ID=LocalIngestionDAG
AIRFLOW_CTX_TASK_ID=ingest
AIRFLOW_CTX_EXECUTION_DATE=2021-01-02T06:00:16+00:00
AIRFLOW_CTX_DAG_RUN_ID=scheduled__2021-01-02T06:00:16+00:00
[2022-04-13 21:15:53,567] {subprocess.py:62} INFO - Tmp dir root location: 
 /tmp
[2022-04-13 21:15:53,569] {subprocess.py:74} INFO - Running command: ['bash', '-c', 'pwd']
[2022-04-13 21:15:53,595] {subprocess.py:85} INFO - Output:
[2022-04-13 21:15:53,597] {subprocess.py:89} INFO - /tmp/***tmp7dykku10
[2022-04-13 21:15:53,598] {subprocess.py:93} INFO - Command exited with return code 0
[2022-04-13 21:15:53,794] {taskinstance.py:1277} INFO - Marking task as SUCCESS. dag_id=LocalIngestionDAG, task_id=ingest, execution_date=20210102T060016, start_date=20220413T211553, end_date=20220413T211553
[2022-04-13 21:15:53,868] {local_task_job.py:154} INFO - Task exited with return code 0
[2022-04-13 21:15:53,992] {local_task_job.py:264} INFO - 0 downstream tasks scheduled from follow-on schedule check
