[2022-04-16 17:06:56,743] {taskinstance.py:1032} INFO - Dependencies all met for <TaskInstance: live_coded_gcs_2_bg_dag.gcs_2_gcs_task scheduled__2022-04-15T00:00:00+00:00 [queued]>
[2022-04-16 17:06:56,763] {taskinstance.py:1032} INFO - Dependencies all met for <TaskInstance: live_coded_gcs_2_bg_dag.gcs_2_gcs_task scheduled__2022-04-15T00:00:00+00:00 [queued]>
[2022-04-16 17:06:56,764] {taskinstance.py:1238} INFO - 
--------------------------------------------------------------------------------
[2022-04-16 17:06:56,764] {taskinstance.py:1239} INFO - Starting attempt 1 of 2
[2022-04-16 17:06:56,765] {taskinstance.py:1240} INFO - 
--------------------------------------------------------------------------------
[2022-04-16 17:06:56,788] {taskinstance.py:1259} INFO - Executing <Task(GCSToGCSOperator): gcs_2_gcs_task> on 2022-04-15 00:00:00+00:00
[2022-04-16 17:06:56,796] {standard_task_runner.py:52} INFO - Started process 1241 to run task
[2022-04-16 17:06:56,801] {standard_task_runner.py:76} INFO - Running: ['***', 'tasks', 'run', 'live_coded_gcs_2_bg_dag', 'gcs_2_gcs_task', 'scheduled__2022-04-15T00:00:00+00:00', '--job-id', '2133', '--raw', '--subdir', 'DAGS_FOLDER/gcs_2_bq_dag.py', '--cfg-path', '/tmp/tmp0wq3vxea', '--error-file', '/tmp/tmp8iro3yzf']
[2022-04-16 17:06:56,803] {standard_task_runner.py:77} INFO - Job 2133: Subtask gcs_2_gcs_task
[2022-04-16 17:06:56,916] {logging_mixin.py:109} INFO - Running <TaskInstance: live_coded_gcs_2_bg_dag.gcs_2_gcs_task scheduled__2022-04-15T00:00:00+00:00 [running]> on host 0f0253b9972c
[2022-04-16 17:06:57,031] {taskinstance.py:1426} INFO - Exporting the following env vars:
AIRFLOW_CTX_DAG_OWNER=***
AIRFLOW_CTX_DAG_ID=live_coded_gcs_2_bg_dag
AIRFLOW_CTX_TASK_ID=gcs_2_gcs_task
AIRFLOW_CTX_EXECUTION_DATE=2022-04-15T00:00:00+00:00
AIRFLOW_CTX_DAG_RUN_ID=scheduled__2022-04-15T00:00:00+00:00
[2022-04-16 17:06:57,034] {crypto.py:82} WARNING - empty cryptography key - values will not be stored encrypted.
[2022-04-16 17:06:57,035] {gcs_to_gcs.py:346} INFO - Delimiter ignored because wildcard is in prefix
[2022-04-16 17:06:58,472] {taskinstance.py:1277} INFO - Marking task as SUCCESS. dag_id=live_coded_gcs_2_bg_dag, task_id=gcs_2_gcs_task, execution_date=20220415T000000, start_date=20220416T170656, end_date=20220416T170658
[2022-04-16 17:06:58,545] {local_task_job.py:154} INFO - Task exited with return code 0
[2022-04-16 17:06:58,644] {local_task_job.py:264} INFO - 0 downstream tasks scheduled from follow-on schedule check
