[2022-04-13 21:17:47,788] {taskinstance.py:1032} INFO - Dependencies all met for <TaskInstance: LocalIngestionDAG.ingest scheduled__2021-03-02T06:00:28+00:00 [queued]>
[2022-04-13 21:17:47,823] {taskinstance.py:1032} INFO - Dependencies all met for <TaskInstance: LocalIngestionDAG.ingest scheduled__2021-03-02T06:00:28+00:00 [queued]>
[2022-04-13 21:17:47,824] {taskinstance.py:1238} INFO - 
--------------------------------------------------------------------------------
[2022-04-13 21:17:47,825] {taskinstance.py:1239} INFO - Starting attempt 1 of 1
[2022-04-13 21:17:47,832] {taskinstance.py:1240} INFO - 
--------------------------------------------------------------------------------
[2022-04-13 21:17:47,892] {taskinstance.py:1259} INFO - Executing <Task(BashOperator): ingest> on 2021-03-02 06:00:28+00:00
[2022-04-13 21:17:47,902] {standard_task_runner.py:52} INFO - Started process 2087 to run task
[2022-04-13 21:17:47,932] {standard_task_runner.py:76} INFO - Running: ['***', 'tasks', 'run', 'LocalIngestionDAG', 'ingest', 'scheduled__2021-03-02T06:00:28+00:00', '--job-id', '422', '--raw', '--subdir', 'DAGS_FOLDER/data_ingestion_local.py', '--cfg-path', '/tmp/tmpx_3pf46b', '--error-file', '/tmp/tmpep114f3u']
[2022-04-13 21:17:47,935] {standard_task_runner.py:77} INFO - Job 422: Subtask ingest
[2022-04-13 21:17:48,126] {logging_mixin.py:109} INFO - Running <TaskInstance: LocalIngestionDAG.ingest scheduled__2021-03-02T06:00:28+00:00 [running]> on host 13db72185839
[2022-04-13 21:17:48,343] {taskinstance.py:1426} INFO - Exporting the following env vars:
AIRFLOW_CTX_DAG_OWNER=***
AIRFLOW_CTX_DAG_ID=LocalIngestionDAG
AIRFLOW_CTX_TASK_ID=ingest
AIRFLOW_CTX_EXECUTION_DATE=2021-03-02T06:00:28+00:00
AIRFLOW_CTX_DAG_RUN_ID=scheduled__2021-03-02T06:00:28+00:00
[2022-04-13 21:17:48,347] {subprocess.py:62} INFO - Tmp dir root location: 
 /tmp
[2022-04-13 21:17:48,348] {subprocess.py:74} INFO - Running command: ['bash', '-c', 'pwd']
[2022-04-13 21:17:48,364] {subprocess.py:85} INFO - Output:
[2022-04-13 21:17:48,374] {subprocess.py:89} INFO - /tmp/***tmpcw80h04f
[2022-04-13 21:17:48,376] {subprocess.py:93} INFO - Command exited with return code 0
[2022-04-13 21:17:48,454] {taskinstance.py:1277} INFO - Marking task as SUCCESS. dag_id=LocalIngestionDAG, task_id=ingest, execution_date=20210302T060028, start_date=20220413T211747, end_date=20220413T211748
[2022-04-13 21:17:48,499] {local_task_job.py:154} INFO - Task exited with return code 0
[2022-04-13 21:17:48,585] {local_task_job.py:264} INFO - 0 downstream tasks scheduled from follow-on schedule check
