[2022-04-13 21:17:39,701] {taskinstance.py:1032} INFO - Dependencies all met for <TaskInstance: LocalIngestionDAG.ingest scheduled__2021-03-02T06:00:19+00:00 [queued]>
[2022-04-13 21:17:39,747] {taskinstance.py:1032} INFO - Dependencies all met for <TaskInstance: LocalIngestionDAG.ingest scheduled__2021-03-02T06:00:19+00:00 [queued]>
[2022-04-13 21:17:39,748] {taskinstance.py:1238} INFO - 
--------------------------------------------------------------------------------
[2022-04-13 21:17:39,749] {taskinstance.py:1239} INFO - Starting attempt 1 of 1
[2022-04-13 21:17:39,750] {taskinstance.py:1240} INFO - 
--------------------------------------------------------------------------------
[2022-04-13 21:17:39,847] {taskinstance.py:1259} INFO - Executing <Task(BashOperator): ingest> on 2021-03-02 06:00:19+00:00
[2022-04-13 21:17:39,862] {standard_task_runner.py:52} INFO - Started process 2018 to run task
[2022-04-13 21:17:39,872] {standard_task_runner.py:76} INFO - Running: ['***', 'tasks', 'run', 'LocalIngestionDAG', 'ingest', 'scheduled__2021-03-02T06:00:19+00:00', '--job-id', '403', '--raw', '--subdir', 'DAGS_FOLDER/data_ingestion_local.py', '--cfg-path', '/tmp/tmpqzh9hb5m', '--error-file', '/tmp/tmpd0axoqky']
[2022-04-13 21:17:39,885] {standard_task_runner.py:77} INFO - Job 403: Subtask ingest
[2022-04-13 21:17:40,130] {logging_mixin.py:109} INFO - Running <TaskInstance: LocalIngestionDAG.ingest scheduled__2021-03-02T06:00:19+00:00 [running]> on host 13db72185839
[2022-04-13 21:17:40,357] {taskinstance.py:1426} INFO - Exporting the following env vars:
AIRFLOW_CTX_DAG_OWNER=***
AIRFLOW_CTX_DAG_ID=LocalIngestionDAG
AIRFLOW_CTX_TASK_ID=ingest
AIRFLOW_CTX_EXECUTION_DATE=2021-03-02T06:00:19+00:00
AIRFLOW_CTX_DAG_RUN_ID=scheduled__2021-03-02T06:00:19+00:00
[2022-04-13 21:17:40,359] {subprocess.py:62} INFO - Tmp dir root location: 
 /tmp
[2022-04-13 21:17:40,361] {subprocess.py:74} INFO - Running command: ['bash', '-c', 'pwd']
[2022-04-13 21:17:40,379] {subprocess.py:85} INFO - Output:
[2022-04-13 21:17:40,383] {subprocess.py:89} INFO - /tmp/***tmppibowrbo
[2022-04-13 21:17:40,384] {subprocess.py:93} INFO - Command exited with return code 0
[2022-04-13 21:17:40,498] {taskinstance.py:1277} INFO - Marking task as SUCCESS. dag_id=LocalIngestionDAG, task_id=ingest, execution_date=20210302T060019, start_date=20220413T211739, end_date=20220413T211740
[2022-04-13 21:17:40,612] {local_task_job.py:154} INFO - Task exited with return code 0
[2022-04-13 21:17:40,865] {local_task_job.py:264} INFO - 0 downstream tasks scheduled from follow-on schedule check
