[2022-04-13 21:27:04,664] {taskinstance.py:1032} INFO - Dependencies all met for <TaskInstance: LocalIngestionDAG.wget scheduled__2021-10-02T06:00:06+00:00 [queued]>
[2022-04-13 21:27:04,778] {taskinstance.py:1032} INFO - Dependencies all met for <TaskInstance: LocalIngestionDAG.wget scheduled__2021-10-02T06:00:06+00:00 [queued]>
[2022-04-13 21:27:04,783] {taskinstance.py:1238} INFO - 
--------------------------------------------------------------------------------
[2022-04-13 21:27:04,786] {taskinstance.py:1239} INFO - Starting attempt 1 of 1
[2022-04-13 21:27:04,796] {taskinstance.py:1240} INFO - 
--------------------------------------------------------------------------------
[2022-04-13 21:27:04,885] {taskinstance.py:1259} INFO - Executing <Task(BashOperator): wget> on 2021-10-02 06:00:06+00:00
[2022-04-13 21:27:04,919] {standard_task_runner.py:52} INFO - Started process 4901 to run task
[2022-04-13 21:27:04,948] {standard_task_runner.py:76} INFO - Running: ['***', 'tasks', 'run', 'LocalIngestionDAG', 'wget', 'scheduled__2021-10-02T06:00:06+00:00', '--job-id', '1210', '--raw', '--subdir', 'DAGS_FOLDER/data_ingestion_local.py', '--cfg-path', '/tmp/tmpi58dlaf3', '--error-file', '/tmp/tmp0yi1t_yg']
[2022-04-13 21:27:04,953] {standard_task_runner.py:77} INFO - Job 1210: Subtask wget
[2022-04-13 21:27:05,312] {logging_mixin.py:109} INFO - Running <TaskInstance: LocalIngestionDAG.wget scheduled__2021-10-02T06:00:06+00:00 [running]> on host 13db72185839
[2022-04-13 21:27:05,563] {taskinstance.py:1426} INFO - Exporting the following env vars:
AIRFLOW_CTX_DAG_OWNER=***
AIRFLOW_CTX_DAG_ID=LocalIngestionDAG
AIRFLOW_CTX_TASK_ID=wget
AIRFLOW_CTX_EXECUTION_DATE=2021-10-02T06:00:06+00:00
AIRFLOW_CTX_DAG_RUN_ID=scheduled__2021-10-02T06:00:06+00:00
[2022-04-13 21:27:05,565] {subprocess.py:62} INFO - Tmp dir root location: 
 /tmp
[2022-04-13 21:27:05,567] {subprocess.py:74} INFO - Running command: ['bash', '-c', 'echo "hello world"']
[2022-04-13 21:27:05,582] {subprocess.py:85} INFO - Output:
[2022-04-13 21:27:05,586] {subprocess.py:89} INFO - hello world
[2022-04-13 21:27:05,587] {subprocess.py:93} INFO - Command exited with return code 0
[2022-04-13 21:27:05,665] {taskinstance.py:1277} INFO - Marking task as SUCCESS. dag_id=LocalIngestionDAG, task_id=wget, execution_date=20211002T060006, start_date=20220413T212704, end_date=20220413T212705
[2022-04-13 21:27:05,759] {local_task_job.py:154} INFO - Task exited with return code 0
[2022-04-13 21:27:06,020] {local_task_job.py:264} INFO - 1 downstream tasks scheduled from follow-on schedule check
