[2022-04-13 22:36:33,246] {taskinstance.py:1032} INFO - Dependencies all met for <TaskInstance: LocalIngestionDAG.wget scheduled__2022-04-02T06:00:48+00:00 [queued]>
[2022-04-13 22:36:33,289] {taskinstance.py:1032} INFO - Dependencies all met for <TaskInstance: LocalIngestionDAG.wget scheduled__2022-04-02T06:00:48+00:00 [queued]>
[2022-04-13 22:36:33,301] {taskinstance.py:1238} INFO - 
--------------------------------------------------------------------------------
[2022-04-13 22:36:33,310] {taskinstance.py:1239} INFO - Starting attempt 1 of 1
[2022-04-13 22:36:33,312] {taskinstance.py:1240} INFO - 
--------------------------------------------------------------------------------
[2022-04-13 22:36:33,385] {taskinstance.py:1259} INFO - Executing <Task(BashOperator): wget> on 2022-04-02 06:00:48+00:00
[2022-04-13 22:36:33,401] {standard_task_runner.py:52} INFO - Started process 11466 to run task
[2022-04-13 22:36:33,416] {standard_task_runner.py:76} INFO - Running: ['***', 'tasks', 'run', 'LocalIngestionDAG', 'wget', 'scheduled__2022-04-02T06:00:48+00:00', '--job-id', '1986', '--raw', '--subdir', 'DAGS_FOLDER/data_ingestion_local.py', '--cfg-path', '/tmp/tmp7h5nmtbd', '--error-file', '/tmp/tmpd1prhon5']
[2022-04-13 22:36:33,418] {standard_task_runner.py:77} INFO - Job 1986: Subtask wget
[2022-04-13 22:36:33,592] {logging_mixin.py:109} INFO - Running <TaskInstance: LocalIngestionDAG.wget scheduled__2022-04-02T06:00:48+00:00 [running]> on host 13db72185839
[2022-04-13 22:36:33,735] {logging_mixin.py:109} WARNING - /home/***/.local/lib/python3.7/site-packages/***/utils/context.py:152 AirflowContextDeprecationWarning: Accessing 'execution_date' from the template is deprecated and will be removed in a future version. Please use 'data_interval_start' or 'logical_date' instead.
[2022-04-13 22:36:33,789] {taskinstance.py:1426} INFO - Exporting the following env vars:
AIRFLOW_CTX_DAG_OWNER=***
AIRFLOW_CTX_DAG_ID=LocalIngestionDAG
AIRFLOW_CTX_TASK_ID=wget
AIRFLOW_CTX_EXECUTION_DATE=2022-04-02T06:00:48+00:00
AIRFLOW_CTX_DAG_RUN_ID=scheduled__2022-04-02T06:00:48+00:00
[2022-04-13 22:36:33,792] {subprocess.py:62} INFO - Tmp dir root location: 
 /tmp
[2022-04-13 22:36:33,795] {subprocess.py:74} INFO - Running command: ['bash', '-c', 'curl -sSL https://s3.amazonaws.com/nyc-tlc/trip+data/yellow_tripdata_2022-04.csv > /opt/***/output_2022-04.csv']
[2022-04-13 22:36:33,823] {subprocess.py:85} INFO - Output:
[2022-04-13 22:36:35,056] {subprocess.py:93} INFO - Command exited with return code 0
[2022-04-13 22:36:35,449] {taskinstance.py:1277} INFO - Marking task as SUCCESS. dag_id=LocalIngestionDAG, task_id=wget, execution_date=20220402T060048, start_date=20220413T223633, end_date=20220413T223635
[2022-04-13 22:36:35,517] {local_task_job.py:154} INFO - Task exited with return code 0
[2022-04-13 22:36:35,707] {local_task_job.py:264} INFO - 1 downstream tasks scheduled from follow-on schedule check
