[2022-04-13 21:25:49,392] {taskinstance.py:1032} INFO - Dependencies all met for <TaskInstance: LocalIngestionDAG.wget scheduled__2021-09-02T06:00:03+00:00 [queued]>
[2022-04-13 21:25:49,431] {taskinstance.py:1032} INFO - Dependencies all met for <TaskInstance: LocalIngestionDAG.wget scheduled__2021-09-02T06:00:03+00:00 [queued]>
[2022-04-13 21:25:49,432] {taskinstance.py:1238} INFO - 
--------------------------------------------------------------------------------
[2022-04-13 21:25:49,433] {taskinstance.py:1239} INFO - Starting attempt 1 of 1
[2022-04-13 21:25:49,434] {taskinstance.py:1240} INFO - 
--------------------------------------------------------------------------------
[2022-04-13 21:25:49,553] {taskinstance.py:1259} INFO - Executing <Task(BashOperator): wget> on 2021-09-02 06:00:03+00:00
[2022-04-13 21:25:49,560] {standard_task_runner.py:52} INFO - Started process 4461 to run task
[2022-04-13 21:25:49,588] {standard_task_runner.py:76} INFO - Running: ['***', 'tasks', 'run', 'LocalIngestionDAG', 'wget', 'scheduled__2021-09-02T06:00:03+00:00', '--job-id', '1084', '--raw', '--subdir', 'DAGS_FOLDER/data_ingestion_local.py', '--cfg-path', '/tmp/tmpptpt0vrc', '--error-file', '/tmp/tmpdiz_61eb']
[2022-04-13 21:25:49,597] {standard_task_runner.py:77} INFO - Job 1084: Subtask wget
[2022-04-13 21:25:49,847] {logging_mixin.py:109} INFO - Running <TaskInstance: LocalIngestionDAG.wget scheduled__2021-09-02T06:00:03+00:00 [running]> on host 13db72185839
[2022-04-13 21:25:50,018] {taskinstance.py:1426} INFO - Exporting the following env vars:
AIRFLOW_CTX_DAG_OWNER=***
AIRFLOW_CTX_DAG_ID=LocalIngestionDAG
AIRFLOW_CTX_TASK_ID=wget
AIRFLOW_CTX_EXECUTION_DATE=2021-09-02T06:00:03+00:00
AIRFLOW_CTX_DAG_RUN_ID=scheduled__2021-09-02T06:00:03+00:00
[2022-04-13 21:25:50,022] {subprocess.py:62} INFO - Tmp dir root location: 
 /tmp
[2022-04-13 21:25:50,025] {subprocess.py:74} INFO - Running command: ['bash', '-c', 'echo "hello world"']
[2022-04-13 21:25:50,040] {subprocess.py:85} INFO - Output:
[2022-04-13 21:25:50,044] {subprocess.py:89} INFO - hello world
[2022-04-13 21:25:50,045] {subprocess.py:93} INFO - Command exited with return code 0
[2022-04-13 21:25:50,104] {taskinstance.py:1277} INFO - Marking task as SUCCESS. dag_id=LocalIngestionDAG, task_id=wget, execution_date=20210902T060003, start_date=20220413T212549, end_date=20220413T212550
[2022-04-13 21:25:50,179] {local_task_job.py:154} INFO - Task exited with return code 0
[2022-04-13 21:25:50,409] {local_task_job.py:264} INFO - 1 downstream tasks scheduled from follow-on schedule check
