[2022-04-13 21:27:56,151] {taskinstance.py:1032} INFO - Dependencies all met for <TaskInstance: LocalIngestionDAG.wget scheduled__2021-10-02T06:00:41+00:00 [queued]>
[2022-04-13 21:27:56,246] {taskinstance.py:1032} INFO - Dependencies all met for <TaskInstance: LocalIngestionDAG.wget scheduled__2021-10-02T06:00:41+00:00 [queued]>
[2022-04-13 21:27:56,250] {taskinstance.py:1238} INFO - 
--------------------------------------------------------------------------------
[2022-04-13 21:27:56,252] {taskinstance.py:1239} INFO - Starting attempt 1 of 1
[2022-04-13 21:27:56,261] {taskinstance.py:1240} INFO - 
--------------------------------------------------------------------------------
[2022-04-13 21:27:56,349] {taskinstance.py:1259} INFO - Executing <Task(BashOperator): wget> on 2021-10-02 06:00:41+00:00
[2022-04-13 21:27:56,359] {standard_task_runner.py:52} INFO - Started process 5146 to run task
[2022-04-13 21:27:56,365] {standard_task_runner.py:76} INFO - Running: ['***', 'tasks', 'run', 'LocalIngestionDAG', 'wget', 'scheduled__2021-10-02T06:00:41+00:00', '--job-id', '1279', '--raw', '--subdir', 'DAGS_FOLDER/data_ingestion_local.py', '--cfg-path', '/tmp/tmpg9057bd2', '--error-file', '/tmp/tmp_qxe28oj']
[2022-04-13 21:27:56,376] {standard_task_runner.py:77} INFO - Job 1279: Subtask wget
[2022-04-13 21:27:56,646] {logging_mixin.py:109} INFO - Running <TaskInstance: LocalIngestionDAG.wget scheduled__2021-10-02T06:00:41+00:00 [running]> on host 13db72185839
[2022-04-13 21:27:56,973] {taskinstance.py:1426} INFO - Exporting the following env vars:
AIRFLOW_CTX_DAG_OWNER=***
AIRFLOW_CTX_DAG_ID=LocalIngestionDAG
AIRFLOW_CTX_TASK_ID=wget
AIRFLOW_CTX_EXECUTION_DATE=2021-10-02T06:00:41+00:00
AIRFLOW_CTX_DAG_RUN_ID=scheduled__2021-10-02T06:00:41+00:00
[2022-04-13 21:27:56,984] {subprocess.py:62} INFO - Tmp dir root location: 
 /tmp
[2022-04-13 21:27:56,986] {subprocess.py:74} INFO - Running command: ['bash', '-c', 'echo "hello world"']
[2022-04-13 21:27:57,006] {subprocess.py:85} INFO - Output:
[2022-04-13 21:27:57,013] {subprocess.py:89} INFO - hello world
[2022-04-13 21:27:57,014] {subprocess.py:93} INFO - Command exited with return code 0
[2022-04-13 21:27:57,146] {taskinstance.py:1277} INFO - Marking task as SUCCESS. dag_id=LocalIngestionDAG, task_id=wget, execution_date=20211002T060041, start_date=20220413T212756, end_date=20220413T212757
[2022-04-13 21:27:57,256] {local_task_job.py:154} INFO - Task exited with return code 0
[2022-04-13 21:27:57,362] {local_task_job.py:264} INFO - 1 downstream tasks scheduled from follow-on schedule check
