[2022-04-13 21:16:34,167] {taskinstance.py:1032} INFO - Dependencies all met for <TaskInstance: LocalIngestionDAG.wget scheduled__2021-02-02T06:00:10+00:00 [queued]>
[2022-04-13 21:16:34,216] {taskinstance.py:1032} INFO - Dependencies all met for <TaskInstance: LocalIngestionDAG.wget scheduled__2021-02-02T06:00:10+00:00 [queued]>
[2022-04-13 21:16:34,225] {taskinstance.py:1238} INFO - 
--------------------------------------------------------------------------------
[2022-04-13 21:16:34,228] {taskinstance.py:1239} INFO - Starting attempt 1 of 1
[2022-04-13 21:16:34,229] {taskinstance.py:1240} INFO - 
--------------------------------------------------------------------------------
[2022-04-13 21:16:34,277] {taskinstance.py:1259} INFO - Executing <Task(BashOperator): wget> on 2021-02-02 06:00:10+00:00
[2022-04-13 21:16:34,284] {standard_task_runner.py:52} INFO - Started process 1519 to run task
[2022-04-13 21:16:34,298] {standard_task_runner.py:76} INFO - Running: ['***', 'tasks', 'run', 'LocalIngestionDAG', 'wget', 'scheduled__2021-02-02T06:00:10+00:00', '--job-id', '258', '--raw', '--subdir', 'DAGS_FOLDER/data_ingestion_local.py', '--cfg-path', '/tmp/tmp161punc8', '--error-file', '/tmp/tmpetvwp4lu']
[2022-04-13 21:16:34,300] {standard_task_runner.py:77} INFO - Job 258: Subtask wget
[2022-04-13 21:16:34,475] {logging_mixin.py:109} INFO - Running <TaskInstance: LocalIngestionDAG.wget scheduled__2021-02-02T06:00:10+00:00 [running]> on host 13db72185839
[2022-04-13 21:16:34,623] {taskinstance.py:1426} INFO - Exporting the following env vars:
AIRFLOW_CTX_DAG_OWNER=***
AIRFLOW_CTX_DAG_ID=LocalIngestionDAG
AIRFLOW_CTX_TASK_ID=wget
AIRFLOW_CTX_EXECUTION_DATE=2021-02-02T06:00:10+00:00
AIRFLOW_CTX_DAG_RUN_ID=scheduled__2021-02-02T06:00:10+00:00
[2022-04-13 21:16:34,625] {subprocess.py:62} INFO - Tmp dir root location: 
 /tmp
[2022-04-13 21:16:34,626] {subprocess.py:74} INFO - Running command: ['bash', '-c', 'echo "hello world"']
[2022-04-13 21:16:34,637] {subprocess.py:85} INFO - Output:
[2022-04-13 21:16:34,639] {subprocess.py:89} INFO - hello world
[2022-04-13 21:16:34,640] {subprocess.py:93} INFO - Command exited with return code 0
[2022-04-13 21:16:34,695] {taskinstance.py:1277} INFO - Marking task as SUCCESS. dag_id=LocalIngestionDAG, task_id=wget, execution_date=20210202T060010, start_date=20220413T211634, end_date=20220413T211634
[2022-04-13 21:16:34,838] {local_task_job.py:154} INFO - Task exited with return code 0
[2022-04-13 21:16:35,179] {local_task_job.py:264} INFO - 0 downstream tasks scheduled from follow-on schedule check
