[2022-04-13 22:36:37,763] {taskinstance.py:1032} INFO - Dependencies all met for <TaskInstance: LocalIngestionDAG.ingest scheduled__2022-04-02T06:00:48+00:00 [queued]>
[2022-04-13 22:36:37,844] {taskinstance.py:1032} INFO - Dependencies all met for <TaskInstance: LocalIngestionDAG.ingest scheduled__2022-04-02T06:00:48+00:00 [queued]>
[2022-04-13 22:36:37,858] {taskinstance.py:1238} INFO - 
--------------------------------------------------------------------------------
[2022-04-13 22:36:37,861] {taskinstance.py:1239} INFO - Starting attempt 1 of 1
[2022-04-13 22:36:37,862] {taskinstance.py:1240} INFO - 
--------------------------------------------------------------------------------
[2022-04-13 22:36:38,003] {taskinstance.py:1259} INFO - Executing <Task(BashOperator): ingest> on 2022-04-02 06:00:48+00:00
[2022-04-13 22:36:38,027] {standard_task_runner.py:52} INFO - Started process 11513 to run task
[2022-04-13 22:36:38,040] {standard_task_runner.py:76} INFO - Running: ['***', 'tasks', 'run', 'LocalIngestionDAG', 'ingest', 'scheduled__2022-04-02T06:00:48+00:00', '--job-id', '1997', '--raw', '--subdir', 'DAGS_FOLDER/data_ingestion_local.py', '--cfg-path', '/tmp/tmpetqnkar9', '--error-file', '/tmp/tmplsfeab5z']
[2022-04-13 22:36:38,049] {standard_task_runner.py:77} INFO - Job 1997: Subtask ingest
[2022-04-13 22:36:38,378] {logging_mixin.py:109} INFO - Running <TaskInstance: LocalIngestionDAG.ingest scheduled__2022-04-02T06:00:48+00:00 [running]> on host 13db72185839
[2022-04-13 22:36:38,553] {taskinstance.py:1426} INFO - Exporting the following env vars:
AIRFLOW_CTX_DAG_OWNER=***
AIRFLOW_CTX_DAG_ID=LocalIngestionDAG
AIRFLOW_CTX_TASK_ID=ingest
AIRFLOW_CTX_EXECUTION_DATE=2022-04-02T06:00:48+00:00
AIRFLOW_CTX_DAG_RUN_ID=scheduled__2022-04-02T06:00:48+00:00
[2022-04-13 22:36:38,555] {subprocess.py:62} INFO - Tmp dir root location: 
 /tmp
[2022-04-13 22:36:38,559] {subprocess.py:74} INFO - Running command: ['bash', '-c', 'ls /opt/***']
[2022-04-13 22:36:38,579] {subprocess.py:85} INFO - Output:
[2022-04-13 22:36:38,587] {subprocess.py:89} INFO - ***.cfg
[2022-04-13 22:36:38,587] {subprocess.py:89} INFO - dags
[2022-04-13 22:36:38,588] {subprocess.py:89} INFO - logs
[2022-04-13 22:36:38,589] {subprocess.py:89} INFO - output.csv
[2022-04-13 22:36:38,590] {subprocess.py:89} INFO - output_2022-03.csv
[2022-04-13 22:36:38,590] {subprocess.py:89} INFO - output_2022-04.csv
[2022-04-13 22:36:38,591] {subprocess.py:89} INFO - plugins
[2022-04-13 22:36:38,591] {subprocess.py:89} INFO - requirements.txt
[2022-04-13 22:36:38,592] {subprocess.py:89} INFO - scripts
[2022-04-13 22:36:38,593] {subprocess.py:89} INFO - webserver_config.py
[2022-04-13 22:36:38,594] {subprocess.py:93} INFO - Command exited with return code 0
[2022-04-13 22:36:38,684] {taskinstance.py:1277} INFO - Marking task as SUCCESS. dag_id=LocalIngestionDAG, task_id=ingest, execution_date=20220402T060048, start_date=20220413T223637, end_date=20220413T223638
[2022-04-13 22:36:38,800] {local_task_job.py:154} INFO - Task exited with return code 0
[2022-04-13 22:36:39,141] {local_task_job.py:264} INFO - 0 downstream tasks scheduled from follow-on schedule check
