[2022-04-16 16:56:17,513] {taskinstance.py:1032} INFO - Dependencies all met for <TaskInstance: live_coded_gcs_2_bg_dag.gcs_2_gcs_task manual__2022-04-15T21:59:36.021929+00:00 [queued]>
[2022-04-16 16:56:17,539] {taskinstance.py:1032} INFO - Dependencies all met for <TaskInstance: live_coded_gcs_2_bg_dag.gcs_2_gcs_task manual__2022-04-15T21:59:36.021929+00:00 [queued]>
[2022-04-16 16:56:17,539] {taskinstance.py:1238} INFO - 
--------------------------------------------------------------------------------
[2022-04-16 16:56:17,540] {taskinstance.py:1239} INFO - Starting attempt 1 of 2
[2022-04-16 16:56:17,541] {taskinstance.py:1240} INFO - 
--------------------------------------------------------------------------------
[2022-04-16 16:56:17,563] {taskinstance.py:1259} INFO - Executing <Task(GCSToGCSOperator): gcs_2_gcs_task> on 2022-04-15 21:59:36.021929+00:00
[2022-04-16 16:56:17,569] {standard_task_runner.py:52} INFO - Started process 219 to run task
[2022-04-16 16:56:17,574] {standard_task_runner.py:76} INFO - Running: ['***', 'tasks', 'run', 'live_coded_gcs_2_bg_dag', 'gcs_2_gcs_task', 'manual__2022-04-15T21:59:36.021929+00:00', '--job-id', '2130', '--raw', '--subdir', 'DAGS_FOLDER/gcs_2_bq_dag.py', '--cfg-path', '/tmp/tmpjpz1iuqp', '--error-file', '/tmp/tmp_ab207qw']
[2022-04-16 16:56:17,576] {standard_task_runner.py:77} INFO - Job 2130: Subtask gcs_2_gcs_task
[2022-04-16 16:56:17,659] {logging_mixin.py:109} INFO - Running <TaskInstance: live_coded_gcs_2_bg_dag.gcs_2_gcs_task manual__2022-04-15T21:59:36.021929+00:00 [running]> on host 0f0253b9972c
[2022-04-16 16:56:17,788] {taskinstance.py:1426} INFO - Exporting the following env vars:
AIRFLOW_CTX_DAG_OWNER=***
AIRFLOW_CTX_DAG_ID=live_coded_gcs_2_bg_dag
AIRFLOW_CTX_TASK_ID=gcs_2_gcs_task
AIRFLOW_CTX_EXECUTION_DATE=2022-04-15T21:59:36.021929+00:00
AIRFLOW_CTX_DAG_RUN_ID=manual__2022-04-15T21:59:36.021929+00:00
[2022-04-16 16:56:17,790] {crypto.py:82} WARNING - empty cryptography key - values will not be stored encrypted.
[2022-04-16 16:56:17,791] {gcs_to_gcs.py:346} INFO - Delimiter ignored because wildcard is in prefix
[2022-04-16 16:56:19,250] {taskinstance.py:1277} INFO - Marking task as SUCCESS. dag_id=live_coded_gcs_2_bg_dag, task_id=gcs_2_gcs_task, execution_date=20220415T215936, start_date=20220416T165617, end_date=20220416T165619
[2022-04-16 16:56:19,316] {local_task_job.py:154} INFO - Task exited with return code 0
[2022-04-16 16:56:19,406] {local_task_job.py:264} INFO - 1 downstream tasks scheduled from follow-on schedule check
