[2022-04-15 23:33:54,620] {taskinstance.py:1032} INFO - Dependencies all met for <TaskInstance: data_ingestion_gcs_dag.local_to_gcs_task scheduled__2022-04-14T00:00:00+00:00 [queued]>
[2022-04-15 23:33:54,640] {taskinstance.py:1032} INFO - Dependencies all met for <TaskInstance: data_ingestion_gcs_dag.local_to_gcs_task scheduled__2022-04-14T00:00:00+00:00 [queued]>
[2022-04-15 23:33:54,641] {taskinstance.py:1238} INFO - 
--------------------------------------------------------------------------------
[2022-04-15 23:33:54,642] {taskinstance.py:1239} INFO - Starting attempt 1 of 2
[2022-04-15 23:33:54,644] {taskinstance.py:1240} INFO - 
--------------------------------------------------------------------------------
[2022-04-15 23:33:54,667] {taskinstance.py:1259} INFO - Executing <Task(PythonOperator): local_to_gcs_task> on 2022-04-14 00:00:00+00:00
[2022-04-15 23:33:54,701] {standard_task_runner.py:52} INFO - Started process 3173 to run task
[2022-04-15 23:33:54,709] {standard_task_runner.py:76} INFO - Running: ['***', 'tasks', 'run', 'data_ingestion_gcs_dag', 'local_to_gcs_task', 'scheduled__2022-04-14T00:00:00+00:00', '--job-id', '2082', '--raw', '--subdir', 'DAGS_FOLDER/data_ingestion_gcs_dag.py', '--cfg-path', '/tmp/tmp8ehnu75z', '--error-file', '/tmp/tmpujwtjqvd']
[2022-04-15 23:33:54,711] {standard_task_runner.py:77} INFO - Job 2082: Subtask local_to_gcs_task
[2022-04-15 23:33:54,849] {logging_mixin.py:109} INFO - Running <TaskInstance: data_ingestion_gcs_dag.local_to_gcs_task scheduled__2022-04-14T00:00:00+00:00 [running]> on host fafd9ac351ac
[2022-04-15 23:33:54,962] {taskinstance.py:1426} INFO - Exporting the following env vars:
AIRFLOW_CTX_DAG_OWNER=***
AIRFLOW_CTX_DAG_ID=data_ingestion_gcs_dag
AIRFLOW_CTX_TASK_ID=local_to_gcs_task
AIRFLOW_CTX_EXECUTION_DATE=2022-04-14T00:00:00+00:00
AIRFLOW_CTX_DAG_RUN_ID=scheduled__2022-04-14T00:00:00+00:00
[2022-04-15 23:34:21,471] {python.py:175} INFO - Done. Returned value was: None
[2022-04-15 23:34:21,499] {taskinstance.py:1277} INFO - Marking task as SUCCESS. dag_id=data_ingestion_gcs_dag, task_id=local_to_gcs_task, execution_date=20220414T000000, start_date=20220415T233354, end_date=20220415T233421
[2022-04-15 23:34:21,545] {local_task_job.py:154} INFO - Task exited with return code 0
[2022-04-15 23:34:21,602] {local_task_job.py:264} INFO - 1 downstream tasks scheduled from follow-on schedule check
