[2022-04-13 21:26:57,966] {taskinstance.py:1032} INFO - Dependencies all met for <TaskInstance: LocalIngestionDAG.ingest scheduled__2021-09-02T06:00:59+00:00 [queued]>
[2022-04-13 21:26:58,009] {taskinstance.py:1032} INFO - Dependencies all met for <TaskInstance: LocalIngestionDAG.ingest scheduled__2021-09-02T06:00:59+00:00 [queued]>
[2022-04-13 21:26:58,010] {taskinstance.py:1238} INFO - 
--------------------------------------------------------------------------------
[2022-04-13 21:26:58,011] {taskinstance.py:1239} INFO - Starting attempt 1 of 1
[2022-04-13 21:26:58,015] {taskinstance.py:1240} INFO - 
--------------------------------------------------------------------------------
[2022-04-13 21:26:58,052] {taskinstance.py:1259} INFO - Executing <Task(BashOperator): ingest> on 2021-09-02 06:00:59+00:00
[2022-04-13 21:26:58,062] {standard_task_runner.py:52} INFO - Started process 4877 to run task
[2022-04-13 21:26:58,080] {standard_task_runner.py:76} INFO - Running: ['***', 'tasks', 'run', 'LocalIngestionDAG', 'ingest', 'scheduled__2021-09-02T06:00:59+00:00', '--job-id', '1203', '--raw', '--subdir', 'DAGS_FOLDER/data_ingestion_local.py', '--cfg-path', '/tmp/tmpja185nmv', '--error-file', '/tmp/tmppxh6pboc']
[2022-04-13 21:26:58,083] {standard_task_runner.py:77} INFO - Job 1203: Subtask ingest
[2022-04-13 21:26:58,342] {logging_mixin.py:109} INFO - Running <TaskInstance: LocalIngestionDAG.ingest scheduled__2021-09-02T06:00:59+00:00 [running]> on host 13db72185839
[2022-04-13 21:26:58,564] {taskinstance.py:1426} INFO - Exporting the following env vars:
AIRFLOW_CTX_DAG_OWNER=***
AIRFLOW_CTX_DAG_ID=LocalIngestionDAG
AIRFLOW_CTX_TASK_ID=ingest
AIRFLOW_CTX_EXECUTION_DATE=2021-09-02T06:00:59+00:00
AIRFLOW_CTX_DAG_RUN_ID=scheduled__2021-09-02T06:00:59+00:00
[2022-04-13 21:26:58,567] {subprocess.py:62} INFO - Tmp dir root location: 
 /tmp
[2022-04-13 21:26:58,572] {subprocess.py:74} INFO - Running command: ['bash', '-c', 'pwd']
[2022-04-13 21:26:58,599] {subprocess.py:85} INFO - Output:
[2022-04-13 21:26:58,602] {subprocess.py:89} INFO - /tmp/***tmpzdnsfdk5
[2022-04-13 21:26:58,604] {subprocess.py:93} INFO - Command exited with return code 0
[2022-04-13 21:26:58,760] {taskinstance.py:1277} INFO - Marking task as SUCCESS. dag_id=LocalIngestionDAG, task_id=ingest, execution_date=20210902T060059, start_date=20220413T212657, end_date=20220413T212658
[2022-04-13 21:26:58,818] {local_task_job.py:154} INFO - Task exited with return code 0
[2022-04-13 21:26:58,932] {local_task_job.py:264} INFO - 0 downstream tasks scheduled from follow-on schedule check
