[2022-04-13 21:16:40,688] {taskinstance.py:1032} INFO - Dependencies all met for <TaskInstance: LocalIngestionDAG.wget scheduled__2021-02-02T06:00:15+00:00 [queued]>
[2022-04-13 21:16:40,709] {taskinstance.py:1032} INFO - Dependencies all met for <TaskInstance: LocalIngestionDAG.wget scheduled__2021-02-02T06:00:15+00:00 [queued]>
[2022-04-13 21:16:40,710] {taskinstance.py:1238} INFO - 
--------------------------------------------------------------------------------
[2022-04-13 21:16:40,710] {taskinstance.py:1239} INFO - Starting attempt 1 of 1
[2022-04-13 21:16:40,711] {taskinstance.py:1240} INFO - 
--------------------------------------------------------------------------------
[2022-04-13 21:16:40,750] {taskinstance.py:1259} INFO - Executing <Task(BashOperator): wget> on 2021-02-02 06:00:15+00:00
[2022-04-13 21:16:40,757] {standard_task_runner.py:52} INFO - Started process 1567 to run task
[2022-04-13 21:16:40,764] {standard_task_runner.py:76} INFO - Running: ['***', 'tasks', 'run', 'LocalIngestionDAG', 'wget', 'scheduled__2021-02-02T06:00:15+00:00', '--job-id', '270', '--raw', '--subdir', 'DAGS_FOLDER/data_ingestion_local.py', '--cfg-path', '/tmp/tmpvmqt0eem', '--error-file', '/tmp/tmpq2g9cngi']
[2022-04-13 21:16:40,766] {standard_task_runner.py:77} INFO - Job 270: Subtask wget
[2022-04-13 21:16:40,876] {logging_mixin.py:109} INFO - Running <TaskInstance: LocalIngestionDAG.wget scheduled__2021-02-02T06:00:15+00:00 [running]> on host 13db72185839
[2022-04-13 21:16:40,995] {taskinstance.py:1426} INFO - Exporting the following env vars:
AIRFLOW_CTX_DAG_OWNER=***
AIRFLOW_CTX_DAG_ID=LocalIngestionDAG
AIRFLOW_CTX_TASK_ID=wget
AIRFLOW_CTX_EXECUTION_DATE=2021-02-02T06:00:15+00:00
AIRFLOW_CTX_DAG_RUN_ID=scheduled__2021-02-02T06:00:15+00:00
[2022-04-13 21:16:40,997] {subprocess.py:62} INFO - Tmp dir root location: 
 /tmp
[2022-04-13 21:16:40,998] {subprocess.py:74} INFO - Running command: ['bash', '-c', 'echo "hello world"']
[2022-04-13 21:16:41,009] {subprocess.py:85} INFO - Output:
[2022-04-13 21:16:41,011] {subprocess.py:89} INFO - hello world
[2022-04-13 21:16:41,012] {subprocess.py:93} INFO - Command exited with return code 0
[2022-04-13 21:16:41,062] {taskinstance.py:1277} INFO - Marking task as SUCCESS. dag_id=LocalIngestionDAG, task_id=wget, execution_date=20210202T060015, start_date=20220413T211640, end_date=20220413T211641
[2022-04-13 21:16:41,138] {local_task_job.py:154} INFO - Task exited with return code 0
[2022-04-13 21:16:41,336] {local_task_job.py:264} INFO - 0 downstream tasks scheduled from follow-on schedule check
