[2022-04-13 21:15:58,539] {taskinstance.py:1032} INFO - Dependencies all met for <TaskInstance: LocalIngestionDAG.wget scheduled__2021-01-02T06:00:25+00:00 [queued]>
[2022-04-13 21:15:58,551] {taskinstance.py:1032} INFO - Dependencies all met for <TaskInstance: LocalIngestionDAG.wget scheduled__2021-01-02T06:00:25+00:00 [queued]>
[2022-04-13 21:15:58,552] {taskinstance.py:1238} INFO - 
--------------------------------------------------------------------------------
[2022-04-13 21:15:58,552] {taskinstance.py:1239} INFO - Starting attempt 1 of 1
[2022-04-13 21:15:58,553] {taskinstance.py:1240} INFO - 
--------------------------------------------------------------------------------
[2022-04-13 21:15:58,567] {taskinstance.py:1259} INFO - Executing <Task(BashOperator): wget> on 2021-01-02 06:00:25+00:00
[2022-04-13 21:15:58,572] {standard_task_runner.py:52} INFO - Started process 1235 to run task
[2022-04-13 21:15:58,576] {standard_task_runner.py:76} INFO - Running: ['***', 'tasks', 'run', 'LocalIngestionDAG', 'wget', 'scheduled__2021-01-02T06:00:25+00:00', '--job-id', '171', '--raw', '--subdir', 'DAGS_FOLDER/data_ingestion_local.py', '--cfg-path', '/tmp/tmph4yxzxx9', '--error-file', '/tmp/tmp8yb642zd']
[2022-04-13 21:15:58,577] {standard_task_runner.py:77} INFO - Job 171: Subtask wget
[2022-04-13 21:15:58,661] {logging_mixin.py:109} INFO - Running <TaskInstance: LocalIngestionDAG.wget scheduled__2021-01-02T06:00:25+00:00 [running]> on host 13db72185839
[2022-04-13 21:15:58,733] {taskinstance.py:1426} INFO - Exporting the following env vars:
AIRFLOW_CTX_DAG_OWNER=***
AIRFLOW_CTX_DAG_ID=LocalIngestionDAG
AIRFLOW_CTX_TASK_ID=wget
AIRFLOW_CTX_EXECUTION_DATE=2021-01-02T06:00:25+00:00
AIRFLOW_CTX_DAG_RUN_ID=scheduled__2021-01-02T06:00:25+00:00
[2022-04-13 21:15:58,734] {subprocess.py:62} INFO - Tmp dir root location: 
 /tmp
[2022-04-13 21:15:58,736] {subprocess.py:74} INFO - Running command: ['bash', '-c', 'echo "hello world"']
[2022-04-13 21:15:58,744] {subprocess.py:85} INFO - Output:
[2022-04-13 21:15:58,746] {subprocess.py:89} INFO - hello world
[2022-04-13 21:15:58,747] {subprocess.py:93} INFO - Command exited with return code 0
[2022-04-13 21:15:58,775] {taskinstance.py:1277} INFO - Marking task as SUCCESS. dag_id=LocalIngestionDAG, task_id=wget, execution_date=20210102T060025, start_date=20220413T211558, end_date=20220413T211558
[2022-04-13 21:15:58,829] {local_task_job.py:154} INFO - Task exited with return code 0
[2022-04-13 21:15:58,864] {local_task_job.py:264} INFO - 1 downstream tasks scheduled from follow-on schedule check
