[2022-04-13 21:54:34,084] {taskinstance.py:1032} INFO - Dependencies all met for <TaskInstance: LocalIngestionDAG.ingest scheduled__2021-11-02T06:00:04+00:00 [queued]>
[2022-04-13 21:54:34,115] {taskinstance.py:1032} INFO - Dependencies all met for <TaskInstance: LocalIngestionDAG.ingest scheduled__2021-11-02T06:00:04+00:00 [queued]>
[2022-04-13 21:54:34,115] {taskinstance.py:1238} INFO - 
--------------------------------------------------------------------------------
[2022-04-13 21:54:34,116] {taskinstance.py:1239} INFO - Starting attempt 1 of 1
[2022-04-13 21:54:34,117] {taskinstance.py:1240} INFO - 
--------------------------------------------------------------------------------
[2022-04-13 21:54:34,146] {taskinstance.py:1259} INFO - Executing <Task(BashOperator): ingest> on 2021-11-02 06:00:04+00:00
[2022-04-13 21:54:34,150] {standard_task_runner.py:52} INFO - Started process 6847 to run task
[2022-04-13 21:54:34,173] {standard_task_runner.py:76} INFO - Running: ['***', 'tasks', 'run', 'LocalIngestionDAG', 'ingest', 'scheduled__2021-11-02T06:00:04+00:00', '--job-id', '1336', '--raw', '--subdir', 'DAGS_FOLDER/data_ingestion_local.py', '--cfg-path', '/tmp/tmpbwlo0xsg', '--error-file', '/tmp/tmpdwozzg_0']
[2022-04-13 21:54:34,179] {standard_task_runner.py:77} INFO - Job 1336: Subtask ingest
[2022-04-13 21:54:34,392] {logging_mixin.py:109} INFO - Running <TaskInstance: LocalIngestionDAG.ingest scheduled__2021-11-02T06:00:04+00:00 [running]> on host 13db72185839
[2022-04-13 21:54:34,482] {taskinstance.py:1426} INFO - Exporting the following env vars:
AIRFLOW_CTX_DAG_OWNER=***
AIRFLOW_CTX_DAG_ID=LocalIngestionDAG
AIRFLOW_CTX_TASK_ID=ingest
AIRFLOW_CTX_EXECUTION_DATE=2021-11-02T06:00:04+00:00
AIRFLOW_CTX_DAG_RUN_ID=scheduled__2021-11-02T06:00:04+00:00
[2022-04-13 21:54:34,485] {subprocess.py:62} INFO - Tmp dir root location: 
 /tmp
[2022-04-13 21:54:34,487] {subprocess.py:74} INFO - Running command: ['bash', '-c', 'ls /opt/***']
[2022-04-13 21:54:34,496] {subprocess.py:85} INFO - Output:
[2022-04-13 21:54:34,501] {subprocess.py:89} INFO - ***.cfg
[2022-04-13 21:54:34,502] {subprocess.py:89} INFO - dags
[2022-04-13 21:54:34,502] {subprocess.py:89} INFO - logs
[2022-04-13 21:54:34,503] {subprocess.py:89} INFO - output.csv
[2022-04-13 21:54:34,503] {subprocess.py:89} INFO - plugins
[2022-04-13 21:54:34,504] {subprocess.py:89} INFO - requirements.txt
[2022-04-13 21:54:34,504] {subprocess.py:89} INFO - scripts
[2022-04-13 21:54:34,505] {subprocess.py:89} INFO - webserver_config.py
[2022-04-13 21:54:34,505] {subprocess.py:93} INFO - Command exited with return code 0
[2022-04-13 21:54:34,538] {taskinstance.py:1277} INFO - Marking task as SUCCESS. dag_id=LocalIngestionDAG, task_id=ingest, execution_date=20211102T060004, start_date=20220413T215434, end_date=20220413T215434
[2022-04-13 21:54:34,584] {local_task_job.py:154} INFO - Task exited with return code 0
[2022-04-13 21:54:34,701] {local_task_job.py:264} INFO - 0 downstream tasks scheduled from follow-on schedule check
