[2022-04-13 21:22:05,791] {taskinstance.py:1032} INFO - Dependencies all met for <TaskInstance: LocalIngestionDAG.ingest scheduled__2021-05-02T06:00:26+00:00 [queued]>
[2022-04-13 21:22:05,846] {taskinstance.py:1032} INFO - Dependencies all met for <TaskInstance: LocalIngestionDAG.ingest scheduled__2021-05-02T06:00:26+00:00 [queued]>
[2022-04-13 21:22:05,846] {taskinstance.py:1238} INFO - 
--------------------------------------------------------------------------------
[2022-04-13 21:22:05,847] {taskinstance.py:1239} INFO - Starting attempt 1 of 1
[2022-04-13 21:22:05,850] {taskinstance.py:1240} INFO - 
--------------------------------------------------------------------------------
[2022-04-13 21:22:05,900] {taskinstance.py:1259} INFO - Executing <Task(BashOperator): ingest> on 2021-05-02 06:00:26+00:00
[2022-04-13 21:22:05,910] {standard_task_runner.py:52} INFO - Started process 3021 to run task
[2022-04-13 21:22:05,923] {standard_task_runner.py:76} INFO - Running: ['***', 'tasks', 'run', 'LocalIngestionDAG', 'ingest', 'scheduled__2021-05-02T06:00:26+00:00', '--job-id', '659', '--raw', '--subdir', 'DAGS_FOLDER/data_ingestion_local.py', '--cfg-path', '/tmp/tmpp4nopesi', '--error-file', '/tmp/tmpqlogyvtw']
[2022-04-13 21:22:05,934] {standard_task_runner.py:77} INFO - Job 659: Subtask ingest
[2022-04-13 21:22:06,197] {logging_mixin.py:109} INFO - Running <TaskInstance: LocalIngestionDAG.ingest scheduled__2021-05-02T06:00:26+00:00 [running]> on host 13db72185839
[2022-04-13 21:22:06,403] {taskinstance.py:1426} INFO - Exporting the following env vars:
AIRFLOW_CTX_DAG_OWNER=***
AIRFLOW_CTX_DAG_ID=LocalIngestionDAG
AIRFLOW_CTX_TASK_ID=ingest
AIRFLOW_CTX_EXECUTION_DATE=2021-05-02T06:00:26+00:00
AIRFLOW_CTX_DAG_RUN_ID=scheduled__2021-05-02T06:00:26+00:00
[2022-04-13 21:22:06,407] {subprocess.py:62} INFO - Tmp dir root location: 
 /tmp
[2022-04-13 21:22:06,408] {subprocess.py:74} INFO - Running command: ['bash', '-c', 'pwd']
[2022-04-13 21:22:06,424] {subprocess.py:85} INFO - Output:
[2022-04-13 21:22:06,427] {subprocess.py:89} INFO - /tmp/***tmp18h_5vxq
[2022-04-13 21:22:06,428] {subprocess.py:93} INFO - Command exited with return code 0
[2022-04-13 21:22:06,500] {taskinstance.py:1277} INFO - Marking task as SUCCESS. dag_id=LocalIngestionDAG, task_id=ingest, execution_date=20210502T060026, start_date=20220413T212205, end_date=20220413T212206
[2022-04-13 21:22:06,608] {local_task_job.py:154} INFO - Task exited with return code 0
[2022-04-13 21:22:06,758] {local_task_job.py:264} INFO - 0 downstream tasks scheduled from follow-on schedule check
