[2022-04-13 21:17:35,071] {taskinstance.py:1032} INFO - Dependencies all met for <TaskInstance: LocalIngestionDAG.ingest scheduled__2021-03-02T06:00:16+00:00 [queued]>
[2022-04-13 21:17:35,090] {taskinstance.py:1032} INFO - Dependencies all met for <TaskInstance: LocalIngestionDAG.ingest scheduled__2021-03-02T06:00:16+00:00 [queued]>
[2022-04-13 21:17:35,090] {taskinstance.py:1238} INFO - 
--------------------------------------------------------------------------------
[2022-04-13 21:17:35,091] {taskinstance.py:1239} INFO - Starting attempt 1 of 1
[2022-04-13 21:17:35,091] {taskinstance.py:1240} INFO - 
--------------------------------------------------------------------------------
[2022-04-13 21:17:35,121] {taskinstance.py:1259} INFO - Executing <Task(BashOperator): ingest> on 2021-03-02 06:00:16+00:00
[2022-04-13 21:17:35,129] {standard_task_runner.py:52} INFO - Started process 1989 to run task
[2022-04-13 21:17:35,137] {standard_task_runner.py:76} INFO - Running: ['***', 'tasks', 'run', 'LocalIngestionDAG', 'ingest', 'scheduled__2021-03-02T06:00:16+00:00', '--job-id', '395', '--raw', '--subdir', 'DAGS_FOLDER/data_ingestion_local.py', '--cfg-path', '/tmp/tmponx6vq1f', '--error-file', '/tmp/tmpha1jagkd']
[2022-04-13 21:17:35,140] {standard_task_runner.py:77} INFO - Job 395: Subtask ingest
[2022-04-13 21:17:35,262] {logging_mixin.py:109} INFO - Running <TaskInstance: LocalIngestionDAG.ingest scheduled__2021-03-02T06:00:16+00:00 [running]> on host 13db72185839
[2022-04-13 21:17:35,377] {taskinstance.py:1426} INFO - Exporting the following env vars:
AIRFLOW_CTX_DAG_OWNER=***
AIRFLOW_CTX_DAG_ID=LocalIngestionDAG
AIRFLOW_CTX_TASK_ID=ingest
AIRFLOW_CTX_EXECUTION_DATE=2021-03-02T06:00:16+00:00
AIRFLOW_CTX_DAG_RUN_ID=scheduled__2021-03-02T06:00:16+00:00
[2022-04-13 21:17:35,378] {subprocess.py:62} INFO - Tmp dir root location: 
 /tmp
[2022-04-13 21:17:35,380] {subprocess.py:74} INFO - Running command: ['bash', '-c', 'pwd']
[2022-04-13 21:17:35,389] {subprocess.py:85} INFO - Output:
[2022-04-13 21:17:35,391] {subprocess.py:89} INFO - /tmp/***tmp8zif5n_b
[2022-04-13 21:17:35,392] {subprocess.py:93} INFO - Command exited with return code 0
[2022-04-13 21:17:35,423] {taskinstance.py:1277} INFO - Marking task as SUCCESS. dag_id=LocalIngestionDAG, task_id=ingest, execution_date=20210302T060016, start_date=20220413T211735, end_date=20220413T211735
[2022-04-13 21:17:35,469] {local_task_job.py:154} INFO - Task exited with return code 0
[2022-04-13 21:17:35,502] {local_task_job.py:264} INFO - 0 downstream tasks scheduled from follow-on schedule check
