[2022-04-13 21:25:33,635] {taskinstance.py:1032} INFO - Dependencies all met for <TaskInstance: LocalIngestionDAG.wget scheduled__2021-08-02T06:00:49+00:00 [queued]>
[2022-04-13 21:25:33,690] {taskinstance.py:1032} INFO - Dependencies all met for <TaskInstance: LocalIngestionDAG.wget scheduled__2021-08-02T06:00:49+00:00 [queued]>
[2022-04-13 21:25:33,698] {taskinstance.py:1238} INFO - 
--------------------------------------------------------------------------------
[2022-04-13 21:25:33,699] {taskinstance.py:1239} INFO - Starting attempt 1 of 1
[2022-04-13 21:25:33,704] {taskinstance.py:1240} INFO - 
--------------------------------------------------------------------------------
[2022-04-13 21:25:33,816] {taskinstance.py:1259} INFO - Executing <Task(BashOperator): wget> on 2021-08-02 06:00:49+00:00
[2022-04-13 21:25:33,829] {standard_task_runner.py:52} INFO - Started process 4370 to run task
[2022-04-13 21:25:33,848] {standard_task_runner.py:76} INFO - Running: ['***', 'tasks', 'run', 'LocalIngestionDAG', 'wget', 'scheduled__2021-08-02T06:00:49+00:00', '--job-id', '1055', '--raw', '--subdir', 'DAGS_FOLDER/data_ingestion_local.py', '--cfg-path', '/tmp/tmp4masrl92', '--error-file', '/tmp/tmp3ndivedb']
[2022-04-13 21:25:33,852] {standard_task_runner.py:77} INFO - Job 1055: Subtask wget
[2022-04-13 21:25:34,104] {logging_mixin.py:109} INFO - Running <TaskInstance: LocalIngestionDAG.wget scheduled__2021-08-02T06:00:49+00:00 [running]> on host 13db72185839
[2022-04-13 21:25:34,282] {taskinstance.py:1426} INFO - Exporting the following env vars:
AIRFLOW_CTX_DAG_OWNER=***
AIRFLOW_CTX_DAG_ID=LocalIngestionDAG
AIRFLOW_CTX_TASK_ID=wget
AIRFLOW_CTX_EXECUTION_DATE=2021-08-02T06:00:49+00:00
AIRFLOW_CTX_DAG_RUN_ID=scheduled__2021-08-02T06:00:49+00:00
[2022-04-13 21:25:34,293] {subprocess.py:62} INFO - Tmp dir root location: 
 /tmp
[2022-04-13 21:25:34,295] {subprocess.py:74} INFO - Running command: ['bash', '-c', 'echo "hello world"']
[2022-04-13 21:25:34,334] {subprocess.py:85} INFO - Output:
[2022-04-13 21:25:34,335] {subprocess.py:89} INFO - hello world
[2022-04-13 21:25:34,337] {subprocess.py:93} INFO - Command exited with return code 0
[2022-04-13 21:25:34,454] {taskinstance.py:1277} INFO - Marking task as SUCCESS. dag_id=LocalIngestionDAG, task_id=wget, execution_date=20210802T060049, start_date=20220413T212533, end_date=20220413T212534
[2022-04-13 21:25:34,535] {local_task_job.py:154} INFO - Task exited with return code 0
[2022-04-13 21:25:34,614] {local_task_job.py:264} INFO - 1 downstream tasks scheduled from follow-on schedule check
