[2022-04-13 21:26:42,732] {taskinstance.py:1032} INFO - Dependencies all met for <TaskInstance: LocalIngestionDAG.wget scheduled__2021-09-02T06:00:48+00:00 [queued]>
[2022-04-13 21:26:42,781] {taskinstance.py:1032} INFO - Dependencies all met for <TaskInstance: LocalIngestionDAG.wget scheduled__2021-09-02T06:00:48+00:00 [queued]>
[2022-04-13 21:26:42,783] {taskinstance.py:1238} INFO - 
--------------------------------------------------------------------------------
[2022-04-13 21:26:42,785] {taskinstance.py:1239} INFO - Starting attempt 1 of 1
[2022-04-13 21:26:42,789] {taskinstance.py:1240} INFO - 
--------------------------------------------------------------------------------
[2022-04-13 21:26:42,845] {taskinstance.py:1259} INFO - Executing <Task(BashOperator): wget> on 2021-09-02 06:00:48+00:00
[2022-04-13 21:26:42,856] {standard_task_runner.py:52} INFO - Started process 4776 to run task
[2022-04-13 21:26:42,882] {standard_task_runner.py:76} INFO - Running: ['***', 'tasks', 'run', 'LocalIngestionDAG', 'wget', 'scheduled__2021-09-02T06:00:48+00:00', '--job-id', '1174', '--raw', '--subdir', 'DAGS_FOLDER/data_ingestion_local.py', '--cfg-path', '/tmp/tmpm3d95s6s', '--error-file', '/tmp/tmpyml4m7be']
[2022-04-13 21:26:42,901] {standard_task_runner.py:77} INFO - Job 1174: Subtask wget
[2022-04-13 21:26:43,223] {logging_mixin.py:109} INFO - Running <TaskInstance: LocalIngestionDAG.wget scheduled__2021-09-02T06:00:48+00:00 [running]> on host 13db72185839
[2022-04-13 21:26:43,593] {taskinstance.py:1426} INFO - Exporting the following env vars:
AIRFLOW_CTX_DAG_OWNER=***
AIRFLOW_CTX_DAG_ID=LocalIngestionDAG
AIRFLOW_CTX_TASK_ID=wget
AIRFLOW_CTX_EXECUTION_DATE=2021-09-02T06:00:48+00:00
AIRFLOW_CTX_DAG_RUN_ID=scheduled__2021-09-02T06:00:48+00:00
[2022-04-13 21:26:43,596] {subprocess.py:62} INFO - Tmp dir root location: 
 /tmp
[2022-04-13 21:26:43,598] {subprocess.py:74} INFO - Running command: ['bash', '-c', 'echo "hello world"']
[2022-04-13 21:26:43,671] {subprocess.py:85} INFO - Output:
[2022-04-13 21:26:43,679] {subprocess.py:89} INFO - hello world
[2022-04-13 21:26:43,682] {subprocess.py:93} INFO - Command exited with return code 0
[2022-04-13 21:26:43,961] {taskinstance.py:1277} INFO - Marking task as SUCCESS. dag_id=LocalIngestionDAG, task_id=wget, execution_date=20210902T060048, start_date=20220413T212642, end_date=20220413T212643
[2022-04-13 21:26:44,119] {local_task_job.py:154} INFO - Task exited with return code 0
[2022-04-13 21:26:44,352] {local_task_job.py:264} INFO - 1 downstream tasks scheduled from follow-on schedule check
