[2022-04-13 21:25:06,168] {taskinstance.py:1032} INFO - Dependencies all met for <TaskInstance: LocalIngestionDAG.wget scheduled__2021-08-02T06:00:23+00:00 [queued]>
[2022-04-13 21:25:06,238] {taskinstance.py:1032} INFO - Dependencies all met for <TaskInstance: LocalIngestionDAG.wget scheduled__2021-08-02T06:00:23+00:00 [queued]>
[2022-04-13 21:25:06,242] {taskinstance.py:1238} INFO - 
--------------------------------------------------------------------------------
[2022-04-13 21:25:06,247] {taskinstance.py:1239} INFO - Starting attempt 1 of 1
[2022-04-13 21:25:06,248] {taskinstance.py:1240} INFO - 
--------------------------------------------------------------------------------
[2022-04-13 21:25:06,314] {taskinstance.py:1259} INFO - Executing <Task(BashOperator): wget> on 2021-08-02 06:00:23+00:00
[2022-04-13 21:25:06,337] {standard_task_runner.py:52} INFO - Started process 4190 to run task
[2022-04-13 21:25:06,348] {standard_task_runner.py:76} INFO - Running: ['***', 'tasks', 'run', 'LocalIngestionDAG', 'wget', 'scheduled__2021-08-02T06:00:23+00:00', '--job-id', '1004', '--raw', '--subdir', 'DAGS_FOLDER/data_ingestion_local.py', '--cfg-path', '/tmp/tmpoahus_ul', '--error-file', '/tmp/tmpbk4rebw4']
[2022-04-13 21:25:06,364] {standard_task_runner.py:77} INFO - Job 1004: Subtask wget
[2022-04-13 21:25:06,581] {logging_mixin.py:109} INFO - Running <TaskInstance: LocalIngestionDAG.wget scheduled__2021-08-02T06:00:23+00:00 [running]> on host 13db72185839
[2022-04-13 21:25:06,765] {taskinstance.py:1426} INFO - Exporting the following env vars:
AIRFLOW_CTX_DAG_OWNER=***
AIRFLOW_CTX_DAG_ID=LocalIngestionDAG
AIRFLOW_CTX_TASK_ID=wget
AIRFLOW_CTX_EXECUTION_DATE=2021-08-02T06:00:23+00:00
AIRFLOW_CTX_DAG_RUN_ID=scheduled__2021-08-02T06:00:23+00:00
[2022-04-13 21:25:06,774] {subprocess.py:62} INFO - Tmp dir root location: 
 /tmp
[2022-04-13 21:25:06,777] {subprocess.py:74} INFO - Running command: ['bash', '-c', 'echo "hello world"']
[2022-04-13 21:25:06,794] {subprocess.py:85} INFO - Output:
[2022-04-13 21:25:06,798] {subprocess.py:89} INFO - hello world
[2022-04-13 21:25:06,799] {subprocess.py:93} INFO - Command exited with return code 0
[2022-04-13 21:25:06,938] {taskinstance.py:1277} INFO - Marking task as SUCCESS. dag_id=LocalIngestionDAG, task_id=wget, execution_date=20210802T060023, start_date=20220413T212506, end_date=20220413T212506
[2022-04-13 21:25:07,048] {local_task_job.py:154} INFO - Task exited with return code 0
[2022-04-13 21:25:07,293] {local_task_job.py:264} INFO - 0 downstream tasks scheduled from follow-on schedule check
