[2022-04-12 15:45:23,844] {processor.py:163} INFO - Started process (PID=171) to work on /opt/airflow/dags/data_ingestion_gcs_dag.py
[2022-04-12 15:45:23,847] {processor.py:642} INFO - Processing file /opt/airflow/dags/data_ingestion_gcs_dag.py for tasks to queue
[2022-04-12 15:45:23,852] {logging_mixin.py:109} INFO - [2022-04-12 15:45:23,851] {dagbag.py:500} INFO - Filling up the DagBag from /opt/airflow/dags/data_ingestion_gcs_dag.py
[2022-04-12 15:45:28,984] {processor.py:654} INFO - DAG(s) dict_keys(['data_ingestion_gcs_dag']) retrieved from /opt/airflow/dags/data_ingestion_gcs_dag.py
[2022-04-12 15:45:29,713] {logging_mixin.py:109} INFO - [2022-04-12 15:45:29,713] {dag.py:2396} INFO - Sync 1 DAGs
[2022-04-12 15:45:29,747] {processor.py:171} INFO - Processing /opt/airflow/dags/data_ingestion_gcs_dag.py took 5.912 seconds
[2022-04-12 15:46:00,519] {processor.py:163} INFO - Started process (PID=219) to work on /opt/airflow/dags/data_ingestion_gcs_dag.py
[2022-04-12 15:46:00,525] {processor.py:642} INFO - Processing file /opt/airflow/dags/data_ingestion_gcs_dag.py for tasks to queue
[2022-04-12 15:46:00,534] {logging_mixin.py:109} INFO - [2022-04-12 15:46:00,534] {dagbag.py:500} INFO - Filling up the DagBag from /opt/airflow/dags/data_ingestion_gcs_dag.py
[2022-04-12 15:46:03,561] {processor.py:654} INFO - DAG(s) dict_keys(['data_ingestion_gcs_dag']) retrieved from /opt/airflow/dags/data_ingestion_gcs_dag.py
[2022-04-12 15:46:03,599] {logging_mixin.py:109} INFO - [2022-04-12 15:46:03,599] {dag.py:2396} INFO - Sync 1 DAGs
[2022-04-12 15:46:03,859] {processor.py:171} INFO - Processing /opt/airflow/dags/data_ingestion_gcs_dag.py took 3.368 seconds
[2022-04-12 15:46:35,715] {processor.py:163} INFO - Started process (PID=270) to work on /opt/airflow/dags/data_ingestion_gcs_dag.py
[2022-04-12 15:46:35,748] {processor.py:642} INFO - Processing file /opt/airflow/dags/data_ingestion_gcs_dag.py for tasks to queue
[2022-04-12 15:46:35,766] {logging_mixin.py:109} INFO - [2022-04-12 15:46:35,765] {dagbag.py:500} INFO - Filling up the DagBag from /opt/airflow/dags/data_ingestion_gcs_dag.py
[2022-04-12 15:46:38,463] {processor.py:654} INFO - DAG(s) dict_keys(['data_ingestion_gcs_dag']) retrieved from /opt/airflow/dags/data_ingestion_gcs_dag.py
[2022-04-12 15:46:38,481] {logging_mixin.py:109} INFO - [2022-04-12 15:46:38,480] {dag.py:2396} INFO - Sync 1 DAGs
[2022-04-12 15:46:38,665] {processor.py:171} INFO - Processing /opt/airflow/dags/data_ingestion_gcs_dag.py took 3.025 seconds
[2022-04-12 15:47:08,857] {processor.py:163} INFO - Started process (PID=312) to work on /opt/airflow/dags/data_ingestion_gcs_dag.py
[2022-04-12 15:47:08,859] {processor.py:642} INFO - Processing file /opt/airflow/dags/data_ingestion_gcs_dag.py for tasks to queue
[2022-04-12 15:47:08,860] {logging_mixin.py:109} INFO - [2022-04-12 15:47:08,860] {dagbag.py:500} INFO - Filling up the DagBag from /opt/airflow/dags/data_ingestion_gcs_dag.py
[2022-04-12 15:47:09,717] {processor.py:654} INFO - DAG(s) dict_keys(['data_ingestion_gcs_dag']) retrieved from /opt/airflow/dags/data_ingestion_gcs_dag.py
[2022-04-12 15:47:09,803] {logging_mixin.py:109} INFO - [2022-04-12 15:47:09,803] {dag.py:2396} INFO - Sync 1 DAGs
[2022-04-12 15:47:09,836] {processor.py:171} INFO - Processing /opt/airflow/dags/data_ingestion_gcs_dag.py took 0.984 seconds
[2022-04-12 15:47:40,059] {processor.py:163} INFO - Started process (PID=364) to work on /opt/airflow/dags/data_ingestion_gcs_dag.py
[2022-04-12 15:47:40,060] {processor.py:642} INFO - Processing file /opt/airflow/dags/data_ingestion_gcs_dag.py for tasks to queue
[2022-04-12 15:47:40,061] {logging_mixin.py:109} INFO - [2022-04-12 15:47:40,061] {dagbag.py:500} INFO - Filling up the DagBag from /opt/airflow/dags/data_ingestion_gcs_dag.py
[2022-04-12 15:47:40,778] {processor.py:654} INFO - DAG(s) dict_keys(['data_ingestion_gcs_dag']) retrieved from /opt/airflow/dags/data_ingestion_gcs_dag.py
[2022-04-12 15:47:40,860] {logging_mixin.py:109} INFO - [2022-04-12 15:47:40,860] {dag.py:2396} INFO - Sync 1 DAGs
[2022-04-12 15:47:40,879] {logging_mixin.py:109} INFO - [2022-04-12 15:47:40,878] {dag.py:2935} INFO - Setting next_dagrun for data_ingestion_gcs_dag to 2022-04-12T00:00:00+00:00
[2022-04-12 15:47:40,900] {processor.py:171} INFO - Processing /opt/airflow/dags/data_ingestion_gcs_dag.py took 0.843 seconds
[2022-04-12 15:48:11,097] {processor.py:163} INFO - Started process (PID=397) to work on /opt/airflow/dags/data_ingestion_gcs_dag.py
[2022-04-12 15:48:11,098] {processor.py:642} INFO - Processing file /opt/airflow/dags/data_ingestion_gcs_dag.py for tasks to queue
[2022-04-12 15:48:11,099] {logging_mixin.py:109} INFO - [2022-04-12 15:48:11,099] {dagbag.py:500} INFO - Filling up the DagBag from /opt/airflow/dags/data_ingestion_gcs_dag.py
[2022-04-12 15:48:11,884] {processor.py:654} INFO - DAG(s) dict_keys(['data_ingestion_gcs_dag']) retrieved from /opt/airflow/dags/data_ingestion_gcs_dag.py
[2022-04-12 15:48:11,892] {logging_mixin.py:109} INFO - [2022-04-12 15:48:11,892] {dag.py:2396} INFO - Sync 1 DAGs
[2022-04-12 15:48:11,905] {logging_mixin.py:109} INFO - [2022-04-12 15:48:11,905] {dag.py:2935} INFO - Setting next_dagrun for data_ingestion_gcs_dag to 2022-04-12T00:00:00+00:00
[2022-04-12 15:48:11,919] {processor.py:171} INFO - Processing /opt/airflow/dags/data_ingestion_gcs_dag.py took 0.825 seconds
[2022-04-12 15:48:42,105] {processor.py:163} INFO - Started process (PID=439) to work on /opt/airflow/dags/data_ingestion_gcs_dag.py
[2022-04-12 15:48:42,107] {processor.py:642} INFO - Processing file /opt/airflow/dags/data_ingestion_gcs_dag.py for tasks to queue
[2022-04-12 15:48:42,108] {logging_mixin.py:109} INFO - [2022-04-12 15:48:42,108] {dagbag.py:500} INFO - Filling up the DagBag from /opt/airflow/dags/data_ingestion_gcs_dag.py
[2022-04-12 15:48:42,992] {processor.py:654} INFO - DAG(s) dict_keys(['data_ingestion_gcs_dag']) retrieved from /opt/airflow/dags/data_ingestion_gcs_dag.py
[2022-04-12 15:48:43,008] {logging_mixin.py:109} INFO - [2022-04-12 15:48:43,008] {dag.py:2396} INFO - Sync 1 DAGs
[2022-04-12 15:48:43,031] {logging_mixin.py:109} INFO - [2022-04-12 15:48:43,031] {dag.py:2935} INFO - Setting next_dagrun for data_ingestion_gcs_dag to 2022-04-12T00:00:00+00:00
[2022-04-12 15:48:43,049] {processor.py:171} INFO - Processing /opt/airflow/dags/data_ingestion_gcs_dag.py took 0.948 seconds
[2022-04-12 15:49:13,259] {processor.py:163} INFO - Started process (PID=471) to work on /opt/airflow/dags/data_ingestion_gcs_dag.py
[2022-04-12 15:49:13,262] {processor.py:642} INFO - Processing file /opt/airflow/dags/data_ingestion_gcs_dag.py for tasks to queue
[2022-04-12 15:49:13,263] {logging_mixin.py:109} INFO - [2022-04-12 15:49:13,263] {dagbag.py:500} INFO - Filling up the DagBag from /opt/airflow/dags/data_ingestion_gcs_dag.py
[2022-04-12 15:49:14,115] {processor.py:654} INFO - DAG(s) dict_keys(['data_ingestion_gcs_dag']) retrieved from /opt/airflow/dags/data_ingestion_gcs_dag.py
[2022-04-12 15:49:14,125] {logging_mixin.py:109} INFO - [2022-04-12 15:49:14,125] {dag.py:2396} INFO - Sync 1 DAGs
[2022-04-12 15:49:14,143] {logging_mixin.py:109} INFO - [2022-04-12 15:49:14,143] {dag.py:2935} INFO - Setting next_dagrun for data_ingestion_gcs_dag to 2022-04-12T00:00:00+00:00
[2022-04-12 15:49:14,161] {processor.py:171} INFO - Processing /opt/airflow/dags/data_ingestion_gcs_dag.py took 0.906 seconds
[2022-04-12 15:49:44,353] {processor.py:163} INFO - Started process (PID=514) to work on /opt/airflow/dags/data_ingestion_gcs_dag.py
[2022-04-12 15:49:44,355] {processor.py:642} INFO - Processing file /opt/airflow/dags/data_ingestion_gcs_dag.py for tasks to queue
[2022-04-12 15:49:44,356] {logging_mixin.py:109} INFO - [2022-04-12 15:49:44,356] {dagbag.py:500} INFO - Filling up the DagBag from /opt/airflow/dags/data_ingestion_gcs_dag.py
[2022-04-12 15:49:45,216] {processor.py:654} INFO - DAG(s) dict_keys(['data_ingestion_gcs_dag']) retrieved from /opt/airflow/dags/data_ingestion_gcs_dag.py
[2022-04-12 15:49:45,226] {logging_mixin.py:109} INFO - [2022-04-12 15:49:45,226] {dag.py:2396} INFO - Sync 1 DAGs
[2022-04-12 15:49:45,247] {logging_mixin.py:109} INFO - [2022-04-12 15:49:45,247] {dag.py:2935} INFO - Setting next_dagrun for data_ingestion_gcs_dag to 2022-04-12T00:00:00+00:00
[2022-04-12 15:49:45,266] {processor.py:171} INFO - Processing /opt/airflow/dags/data_ingestion_gcs_dag.py took 0.916 seconds
[2022-04-12 15:50:15,470] {processor.py:163} INFO - Started process (PID=554) to work on /opt/airflow/dags/data_ingestion_gcs_dag.py
[2022-04-12 15:50:15,471] {processor.py:642} INFO - Processing file /opt/airflow/dags/data_ingestion_gcs_dag.py for tasks to queue
[2022-04-12 15:50:15,472] {logging_mixin.py:109} INFO - [2022-04-12 15:50:15,472] {dagbag.py:500} INFO - Filling up the DagBag from /opt/airflow/dags/data_ingestion_gcs_dag.py
[2022-04-12 15:50:16,315] {processor.py:654} INFO - DAG(s) dict_keys(['data_ingestion_gcs_dag']) retrieved from /opt/airflow/dags/data_ingestion_gcs_dag.py
[2022-04-12 15:50:16,326] {logging_mixin.py:109} INFO - [2022-04-12 15:50:16,326] {dag.py:2396} INFO - Sync 1 DAGs
[2022-04-12 15:50:16,347] {logging_mixin.py:109} INFO - [2022-04-12 15:50:16,347] {dag.py:2935} INFO - Setting next_dagrun for data_ingestion_gcs_dag to 2022-04-12T00:00:00+00:00
[2022-04-12 15:50:16,365] {processor.py:171} INFO - Processing /opt/airflow/dags/data_ingestion_gcs_dag.py took 0.898 seconds
[2022-04-12 15:50:46,554] {processor.py:163} INFO - Started process (PID=587) to work on /opt/airflow/dags/data_ingestion_gcs_dag.py
[2022-04-12 15:50:46,556] {processor.py:642} INFO - Processing file /opt/airflow/dags/data_ingestion_gcs_dag.py for tasks to queue
[2022-04-12 15:50:46,557] {logging_mixin.py:109} INFO - [2022-04-12 15:50:46,557] {dagbag.py:500} INFO - Filling up the DagBag from /opt/airflow/dags/data_ingestion_gcs_dag.py
[2022-04-12 15:50:47,264] {processor.py:654} INFO - DAG(s) dict_keys(['data_ingestion_gcs_dag']) retrieved from /opt/airflow/dags/data_ingestion_gcs_dag.py
[2022-04-12 15:50:47,271] {logging_mixin.py:109} INFO - [2022-04-12 15:50:47,271] {dag.py:2396} INFO - Sync 1 DAGs
[2022-04-12 15:50:47,291] {logging_mixin.py:109} INFO - [2022-04-12 15:50:47,291] {dag.py:2935} INFO - Setting next_dagrun for data_ingestion_gcs_dag to 2022-04-12T00:00:00+00:00
[2022-04-12 15:50:47,319] {processor.py:171} INFO - Processing /opt/airflow/dags/data_ingestion_gcs_dag.py took 0.768 seconds
[2022-04-12 15:51:17,512] {processor.py:163} INFO - Started process (PID=628) to work on /opt/airflow/dags/data_ingestion_gcs_dag.py
[2022-04-12 15:51:17,514] {processor.py:642} INFO - Processing file /opt/airflow/dags/data_ingestion_gcs_dag.py for tasks to queue
[2022-04-12 15:51:17,515] {logging_mixin.py:109} INFO - [2022-04-12 15:51:17,515] {dagbag.py:500} INFO - Filling up the DagBag from /opt/airflow/dags/data_ingestion_gcs_dag.py
[2022-04-12 15:51:18,257] {processor.py:654} INFO - DAG(s) dict_keys(['data_ingestion_gcs_dag']) retrieved from /opt/airflow/dags/data_ingestion_gcs_dag.py
[2022-04-12 15:51:18,267] {logging_mixin.py:109} INFO - [2022-04-12 15:51:18,267] {dag.py:2396} INFO - Sync 1 DAGs
[2022-04-12 15:51:18,283] {logging_mixin.py:109} INFO - [2022-04-12 15:51:18,283] {dag.py:2935} INFO - Setting next_dagrun for data_ingestion_gcs_dag to 2022-04-12T00:00:00+00:00
[2022-04-12 15:51:18,299] {processor.py:171} INFO - Processing /opt/airflow/dags/data_ingestion_gcs_dag.py took 0.790 seconds
[2022-04-12 15:51:48,560] {processor.py:163} INFO - Started process (PID=661) to work on /opt/airflow/dags/data_ingestion_gcs_dag.py
[2022-04-12 15:51:48,561] {processor.py:642} INFO - Processing file /opt/airflow/dags/data_ingestion_gcs_dag.py for tasks to queue
[2022-04-12 15:51:48,563] {logging_mixin.py:109} INFO - [2022-04-12 15:51:48,563] {dagbag.py:500} INFO - Filling up the DagBag from /opt/airflow/dags/data_ingestion_gcs_dag.py
[2022-04-12 15:51:49,352] {processor.py:654} INFO - DAG(s) dict_keys(['data_ingestion_gcs_dag']) retrieved from /opt/airflow/dags/data_ingestion_gcs_dag.py
[2022-04-12 15:51:49,362] {logging_mixin.py:109} INFO - [2022-04-12 15:51:49,362] {dag.py:2396} INFO - Sync 1 DAGs
[2022-04-12 15:51:49,382] {logging_mixin.py:109} INFO - [2022-04-12 15:51:49,382] {dag.py:2935} INFO - Setting next_dagrun for data_ingestion_gcs_dag to 2022-04-12T00:00:00+00:00
[2022-04-12 15:51:49,401] {processor.py:171} INFO - Processing /opt/airflow/dags/data_ingestion_gcs_dag.py took 0.844 seconds
[2022-04-12 15:52:19,591] {processor.py:163} INFO - Started process (PID=717) to work on /opt/airflow/dags/data_ingestion_gcs_dag.py
[2022-04-12 15:52:19,593] {processor.py:642} INFO - Processing file /opt/airflow/dags/data_ingestion_gcs_dag.py for tasks to queue
[2022-04-12 15:52:19,594] {logging_mixin.py:109} INFO - [2022-04-12 15:52:19,594] {dagbag.py:500} INFO - Filling up the DagBag from /opt/airflow/dags/data_ingestion_gcs_dag.py
[2022-04-12 15:52:20,890] {processor.py:654} INFO - DAG(s) dict_keys(['data_ingestion_gcs_dag']) retrieved from /opt/airflow/dags/data_ingestion_gcs_dag.py
[2022-04-12 15:52:20,910] {logging_mixin.py:109} INFO - [2022-04-12 15:52:20,909] {dag.py:2396} INFO - Sync 1 DAGs
[2022-04-12 15:52:20,957] {processor.py:171} INFO - Processing /opt/airflow/dags/data_ingestion_gcs_dag.py took 1.371 seconds
[2022-04-12 15:52:51,147] {processor.py:163} INFO - Started process (PID=779) to work on /opt/airflow/dags/data_ingestion_gcs_dag.py
[2022-04-12 15:52:51,151] {processor.py:642} INFO - Processing file /opt/airflow/dags/data_ingestion_gcs_dag.py for tasks to queue
[2022-04-12 15:52:51,153] {logging_mixin.py:109} INFO - [2022-04-12 15:52:51,153] {dagbag.py:500} INFO - Filling up the DagBag from /opt/airflow/dags/data_ingestion_gcs_dag.py
[2022-04-12 15:52:52,050] {processor.py:654} INFO - DAG(s) dict_keys(['data_ingestion_gcs_dag']) retrieved from /opt/airflow/dags/data_ingestion_gcs_dag.py
[2022-04-12 15:52:52,059] {logging_mixin.py:109} INFO - [2022-04-12 15:52:52,059] {dag.py:2396} INFO - Sync 1 DAGs
[2022-04-12 15:52:52,087] {processor.py:171} INFO - Processing /opt/airflow/dags/data_ingestion_gcs_dag.py took 0.944 seconds
[2022-04-12 15:53:22,214] {processor.py:163} INFO - Started process (PID=811) to work on /opt/airflow/dags/data_ingestion_gcs_dag.py
[2022-04-12 15:53:22,216] {processor.py:642} INFO - Processing file /opt/airflow/dags/data_ingestion_gcs_dag.py for tasks to queue
[2022-04-12 15:53:22,218] {logging_mixin.py:109} INFO - [2022-04-12 15:53:22,218] {dagbag.py:500} INFO - Filling up the DagBag from /opt/airflow/dags/data_ingestion_gcs_dag.py
[2022-04-12 15:53:23,085] {processor.py:654} INFO - DAG(s) dict_keys(['data_ingestion_gcs_dag']) retrieved from /opt/airflow/dags/data_ingestion_gcs_dag.py
[2022-04-12 15:53:23,096] {logging_mixin.py:109} INFO - [2022-04-12 15:53:23,096] {dag.py:2396} INFO - Sync 1 DAGs
[2022-04-12 15:53:23,130] {processor.py:171} INFO - Processing /opt/airflow/dags/data_ingestion_gcs_dag.py took 0.921 seconds
[2022-04-12 15:53:53,362] {processor.py:163} INFO - Started process (PID=863) to work on /opt/airflow/dags/data_ingestion_gcs_dag.py
[2022-04-12 15:53:53,364] {processor.py:642} INFO - Processing file /opt/airflow/dags/data_ingestion_gcs_dag.py for tasks to queue
[2022-04-12 15:53:53,365] {logging_mixin.py:109} INFO - [2022-04-12 15:53:53,365] {dagbag.py:500} INFO - Filling up the DagBag from /opt/airflow/dags/data_ingestion_gcs_dag.py
[2022-04-12 15:53:54,218] {processor.py:654} INFO - DAG(s) dict_keys(['data_ingestion_gcs_dag']) retrieved from /opt/airflow/dags/data_ingestion_gcs_dag.py
[2022-04-12 15:53:54,231] {logging_mixin.py:109} INFO - [2022-04-12 15:53:54,231] {dag.py:2396} INFO - Sync 1 DAGs
[2022-04-12 15:53:54,252] {logging_mixin.py:109} INFO - [2022-04-12 15:53:54,252] {dag.py:2935} INFO - Setting next_dagrun for data_ingestion_gcs_dag to 2022-04-12T00:00:00+00:00
[2022-04-12 15:53:54,271] {processor.py:171} INFO - Processing /opt/airflow/dags/data_ingestion_gcs_dag.py took 0.913 seconds
[2022-04-12 15:54:24,512] {processor.py:163} INFO - Started process (PID=895) to work on /opt/airflow/dags/data_ingestion_gcs_dag.py
[2022-04-12 15:54:24,515] {processor.py:642} INFO - Processing file /opt/airflow/dags/data_ingestion_gcs_dag.py for tasks to queue
[2022-04-12 15:54:24,517] {logging_mixin.py:109} INFO - [2022-04-12 15:54:24,517] {dagbag.py:500} INFO - Filling up the DagBag from /opt/airflow/dags/data_ingestion_gcs_dag.py
[2022-04-12 15:54:25,740] {processor.py:654} INFO - DAG(s) dict_keys(['data_ingestion_gcs_dag']) retrieved from /opt/airflow/dags/data_ingestion_gcs_dag.py
[2022-04-12 15:54:25,751] {logging_mixin.py:109} INFO - [2022-04-12 15:54:25,751] {dag.py:2396} INFO - Sync 1 DAGs
[2022-04-12 15:54:25,768] {logging_mixin.py:109} INFO - [2022-04-12 15:54:25,768] {dag.py:2935} INFO - Setting next_dagrun for data_ingestion_gcs_dag to 2022-04-12T00:00:00+00:00
[2022-04-12 15:54:25,784] {processor.py:171} INFO - Processing /opt/airflow/dags/data_ingestion_gcs_dag.py took 1.278 seconds
[2022-04-12 15:54:55,973] {processor.py:163} INFO - Started process (PID=936) to work on /opt/airflow/dags/data_ingestion_gcs_dag.py
[2022-04-12 15:54:55,975] {processor.py:642} INFO - Processing file /opt/airflow/dags/data_ingestion_gcs_dag.py for tasks to queue
[2022-04-12 15:54:55,977] {logging_mixin.py:109} INFO - [2022-04-12 15:54:55,977] {dagbag.py:500} INFO - Filling up the DagBag from /opt/airflow/dags/data_ingestion_gcs_dag.py
[2022-04-12 15:54:56,810] {processor.py:654} INFO - DAG(s) dict_keys(['data_ingestion_gcs_dag']) retrieved from /opt/airflow/dags/data_ingestion_gcs_dag.py
[2022-04-12 15:54:56,817] {logging_mixin.py:109} INFO - [2022-04-12 15:54:56,817] {dag.py:2396} INFO - Sync 1 DAGs
[2022-04-12 15:54:56,830] {logging_mixin.py:109} INFO - [2022-04-12 15:54:56,830] {dag.py:2935} INFO - Setting next_dagrun for data_ingestion_gcs_dag to 2022-04-12T00:00:00+00:00
[2022-04-12 15:54:56,849] {processor.py:171} INFO - Processing /opt/airflow/dags/data_ingestion_gcs_dag.py took 0.879 seconds
[2022-04-12 15:55:27,128] {processor.py:163} INFO - Started process (PID=968) to work on /opt/airflow/dags/data_ingestion_gcs_dag.py
[2022-04-12 15:55:27,132] {processor.py:642} INFO - Processing file /opt/airflow/dags/data_ingestion_gcs_dag.py for tasks to queue
[2022-04-12 15:55:27,133] {logging_mixin.py:109} INFO - [2022-04-12 15:55:27,133] {dagbag.py:500} INFO - Filling up the DagBag from /opt/airflow/dags/data_ingestion_gcs_dag.py
[2022-04-12 15:55:28,179] {processor.py:654} INFO - DAG(s) dict_keys(['data_ingestion_gcs_dag']) retrieved from /opt/airflow/dags/data_ingestion_gcs_dag.py
[2022-04-12 15:55:28,193] {logging_mixin.py:109} INFO - [2022-04-12 15:55:28,191] {dag.py:2396} INFO - Sync 1 DAGs
[2022-04-12 15:55:28,211] {logging_mixin.py:109} INFO - [2022-04-12 15:55:28,211] {dag.py:2935} INFO - Setting next_dagrun for data_ingestion_gcs_dag to 2022-04-12T00:00:00+00:00
[2022-04-12 15:55:28,223] {processor.py:171} INFO - Processing /opt/airflow/dags/data_ingestion_gcs_dag.py took 1.100 seconds
[2022-04-12 15:55:58,332] {processor.py:163} INFO - Started process (PID=1010) to work on /opt/airflow/dags/data_ingestion_gcs_dag.py
[2022-04-12 15:55:58,334] {processor.py:642} INFO - Processing file /opt/airflow/dags/data_ingestion_gcs_dag.py for tasks to queue
[2022-04-12 15:55:58,335] {logging_mixin.py:109} INFO - [2022-04-12 15:55:58,335] {dagbag.py:500} INFO - Filling up the DagBag from /opt/airflow/dags/data_ingestion_gcs_dag.py
[2022-04-12 15:55:59,326] {processor.py:654} INFO - DAG(s) dict_keys(['data_ingestion_gcs_dag']) retrieved from /opt/airflow/dags/data_ingestion_gcs_dag.py
[2022-04-12 15:55:59,336] {logging_mixin.py:109} INFO - [2022-04-12 15:55:59,336] {dag.py:2396} INFO - Sync 1 DAGs
[2022-04-12 15:55:59,352] {logging_mixin.py:109} INFO - [2022-04-12 15:55:59,352] {dag.py:2935} INFO - Setting next_dagrun for data_ingestion_gcs_dag to 2022-04-12T00:00:00+00:00
[2022-04-12 15:55:59,364] {processor.py:171} INFO - Processing /opt/airflow/dags/data_ingestion_gcs_dag.py took 1.038 seconds
[2022-04-12 15:56:29,623] {processor.py:163} INFO - Started process (PID=1042) to work on /opt/airflow/dags/data_ingestion_gcs_dag.py
[2022-04-12 15:56:29,627] {processor.py:642} INFO - Processing file /opt/airflow/dags/data_ingestion_gcs_dag.py for tasks to queue
[2022-04-12 15:56:29,629] {logging_mixin.py:109} INFO - [2022-04-12 15:56:29,629] {dagbag.py:500} INFO - Filling up the DagBag from /opt/airflow/dags/data_ingestion_gcs_dag.py
[2022-04-12 15:56:30,852] {processor.py:654} INFO - DAG(s) dict_keys(['data_ingestion_gcs_dag']) retrieved from /opt/airflow/dags/data_ingestion_gcs_dag.py
[2022-04-12 15:56:30,885] {logging_mixin.py:109} INFO - [2022-04-12 15:56:30,884] {dag.py:2396} INFO - Sync 1 DAGs
[2022-04-12 15:56:30,928] {logging_mixin.py:109} INFO - [2022-04-12 15:56:30,928] {dag.py:2935} INFO - Setting next_dagrun for data_ingestion_gcs_dag to 2022-04-12T00:00:00+00:00
[2022-04-12 15:56:30,988] {processor.py:171} INFO - Processing /opt/airflow/dags/data_ingestion_gcs_dag.py took 1.369 seconds
[2022-04-12 15:57:01,198] {processor.py:163} INFO - Started process (PID=1084) to work on /opt/airflow/dags/data_ingestion_gcs_dag.py
[2022-04-12 15:57:01,199] {processor.py:642} INFO - Processing file /opt/airflow/dags/data_ingestion_gcs_dag.py for tasks to queue
[2022-04-12 15:57:01,200] {logging_mixin.py:109} INFO - [2022-04-12 15:57:01,200] {dagbag.py:500} INFO - Filling up the DagBag from /opt/airflow/dags/data_ingestion_gcs_dag.py
[2022-04-12 15:57:02,100] {processor.py:654} INFO - DAG(s) dict_keys(['data_ingestion_gcs_dag']) retrieved from /opt/airflow/dags/data_ingestion_gcs_dag.py
[2022-04-12 15:57:02,113] {logging_mixin.py:109} INFO - [2022-04-12 15:57:02,112] {dag.py:2396} INFO - Sync 1 DAGs
[2022-04-12 15:57:02,135] {logging_mixin.py:109} INFO - [2022-04-12 15:57:02,135] {dag.py:2935} INFO - Setting next_dagrun for data_ingestion_gcs_dag to 2022-04-12T00:00:00+00:00
[2022-04-12 15:57:02,155] {processor.py:171} INFO - Processing /opt/airflow/dags/data_ingestion_gcs_dag.py took 0.959 seconds
[2022-04-12 15:57:32,375] {processor.py:163} INFO - Started process (PID=1115) to work on /opt/airflow/dags/data_ingestion_gcs_dag.py
[2022-04-12 15:57:32,378] {processor.py:642} INFO - Processing file /opt/airflow/dags/data_ingestion_gcs_dag.py for tasks to queue
[2022-04-12 15:57:32,379] {logging_mixin.py:109} INFO - [2022-04-12 15:57:32,379] {dagbag.py:500} INFO - Filling up the DagBag from /opt/airflow/dags/data_ingestion_gcs_dag.py
[2022-04-12 15:57:33,278] {processor.py:654} INFO - DAG(s) dict_keys(['data_ingestion_gcs_dag']) retrieved from /opt/airflow/dags/data_ingestion_gcs_dag.py
[2022-04-12 15:57:33,287] {logging_mixin.py:109} INFO - [2022-04-12 15:57:33,286] {dag.py:2396} INFO - Sync 1 DAGs
[2022-04-12 15:57:33,307] {logging_mixin.py:109} INFO - [2022-04-12 15:57:33,306] {dag.py:2935} INFO - Setting next_dagrun for data_ingestion_gcs_dag to 2022-04-12T00:00:00+00:00
[2022-04-12 15:57:33,318] {processor.py:171} INFO - Processing /opt/airflow/dags/data_ingestion_gcs_dag.py took 0.946 seconds
[2022-04-12 15:58:03,616] {processor.py:163} INFO - Started process (PID=1155) to work on /opt/airflow/dags/data_ingestion_gcs_dag.py
[2022-04-12 15:58:03,618] {processor.py:642} INFO - Processing file /opt/airflow/dags/data_ingestion_gcs_dag.py for tasks to queue
[2022-04-12 15:58:03,620] {logging_mixin.py:109} INFO - [2022-04-12 15:58:03,619] {dagbag.py:500} INFO - Filling up the DagBag from /opt/airflow/dags/data_ingestion_gcs_dag.py
[2022-04-12 15:58:04,461] {processor.py:654} INFO - DAG(s) dict_keys(['data_ingestion_gcs_dag']) retrieved from /opt/airflow/dags/data_ingestion_gcs_dag.py
[2022-04-12 15:58:04,471] {logging_mixin.py:109} INFO - [2022-04-12 15:58:04,471] {dag.py:2396} INFO - Sync 1 DAGs
[2022-04-12 15:58:04,488] {logging_mixin.py:109} INFO - [2022-04-12 15:58:04,488] {dag.py:2935} INFO - Setting next_dagrun for data_ingestion_gcs_dag to 2022-04-12T00:00:00+00:00
[2022-04-12 15:58:04,503] {processor.py:171} INFO - Processing /opt/airflow/dags/data_ingestion_gcs_dag.py took 0.891 seconds
[2022-04-12 15:58:34,726] {processor.py:163} INFO - Started process (PID=1186) to work on /opt/airflow/dags/data_ingestion_gcs_dag.py
[2022-04-12 15:58:34,728] {processor.py:642} INFO - Processing file /opt/airflow/dags/data_ingestion_gcs_dag.py for tasks to queue
[2022-04-12 15:58:34,729] {logging_mixin.py:109} INFO - [2022-04-12 15:58:34,729] {dagbag.py:500} INFO - Filling up the DagBag from /opt/airflow/dags/data_ingestion_gcs_dag.py
[2022-04-12 15:58:35,494] {processor.py:654} INFO - DAG(s) dict_keys(['data_ingestion_gcs_dag']) retrieved from /opt/airflow/dags/data_ingestion_gcs_dag.py
[2022-04-12 15:58:35,503] {logging_mixin.py:109} INFO - [2022-04-12 15:58:35,502] {dag.py:2396} INFO - Sync 1 DAGs
[2022-04-12 15:58:35,517] {logging_mixin.py:109} INFO - [2022-04-12 15:58:35,517] {dag.py:2935} INFO - Setting next_dagrun for data_ingestion_gcs_dag to 2022-04-12T00:00:00+00:00
[2022-04-12 15:58:35,534] {processor.py:171} INFO - Processing /opt/airflow/dags/data_ingestion_gcs_dag.py took 0.810 seconds
[2022-04-12 15:59:05,758] {processor.py:163} INFO - Started process (PID=1226) to work on /opt/airflow/dags/data_ingestion_gcs_dag.py
[2022-04-12 15:59:05,761] {processor.py:642} INFO - Processing file /opt/airflow/dags/data_ingestion_gcs_dag.py for tasks to queue
[2022-04-12 15:59:05,762] {logging_mixin.py:109} INFO - [2022-04-12 15:59:05,762] {dagbag.py:500} INFO - Filling up the DagBag from /opt/airflow/dags/data_ingestion_gcs_dag.py
[2022-04-12 15:59:06,604] {processor.py:654} INFO - DAG(s) dict_keys(['data_ingestion_gcs_dag']) retrieved from /opt/airflow/dags/data_ingestion_gcs_dag.py
[2022-04-12 15:59:06,612] {logging_mixin.py:109} INFO - [2022-04-12 15:59:06,612] {dag.py:2396} INFO - Sync 1 DAGs
[2022-04-12 15:59:06,624] {logging_mixin.py:109} INFO - [2022-04-12 15:59:06,624] {dag.py:2935} INFO - Setting next_dagrun for data_ingestion_gcs_dag to 2022-04-12T00:00:00+00:00
[2022-04-12 15:59:06,647] {processor.py:171} INFO - Processing /opt/airflow/dags/data_ingestion_gcs_dag.py took 0.892 seconds
[2022-04-12 15:59:36,853] {processor.py:163} INFO - Started process (PID=1266) to work on /opt/airflow/dags/data_ingestion_gcs_dag.py
[2022-04-12 15:59:36,855] {processor.py:642} INFO - Processing file /opt/airflow/dags/data_ingestion_gcs_dag.py for tasks to queue
[2022-04-12 15:59:36,856] {logging_mixin.py:109} INFO - [2022-04-12 15:59:36,856] {dagbag.py:500} INFO - Filling up the DagBag from /opt/airflow/dags/data_ingestion_gcs_dag.py
[2022-04-12 15:59:37,794] {processor.py:654} INFO - DAG(s) dict_keys(['data_ingestion_gcs_dag']) retrieved from /opt/airflow/dags/data_ingestion_gcs_dag.py
[2022-04-12 15:59:37,804] {logging_mixin.py:109} INFO - [2022-04-12 15:59:37,803] {dag.py:2396} INFO - Sync 1 DAGs
[2022-04-12 15:59:37,819] {logging_mixin.py:109} INFO - [2022-04-12 15:59:37,819] {dag.py:2935} INFO - Setting next_dagrun for data_ingestion_gcs_dag to 2022-04-12T00:00:00+00:00
[2022-04-12 15:59:37,836] {processor.py:171} INFO - Processing /opt/airflow/dags/data_ingestion_gcs_dag.py took 0.985 seconds
[2022-04-12 16:00:08,056] {processor.py:163} INFO - Started process (PID=1299) to work on /opt/airflow/dags/data_ingestion_gcs_dag.py
[2022-04-12 16:00:08,058] {processor.py:642} INFO - Processing file /opt/airflow/dags/data_ingestion_gcs_dag.py for tasks to queue
[2022-04-12 16:00:08,059] {logging_mixin.py:109} INFO - [2022-04-12 16:00:08,059] {dagbag.py:500} INFO - Filling up the DagBag from /opt/airflow/dags/data_ingestion_gcs_dag.py
[2022-04-12 16:00:08,765] {processor.py:654} INFO - DAG(s) dict_keys(['data_ingestion_gcs_dag']) retrieved from /opt/airflow/dags/data_ingestion_gcs_dag.py
[2022-04-12 16:00:08,774] {logging_mixin.py:109} INFO - [2022-04-12 16:00:08,774] {dag.py:2396} INFO - Sync 1 DAGs
[2022-04-12 16:00:08,788] {logging_mixin.py:109} INFO - [2022-04-12 16:00:08,788] {dag.py:2935} INFO - Setting next_dagrun for data_ingestion_gcs_dag to 2022-04-12T00:00:00+00:00
[2022-04-12 16:00:08,806] {processor.py:171} INFO - Processing /opt/airflow/dags/data_ingestion_gcs_dag.py took 0.752 seconds
[2022-04-12 16:00:39,020] {processor.py:163} INFO - Started process (PID=1342) to work on /opt/airflow/dags/data_ingestion_gcs_dag.py
[2022-04-12 16:00:39,022] {processor.py:642} INFO - Processing file /opt/airflow/dags/data_ingestion_gcs_dag.py for tasks to queue
[2022-04-12 16:00:39,022] {logging_mixin.py:109} INFO - [2022-04-12 16:00:39,022] {dagbag.py:500} INFO - Filling up the DagBag from /opt/airflow/dags/data_ingestion_gcs_dag.py
[2022-04-12 16:00:39,896] {processor.py:654} INFO - DAG(s) dict_keys(['data_ingestion_gcs_dag']) retrieved from /opt/airflow/dags/data_ingestion_gcs_dag.py
[2022-04-12 16:00:39,907] {logging_mixin.py:109} INFO - [2022-04-12 16:00:39,907] {dag.py:2396} INFO - Sync 1 DAGs
[2022-04-12 16:00:39,941] {logging_mixin.py:109} INFO - [2022-04-12 16:00:39,941] {dag.py:2935} INFO - Setting next_dagrun for data_ingestion_gcs_dag to 2022-04-12T00:00:00+00:00
[2022-04-12 16:00:39,956] {processor.py:171} INFO - Processing /opt/airflow/dags/data_ingestion_gcs_dag.py took 0.938 seconds
[2022-04-12 16:01:10,178] {processor.py:163} INFO - Started process (PID=1373) to work on /opt/airflow/dags/data_ingestion_gcs_dag.py
[2022-04-12 16:01:10,179] {processor.py:642} INFO - Processing file /opt/airflow/dags/data_ingestion_gcs_dag.py for tasks to queue
[2022-04-12 16:01:10,180] {logging_mixin.py:109} INFO - [2022-04-12 16:01:10,180] {dagbag.py:500} INFO - Filling up the DagBag from /opt/airflow/dags/data_ingestion_gcs_dag.py
[2022-04-12 16:01:10,896] {processor.py:654} INFO - DAG(s) dict_keys(['data_ingestion_gcs_dag']) retrieved from /opt/airflow/dags/data_ingestion_gcs_dag.py
[2022-04-12 16:01:10,904] {logging_mixin.py:109} INFO - [2022-04-12 16:01:10,904] {dag.py:2396} INFO - Sync 1 DAGs
[2022-04-12 16:01:10,918] {logging_mixin.py:109} INFO - [2022-04-12 16:01:10,918] {dag.py:2935} INFO - Setting next_dagrun for data_ingestion_gcs_dag to 2022-04-12T00:00:00+00:00
[2022-04-12 16:01:10,934] {processor.py:171} INFO - Processing /opt/airflow/dags/data_ingestion_gcs_dag.py took 0.760 seconds
[2022-04-12 16:01:41,164] {processor.py:163} INFO - Started process (PID=1416) to work on /opt/airflow/dags/data_ingestion_gcs_dag.py
[2022-04-12 16:01:41,166] {processor.py:642} INFO - Processing file /opt/airflow/dags/data_ingestion_gcs_dag.py for tasks to queue
[2022-04-12 16:01:41,167] {logging_mixin.py:109} INFO - [2022-04-12 16:01:41,167] {dagbag.py:500} INFO - Filling up the DagBag from /opt/airflow/dags/data_ingestion_gcs_dag.py
[2022-04-12 16:01:41,930] {processor.py:654} INFO - DAG(s) dict_keys(['data_ingestion_gcs_dag']) retrieved from /opt/airflow/dags/data_ingestion_gcs_dag.py
[2022-04-12 16:01:41,939] {logging_mixin.py:109} INFO - [2022-04-12 16:01:41,939] {dag.py:2396} INFO - Sync 1 DAGs
[2022-04-12 16:01:41,954] {logging_mixin.py:109} INFO - [2022-04-12 16:01:41,954] {dag.py:2935} INFO - Setting next_dagrun for data_ingestion_gcs_dag to 2022-04-12T00:00:00+00:00
[2022-04-12 16:01:41,971] {processor.py:171} INFO - Processing /opt/airflow/dags/data_ingestion_gcs_dag.py took 0.811 seconds
[2022-04-12 16:02:12,190] {processor.py:163} INFO - Started process (PID=1448) to work on /opt/airflow/dags/data_ingestion_gcs_dag.py
[2022-04-12 16:02:12,191] {processor.py:642} INFO - Processing file /opt/airflow/dags/data_ingestion_gcs_dag.py for tasks to queue
[2022-04-12 16:02:12,192] {logging_mixin.py:109} INFO - [2022-04-12 16:02:12,192] {dagbag.py:500} INFO - Filling up the DagBag from /opt/airflow/dags/data_ingestion_gcs_dag.py
[2022-04-12 16:02:12,997] {processor.py:654} INFO - DAG(s) dict_keys(['data_ingestion_gcs_dag']) retrieved from /opt/airflow/dags/data_ingestion_gcs_dag.py
[2022-04-12 16:02:13,007] {logging_mixin.py:109} INFO - [2022-04-12 16:02:13,007] {dag.py:2396} INFO - Sync 1 DAGs
[2022-04-12 16:02:13,022] {logging_mixin.py:109} INFO - [2022-04-12 16:02:13,022] {dag.py:2935} INFO - Setting next_dagrun for data_ingestion_gcs_dag to 2022-04-12T00:00:00+00:00
[2022-04-12 16:02:13,037] {processor.py:171} INFO - Processing /opt/airflow/dags/data_ingestion_gcs_dag.py took 0.850 seconds
[2022-04-12 16:02:43,103] {processor.py:163} INFO - Started process (PID=1490) to work on /opt/airflow/dags/data_ingestion_gcs_dag.py
[2022-04-12 16:02:43,106] {processor.py:642} INFO - Processing file /opt/airflow/dags/data_ingestion_gcs_dag.py for tasks to queue
[2022-04-12 16:02:43,107] {logging_mixin.py:109} INFO - [2022-04-12 16:02:43,107] {dagbag.py:500} INFO - Filling up the DagBag from /opt/airflow/dags/data_ingestion_gcs_dag.py
[2022-04-12 16:02:43,902] {processor.py:654} INFO - DAG(s) dict_keys(['data_ingestion_gcs_dag']) retrieved from /opt/airflow/dags/data_ingestion_gcs_dag.py
[2022-04-12 16:02:43,911] {logging_mixin.py:109} INFO - [2022-04-12 16:02:43,911] {dag.py:2396} INFO - Sync 1 DAGs
[2022-04-12 16:02:43,923] {logging_mixin.py:109} INFO - [2022-04-12 16:02:43,923] {dag.py:2935} INFO - Setting next_dagrun for data_ingestion_gcs_dag to 2022-04-12T00:00:00+00:00
[2022-04-12 16:02:43,941] {processor.py:171} INFO - Processing /opt/airflow/dags/data_ingestion_gcs_dag.py took 0.842 seconds
[2022-04-12 16:03:14,155] {processor.py:163} INFO - Started process (PID=1532) to work on /opt/airflow/dags/data_ingestion_gcs_dag.py
[2022-04-12 16:03:14,157] {processor.py:642} INFO - Processing file /opt/airflow/dags/data_ingestion_gcs_dag.py for tasks to queue
[2022-04-12 16:03:14,158] {logging_mixin.py:109} INFO - [2022-04-12 16:03:14,158] {dagbag.py:500} INFO - Filling up the DagBag from /opt/airflow/dags/data_ingestion_gcs_dag.py
[2022-04-12 16:03:14,930] {processor.py:654} INFO - DAG(s) dict_keys(['data_ingestion_gcs_dag']) retrieved from /opt/airflow/dags/data_ingestion_gcs_dag.py
[2022-04-12 16:03:14,939] {logging_mixin.py:109} INFO - [2022-04-12 16:03:14,939] {dag.py:2396} INFO - Sync 1 DAGs
[2022-04-12 16:03:14,956] {logging_mixin.py:109} INFO - [2022-04-12 16:03:14,955] {dag.py:2935} INFO - Setting next_dagrun for data_ingestion_gcs_dag to 2022-04-12T00:00:00+00:00
[2022-04-12 16:03:14,974] {processor.py:171} INFO - Processing /opt/airflow/dags/data_ingestion_gcs_dag.py took 0.823 seconds
[2022-04-12 16:03:45,192] {processor.py:163} INFO - Started process (PID=1564) to work on /opt/airflow/dags/data_ingestion_gcs_dag.py
[2022-04-12 16:03:45,196] {processor.py:642} INFO - Processing file /opt/airflow/dags/data_ingestion_gcs_dag.py for tasks to queue
[2022-04-12 16:03:45,198] {logging_mixin.py:109} INFO - [2022-04-12 16:03:45,198] {dagbag.py:500} INFO - Filling up the DagBag from /opt/airflow/dags/data_ingestion_gcs_dag.py
[2022-04-12 16:03:45,957] {processor.py:654} INFO - DAG(s) dict_keys(['data_ingestion_gcs_dag']) retrieved from /opt/airflow/dags/data_ingestion_gcs_dag.py
[2022-04-12 16:03:45,967] {logging_mixin.py:109} INFO - [2022-04-12 16:03:45,966] {dag.py:2396} INFO - Sync 1 DAGs
[2022-04-12 16:03:45,982] {logging_mixin.py:109} INFO - [2022-04-12 16:03:45,982] {dag.py:2935} INFO - Setting next_dagrun for data_ingestion_gcs_dag to 2022-04-12T00:00:00+00:00
[2022-04-12 16:03:45,997] {processor.py:171} INFO - Processing /opt/airflow/dags/data_ingestion_gcs_dag.py took 0.807 seconds
[2022-04-12 16:04:16,217] {processor.py:163} INFO - Started process (PID=1604) to work on /opt/airflow/dags/data_ingestion_gcs_dag.py
[2022-04-12 16:04:16,218] {processor.py:642} INFO - Processing file /opt/airflow/dags/data_ingestion_gcs_dag.py for tasks to queue
[2022-04-12 16:04:16,220] {logging_mixin.py:109} INFO - [2022-04-12 16:04:16,220] {dagbag.py:500} INFO - Filling up the DagBag from /opt/airflow/dags/data_ingestion_gcs_dag.py
[2022-04-12 16:04:16,978] {processor.py:654} INFO - DAG(s) dict_keys(['data_ingestion_gcs_dag']) retrieved from /opt/airflow/dags/data_ingestion_gcs_dag.py
[2022-04-12 16:04:16,986] {logging_mixin.py:109} INFO - [2022-04-12 16:04:16,986] {dag.py:2396} INFO - Sync 1 DAGs
[2022-04-12 16:04:16,999] {logging_mixin.py:109} INFO - [2022-04-12 16:04:16,999] {dag.py:2935} INFO - Setting next_dagrun for data_ingestion_gcs_dag to 2022-04-12T00:00:00+00:00
[2022-04-12 16:04:17,014] {processor.py:171} INFO - Processing /opt/airflow/dags/data_ingestion_gcs_dag.py took 0.800 seconds
[2022-04-12 16:04:47,238] {processor.py:163} INFO - Started process (PID=1636) to work on /opt/airflow/dags/data_ingestion_gcs_dag.py
[2022-04-12 16:04:47,240] {processor.py:642} INFO - Processing file /opt/airflow/dags/data_ingestion_gcs_dag.py for tasks to queue
[2022-04-12 16:04:47,241] {logging_mixin.py:109} INFO - [2022-04-12 16:04:47,241] {dagbag.py:500} INFO - Filling up the DagBag from /opt/airflow/dags/data_ingestion_gcs_dag.py
[2022-04-12 16:04:47,940] {processor.py:654} INFO - DAG(s) dict_keys(['data_ingestion_gcs_dag']) retrieved from /opt/airflow/dags/data_ingestion_gcs_dag.py
[2022-04-12 16:04:47,949] {logging_mixin.py:109} INFO - [2022-04-12 16:04:47,949] {dag.py:2396} INFO - Sync 1 DAGs
[2022-04-12 16:04:47,962] {logging_mixin.py:109} INFO - [2022-04-12 16:04:47,962] {dag.py:2935} INFO - Setting next_dagrun for data_ingestion_gcs_dag to 2022-04-12T00:00:00+00:00
[2022-04-12 16:04:47,978] {processor.py:171} INFO - Processing /opt/airflow/dags/data_ingestion_gcs_dag.py took 0.743 seconds
[2022-04-12 16:05:18,220] {processor.py:163} INFO - Started process (PID=1677) to work on /opt/airflow/dags/data_ingestion_gcs_dag.py
[2022-04-12 16:05:18,222] {processor.py:642} INFO - Processing file /opt/airflow/dags/data_ingestion_gcs_dag.py for tasks to queue
[2022-04-12 16:05:18,222] {logging_mixin.py:109} INFO - [2022-04-12 16:05:18,222] {dagbag.py:500} INFO - Filling up the DagBag from /opt/airflow/dags/data_ingestion_gcs_dag.py
[2022-04-12 16:05:18,913] {processor.py:654} INFO - DAG(s) dict_keys(['data_ingestion_gcs_dag']) retrieved from /opt/airflow/dags/data_ingestion_gcs_dag.py
[2022-04-12 16:05:18,920] {logging_mixin.py:109} INFO - [2022-04-12 16:05:18,920] {dag.py:2396} INFO - Sync 1 DAGs
[2022-04-12 16:05:18,934] {logging_mixin.py:109} INFO - [2022-04-12 16:05:18,933] {dag.py:2935} INFO - Setting next_dagrun for data_ingestion_gcs_dag to 2022-04-12T00:00:00+00:00
[2022-04-12 16:05:18,948] {processor.py:171} INFO - Processing /opt/airflow/dags/data_ingestion_gcs_dag.py took 0.730 seconds
[2022-04-12 16:05:49,178] {processor.py:163} INFO - Started process (PID=1710) to work on /opt/airflow/dags/data_ingestion_gcs_dag.py
[2022-04-12 16:05:49,180] {processor.py:642} INFO - Processing file /opt/airflow/dags/data_ingestion_gcs_dag.py for tasks to queue
[2022-04-12 16:05:49,181] {logging_mixin.py:109} INFO - [2022-04-12 16:05:49,181] {dagbag.py:500} INFO - Filling up the DagBag from /opt/airflow/dags/data_ingestion_gcs_dag.py
[2022-04-12 16:05:49,904] {processor.py:654} INFO - DAG(s) dict_keys(['data_ingestion_gcs_dag']) retrieved from /opt/airflow/dags/data_ingestion_gcs_dag.py
[2022-04-12 16:05:49,915] {logging_mixin.py:109} INFO - [2022-04-12 16:05:49,914] {dag.py:2396} INFO - Sync 1 DAGs
[2022-04-12 16:05:49,930] {logging_mixin.py:109} INFO - [2022-04-12 16:05:49,929] {dag.py:2935} INFO - Setting next_dagrun for data_ingestion_gcs_dag to 2022-04-12T00:00:00+00:00
[2022-04-12 16:05:49,946] {processor.py:171} INFO - Processing /opt/airflow/dags/data_ingestion_gcs_dag.py took 0.771 seconds
[2022-04-12 16:06:20,180] {processor.py:163} INFO - Started process (PID=1752) to work on /opt/airflow/dags/data_ingestion_gcs_dag.py
[2022-04-12 16:06:20,182] {processor.py:642} INFO - Processing file /opt/airflow/dags/data_ingestion_gcs_dag.py for tasks to queue
[2022-04-12 16:06:20,186] {logging_mixin.py:109} INFO - [2022-04-12 16:06:20,185] {dagbag.py:500} INFO - Filling up the DagBag from /opt/airflow/dags/data_ingestion_gcs_dag.py
[2022-04-12 16:06:20,920] {processor.py:654} INFO - DAG(s) dict_keys(['data_ingestion_gcs_dag']) retrieved from /opt/airflow/dags/data_ingestion_gcs_dag.py
[2022-04-12 16:06:20,929] {logging_mixin.py:109} INFO - [2022-04-12 16:06:20,929] {dag.py:2396} INFO - Sync 1 DAGs
[2022-04-12 16:06:20,942] {logging_mixin.py:109} INFO - [2022-04-12 16:06:20,942] {dag.py:2935} INFO - Setting next_dagrun for data_ingestion_gcs_dag to 2022-04-12T00:00:00+00:00
[2022-04-12 16:06:20,959] {processor.py:171} INFO - Processing /opt/airflow/dags/data_ingestion_gcs_dag.py took 0.783 seconds
[2022-04-12 16:06:51,065] {processor.py:163} INFO - Started process (PID=1795) to work on /opt/airflow/dags/data_ingestion_gcs_dag.py
[2022-04-12 16:06:51,067] {processor.py:642} INFO - Processing file /opt/airflow/dags/data_ingestion_gcs_dag.py for tasks to queue
[2022-04-12 16:06:51,069] {logging_mixin.py:109} INFO - [2022-04-12 16:06:51,069] {dagbag.py:500} INFO - Filling up the DagBag from /opt/airflow/dags/data_ingestion_gcs_dag.py
[2022-04-12 16:06:51,778] {processor.py:654} INFO - DAG(s) dict_keys(['data_ingestion_gcs_dag']) retrieved from /opt/airflow/dags/data_ingestion_gcs_dag.py
[2022-04-12 16:06:51,787] {logging_mixin.py:109} INFO - [2022-04-12 16:06:51,787] {dag.py:2396} INFO - Sync 1 DAGs
[2022-04-12 16:06:51,799] {logging_mixin.py:109} INFO - [2022-04-12 16:06:51,799] {dag.py:2935} INFO - Setting next_dagrun for data_ingestion_gcs_dag to 2022-04-12T00:00:00+00:00
[2022-04-12 16:06:51,818] {processor.py:171} INFO - Processing /opt/airflow/dags/data_ingestion_gcs_dag.py took 0.757 seconds
[2022-04-12 16:07:22,043] {processor.py:163} INFO - Started process (PID=1826) to work on /opt/airflow/dags/data_ingestion_gcs_dag.py
[2022-04-12 16:07:22,047] {processor.py:642} INFO - Processing file /opt/airflow/dags/data_ingestion_gcs_dag.py for tasks to queue
[2022-04-12 16:07:22,050] {logging_mixin.py:109} INFO - [2022-04-12 16:07:22,050] {dagbag.py:500} INFO - Filling up the DagBag from /opt/airflow/dags/data_ingestion_gcs_dag.py
[2022-04-12 16:07:22,767] {processor.py:654} INFO - DAG(s) dict_keys(['data_ingestion_gcs_dag']) retrieved from /opt/airflow/dags/data_ingestion_gcs_dag.py
[2022-04-12 16:07:22,776] {logging_mixin.py:109} INFO - [2022-04-12 16:07:22,775] {dag.py:2396} INFO - Sync 1 DAGs
[2022-04-12 16:07:22,800] {logging_mixin.py:109} INFO - [2022-04-12 16:07:22,800] {dag.py:2935} INFO - Setting next_dagrun for data_ingestion_gcs_dag to 2022-04-12T00:00:00+00:00
[2022-04-12 16:07:22,819] {processor.py:171} INFO - Processing /opt/airflow/dags/data_ingestion_gcs_dag.py took 0.778 seconds
[2022-04-12 16:07:53,037] {processor.py:163} INFO - Started process (PID=1868) to work on /opt/airflow/dags/data_ingestion_gcs_dag.py
[2022-04-12 16:07:53,039] {processor.py:642} INFO - Processing file /opt/airflow/dags/data_ingestion_gcs_dag.py for tasks to queue
[2022-04-12 16:07:53,040] {logging_mixin.py:109} INFO - [2022-04-12 16:07:53,040] {dagbag.py:500} INFO - Filling up the DagBag from /opt/airflow/dags/data_ingestion_gcs_dag.py
[2022-04-12 16:07:53,813] {processor.py:654} INFO - DAG(s) dict_keys(['data_ingestion_gcs_dag']) retrieved from /opt/airflow/dags/data_ingestion_gcs_dag.py
[2022-04-12 16:07:53,824] {logging_mixin.py:109} INFO - [2022-04-12 16:07:53,824] {dag.py:2396} INFO - Sync 1 DAGs
[2022-04-12 16:07:53,840] {logging_mixin.py:109} INFO - [2022-04-12 16:07:53,840] {dag.py:2935} INFO - Setting next_dagrun for data_ingestion_gcs_dag to 2022-04-12T00:00:00+00:00
[2022-04-12 16:07:53,858] {processor.py:171} INFO - Processing /opt/airflow/dags/data_ingestion_gcs_dag.py took 0.824 seconds
[2022-04-12 16:08:24,062] {processor.py:163} INFO - Started process (PID=1899) to work on /opt/airflow/dags/data_ingestion_gcs_dag.py
[2022-04-12 16:08:24,064] {processor.py:642} INFO - Processing file /opt/airflow/dags/data_ingestion_gcs_dag.py for tasks to queue
[2022-04-12 16:08:24,065] {logging_mixin.py:109} INFO - [2022-04-12 16:08:24,065] {dagbag.py:500} INFO - Filling up the DagBag from /opt/airflow/dags/data_ingestion_gcs_dag.py
[2022-04-12 16:08:24,778] {processor.py:654} INFO - DAG(s) dict_keys(['data_ingestion_gcs_dag']) retrieved from /opt/airflow/dags/data_ingestion_gcs_dag.py
[2022-04-12 16:08:24,786] {logging_mixin.py:109} INFO - [2022-04-12 16:08:24,786] {dag.py:2396} INFO - Sync 1 DAGs
[2022-04-12 16:08:24,800] {logging_mixin.py:109} INFO - [2022-04-12 16:08:24,800] {dag.py:2935} INFO - Setting next_dagrun for data_ingestion_gcs_dag to 2022-04-12T00:00:00+00:00
[2022-04-12 16:08:24,819] {processor.py:171} INFO - Processing /opt/airflow/dags/data_ingestion_gcs_dag.py took 0.760 seconds
[2022-04-12 16:08:54,965] {processor.py:163} INFO - Started process (PID=1940) to work on /opt/airflow/dags/data_ingestion_gcs_dag.py
[2022-04-12 16:08:54,967] {processor.py:642} INFO - Processing file /opt/airflow/dags/data_ingestion_gcs_dag.py for tasks to queue
[2022-04-12 16:08:54,969] {logging_mixin.py:109} INFO - [2022-04-12 16:08:54,969] {dagbag.py:500} INFO - Filling up the DagBag from /opt/airflow/dags/data_ingestion_gcs_dag.py
[2022-04-12 16:08:55,659] {processor.py:654} INFO - DAG(s) dict_keys(['data_ingestion_gcs_dag']) retrieved from /opt/airflow/dags/data_ingestion_gcs_dag.py
[2022-04-12 16:08:55,668] {logging_mixin.py:109} INFO - [2022-04-12 16:08:55,668] {dag.py:2396} INFO - Sync 1 DAGs
[2022-04-12 16:08:55,680] {logging_mixin.py:109} INFO - [2022-04-12 16:08:55,680] {dag.py:2935} INFO - Setting next_dagrun for data_ingestion_gcs_dag to 2022-04-12T00:00:00+00:00
[2022-04-12 16:08:55,695] {processor.py:171} INFO - Processing /opt/airflow/dags/data_ingestion_gcs_dag.py took 0.734 seconds
[2022-04-12 16:09:25,899] {processor.py:163} INFO - Started process (PID=1982) to work on /opt/airflow/dags/data_ingestion_gcs_dag.py
[2022-04-12 16:09:25,901] {processor.py:642} INFO - Processing file /opt/airflow/dags/data_ingestion_gcs_dag.py for tasks to queue
[2022-04-12 16:09:25,902] {logging_mixin.py:109} INFO - [2022-04-12 16:09:25,902] {dagbag.py:500} INFO - Filling up the DagBag from /opt/airflow/dags/data_ingestion_gcs_dag.py
[2022-04-12 16:09:26,658] {processor.py:654} INFO - DAG(s) dict_keys(['data_ingestion_gcs_dag']) retrieved from /opt/airflow/dags/data_ingestion_gcs_dag.py
[2022-04-12 16:09:26,666] {logging_mixin.py:109} INFO - [2022-04-12 16:09:26,665] {dag.py:2396} INFO - Sync 1 DAGs
[2022-04-12 16:09:26,679] {logging_mixin.py:109} INFO - [2022-04-12 16:09:26,678] {dag.py:2935} INFO - Setting next_dagrun for data_ingestion_gcs_dag to 2022-04-12T00:00:00+00:00
[2022-04-12 16:09:26,692] {processor.py:171} INFO - Processing /opt/airflow/dags/data_ingestion_gcs_dag.py took 0.796 seconds
[2022-04-12 16:09:56,915] {processor.py:163} INFO - Started process (PID=2013) to work on /opt/airflow/dags/data_ingestion_gcs_dag.py
[2022-04-12 16:09:56,917] {processor.py:642} INFO - Processing file /opt/airflow/dags/data_ingestion_gcs_dag.py for tasks to queue
[2022-04-12 16:09:56,918] {logging_mixin.py:109} INFO - [2022-04-12 16:09:56,918] {dagbag.py:500} INFO - Filling up the DagBag from /opt/airflow/dags/data_ingestion_gcs_dag.py
[2022-04-12 16:09:57,632] {processor.py:654} INFO - DAG(s) dict_keys(['data_ingestion_gcs_dag']) retrieved from /opt/airflow/dags/data_ingestion_gcs_dag.py
[2022-04-12 16:09:57,641] {logging_mixin.py:109} INFO - [2022-04-12 16:09:57,640] {dag.py:2396} INFO - Sync 1 DAGs
[2022-04-12 16:09:57,653] {logging_mixin.py:109} INFO - [2022-04-12 16:09:57,653] {dag.py:2935} INFO - Setting next_dagrun for data_ingestion_gcs_dag to 2022-04-12T00:00:00+00:00
[2022-04-12 16:09:57,668] {processor.py:171} INFO - Processing /opt/airflow/dags/data_ingestion_gcs_dag.py took 0.757 seconds
[2022-04-12 16:10:27,746] {processor.py:163} INFO - Started process (PID=2055) to work on /opt/airflow/dags/data_ingestion_gcs_dag.py
[2022-04-12 16:10:27,753] {processor.py:642} INFO - Processing file /opt/airflow/dags/data_ingestion_gcs_dag.py for tasks to queue
[2022-04-12 16:10:27,755] {logging_mixin.py:109} INFO - [2022-04-12 16:10:27,755] {dagbag.py:500} INFO - Filling up the DagBag from /opt/airflow/dags/data_ingestion_gcs_dag.py
[2022-04-12 16:10:28,904] {processor.py:654} INFO - DAG(s) dict_keys(['data_ingestion_gcs_dag']) retrieved from /opt/airflow/dags/data_ingestion_gcs_dag.py
[2022-04-12 16:10:28,921] {logging_mixin.py:109} INFO - [2022-04-12 16:10:28,920] {dag.py:2396} INFO - Sync 1 DAGs
[2022-04-12 16:10:28,957] {logging_mixin.py:109} INFO - [2022-04-12 16:10:28,957] {dag.py:2935} INFO - Setting next_dagrun for data_ingestion_gcs_dag to 2022-04-12T00:00:00+00:00
[2022-04-12 16:10:28,976] {processor.py:171} INFO - Processing /opt/airflow/dags/data_ingestion_gcs_dag.py took 1.234 seconds
[2022-04-12 16:10:59,119] {processor.py:163} INFO - Started process (PID=2087) to work on /opt/airflow/dags/data_ingestion_gcs_dag.py
[2022-04-12 16:10:59,122] {processor.py:642} INFO - Processing file /opt/airflow/dags/data_ingestion_gcs_dag.py for tasks to queue
[2022-04-12 16:10:59,124] {logging_mixin.py:109} INFO - [2022-04-12 16:10:59,124] {dagbag.py:500} INFO - Filling up the DagBag from /opt/airflow/dags/data_ingestion_gcs_dag.py
[2022-04-12 16:11:00,047] {processor.py:654} INFO - DAG(s) dict_keys(['data_ingestion_gcs_dag']) retrieved from /opt/airflow/dags/data_ingestion_gcs_dag.py
[2022-04-12 16:11:00,060] {logging_mixin.py:109} INFO - [2022-04-12 16:11:00,059] {dag.py:2396} INFO - Sync 1 DAGs
[2022-04-12 16:11:00,083] {logging_mixin.py:109} INFO - [2022-04-12 16:11:00,082] {dag.py:2935} INFO - Setting next_dagrun for data_ingestion_gcs_dag to 2022-04-12T00:00:00+00:00
[2022-04-12 16:11:00,106] {processor.py:171} INFO - Processing /opt/airflow/dags/data_ingestion_gcs_dag.py took 0.994 seconds
[2022-04-12 16:11:30,346] {processor.py:163} INFO - Started process (PID=2128) to work on /opt/airflow/dags/data_ingestion_gcs_dag.py
[2022-04-12 16:11:30,348] {processor.py:642} INFO - Processing file /opt/airflow/dags/data_ingestion_gcs_dag.py for tasks to queue
[2022-04-12 16:11:30,349] {logging_mixin.py:109} INFO - [2022-04-12 16:11:30,349] {dagbag.py:500} INFO - Filling up the DagBag from /opt/airflow/dags/data_ingestion_gcs_dag.py
[2022-04-12 16:11:31,353] {processor.py:654} INFO - DAG(s) dict_keys(['data_ingestion_gcs_dag']) retrieved from /opt/airflow/dags/data_ingestion_gcs_dag.py
[2022-04-12 16:11:31,372] {logging_mixin.py:109} INFO - [2022-04-12 16:11:31,372] {dag.py:2396} INFO - Sync 1 DAGs
[2022-04-12 16:11:31,403] {logging_mixin.py:109} INFO - [2022-04-12 16:11:31,403] {dag.py:2935} INFO - Setting next_dagrun for data_ingestion_gcs_dag to 2022-04-12T00:00:00+00:00
[2022-04-12 16:11:31,427] {processor.py:171} INFO - Processing /opt/airflow/dags/data_ingestion_gcs_dag.py took 1.084 seconds
[2022-04-12 16:12:01,607] {processor.py:163} INFO - Started process (PID=2160) to work on /opt/airflow/dags/data_ingestion_gcs_dag.py
[2022-04-12 16:12:01,610] {processor.py:642} INFO - Processing file /opt/airflow/dags/data_ingestion_gcs_dag.py for tasks to queue
[2022-04-12 16:12:01,612] {logging_mixin.py:109} INFO - [2022-04-12 16:12:01,612] {dagbag.py:500} INFO - Filling up the DagBag from /opt/airflow/dags/data_ingestion_gcs_dag.py
[2022-04-12 16:12:02,600] {processor.py:654} INFO - DAG(s) dict_keys(['data_ingestion_gcs_dag']) retrieved from /opt/airflow/dags/data_ingestion_gcs_dag.py
[2022-04-12 16:12:02,623] {logging_mixin.py:109} INFO - [2022-04-12 16:12:02,622] {dag.py:2396} INFO - Sync 1 DAGs
[2022-04-12 16:12:02,658] {logging_mixin.py:109} INFO - [2022-04-12 16:12:02,657] {dag.py:2935} INFO - Setting next_dagrun for data_ingestion_gcs_dag to 2022-04-12T00:00:00+00:00
[2022-04-12 16:12:02,684] {processor.py:171} INFO - Processing /opt/airflow/dags/data_ingestion_gcs_dag.py took 1.083 seconds
[2022-04-12 16:12:32,887] {processor.py:163} INFO - Started process (PID=2202) to work on /opt/airflow/dags/data_ingestion_gcs_dag.py
[2022-04-12 16:12:32,889] {processor.py:642} INFO - Processing file /opt/airflow/dags/data_ingestion_gcs_dag.py for tasks to queue
[2022-04-12 16:12:32,891] {logging_mixin.py:109} INFO - [2022-04-12 16:12:32,891] {dagbag.py:500} INFO - Filling up the DagBag from /opt/airflow/dags/data_ingestion_gcs_dag.py
[2022-04-12 16:12:33,804] {processor.py:654} INFO - DAG(s) dict_keys(['data_ingestion_gcs_dag']) retrieved from /opt/airflow/dags/data_ingestion_gcs_dag.py
[2022-04-12 16:12:33,821] {logging_mixin.py:109} INFO - [2022-04-12 16:12:33,820] {dag.py:2396} INFO - Sync 1 DAGs
[2022-04-12 16:12:33,845] {logging_mixin.py:109} INFO - [2022-04-12 16:12:33,845] {dag.py:2935} INFO - Setting next_dagrun for data_ingestion_gcs_dag to 2022-04-12T00:00:00+00:00
[2022-04-12 16:12:33,865] {processor.py:171} INFO - Processing /opt/airflow/dags/data_ingestion_gcs_dag.py took 0.982 seconds
[2022-04-12 16:13:04,168] {processor.py:163} INFO - Started process (PID=2234) to work on /opt/airflow/dags/data_ingestion_gcs_dag.py
[2022-04-12 16:13:04,172] {processor.py:642} INFO - Processing file /opt/airflow/dags/data_ingestion_gcs_dag.py for tasks to queue
[2022-04-12 16:13:04,174] {logging_mixin.py:109} INFO - [2022-04-12 16:13:04,173] {dagbag.py:500} INFO - Filling up the DagBag from /opt/airflow/dags/data_ingestion_gcs_dag.py
[2022-04-12 16:13:05,286] {processor.py:654} INFO - DAG(s) dict_keys(['data_ingestion_gcs_dag']) retrieved from /opt/airflow/dags/data_ingestion_gcs_dag.py
[2022-04-12 16:13:05,303] {logging_mixin.py:109} INFO - [2022-04-12 16:13:05,303] {dag.py:2396} INFO - Sync 1 DAGs
[2022-04-12 16:13:05,330] {logging_mixin.py:109} INFO - [2022-04-12 16:13:05,330] {dag.py:2935} INFO - Setting next_dagrun for data_ingestion_gcs_dag to 2022-04-12T00:00:00+00:00
[2022-04-12 16:13:05,349] {processor.py:171} INFO - Processing /opt/airflow/dags/data_ingestion_gcs_dag.py took 1.189 seconds
[2022-04-12 16:13:35,587] {processor.py:163} INFO - Started process (PID=2276) to work on /opt/airflow/dags/data_ingestion_gcs_dag.py
[2022-04-12 16:13:35,589] {processor.py:642} INFO - Processing file /opt/airflow/dags/data_ingestion_gcs_dag.py for tasks to queue
[2022-04-12 16:13:35,591] {logging_mixin.py:109} INFO - [2022-04-12 16:13:35,591] {dagbag.py:500} INFO - Filling up the DagBag from /opt/airflow/dags/data_ingestion_gcs_dag.py
[2022-04-12 16:13:36,561] {processor.py:654} INFO - DAG(s) dict_keys(['data_ingestion_gcs_dag']) retrieved from /opt/airflow/dags/data_ingestion_gcs_dag.py
[2022-04-12 16:13:36,579] {logging_mixin.py:109} INFO - [2022-04-12 16:13:36,579] {dag.py:2396} INFO - Sync 1 DAGs
[2022-04-12 16:13:36,606] {logging_mixin.py:109} INFO - [2022-04-12 16:13:36,605] {dag.py:2935} INFO - Setting next_dagrun for data_ingestion_gcs_dag to 2022-04-12T00:00:00+00:00
[2022-04-12 16:13:36,629] {processor.py:171} INFO - Processing /opt/airflow/dags/data_ingestion_gcs_dag.py took 1.049 seconds
[2022-04-12 16:14:06,797] {processor.py:163} INFO - Started process (PID=2307) to work on /opt/airflow/dags/data_ingestion_gcs_dag.py
[2022-04-12 16:14:06,799] {processor.py:642} INFO - Processing file /opt/airflow/dags/data_ingestion_gcs_dag.py for tasks to queue
[2022-04-12 16:14:06,801] {logging_mixin.py:109} INFO - [2022-04-12 16:14:06,801] {dagbag.py:500} INFO - Filling up the DagBag from /opt/airflow/dags/data_ingestion_gcs_dag.py
[2022-04-12 16:14:07,808] {processor.py:654} INFO - DAG(s) dict_keys(['data_ingestion_gcs_dag']) retrieved from /opt/airflow/dags/data_ingestion_gcs_dag.py
[2022-04-12 16:14:07,822] {logging_mixin.py:109} INFO - [2022-04-12 16:14:07,821] {dag.py:2396} INFO - Sync 1 DAGs
[2022-04-12 16:14:07,844] {logging_mixin.py:109} INFO - [2022-04-12 16:14:07,844] {dag.py:2935} INFO - Setting next_dagrun for data_ingestion_gcs_dag to 2022-04-12T00:00:00+00:00
[2022-04-12 16:14:07,867] {processor.py:171} INFO - Processing /opt/airflow/dags/data_ingestion_gcs_dag.py took 1.075 seconds
[2022-04-12 16:14:38,080] {processor.py:163} INFO - Started process (PID=2349) to work on /opt/airflow/dags/data_ingestion_gcs_dag.py
[2022-04-12 16:14:38,083] {processor.py:642} INFO - Processing file /opt/airflow/dags/data_ingestion_gcs_dag.py for tasks to queue
[2022-04-12 16:14:38,085] {logging_mixin.py:109} INFO - [2022-04-12 16:14:38,084] {dagbag.py:500} INFO - Filling up the DagBag from /opt/airflow/dags/data_ingestion_gcs_dag.py
[2022-04-12 16:14:38,770] {processor.py:654} INFO - DAG(s) dict_keys(['data_ingestion_gcs_dag']) retrieved from /opt/airflow/dags/data_ingestion_gcs_dag.py
[2022-04-12 16:14:38,777] {logging_mixin.py:109} INFO - [2022-04-12 16:14:38,777] {dag.py:2396} INFO - Sync 1 DAGs
[2022-04-12 16:14:38,791] {logging_mixin.py:109} INFO - [2022-04-12 16:14:38,791] {dag.py:2935} INFO - Setting next_dagrun for data_ingestion_gcs_dag to 2022-04-12T00:00:00+00:00
[2022-04-12 16:14:38,799] {processor.py:171} INFO - Processing /opt/airflow/dags/data_ingestion_gcs_dag.py took 0.723 seconds
