[2022-04-13 21:23:19,092] {taskinstance.py:1032} INFO - Dependencies all met for <TaskInstance: LocalIngestionDAG.wget scheduled__2021-06-02T06:00:38+00:00 [queued]>
[2022-04-13 21:23:19,120] {taskinstance.py:1032} INFO - Dependencies all met for <TaskInstance: LocalIngestionDAG.wget scheduled__2021-06-02T06:00:38+00:00 [queued]>
[2022-04-13 21:23:19,121] {taskinstance.py:1238} INFO - 
--------------------------------------------------------------------------------
[2022-04-13 21:23:19,121] {taskinstance.py:1239} INFO - Starting attempt 1 of 1
[2022-04-13 21:23:19,122] {taskinstance.py:1240} INFO - 
--------------------------------------------------------------------------------
[2022-04-13 21:23:19,192] {taskinstance.py:1259} INFO - Executing <Task(BashOperator): wget> on 2021-06-02 06:00:38+00:00
[2022-04-13 21:23:19,202] {standard_task_runner.py:52} INFO - Started process 3491 to run task
[2022-04-13 21:23:19,214] {standard_task_runner.py:76} INFO - Running: ['***', 'tasks', 'run', 'LocalIngestionDAG', 'wget', 'scheduled__2021-06-02T06:00:38+00:00', '--job-id', '795', '--raw', '--subdir', 'DAGS_FOLDER/data_ingestion_local.py', '--cfg-path', '/tmp/tmp_6yd8030', '--error-file', '/tmp/tmp9iebt5ij']
[2022-04-13 21:23:19,216] {standard_task_runner.py:77} INFO - Job 795: Subtask wget
[2022-04-13 21:23:19,426] {logging_mixin.py:109} INFO - Running <TaskInstance: LocalIngestionDAG.wget scheduled__2021-06-02T06:00:38+00:00 [running]> on host 13db72185839
[2022-04-13 21:23:19,560] {taskinstance.py:1426} INFO - Exporting the following env vars:
AIRFLOW_CTX_DAG_OWNER=***
AIRFLOW_CTX_DAG_ID=LocalIngestionDAG
AIRFLOW_CTX_TASK_ID=wget
AIRFLOW_CTX_EXECUTION_DATE=2021-06-02T06:00:38+00:00
AIRFLOW_CTX_DAG_RUN_ID=scheduled__2021-06-02T06:00:38+00:00
[2022-04-13 21:23:19,562] {subprocess.py:62} INFO - Tmp dir root location: 
 /tmp
[2022-04-13 21:23:19,563] {subprocess.py:74} INFO - Running command: ['bash', '-c', 'echo "hello world"']
[2022-04-13 21:23:19,580] {subprocess.py:85} INFO - Output:
[2022-04-13 21:23:19,586] {subprocess.py:89} INFO - hello world
[2022-04-13 21:23:19,588] {subprocess.py:93} INFO - Command exited with return code 0
[2022-04-13 21:23:19,723] {taskinstance.py:1277} INFO - Marking task as SUCCESS. dag_id=LocalIngestionDAG, task_id=wget, execution_date=20210602T060038, start_date=20220413T212319, end_date=20220413T212319
[2022-04-13 21:23:19,843] {local_task_job.py:154} INFO - Task exited with return code 0
[2022-04-13 21:23:20,301] {local_task_job.py:264} INFO - 0 downstream tasks scheduled from follow-on schedule check
