[2022-04-13 21:22:12,879] {taskinstance.py:1032} INFO - Dependencies all met for <TaskInstance: LocalIngestionDAG.ingest scheduled__2021-05-02T06:00:33+00:00 [queued]>
[2022-04-13 21:22:12,945] {taskinstance.py:1032} INFO - Dependencies all met for <TaskInstance: LocalIngestionDAG.ingest scheduled__2021-05-02T06:00:33+00:00 [queued]>
[2022-04-13 21:22:12,946] {taskinstance.py:1238} INFO - 
--------------------------------------------------------------------------------
[2022-04-13 21:22:12,947] {taskinstance.py:1239} INFO - Starting attempt 1 of 1
[2022-04-13 21:22:12,948] {taskinstance.py:1240} INFO - 
--------------------------------------------------------------------------------
[2022-04-13 21:22:12,999] {taskinstance.py:1259} INFO - Executing <Task(BashOperator): ingest> on 2021-05-02 06:00:33+00:00
[2022-04-13 21:22:13,015] {standard_task_runner.py:52} INFO - Started process 3069 to run task
[2022-04-13 21:22:13,026] {standard_task_runner.py:76} INFO - Running: ['***', 'tasks', 'run', 'LocalIngestionDAG', 'ingest', 'scheduled__2021-05-02T06:00:33+00:00', '--job-id', '672', '--raw', '--subdir', 'DAGS_FOLDER/data_ingestion_local.py', '--cfg-path', '/tmp/tmp8cdc4hmf', '--error-file', '/tmp/tmp0eensig2']
[2022-04-13 21:22:13,031] {standard_task_runner.py:77} INFO - Job 672: Subtask ingest
[2022-04-13 21:22:13,202] {logging_mixin.py:109} INFO - Running <TaskInstance: LocalIngestionDAG.ingest scheduled__2021-05-02T06:00:33+00:00 [running]> on host 13db72185839
[2022-04-13 21:22:13,378] {taskinstance.py:1426} INFO - Exporting the following env vars:
AIRFLOW_CTX_DAG_OWNER=***
AIRFLOW_CTX_DAG_ID=LocalIngestionDAG
AIRFLOW_CTX_TASK_ID=ingest
AIRFLOW_CTX_EXECUTION_DATE=2021-05-02T06:00:33+00:00
AIRFLOW_CTX_DAG_RUN_ID=scheduled__2021-05-02T06:00:33+00:00
[2022-04-13 21:22:13,384] {subprocess.py:62} INFO - Tmp dir root location: 
 /tmp
[2022-04-13 21:22:13,387] {subprocess.py:74} INFO - Running command: ['bash', '-c', 'pwd']
[2022-04-13 21:22:13,414] {subprocess.py:85} INFO - Output:
[2022-04-13 21:22:13,424] {subprocess.py:89} INFO - /tmp/***tmp6j86iuv7
[2022-04-13 21:22:13,426] {subprocess.py:93} INFO - Command exited with return code 0
[2022-04-13 21:22:13,546] {taskinstance.py:1277} INFO - Marking task as SUCCESS. dag_id=LocalIngestionDAG, task_id=ingest, execution_date=20210502T060033, start_date=20220413T212212, end_date=20220413T212213
[2022-04-13 21:22:13,659] {local_task_job.py:154} INFO - Task exited with return code 0
[2022-04-13 21:22:14,150] {local_task_job.py:264} INFO - 0 downstream tasks scheduled from follow-on schedule check
