[2022-04-13 21:22:33,529] {taskinstance.py:1032} INFO - Dependencies all met for <TaskInstance: LocalIngestionDAG.ingest scheduled__2021-05-02T06:00:56+00:00 [queued]>
[2022-04-13 21:22:33,543] {taskinstance.py:1032} INFO - Dependencies all met for <TaskInstance: LocalIngestionDAG.ingest scheduled__2021-05-02T06:00:56+00:00 [queued]>
[2022-04-13 21:22:33,544] {taskinstance.py:1238} INFO - 
--------------------------------------------------------------------------------
[2022-04-13 21:22:33,544] {taskinstance.py:1239} INFO - Starting attempt 1 of 1
[2022-04-13 21:22:33,545] {taskinstance.py:1240} INFO - 
--------------------------------------------------------------------------------
[2022-04-13 21:22:33,560] {taskinstance.py:1259} INFO - Executing <Task(BashOperator): ingest> on 2021-05-02 06:00:56+00:00
[2022-04-13 21:22:33,564] {standard_task_runner.py:52} INFO - Started process 3208 to run task
[2022-04-13 21:22:33,569] {standard_task_runner.py:76} INFO - Running: ['***', 'tasks', 'run', 'LocalIngestionDAG', 'ingest', 'scheduled__2021-05-02T06:00:56+00:00', '--job-id', '714', '--raw', '--subdir', 'DAGS_FOLDER/data_ingestion_local.py', '--cfg-path', '/tmp/tmptcjy8fef', '--error-file', '/tmp/tmpduauw5cj']
[2022-04-13 21:22:33,570] {standard_task_runner.py:77} INFO - Job 714: Subtask ingest
[2022-04-13 21:22:33,647] {logging_mixin.py:109} INFO - Running <TaskInstance: LocalIngestionDAG.ingest scheduled__2021-05-02T06:00:56+00:00 [running]> on host 13db72185839
[2022-04-13 21:22:33,740] {taskinstance.py:1426} INFO - Exporting the following env vars:
AIRFLOW_CTX_DAG_OWNER=***
AIRFLOW_CTX_DAG_ID=LocalIngestionDAG
AIRFLOW_CTX_TASK_ID=ingest
AIRFLOW_CTX_EXECUTION_DATE=2021-05-02T06:00:56+00:00
AIRFLOW_CTX_DAG_RUN_ID=scheduled__2021-05-02T06:00:56+00:00
[2022-04-13 21:22:33,742] {subprocess.py:62} INFO - Tmp dir root location: 
 /tmp
[2022-04-13 21:22:33,743] {subprocess.py:74} INFO - Running command: ['bash', '-c', 'pwd']
[2022-04-13 21:22:33,754] {subprocess.py:85} INFO - Output:
[2022-04-13 21:22:33,757] {subprocess.py:89} INFO - /tmp/***tmphwyzxxfp
[2022-04-13 21:22:33,758] {subprocess.py:93} INFO - Command exited with return code 0
[2022-04-13 21:22:33,793] {taskinstance.py:1277} INFO - Marking task as SUCCESS. dag_id=LocalIngestionDAG, task_id=ingest, execution_date=20210502T060056, start_date=20220413T212233, end_date=20220413T212233
[2022-04-13 21:22:33,821] {local_task_job.py:154} INFO - Task exited with return code 0
[2022-04-13 21:22:33,859] {local_task_job.py:264} INFO - 0 downstream tasks scheduled from follow-on schedule check
