[2022-04-13 21:23:03,691] {taskinstance.py:1032} INFO - Dependencies all met for <TaskInstance: LocalIngestionDAG.ingest scheduled__2021-06-02T06:00:24+00:00 [queued]>
[2022-04-13 21:23:03,745] {taskinstance.py:1032} INFO - Dependencies all met for <TaskInstance: LocalIngestionDAG.ingest scheduled__2021-06-02T06:00:24+00:00 [queued]>
[2022-04-13 21:23:03,746] {taskinstance.py:1238} INFO - 
--------------------------------------------------------------------------------
[2022-04-13 21:23:03,746] {taskinstance.py:1239} INFO - Starting attempt 1 of 1
[2022-04-13 21:23:03,747] {taskinstance.py:1240} INFO - 
--------------------------------------------------------------------------------
[2022-04-13 21:23:03,784] {taskinstance.py:1259} INFO - Executing <Task(BashOperator): ingest> on 2021-06-02 06:00:24+00:00
[2022-04-13 21:23:03,790] {standard_task_runner.py:52} INFO - Started process 3401 to run task
[2022-04-13 21:23:03,799] {standard_task_runner.py:76} INFO - Running: ['***', 'tasks', 'run', 'LocalIngestionDAG', 'ingest', 'scheduled__2021-06-02T06:00:24+00:00', '--job-id', '771', '--raw', '--subdir', 'DAGS_FOLDER/data_ingestion_local.py', '--cfg-path', '/tmp/tmpg3zrokj0', '--error-file', '/tmp/tmpn0ltkew2']
[2022-04-13 21:23:03,801] {standard_task_runner.py:77} INFO - Job 771: Subtask ingest
[2022-04-13 21:23:03,985] {logging_mixin.py:109} INFO - Running <TaskInstance: LocalIngestionDAG.ingest scheduled__2021-06-02T06:00:24+00:00 [running]> on host 13db72185839
[2022-04-13 21:23:04,090] {taskinstance.py:1426} INFO - Exporting the following env vars:
AIRFLOW_CTX_DAG_OWNER=***
AIRFLOW_CTX_DAG_ID=LocalIngestionDAG
AIRFLOW_CTX_TASK_ID=ingest
AIRFLOW_CTX_EXECUTION_DATE=2021-06-02T06:00:24+00:00
AIRFLOW_CTX_DAG_RUN_ID=scheduled__2021-06-02T06:00:24+00:00
[2022-04-13 21:23:04,093] {subprocess.py:62} INFO - Tmp dir root location: 
 /tmp
[2022-04-13 21:23:04,094] {subprocess.py:74} INFO - Running command: ['bash', '-c', 'pwd']
[2022-04-13 21:23:04,109] {subprocess.py:85} INFO - Output:
[2022-04-13 21:23:04,114] {subprocess.py:89} INFO - /tmp/***tmp6r3a7qi3
[2022-04-13 21:23:04,117] {subprocess.py:93} INFO - Command exited with return code 0
[2022-04-13 21:23:04,201] {taskinstance.py:1277} INFO - Marking task as SUCCESS. dag_id=LocalIngestionDAG, task_id=ingest, execution_date=20210602T060024, start_date=20220413T212303, end_date=20220413T212304
[2022-04-13 21:23:04,300] {local_task_job.py:154} INFO - Task exited with return code 0
[2022-04-13 21:23:04,403] {local_task_job.py:264} INFO - 0 downstream tasks scheduled from follow-on schedule check
