[2022-04-13 21:25:42,619] {taskinstance.py:1032} INFO - Dependencies all met for <TaskInstance: LocalIngestionDAG.ingest scheduled__2021-08-02T06:00:55+00:00 [queued]>
[2022-04-13 21:25:42,653] {taskinstance.py:1032} INFO - Dependencies all met for <TaskInstance: LocalIngestionDAG.ingest scheduled__2021-08-02T06:00:55+00:00 [queued]>
[2022-04-13 21:25:42,655] {taskinstance.py:1238} INFO - 
--------------------------------------------------------------------------------
[2022-04-13 21:25:42,656] {taskinstance.py:1239} INFO - Starting attempt 1 of 1
[2022-04-13 21:25:42,657] {taskinstance.py:1240} INFO - 
--------------------------------------------------------------------------------
[2022-04-13 21:25:42,706] {taskinstance.py:1259} INFO - Executing <Task(BashOperator): ingest> on 2021-08-02 06:00:55+00:00
[2022-04-13 21:25:42,720] {standard_task_runner.py:52} INFO - Started process 4427 to run task
[2022-04-13 21:25:42,734] {standard_task_runner.py:76} INFO - Running: ['***', 'tasks', 'run', 'LocalIngestionDAG', 'ingest', 'scheduled__2021-08-02T06:00:55+00:00', '--job-id', '1073', '--raw', '--subdir', 'DAGS_FOLDER/data_ingestion_local.py', '--cfg-path', '/tmp/tmpl4zt17w5', '--error-file', '/tmp/tmppq1vmbn9']
[2022-04-13 21:25:42,742] {standard_task_runner.py:77} INFO - Job 1073: Subtask ingest
[2022-04-13 21:25:42,955] {logging_mixin.py:109} INFO - Running <TaskInstance: LocalIngestionDAG.ingest scheduled__2021-08-02T06:00:55+00:00 [running]> on host 13db72185839
[2022-04-13 21:25:43,212] {taskinstance.py:1426} INFO - Exporting the following env vars:
AIRFLOW_CTX_DAG_OWNER=***
AIRFLOW_CTX_DAG_ID=LocalIngestionDAG
AIRFLOW_CTX_TASK_ID=ingest
AIRFLOW_CTX_EXECUTION_DATE=2021-08-02T06:00:55+00:00
AIRFLOW_CTX_DAG_RUN_ID=scheduled__2021-08-02T06:00:55+00:00
[2022-04-13 21:25:43,217] {subprocess.py:62} INFO - Tmp dir root location: 
 /tmp
[2022-04-13 21:25:43,223] {subprocess.py:74} INFO - Running command: ['bash', '-c', 'pwd']
[2022-04-13 21:25:43,244] {subprocess.py:85} INFO - Output:
[2022-04-13 21:25:43,249] {subprocess.py:89} INFO - /tmp/***tmpwpc3ifzv
[2022-04-13 21:25:43,254] {subprocess.py:93} INFO - Command exited with return code 0
[2022-04-13 21:25:43,367] {taskinstance.py:1277} INFO - Marking task as SUCCESS. dag_id=LocalIngestionDAG, task_id=ingest, execution_date=20210802T060055, start_date=20220413T212542, end_date=20220413T212543
[2022-04-13 21:25:43,413] {local_task_job.py:154} INFO - Task exited with return code 0
[2022-04-13 21:25:43,498] {local_task_job.py:264} INFO - 0 downstream tasks scheduled from follow-on schedule check
