[2022-04-13 22:31:46,079] {taskinstance.py:1032} INFO - Dependencies all met for <TaskInstance: LocalIngestionDAG.ingest scheduled__2022-01-02T06:00:01+00:00 [queued]>
[2022-04-13 22:31:46,116] {taskinstance.py:1032} INFO - Dependencies all met for <TaskInstance: LocalIngestionDAG.ingest scheduled__2022-01-02T06:00:01+00:00 [queued]>
[2022-04-13 22:31:46,132] {taskinstance.py:1238} INFO - 
--------------------------------------------------------------------------------
[2022-04-13 22:31:46,133] {taskinstance.py:1239} INFO - Starting attempt 1 of 1
[2022-04-13 22:31:46,142] {taskinstance.py:1240} INFO - 
--------------------------------------------------------------------------------
[2022-04-13 22:31:46,503] {taskinstance.py:1259} INFO - Executing <Task(BashOperator): ingest> on 2022-01-02 06:00:01+00:00
[2022-04-13 22:31:46,513] {standard_task_runner.py:52} INFO - Started process 9459 to run task
[2022-04-13 22:31:46,546] {standard_task_runner.py:76} INFO - Running: ['***', 'tasks', 'run', 'LocalIngestionDAG', 'ingest', 'scheduled__2022-01-02T06:00:01+00:00', '--job-id', '1539', '--raw', '--subdir', 'DAGS_FOLDER/data_ingestion_local.py', '--cfg-path', '/tmp/tmplq_wvct1', '--error-file', '/tmp/tmpfhwxlqjz']
[2022-04-13 22:31:46,572] {standard_task_runner.py:77} INFO - Job 1539: Subtask ingest
[2022-04-13 22:31:47,103] {logging_mixin.py:109} INFO - Running <TaskInstance: LocalIngestionDAG.ingest scheduled__2022-01-02T06:00:01+00:00 [running]> on host 13db72185839
[2022-04-13 22:31:47,340] {taskinstance.py:1426} INFO - Exporting the following env vars:
AIRFLOW_CTX_DAG_OWNER=***
AIRFLOW_CTX_DAG_ID=LocalIngestionDAG
AIRFLOW_CTX_TASK_ID=ingest
AIRFLOW_CTX_EXECUTION_DATE=2022-01-02T06:00:01+00:00
AIRFLOW_CTX_DAG_RUN_ID=scheduled__2022-01-02T06:00:01+00:00
[2022-04-13 22:31:47,342] {subprocess.py:62} INFO - Tmp dir root location: 
 /tmp
[2022-04-13 22:31:47,344] {subprocess.py:74} INFO - Running command: ['bash', '-c', 'ls /opt/***']
[2022-04-13 22:31:47,361] {subprocess.py:85} INFO - Output:
[2022-04-13 22:31:47,367] {subprocess.py:89} INFO - ***.cfg
[2022-04-13 22:31:47,367] {subprocess.py:89} INFO - dags
[2022-04-13 22:31:47,368] {subprocess.py:89} INFO - logs
[2022-04-13 22:31:47,368] {subprocess.py:89} INFO - output.csv
[2022-04-13 22:31:47,369] {subprocess.py:89} INFO - plugins
[2022-04-13 22:31:47,370] {subprocess.py:89} INFO - requirements.txt
[2022-04-13 22:31:47,371] {subprocess.py:89} INFO - scripts
[2022-04-13 22:31:47,371] {subprocess.py:89} INFO - webserver_config.py
[2022-04-13 22:31:47,373] {subprocess.py:93} INFO - Command exited with return code 0
[2022-04-13 22:31:47,572] {taskinstance.py:1277} INFO - Marking task as SUCCESS. dag_id=LocalIngestionDAG, task_id=ingest, execution_date=20220102T060001, start_date=20220413T223146, end_date=20220413T223147
[2022-04-13 22:31:47,675] {local_task_job.py:154} INFO - Task exited with return code 0
[2022-04-13 22:31:48,101] {local_task_job.py:264} INFO - 0 downstream tasks scheduled from follow-on schedule check
