[2022-04-13 21:27:16,131] {taskinstance.py:1032} INFO - Dependencies all met for <TaskInstance: LocalIngestionDAG.wget scheduled__2021-10-02T06:00:14+00:00 [queued]>
[2022-04-13 21:27:16,189] {taskinstance.py:1032} INFO - Dependencies all met for <TaskInstance: LocalIngestionDAG.wget scheduled__2021-10-02T06:00:14+00:00 [queued]>
[2022-04-13 21:27:16,211] {taskinstance.py:1238} INFO - 
--------------------------------------------------------------------------------
[2022-04-13 21:27:16,216] {taskinstance.py:1239} INFO - Starting attempt 1 of 1
[2022-04-13 21:27:16,227] {taskinstance.py:1240} INFO - 
--------------------------------------------------------------------------------
[2022-04-13 21:27:16,306] {taskinstance.py:1259} INFO - Executing <Task(BashOperator): wget> on 2021-10-02 06:00:14+00:00
[2022-04-13 21:27:16,317] {standard_task_runner.py:52} INFO - Started process 4957 to run task
[2022-04-13 21:27:16,325] {standard_task_runner.py:76} INFO - Running: ['***', 'tasks', 'run', 'LocalIngestionDAG', 'wget', 'scheduled__2021-10-02T06:00:14+00:00', '--job-id', '1227', '--raw', '--subdir', 'DAGS_FOLDER/data_ingestion_local.py', '--cfg-path', '/tmp/tmpy8sj_mhm', '--error-file', '/tmp/tmpj0t0bwns']
[2022-04-13 21:27:16,342] {standard_task_runner.py:77} INFO - Job 1227: Subtask wget
[2022-04-13 21:27:16,596] {logging_mixin.py:109} INFO - Running <TaskInstance: LocalIngestionDAG.wget scheduled__2021-10-02T06:00:14+00:00 [running]> on host 13db72185839
[2022-04-13 21:27:16,918] {taskinstance.py:1426} INFO - Exporting the following env vars:
AIRFLOW_CTX_DAG_OWNER=***
AIRFLOW_CTX_DAG_ID=LocalIngestionDAG
AIRFLOW_CTX_TASK_ID=wget
AIRFLOW_CTX_EXECUTION_DATE=2021-10-02T06:00:14+00:00
AIRFLOW_CTX_DAG_RUN_ID=scheduled__2021-10-02T06:00:14+00:00
[2022-04-13 21:27:16,964] {subprocess.py:62} INFO - Tmp dir root location: 
 /tmp
[2022-04-13 21:27:16,980] {subprocess.py:74} INFO - Running command: ['bash', '-c', 'echo "hello world"']
[2022-04-13 21:27:17,014] {subprocess.py:85} INFO - Output:
[2022-04-13 21:27:17,028] {subprocess.py:89} INFO - hello world
[2022-04-13 21:27:17,038] {subprocess.py:93} INFO - Command exited with return code 0
[2022-04-13 21:27:17,321] {taskinstance.py:1277} INFO - Marking task as SUCCESS. dag_id=LocalIngestionDAG, task_id=wget, execution_date=20211002T060014, start_date=20220413T212716, end_date=20220413T212717
[2022-04-13 21:27:17,445] {local_task_job.py:154} INFO - Task exited with return code 0
[2022-04-13 21:27:17,592] {local_task_job.py:264} INFO - 1 downstream tasks scheduled from follow-on schedule check
