[2022-04-13 22:35:51,800] {taskinstance.py:1032} INFO - Dependencies all met for <TaskInstance: LocalIngestionDAG.ingest scheduled__2022-04-02T06:00:10+00:00 [queued]>
[2022-04-13 22:35:51,829] {taskinstance.py:1032} INFO - Dependencies all met for <TaskInstance: LocalIngestionDAG.ingest scheduled__2022-04-02T06:00:10+00:00 [queued]>
[2022-04-13 22:35:51,829] {taskinstance.py:1238} INFO - 
--------------------------------------------------------------------------------
[2022-04-13 22:35:51,830] {taskinstance.py:1239} INFO - Starting attempt 1 of 1
[2022-04-13 22:35:51,831] {taskinstance.py:1240} INFO - 
--------------------------------------------------------------------------------
[2022-04-13 22:35:51,914] {taskinstance.py:1259} INFO - Executing <Task(BashOperator): ingest> on 2022-04-02 06:00:10+00:00
[2022-04-13 22:35:51,955] {standard_task_runner.py:52} INFO - Started process 11182 to run task
[2022-04-13 22:35:51,994] {standard_task_runner.py:76} INFO - Running: ['***', 'tasks', 'run', 'LocalIngestionDAG', 'ingest', 'scheduled__2022-04-02T06:00:10+00:00', '--job-id', '1920', '--raw', '--subdir', 'DAGS_FOLDER/data_ingestion_local.py', '--cfg-path', '/tmp/tmptk3p4z37', '--error-file', '/tmp/tmpbwka6ak6']
[2022-04-13 22:35:52,012] {standard_task_runner.py:77} INFO - Job 1920: Subtask ingest
[2022-04-13 22:35:52,336] {logging_mixin.py:109} INFO - Running <TaskInstance: LocalIngestionDAG.ingest scheduled__2022-04-02T06:00:10+00:00 [running]> on host 13db72185839
[2022-04-13 22:35:52,573] {taskinstance.py:1426} INFO - Exporting the following env vars:
AIRFLOW_CTX_DAG_OWNER=***
AIRFLOW_CTX_DAG_ID=LocalIngestionDAG
AIRFLOW_CTX_TASK_ID=ingest
AIRFLOW_CTX_EXECUTION_DATE=2022-04-02T06:00:10+00:00
AIRFLOW_CTX_DAG_RUN_ID=scheduled__2022-04-02T06:00:10+00:00
[2022-04-13 22:35:52,577] {subprocess.py:62} INFO - Tmp dir root location: 
 /tmp
[2022-04-13 22:35:52,584] {subprocess.py:74} INFO - Running command: ['bash', '-c', 'ls /opt/***']
[2022-04-13 22:35:52,624] {subprocess.py:85} INFO - Output:
[2022-04-13 22:35:52,642] {subprocess.py:89} INFO - ***.cfg
[2022-04-13 22:35:52,655] {subprocess.py:89} INFO - dags
[2022-04-13 22:35:52,656] {subprocess.py:89} INFO - logs
[2022-04-13 22:35:52,657] {subprocess.py:89} INFO - output.csv
[2022-04-13 22:35:52,658] {subprocess.py:89} INFO - output_2022-03.csv
[2022-04-13 22:35:52,658] {subprocess.py:89} INFO - output_2022-04.csv
[2022-04-13 22:35:52,659] {subprocess.py:89} INFO - plugins
[2022-04-13 22:35:52,660] {subprocess.py:89} INFO - requirements.txt
[2022-04-13 22:35:52,661] {subprocess.py:89} INFO - scripts
[2022-04-13 22:35:52,663] {subprocess.py:89} INFO - webserver_config.py
[2022-04-13 22:35:52,665] {subprocess.py:93} INFO - Command exited with return code 0
[2022-04-13 22:35:52,753] {taskinstance.py:1277} INFO - Marking task as SUCCESS. dag_id=LocalIngestionDAG, task_id=ingest, execution_date=20220402T060010, start_date=20220413T223551, end_date=20220413T223552
[2022-04-13 22:35:52,843] {local_task_job.py:154} INFO - Task exited with return code 0
[2022-04-13 22:35:53,091] {local_task_job.py:264} INFO - 0 downstream tasks scheduled from follow-on schedule check
