[2022-04-13 22:23:14,699] {taskinstance.py:1032} INFO - Dependencies all met for <TaskInstance: LocalIngestionDAG.ingest scheduled__2021-11-02T06:00:57+00:00 [queued]>
[2022-04-13 22:23:14,729] {taskinstance.py:1032} INFO - Dependencies all met for <TaskInstance: LocalIngestionDAG.ingest scheduled__2021-11-02T06:00:57+00:00 [queued]>
[2022-04-13 22:23:14,730] {taskinstance.py:1238} INFO - 
--------------------------------------------------------------------------------
[2022-04-13 22:23:14,731] {taskinstance.py:1239} INFO - Starting attempt 1 of 1
[2022-04-13 22:23:14,733] {taskinstance.py:1240} INFO - 
--------------------------------------------------------------------------------
[2022-04-13 22:23:14,782] {taskinstance.py:1259} INFO - Executing <Task(BashOperator): ingest> on 2021-11-02 06:00:57+00:00
[2022-04-13 22:23:14,791] {standard_task_runner.py:52} INFO - Started process 8636 to run task
[2022-04-13 22:23:14,811] {standard_task_runner.py:76} INFO - Running: ['***', 'tasks', 'run', 'LocalIngestionDAG', 'ingest', 'scheduled__2021-11-02T06:00:57+00:00', '--job-id', '1427', '--raw', '--subdir', 'DAGS_FOLDER/data_ingestion_local.py', '--cfg-path', '/tmp/tmp81p58svt', '--error-file', '/tmp/tmpnb0egcou']
[2022-04-13 22:23:14,815] {standard_task_runner.py:77} INFO - Job 1427: Subtask ingest
[2022-04-13 22:23:14,975] {logging_mixin.py:109} INFO - Running <TaskInstance: LocalIngestionDAG.ingest scheduled__2021-11-02T06:00:57+00:00 [running]> on host 13db72185839
[2022-04-13 22:23:15,126] {taskinstance.py:1426} INFO - Exporting the following env vars:
AIRFLOW_CTX_DAG_OWNER=***
AIRFLOW_CTX_DAG_ID=LocalIngestionDAG
AIRFLOW_CTX_TASK_ID=ingest
AIRFLOW_CTX_EXECUTION_DATE=2021-11-02T06:00:57+00:00
AIRFLOW_CTX_DAG_RUN_ID=scheduled__2021-11-02T06:00:57+00:00
[2022-04-13 22:23:15,129] {subprocess.py:62} INFO - Tmp dir root location: 
 /tmp
[2022-04-13 22:23:15,132] {subprocess.py:74} INFO - Running command: ['bash', '-c', 'ls /opt/***']
[2022-04-13 22:23:15,146] {subprocess.py:85} INFO - Output:
[2022-04-13 22:23:15,152] {subprocess.py:89} INFO - ***.cfg
[2022-04-13 22:23:15,153] {subprocess.py:89} INFO - dags
[2022-04-13 22:23:15,154] {subprocess.py:89} INFO - logs
[2022-04-13 22:23:15,154] {subprocess.py:89} INFO - output.csv
[2022-04-13 22:23:15,155] {subprocess.py:89} INFO - plugins
[2022-04-13 22:23:15,156] {subprocess.py:89} INFO - requirements.txt
[2022-04-13 22:23:15,157] {subprocess.py:89} INFO - scripts
[2022-04-13 22:23:15,157] {subprocess.py:89} INFO - webserver_config.py
[2022-04-13 22:23:15,158] {subprocess.py:93} INFO - Command exited with return code 0
[2022-04-13 22:23:15,567] {taskinstance.py:1277} INFO - Marking task as SUCCESS. dag_id=LocalIngestionDAG, task_id=ingest, execution_date=20211102T060057, start_date=20220413T222314, end_date=20220413T222315
[2022-04-13 22:23:15,628] {local_task_job.py:154} INFO - Task exited with return code 0
[2022-04-13 22:23:15,727] {local_task_job.py:264} INFO - 0 downstream tasks scheduled from follow-on schedule check
