[2022-04-13 21:25:40,850] {taskinstance.py:1032} INFO - Dependencies all met for <TaskInstance: LocalIngestionDAG.ingest scheduled__2021-08-02T06:00:52+00:00 [queued]>
[2022-04-13 21:25:40,889] {taskinstance.py:1032} INFO - Dependencies all met for <TaskInstance: LocalIngestionDAG.ingest scheduled__2021-08-02T06:00:52+00:00 [queued]>
[2022-04-13 21:25:40,891] {taskinstance.py:1238} INFO - 
--------------------------------------------------------------------------------
[2022-04-13 21:25:40,893] {taskinstance.py:1239} INFO - Starting attempt 1 of 1
[2022-04-13 21:25:40,894] {taskinstance.py:1240} INFO - 
--------------------------------------------------------------------------------
[2022-04-13 21:25:40,940] {taskinstance.py:1259} INFO - Executing <Task(BashOperator): ingest> on 2021-08-02 06:00:52+00:00
[2022-04-13 21:25:40,995] {standard_task_runner.py:52} INFO - Started process 4417 to run task
[2022-04-13 21:25:41,001] {standard_task_runner.py:76} INFO - Running: ['***', 'tasks', 'run', 'LocalIngestionDAG', 'ingest', 'scheduled__2021-08-02T06:00:52+00:00', '--job-id', '1069', '--raw', '--subdir', 'DAGS_FOLDER/data_ingestion_local.py', '--cfg-path', '/tmp/tmpeqysipj5', '--error-file', '/tmp/tmplydjw_20']
[2022-04-13 21:25:41,014] {standard_task_runner.py:77} INFO - Job 1069: Subtask ingest
[2022-04-13 21:25:41,209] {logging_mixin.py:109} INFO - Running <TaskInstance: LocalIngestionDAG.ingest scheduled__2021-08-02T06:00:52+00:00 [running]> on host 13db72185839
[2022-04-13 21:25:41,346] {taskinstance.py:1426} INFO - Exporting the following env vars:
AIRFLOW_CTX_DAG_OWNER=***
AIRFLOW_CTX_DAG_ID=LocalIngestionDAG
AIRFLOW_CTX_TASK_ID=ingest
AIRFLOW_CTX_EXECUTION_DATE=2021-08-02T06:00:52+00:00
AIRFLOW_CTX_DAG_RUN_ID=scheduled__2021-08-02T06:00:52+00:00
[2022-04-13 21:25:41,348] {subprocess.py:62} INFO - Tmp dir root location: 
 /tmp
[2022-04-13 21:25:41,351] {subprocess.py:74} INFO - Running command: ['bash', '-c', 'pwd']
[2022-04-13 21:25:41,370] {subprocess.py:85} INFO - Output:
[2022-04-13 21:25:41,375] {subprocess.py:89} INFO - /tmp/***tmptokzwdpk
[2022-04-13 21:25:41,376] {subprocess.py:93} INFO - Command exited with return code 0
[2022-04-13 21:25:41,580] {taskinstance.py:1277} INFO - Marking task as SUCCESS. dag_id=LocalIngestionDAG, task_id=ingest, execution_date=20210802T060052, start_date=20220413T212540, end_date=20220413T212541
[2022-04-13 21:25:41,637] {local_task_job.py:154} INFO - Task exited with return code 0
[2022-04-13 21:25:41,810] {local_task_job.py:264} INFO - 0 downstream tasks scheduled from follow-on schedule check
