[2022-04-13 21:22:52,979] {taskinstance.py:1032} INFO - Dependencies all met for <TaskInstance: LocalIngestionDAG.wget scheduled__2021-06-02T06:00:14+00:00 [queued]>
[2022-04-13 21:22:53,007] {taskinstance.py:1032} INFO - Dependencies all met for <TaskInstance: LocalIngestionDAG.wget scheduled__2021-06-02T06:00:14+00:00 [queued]>
[2022-04-13 21:22:53,008] {taskinstance.py:1238} INFO - 
--------------------------------------------------------------------------------
[2022-04-13 21:22:53,009] {taskinstance.py:1239} INFO - Starting attempt 1 of 1
[2022-04-13 21:22:53,010] {taskinstance.py:1240} INFO - 
--------------------------------------------------------------------------------
[2022-04-13 21:22:53,121] {taskinstance.py:1259} INFO - Executing <Task(BashOperator): wget> on 2021-06-02 06:00:14+00:00
[2022-04-13 21:22:53,139] {standard_task_runner.py:52} INFO - Started process 3325 to run task
[2022-04-13 21:22:53,150] {standard_task_runner.py:76} INFO - Running: ['***', 'tasks', 'run', 'LocalIngestionDAG', 'wget', 'scheduled__2021-06-02T06:00:14+00:00', '--job-id', '748', '--raw', '--subdir', 'DAGS_FOLDER/data_ingestion_local.py', '--cfg-path', '/tmp/tmp2ryymrve', '--error-file', '/tmp/tmpz5m6em_f']
[2022-04-13 21:22:53,157] {standard_task_runner.py:77} INFO - Job 748: Subtask wget
[2022-04-13 21:22:53,320] {logging_mixin.py:109} INFO - Running <TaskInstance: LocalIngestionDAG.wget scheduled__2021-06-02T06:00:14+00:00 [running]> on host 13db72185839
[2022-04-13 21:22:53,450] {taskinstance.py:1426} INFO - Exporting the following env vars:
AIRFLOW_CTX_DAG_OWNER=***
AIRFLOW_CTX_DAG_ID=LocalIngestionDAG
AIRFLOW_CTX_TASK_ID=wget
AIRFLOW_CTX_EXECUTION_DATE=2021-06-02T06:00:14+00:00
AIRFLOW_CTX_DAG_RUN_ID=scheduled__2021-06-02T06:00:14+00:00
[2022-04-13 21:22:53,453] {subprocess.py:62} INFO - Tmp dir root location: 
 /tmp
[2022-04-13 21:22:53,457] {subprocess.py:74} INFO - Running command: ['bash', '-c', 'echo "hello world"']
[2022-04-13 21:22:53,475] {subprocess.py:85} INFO - Output:
[2022-04-13 21:22:53,481] {subprocess.py:89} INFO - hello world
[2022-04-13 21:22:53,486] {subprocess.py:93} INFO - Command exited with return code 0
[2022-04-13 21:22:53,562] {taskinstance.py:1277} INFO - Marking task as SUCCESS. dag_id=LocalIngestionDAG, task_id=wget, execution_date=20210602T060014, start_date=20220413T212252, end_date=20220413T212253
[2022-04-13 21:22:53,644] {local_task_job.py:154} INFO - Task exited with return code 0
[2022-04-13 21:22:53,913] {local_task_job.py:264} INFO - 0 downstream tasks scheduled from follow-on schedule check
