[2022-04-13 21:26:06,250] {taskinstance.py:1032} INFO - Dependencies all met for <TaskInstance: LocalIngestionDAG.wget scheduled__2021-09-02T06:00:15+00:00 [queued]>
[2022-04-13 21:26:06,272] {taskinstance.py:1032} INFO - Dependencies all met for <TaskInstance: LocalIngestionDAG.wget scheduled__2021-09-02T06:00:15+00:00 [queued]>
[2022-04-13 21:26:06,274] {taskinstance.py:1238} INFO - 
--------------------------------------------------------------------------------
[2022-04-13 21:26:06,275] {taskinstance.py:1239} INFO - Starting attempt 1 of 1
[2022-04-13 21:26:06,276] {taskinstance.py:1240} INFO - 
--------------------------------------------------------------------------------
[2022-04-13 21:26:06,309] {taskinstance.py:1259} INFO - Executing <Task(BashOperator): wget> on 2021-09-02 06:00:15+00:00
[2022-04-13 21:26:06,317] {standard_task_runner.py:52} INFO - Started process 4557 to run task
[2022-04-13 21:26:06,327] {standard_task_runner.py:76} INFO - Running: ['***', 'tasks', 'run', 'LocalIngestionDAG', 'wget', 'scheduled__2021-09-02T06:00:15+00:00', '--job-id', '1111', '--raw', '--subdir', 'DAGS_FOLDER/data_ingestion_local.py', '--cfg-path', '/tmp/tmpv3ynr98b', '--error-file', '/tmp/tmp8kuitvlk']
[2022-04-13 21:26:06,333] {standard_task_runner.py:77} INFO - Job 1111: Subtask wget
[2022-04-13 21:26:06,497] {logging_mixin.py:109} INFO - Running <TaskInstance: LocalIngestionDAG.wget scheduled__2021-09-02T06:00:15+00:00 [running]> on host 13db72185839
[2022-04-13 21:26:06,635] {taskinstance.py:1426} INFO - Exporting the following env vars:
AIRFLOW_CTX_DAG_OWNER=***
AIRFLOW_CTX_DAG_ID=LocalIngestionDAG
AIRFLOW_CTX_TASK_ID=wget
AIRFLOW_CTX_EXECUTION_DATE=2021-09-02T06:00:15+00:00
AIRFLOW_CTX_DAG_RUN_ID=scheduled__2021-09-02T06:00:15+00:00
[2022-04-13 21:26:06,637] {subprocess.py:62} INFO - Tmp dir root location: 
 /tmp
[2022-04-13 21:26:06,641] {subprocess.py:74} INFO - Running command: ['bash', '-c', 'echo "hello world"']
[2022-04-13 21:26:06,655] {subprocess.py:85} INFO - Output:
[2022-04-13 21:26:06,658] {subprocess.py:89} INFO - hello world
[2022-04-13 21:26:06,660] {subprocess.py:93} INFO - Command exited with return code 0
[2022-04-13 21:26:06,739] {taskinstance.py:1277} INFO - Marking task as SUCCESS. dag_id=LocalIngestionDAG, task_id=wget, execution_date=20210902T060015, start_date=20220413T212606, end_date=20220413T212606
[2022-04-13 21:26:06,841] {local_task_job.py:154} INFO - Task exited with return code 0
[2022-04-13 21:26:07,146] {local_task_job.py:264} INFO - 0 downstream tasks scheduled from follow-on schedule check
