[2022-04-13 21:27:14,744] {taskinstance.py:1032} INFO - Dependencies all met for <TaskInstance: LocalIngestionDAG.wget scheduled__2021-10-02T06:00:12+00:00 [queued]>
[2022-04-13 21:27:14,799] {taskinstance.py:1032} INFO - Dependencies all met for <TaskInstance: LocalIngestionDAG.wget scheduled__2021-10-02T06:00:12+00:00 [queued]>
[2022-04-13 21:27:14,811] {taskinstance.py:1238} INFO - 
--------------------------------------------------------------------------------
[2022-04-13 21:27:14,822] {taskinstance.py:1239} INFO - Starting attempt 1 of 1
[2022-04-13 21:27:14,827] {taskinstance.py:1240} INFO - 
--------------------------------------------------------------------------------
[2022-04-13 21:27:14,934] {taskinstance.py:1259} INFO - Executing <Task(BashOperator): wget> on 2021-10-02 06:00:12+00:00
[2022-04-13 21:27:14,953] {standard_task_runner.py:52} INFO - Started process 4953 to run task
[2022-04-13 21:27:14,962] {standard_task_runner.py:76} INFO - Running: ['***', 'tasks', 'run', 'LocalIngestionDAG', 'wget', 'scheduled__2021-10-02T06:00:12+00:00', '--job-id', '1225', '--raw', '--subdir', 'DAGS_FOLDER/data_ingestion_local.py', '--cfg-path', '/tmp/tmpgorqshwc', '--error-file', '/tmp/tmp1j346ic_']
[2022-04-13 21:27:14,980] {standard_task_runner.py:77} INFO - Job 1225: Subtask wget
[2022-04-13 21:27:15,249] {logging_mixin.py:109} INFO - Running <TaskInstance: LocalIngestionDAG.wget scheduled__2021-10-02T06:00:12+00:00 [running]> on host 13db72185839
[2022-04-13 21:27:15,555] {taskinstance.py:1426} INFO - Exporting the following env vars:
AIRFLOW_CTX_DAG_OWNER=***
AIRFLOW_CTX_DAG_ID=LocalIngestionDAG
AIRFLOW_CTX_TASK_ID=wget
AIRFLOW_CTX_EXECUTION_DATE=2021-10-02T06:00:12+00:00
AIRFLOW_CTX_DAG_RUN_ID=scheduled__2021-10-02T06:00:12+00:00
[2022-04-13 21:27:15,562] {subprocess.py:62} INFO - Tmp dir root location: 
 /tmp
[2022-04-13 21:27:15,564] {subprocess.py:74} INFO - Running command: ['bash', '-c', 'echo "hello world"']
[2022-04-13 21:27:15,596] {subprocess.py:85} INFO - Output:
[2022-04-13 21:27:15,609] {subprocess.py:89} INFO - hello world
[2022-04-13 21:27:15,613] {subprocess.py:93} INFO - Command exited with return code 0
[2022-04-13 21:27:15,739] {taskinstance.py:1277} INFO - Marking task as SUCCESS. dag_id=LocalIngestionDAG, task_id=wget, execution_date=20211002T060012, start_date=20220413T212714, end_date=20220413T212715
[2022-04-13 21:27:15,844] {local_task_job.py:154} INFO - Task exited with return code 0
[2022-04-13 21:27:15,991] {local_task_job.py:264} INFO - 1 downstream tasks scheduled from follow-on schedule check
