[2022-04-13 21:25:04,150] {taskinstance.py:1032} INFO - Dependencies all met for <TaskInstance: LocalIngestionDAG.ingest scheduled__2021-08-02T06:00:16+00:00 [queued]>
[2022-04-13 21:25:04,202] {taskinstance.py:1032} INFO - Dependencies all met for <TaskInstance: LocalIngestionDAG.ingest scheduled__2021-08-02T06:00:16+00:00 [queued]>
[2022-04-13 21:25:04,203] {taskinstance.py:1238} INFO - 
--------------------------------------------------------------------------------
[2022-04-13 21:25:04,204] {taskinstance.py:1239} INFO - Starting attempt 1 of 1
[2022-04-13 21:25:04,207] {taskinstance.py:1240} INFO - 
--------------------------------------------------------------------------------
[2022-04-13 21:25:04,310] {taskinstance.py:1259} INFO - Executing <Task(BashOperator): ingest> on 2021-08-02 06:00:16+00:00
[2022-04-13 21:25:04,333] {standard_task_runner.py:52} INFO - Started process 4173 to run task
[2022-04-13 21:25:04,365] {standard_task_runner.py:76} INFO - Running: ['***', 'tasks', 'run', 'LocalIngestionDAG', 'ingest', 'scheduled__2021-08-02T06:00:16+00:00', '--job-id', '997', '--raw', '--subdir', 'DAGS_FOLDER/data_ingestion_local.py', '--cfg-path', '/tmp/tmppt7ufq75', '--error-file', '/tmp/tmpj2745_qg']
[2022-04-13 21:25:04,368] {standard_task_runner.py:77} INFO - Job 997: Subtask ingest
[2022-04-13 21:25:04,711] {logging_mixin.py:109} INFO - Running <TaskInstance: LocalIngestionDAG.ingest scheduled__2021-08-02T06:00:16+00:00 [running]> on host 13db72185839
[2022-04-13 21:25:05,024] {taskinstance.py:1426} INFO - Exporting the following env vars:
AIRFLOW_CTX_DAG_OWNER=***
AIRFLOW_CTX_DAG_ID=LocalIngestionDAG
AIRFLOW_CTX_TASK_ID=ingest
AIRFLOW_CTX_EXECUTION_DATE=2021-08-02T06:00:16+00:00
AIRFLOW_CTX_DAG_RUN_ID=scheduled__2021-08-02T06:00:16+00:00
[2022-04-13 21:25:05,028] {subprocess.py:62} INFO - Tmp dir root location: 
 /tmp
[2022-04-13 21:25:05,030] {subprocess.py:74} INFO - Running command: ['bash', '-c', 'pwd']
[2022-04-13 21:25:05,056] {subprocess.py:85} INFO - Output:
[2022-04-13 21:25:05,059] {subprocess.py:89} INFO - /tmp/***tmphfscfb_k
[2022-04-13 21:25:05,060] {subprocess.py:93} INFO - Command exited with return code 0
[2022-04-13 21:25:05,134] {taskinstance.py:1277} INFO - Marking task as SUCCESS. dag_id=LocalIngestionDAG, task_id=ingest, execution_date=20210802T060016, start_date=20220413T212504, end_date=20220413T212505
[2022-04-13 21:25:05,201] {local_task_job.py:154} INFO - Task exited with return code 0
[2022-04-13 21:25:05,415] {local_task_job.py:264} INFO - 0 downstream tasks scheduled from follow-on schedule check
