[2022-04-13 21:15:49,022] {taskinstance.py:1032} INFO - Dependencies all met for <TaskInstance: LocalIngestionDAG.ingest scheduled__2021-01-02T06:00:12+00:00 [queued]>
[2022-04-13 21:15:49,048] {taskinstance.py:1032} INFO - Dependencies all met for <TaskInstance: LocalIngestionDAG.ingest scheduled__2021-01-02T06:00:12+00:00 [queued]>
[2022-04-13 21:15:49,049] {taskinstance.py:1238} INFO - 
--------------------------------------------------------------------------------
[2022-04-13 21:15:49,050] {taskinstance.py:1239} INFO - Starting attempt 1 of 1
[2022-04-13 21:15:49,050] {taskinstance.py:1240} INFO - 
--------------------------------------------------------------------------------
[2022-04-13 21:15:49,094] {taskinstance.py:1259} INFO - Executing <Task(BashOperator): ingest> on 2021-01-02 06:00:12+00:00
[2022-04-13 21:15:49,099] {standard_task_runner.py:52} INFO - Started process 1162 to run task
[2022-04-13 21:15:49,109] {standard_task_runner.py:76} INFO - Running: ['***', 'tasks', 'run', 'LocalIngestionDAG', 'ingest', 'scheduled__2021-01-02T06:00:12+00:00', '--job-id', '149', '--raw', '--subdir', 'DAGS_FOLDER/data_ingestion_local.py', '--cfg-path', '/tmp/tmpdd_ea55m', '--error-file', '/tmp/tmps5koer8d']
[2022-04-13 21:15:49,111] {standard_task_runner.py:77} INFO - Job 149: Subtask ingest
[2022-04-13 21:15:49,232] {logging_mixin.py:109} INFO - Running <TaskInstance: LocalIngestionDAG.ingest scheduled__2021-01-02T06:00:12+00:00 [running]> on host 13db72185839
[2022-04-13 21:15:49,400] {taskinstance.py:1426} INFO - Exporting the following env vars:
AIRFLOW_CTX_DAG_OWNER=***
AIRFLOW_CTX_DAG_ID=LocalIngestionDAG
AIRFLOW_CTX_TASK_ID=ingest
AIRFLOW_CTX_EXECUTION_DATE=2021-01-02T06:00:12+00:00
AIRFLOW_CTX_DAG_RUN_ID=scheduled__2021-01-02T06:00:12+00:00
[2022-04-13 21:15:49,402] {subprocess.py:62} INFO - Tmp dir root location: 
 /tmp
[2022-04-13 21:15:49,437] {subprocess.py:74} INFO - Running command: ['bash', '-c', 'pwd']
[2022-04-13 21:15:49,454] {subprocess.py:85} INFO - Output:
[2022-04-13 21:15:49,461] {subprocess.py:89} INFO - /tmp/***tmpbj826m7f
[2022-04-13 21:15:49,462] {subprocess.py:93} INFO - Command exited with return code 0
[2022-04-13 21:15:49,614] {taskinstance.py:1277} INFO - Marking task as SUCCESS. dag_id=LocalIngestionDAG, task_id=ingest, execution_date=20210102T060012, start_date=20220413T211549, end_date=20220413T211549
[2022-04-13 21:15:49,689] {local_task_job.py:154} INFO - Task exited with return code 0
[2022-04-13 21:15:49,784] {local_task_job.py:264} INFO - 0 downstream tasks scheduled from follow-on schedule check
