[2022-04-13 22:31:48,890] {taskinstance.py:1032} INFO - Dependencies all met for <TaskInstance: LocalIngestionDAG.ingest scheduled__2022-01-02T06:00:04+00:00 [queued]>
[2022-04-13 22:31:48,920] {taskinstance.py:1032} INFO - Dependencies all met for <TaskInstance: LocalIngestionDAG.ingest scheduled__2022-01-02T06:00:04+00:00 [queued]>
[2022-04-13 22:31:48,921] {taskinstance.py:1238} INFO - 
--------------------------------------------------------------------------------
[2022-04-13 22:31:48,922] {taskinstance.py:1239} INFO - Starting attempt 1 of 1
[2022-04-13 22:31:48,922] {taskinstance.py:1240} INFO - 
--------------------------------------------------------------------------------
[2022-04-13 22:31:48,997] {taskinstance.py:1259} INFO - Executing <Task(BashOperator): ingest> on 2022-01-02 06:00:04+00:00
[2022-04-13 22:31:49,007] {standard_task_runner.py:52} INFO - Started process 9488 to run task
[2022-04-13 22:31:49,014] {standard_task_runner.py:76} INFO - Running: ['***', 'tasks', 'run', 'LocalIngestionDAG', 'ingest', 'scheduled__2022-01-02T06:00:04+00:00', '--job-id', '1542', '--raw', '--subdir', 'DAGS_FOLDER/data_ingestion_local.py', '--cfg-path', '/tmp/tmpb7xojayn', '--error-file', '/tmp/tmp6njmunt0']
[2022-04-13 22:31:49,026] {standard_task_runner.py:77} INFO - Job 1542: Subtask ingest
[2022-04-13 22:31:49,223] {logging_mixin.py:109} INFO - Running <TaskInstance: LocalIngestionDAG.ingest scheduled__2022-01-02T06:00:04+00:00 [running]> on host 13db72185839
[2022-04-13 22:31:49,417] {taskinstance.py:1426} INFO - Exporting the following env vars:
AIRFLOW_CTX_DAG_OWNER=***
AIRFLOW_CTX_DAG_ID=LocalIngestionDAG
AIRFLOW_CTX_TASK_ID=ingest
AIRFLOW_CTX_EXECUTION_DATE=2022-01-02T06:00:04+00:00
AIRFLOW_CTX_DAG_RUN_ID=scheduled__2022-01-02T06:00:04+00:00
[2022-04-13 22:31:49,421] {subprocess.py:62} INFO - Tmp dir root location: 
 /tmp
[2022-04-13 22:31:49,424] {subprocess.py:74} INFO - Running command: ['bash', '-c', 'ls /opt/***']
[2022-04-13 22:31:49,444] {subprocess.py:85} INFO - Output:
[2022-04-13 22:31:49,457] {subprocess.py:89} INFO - ***.cfg
[2022-04-13 22:31:49,461] {subprocess.py:89} INFO - dags
[2022-04-13 22:31:49,462] {subprocess.py:89} INFO - logs
[2022-04-13 22:31:49,463] {subprocess.py:89} INFO - output.csv
[2022-04-13 22:31:49,464] {subprocess.py:89} INFO - plugins
[2022-04-13 22:31:49,464] {subprocess.py:89} INFO - requirements.txt
[2022-04-13 22:31:49,465] {subprocess.py:89} INFO - scripts
[2022-04-13 22:31:49,466] {subprocess.py:89} INFO - webserver_config.py
[2022-04-13 22:31:49,467] {subprocess.py:93} INFO - Command exited with return code 0
[2022-04-13 22:31:49,541] {taskinstance.py:1277} INFO - Marking task as SUCCESS. dag_id=LocalIngestionDAG, task_id=ingest, execution_date=20220102T060004, start_date=20220413T223148, end_date=20220413T223149
[2022-04-13 22:31:49,653] {local_task_job.py:154} INFO - Task exited with return code 0
[2022-04-13 22:31:49,861] {local_task_job.py:264} INFO - 0 downstream tasks scheduled from follow-on schedule check
