[2022-04-13 21:21:23,659] {taskinstance.py:1032} INFO - Dependencies all met for <TaskInstance: LocalIngestionDAG.ingest scheduled__2021-04-02T06:00:43+00:00 [queued]>
[2022-04-13 21:21:23,694] {taskinstance.py:1032} INFO - Dependencies all met for <TaskInstance: LocalIngestionDAG.ingest scheduled__2021-04-02T06:00:43+00:00 [queued]>
[2022-04-13 21:21:23,696] {taskinstance.py:1238} INFO - 
--------------------------------------------------------------------------------
[2022-04-13 21:21:23,697] {taskinstance.py:1239} INFO - Starting attempt 1 of 1
[2022-04-13 21:21:23,700] {taskinstance.py:1240} INFO - 
--------------------------------------------------------------------------------
[2022-04-13 21:21:23,798] {taskinstance.py:1259} INFO - Executing <Task(BashOperator): ingest> on 2021-04-02 06:00:43+00:00
[2022-04-13 21:21:23,810] {standard_task_runner.py:52} INFO - Started process 2729 to run task
[2022-04-13 21:21:23,828] {standard_task_runner.py:76} INFO - Running: ['***', 'tasks', 'run', 'LocalIngestionDAG', 'ingest', 'scheduled__2021-04-02T06:00:43+00:00', '--job-id', '573', '--raw', '--subdir', 'DAGS_FOLDER/data_ingestion_local.py', '--cfg-path', '/tmp/tmp8603m_hd', '--error-file', '/tmp/tmpgg89vpld']
[2022-04-13 21:21:23,833] {standard_task_runner.py:77} INFO - Job 573: Subtask ingest
[2022-04-13 21:21:24,047] {logging_mixin.py:109} INFO - Running <TaskInstance: LocalIngestionDAG.ingest scheduled__2021-04-02T06:00:43+00:00 [running]> on host 13db72185839
[2022-04-13 21:21:24,191] {taskinstance.py:1426} INFO - Exporting the following env vars:
AIRFLOW_CTX_DAG_OWNER=***
AIRFLOW_CTX_DAG_ID=LocalIngestionDAG
AIRFLOW_CTX_TASK_ID=ingest
AIRFLOW_CTX_EXECUTION_DATE=2021-04-02T06:00:43+00:00
AIRFLOW_CTX_DAG_RUN_ID=scheduled__2021-04-02T06:00:43+00:00
[2022-04-13 21:21:24,195] {subprocess.py:62} INFO - Tmp dir root location: 
 /tmp
[2022-04-13 21:21:24,197] {subprocess.py:74} INFO - Running command: ['bash', '-c', 'pwd']
[2022-04-13 21:21:24,210] {subprocess.py:85} INFO - Output:
[2022-04-13 21:21:24,214] {subprocess.py:89} INFO - /tmp/***tmpjgobrj7e
[2022-04-13 21:21:24,215] {subprocess.py:93} INFO - Command exited with return code 0
[2022-04-13 21:21:24,298] {taskinstance.py:1277} INFO - Marking task as SUCCESS. dag_id=LocalIngestionDAG, task_id=ingest, execution_date=20210402T060043, start_date=20220413T212123, end_date=20220413T212124
[2022-04-13 21:21:24,353] {local_task_job.py:154} INFO - Task exited with return code 0
[2022-04-13 21:21:24,460] {local_task_job.py:264} INFO - 0 downstream tasks scheduled from follow-on schedule check
