[2022-04-13 22:32:34,975] {taskinstance.py:1032} INFO - Dependencies all met for <TaskInstance: LocalIngestionDAG.ingest scheduled__2022-01-02T06:00:36+00:00 [queued]>
[2022-04-13 22:32:35,001] {taskinstance.py:1032} INFO - Dependencies all met for <TaskInstance: LocalIngestionDAG.ingest scheduled__2022-01-02T06:00:36+00:00 [queued]>
[2022-04-13 22:32:35,002] {taskinstance.py:1238} INFO - 
--------------------------------------------------------------------------------
[2022-04-13 22:32:35,003] {taskinstance.py:1239} INFO - Starting attempt 1 of 1
[2022-04-13 22:32:35,004] {taskinstance.py:1240} INFO - 
--------------------------------------------------------------------------------
[2022-04-13 22:32:35,086] {taskinstance.py:1259} INFO - Executing <Task(BashOperator): ingest> on 2022-01-02 06:00:36+00:00
[2022-04-13 22:32:35,103] {standard_task_runner.py:52} INFO - Started process 9790 to run task
[2022-04-13 22:32:35,146] {standard_task_runner.py:76} INFO - Running: ['***', 'tasks', 'run', 'LocalIngestionDAG', 'ingest', 'scheduled__2022-01-02T06:00:36+00:00', '--job-id', '1610', '--raw', '--subdir', 'DAGS_FOLDER/data_ingestion_local.py', '--cfg-path', '/tmp/tmppsr8kvdw', '--error-file', '/tmp/tmph19ga4ot']
[2022-04-13 22:32:35,151] {standard_task_runner.py:77} INFO - Job 1610: Subtask ingest
[2022-04-13 22:32:35,429] {logging_mixin.py:109} INFO - Running <TaskInstance: LocalIngestionDAG.ingest scheduled__2022-01-02T06:00:36+00:00 [running]> on host 13db72185839
[2022-04-13 22:32:35,621] {taskinstance.py:1426} INFO - Exporting the following env vars:
AIRFLOW_CTX_DAG_OWNER=***
AIRFLOW_CTX_DAG_ID=LocalIngestionDAG
AIRFLOW_CTX_TASK_ID=ingest
AIRFLOW_CTX_EXECUTION_DATE=2022-01-02T06:00:36+00:00
AIRFLOW_CTX_DAG_RUN_ID=scheduled__2022-01-02T06:00:36+00:00
[2022-04-13 22:32:35,625] {subprocess.py:62} INFO - Tmp dir root location: 
 /tmp
[2022-04-13 22:32:35,627] {subprocess.py:74} INFO - Running command: ['bash', '-c', 'ls /opt/***']
[2022-04-13 22:32:35,653] {subprocess.py:85} INFO - Output:
[2022-04-13 22:32:35,673] {subprocess.py:89} INFO - ***.cfg
[2022-04-13 22:32:35,675] {subprocess.py:89} INFO - dags
[2022-04-13 22:32:35,676] {subprocess.py:89} INFO - logs
[2022-04-13 22:32:35,677] {subprocess.py:89} INFO - output.csv
[2022-04-13 22:32:35,678] {subprocess.py:89} INFO - plugins
[2022-04-13 22:32:35,678] {subprocess.py:89} INFO - requirements.txt
[2022-04-13 22:32:35,681] {subprocess.py:89} INFO - scripts
[2022-04-13 22:32:35,682] {subprocess.py:89} INFO - webserver_config.py
[2022-04-13 22:32:35,692] {subprocess.py:93} INFO - Command exited with return code 0
[2022-04-13 22:32:35,829] {taskinstance.py:1277} INFO - Marking task as SUCCESS. dag_id=LocalIngestionDAG, task_id=ingest, execution_date=20220102T060036, start_date=20220413T223234, end_date=20220413T223235
[2022-04-13 22:32:35,925] {local_task_job.py:154} INFO - Task exited with return code 0
[2022-04-13 22:32:36,097] {local_task_job.py:264} INFO - 0 downstream tasks scheduled from follow-on schedule check
