[2022-04-13 21:22:23,902] {taskinstance.py:1032} INFO - Dependencies all met for <TaskInstance: LocalIngestionDAG.ingest scheduled__2021-05-02T06:00:45+00:00 [queued]>
[2022-04-13 21:22:23,928] {taskinstance.py:1032} INFO - Dependencies all met for <TaskInstance: LocalIngestionDAG.ingest scheduled__2021-05-02T06:00:45+00:00 [queued]>
[2022-04-13 21:22:23,930] {taskinstance.py:1238} INFO - 
--------------------------------------------------------------------------------
[2022-04-13 21:22:23,932] {taskinstance.py:1239} INFO - Starting attempt 1 of 1
[2022-04-13 21:22:23,933] {taskinstance.py:1240} INFO - 
--------------------------------------------------------------------------------
[2022-04-13 21:22:23,998] {taskinstance.py:1259} INFO - Executing <Task(BashOperator): ingest> on 2021-05-02 06:00:45+00:00
[2022-04-13 21:22:24,006] {standard_task_runner.py:52} INFO - Started process 3141 to run task
[2022-04-13 21:22:24,016] {standard_task_runner.py:76} INFO - Running: ['***', 'tasks', 'run', 'LocalIngestionDAG', 'ingest', 'scheduled__2021-05-02T06:00:45+00:00', '--job-id', '694', '--raw', '--subdir', 'DAGS_FOLDER/data_ingestion_local.py', '--cfg-path', '/tmp/tmpu4zmhpcf', '--error-file', '/tmp/tmpu2xf76m1']
[2022-04-13 21:22:24,018] {standard_task_runner.py:77} INFO - Job 694: Subtask ingest
[2022-04-13 21:22:24,212] {logging_mixin.py:109} INFO - Running <TaskInstance: LocalIngestionDAG.ingest scheduled__2021-05-02T06:00:45+00:00 [running]> on host 13db72185839
[2022-04-13 21:22:24,352] {taskinstance.py:1426} INFO - Exporting the following env vars:
AIRFLOW_CTX_DAG_OWNER=***
AIRFLOW_CTX_DAG_ID=LocalIngestionDAG
AIRFLOW_CTX_TASK_ID=ingest
AIRFLOW_CTX_EXECUTION_DATE=2021-05-02T06:00:45+00:00
AIRFLOW_CTX_DAG_RUN_ID=scheduled__2021-05-02T06:00:45+00:00
[2022-04-13 21:22:24,353] {subprocess.py:62} INFO - Tmp dir root location: 
 /tmp
[2022-04-13 21:22:24,355] {subprocess.py:74} INFO - Running command: ['bash', '-c', 'pwd']
[2022-04-13 21:22:24,366] {subprocess.py:85} INFO - Output:
[2022-04-13 21:22:24,368] {subprocess.py:89} INFO - /tmp/***tmpr7vfiqg2
[2022-04-13 21:22:24,368] {subprocess.py:93} INFO - Command exited with return code 0
[2022-04-13 21:22:24,406] {taskinstance.py:1277} INFO - Marking task as SUCCESS. dag_id=LocalIngestionDAG, task_id=ingest, execution_date=20210502T060045, start_date=20220413T212223, end_date=20220413T212224
[2022-04-13 21:22:24,429] {local_task_job.py:154} INFO - Task exited with return code 0
[2022-04-13 21:22:24,473] {local_task_job.py:264} INFO - 0 downstream tasks scheduled from follow-on schedule check
