[2022-04-13 21:18:03,357] {taskinstance.py:1032} INFO - Dependencies all met for <TaskInstance: LocalIngestionDAG.ingest scheduled__2021-03-02T06:00:47+00:00 [queued]>
[2022-04-13 21:18:03,413] {taskinstance.py:1032} INFO - Dependencies all met for <TaskInstance: LocalIngestionDAG.ingest scheduled__2021-03-02T06:00:47+00:00 [queued]>
[2022-04-13 21:18:03,415] {taskinstance.py:1238} INFO - 
--------------------------------------------------------------------------------
[2022-04-13 21:18:03,424] {taskinstance.py:1239} INFO - Starting attempt 1 of 1
[2022-04-13 21:18:03,430] {taskinstance.py:1240} INFO - 
--------------------------------------------------------------------------------
[2022-04-13 21:18:03,516] {taskinstance.py:1259} INFO - Executing <Task(BashOperator): ingest> on 2021-03-02 06:00:47+00:00
[2022-04-13 21:18:03,530] {standard_task_runner.py:52} INFO - Started process 2207 to run task
[2022-04-13 21:18:03,564] {standard_task_runner.py:76} INFO - Running: ['***', 'tasks', 'run', 'LocalIngestionDAG', 'ingest', 'scheduled__2021-03-02T06:00:47+00:00', '--job-id', '457', '--raw', '--subdir', 'DAGS_FOLDER/data_ingestion_local.py', '--cfg-path', '/tmp/tmpyeydd8br', '--error-file', '/tmp/tmpnf90vb3_']
[2022-04-13 21:18:03,582] {standard_task_runner.py:77} INFO - Job 457: Subtask ingest
[2022-04-13 21:18:03,852] {logging_mixin.py:109} INFO - Running <TaskInstance: LocalIngestionDAG.ingest scheduled__2021-03-02T06:00:47+00:00 [running]> on host 13db72185839
[2022-04-13 21:18:04,088] {taskinstance.py:1426} INFO - Exporting the following env vars:
AIRFLOW_CTX_DAG_OWNER=***
AIRFLOW_CTX_DAG_ID=LocalIngestionDAG
AIRFLOW_CTX_TASK_ID=ingest
AIRFLOW_CTX_EXECUTION_DATE=2021-03-02T06:00:47+00:00
AIRFLOW_CTX_DAG_RUN_ID=scheduled__2021-03-02T06:00:47+00:00
[2022-04-13 21:18:04,090] {subprocess.py:62} INFO - Tmp dir root location: 
 /tmp
[2022-04-13 21:18:04,094] {subprocess.py:74} INFO - Running command: ['bash', '-c', 'pwd']
[2022-04-13 21:18:04,130] {subprocess.py:85} INFO - Output:
[2022-04-13 21:18:04,134] {subprocess.py:89} INFO - /tmp/***tmp0utnb8m4
[2022-04-13 21:18:04,136] {subprocess.py:93} INFO - Command exited with return code 0
[2022-04-13 21:18:04,212] {taskinstance.py:1277} INFO - Marking task as SUCCESS. dag_id=LocalIngestionDAG, task_id=ingest, execution_date=20210302T060047, start_date=20220413T211803, end_date=20220413T211804
[2022-04-13 21:18:04,273] {local_task_job.py:154} INFO - Task exited with return code 0
[2022-04-13 21:18:04,339] {local_task_job.py:264} INFO - 0 downstream tasks scheduled from follow-on schedule check
