[2022-04-13 21:22:54,386] {taskinstance.py:1032} INFO - Dependencies all met for <TaskInstance: LocalIngestionDAG.ingest scheduled__2021-06-02T06:00:13+00:00 [queued]>
[2022-04-13 21:22:54,413] {taskinstance.py:1032} INFO - Dependencies all met for <TaskInstance: LocalIngestionDAG.ingest scheduled__2021-06-02T06:00:13+00:00 [queued]>
[2022-04-13 21:22:54,414] {taskinstance.py:1238} INFO - 
--------------------------------------------------------------------------------
[2022-04-13 21:22:54,415] {taskinstance.py:1239} INFO - Starting attempt 1 of 1
[2022-04-13 21:22:54,415] {taskinstance.py:1240} INFO - 
--------------------------------------------------------------------------------
[2022-04-13 21:22:54,482] {taskinstance.py:1259} INFO - Executing <Task(BashOperator): ingest> on 2021-06-02 06:00:13+00:00
[2022-04-13 21:22:54,488] {standard_task_runner.py:52} INFO - Started process 3336 to run task
[2022-04-13 21:22:54,498] {standard_task_runner.py:76} INFO - Running: ['***', 'tasks', 'run', 'LocalIngestionDAG', 'ingest', 'scheduled__2021-06-02T06:00:13+00:00', '--job-id', '751', '--raw', '--subdir', 'DAGS_FOLDER/data_ingestion_local.py', '--cfg-path', '/tmp/tmp6yb8qxr6', '--error-file', '/tmp/tmp4wtw27z_']
[2022-04-13 21:22:54,502] {standard_task_runner.py:77} INFO - Job 751: Subtask ingest
[2022-04-13 21:22:54,659] {logging_mixin.py:109} INFO - Running <TaskInstance: LocalIngestionDAG.ingest scheduled__2021-06-02T06:00:13+00:00 [running]> on host 13db72185839
[2022-04-13 21:22:54,852] {taskinstance.py:1426} INFO - Exporting the following env vars:
AIRFLOW_CTX_DAG_OWNER=***
AIRFLOW_CTX_DAG_ID=LocalIngestionDAG
AIRFLOW_CTX_TASK_ID=ingest
AIRFLOW_CTX_EXECUTION_DATE=2021-06-02T06:00:13+00:00
AIRFLOW_CTX_DAG_RUN_ID=scheduled__2021-06-02T06:00:13+00:00
[2022-04-13 21:22:54,854] {subprocess.py:62} INFO - Tmp dir root location: 
 /tmp
[2022-04-13 21:22:54,857] {subprocess.py:74} INFO - Running command: ['bash', '-c', 'pwd']
[2022-04-13 21:22:54,919] {subprocess.py:85} INFO - Output:
[2022-04-13 21:22:54,930] {subprocess.py:89} INFO - /tmp/***tmpfl1drob3
[2022-04-13 21:22:54,934] {subprocess.py:93} INFO - Command exited with return code 0
[2022-04-13 21:22:55,024] {taskinstance.py:1277} INFO - Marking task as SUCCESS. dag_id=LocalIngestionDAG, task_id=ingest, execution_date=20210602T060013, start_date=20220413T212254, end_date=20220413T212255
[2022-04-13 21:22:55,079] {local_task_job.py:154} INFO - Task exited with return code 0
[2022-04-13 21:22:55,143] {local_task_job.py:264} INFO - 0 downstream tasks scheduled from follow-on schedule check
