[2022-04-13 21:15:41,279] {taskinstance.py:1032} INFO - Dependencies all met for <TaskInstance: LocalIngestionDAG.ingest scheduled__2021-01-02T06:00:03+00:00 [queued]>
[2022-04-13 21:15:41,333] {taskinstance.py:1032} INFO - Dependencies all met for <TaskInstance: LocalIngestionDAG.ingest scheduled__2021-01-02T06:00:03+00:00 [queued]>
[2022-04-13 21:15:41,334] {taskinstance.py:1238} INFO - 
--------------------------------------------------------------------------------
[2022-04-13 21:15:41,335] {taskinstance.py:1239} INFO - Starting attempt 1 of 1
[2022-04-13 21:15:41,341] {taskinstance.py:1240} INFO - 
--------------------------------------------------------------------------------
[2022-04-13 21:15:41,395] {taskinstance.py:1259} INFO - Executing <Task(BashOperator): ingest> on 2021-01-02 06:00:03+00:00
[2022-04-13 21:15:41,407] {standard_task_runner.py:52} INFO - Started process 1106 to run task
[2022-04-13 21:15:41,422] {standard_task_runner.py:76} INFO - Running: ['***', 'tasks', 'run', 'LocalIngestionDAG', 'ingest', 'scheduled__2021-01-02T06:00:03+00:00', '--job-id', '133', '--raw', '--subdir', 'DAGS_FOLDER/data_ingestion_local.py', '--cfg-path', '/tmp/tmpnf3hvwr5', '--error-file', '/tmp/tmppvecb85a']
[2022-04-13 21:15:41,425] {standard_task_runner.py:77} INFO - Job 133: Subtask ingest
[2022-04-13 21:15:41,634] {logging_mixin.py:109} INFO - Running <TaskInstance: LocalIngestionDAG.ingest scheduled__2021-01-02T06:00:03+00:00 [running]> on host 13db72185839
[2022-04-13 21:15:41,781] {taskinstance.py:1426} INFO - Exporting the following env vars:
AIRFLOW_CTX_DAG_OWNER=***
AIRFLOW_CTX_DAG_ID=LocalIngestionDAG
AIRFLOW_CTX_TASK_ID=ingest
AIRFLOW_CTX_EXECUTION_DATE=2021-01-02T06:00:03+00:00
AIRFLOW_CTX_DAG_RUN_ID=scheduled__2021-01-02T06:00:03+00:00
[2022-04-13 21:15:41,782] {subprocess.py:62} INFO - Tmp dir root location: 
 /tmp
[2022-04-13 21:15:41,783] {subprocess.py:74} INFO - Running command: ['bash', '-c', 'pwd']
[2022-04-13 21:15:41,809] {subprocess.py:85} INFO - Output:
[2022-04-13 21:15:41,810] {subprocess.py:89} INFO - /tmp/***tmpwkr1a429
[2022-04-13 21:15:41,810] {subprocess.py:93} INFO - Command exited with return code 0
[2022-04-13 21:15:41,884] {taskinstance.py:1277} INFO - Marking task as SUCCESS. dag_id=LocalIngestionDAG, task_id=ingest, execution_date=20210102T060003, start_date=20220413T211541, end_date=20220413T211541
[2022-04-13 21:15:41,940] {local_task_job.py:154} INFO - Task exited with return code 0
[2022-04-13 21:15:41,998] {local_task_job.py:264} INFO - 0 downstream tasks scheduled from follow-on schedule check
