[2022-04-13 21:17:44,388] {taskinstance.py:1032} INFO - Dependencies all met for <TaskInstance: LocalIngestionDAG.wget scheduled__2021-03-02T06:00:27+00:00 [queued]>
[2022-04-13 21:17:44,413] {taskinstance.py:1032} INFO - Dependencies all met for <TaskInstance: LocalIngestionDAG.wget scheduled__2021-03-02T06:00:27+00:00 [queued]>
[2022-04-13 21:17:44,414] {taskinstance.py:1238} INFO - 
--------------------------------------------------------------------------------
[2022-04-13 21:17:44,414] {taskinstance.py:1239} INFO - Starting attempt 1 of 1
[2022-04-13 21:17:44,415] {taskinstance.py:1240} INFO - 
--------------------------------------------------------------------------------
[2022-04-13 21:17:44,451] {taskinstance.py:1259} INFO - Executing <Task(BashOperator): wget> on 2021-03-02 06:00:27+00:00
[2022-04-13 21:17:44,457] {standard_task_runner.py:52} INFO - Started process 2059 to run task
[2022-04-13 21:17:44,466] {standard_task_runner.py:76} INFO - Running: ['***', 'tasks', 'run', 'LocalIngestionDAG', 'wget', 'scheduled__2021-03-02T06:00:27+00:00', '--job-id', '413', '--raw', '--subdir', 'DAGS_FOLDER/data_ingestion_local.py', '--cfg-path', '/tmp/tmpq56awezy', '--error-file', '/tmp/tmpbrjsz3_d']
[2022-04-13 21:17:44,471] {standard_task_runner.py:77} INFO - Job 413: Subtask wget
[2022-04-13 21:17:44,656] {logging_mixin.py:109} INFO - Running <TaskInstance: LocalIngestionDAG.wget scheduled__2021-03-02T06:00:27+00:00 [running]> on host 13db72185839
[2022-04-13 21:17:44,889] {taskinstance.py:1426} INFO - Exporting the following env vars:
AIRFLOW_CTX_DAG_OWNER=***
AIRFLOW_CTX_DAG_ID=LocalIngestionDAG
AIRFLOW_CTX_TASK_ID=wget
AIRFLOW_CTX_EXECUTION_DATE=2021-03-02T06:00:27+00:00
AIRFLOW_CTX_DAG_RUN_ID=scheduled__2021-03-02T06:00:27+00:00
[2022-04-13 21:17:44,898] {subprocess.py:62} INFO - Tmp dir root location: 
 /tmp
[2022-04-13 21:17:44,900] {subprocess.py:74} INFO - Running command: ['bash', '-c', 'echo "hello world"']
[2022-04-13 21:17:44,922] {subprocess.py:85} INFO - Output:
[2022-04-13 21:17:44,926] {subprocess.py:89} INFO - hello world
[2022-04-13 21:17:44,929] {subprocess.py:93} INFO - Command exited with return code 0
[2022-04-13 21:17:45,071] {taskinstance.py:1277} INFO - Marking task as SUCCESS. dag_id=LocalIngestionDAG, task_id=wget, execution_date=20210302T060027, start_date=20220413T211744, end_date=20220413T211745
[2022-04-13 21:17:45,179] {local_task_job.py:154} INFO - Task exited with return code 0
[2022-04-13 21:17:45,319] {local_task_job.py:264} INFO - 1 downstream tasks scheduled from follow-on schedule check
