[2022-04-11 18:31:49,256] {taskinstance.py:1032} INFO - Dependencies all met for <TaskInstance: data_ingestion_gcs_dag.download_dataset_task scheduled__2022-04-10T00:00:00+00:00 [queued]>
[2022-04-11 18:31:49,267] {taskinstance.py:1032} INFO - Dependencies all met for <TaskInstance: data_ingestion_gcs_dag.download_dataset_task scheduled__2022-04-10T00:00:00+00:00 [queued]>
[2022-04-11 18:31:49,268] {taskinstance.py:1238} INFO - 
--------------------------------------------------------------------------------
[2022-04-11 18:31:49,269] {taskinstance.py:1239} INFO - Starting attempt 1 of 2
[2022-04-11 18:31:49,270] {taskinstance.py:1240} INFO - 
--------------------------------------------------------------------------------
[2022-04-11 18:31:49,283] {taskinstance.py:1259} INFO - Executing <Task(BashOperator): download_dataset_task> on 2022-04-10 00:00:00+00:00
[2022-04-11 18:31:49,288] {standard_task_runner.py:52} INFO - Started process 1134 to run task
[2022-04-11 18:31:49,292] {standard_task_runner.py:76} INFO - Running: ['***', 'tasks', 'run', 'data_ingestion_gcs_dag', 'download_dataset_task', 'scheduled__2022-04-10T00:00:00+00:00', '--job-id', '2', '--raw', '--subdir', 'DAGS_FOLDER/data_ingestion_gcs_dag.py', '--cfg-path', '/tmp/tmpdal9irof', '--error-file', '/tmp/tmpv168e296']
[2022-04-11 18:31:49,293] {standard_task_runner.py:77} INFO - Job 2: Subtask download_dataset_task
[2022-04-11 18:31:49,483] {logging_mixin.py:109} INFO - Running <TaskInstance: data_ingestion_gcs_dag.download_dataset_task scheduled__2022-04-10T00:00:00+00:00 [running]> on host 8d956c578a40
[2022-04-11 18:31:49,623] {taskinstance.py:1426} INFO - Exporting the following env vars:
AIRFLOW_CTX_DAG_OWNER=***
AIRFLOW_CTX_DAG_ID=data_ingestion_gcs_dag
AIRFLOW_CTX_TASK_ID=download_dataset_task
AIRFLOW_CTX_EXECUTION_DATE=2022-04-10T00:00:00+00:00
AIRFLOW_CTX_DAG_RUN_ID=scheduled__2022-04-10T00:00:00+00:00
[2022-04-11 18:31:49,625] {subprocess.py:62} INFO - Tmp dir root location: 
 /tmp
[2022-04-11 18:31:49,627] {subprocess.py:74} INFO - Running command: ['bash', '-c', 'curl -sSL https://s3.amazonaws.com/nyc-tlc/trip+data/yellow_tripdata_2021-01.csv > /opt/***/yellow_tripdata_2021-01.csv']
[2022-04-11 18:31:49,640] {subprocess.py:85} INFO - Output:
[2022-04-11 18:35:29,478] {subprocess.py:93} INFO - Command exited with return code 0
[2022-04-11 18:35:29,508] {taskinstance.py:1277} INFO - Marking task as SUCCESS. dag_id=data_ingestion_gcs_dag, task_id=download_dataset_task, execution_date=20220410T000000, start_date=20220411T183149, end_date=20220411T183529
[2022-04-11 18:35:29,553] {local_task_job.py:154} INFO - Task exited with return code 0
[2022-04-11 18:35:29,607] {local_task_job.py:264} INFO - 0 downstream tasks scheduled from follow-on schedule check
