[2022-04-13 21:20:59,944] {taskinstance.py:1032} INFO - Dependencies all met for <TaskInstance: LocalIngestionDAG.wget scheduled__2021-04-02T06:00:25+00:00 [queued]>
[2022-04-13 21:20:59,988] {taskinstance.py:1032} INFO - Dependencies all met for <TaskInstance: LocalIngestionDAG.wget scheduled__2021-04-02T06:00:25+00:00 [queued]>
[2022-04-13 21:20:59,989] {taskinstance.py:1238} INFO - 
--------------------------------------------------------------------------------
[2022-04-13 21:20:59,998] {taskinstance.py:1239} INFO - Starting attempt 1 of 1
[2022-04-13 21:20:59,999] {taskinstance.py:1240} INFO - 
--------------------------------------------------------------------------------
[2022-04-13 21:21:00,046] {taskinstance.py:1259} INFO - Executing <Task(BashOperator): wget> on 2021-04-02 06:00:25+00:00
[2022-04-13 21:21:00,055] {standard_task_runner.py:52} INFO - Started process 2580 to run task
[2022-04-13 21:21:00,077] {standard_task_runner.py:76} INFO - Running: ['***', 'tasks', 'run', 'LocalIngestionDAG', 'wget', 'scheduled__2021-04-02T06:00:25+00:00', '--job-id', '529', '--raw', '--subdir', 'DAGS_FOLDER/data_ingestion_local.py', '--cfg-path', '/tmp/tmpptxskoww', '--error-file', '/tmp/tmpkhg41_jv']
[2022-04-13 21:21:00,080] {standard_task_runner.py:77} INFO - Job 529: Subtask wget
[2022-04-13 21:21:00,252] {logging_mixin.py:109} INFO - Running <TaskInstance: LocalIngestionDAG.wget scheduled__2021-04-02T06:00:25+00:00 [running]> on host 13db72185839
[2022-04-13 21:21:00,358] {taskinstance.py:1426} INFO - Exporting the following env vars:
AIRFLOW_CTX_DAG_OWNER=***
AIRFLOW_CTX_DAG_ID=LocalIngestionDAG
AIRFLOW_CTX_TASK_ID=wget
AIRFLOW_CTX_EXECUTION_DATE=2021-04-02T06:00:25+00:00
AIRFLOW_CTX_DAG_RUN_ID=scheduled__2021-04-02T06:00:25+00:00
[2022-04-13 21:21:00,360] {subprocess.py:62} INFO - Tmp dir root location: 
 /tmp
[2022-04-13 21:21:00,361] {subprocess.py:74} INFO - Running command: ['bash', '-c', 'echo "hello world"']
[2022-04-13 21:21:00,371] {subprocess.py:85} INFO - Output:
[2022-04-13 21:21:00,373] {subprocess.py:89} INFO - hello world
[2022-04-13 21:21:00,374] {subprocess.py:93} INFO - Command exited with return code 0
[2022-04-13 21:21:00,422] {taskinstance.py:1277} INFO - Marking task as SUCCESS. dag_id=LocalIngestionDAG, task_id=wget, execution_date=20210402T060025, start_date=20220413T212059, end_date=20220413T212100
[2022-04-13 21:21:00,489] {local_task_job.py:154} INFO - Task exited with return code 0
[2022-04-13 21:21:00,730] {local_task_job.py:264} INFO - 0 downstream tasks scheduled from follow-on schedule check
