[2022-04-13 21:18:09,552] {taskinstance.py:1032} INFO - Dependencies all met for <TaskInstance: LocalIngestionDAG.wget scheduled__2021-03-02T06:00:58+00:00 [queued]>
[2022-04-13 21:18:09,576] {taskinstance.py:1032} INFO - Dependencies all met for <TaskInstance: LocalIngestionDAG.wget scheduled__2021-03-02T06:00:58+00:00 [queued]>
[2022-04-13 21:18:09,577] {taskinstance.py:1238} INFO - 
--------------------------------------------------------------------------------
[2022-04-13 21:18:09,577] {taskinstance.py:1239} INFO - Starting attempt 1 of 1
[2022-04-13 21:18:09,578] {taskinstance.py:1240} INFO - 
--------------------------------------------------------------------------------
[2022-04-13 21:18:09,620] {taskinstance.py:1259} INFO - Executing <Task(BashOperator): wget> on 2021-03-02 06:00:58+00:00
[2022-04-13 21:18:09,634] {standard_task_runner.py:52} INFO - Started process 2250 to run task
[2022-04-13 21:18:09,648] {standard_task_runner.py:76} INFO - Running: ['***', 'tasks', 'run', 'LocalIngestionDAG', 'wget', 'scheduled__2021-03-02T06:00:58+00:00', '--job-id', '472', '--raw', '--subdir', 'DAGS_FOLDER/data_ingestion_local.py', '--cfg-path', '/tmp/tmpdfw1plzq', '--error-file', '/tmp/tmpzob28_gc']
[2022-04-13 21:18:09,662] {standard_task_runner.py:77} INFO - Job 472: Subtask wget
[2022-04-13 21:18:09,833] {logging_mixin.py:109} INFO - Running <TaskInstance: LocalIngestionDAG.wget scheduled__2021-03-02T06:00:58+00:00 [running]> on host 13db72185839
[2022-04-13 21:18:09,971] {taskinstance.py:1426} INFO - Exporting the following env vars:
AIRFLOW_CTX_DAG_OWNER=***
AIRFLOW_CTX_DAG_ID=LocalIngestionDAG
AIRFLOW_CTX_TASK_ID=wget
AIRFLOW_CTX_EXECUTION_DATE=2021-03-02T06:00:58+00:00
AIRFLOW_CTX_DAG_RUN_ID=scheduled__2021-03-02T06:00:58+00:00
[2022-04-13 21:18:09,973] {subprocess.py:62} INFO - Tmp dir root location: 
 /tmp
[2022-04-13 21:18:09,974] {subprocess.py:74} INFO - Running command: ['bash', '-c', 'echo "hello world"']
[2022-04-13 21:18:09,993] {subprocess.py:85} INFO - Output:
[2022-04-13 21:18:10,001] {subprocess.py:89} INFO - hello world
[2022-04-13 21:18:10,003] {subprocess.py:93} INFO - Command exited with return code 0
[2022-04-13 21:18:10,113] {taskinstance.py:1277} INFO - Marking task as SUCCESS. dag_id=LocalIngestionDAG, task_id=wget, execution_date=20210302T060058, start_date=20220413T211809, end_date=20220413T211810
[2022-04-13 21:18:10,233] {local_task_job.py:154} INFO - Task exited with return code 0
[2022-04-13 21:18:10,697] {local_task_job.py:264} INFO - 0 downstream tasks scheduled from follow-on schedule check
