[2022-04-13 21:23:08,400] {taskinstance.py:1032} INFO - Dependencies all met for <TaskInstance: LocalIngestionDAG.wget scheduled__2021-06-02T06:00:28+00:00 [queued]>
[2022-04-13 21:23:08,426] {taskinstance.py:1032} INFO - Dependencies all met for <TaskInstance: LocalIngestionDAG.wget scheduled__2021-06-02T06:00:28+00:00 [queued]>
[2022-04-13 21:23:08,428] {taskinstance.py:1238} INFO - 
--------------------------------------------------------------------------------
[2022-04-13 21:23:08,429] {taskinstance.py:1239} INFO - Starting attempt 1 of 1
[2022-04-13 21:23:08,430] {taskinstance.py:1240} INFO - 
--------------------------------------------------------------------------------
[2022-04-13 21:23:08,496] {taskinstance.py:1259} INFO - Executing <Task(BashOperator): wget> on 2021-06-02 06:00:28+00:00
[2022-04-13 21:23:08,504] {standard_task_runner.py:52} INFO - Started process 3417 to run task
[2022-04-13 21:23:08,523] {standard_task_runner.py:76} INFO - Running: ['***', 'tasks', 'run', 'LocalIngestionDAG', 'wget', 'scheduled__2021-06-02T06:00:28+00:00', '--job-id', '775', '--raw', '--subdir', 'DAGS_FOLDER/data_ingestion_local.py', '--cfg-path', '/tmp/tmpe5s67pns', '--error-file', '/tmp/tmpwbior6ox']
[2022-04-13 21:23:08,528] {standard_task_runner.py:77} INFO - Job 775: Subtask wget
[2022-04-13 21:23:08,720] {logging_mixin.py:109} INFO - Running <TaskInstance: LocalIngestionDAG.wget scheduled__2021-06-02T06:00:28+00:00 [running]> on host 13db72185839
[2022-04-13 21:23:08,897] {taskinstance.py:1426} INFO - Exporting the following env vars:
AIRFLOW_CTX_DAG_OWNER=***
AIRFLOW_CTX_DAG_ID=LocalIngestionDAG
AIRFLOW_CTX_TASK_ID=wget
AIRFLOW_CTX_EXECUTION_DATE=2021-06-02T06:00:28+00:00
AIRFLOW_CTX_DAG_RUN_ID=scheduled__2021-06-02T06:00:28+00:00
[2022-04-13 21:23:08,899] {subprocess.py:62} INFO - Tmp dir root location: 
 /tmp
[2022-04-13 21:23:08,901] {subprocess.py:74} INFO - Running command: ['bash', '-c', 'echo "hello world"']
[2022-04-13 21:23:08,917] {subprocess.py:85} INFO - Output:
[2022-04-13 21:23:08,920] {subprocess.py:89} INFO - hello world
[2022-04-13 21:23:08,921] {subprocess.py:93} INFO - Command exited with return code 0
[2022-04-13 21:23:09,029] {taskinstance.py:1277} INFO - Marking task as SUCCESS. dag_id=LocalIngestionDAG, task_id=wget, execution_date=20210602T060028, start_date=20220413T212308, end_date=20220413T212309
[2022-04-13 21:23:09,139] {local_task_job.py:154} INFO - Task exited with return code 0
[2022-04-13 21:23:09,332] {local_task_job.py:264} INFO - 1 downstream tasks scheduled from follow-on schedule check
