[2022-04-13 21:17:53,731] {taskinstance.py:1032} INFO - Dependencies all met for <TaskInstance: LocalIngestionDAG.ingest scheduled__2021-03-02T06:00:35+00:00 [queued]>
[2022-04-13 21:17:53,768] {taskinstance.py:1032} INFO - Dependencies all met for <TaskInstance: LocalIngestionDAG.ingest scheduled__2021-03-02T06:00:35+00:00 [queued]>
[2022-04-13 21:17:53,769] {taskinstance.py:1238} INFO - 
--------------------------------------------------------------------------------
[2022-04-13 21:17:53,774] {taskinstance.py:1239} INFO - Starting attempt 1 of 1
[2022-04-13 21:17:53,775] {taskinstance.py:1240} INFO - 
--------------------------------------------------------------------------------
[2022-04-13 21:17:53,823] {taskinstance.py:1259} INFO - Executing <Task(BashOperator): ingest> on 2021-03-02 06:00:35+00:00
[2022-04-13 21:17:53,831] {standard_task_runner.py:52} INFO - Started process 2128 to run task
[2022-04-13 21:17:53,841] {standard_task_runner.py:76} INFO - Running: ['***', 'tasks', 'run', 'LocalIngestionDAG', 'ingest', 'scheduled__2021-03-02T06:00:35+00:00', '--job-id', '436', '--raw', '--subdir', 'DAGS_FOLDER/data_ingestion_local.py', '--cfg-path', '/tmp/tmp1_r1rtiw', '--error-file', '/tmp/tmpfhhm2uqb']
[2022-04-13 21:17:53,845] {standard_task_runner.py:77} INFO - Job 436: Subtask ingest
[2022-04-13 21:17:53,971] {logging_mixin.py:109} INFO - Running <TaskInstance: LocalIngestionDAG.ingest scheduled__2021-03-02T06:00:35+00:00 [running]> on host 13db72185839
[2022-04-13 21:17:54,149] {taskinstance.py:1426} INFO - Exporting the following env vars:
AIRFLOW_CTX_DAG_OWNER=***
AIRFLOW_CTX_DAG_ID=LocalIngestionDAG
AIRFLOW_CTX_TASK_ID=ingest
AIRFLOW_CTX_EXECUTION_DATE=2021-03-02T06:00:35+00:00
AIRFLOW_CTX_DAG_RUN_ID=scheduled__2021-03-02T06:00:35+00:00
[2022-04-13 21:17:54,154] {subprocess.py:62} INFO - Tmp dir root location: 
 /tmp
[2022-04-13 21:17:54,156] {subprocess.py:74} INFO - Running command: ['bash', '-c', 'pwd']
[2022-04-13 21:17:54,192] {subprocess.py:85} INFO - Output:
[2022-04-13 21:17:54,197] {subprocess.py:89} INFO - /tmp/***tmpx3is45yb
[2022-04-13 21:17:54,199] {subprocess.py:93} INFO - Command exited with return code 0
[2022-04-13 21:17:54,288] {taskinstance.py:1277} INFO - Marking task as SUCCESS. dag_id=LocalIngestionDAG, task_id=ingest, execution_date=20210302T060035, start_date=20220413T211753, end_date=20220413T211754
[2022-04-13 21:17:54,392] {local_task_job.py:154} INFO - Task exited with return code 0
[2022-04-13 21:17:55,016] {local_task_job.py:264} INFO - 0 downstream tasks scheduled from follow-on schedule check
