[2022-04-13 22:31:55,710] {taskinstance.py:1032} INFO - Dependencies all met for <TaskInstance: LocalIngestionDAG.ingest scheduled__2022-01-02T06:00:06+00:00 [queued]>
[2022-04-13 22:31:55,754] {taskinstance.py:1032} INFO - Dependencies all met for <TaskInstance: LocalIngestionDAG.ingest scheduled__2022-01-02T06:00:06+00:00 [queued]>
[2022-04-13 22:31:55,757] {taskinstance.py:1238} INFO - 
--------------------------------------------------------------------------------
[2022-04-13 22:31:55,759] {taskinstance.py:1239} INFO - Starting attempt 1 of 1
[2022-04-13 22:31:55,759] {taskinstance.py:1240} INFO - 
--------------------------------------------------------------------------------
[2022-04-13 22:31:55,820] {taskinstance.py:1259} INFO - Executing <Task(BashOperator): ingest> on 2022-01-02 06:00:06+00:00
[2022-04-13 22:31:55,827] {standard_task_runner.py:52} INFO - Started process 9513 to run task
[2022-04-13 22:31:55,845] {standard_task_runner.py:76} INFO - Running: ['***', 'tasks', 'run', 'LocalIngestionDAG', 'ingest', 'scheduled__2022-01-02T06:00:06+00:00', '--job-id', '1547', '--raw', '--subdir', 'DAGS_FOLDER/data_ingestion_local.py', '--cfg-path', '/tmp/tmphs2k_6a6', '--error-file', '/tmp/tmp47senftl']
[2022-04-13 22:31:55,860] {standard_task_runner.py:77} INFO - Job 1547: Subtask ingest
[2022-04-13 22:31:56,155] {logging_mixin.py:109} INFO - Running <TaskInstance: LocalIngestionDAG.ingest scheduled__2022-01-02T06:00:06+00:00 [running]> on host 13db72185839
[2022-04-13 22:31:56,342] {taskinstance.py:1426} INFO - Exporting the following env vars:
AIRFLOW_CTX_DAG_OWNER=***
AIRFLOW_CTX_DAG_ID=LocalIngestionDAG
AIRFLOW_CTX_TASK_ID=ingest
AIRFLOW_CTX_EXECUTION_DATE=2022-01-02T06:00:06+00:00
AIRFLOW_CTX_DAG_RUN_ID=scheduled__2022-01-02T06:00:06+00:00
[2022-04-13 22:31:56,348] {subprocess.py:62} INFO - Tmp dir root location: 
 /tmp
[2022-04-13 22:31:56,350] {subprocess.py:74} INFO - Running command: ['bash', '-c', 'ls /opt/***']
[2022-04-13 22:31:56,371] {subprocess.py:85} INFO - Output:
[2022-04-13 22:31:56,382] {subprocess.py:89} INFO - ***.cfg
[2022-04-13 22:31:56,383] {subprocess.py:89} INFO - dags
[2022-04-13 22:31:56,386] {subprocess.py:89} INFO - logs
[2022-04-13 22:31:56,387] {subprocess.py:89} INFO - output.csv
[2022-04-13 22:31:56,390] {subprocess.py:89} INFO - plugins
[2022-04-13 22:31:56,402] {subprocess.py:89} INFO - requirements.txt
[2022-04-13 22:31:56,408] {subprocess.py:89} INFO - scripts
[2022-04-13 22:31:56,411] {subprocess.py:89} INFO - webserver_config.py
[2022-04-13 22:31:56,412] {subprocess.py:93} INFO - Command exited with return code 0
[2022-04-13 22:31:56,523] {taskinstance.py:1277} INFO - Marking task as SUCCESS. dag_id=LocalIngestionDAG, task_id=ingest, execution_date=20220102T060006, start_date=20220413T223155, end_date=20220413T223156
[2022-04-13 22:31:56,611] {local_task_job.py:154} INFO - Task exited with return code 0
[2022-04-13 22:31:57,030] {local_task_job.py:264} INFO - 0 downstream tasks scheduled from follow-on schedule check
