[2022-04-13 21:25:48,022] {taskinstance.py:1032} INFO - Dependencies all met for <TaskInstance: LocalIngestionDAG.ingest scheduled__2021-08-02T06:00:57+00:00 [queued]>
[2022-04-13 21:25:48,060] {taskinstance.py:1032} INFO - Dependencies all met for <TaskInstance: LocalIngestionDAG.ingest scheduled__2021-08-02T06:00:57+00:00 [queued]>
[2022-04-13 21:25:48,061] {taskinstance.py:1238} INFO - 
--------------------------------------------------------------------------------
[2022-04-13 21:25:48,062] {taskinstance.py:1239} INFO - Starting attempt 1 of 1
[2022-04-13 21:25:48,062] {taskinstance.py:1240} INFO - 
--------------------------------------------------------------------------------
[2022-04-13 21:25:48,103] {taskinstance.py:1259} INFO - Executing <Task(BashOperator): ingest> on 2021-08-02 06:00:57+00:00
[2022-04-13 21:25:48,116] {standard_task_runner.py:52} INFO - Started process 4450 to run task
[2022-04-13 21:25:48,126] {standard_task_runner.py:76} INFO - Running: ['***', 'tasks', 'run', 'LocalIngestionDAG', 'ingest', 'scheduled__2021-08-02T06:00:57+00:00', '--job-id', '1079', '--raw', '--subdir', 'DAGS_FOLDER/data_ingestion_local.py', '--cfg-path', '/tmp/tmp_m81djy1', '--error-file', '/tmp/tmph4svnvp3']
[2022-04-13 21:25:48,129] {standard_task_runner.py:77} INFO - Job 1079: Subtask ingest
[2022-04-13 21:25:48,311] {logging_mixin.py:109} INFO - Running <TaskInstance: LocalIngestionDAG.ingest scheduled__2021-08-02T06:00:57+00:00 [running]> on host 13db72185839
[2022-04-13 21:25:48,786] {taskinstance.py:1426} INFO - Exporting the following env vars:
AIRFLOW_CTX_DAG_OWNER=***
AIRFLOW_CTX_DAG_ID=LocalIngestionDAG
AIRFLOW_CTX_TASK_ID=ingest
AIRFLOW_CTX_EXECUTION_DATE=2021-08-02T06:00:57+00:00
AIRFLOW_CTX_DAG_RUN_ID=scheduled__2021-08-02T06:00:57+00:00
[2022-04-13 21:25:48,797] {subprocess.py:62} INFO - Tmp dir root location: 
 /tmp
[2022-04-13 21:25:48,801] {subprocess.py:74} INFO - Running command: ['bash', '-c', 'pwd']
[2022-04-13 21:25:48,833] {subprocess.py:85} INFO - Output:
[2022-04-13 21:25:48,838] {subprocess.py:89} INFO - /tmp/***tmpe_7j9_ql
[2022-04-13 21:25:48,856] {subprocess.py:93} INFO - Command exited with return code 0
[2022-04-13 21:25:49,372] {taskinstance.py:1277} INFO - Marking task as SUCCESS. dag_id=LocalIngestionDAG, task_id=ingest, execution_date=20210802T060057, start_date=20220413T212548, end_date=20220413T212549
[2022-04-13 21:25:49,438] {local_task_job.py:154} INFO - Task exited with return code 0
[2022-04-13 21:25:49,630] {local_task_job.py:264} INFO - 0 downstream tasks scheduled from follow-on schedule check
