[2022-04-13 21:17:59,217] {taskinstance.py:1032} INFO - Dependencies all met for <TaskInstance: LocalIngestionDAG.wget scheduled__2021-03-02T06:00:43+00:00 [queued]>
[2022-04-13 21:17:59,272] {taskinstance.py:1032} INFO - Dependencies all met for <TaskInstance: LocalIngestionDAG.wget scheduled__2021-03-02T06:00:43+00:00 [queued]>
[2022-04-13 21:17:59,277] {taskinstance.py:1238} INFO - 
--------------------------------------------------------------------------------
[2022-04-13 21:17:59,278] {taskinstance.py:1239} INFO - Starting attempt 1 of 1
[2022-04-13 21:17:59,279] {taskinstance.py:1240} INFO - 
--------------------------------------------------------------------------------
[2022-04-13 21:17:59,332] {taskinstance.py:1259} INFO - Executing <Task(BashOperator): wget> on 2021-03-02 06:00:43+00:00
[2022-04-13 21:17:59,343] {standard_task_runner.py:52} INFO - Started process 2173 to run task
[2022-04-13 21:17:59,353] {standard_task_runner.py:76} INFO - Running: ['***', 'tasks', 'run', 'LocalIngestionDAG', 'wget', 'scheduled__2021-03-02T06:00:43+00:00', '--job-id', '447', '--raw', '--subdir', 'DAGS_FOLDER/data_ingestion_local.py', '--cfg-path', '/tmp/tmpqvu1ijkl', '--error-file', '/tmp/tmpbdkdc4tz']
[2022-04-13 21:17:59,360] {standard_task_runner.py:77} INFO - Job 447: Subtask wget
[2022-04-13 21:17:59,479] {logging_mixin.py:109} INFO - Running <TaskInstance: LocalIngestionDAG.wget scheduled__2021-03-02T06:00:43+00:00 [running]> on host 13db72185839
[2022-04-13 21:17:59,588] {taskinstance.py:1426} INFO - Exporting the following env vars:
AIRFLOW_CTX_DAG_OWNER=***
AIRFLOW_CTX_DAG_ID=LocalIngestionDAG
AIRFLOW_CTX_TASK_ID=wget
AIRFLOW_CTX_EXECUTION_DATE=2021-03-02T06:00:43+00:00
AIRFLOW_CTX_DAG_RUN_ID=scheduled__2021-03-02T06:00:43+00:00
[2022-04-13 21:17:59,594] {subprocess.py:62} INFO - Tmp dir root location: 
 /tmp
[2022-04-13 21:17:59,601] {subprocess.py:74} INFO - Running command: ['bash', '-c', 'echo "hello world"']
[2022-04-13 21:17:59,620] {subprocess.py:85} INFO - Output:
[2022-04-13 21:17:59,630] {subprocess.py:89} INFO - hello world
[2022-04-13 21:17:59,631] {subprocess.py:93} INFO - Command exited with return code 0
[2022-04-13 21:17:59,728] {taskinstance.py:1277} INFO - Marking task as SUCCESS. dag_id=LocalIngestionDAG, task_id=wget, execution_date=20210302T060043, start_date=20220413T211759, end_date=20220413T211759
[2022-04-13 21:17:59,806] {local_task_job.py:154} INFO - Task exited with return code 0
[2022-04-13 21:17:59,890] {local_task_job.py:264} INFO - 1 downstream tasks scheduled from follow-on schedule check
