[2022-04-13 21:16:00,258] {taskinstance.py:1032} INFO - Dependencies all met for <TaskInstance: LocalIngestionDAG.wget scheduled__2021-01-02T06:00:28+00:00 [queued]>
[2022-04-13 21:16:00,283] {taskinstance.py:1032} INFO - Dependencies all met for <TaskInstance: LocalIngestionDAG.wget scheduled__2021-01-02T06:00:28+00:00 [queued]>
[2022-04-13 21:16:00,292] {taskinstance.py:1238} INFO - 
--------------------------------------------------------------------------------
[2022-04-13 21:16:00,293] {taskinstance.py:1239} INFO - Starting attempt 1 of 1
[2022-04-13 21:16:00,294] {taskinstance.py:1240} INFO - 
--------------------------------------------------------------------------------
[2022-04-13 21:16:00,323] {taskinstance.py:1259} INFO - Executing <Task(BashOperator): wget> on 2021-01-02 06:00:28+00:00
[2022-04-13 21:16:00,384] {standard_task_runner.py:52} INFO - Started process 1247 to run task
[2022-04-13 21:16:00,395] {standard_task_runner.py:76} INFO - Running: ['***', 'tasks', 'run', 'LocalIngestionDAG', 'wget', 'scheduled__2021-01-02T06:00:28+00:00', '--job-id', '175', '--raw', '--subdir', 'DAGS_FOLDER/data_ingestion_local.py', '--cfg-path', '/tmp/tmp_opvnlmf', '--error-file', '/tmp/tmp802v9ncw']
[2022-04-13 21:16:00,397] {standard_task_runner.py:77} INFO - Job 175: Subtask wget
[2022-04-13 21:16:00,637] {logging_mixin.py:109} INFO - Running <TaskInstance: LocalIngestionDAG.wget scheduled__2021-01-02T06:00:28+00:00 [running]> on host 13db72185839
[2022-04-13 21:16:00,779] {taskinstance.py:1426} INFO - Exporting the following env vars:
AIRFLOW_CTX_DAG_OWNER=***
AIRFLOW_CTX_DAG_ID=LocalIngestionDAG
AIRFLOW_CTX_TASK_ID=wget
AIRFLOW_CTX_EXECUTION_DATE=2021-01-02T06:00:28+00:00
AIRFLOW_CTX_DAG_RUN_ID=scheduled__2021-01-02T06:00:28+00:00
[2022-04-13 21:16:00,781] {subprocess.py:62} INFO - Tmp dir root location: 
 /tmp
[2022-04-13 21:16:00,784] {subprocess.py:74} INFO - Running command: ['bash', '-c', 'echo "hello world"']
[2022-04-13 21:16:00,797] {subprocess.py:85} INFO - Output:
[2022-04-13 21:16:00,800] {subprocess.py:89} INFO - hello world
[2022-04-13 21:16:00,801] {subprocess.py:93} INFO - Command exited with return code 0
[2022-04-13 21:16:00,861] {taskinstance.py:1277} INFO - Marking task as SUCCESS. dag_id=LocalIngestionDAG, task_id=wget, execution_date=20210102T060028, start_date=20220413T211600, end_date=20220413T211600
[2022-04-13 21:16:00,922] {local_task_job.py:154} INFO - Task exited with return code 0
[2022-04-13 21:16:00,975] {local_task_job.py:264} INFO - 1 downstream tasks scheduled from follow-on schedule check
