[2022-04-13 21:16:20,737] {taskinstance.py:1032} INFO - Dependencies all met for <TaskInstance: LocalIngestionDAG.wget scheduled__2021-01-02T06:00:51+00:00 [queued]>
[2022-04-13 21:16:20,755] {taskinstance.py:1032} INFO - Dependencies all met for <TaskInstance: LocalIngestionDAG.wget scheduled__2021-01-02T06:00:51+00:00 [queued]>
[2022-04-13 21:16:20,756] {taskinstance.py:1238} INFO - 
--------------------------------------------------------------------------------
[2022-04-13 21:16:20,756] {taskinstance.py:1239} INFO - Starting attempt 1 of 1
[2022-04-13 21:16:20,757] {taskinstance.py:1240} INFO - 
--------------------------------------------------------------------------------
[2022-04-13 21:16:20,795] {taskinstance.py:1259} INFO - Executing <Task(BashOperator): wget> on 2021-01-02 06:00:51+00:00
[2022-04-13 21:16:20,801] {standard_task_runner.py:52} INFO - Started process 1404 to run task
[2022-04-13 21:16:20,808] {standard_task_runner.py:76} INFO - Running: ['***', 'tasks', 'run', 'LocalIngestionDAG', 'wget', 'scheduled__2021-01-02T06:00:51+00:00', '--job-id', '222', '--raw', '--subdir', 'DAGS_FOLDER/data_ingestion_local.py', '--cfg-path', '/tmp/tmpmbds2vm3', '--error-file', '/tmp/tmpm779tush']
[2022-04-13 21:16:20,810] {standard_task_runner.py:77} INFO - Job 222: Subtask wget
[2022-04-13 21:16:20,902] {logging_mixin.py:109} INFO - Running <TaskInstance: LocalIngestionDAG.wget scheduled__2021-01-02T06:00:51+00:00 [running]> on host 13db72185839
[2022-04-13 21:16:21,005] {taskinstance.py:1426} INFO - Exporting the following env vars:
AIRFLOW_CTX_DAG_OWNER=***
AIRFLOW_CTX_DAG_ID=LocalIngestionDAG
AIRFLOW_CTX_TASK_ID=wget
AIRFLOW_CTX_EXECUTION_DATE=2021-01-02T06:00:51+00:00
AIRFLOW_CTX_DAG_RUN_ID=scheduled__2021-01-02T06:00:51+00:00
[2022-04-13 21:16:21,007] {subprocess.py:62} INFO - Tmp dir root location: 
 /tmp
[2022-04-13 21:16:21,008] {subprocess.py:74} INFO - Running command: ['bash', '-c', 'echo "hello world"']
[2022-04-13 21:16:21,020] {subprocess.py:85} INFO - Output:
[2022-04-13 21:16:21,023] {subprocess.py:89} INFO - hello world
[2022-04-13 21:16:21,024] {subprocess.py:93} INFO - Command exited with return code 0
[2022-04-13 21:16:21,094] {taskinstance.py:1277} INFO - Marking task as SUCCESS. dag_id=LocalIngestionDAG, task_id=wget, execution_date=20210102T060051, start_date=20220413T211620, end_date=20220413T211621
[2022-04-13 21:16:21,143] {local_task_job.py:154} INFO - Task exited with return code 0
[2022-04-13 21:16:21,267] {local_task_job.py:264} INFO - 0 downstream tasks scheduled from follow-on schedule check
