[2022-04-13 21:17:07,213] {taskinstance.py:1032} INFO - Dependencies all met for <TaskInstance: LocalIngestionDAG.ingest scheduled__2021-02-02T06:00:43+00:00 [queued]>
[2022-04-13 21:17:07,257] {taskinstance.py:1032} INFO - Dependencies all met for <TaskInstance: LocalIngestionDAG.ingest scheduled__2021-02-02T06:00:43+00:00 [queued]>
[2022-04-13 21:17:07,261] {taskinstance.py:1238} INFO - 
--------------------------------------------------------------------------------
[2022-04-13 21:17:07,262] {taskinstance.py:1239} INFO - Starting attempt 1 of 1
[2022-04-13 21:17:07,263] {taskinstance.py:1240} INFO - 
--------------------------------------------------------------------------------
[2022-04-13 21:17:07,315] {taskinstance.py:1259} INFO - Executing <Task(BashOperator): ingest> on 2021-02-02 06:00:43+00:00
[2022-04-13 21:17:07,326] {standard_task_runner.py:52} INFO - Started process 1776 to run task
[2022-04-13 21:17:07,340] {standard_task_runner.py:76} INFO - Running: ['***', 'tasks', 'run', 'LocalIngestionDAG', 'ingest', 'scheduled__2021-02-02T06:00:43+00:00', '--job-id', '332', '--raw', '--subdir', 'DAGS_FOLDER/data_ingestion_local.py', '--cfg-path', '/tmp/tmpt823kphy', '--error-file', '/tmp/tmpid8cqvod']
[2022-04-13 21:17:07,363] {standard_task_runner.py:77} INFO - Job 332: Subtask ingest
[2022-04-13 21:17:07,583] {logging_mixin.py:109} INFO - Running <TaskInstance: LocalIngestionDAG.ingest scheduled__2021-02-02T06:00:43+00:00 [running]> on host 13db72185839
[2022-04-13 21:17:07,721] {taskinstance.py:1426} INFO - Exporting the following env vars:
AIRFLOW_CTX_DAG_OWNER=***
AIRFLOW_CTX_DAG_ID=LocalIngestionDAG
AIRFLOW_CTX_TASK_ID=ingest
AIRFLOW_CTX_EXECUTION_DATE=2021-02-02T06:00:43+00:00
AIRFLOW_CTX_DAG_RUN_ID=scheduled__2021-02-02T06:00:43+00:00
[2022-04-13 21:17:07,724] {subprocess.py:62} INFO - Tmp dir root location: 
 /tmp
[2022-04-13 21:17:07,725] {subprocess.py:74} INFO - Running command: ['bash', '-c', 'pwd']
[2022-04-13 21:17:07,740] {subprocess.py:85} INFO - Output:
[2022-04-13 21:17:07,743] {subprocess.py:89} INFO - /tmp/***tmpa_yhu701
[2022-04-13 21:17:07,745] {subprocess.py:93} INFO - Command exited with return code 0
[2022-04-13 21:17:07,859] {taskinstance.py:1277} INFO - Marking task as SUCCESS. dag_id=LocalIngestionDAG, task_id=ingest, execution_date=20210202T060043, start_date=20220413T211707, end_date=20220413T211707
[2022-04-13 21:17:07,947] {local_task_job.py:154} INFO - Task exited with return code 0
[2022-04-13 21:17:08,279] {local_task_job.py:264} INFO - 0 downstream tasks scheduled from follow-on schedule check
