[2022-04-13 21:17:46,302] {taskinstance.py:1032} INFO - Dependencies all met for <TaskInstance: LocalIngestionDAG.wget scheduled__2021-03-02T06:00:30+00:00 [queued]>
[2022-04-13 21:17:46,358] {taskinstance.py:1032} INFO - Dependencies all met for <TaskInstance: LocalIngestionDAG.wget scheduled__2021-03-02T06:00:30+00:00 [queued]>
[2022-04-13 21:17:46,362] {taskinstance.py:1238} INFO - 
--------------------------------------------------------------------------------
[2022-04-13 21:17:46,364] {taskinstance.py:1239} INFO - Starting attempt 1 of 1
[2022-04-13 21:17:46,366] {taskinstance.py:1240} INFO - 
--------------------------------------------------------------------------------
[2022-04-13 21:17:46,476] {taskinstance.py:1259} INFO - Executing <Task(BashOperator): wget> on 2021-03-02 06:00:30+00:00
[2022-04-13 21:17:46,483] {standard_task_runner.py:52} INFO - Started process 2074 to run task
[2022-04-13 21:17:46,490] {standard_task_runner.py:76} INFO - Running: ['***', 'tasks', 'run', 'LocalIngestionDAG', 'wget', 'scheduled__2021-03-02T06:00:30+00:00', '--job-id', '417', '--raw', '--subdir', 'DAGS_FOLDER/data_ingestion_local.py', '--cfg-path', '/tmp/tmpaqmnwo8v', '--error-file', '/tmp/tmp87gv05jx']
[2022-04-13 21:17:46,493] {standard_task_runner.py:77} INFO - Job 417: Subtask wget
[2022-04-13 21:17:46,635] {logging_mixin.py:109} INFO - Running <TaskInstance: LocalIngestionDAG.wget scheduled__2021-03-02T06:00:30+00:00 [running]> on host 13db72185839
[2022-04-13 21:17:46,860] {taskinstance.py:1426} INFO - Exporting the following env vars:
AIRFLOW_CTX_DAG_OWNER=***
AIRFLOW_CTX_DAG_ID=LocalIngestionDAG
AIRFLOW_CTX_TASK_ID=wget
AIRFLOW_CTX_EXECUTION_DATE=2021-03-02T06:00:30+00:00
AIRFLOW_CTX_DAG_RUN_ID=scheduled__2021-03-02T06:00:30+00:00
[2022-04-13 21:17:46,880] {subprocess.py:62} INFO - Tmp dir root location: 
 /tmp
[2022-04-13 21:17:46,895] {subprocess.py:74} INFO - Running command: ['bash', '-c', 'echo "hello world"']
[2022-04-13 21:17:46,948] {subprocess.py:85} INFO - Output:
[2022-04-13 21:17:46,949] {subprocess.py:89} INFO - hello world
[2022-04-13 21:17:46,952] {subprocess.py:93} INFO - Command exited with return code 0
[2022-04-13 21:17:47,414] {taskinstance.py:1277} INFO - Marking task as SUCCESS. dag_id=LocalIngestionDAG, task_id=wget, execution_date=20210302T060030, start_date=20220413T211746, end_date=20220413T211747
[2022-04-13 21:17:47,556] {local_task_job.py:154} INFO - Task exited with return code 0
[2022-04-13 21:17:47,742] {local_task_job.py:264} INFO - 1 downstream tasks scheduled from follow-on schedule check
