[2022-04-13 21:22:02,536] {taskinstance.py:1032} INFO - Dependencies all met for <TaskInstance: LocalIngestionDAG.wget scheduled__2021-05-02T06:00:25+00:00 [queued]>
[2022-04-13 21:22:02,575] {taskinstance.py:1032} INFO - Dependencies all met for <TaskInstance: LocalIngestionDAG.wget scheduled__2021-05-02T06:00:25+00:00 [queued]>
[2022-04-13 21:22:02,577] {taskinstance.py:1238} INFO - 
--------------------------------------------------------------------------------
[2022-04-13 21:22:02,578] {taskinstance.py:1239} INFO - Starting attempt 1 of 1
[2022-04-13 21:22:02,580] {taskinstance.py:1240} INFO - 
--------------------------------------------------------------------------------
[2022-04-13 21:22:02,638] {taskinstance.py:1259} INFO - Executing <Task(BashOperator): wget> on 2021-05-02 06:00:25+00:00
[2022-04-13 21:22:02,649] {standard_task_runner.py:52} INFO - Started process 2991 to run task
[2022-04-13 21:22:02,660] {standard_task_runner.py:76} INFO - Running: ['***', 'tasks', 'run', 'LocalIngestionDAG', 'wget', 'scheduled__2021-05-02T06:00:25+00:00', '--job-id', '649', '--raw', '--subdir', 'DAGS_FOLDER/data_ingestion_local.py', '--cfg-path', '/tmp/tmpb12dmrqa', '--error-file', '/tmp/tmp818rufa4']
[2022-04-13 21:22:02,664] {standard_task_runner.py:77} INFO - Job 649: Subtask wget
[2022-04-13 21:22:02,799] {logging_mixin.py:109} INFO - Running <TaskInstance: LocalIngestionDAG.wget scheduled__2021-05-02T06:00:25+00:00 [running]> on host 13db72185839
[2022-04-13 21:22:02,944] {taskinstance.py:1426} INFO - Exporting the following env vars:
AIRFLOW_CTX_DAG_OWNER=***
AIRFLOW_CTX_DAG_ID=LocalIngestionDAG
AIRFLOW_CTX_TASK_ID=wget
AIRFLOW_CTX_EXECUTION_DATE=2021-05-02T06:00:25+00:00
AIRFLOW_CTX_DAG_RUN_ID=scheduled__2021-05-02T06:00:25+00:00
[2022-04-13 21:22:02,947] {subprocess.py:62} INFO - Tmp dir root location: 
 /tmp
[2022-04-13 21:22:02,948] {subprocess.py:74} INFO - Running command: ['bash', '-c', 'echo "hello world"']
[2022-04-13 21:22:02,961] {subprocess.py:85} INFO - Output:
[2022-04-13 21:22:02,966] {subprocess.py:89} INFO - hello world
[2022-04-13 21:22:02,967] {subprocess.py:93} INFO - Command exited with return code 0
[2022-04-13 21:22:03,012] {taskinstance.py:1277} INFO - Marking task as SUCCESS. dag_id=LocalIngestionDAG, task_id=wget, execution_date=20210502T060025, start_date=20220413T212202, end_date=20220413T212203
[2022-04-13 21:22:03,114] {local_task_job.py:154} INFO - Task exited with return code 0
[2022-04-13 21:22:03,240] {local_task_job.py:264} INFO - 1 downstream tasks scheduled from follow-on schedule check
