[2022-04-13 21:23:45,624] {taskinstance.py:1032} INFO - Dependencies all met for <TaskInstance: LocalIngestionDAG.wget scheduled__2021-07-02T06:00:06+00:00 [queued]>
[2022-04-13 21:23:45,674] {taskinstance.py:1032} INFO - Dependencies all met for <TaskInstance: LocalIngestionDAG.wget scheduled__2021-07-02T06:00:06+00:00 [queued]>
[2022-04-13 21:23:45,686] {taskinstance.py:1238} INFO - 
--------------------------------------------------------------------------------
[2022-04-13 21:23:45,699] {taskinstance.py:1239} INFO - Starting attempt 1 of 1
[2022-04-13 21:23:45,700] {taskinstance.py:1240} INFO - 
--------------------------------------------------------------------------------
[2022-04-13 21:23:45,774] {taskinstance.py:1259} INFO - Executing <Task(BashOperator): wget> on 2021-07-02 06:00:06+00:00
[2022-04-13 21:23:45,785] {standard_task_runner.py:52} INFO - Started process 3663 to run task
[2022-04-13 21:23:45,808] {standard_task_runner.py:76} INFO - Running: ['***', 'tasks', 'run', 'LocalIngestionDAG', 'wget', 'scheduled__2021-07-02T06:00:06+00:00', '--job-id', '849', '--raw', '--subdir', 'DAGS_FOLDER/data_ingestion_local.py', '--cfg-path', '/tmp/tmp2z6pmsj8', '--error-file', '/tmp/tmp7gr76wxd']
[2022-04-13 21:23:45,825] {standard_task_runner.py:77} INFO - Job 849: Subtask wget
[2022-04-13 21:23:46,114] {logging_mixin.py:109} INFO - Running <TaskInstance: LocalIngestionDAG.wget scheduled__2021-07-02T06:00:06+00:00 [running]> on host 13db72185839
[2022-04-13 21:23:46,317] {taskinstance.py:1426} INFO - Exporting the following env vars:
AIRFLOW_CTX_DAG_OWNER=***
AIRFLOW_CTX_DAG_ID=LocalIngestionDAG
AIRFLOW_CTX_TASK_ID=wget
AIRFLOW_CTX_EXECUTION_DATE=2021-07-02T06:00:06+00:00
AIRFLOW_CTX_DAG_RUN_ID=scheduled__2021-07-02T06:00:06+00:00
[2022-04-13 21:23:46,320] {subprocess.py:62} INFO - Tmp dir root location: 
 /tmp
[2022-04-13 21:23:46,321] {subprocess.py:74} INFO - Running command: ['bash', '-c', 'echo "hello world"']
[2022-04-13 21:23:46,346] {subprocess.py:85} INFO - Output:
[2022-04-13 21:23:46,349] {subprocess.py:89} INFO - hello world
[2022-04-13 21:23:46,351] {subprocess.py:93} INFO - Command exited with return code 0
[2022-04-13 21:23:46,474] {taskinstance.py:1277} INFO - Marking task as SUCCESS. dag_id=LocalIngestionDAG, task_id=wget, execution_date=20210702T060006, start_date=20220413T212345, end_date=20220413T212346
[2022-04-13 21:23:46,655] {local_task_job.py:154} INFO - Task exited with return code 0
[2022-04-13 21:23:46,809] {local_task_job.py:264} INFO - 1 downstream tasks scheduled from follow-on schedule check
