[2022-04-13 22:36:19,615] {taskinstance.py:1032} INFO - Dependencies all met for <TaskInstance: LocalIngestionDAG.ingest scheduled__2022-04-02T06:00:37+00:00 [queued]>
[2022-04-13 22:36:19,650] {taskinstance.py:1032} INFO - Dependencies all met for <TaskInstance: LocalIngestionDAG.ingest scheduled__2022-04-02T06:00:37+00:00 [queued]>
[2022-04-13 22:36:19,651] {taskinstance.py:1238} INFO - 
--------------------------------------------------------------------------------
[2022-04-13 22:36:19,652] {taskinstance.py:1239} INFO - Starting attempt 1 of 1
[2022-04-13 22:36:19,653] {taskinstance.py:1240} INFO - 
--------------------------------------------------------------------------------
[2022-04-13 22:36:19,702] {taskinstance.py:1259} INFO - Executing <Task(BashOperator): ingest> on 2022-04-02 06:00:37+00:00
[2022-04-13 22:36:19,708] {standard_task_runner.py:52} INFO - Started process 11378 to run task
[2022-04-13 22:36:19,717] {standard_task_runner.py:76} INFO - Running: ['***', 'tasks', 'run', 'LocalIngestionDAG', 'ingest', 'scheduled__2022-04-02T06:00:37+00:00', '--job-id', '1968', '--raw', '--subdir', 'DAGS_FOLDER/data_ingestion_local.py', '--cfg-path', '/tmp/tmpachxwv8x', '--error-file', '/tmp/tmprunbrwpa']
[2022-04-13 22:36:19,720] {standard_task_runner.py:77} INFO - Job 1968: Subtask ingest
[2022-04-13 22:36:19,896] {logging_mixin.py:109} INFO - Running <TaskInstance: LocalIngestionDAG.ingest scheduled__2022-04-02T06:00:37+00:00 [running]> on host 13db72185839
[2022-04-13 22:36:20,093] {taskinstance.py:1426} INFO - Exporting the following env vars:
AIRFLOW_CTX_DAG_OWNER=***
AIRFLOW_CTX_DAG_ID=LocalIngestionDAG
AIRFLOW_CTX_TASK_ID=ingest
AIRFLOW_CTX_EXECUTION_DATE=2022-04-02T06:00:37+00:00
AIRFLOW_CTX_DAG_RUN_ID=scheduled__2022-04-02T06:00:37+00:00
[2022-04-13 22:36:20,095] {subprocess.py:62} INFO - Tmp dir root location: 
 /tmp
[2022-04-13 22:36:20,098] {subprocess.py:74} INFO - Running command: ['bash', '-c', 'ls /opt/***']
[2022-04-13 22:36:20,114] {subprocess.py:85} INFO - Output:
[2022-04-13 22:36:20,122] {subprocess.py:89} INFO - ***.cfg
[2022-04-13 22:36:20,123] {subprocess.py:89} INFO - dags
[2022-04-13 22:36:20,125] {subprocess.py:89} INFO - logs
[2022-04-13 22:36:20,127] {subprocess.py:89} INFO - output.csv
[2022-04-13 22:36:20,128] {subprocess.py:89} INFO - output_2022-03.csv
[2022-04-13 22:36:20,128] {subprocess.py:89} INFO - output_2022-04.csv
[2022-04-13 22:36:20,129] {subprocess.py:89} INFO - plugins
[2022-04-13 22:36:20,129] {subprocess.py:89} INFO - requirements.txt
[2022-04-13 22:36:20,130] {subprocess.py:89} INFO - scripts
[2022-04-13 22:36:20,130] {subprocess.py:89} INFO - webserver_config.py
[2022-04-13 22:36:20,131] {subprocess.py:93} INFO - Command exited with return code 0
[2022-04-13 22:36:20,178] {taskinstance.py:1277} INFO - Marking task as SUCCESS. dag_id=LocalIngestionDAG, task_id=ingest, execution_date=20220402T060037, start_date=20220413T223619, end_date=20220413T223620
[2022-04-13 22:36:20,212] {local_task_job.py:154} INFO - Task exited with return code 0
[2022-04-13 22:36:20,260] {local_task_job.py:264} INFO - 0 downstream tasks scheduled from follow-on schedule check
