[2022-04-13 21:17:33,856] {taskinstance.py:1032} INFO - Dependencies all met for <TaskInstance: LocalIngestionDAG.wget scheduled__2021-03-02T06:00:16+00:00 [queued]>
[2022-04-13 21:17:33,884] {taskinstance.py:1032} INFO - Dependencies all met for <TaskInstance: LocalIngestionDAG.wget scheduled__2021-03-02T06:00:16+00:00 [queued]>
[2022-04-13 21:17:33,885] {taskinstance.py:1238} INFO - 
--------------------------------------------------------------------------------
[2022-04-13 21:17:33,885] {taskinstance.py:1239} INFO - Starting attempt 1 of 1
[2022-04-13 21:17:33,886] {taskinstance.py:1240} INFO - 
--------------------------------------------------------------------------------
[2022-04-13 21:17:33,914] {taskinstance.py:1259} INFO - Executing <Task(BashOperator): wget> on 2021-03-02 06:00:16+00:00
[2022-04-13 21:17:33,918] {standard_task_runner.py:52} INFO - Started process 1977 to run task
[2022-04-13 21:17:33,925] {standard_task_runner.py:76} INFO - Running: ['***', 'tasks', 'run', 'LocalIngestionDAG', 'wget', 'scheduled__2021-03-02T06:00:16+00:00', '--job-id', '390', '--raw', '--subdir', 'DAGS_FOLDER/data_ingestion_local.py', '--cfg-path', '/tmp/tmpejnbaa4i', '--error-file', '/tmp/tmpl64mc4rj']
[2022-04-13 21:17:33,927] {standard_task_runner.py:77} INFO - Job 390: Subtask wget
[2022-04-13 21:17:34,046] {logging_mixin.py:109} INFO - Running <TaskInstance: LocalIngestionDAG.wget scheduled__2021-03-02T06:00:16+00:00 [running]> on host 13db72185839
[2022-04-13 21:17:34,228] {taskinstance.py:1426} INFO - Exporting the following env vars:
AIRFLOW_CTX_DAG_OWNER=***
AIRFLOW_CTX_DAG_ID=LocalIngestionDAG
AIRFLOW_CTX_TASK_ID=wget
AIRFLOW_CTX_EXECUTION_DATE=2021-03-02T06:00:16+00:00
AIRFLOW_CTX_DAG_RUN_ID=scheduled__2021-03-02T06:00:16+00:00
[2022-04-13 21:17:34,230] {subprocess.py:62} INFO - Tmp dir root location: 
 /tmp
[2022-04-13 21:17:34,231] {subprocess.py:74} INFO - Running command: ['bash', '-c', 'echo "hello world"']
[2022-04-13 21:17:34,242] {subprocess.py:85} INFO - Output:
[2022-04-13 21:17:34,247] {subprocess.py:89} INFO - hello world
[2022-04-13 21:17:34,248] {subprocess.py:93} INFO - Command exited with return code 0
[2022-04-13 21:17:34,298] {taskinstance.py:1277} INFO - Marking task as SUCCESS. dag_id=LocalIngestionDAG, task_id=wget, execution_date=20210302T060016, start_date=20220413T211733, end_date=20220413T211734
[2022-04-13 21:17:34,343] {local_task_job.py:154} INFO - Task exited with return code 0
[2022-04-13 21:17:34,429] {local_task_job.py:264} INFO - 1 downstream tasks scheduled from follow-on schedule check
