[2022-04-13 21:27:03,332] {taskinstance.py:1032} INFO - Dependencies all met for <TaskInstance: LocalIngestionDAG.wget scheduled__2021-10-02T06:00:04+00:00 [queued]>
[2022-04-13 21:27:03,370] {taskinstance.py:1032} INFO - Dependencies all met for <TaskInstance: LocalIngestionDAG.wget scheduled__2021-10-02T06:00:04+00:00 [queued]>
[2022-04-13 21:27:03,375] {taskinstance.py:1238} INFO - 
--------------------------------------------------------------------------------
[2022-04-13 21:27:03,376] {taskinstance.py:1239} INFO - Starting attempt 1 of 1
[2022-04-13 21:27:03,378] {taskinstance.py:1240} INFO - 
--------------------------------------------------------------------------------
[2022-04-13 21:27:03,444] {taskinstance.py:1259} INFO - Executing <Task(BashOperator): wget> on 2021-10-02 06:00:04+00:00
[2022-04-13 21:27:03,463] {standard_task_runner.py:52} INFO - Started process 4893 to run task
[2022-04-13 21:27:03,473] {standard_task_runner.py:76} INFO - Running: ['***', 'tasks', 'run', 'LocalIngestionDAG', 'wget', 'scheduled__2021-10-02T06:00:04+00:00', '--job-id', '1208', '--raw', '--subdir', 'DAGS_FOLDER/data_ingestion_local.py', '--cfg-path', '/tmp/tmpdibtqmas', '--error-file', '/tmp/tmpirbpfvx3']
[2022-04-13 21:27:03,483] {standard_task_runner.py:77} INFO - Job 1208: Subtask wget
[2022-04-13 21:27:03,752] {logging_mixin.py:109} INFO - Running <TaskInstance: LocalIngestionDAG.wget scheduled__2021-10-02T06:00:04+00:00 [running]> on host 13db72185839
[2022-04-13 21:27:03,999] {taskinstance.py:1426} INFO - Exporting the following env vars:
AIRFLOW_CTX_DAG_OWNER=***
AIRFLOW_CTX_DAG_ID=LocalIngestionDAG
AIRFLOW_CTX_TASK_ID=wget
AIRFLOW_CTX_EXECUTION_DATE=2021-10-02T06:00:04+00:00
AIRFLOW_CTX_DAG_RUN_ID=scheduled__2021-10-02T06:00:04+00:00
[2022-04-13 21:27:04,001] {subprocess.py:62} INFO - Tmp dir root location: 
 /tmp
[2022-04-13 21:27:04,006] {subprocess.py:74} INFO - Running command: ['bash', '-c', 'echo "hello world"']
[2022-04-13 21:27:04,028] {subprocess.py:85} INFO - Output:
[2022-04-13 21:27:04,060] {subprocess.py:89} INFO - hello world
[2022-04-13 21:27:04,081] {subprocess.py:93} INFO - Command exited with return code 0
[2022-04-13 21:27:04,265] {taskinstance.py:1277} INFO - Marking task as SUCCESS. dag_id=LocalIngestionDAG, task_id=wget, execution_date=20211002T060004, start_date=20220413T212703, end_date=20220413T212704
[2022-04-13 21:27:04,353] {local_task_job.py:154} INFO - Task exited with return code 0
[2022-04-13 21:27:04,491] {local_task_job.py:264} INFO - 1 downstream tasks scheduled from follow-on schedule check
