[2022-04-13 21:26:13,136] {taskinstance.py:1032} INFO - Dependencies all met for <TaskInstance: LocalIngestionDAG.wget scheduled__2021-09-02T06:00:21+00:00 [queued]>
[2022-04-13 21:26:13,185] {taskinstance.py:1032} INFO - Dependencies all met for <TaskInstance: LocalIngestionDAG.wget scheduled__2021-09-02T06:00:21+00:00 [queued]>
[2022-04-13 21:26:13,186] {taskinstance.py:1238} INFO - 
--------------------------------------------------------------------------------
[2022-04-13 21:26:13,187] {taskinstance.py:1239} INFO - Starting attempt 1 of 1
[2022-04-13 21:26:13,188] {taskinstance.py:1240} INFO - 
--------------------------------------------------------------------------------
[2022-04-13 21:26:13,227] {taskinstance.py:1259} INFO - Executing <Task(BashOperator): wget> on 2021-09-02 06:00:21+00:00
[2022-04-13 21:26:13,235] {standard_task_runner.py:52} INFO - Started process 4592 to run task
[2022-04-13 21:26:13,244] {standard_task_runner.py:76} INFO - Running: ['***', 'tasks', 'run', 'LocalIngestionDAG', 'wget', 'scheduled__2021-09-02T06:00:21+00:00', '--job-id', '1122', '--raw', '--subdir', 'DAGS_FOLDER/data_ingestion_local.py', '--cfg-path', '/tmp/tmpa01gmzun', '--error-file', '/tmp/tmpknqxsgge']
[2022-04-13 21:26:13,248] {standard_task_runner.py:77} INFO - Job 1122: Subtask wget
[2022-04-13 21:26:13,370] {logging_mixin.py:109} INFO - Running <TaskInstance: LocalIngestionDAG.wget scheduled__2021-09-02T06:00:21+00:00 [running]> on host 13db72185839
[2022-04-13 21:26:13,524] {taskinstance.py:1426} INFO - Exporting the following env vars:
AIRFLOW_CTX_DAG_OWNER=***
AIRFLOW_CTX_DAG_ID=LocalIngestionDAG
AIRFLOW_CTX_TASK_ID=wget
AIRFLOW_CTX_EXECUTION_DATE=2021-09-02T06:00:21+00:00
AIRFLOW_CTX_DAG_RUN_ID=scheduled__2021-09-02T06:00:21+00:00
[2022-04-13 21:26:13,531] {subprocess.py:62} INFO - Tmp dir root location: 
 /tmp
[2022-04-13 21:26:13,533] {subprocess.py:74} INFO - Running command: ['bash', '-c', 'echo "hello world"']
[2022-04-13 21:26:13,570] {subprocess.py:85} INFO - Output:
[2022-04-13 21:26:13,584] {subprocess.py:89} INFO - hello world
[2022-04-13 21:26:13,585] {subprocess.py:93} INFO - Command exited with return code 0
[2022-04-13 21:26:13,687] {taskinstance.py:1277} INFO - Marking task as SUCCESS. dag_id=LocalIngestionDAG, task_id=wget, execution_date=20210902T060021, start_date=20220413T212613, end_date=20220413T212613
[2022-04-13 21:26:13,785] {local_task_job.py:154} INFO - Task exited with return code 0
[2022-04-13 21:26:14,037] {local_task_job.py:264} INFO - 0 downstream tasks scheduled from follow-on schedule check
