[2022-04-13 21:21:42,614] {taskinstance.py:1032} INFO - Dependencies all met for <TaskInstance: LocalIngestionDAG.ingest scheduled__2021-05-02T06:00:05+00:00 [queued]>
[2022-04-13 21:21:42,654] {taskinstance.py:1032} INFO - Dependencies all met for <TaskInstance: LocalIngestionDAG.ingest scheduled__2021-05-02T06:00:05+00:00 [queued]>
[2022-04-13 21:21:42,655] {taskinstance.py:1238} INFO - 
--------------------------------------------------------------------------------
[2022-04-13 21:21:42,656] {taskinstance.py:1239} INFO - Starting attempt 1 of 1
[2022-04-13 21:21:42,656] {taskinstance.py:1240} INFO - 
--------------------------------------------------------------------------------
[2022-04-13 21:21:42,679] {taskinstance.py:1259} INFO - Executing <Task(BashOperator): ingest> on 2021-05-02 06:00:05+00:00
[2022-04-13 21:21:42,684] {standard_task_runner.py:52} INFO - Started process 2867 to run task
[2022-04-13 21:21:42,690] {standard_task_runner.py:76} INFO - Running: ['***', 'tasks', 'run', 'LocalIngestionDAG', 'ingest', 'scheduled__2021-05-02T06:00:05+00:00', '--job-id', '614', '--raw', '--subdir', 'DAGS_FOLDER/data_ingestion_local.py', '--cfg-path', '/tmp/tmpuhluun4g', '--error-file', '/tmp/tmpgocu5p92']
[2022-04-13 21:21:42,692] {standard_task_runner.py:77} INFO - Job 614: Subtask ingest
[2022-04-13 21:21:42,845] {logging_mixin.py:109} INFO - Running <TaskInstance: LocalIngestionDAG.ingest scheduled__2021-05-02T06:00:05+00:00 [running]> on host 13db72185839
[2022-04-13 21:21:42,996] {taskinstance.py:1426} INFO - Exporting the following env vars:
AIRFLOW_CTX_DAG_OWNER=***
AIRFLOW_CTX_DAG_ID=LocalIngestionDAG
AIRFLOW_CTX_TASK_ID=ingest
AIRFLOW_CTX_EXECUTION_DATE=2021-05-02T06:00:05+00:00
AIRFLOW_CTX_DAG_RUN_ID=scheduled__2021-05-02T06:00:05+00:00
[2022-04-13 21:21:43,002] {subprocess.py:62} INFO - Tmp dir root location: 
 /tmp
[2022-04-13 21:21:43,004] {subprocess.py:74} INFO - Running command: ['bash', '-c', 'pwd']
[2022-04-13 21:21:43,069] {subprocess.py:85} INFO - Output:
[2022-04-13 21:21:43,073] {subprocess.py:89} INFO - /tmp/***tmp8i63xavv
[2022-04-13 21:21:43,074] {subprocess.py:93} INFO - Command exited with return code 0
[2022-04-13 21:21:43,149] {taskinstance.py:1277} INFO - Marking task as SUCCESS. dag_id=LocalIngestionDAG, task_id=ingest, execution_date=20210502T060005, start_date=20220413T212142, end_date=20220413T212143
[2022-04-13 21:21:43,187] {local_task_job.py:154} INFO - Task exited with return code 0
[2022-04-13 21:21:43,228] {local_task_job.py:264} INFO - 0 downstream tasks scheduled from follow-on schedule check
