[2022-04-13 22:35:42,036] {taskinstance.py:1032} INFO - Dependencies all met for <TaskInstance: LocalIngestionDAG.ingest scheduled__2022-04-02T06:00:03+00:00 [queued]>
[2022-04-13 22:35:42,081] {taskinstance.py:1032} INFO - Dependencies all met for <TaskInstance: LocalIngestionDAG.ingest scheduled__2022-04-02T06:00:03+00:00 [queued]>
[2022-04-13 22:35:42,082] {taskinstance.py:1238} INFO - 
--------------------------------------------------------------------------------
[2022-04-13 22:35:42,083] {taskinstance.py:1239} INFO - Starting attempt 1 of 1
[2022-04-13 22:35:42,084] {taskinstance.py:1240} INFO - 
--------------------------------------------------------------------------------
[2022-04-13 22:35:42,163] {taskinstance.py:1259} INFO - Executing <Task(BashOperator): ingest> on 2022-04-02 06:00:03+00:00
[2022-04-13 22:35:42,172] {standard_task_runner.py:52} INFO - Started process 11099 to run task
[2022-04-13 22:35:42,221] {standard_task_runner.py:76} INFO - Running: ['***', 'tasks', 'run', 'LocalIngestionDAG', 'ingest', 'scheduled__2022-04-02T06:00:03+00:00', '--job-id', '1904', '--raw', '--subdir', 'DAGS_FOLDER/data_ingestion_local.py', '--cfg-path', '/tmp/tmpip0c38al', '--error-file', '/tmp/tmp77n3wcmf']
[2022-04-13 22:35:42,241] {standard_task_runner.py:77} INFO - Job 1904: Subtask ingest
[2022-04-13 22:35:42,574] {logging_mixin.py:109} INFO - Running <TaskInstance: LocalIngestionDAG.ingest scheduled__2022-04-02T06:00:03+00:00 [running]> on host 13db72185839
[2022-04-13 22:35:42,895] {taskinstance.py:1426} INFO - Exporting the following env vars:
AIRFLOW_CTX_DAG_OWNER=***
AIRFLOW_CTX_DAG_ID=LocalIngestionDAG
AIRFLOW_CTX_TASK_ID=ingest
AIRFLOW_CTX_EXECUTION_DATE=2022-04-02T06:00:03+00:00
AIRFLOW_CTX_DAG_RUN_ID=scheduled__2022-04-02T06:00:03+00:00
[2022-04-13 22:35:42,905] {subprocess.py:62} INFO - Tmp dir root location: 
 /tmp
[2022-04-13 22:35:42,916] {subprocess.py:74} INFO - Running command: ['bash', '-c', 'ls /opt/***']
[2022-04-13 22:35:42,945] {subprocess.py:85} INFO - Output:
[2022-04-13 22:35:42,953] {subprocess.py:89} INFO - ***.cfg
[2022-04-13 22:35:42,955] {subprocess.py:89} INFO - dags
[2022-04-13 22:35:42,956] {subprocess.py:89} INFO - logs
[2022-04-13 22:35:42,957] {subprocess.py:89} INFO - output.csv
[2022-04-13 22:35:42,958] {subprocess.py:89} INFO - output_2022-03.csv
[2022-04-13 22:35:42,968] {subprocess.py:89} INFO - output_2022-04.csv
[2022-04-13 22:35:42,977] {subprocess.py:89} INFO - plugins
[2022-04-13 22:35:42,979] {subprocess.py:89} INFO - requirements.txt
[2022-04-13 22:35:42,983] {subprocess.py:89} INFO - scripts
[2022-04-13 22:35:42,984] {subprocess.py:89} INFO - webserver_config.py
[2022-04-13 22:35:42,986] {subprocess.py:93} INFO - Command exited with return code 0
[2022-04-13 22:35:43,071] {taskinstance.py:1277} INFO - Marking task as SUCCESS. dag_id=LocalIngestionDAG, task_id=ingest, execution_date=20220402T060003, start_date=20220413T223542, end_date=20220413T223543
[2022-04-13 22:35:43,195] {local_task_job.py:154} INFO - Task exited with return code 0
[2022-04-13 22:35:43,432] {local_task_job.py:264} INFO - 0 downstream tasks scheduled from follow-on schedule check
