[2022-04-13 22:35:52,790] {taskinstance.py:1032} INFO - Dependencies all met for <TaskInstance: LocalIngestionDAG.ingest scheduled__2022-04-02T06:00:11+00:00 [queued]>
[2022-04-13 22:35:52,827] {taskinstance.py:1032} INFO - Dependencies all met for <TaskInstance: LocalIngestionDAG.ingest scheduled__2022-04-02T06:00:11+00:00 [queued]>
[2022-04-13 22:35:52,828] {taskinstance.py:1238} INFO - 
--------------------------------------------------------------------------------
[2022-04-13 22:35:52,830] {taskinstance.py:1239} INFO - Starting attempt 1 of 1
[2022-04-13 22:35:52,832] {taskinstance.py:1240} INFO - 
--------------------------------------------------------------------------------
[2022-04-13 22:35:52,900] {taskinstance.py:1259} INFO - Executing <Task(BashOperator): ingest> on 2022-04-02 06:00:11+00:00
[2022-04-13 22:35:52,912] {standard_task_runner.py:52} INFO - Started process 11192 to run task
[2022-04-13 22:35:52,954] {standard_task_runner.py:76} INFO - Running: ['***', 'tasks', 'run', 'LocalIngestionDAG', 'ingest', 'scheduled__2022-04-02T06:00:11+00:00', '--job-id', '1923', '--raw', '--subdir', 'DAGS_FOLDER/data_ingestion_local.py', '--cfg-path', '/tmp/tmpryt63uqe', '--error-file', '/tmp/tmp9j35tb73']
[2022-04-13 22:35:52,981] {standard_task_runner.py:77} INFO - Job 1923: Subtask ingest
[2022-04-13 22:35:53,404] {logging_mixin.py:109} INFO - Running <TaskInstance: LocalIngestionDAG.ingest scheduled__2022-04-02T06:00:11+00:00 [running]> on host 13db72185839
[2022-04-13 22:35:53,743] {taskinstance.py:1426} INFO - Exporting the following env vars:
AIRFLOW_CTX_DAG_OWNER=***
AIRFLOW_CTX_DAG_ID=LocalIngestionDAG
AIRFLOW_CTX_TASK_ID=ingest
AIRFLOW_CTX_EXECUTION_DATE=2022-04-02T06:00:11+00:00
AIRFLOW_CTX_DAG_RUN_ID=scheduled__2022-04-02T06:00:11+00:00
[2022-04-13 22:35:53,751] {subprocess.py:62} INFO - Tmp dir root location: 
 /tmp
[2022-04-13 22:35:53,754] {subprocess.py:74} INFO - Running command: ['bash', '-c', 'ls /opt/***']
[2022-04-13 22:35:53,793] {subprocess.py:85} INFO - Output:
[2022-04-13 22:35:53,800] {subprocess.py:89} INFO - ***.cfg
[2022-04-13 22:35:53,801] {subprocess.py:89} INFO - dags
[2022-04-13 22:35:53,801] {subprocess.py:89} INFO - logs
[2022-04-13 22:35:53,802] {subprocess.py:89} INFO - output.csv
[2022-04-13 22:35:53,802] {subprocess.py:89} INFO - output_2022-03.csv
[2022-04-13 22:35:53,805] {subprocess.py:89} INFO - output_2022-04.csv
[2022-04-13 22:35:53,808] {subprocess.py:89} INFO - plugins
[2022-04-13 22:35:53,819] {subprocess.py:89} INFO - requirements.txt
[2022-04-13 22:35:53,832] {subprocess.py:89} INFO - scripts
[2022-04-13 22:35:53,836] {subprocess.py:89} INFO - webserver_config.py
[2022-04-13 22:35:53,837] {subprocess.py:93} INFO - Command exited with return code 0
[2022-04-13 22:35:53,967] {taskinstance.py:1277} INFO - Marking task as SUCCESS. dag_id=LocalIngestionDAG, task_id=ingest, execution_date=20220402T060011, start_date=20220413T223552, end_date=20220413T223553
[2022-04-13 22:35:54,146] {local_task_job.py:154} INFO - Task exited with return code 0
[2022-04-13 22:35:54,390] {local_task_job.py:264} INFO - 0 downstream tasks scheduled from follow-on schedule check
