[2022-04-15 23:33:05,398] {taskinstance.py:1032} INFO - Dependencies all met for <TaskInstance: data_ingestion_gcs_dag.download_dataset_task scheduled__2022-04-14T00:00:00+00:00 [queued]>
[2022-04-15 23:33:05,416] {taskinstance.py:1032} INFO - Dependencies all met for <TaskInstance: data_ingestion_gcs_dag.download_dataset_task scheduled__2022-04-14T00:00:00+00:00 [queued]>
[2022-04-15 23:33:05,417] {taskinstance.py:1238} INFO - 
--------------------------------------------------------------------------------
[2022-04-15 23:33:05,418] {taskinstance.py:1239} INFO - Starting attempt 2 of 3
[2022-04-15 23:33:05,418] {taskinstance.py:1240} INFO - 
--------------------------------------------------------------------------------
[2022-04-15 23:33:05,437] {taskinstance.py:1259} INFO - Executing <Task(BashOperator): download_dataset_task> on 2022-04-14 00:00:00+00:00
[2022-04-15 23:33:05,443] {standard_task_runner.py:52} INFO - Started process 3086 to run task
[2022-04-15 23:33:05,448] {standard_task_runner.py:76} INFO - Running: ['***', 'tasks', 'run', 'data_ingestion_gcs_dag', 'download_dataset_task', 'scheduled__2022-04-14T00:00:00+00:00', '--job-id', '2080', '--raw', '--subdir', 'DAGS_FOLDER/data_ingestion_gcs_dag.py', '--cfg-path', '/tmp/tmp3yr6x41n', '--error-file', '/tmp/tmpw7rfcr_4']
[2022-04-15 23:33:05,450] {standard_task_runner.py:77} INFO - Job 2080: Subtask download_dataset_task
[2022-04-15 23:33:05,558] {logging_mixin.py:109} INFO - Running <TaskInstance: data_ingestion_gcs_dag.download_dataset_task scheduled__2022-04-14T00:00:00+00:00 [running]> on host fafd9ac351ac
[2022-04-15 23:33:05,628] {taskinstance.py:1426} INFO - Exporting the following env vars:
AIRFLOW_CTX_DAG_OWNER=***
AIRFLOW_CTX_DAG_ID=data_ingestion_gcs_dag
AIRFLOW_CTX_TASK_ID=download_dataset_task
AIRFLOW_CTX_EXECUTION_DATE=2022-04-14T00:00:00+00:00
AIRFLOW_CTX_DAG_RUN_ID=scheduled__2022-04-14T00:00:00+00:00
[2022-04-15 23:33:05,630] {subprocess.py:62} INFO - Tmp dir root location: 
 /tmp
[2022-04-15 23:33:05,632] {subprocess.py:74} INFO - Running command: ['bash', '-c', 'curl -sSL https://s3.amazonaws.com/nyc-tlc/trip+data/yellow_tripdata_2021-01.csv > /opt/***/yellow_tripdata_2021-01.csv']
[2022-04-15 23:33:05,655] {subprocess.py:85} INFO - Output:
[2022-04-15 23:33:45,994] {subprocess.py:93} INFO - Command exited with return code 0
[2022-04-15 23:33:46,036] {taskinstance.py:1277} INFO - Marking task as SUCCESS. dag_id=data_ingestion_gcs_dag, task_id=download_dataset_task, execution_date=20220414T000000, start_date=20220415T233305, end_date=20220415T233346
[2022-04-15 23:33:46,099] {local_task_job.py:154} INFO - Task exited with return code 0
[2022-04-15 23:33:46,136] {dagrun.py:628} WARNING - Failed to get task '<TaskInstance: data_ingestion_gcs_dag.bq_ext_2_part_task scheduled__2022-04-14T00:00:00+00:00 [removed]>' for dag 'data_ingestion_gcs_dag'. Marking it as removed.
[2022-04-15 23:33:46,137] {dagrun.py:628} WARNING - Failed to get task '<TaskInstance: data_ingestion_gcs_dag.gcs_2_bq_ext_task scheduled__2022-04-14T00:00:00+00:00 [removed]>' for dag 'data_ingestion_gcs_dag'. Marking it as removed.
[2022-04-15 23:33:46,138] {dagrun.py:628} WARNING - Failed to get task '<TaskInstance: data_ingestion_gcs_dag.gcs_2_gcs_task scheduled__2022-04-14T00:00:00+00:00 [removed]>' for dag 'data_ingestion_gcs_dag'. Marking it as removed.
[2022-04-15 23:33:46,150] {local_task_job.py:264} INFO - 1 downstream tasks scheduled from follow-on schedule check
