[2022-04-13 21:16:27,050] {taskinstance.py:1032} INFO - Dependencies all met for <TaskInstance: LocalIngestionDAG.wget scheduled__2021-02-02T06:00:00+00:00 [queued]>
[2022-04-13 21:16:27,091] {taskinstance.py:1032} INFO - Dependencies all met for <TaskInstance: LocalIngestionDAG.wget scheduled__2021-02-02T06:00:00+00:00 [queued]>
[2022-04-13 21:16:27,092] {taskinstance.py:1238} INFO - 
--------------------------------------------------------------------------------
[2022-04-13 21:16:27,093] {taskinstance.py:1239} INFO - Starting attempt 1 of 1
[2022-04-13 21:16:27,095] {taskinstance.py:1240} INFO - 
--------------------------------------------------------------------------------
[2022-04-13 21:16:27,133] {taskinstance.py:1259} INFO - Executing <Task(BashOperator): wget> on 2021-02-02 06:00:00+00:00
[2022-04-13 21:16:27,146] {standard_task_runner.py:52} INFO - Started process 1458 to run task
[2022-04-13 21:16:27,154] {standard_task_runner.py:76} INFO - Running: ['***', 'tasks', 'run', 'LocalIngestionDAG', 'wget', 'scheduled__2021-02-02T06:00:00+00:00', '--job-id', '237', '--raw', '--subdir', 'DAGS_FOLDER/data_ingestion_local.py', '--cfg-path', '/tmp/tmpq83d5o65', '--error-file', '/tmp/tmpnu5e3i1f']
[2022-04-13 21:16:27,156] {standard_task_runner.py:77} INFO - Job 237: Subtask wget
[2022-04-13 21:16:27,283] {logging_mixin.py:109} INFO - Running <TaskInstance: LocalIngestionDAG.wget scheduled__2021-02-02T06:00:00+00:00 [running]> on host 13db72185839
[2022-04-13 21:16:27,397] {taskinstance.py:1426} INFO - Exporting the following env vars:
AIRFLOW_CTX_DAG_OWNER=***
AIRFLOW_CTX_DAG_ID=LocalIngestionDAG
AIRFLOW_CTX_TASK_ID=wget
AIRFLOW_CTX_EXECUTION_DATE=2021-02-02T06:00:00+00:00
AIRFLOW_CTX_DAG_RUN_ID=scheduled__2021-02-02T06:00:00+00:00
[2022-04-13 21:16:27,399] {subprocess.py:62} INFO - Tmp dir root location: 
 /tmp
[2022-04-13 21:16:27,401] {subprocess.py:74} INFO - Running command: ['bash', '-c', 'echo "hello world"']
[2022-04-13 21:16:27,417] {subprocess.py:85} INFO - Output:
[2022-04-13 21:16:27,421] {subprocess.py:89} INFO - hello world
[2022-04-13 21:16:27,422] {subprocess.py:93} INFO - Command exited with return code 0
[2022-04-13 21:16:27,472] {taskinstance.py:1277} INFO - Marking task as SUCCESS. dag_id=LocalIngestionDAG, task_id=wget, execution_date=20210202T060000, start_date=20220413T211627, end_date=20220413T211627
[2022-04-13 21:16:27,528] {local_task_job.py:154} INFO - Task exited with return code 0
[2022-04-13 21:16:27,650] {local_task_job.py:264} INFO - 1 downstream tasks scheduled from follow-on schedule check
