[2022-04-13 21:21:01,347] {taskinstance.py:1032} INFO - Dependencies all met for <TaskInstance: LocalIngestionDAG.ingest scheduled__2021-04-02T06:00:24+00:00 [queued]>
[2022-04-13 21:21:01,379] {taskinstance.py:1032} INFO - Dependencies all met for <TaskInstance: LocalIngestionDAG.ingest scheduled__2021-04-02T06:00:24+00:00 [queued]>
[2022-04-13 21:21:01,379] {taskinstance.py:1238} INFO - 
--------------------------------------------------------------------------------
[2022-04-13 21:21:01,380] {taskinstance.py:1239} INFO - Starting attempt 1 of 1
[2022-04-13 21:21:01,380] {taskinstance.py:1240} INFO - 
--------------------------------------------------------------------------------
[2022-04-13 21:21:01,415] {taskinstance.py:1259} INFO - Executing <Task(BashOperator): ingest> on 2021-04-02 06:00:24+00:00
[2022-04-13 21:21:01,425] {standard_task_runner.py:52} INFO - Started process 2591 to run task
[2022-04-13 21:21:01,433] {standard_task_runner.py:76} INFO - Running: ['***', 'tasks', 'run', 'LocalIngestionDAG', 'ingest', 'scheduled__2021-04-02T06:00:24+00:00', '--job-id', '533', '--raw', '--subdir', 'DAGS_FOLDER/data_ingestion_local.py', '--cfg-path', '/tmp/tmpkfweacwa', '--error-file', '/tmp/tmpi7cnf7fp']
[2022-04-13 21:21:01,436] {standard_task_runner.py:77} INFO - Job 533: Subtask ingest
[2022-04-13 21:21:01,551] {logging_mixin.py:109} INFO - Running <TaskInstance: LocalIngestionDAG.ingest scheduled__2021-04-02T06:00:24+00:00 [running]> on host 13db72185839
[2022-04-13 21:21:01,652] {taskinstance.py:1426} INFO - Exporting the following env vars:
AIRFLOW_CTX_DAG_OWNER=***
AIRFLOW_CTX_DAG_ID=LocalIngestionDAG
AIRFLOW_CTX_TASK_ID=ingest
AIRFLOW_CTX_EXECUTION_DATE=2021-04-02T06:00:24+00:00
AIRFLOW_CTX_DAG_RUN_ID=scheduled__2021-04-02T06:00:24+00:00
[2022-04-13 21:21:01,654] {subprocess.py:62} INFO - Tmp dir root location: 
 /tmp
[2022-04-13 21:21:01,655] {subprocess.py:74} INFO - Running command: ['bash', '-c', 'pwd']
[2022-04-13 21:21:01,668] {subprocess.py:85} INFO - Output:
[2022-04-13 21:21:01,672] {subprocess.py:89} INFO - /tmp/***tmpcfzxy9lt
[2022-04-13 21:21:01,673] {subprocess.py:93} INFO - Command exited with return code 0
[2022-04-13 21:21:01,712] {taskinstance.py:1277} INFO - Marking task as SUCCESS. dag_id=LocalIngestionDAG, task_id=ingest, execution_date=20210402T060024, start_date=20220413T212101, end_date=20220413T212101
[2022-04-13 21:21:01,765] {local_task_job.py:154} INFO - Task exited with return code 0
[2022-04-13 21:21:01,805] {local_task_job.py:264} INFO - 0 downstream tasks scheduled from follow-on schedule check
