[2022-04-13 21:24:30,409] {taskinstance.py:1032} INFO - Dependencies all met for <TaskInstance: LocalIngestionDAG.ingest scheduled__2021-07-02T06:00:46+00:00 [queued]>
[2022-04-13 21:24:30,445] {taskinstance.py:1032} INFO - Dependencies all met for <TaskInstance: LocalIngestionDAG.ingest scheduled__2021-07-02T06:00:46+00:00 [queued]>
[2022-04-13 21:24:30,446] {taskinstance.py:1238} INFO - 
--------------------------------------------------------------------------------
[2022-04-13 21:24:30,446] {taskinstance.py:1239} INFO - Starting attempt 1 of 1
[2022-04-13 21:24:30,447] {taskinstance.py:1240} INFO - 
--------------------------------------------------------------------------------
[2022-04-13 21:24:30,480] {taskinstance.py:1259} INFO - Executing <Task(BashOperator): ingest> on 2021-07-02 06:00:46+00:00
[2022-04-13 21:24:30,491] {standard_task_runner.py:52} INFO - Started process 3963 to run task
[2022-04-13 21:24:30,501] {standard_task_runner.py:76} INFO - Running: ['***', 'tasks', 'run', 'LocalIngestionDAG', 'ingest', 'scheduled__2021-07-02T06:00:46+00:00', '--job-id', '935', '--raw', '--subdir', 'DAGS_FOLDER/data_ingestion_local.py', '--cfg-path', '/tmp/tmp0nu2zbey', '--error-file', '/tmp/tmpbiigwxk5']
[2022-04-13 21:24:30,505] {standard_task_runner.py:77} INFO - Job 935: Subtask ingest
[2022-04-13 21:24:30,680] {logging_mixin.py:109} INFO - Running <TaskInstance: LocalIngestionDAG.ingest scheduled__2021-07-02T06:00:46+00:00 [running]> on host 13db72185839
[2022-04-13 21:24:30,830] {taskinstance.py:1426} INFO - Exporting the following env vars:
AIRFLOW_CTX_DAG_OWNER=***
AIRFLOW_CTX_DAG_ID=LocalIngestionDAG
AIRFLOW_CTX_TASK_ID=ingest
AIRFLOW_CTX_EXECUTION_DATE=2021-07-02T06:00:46+00:00
AIRFLOW_CTX_DAG_RUN_ID=scheduled__2021-07-02T06:00:46+00:00
[2022-04-13 21:24:30,833] {subprocess.py:62} INFO - Tmp dir root location: 
 /tmp
[2022-04-13 21:24:30,835] {subprocess.py:74} INFO - Running command: ['bash', '-c', 'pwd']
[2022-04-13 21:24:30,849] {subprocess.py:85} INFO - Output:
[2022-04-13 21:24:30,856] {subprocess.py:89} INFO - /tmp/***tmp_geu7_5k
[2022-04-13 21:24:30,857] {subprocess.py:93} INFO - Command exited with return code 0
[2022-04-13 21:24:30,907] {taskinstance.py:1277} INFO - Marking task as SUCCESS. dag_id=LocalIngestionDAG, task_id=ingest, execution_date=20210702T060046, start_date=20220413T212430, end_date=20220413T212430
[2022-04-13 21:24:30,957] {local_task_job.py:154} INFO - Task exited with return code 0
[2022-04-13 21:24:31,012] {local_task_job.py:264} INFO - 0 downstream tasks scheduled from follow-on schedule check
