[2022-04-13 21:21:51,586] {taskinstance.py:1032} INFO - Dependencies all met for <TaskInstance: LocalIngestionDAG.ingest scheduled__2021-05-02T06:00:13+00:00 [queued]>
[2022-04-13 21:21:51,619] {taskinstance.py:1032} INFO - Dependencies all met for <TaskInstance: LocalIngestionDAG.ingest scheduled__2021-05-02T06:00:13+00:00 [queued]>
[2022-04-13 21:21:51,620] {taskinstance.py:1238} INFO - 
--------------------------------------------------------------------------------
[2022-04-13 21:21:51,621] {taskinstance.py:1239} INFO - Starting attempt 1 of 1
[2022-04-13 21:21:51,622] {taskinstance.py:1240} INFO - 
--------------------------------------------------------------------------------
[2022-04-13 21:21:51,668] {taskinstance.py:1259} INFO - Executing <Task(BashOperator): ingest> on 2021-05-02 06:00:13+00:00
[2022-04-13 21:21:51,676] {standard_task_runner.py:52} INFO - Started process 2925 to run task
[2022-04-13 21:21:51,695] {standard_task_runner.py:76} INFO - Running: ['***', 'tasks', 'run', 'LocalIngestionDAG', 'ingest', 'scheduled__2021-05-02T06:00:13+00:00', '--job-id', '631', '--raw', '--subdir', 'DAGS_FOLDER/data_ingestion_local.py', '--cfg-path', '/tmp/tmp3ktx4abt', '--error-file', '/tmp/tmpfw4hpzjl']
[2022-04-13 21:21:51,698] {standard_task_runner.py:77} INFO - Job 631: Subtask ingest
[2022-04-13 21:21:51,898] {logging_mixin.py:109} INFO - Running <TaskInstance: LocalIngestionDAG.ingest scheduled__2021-05-02T06:00:13+00:00 [running]> on host 13db72185839
[2022-04-13 21:21:52,036] {taskinstance.py:1426} INFO - Exporting the following env vars:
AIRFLOW_CTX_DAG_OWNER=***
AIRFLOW_CTX_DAG_ID=LocalIngestionDAG
AIRFLOW_CTX_TASK_ID=ingest
AIRFLOW_CTX_EXECUTION_DATE=2021-05-02T06:00:13+00:00
AIRFLOW_CTX_DAG_RUN_ID=scheduled__2021-05-02T06:00:13+00:00
[2022-04-13 21:21:52,039] {subprocess.py:62} INFO - Tmp dir root location: 
 /tmp
[2022-04-13 21:21:52,040] {subprocess.py:74} INFO - Running command: ['bash', '-c', 'pwd']
[2022-04-13 21:21:52,054] {subprocess.py:85} INFO - Output:
[2022-04-13 21:21:52,058] {subprocess.py:89} INFO - /tmp/***tmpr2q3d3hs
[2022-04-13 21:21:52,059] {subprocess.py:93} INFO - Command exited with return code 0
[2022-04-13 21:21:52,099] {taskinstance.py:1277} INFO - Marking task as SUCCESS. dag_id=LocalIngestionDAG, task_id=ingest, execution_date=20210502T060013, start_date=20220413T212151, end_date=20220413T212152
[2022-04-13 21:21:52,127] {local_task_job.py:154} INFO - Task exited with return code 0
[2022-04-13 21:21:52,196] {local_task_job.py:264} INFO - 0 downstream tasks scheduled from follow-on schedule check
