[2022-04-13 21:21:17,668] {taskinstance.py:1032} INFO - Dependencies all met for <TaskInstance: LocalIngestionDAG.ingest scheduled__2021-04-02T06:00:40+00:00 [queued]>
[2022-04-13 21:21:17,717] {taskinstance.py:1032} INFO - Dependencies all met for <TaskInstance: LocalIngestionDAG.ingest scheduled__2021-04-02T06:00:40+00:00 [queued]>
[2022-04-13 21:21:17,718] {taskinstance.py:1238} INFO - 
--------------------------------------------------------------------------------
[2022-04-13 21:21:17,719] {taskinstance.py:1239} INFO - Starting attempt 1 of 1
[2022-04-13 21:21:17,719] {taskinstance.py:1240} INFO - 
--------------------------------------------------------------------------------
[2022-04-13 21:21:17,753] {taskinstance.py:1259} INFO - Executing <Task(BashOperator): ingest> on 2021-04-02 06:00:40+00:00
[2022-04-13 21:21:17,766] {standard_task_runner.py:52} INFO - Started process 2700 to run task
[2022-04-13 21:21:17,772] {standard_task_runner.py:76} INFO - Running: ['***', 'tasks', 'run', 'LocalIngestionDAG', 'ingest', 'scheduled__2021-04-02T06:00:40+00:00', '--job-id', '564', '--raw', '--subdir', 'DAGS_FOLDER/data_ingestion_local.py', '--cfg-path', '/tmp/tmp00_92s1t', '--error-file', '/tmp/tmpl6cv_fct']
[2022-04-13 21:21:17,778] {standard_task_runner.py:77} INFO - Job 564: Subtask ingest
[2022-04-13 21:21:18,109] {logging_mixin.py:109} INFO - Running <TaskInstance: LocalIngestionDAG.ingest scheduled__2021-04-02T06:00:40+00:00 [running]> on host 13db72185839
[2022-04-13 21:21:18,399] {taskinstance.py:1426} INFO - Exporting the following env vars:
AIRFLOW_CTX_DAG_OWNER=***
AIRFLOW_CTX_DAG_ID=LocalIngestionDAG
AIRFLOW_CTX_TASK_ID=ingest
AIRFLOW_CTX_EXECUTION_DATE=2021-04-02T06:00:40+00:00
AIRFLOW_CTX_DAG_RUN_ID=scheduled__2021-04-02T06:00:40+00:00
[2022-04-13 21:21:18,400] {subprocess.py:62} INFO - Tmp dir root location: 
 /tmp
[2022-04-13 21:21:18,402] {subprocess.py:74} INFO - Running command: ['bash', '-c', 'pwd']
[2022-04-13 21:21:18,417] {subprocess.py:85} INFO - Output:
[2022-04-13 21:21:18,421] {subprocess.py:89} INFO - /tmp/***tmp5ad9icn0
[2022-04-13 21:21:18,423] {subprocess.py:93} INFO - Command exited with return code 0
[2022-04-13 21:21:18,535] {taskinstance.py:1277} INFO - Marking task as SUCCESS. dag_id=LocalIngestionDAG, task_id=ingest, execution_date=20210402T060040, start_date=20220413T212117, end_date=20220413T212118
[2022-04-13 21:21:18,587] {local_task_job.py:154} INFO - Task exited with return code 0
[2022-04-13 21:21:18,716] {local_task_job.py:264} INFO - 0 downstream tasks scheduled from follow-on schedule check
