[2022-04-13 21:18:10,045] {taskinstance.py:1032} INFO - Dependencies all met for <TaskInstance: LocalIngestionDAG.ingest scheduled__2021-03-02T06:00:55+00:00 [queued]>
[2022-04-13 21:18:10,098] {taskinstance.py:1032} INFO - Dependencies all met for <TaskInstance: LocalIngestionDAG.ingest scheduled__2021-03-02T06:00:55+00:00 [queued]>
[2022-04-13 21:18:10,110] {taskinstance.py:1238} INFO - 
--------------------------------------------------------------------------------
[2022-04-13 21:18:10,111] {taskinstance.py:1239} INFO - Starting attempt 1 of 1
[2022-04-13 21:18:10,116] {taskinstance.py:1240} INFO - 
--------------------------------------------------------------------------------
[2022-04-13 21:18:10,210] {taskinstance.py:1259} INFO - Executing <Task(BashOperator): ingest> on 2021-03-02 06:00:55+00:00
[2022-04-13 21:18:10,216] {standard_task_runner.py:52} INFO - Started process 2259 to run task
[2022-04-13 21:18:10,222] {standard_task_runner.py:76} INFO - Running: ['***', 'tasks', 'run', 'LocalIngestionDAG', 'ingest', 'scheduled__2021-03-02T06:00:55+00:00', '--job-id', '475', '--raw', '--subdir', 'DAGS_FOLDER/data_ingestion_local.py', '--cfg-path', '/tmp/tmpclhd0g_5', '--error-file', '/tmp/tmp9ng5cztr']
[2022-04-13 21:18:10,226] {standard_task_runner.py:77} INFO - Job 475: Subtask ingest
[2022-04-13 21:18:10,448] {logging_mixin.py:109} INFO - Running <TaskInstance: LocalIngestionDAG.ingest scheduled__2021-03-02T06:00:55+00:00 [running]> on host 13db72185839
[2022-04-13 21:18:10,691] {taskinstance.py:1426} INFO - Exporting the following env vars:
AIRFLOW_CTX_DAG_OWNER=***
AIRFLOW_CTX_DAG_ID=LocalIngestionDAG
AIRFLOW_CTX_TASK_ID=ingest
AIRFLOW_CTX_EXECUTION_DATE=2021-03-02T06:00:55+00:00
AIRFLOW_CTX_DAG_RUN_ID=scheduled__2021-03-02T06:00:55+00:00
[2022-04-13 21:18:10,699] {subprocess.py:62} INFO - Tmp dir root location: 
 /tmp
[2022-04-13 21:18:10,703] {subprocess.py:74} INFO - Running command: ['bash', '-c', 'pwd']
[2022-04-13 21:18:10,743] {subprocess.py:85} INFO - Output:
[2022-04-13 21:18:10,751] {subprocess.py:89} INFO - /tmp/***tmpxvutf12q
[2022-04-13 21:18:10,752] {subprocess.py:93} INFO - Command exited with return code 0
[2022-04-13 21:18:10,874] {taskinstance.py:1277} INFO - Marking task as SUCCESS. dag_id=LocalIngestionDAG, task_id=ingest, execution_date=20210302T060055, start_date=20220413T211810, end_date=20220413T211810
[2022-04-13 21:18:11,007] {local_task_job.py:154} INFO - Task exited with return code 0
[2022-04-13 21:18:11,116] {local_task_job.py:264} INFO - 0 downstream tasks scheduled from follow-on schedule check
