[2022-04-13 22:31:31,297] {taskinstance.py:1032} INFO - Dependencies all met for <TaskInstance: LocalIngestionDAG.ingest scheduled__2021-12-02T06:00:49+00:00 [queued]>
[2022-04-13 22:31:31,361] {taskinstance.py:1032} INFO - Dependencies all met for <TaskInstance: LocalIngestionDAG.ingest scheduled__2021-12-02T06:00:49+00:00 [queued]>
[2022-04-13 22:31:31,366] {taskinstance.py:1238} INFO - 
--------------------------------------------------------------------------------
[2022-04-13 22:31:31,367] {taskinstance.py:1239} INFO - Starting attempt 1 of 1
[2022-04-13 22:31:31,377] {taskinstance.py:1240} INFO - 
--------------------------------------------------------------------------------
[2022-04-13 22:31:31,528] {taskinstance.py:1259} INFO - Executing <Task(BashOperator): ingest> on 2021-12-02 06:00:49+00:00
[2022-04-13 22:31:31,574] {standard_task_runner.py:52} INFO - Started process 9371 to run task
[2022-04-13 22:31:31,580] {standard_task_runner.py:76} INFO - Running: ['***', 'tasks', 'run', 'LocalIngestionDAG', 'ingest', 'scheduled__2021-12-02T06:00:49+00:00', '--job-id', '1516', '--raw', '--subdir', 'DAGS_FOLDER/data_ingestion_local.py', '--cfg-path', '/tmp/tmpyuegb9mz', '--error-file', '/tmp/tmp7ko8kgdw']
[2022-04-13 22:31:31,609] {standard_task_runner.py:77} INFO - Job 1516: Subtask ingest
[2022-04-13 22:31:31,979] {logging_mixin.py:109} INFO - Running <TaskInstance: LocalIngestionDAG.ingest scheduled__2021-12-02T06:00:49+00:00 [running]> on host 13db72185839
[2022-04-13 22:31:32,287] {taskinstance.py:1426} INFO - Exporting the following env vars:
AIRFLOW_CTX_DAG_OWNER=***
AIRFLOW_CTX_DAG_ID=LocalIngestionDAG
AIRFLOW_CTX_TASK_ID=ingest
AIRFLOW_CTX_EXECUTION_DATE=2021-12-02T06:00:49+00:00
AIRFLOW_CTX_DAG_RUN_ID=scheduled__2021-12-02T06:00:49+00:00
[2022-04-13 22:31:32,308] {subprocess.py:62} INFO - Tmp dir root location: 
 /tmp
[2022-04-13 22:31:32,315] {subprocess.py:74} INFO - Running command: ['bash', '-c', 'ls /opt/***']
[2022-04-13 22:31:32,476] {subprocess.py:85} INFO - Output:
[2022-04-13 22:31:32,483] {subprocess.py:89} INFO - ***.cfg
[2022-04-13 22:31:32,486] {subprocess.py:89} INFO - dags
[2022-04-13 22:31:32,492] {subprocess.py:89} INFO - logs
[2022-04-13 22:31:32,493] {subprocess.py:89} INFO - output.csv
[2022-04-13 22:31:32,495] {subprocess.py:89} INFO - plugins
[2022-04-13 22:31:32,498] {subprocess.py:89} INFO - requirements.txt
[2022-04-13 22:31:32,506] {subprocess.py:89} INFO - scripts
[2022-04-13 22:31:32,508] {subprocess.py:89} INFO - webserver_config.py
[2022-04-13 22:31:32,509] {subprocess.py:93} INFO - Command exited with return code 0
[2022-04-13 22:31:32,703] {taskinstance.py:1277} INFO - Marking task as SUCCESS. dag_id=LocalIngestionDAG, task_id=ingest, execution_date=20211202T060049, start_date=20220413T223131, end_date=20220413T223132
[2022-04-13 22:31:32,883] {local_task_job.py:154} INFO - Task exited with return code 0
[2022-04-13 22:31:33,106] {local_task_job.py:264} INFO - 0 downstream tasks scheduled from follow-on schedule check
