[2022-04-16 18:17:38,429] {taskinstance.py:1032} INFO - Dependencies all met for <TaskInstance: data_ingestion_gcs_dag.download_dataset_task manual__2022-04-16T17:57:26.581187+00:00 [queued]>
[2022-04-16 18:17:38,461] {taskinstance.py:1032} INFO - Dependencies all met for <TaskInstance: data_ingestion_gcs_dag.download_dataset_task manual__2022-04-16T17:57:26.581187+00:00 [queued]>
[2022-04-16 18:17:38,461] {taskinstance.py:1238} INFO - 
--------------------------------------------------------------------------------
[2022-04-16 18:17:38,462] {taskinstance.py:1239} INFO - Starting attempt 2 of 2
[2022-04-16 18:17:38,463] {taskinstance.py:1240} INFO - 
--------------------------------------------------------------------------------
[2022-04-16 18:17:38,494] {taskinstance.py:1259} INFO - Executing <Task(BashOperator): download_dataset_task> on 2022-04-16 17:57:26.581187+00:00
[2022-04-16 18:17:38,501] {standard_task_runner.py:52} INFO - Started process 209 to run task
[2022-04-16 18:17:38,507] {standard_task_runner.py:76} INFO - Running: ['***', 'tasks', 'run', 'data_ingestion_gcs_dag', 'download_dataset_task', 'manual__2022-04-16T17:57:26.581187+00:00', '--job-id', '2181', '--raw', '--subdir', 'DAGS_FOLDER/data_ingestion_gcs_dag.py', '--cfg-path', '/tmp/tmpfmhmjd57', '--error-file', '/tmp/tmprg0jfntm']
[2022-04-16 18:17:38,509] {standard_task_runner.py:77} INFO - Job 2181: Subtask download_dataset_task
[2022-04-16 18:17:38,606] {logging_mixin.py:109} INFO - Running <TaskInstance: data_ingestion_gcs_dag.download_dataset_task manual__2022-04-16T17:57:26.581187+00:00 [running]> on host 3e228c3601a1
[2022-04-16 18:17:38,703] {taskinstance.py:1426} INFO - Exporting the following env vars:
AIRFLOW_CTX_DAG_OWNER=***
AIRFLOW_CTX_DAG_ID=data_ingestion_gcs_dag
AIRFLOW_CTX_TASK_ID=download_dataset_task
AIRFLOW_CTX_EXECUTION_DATE=2022-04-16T17:57:26.581187+00:00
AIRFLOW_CTX_DAG_RUN_ID=manual__2022-04-16T17:57:26.581187+00:00
[2022-04-16 18:17:38,704] {subprocess.py:62} INFO - Tmp dir root location: 
 /tmp
[2022-04-16 18:17:38,706] {subprocess.py:74} INFO - Running command: ['bash', '-c', 'curl -sSL https://s3.amazonaws.com/nyc-tlc/trip+data/yellow_tripdata_2021-01.csv > /opt/***/yellow_tripdata_2021-01.csv']
[2022-04-16 18:17:38,717] {subprocess.py:85} INFO - Output:
[2022-04-16 18:18:34,625] {subprocess.py:93} INFO - Command exited with return code 0
[2022-04-16 18:18:34,701] {taskinstance.py:1277} INFO - Marking task as SUCCESS. dag_id=data_ingestion_gcs_dag, task_id=download_dataset_task, execution_date=20220416T175726, start_date=20220416T181738, end_date=20220416T181834
[2022-04-16 18:18:34,768] {local_task_job.py:154} INFO - Task exited with return code 0
[2022-04-16 18:18:34,876] {local_task_job.py:264} INFO - 1 downstream tasks scheduled from follow-on schedule check
