[2022-04-13 21:21:42,299] {taskinstance.py:1032} INFO - Dependencies all met for <TaskInstance: LocalIngestionDAG.ingest scheduled__2021-05-02T06:00:04+00:00 [queued]>
[2022-04-13 21:21:42,337] {taskinstance.py:1032} INFO - Dependencies all met for <TaskInstance: LocalIngestionDAG.ingest scheduled__2021-05-02T06:00:04+00:00 [queued]>
[2022-04-13 21:21:42,338] {taskinstance.py:1238} INFO - 
--------------------------------------------------------------------------------
[2022-04-13 21:21:42,338] {taskinstance.py:1239} INFO - Starting attempt 1 of 1
[2022-04-13 21:21:42,341] {taskinstance.py:1240} INFO - 
--------------------------------------------------------------------------------
[2022-04-13 21:21:42,409] {taskinstance.py:1259} INFO - Executing <Task(BashOperator): ingest> on 2021-05-02 06:00:04+00:00
[2022-04-13 21:21:42,419] {standard_task_runner.py:52} INFO - Started process 2866 to run task
[2022-04-13 21:21:42,436] {standard_task_runner.py:76} INFO - Running: ['***', 'tasks', 'run', 'LocalIngestionDAG', 'ingest', 'scheduled__2021-05-02T06:00:04+00:00', '--job-id', '613', '--raw', '--subdir', 'DAGS_FOLDER/data_ingestion_local.py', '--cfg-path', '/tmp/tmpb1j79wsv', '--error-file', '/tmp/tmpkjrrzgv_']
[2022-04-13 21:21:42,442] {standard_task_runner.py:77} INFO - Job 613: Subtask ingest
[2022-04-13 21:21:42,670] {logging_mixin.py:109} INFO - Running <TaskInstance: LocalIngestionDAG.ingest scheduled__2021-05-02T06:00:04+00:00 [running]> on host 13db72185839
[2022-04-13 21:21:42,790] {taskinstance.py:1426} INFO - Exporting the following env vars:
AIRFLOW_CTX_DAG_OWNER=***
AIRFLOW_CTX_DAG_ID=LocalIngestionDAG
AIRFLOW_CTX_TASK_ID=ingest
AIRFLOW_CTX_EXECUTION_DATE=2021-05-02T06:00:04+00:00
AIRFLOW_CTX_DAG_RUN_ID=scheduled__2021-05-02T06:00:04+00:00
[2022-04-13 21:21:42,794] {subprocess.py:62} INFO - Tmp dir root location: 
 /tmp
[2022-04-13 21:21:42,795] {subprocess.py:74} INFO - Running command: ['bash', '-c', 'pwd']
[2022-04-13 21:21:42,814] {subprocess.py:85} INFO - Output:
[2022-04-13 21:21:42,822] {subprocess.py:89} INFO - /tmp/***tmplk6hq33j
[2022-04-13 21:21:42,824] {subprocess.py:93} INFO - Command exited with return code 0
[2022-04-13 21:21:42,891] {taskinstance.py:1277} INFO - Marking task as SUCCESS. dag_id=LocalIngestionDAG, task_id=ingest, execution_date=20210502T060004, start_date=20220413T212142, end_date=20220413T212142
[2022-04-13 21:21:42,949] {local_task_job.py:154} INFO - Task exited with return code 0
[2022-04-13 21:21:43,036] {local_task_job.py:264} INFO - 0 downstream tasks scheduled from follow-on schedule check
