[2022-04-13 21:23:12,650] {taskinstance.py:1032} INFO - Dependencies all met for <TaskInstance: LocalIngestionDAG.ingest scheduled__2021-06-02T06:00:30+00:00 [queued]>
[2022-04-13 21:23:12,703] {taskinstance.py:1032} INFO - Dependencies all met for <TaskInstance: LocalIngestionDAG.ingest scheduled__2021-06-02T06:00:30+00:00 [queued]>
[2022-04-13 21:23:12,705] {taskinstance.py:1238} INFO - 
--------------------------------------------------------------------------------
[2022-04-13 21:23:12,711] {taskinstance.py:1239} INFO - Starting attempt 1 of 1
[2022-04-13 21:23:12,718] {taskinstance.py:1240} INFO - 
--------------------------------------------------------------------------------
[2022-04-13 21:23:12,831] {taskinstance.py:1259} INFO - Executing <Task(BashOperator): ingest> on 2021-06-02 06:00:30+00:00
[2022-04-13 21:23:12,864] {standard_task_runner.py:52} INFO - Started process 3450 to run task
[2022-04-13 21:23:12,887] {standard_task_runner.py:76} INFO - Running: ['***', 'tasks', 'run', 'LocalIngestionDAG', 'ingest', 'scheduled__2021-06-02T06:00:30+00:00', '--job-id', '785', '--raw', '--subdir', 'DAGS_FOLDER/data_ingestion_local.py', '--cfg-path', '/tmp/tmpimelxw8m', '--error-file', '/tmp/tmpa9jatj1r']
[2022-04-13 21:23:12,903] {standard_task_runner.py:77} INFO - Job 785: Subtask ingest
[2022-04-13 21:23:13,218] {logging_mixin.py:109} INFO - Running <TaskInstance: LocalIngestionDAG.ingest scheduled__2021-06-02T06:00:30+00:00 [running]> on host 13db72185839
[2022-04-13 21:23:13,634] {taskinstance.py:1426} INFO - Exporting the following env vars:
AIRFLOW_CTX_DAG_OWNER=***
AIRFLOW_CTX_DAG_ID=LocalIngestionDAG
AIRFLOW_CTX_TASK_ID=ingest
AIRFLOW_CTX_EXECUTION_DATE=2021-06-02T06:00:30+00:00
AIRFLOW_CTX_DAG_RUN_ID=scheduled__2021-06-02T06:00:30+00:00
[2022-04-13 21:23:13,638] {subprocess.py:62} INFO - Tmp dir root location: 
 /tmp
[2022-04-13 21:23:13,642] {subprocess.py:74} INFO - Running command: ['bash', '-c', 'pwd']
[2022-04-13 21:23:13,671] {subprocess.py:85} INFO - Output:
[2022-04-13 21:23:13,677] {subprocess.py:89} INFO - /tmp/***tmp4srn6885
[2022-04-13 21:23:13,683] {subprocess.py:93} INFO - Command exited with return code 0
[2022-04-13 21:23:13,868] {taskinstance.py:1277} INFO - Marking task as SUCCESS. dag_id=LocalIngestionDAG, task_id=ingest, execution_date=20210602T060030, start_date=20220413T212312, end_date=20220413T212313
[2022-04-13 21:23:13,939] {local_task_job.py:154} INFO - Task exited with return code 0
[2022-04-13 21:23:14,025] {local_task_job.py:264} INFO - 0 downstream tasks scheduled from follow-on schedule check
