[2022-04-13 21:22:17,502] {taskinstance.py:1032} INFO - Dependencies all met for <TaskInstance: LocalIngestionDAG.ingest scheduled__2021-05-02T06:00:40+00:00 [queued]>
[2022-04-13 21:22:17,532] {taskinstance.py:1032} INFO - Dependencies all met for <TaskInstance: LocalIngestionDAG.ingest scheduled__2021-05-02T06:00:40+00:00 [queued]>
[2022-04-13 21:22:17,534] {taskinstance.py:1238} INFO - 
--------------------------------------------------------------------------------
[2022-04-13 21:22:17,534] {taskinstance.py:1239} INFO - Starting attempt 1 of 1
[2022-04-13 21:22:17,535] {taskinstance.py:1240} INFO - 
--------------------------------------------------------------------------------
[2022-04-13 21:22:17,576] {taskinstance.py:1259} INFO - Executing <Task(BashOperator): ingest> on 2021-05-02 06:00:40+00:00
[2022-04-13 21:22:17,581] {standard_task_runner.py:52} INFO - Started process 3103 to run task
[2022-04-13 21:22:17,588] {standard_task_runner.py:76} INFO - Running: ['***', 'tasks', 'run', 'LocalIngestionDAG', 'ingest', 'scheduled__2021-05-02T06:00:40+00:00', '--job-id', '682', '--raw', '--subdir', 'DAGS_FOLDER/data_ingestion_local.py', '--cfg-path', '/tmp/tmppmvt736l', '--error-file', '/tmp/tmpy7hgkwi5']
[2022-04-13 21:22:17,593] {standard_task_runner.py:77} INFO - Job 682: Subtask ingest
[2022-04-13 21:22:17,790] {logging_mixin.py:109} INFO - Running <TaskInstance: LocalIngestionDAG.ingest scheduled__2021-05-02T06:00:40+00:00 [running]> on host 13db72185839
[2022-04-13 21:22:17,927] {taskinstance.py:1426} INFO - Exporting the following env vars:
AIRFLOW_CTX_DAG_OWNER=***
AIRFLOW_CTX_DAG_ID=LocalIngestionDAG
AIRFLOW_CTX_TASK_ID=ingest
AIRFLOW_CTX_EXECUTION_DATE=2021-05-02T06:00:40+00:00
AIRFLOW_CTX_DAG_RUN_ID=scheduled__2021-05-02T06:00:40+00:00
[2022-04-13 21:22:17,931] {subprocess.py:62} INFO - Tmp dir root location: 
 /tmp
[2022-04-13 21:22:17,941] {subprocess.py:74} INFO - Running command: ['bash', '-c', 'pwd']
[2022-04-13 21:22:17,963] {subprocess.py:85} INFO - Output:
[2022-04-13 21:22:17,967] {subprocess.py:89} INFO - /tmp/***tmp96nl844t
[2022-04-13 21:22:17,968] {subprocess.py:93} INFO - Command exited with return code 0
[2022-04-13 21:22:18,034] {taskinstance.py:1277} INFO - Marking task as SUCCESS. dag_id=LocalIngestionDAG, task_id=ingest, execution_date=20210502T060040, start_date=20220413T212217, end_date=20220413T212218
[2022-04-13 21:22:18,090] {local_task_job.py:154} INFO - Task exited with return code 0
[2022-04-13 21:22:18,135] {local_task_job.py:264} INFO - 0 downstream tasks scheduled from follow-on schedule check
