[2022-04-13 21:25:42,944] {taskinstance.py:1032} INFO - Dependencies all met for <TaskInstance: LocalIngestionDAG.ingest scheduled__2021-08-02T06:00:56+00:00 [queued]>
[2022-04-13 21:25:42,977] {taskinstance.py:1032} INFO - Dependencies all met for <TaskInstance: LocalIngestionDAG.ingest scheduled__2021-08-02T06:00:56+00:00 [queued]>
[2022-04-13 21:25:42,979] {taskinstance.py:1238} INFO - 
--------------------------------------------------------------------------------
[2022-04-13 21:25:42,980] {taskinstance.py:1239} INFO - Starting attempt 1 of 1
[2022-04-13 21:25:42,981] {taskinstance.py:1240} INFO - 
--------------------------------------------------------------------------------
[2022-04-13 21:25:43,019] {taskinstance.py:1259} INFO - Executing <Task(BashOperator): ingest> on 2021-08-02 06:00:56+00:00
[2022-04-13 21:25:43,044] {standard_task_runner.py:52} INFO - Started process 4428 to run task
[2022-04-13 21:25:43,051] {standard_task_runner.py:76} INFO - Running: ['***', 'tasks', 'run', 'LocalIngestionDAG', 'ingest', 'scheduled__2021-08-02T06:00:56+00:00', '--job-id', '1074', '--raw', '--subdir', 'DAGS_FOLDER/data_ingestion_local.py', '--cfg-path', '/tmp/tmph11pa0ix', '--error-file', '/tmp/tmpx1gkqe9k']
[2022-04-13 21:25:43,055] {standard_task_runner.py:77} INFO - Job 1074: Subtask ingest
[2022-04-13 21:25:43,330] {logging_mixin.py:109} INFO - Running <TaskInstance: LocalIngestionDAG.ingest scheduled__2021-08-02T06:00:56+00:00 [running]> on host 13db72185839
[2022-04-13 21:25:43,527] {taskinstance.py:1426} INFO - Exporting the following env vars:
AIRFLOW_CTX_DAG_OWNER=***
AIRFLOW_CTX_DAG_ID=LocalIngestionDAG
AIRFLOW_CTX_TASK_ID=ingest
AIRFLOW_CTX_EXECUTION_DATE=2021-08-02T06:00:56+00:00
AIRFLOW_CTX_DAG_RUN_ID=scheduled__2021-08-02T06:00:56+00:00
[2022-04-13 21:25:43,530] {subprocess.py:62} INFO - Tmp dir root location: 
 /tmp
[2022-04-13 21:25:43,533] {subprocess.py:74} INFO - Running command: ['bash', '-c', 'pwd']
[2022-04-13 21:25:43,552] {subprocess.py:85} INFO - Output:
[2022-04-13 21:25:43,560] {subprocess.py:89} INFO - /tmp/***tmpn9uicihx
[2022-04-13 21:25:43,563] {subprocess.py:93} INFO - Command exited with return code 0
[2022-04-13 21:25:43,613] {taskinstance.py:1277} INFO - Marking task as SUCCESS. dag_id=LocalIngestionDAG, task_id=ingest, execution_date=20210802T060056, start_date=20220413T212542, end_date=20220413T212543
[2022-04-13 21:25:43,679] {local_task_job.py:154} INFO - Task exited with return code 0
[2022-04-13 21:25:43,733] {local_task_job.py:264} INFO - 0 downstream tasks scheduled from follow-on schedule check
