[2022-04-13 21:23:48,072] {taskinstance.py:1032} INFO - Dependencies all met for <TaskInstance: LocalIngestionDAG.ingest scheduled__2021-07-02T06:00:04+00:00 [queued]>
[2022-04-13 21:23:48,142] {taskinstance.py:1032} INFO - Dependencies all met for <TaskInstance: LocalIngestionDAG.ingest scheduled__2021-07-02T06:00:04+00:00 [queued]>
[2022-04-13 21:23:48,144] {taskinstance.py:1238} INFO - 
--------------------------------------------------------------------------------
[2022-04-13 21:23:48,145] {taskinstance.py:1239} INFO - Starting attempt 1 of 1
[2022-04-13 21:23:48,148] {taskinstance.py:1240} INFO - 
--------------------------------------------------------------------------------
[2022-04-13 21:23:48,252] {taskinstance.py:1259} INFO - Executing <Task(BashOperator): ingest> on 2021-07-02 06:00:04+00:00
[2022-04-13 21:23:48,270] {standard_task_runner.py:52} INFO - Started process 3690 to run task
[2022-04-13 21:23:48,281] {standard_task_runner.py:76} INFO - Running: ['***', 'tasks', 'run', 'LocalIngestionDAG', 'ingest', 'scheduled__2021-07-02T06:00:04+00:00', '--job-id', '853', '--raw', '--subdir', 'DAGS_FOLDER/data_ingestion_local.py', '--cfg-path', '/tmp/tmpskln6b75', '--error-file', '/tmp/tmpl9dmxb0f']
[2022-04-13 21:23:48,284] {standard_task_runner.py:77} INFO - Job 853: Subtask ingest
[2022-04-13 21:23:48,605] {logging_mixin.py:109} INFO - Running <TaskInstance: LocalIngestionDAG.ingest scheduled__2021-07-02T06:00:04+00:00 [running]> on host 13db72185839
[2022-04-13 21:23:48,884] {taskinstance.py:1426} INFO - Exporting the following env vars:
AIRFLOW_CTX_DAG_OWNER=***
AIRFLOW_CTX_DAG_ID=LocalIngestionDAG
AIRFLOW_CTX_TASK_ID=ingest
AIRFLOW_CTX_EXECUTION_DATE=2021-07-02T06:00:04+00:00
AIRFLOW_CTX_DAG_RUN_ID=scheduled__2021-07-02T06:00:04+00:00
[2022-04-13 21:23:48,887] {subprocess.py:62} INFO - Tmp dir root location: 
 /tmp
[2022-04-13 21:23:48,899] {subprocess.py:74} INFO - Running command: ['bash', '-c', 'pwd']
[2022-04-13 21:23:48,929] {subprocess.py:85} INFO - Output:
[2022-04-13 21:23:48,949] {subprocess.py:89} INFO - /tmp/***tmp6s641c3k
[2022-04-13 21:23:48,960] {subprocess.py:93} INFO - Command exited with return code 0
[2022-04-13 21:23:49,042] {taskinstance.py:1277} INFO - Marking task as SUCCESS. dag_id=LocalIngestionDAG, task_id=ingest, execution_date=20210702T060004, start_date=20220413T212348, end_date=20220413T212349
[2022-04-13 21:23:49,120] {local_task_job.py:154} INFO - Task exited with return code 0
[2022-04-13 21:23:49,229] {local_task_job.py:264} INFO - 0 downstream tasks scheduled from follow-on schedule check
