[2022-04-13 21:17:20,316] {taskinstance.py:1032} INFO - Dependencies all met for <TaskInstance: LocalIngestionDAG.ingest scheduled__2021-02-02T06:00:55+00:00 [queued]>
[2022-04-13 21:17:20,393] {taskinstance.py:1032} INFO - Dependencies all met for <TaskInstance: LocalIngestionDAG.ingest scheduled__2021-02-02T06:00:55+00:00 [queued]>
[2022-04-13 21:17:20,396] {taskinstance.py:1238} INFO - 
--------------------------------------------------------------------------------
[2022-04-13 21:17:20,397] {taskinstance.py:1239} INFO - Starting attempt 1 of 1
[2022-04-13 21:17:20,397] {taskinstance.py:1240} INFO - 
--------------------------------------------------------------------------------
[2022-04-13 21:17:20,442] {taskinstance.py:1259} INFO - Executing <Task(BashOperator): ingest> on 2021-02-02 06:00:55+00:00
[2022-04-13 21:17:20,456] {standard_task_runner.py:52} INFO - Started process 1868 to run task
[2022-04-13 21:17:20,469] {standard_task_runner.py:76} INFO - Running: ['***', 'tasks', 'run', 'LocalIngestionDAG', 'ingest', 'scheduled__2021-02-02T06:00:55+00:00', '--job-id', '356', '--raw', '--subdir', 'DAGS_FOLDER/data_ingestion_local.py', '--cfg-path', '/tmp/tmpf41rsh0k', '--error-file', '/tmp/tmp085jp2hs']
[2022-04-13 21:17:20,472] {standard_task_runner.py:77} INFO - Job 356: Subtask ingest
[2022-04-13 21:17:20,678] {logging_mixin.py:109} INFO - Running <TaskInstance: LocalIngestionDAG.ingest scheduled__2021-02-02T06:00:55+00:00 [running]> on host 13db72185839
[2022-04-13 21:17:20,806] {taskinstance.py:1426} INFO - Exporting the following env vars:
AIRFLOW_CTX_DAG_OWNER=***
AIRFLOW_CTX_DAG_ID=LocalIngestionDAG
AIRFLOW_CTX_TASK_ID=ingest
AIRFLOW_CTX_EXECUTION_DATE=2021-02-02T06:00:55+00:00
AIRFLOW_CTX_DAG_RUN_ID=scheduled__2021-02-02T06:00:55+00:00
[2022-04-13 21:17:20,808] {subprocess.py:62} INFO - Tmp dir root location: 
 /tmp
[2022-04-13 21:17:20,809] {subprocess.py:74} INFO - Running command: ['bash', '-c', 'pwd']
[2022-04-13 21:17:20,827] {subprocess.py:85} INFO - Output:
[2022-04-13 21:17:20,831] {subprocess.py:89} INFO - /tmp/***tmptvzs0min
[2022-04-13 21:17:20,832] {subprocess.py:93} INFO - Command exited with return code 0
[2022-04-13 21:17:20,950] {taskinstance.py:1277} INFO - Marking task as SUCCESS. dag_id=LocalIngestionDAG, task_id=ingest, execution_date=20210202T060055, start_date=20220413T211720, end_date=20220413T211720
[2022-04-13 21:17:20,991] {local_task_job.py:154} INFO - Task exited with return code 0
[2022-04-13 21:17:21,103] {local_task_job.py:264} INFO - 0 downstream tasks scheduled from follow-on schedule check
