[2022-04-13 22:33:28,999] {taskinstance.py:1032} INFO - Dependencies all met for <TaskInstance: LocalIngestionDAG.ingest scheduled__2022-02-02T06:00:17+00:00 [queued]>
[2022-04-13 22:33:29,061] {taskinstance.py:1032} INFO - Dependencies all met for <TaskInstance: LocalIngestionDAG.ingest scheduled__2022-02-02T06:00:17+00:00 [queued]>
[2022-04-13 22:33:29,061] {taskinstance.py:1238} INFO - 
--------------------------------------------------------------------------------
[2022-04-13 22:33:29,062] {taskinstance.py:1239} INFO - Starting attempt 1 of 1
[2022-04-13 22:33:29,063] {taskinstance.py:1240} INFO - 
--------------------------------------------------------------------------------
[2022-04-13 22:33:29,136] {taskinstance.py:1259} INFO - Executing <Task(BashOperator): ingest> on 2022-02-02 06:00:17+00:00
[2022-04-13 22:33:29,147] {standard_task_runner.py:52} INFO - Started process 10145 to run task
[2022-04-13 22:33:29,156] {standard_task_runner.py:76} INFO - Running: ['***', 'tasks', 'run', 'LocalIngestionDAG', 'ingest', 'scheduled__2022-02-02T06:00:17+00:00', '--job-id', '1690', '--raw', '--subdir', 'DAGS_FOLDER/data_ingestion_local.py', '--cfg-path', '/tmp/tmp5sjz7k2f', '--error-file', '/tmp/tmpy9rxwqxm']
[2022-04-13 22:33:29,158] {standard_task_runner.py:77} INFO - Job 1690: Subtask ingest
[2022-04-13 22:33:29,301] {logging_mixin.py:109} INFO - Running <TaskInstance: LocalIngestionDAG.ingest scheduled__2022-02-02T06:00:17+00:00 [running]> on host 13db72185839
[2022-04-13 22:33:29,479] {taskinstance.py:1426} INFO - Exporting the following env vars:
AIRFLOW_CTX_DAG_OWNER=***
AIRFLOW_CTX_DAG_ID=LocalIngestionDAG
AIRFLOW_CTX_TASK_ID=ingest
AIRFLOW_CTX_EXECUTION_DATE=2022-02-02T06:00:17+00:00
AIRFLOW_CTX_DAG_RUN_ID=scheduled__2022-02-02T06:00:17+00:00
[2022-04-13 22:33:29,484] {subprocess.py:62} INFO - Tmp dir root location: 
 /tmp
[2022-04-13 22:33:29,488] {subprocess.py:74} INFO - Running command: ['bash', '-c', 'ls /opt/***']
[2022-04-13 22:33:29,513] {subprocess.py:85} INFO - Output:
[2022-04-13 22:33:29,520] {subprocess.py:89} INFO - ***.cfg
[2022-04-13 22:33:29,521] {subprocess.py:89} INFO - dags
[2022-04-13 22:33:29,525] {subprocess.py:89} INFO - logs
[2022-04-13 22:33:29,525] {subprocess.py:89} INFO - output.csv
[2022-04-13 22:33:29,527] {subprocess.py:89} INFO - plugins
[2022-04-13 22:33:29,528] {subprocess.py:89} INFO - requirements.txt
[2022-04-13 22:33:29,530] {subprocess.py:89} INFO - scripts
[2022-04-13 22:33:29,533] {subprocess.py:89} INFO - webserver_config.py
[2022-04-13 22:33:29,534] {subprocess.py:93} INFO - Command exited with return code 0
[2022-04-13 22:33:29,617] {taskinstance.py:1277} INFO - Marking task as SUCCESS. dag_id=LocalIngestionDAG, task_id=ingest, execution_date=20220202T060017, start_date=20220413T223329, end_date=20220413T223329
[2022-04-13 22:33:29,693] {local_task_job.py:154} INFO - Task exited with return code 0
[2022-04-13 22:33:30,100] {local_task_job.py:264} INFO - 0 downstream tasks scheduled from follow-on schedule check
