[2022-04-13 21:26:55,197] {taskinstance.py:1032} INFO - Dependencies all met for <TaskInstance: LocalIngestionDAG.ingest scheduled__2021-09-02T06:00:55+00:00 [queued]>
[2022-04-13 21:26:55,244] {taskinstance.py:1032} INFO - Dependencies all met for <TaskInstance: LocalIngestionDAG.ingest scheduled__2021-09-02T06:00:55+00:00 [queued]>
[2022-04-13 21:26:55,249] {taskinstance.py:1238} INFO - 
--------------------------------------------------------------------------------
[2022-04-13 21:26:55,253] {taskinstance.py:1239} INFO - Starting attempt 1 of 1
[2022-04-13 21:26:55,256] {taskinstance.py:1240} INFO - 
--------------------------------------------------------------------------------
[2022-04-13 21:26:55,347] {taskinstance.py:1259} INFO - Executing <Task(BashOperator): ingest> on 2021-09-02 06:00:55+00:00
[2022-04-13 21:26:55,366] {standard_task_runner.py:52} INFO - Started process 4856 to run task
[2022-04-13 21:26:55,381] {standard_task_runner.py:76} INFO - Running: ['***', 'tasks', 'run', 'LocalIngestionDAG', 'ingest', 'scheduled__2021-09-02T06:00:55+00:00', '--job-id', '1196', '--raw', '--subdir', 'DAGS_FOLDER/data_ingestion_local.py', '--cfg-path', '/tmp/tmp81e4r49g', '--error-file', '/tmp/tmp6gd1yp_8']
[2022-04-13 21:26:55,385] {standard_task_runner.py:77} INFO - Job 1196: Subtask ingest
[2022-04-13 21:26:55,673] {logging_mixin.py:109} INFO - Running <TaskInstance: LocalIngestionDAG.ingest scheduled__2021-09-02T06:00:55+00:00 [running]> on host 13db72185839
[2022-04-13 21:26:55,961] {taskinstance.py:1426} INFO - Exporting the following env vars:
AIRFLOW_CTX_DAG_OWNER=***
AIRFLOW_CTX_DAG_ID=LocalIngestionDAG
AIRFLOW_CTX_TASK_ID=ingest
AIRFLOW_CTX_EXECUTION_DATE=2021-09-02T06:00:55+00:00
AIRFLOW_CTX_DAG_RUN_ID=scheduled__2021-09-02T06:00:55+00:00
[2022-04-13 21:26:55,966] {subprocess.py:62} INFO - Tmp dir root location: 
 /tmp
[2022-04-13 21:26:55,970] {subprocess.py:74} INFO - Running command: ['bash', '-c', 'pwd']
[2022-04-13 21:26:55,997] {subprocess.py:85} INFO - Output:
[2022-04-13 21:26:56,008] {subprocess.py:89} INFO - /tmp/***tmpumn_jvt5
[2022-04-13 21:26:56,013] {subprocess.py:93} INFO - Command exited with return code 0
[2022-04-13 21:26:56,192] {taskinstance.py:1277} INFO - Marking task as SUCCESS. dag_id=LocalIngestionDAG, task_id=ingest, execution_date=20210902T060055, start_date=20220413T212655, end_date=20220413T212656
[2022-04-13 21:26:56,330] {local_task_job.py:154} INFO - Task exited with return code 0
[2022-04-13 21:26:56,754] {local_task_job.py:264} INFO - 0 downstream tasks scheduled from follow-on schedule check
