[2022-04-13 21:28:09,522] {taskinstance.py:1032} INFO - Dependencies all met for <TaskInstance: LocalIngestionDAG.ingest scheduled__2021-10-02T06:00:48+00:00 [queued]>
[2022-04-13 21:28:09,615] {taskinstance.py:1032} INFO - Dependencies all met for <TaskInstance: LocalIngestionDAG.ingest scheduled__2021-10-02T06:00:48+00:00 [queued]>
[2022-04-13 21:28:09,616] {taskinstance.py:1238} INFO - 
--------------------------------------------------------------------------------
[2022-04-13 21:28:09,618] {taskinstance.py:1239} INFO - Starting attempt 1 of 1
[2022-04-13 21:28:09,618] {taskinstance.py:1240} INFO - 
--------------------------------------------------------------------------------
[2022-04-13 21:28:09,681] {taskinstance.py:1259} INFO - Executing <Task(BashOperator): ingest> on 2021-10-02 06:00:48+00:00
[2022-04-13 21:28:09,686] {standard_task_runner.py:52} INFO - Started process 5217 to run task
[2022-04-13 21:28:09,696] {standard_task_runner.py:76} INFO - Running: ['***', 'tasks', 'run', 'LocalIngestionDAG', 'ingest', 'scheduled__2021-10-02T06:00:48+00:00', '--job-id', '1300', '--raw', '--subdir', 'DAGS_FOLDER/data_ingestion_local.py', '--cfg-path', '/tmp/tmp2pd_mvqj', '--error-file', '/tmp/tmpqm25_s46']
[2022-04-13 21:28:09,700] {standard_task_runner.py:77} INFO - Job 1300: Subtask ingest
[2022-04-13 21:28:09,896] {logging_mixin.py:109} INFO - Running <TaskInstance: LocalIngestionDAG.ingest scheduled__2021-10-02T06:00:48+00:00 [running]> on host 13db72185839
[2022-04-13 21:28:10,066] {taskinstance.py:1426} INFO - Exporting the following env vars:
AIRFLOW_CTX_DAG_OWNER=***
AIRFLOW_CTX_DAG_ID=LocalIngestionDAG
AIRFLOW_CTX_TASK_ID=ingest
AIRFLOW_CTX_EXECUTION_DATE=2021-10-02T06:00:48+00:00
AIRFLOW_CTX_DAG_RUN_ID=scheduled__2021-10-02T06:00:48+00:00
[2022-04-13 21:28:10,068] {subprocess.py:62} INFO - Tmp dir root location: 
 /tmp
[2022-04-13 21:28:10,070] {subprocess.py:74} INFO - Running command: ['bash', '-c', 'pwd']
[2022-04-13 21:28:10,084] {subprocess.py:85} INFO - Output:
[2022-04-13 21:28:10,087] {subprocess.py:89} INFO - /tmp/***tmp9hk749f6
[2022-04-13 21:28:10,088] {subprocess.py:93} INFO - Command exited with return code 0
[2022-04-13 21:28:10,157] {taskinstance.py:1277} INFO - Marking task as SUCCESS. dag_id=LocalIngestionDAG, task_id=ingest, execution_date=20211002T060048, start_date=20220413T212809, end_date=20220413T212810
[2022-04-13 21:28:10,277] {local_task_job.py:154} INFO - Task exited with return code 0
[2022-04-13 21:28:10,334] {local_task_job.py:264} INFO - 0 downstream tasks scheduled from follow-on schedule check
