[2022-04-13 21:22:37,342] {taskinstance.py:1032} INFO - Dependencies all met for <TaskInstance: LocalIngestionDAG.wget scheduled__2021-06-02T06:00:01+00:00 [queued]>
[2022-04-13 21:22:37,368] {taskinstance.py:1032} INFO - Dependencies all met for <TaskInstance: LocalIngestionDAG.wget scheduled__2021-06-02T06:00:01+00:00 [queued]>
[2022-04-13 21:22:37,369] {taskinstance.py:1238} INFO - 
--------------------------------------------------------------------------------
[2022-04-13 21:22:37,371] {taskinstance.py:1239} INFO - Starting attempt 1 of 1
[2022-04-13 21:22:37,374] {taskinstance.py:1240} INFO - 
--------------------------------------------------------------------------------
[2022-04-13 21:22:37,449] {taskinstance.py:1259} INFO - Executing <Task(BashOperator): wget> on 2021-06-02 06:00:01+00:00
[2022-04-13 21:22:37,459] {standard_task_runner.py:52} INFO - Started process 3229 to run task
[2022-04-13 21:22:37,470] {standard_task_runner.py:76} INFO - Running: ['***', 'tasks', 'run', 'LocalIngestionDAG', 'wget', 'scheduled__2021-06-02T06:00:01+00:00', '--job-id', '720', '--raw', '--subdir', 'DAGS_FOLDER/data_ingestion_local.py', '--cfg-path', '/tmp/tmppks20cig', '--error-file', '/tmp/tmp0dk8xcjd']
[2022-04-13 21:22:37,474] {standard_task_runner.py:77} INFO - Job 720: Subtask wget
[2022-04-13 21:22:37,618] {logging_mixin.py:109} INFO - Running <TaskInstance: LocalIngestionDAG.wget scheduled__2021-06-02T06:00:01+00:00 [running]> on host 13db72185839
[2022-04-13 21:22:37,767] {taskinstance.py:1426} INFO - Exporting the following env vars:
AIRFLOW_CTX_DAG_OWNER=***
AIRFLOW_CTX_DAG_ID=LocalIngestionDAG
AIRFLOW_CTX_TASK_ID=wget
AIRFLOW_CTX_EXECUTION_DATE=2021-06-02T06:00:01+00:00
AIRFLOW_CTX_DAG_RUN_ID=scheduled__2021-06-02T06:00:01+00:00
[2022-04-13 21:22:37,773] {subprocess.py:62} INFO - Tmp dir root location: 
 /tmp
[2022-04-13 21:22:37,775] {subprocess.py:74} INFO - Running command: ['bash', '-c', 'echo "hello world"']
[2022-04-13 21:22:37,793] {subprocess.py:85} INFO - Output:
[2022-04-13 21:22:37,794] {subprocess.py:89} INFO - hello world
[2022-04-13 21:22:37,797] {subprocess.py:93} INFO - Command exited with return code 0
[2022-04-13 21:22:37,852] {taskinstance.py:1277} INFO - Marking task as SUCCESS. dag_id=LocalIngestionDAG, task_id=wget, execution_date=20210602T060001, start_date=20220413T212237, end_date=20220413T212237
[2022-04-13 21:22:37,897] {local_task_job.py:154} INFO - Task exited with return code 0
[2022-04-13 21:22:37,976] {local_task_job.py:264} INFO - 1 downstream tasks scheduled from follow-on schedule check
