[2022-04-13 21:24:26,571] {taskinstance.py:1032} INFO - Dependencies all met for <TaskInstance: LocalIngestionDAG.wget scheduled__2021-07-02T06:00:45+00:00 [queued]>
[2022-04-13 21:24:26,619] {taskinstance.py:1032} INFO - Dependencies all met for <TaskInstance: LocalIngestionDAG.wget scheduled__2021-07-02T06:00:45+00:00 [queued]>
[2022-04-13 21:24:26,620] {taskinstance.py:1238} INFO - 
--------------------------------------------------------------------------------
[2022-04-13 21:24:26,621] {taskinstance.py:1239} INFO - Starting attempt 1 of 1
[2022-04-13 21:24:26,629] {taskinstance.py:1240} INFO - 
--------------------------------------------------------------------------------
[2022-04-13 21:24:26,704] {taskinstance.py:1259} INFO - Executing <Task(BashOperator): wget> on 2021-07-02 06:00:45+00:00
[2022-04-13 21:24:26,728] {standard_task_runner.py:52} INFO - Started process 3937 to run task
[2022-04-13 21:24:26,735] {standard_task_runner.py:76} INFO - Running: ['***', 'tasks', 'run', 'LocalIngestionDAG', 'wget', 'scheduled__2021-07-02T06:00:45+00:00', '--job-id', '928', '--raw', '--subdir', 'DAGS_FOLDER/data_ingestion_local.py', '--cfg-path', '/tmp/tmp60owd4cz', '--error-file', '/tmp/tmp7a5m8u7z']
[2022-04-13 21:24:26,753] {standard_task_runner.py:77} INFO - Job 928: Subtask wget
[2022-04-13 21:24:27,004] {logging_mixin.py:109} INFO - Running <TaskInstance: LocalIngestionDAG.wget scheduled__2021-07-02T06:00:45+00:00 [running]> on host 13db72185839
[2022-04-13 21:24:27,330] {taskinstance.py:1426} INFO - Exporting the following env vars:
AIRFLOW_CTX_DAG_OWNER=***
AIRFLOW_CTX_DAG_ID=LocalIngestionDAG
AIRFLOW_CTX_TASK_ID=wget
AIRFLOW_CTX_EXECUTION_DATE=2021-07-02T06:00:45+00:00
AIRFLOW_CTX_DAG_RUN_ID=scheduled__2021-07-02T06:00:45+00:00
[2022-04-13 21:24:27,335] {subprocess.py:62} INFO - Tmp dir root location: 
 /tmp
[2022-04-13 21:24:27,337] {subprocess.py:74} INFO - Running command: ['bash', '-c', 'echo "hello world"']
[2022-04-13 21:24:27,369] {subprocess.py:85} INFO - Output:
[2022-04-13 21:24:27,376] {subprocess.py:89} INFO - hello world
[2022-04-13 21:24:27,382] {subprocess.py:93} INFO - Command exited with return code 0
[2022-04-13 21:24:27,856] {taskinstance.py:1277} INFO - Marking task as SUCCESS. dag_id=LocalIngestionDAG, task_id=wget, execution_date=20210702T060045, start_date=20220413T212426, end_date=20220413T212427
[2022-04-13 21:24:27,926] {local_task_job.py:154} INFO - Task exited with return code 0
[2022-04-13 21:24:28,100] {local_task_job.py:264} INFO - 1 downstream tasks scheduled from follow-on schedule check
