[2022-04-13 21:17:54,136] {taskinstance.py:1032} INFO - Dependencies all met for <TaskInstance: LocalIngestionDAG.wget scheduled__2021-03-02T06:00:40+00:00 [queued]>
[2022-04-13 21:17:54,180] {taskinstance.py:1032} INFO - Dependencies all met for <TaskInstance: LocalIngestionDAG.wget scheduled__2021-03-02T06:00:40+00:00 [queued]>
[2022-04-13 21:17:54,186] {taskinstance.py:1238} INFO - 
--------------------------------------------------------------------------------
[2022-04-13 21:17:54,197] {taskinstance.py:1239} INFO - Starting attempt 1 of 1
[2022-04-13 21:17:54,198] {taskinstance.py:1240} INFO - 
--------------------------------------------------------------------------------
[2022-04-13 21:17:54,283] {taskinstance.py:1259} INFO - Executing <Task(BashOperator): wget> on 2021-03-02 06:00:40+00:00
[2022-04-13 21:17:54,309] {standard_task_runner.py:52} INFO - Started process 2135 to run task
[2022-04-13 21:17:54,334] {standard_task_runner.py:76} INFO - Running: ['***', 'tasks', 'run', 'LocalIngestionDAG', 'wget', 'scheduled__2021-03-02T06:00:40+00:00', '--job-id', '437', '--raw', '--subdir', 'DAGS_FOLDER/data_ingestion_local.py', '--cfg-path', '/tmp/tmpntkjidkj', '--error-file', '/tmp/tmp0ebv_icb']
[2022-04-13 21:17:54,338] {standard_task_runner.py:77} INFO - Job 437: Subtask wget
[2022-04-13 21:17:54,664] {logging_mixin.py:109} INFO - Running <TaskInstance: LocalIngestionDAG.wget scheduled__2021-03-02T06:00:40+00:00 [running]> on host 13db72185839
[2022-04-13 21:17:54,943] {taskinstance.py:1426} INFO - Exporting the following env vars:
AIRFLOW_CTX_DAG_OWNER=***
AIRFLOW_CTX_DAG_ID=LocalIngestionDAG
AIRFLOW_CTX_TASK_ID=wget
AIRFLOW_CTX_EXECUTION_DATE=2021-03-02T06:00:40+00:00
AIRFLOW_CTX_DAG_RUN_ID=scheduled__2021-03-02T06:00:40+00:00
[2022-04-13 21:17:54,946] {subprocess.py:62} INFO - Tmp dir root location: 
 /tmp
[2022-04-13 21:17:54,947] {subprocess.py:74} INFO - Running command: ['bash', '-c', 'echo "hello world"']
[2022-04-13 21:17:54,964] {subprocess.py:85} INFO - Output:
[2022-04-13 21:17:54,969] {subprocess.py:89} INFO - hello world
[2022-04-13 21:17:54,970] {subprocess.py:93} INFO - Command exited with return code 0
[2022-04-13 21:17:55,043] {taskinstance.py:1277} INFO - Marking task as SUCCESS. dag_id=LocalIngestionDAG, task_id=wget, execution_date=20210302T060040, start_date=20220413T211754, end_date=20220413T211755
[2022-04-13 21:17:55,143] {local_task_job.py:154} INFO - Task exited with return code 0
[2022-04-13 21:17:55,267] {local_task_job.py:264} INFO - 1 downstream tasks scheduled from follow-on schedule check
