[2022-04-13 21:26:18,873] {taskinstance.py:1032} INFO - Dependencies all met for <TaskInstance: LocalIngestionDAG.ingest scheduled__2021-09-02T06:00:25+00:00 [queued]>
[2022-04-13 21:26:18,900] {taskinstance.py:1032} INFO - Dependencies all met for <TaskInstance: LocalIngestionDAG.ingest scheduled__2021-09-02T06:00:25+00:00 [queued]>
[2022-04-13 21:26:18,902] {taskinstance.py:1238} INFO - 
--------------------------------------------------------------------------------
[2022-04-13 21:26:18,903] {taskinstance.py:1239} INFO - Starting attempt 1 of 1
[2022-04-13 21:26:18,904] {taskinstance.py:1240} INFO - 
--------------------------------------------------------------------------------
[2022-04-13 21:26:18,951] {taskinstance.py:1259} INFO - Executing <Task(BashOperator): ingest> on 2021-09-02 06:00:25+00:00
[2022-04-13 21:26:18,957] {standard_task_runner.py:52} INFO - Started process 4641 to run task
[2022-04-13 21:26:18,965] {standard_task_runner.py:76} INFO - Running: ['***', 'tasks', 'run', 'LocalIngestionDAG', 'ingest', 'scheduled__2021-09-02T06:00:25+00:00', '--job-id', '1134', '--raw', '--subdir', 'DAGS_FOLDER/data_ingestion_local.py', '--cfg-path', '/tmp/tmpm6fqrsf1', '--error-file', '/tmp/tmpatbk5ww9']
[2022-04-13 21:26:18,968] {standard_task_runner.py:77} INFO - Job 1134: Subtask ingest
[2022-04-13 21:26:19,096] {logging_mixin.py:109} INFO - Running <TaskInstance: LocalIngestionDAG.ingest scheduled__2021-09-02T06:00:25+00:00 [running]> on host 13db72185839
[2022-04-13 21:26:19,301] {taskinstance.py:1426} INFO - Exporting the following env vars:
AIRFLOW_CTX_DAG_OWNER=***
AIRFLOW_CTX_DAG_ID=LocalIngestionDAG
AIRFLOW_CTX_TASK_ID=ingest
AIRFLOW_CTX_EXECUTION_DATE=2021-09-02T06:00:25+00:00
AIRFLOW_CTX_DAG_RUN_ID=scheduled__2021-09-02T06:00:25+00:00
[2022-04-13 21:26:19,303] {subprocess.py:62} INFO - Tmp dir root location: 
 /tmp
[2022-04-13 21:26:19,305] {subprocess.py:74} INFO - Running command: ['bash', '-c', 'pwd']
[2022-04-13 21:26:19,324] {subprocess.py:85} INFO - Output:
[2022-04-13 21:26:19,331] {subprocess.py:89} INFO - /tmp/***tmprv581y8l
[2022-04-13 21:26:19,332] {subprocess.py:93} INFO - Command exited with return code 0
[2022-04-13 21:26:19,448] {taskinstance.py:1277} INFO - Marking task as SUCCESS. dag_id=LocalIngestionDAG, task_id=ingest, execution_date=20210902T060025, start_date=20220413T212618, end_date=20220413T212619
[2022-04-13 21:26:19,504] {local_task_job.py:154} INFO - Task exited with return code 0
[2022-04-13 21:26:19,566] {local_task_job.py:264} INFO - 0 downstream tasks scheduled from follow-on schedule check
